============================================================
Time  2023/05/06 20:10:53 756 
============================================================
[2023/05/06 20:10:53 756] tts        676  SYS_MSG_REGCB param0 =  msp_status_cb  param1 =  func(7c014a30) 
[2023/05/06 20:10:53 759] config     43   use general cloud  
[2023/05/06 20:10:53 764] tts_cloud  1417 SYS_MSG_REGCB_CLOUD param0 =   msp_status_cb  param1 =  func(7c014a30) 
[2023/05/06 20:10:53 765] tts        647  TTS_MSG_SSB  
[2023/05/06 20:10:53 765] tts        375  params =  engine_type = local,voice_name=xiaoyan, text_encoding = UTF8, tts_res_path = fo|res/tts/xiaoyan.jet;fo|res/tts/common.jet, sample_rate = 16000, speed = 80, volume = 50, pitch = 50, rdn = 2  
[2023/05/06 20:10:53 765] tts        412  ssb|use local  
[2023/05/06 20:10:53 765] tts        349  local_session_begin  
[2023/05/06 20:10:53 774] tts        654  TTS_MSG_SYN  0  
[2023/05/06 20:10:53 774] tts        451  synth|use local  
[2023/05/06 20:10:53 775] tts        657  TTS_MSG_GETAUDIO  0  
[2023/05/06 20:10:53 775] tts        485  get audio|use local  
[2023/05/06 20:10:53 775] tts        527  0  nil  1  
[2023/05/06 20:10:53 776] tts        657  TTS_MSG_GETAUDIO  0  
[2023/05/06 20:10:53 776] tts        485  get audio|use local  
[2023/05/06 20:10:53 776] tts        527  0  nil  1  
[2023/05/06 20:10:53 781] tts        657  TTS_MSG_GETAUDIO  0  
[2023/05/06 20:10:53 781] tts        485  get audio|use local  
[2023/05/06 20:10:53 781] tts        527  0  nil  1  
[2023/05/06 20:10:53 782] tts        657  TTS_MSG_GETAUDIO  0  
[2023/05/06 20:10:53 783] tts        485  get audio|use local  
[2023/05/06 20:10:53 783] tts        527  0  nil  1  
[2023/05/06 20:10:53 784] tts        657  TTS_MSG_GETAUDIO  0  
[2023/05/06 20:10:53 784] tts        485  get audio|use local  
[2023/05/06 20:10:53 784] tts        527  0  nil  1  
[2023/05/06 20:10:53 785] tts        657  TTS_MSG_GETAUDIO  0  
[2023/05/06 20:10:53 785] tts        485  get audio|use local  
[2023/05/06 20:10:53 785] tts        527  0  nil  1  
[2023/05/06 20:10:53 786] tts        657  TTS_MSG_GETAUDIO  0  
[2023/05/06 20:10:53 786] tts        485  get audio|use local  
[2023/05/06 20:10:53 786] tts        527  0  nil  1  
[2023/05/06 20:10:53 787] tts        657  TTS_MSG_GETAUDIO  0  
[2023/05/06 20:10:53 787] tts        485  get audio|use local  
[2023/05/06 20:10:53 787] tts        527  0  nil  1  
[2023/05/06 20:10:53 787] tts        657  TTS_MSG_GETAUDIO  0  
[2023/05/06 20:10:53 788] tts        485  get audio|use local  
[2023/05/06 20:10:53 788] tts        527  0  nil  1  
[2023/05/06 20:10:53 788] tts        657  TTS_MSG_GETAUDIO  0  
[2023/05/06 20:10:53 788] tts        485  get audio|use local  
[2023/05/06 20:10:53 788] tts        527  0  nil  1  
[2023/05/06 20:10:53 789] tts        657  TTS_MSG_GETAUDIO  0  
[2023/05/06 20:10:53 789] tts        485  get audio|use local  
[2023/05/06 20:10:53 789] tts        527  0  nil  1  
[2023/05/06 20:10:53 790] tts        657  TTS_MSG_GETAUDIO  0  
[2023/05/06 20:10:53 790] tts        485  get audio|use local  
[2023/05/06 20:10:53 790] tts        527  0  nil  1  
[2023/05/06 20:10:53 791] tts        657  TTS_MSG_GETAUDIO  0  
[2023/05/06 20:10:53 791] tts        485  get audio|use local  
[2023/05/06 20:10:53 791] tts        527  0  nil  1  
[2023/05/06 20:10:53 791] tts        657  TTS_MSG_GETAUDIO  0  
[2023/05/06 20:10:53 791] tts        485  get audio|use local  
[2023/05/06 20:10:53 792] tts        527  0  nil  1  
[2023/05/06 20:10:53 792] tts        657  TTS_MSG_GETAUDIO  0  
[2023/05/06 20:10:53 792] tts        485  get audio|use local  
[2023/05/06 20:10:53 792] tts        527  0  nil  1  
[2023/05/06 20:10:53 793] tts        657  TTS_MSG_GETAUDIO  0  
[2023/05/06 20:10:53 793] tts        485  get audio|use local  
[2023/05/06 20:10:53 793] tts        527  0  nil  1  
[2023/05/06 20:10:53 794] tts        657  TTS_MSG_GETAUDIO  0  
[2023/05/06 20:10:53 794] tts        485  get audio|use local  
[2023/05/06 20:10:53 794] tts        527  0  nil  1  
[2023/05/06 20:10:53 795] tts        657  TTS_MSG_GETAUDIO  0  
[2023/05/06 20:10:53 795] tts        485  get audio|use local  
[2023/05/06 20:10:53 795] tts        527  0  nil  1  
[2023/05/06 20:10:53 795] tts        657  TTS_MSG_GETAUDIO  0  
[2023/05/06 20:10:53 795] tts        485  get audio|use local  
[2023/05/06 20:10:53 795] tts        527  0  nil  1  
[2023/05/06 20:10:53 796] tts        657  TTS_MSG_GETAUDIO  0  
[2023/05/06 20:10:53 796] tts        485  get audio|use local  
[2023/05/06 20:10:53 796] tts        527  0  nil  1  
[2023/05/06 20:10:53 797] tts        657  TTS_MSG_GETAUDIO  0  
[2023/05/06 20:10:53 797] tts        485  get audio|use local  
[2023/05/06 20:10:53 797] tts        527  0  nil  1  
[2023/05/06 20:10:53 798] tts        657  TTS_MSG_GETAUDIO  0  
[2023/05/06 20:10:53 798] tts        485  get audio|use local  
[2023/05/06 20:10:53 798] tts        527  0  nil  1  
[2023/05/06 20:10:53 798] tts        657  TTS_MSG_GETAUDIO  0  
[2023/05/06 20:10:53 798] tts        485  get audio|use local  
[2023/05/06 20:10:53 799] tts        527  0  nil  1  
[2023/05/06 20:10:53 799] tts        657  TTS_MSG_GETAUDIO  0  
[2023/05/06 20:10:53 799] tts        485  get audio|use local  
[2023/05/06 20:10:53 799] tts        527  0  nil  1  
[2023/05/06 20:10:53 800] tts        657  TTS_MSG_GETAUDIO  0  
[2023/05/06 20:10:53 800] tts        485  get audio|use local  
[2023/05/06 20:10:53 800] tts        527  0  nil  1  
[2023/05/06 20:10:53 801] tts        657  TTS_MSG_GETAUDIO  0  
[2023/05/06 20:10:53 801] tts        485  get audio|use local  
[2023/05/06 20:10:53 801] tts        527  0  nil  1  
[2023/05/06 20:10:53 801] tts        657  TTS_MSG_GETAUDIO  0  
[2023/05/06 20:10:53 801] tts        485  get audio|use local  
[2023/05/06 20:10:53 802] tts        527  0  nil  1  
[2023/05/06 20:10:53 802] tts        657  TTS_MSG_GETAUDIO  0  
[2023/05/06 20:10:53 802] tts        485  get audio|use local  
[2023/05/06 20:10:53 802] tts        527  0  nil  1  
[2023/05/06 20:10:53 803] tts        657  TTS_MSG_GETAUDIO  0  
[2023/05/06 20:10:53 803] tts        485  get audio|use local  
[2023/05/06 20:10:53 803] tts        527  0  nil  1  
[2023/05/06 20:10:53 804] tts        657  TTS_MSG_GETAUDIO  0  
[2023/05/06 20:10:53 804] tts        485  get audio|use local  
[2023/05/06 20:10:53 804] tts        527  0  nil  1  
[2023/05/06 20:10:53 804] tts        657  TTS_MSG_GETAUDIO  0  
[2023/05/06 20:10:53 804] tts        485  get audio|use local  
[2023/05/06 20:10:53 805] tts        527  0  nil  1  
[2023/05/06 20:10:53 818] tts        657  TTS_MSG_GETAUDIO  0  
[2023/05/06 20:10:53 818] tts        485  get audio|use local  
[2023/05/06 20:10:53 818] tts        527  0  nil  1  
[2023/05/06 20:10:53 819] tts        657  TTS_MSG_GETAUDIO  0  
[2023/05/06 20:10:53 819] tts        485  get audio|use local  
[2023/05/06 20:10:53 819] tts        527  0  nil  1  
[2023/05/06 20:10:53 826] tts        657  TTS_MSG_GETAUDIO  0  
[2023/05/06 20:10:53 826] tts        485  get audio|use local  
[2023/05/06 20:10:53 826] tts        527  0  nil  1  
[2023/05/06 20:10:53 827] tts        657  TTS_MSG_GETAUDIO  0  
[2023/05/06 20:10:53 827] tts        485  get audio|use local  
[2023/05/06 20:10:53 827] tts        527  0  nil  1  
[2023/05/06 20:10:53 827] tts        657  TTS_MSG_GETAUDIO  0  
[2023/05/06 20:10:53 828] tts        485  get audio|use local  
[2023/05/06 20:10:53 828] tts        527  0  nil  1  
[2023/05/06 20:10:53 830] tts        657  TTS_MSG_GETAUDIO  0  
[2023/05/06 20:10:53 830] tts        485  get audio|use local  
[2023/05/06 20:10:53 830] tts        527  0  nil  1  
[2023/05/06 20:10:53 831] tts        657  TTS_MSG_GETAUDIO  0  
[2023/05/06 20:10:53 831] tts        485  get audio|use local  
[2023/05/06 20:10:53 831] tts        527  0  nil  1  
[2023/05/06 20:10:53 832] tts        657  TTS_MSG_GETAUDIO  0  
[2023/05/06 20:10:53 832] tts        485  get audio|use local  
[2023/05/06 20:10:53 832] tts        527  0  nil  1  
[2023/05/06 20:10:53 832] tts        657  TTS_MSG_GETAUDIO  0  
[2023/05/06 20:10:53 832] tts        485  get audio|use local  
[2023/05/06 20:10:53 833] tts        527  0  nil  1  
[2023/05/06 20:10:53 835] tts        657  TTS_MSG_GETAUDIO  0  
[2023/05/06 20:10:53 835] tts        485  get audio|use local  
[2023/05/06 20:10:53 835] tts        527  0  nil  1  
[2023/05/06 20:10:53 835] tts        657  TTS_MSG_GETAUDIO  0  
[2023/05/06 20:10:53 836] tts        485  get audio|use local  
[2023/05/06 20:10:53 836] tts        527  0  nil  1  
[2023/05/06 20:10:53 836] tts        657  TTS_MSG_GETAUDIO  0  
[2023/05/06 20:10:53 836] tts        485  get audio|use local  
[2023/05/06 20:10:53 837] tts        527  0  nil  1  
[2023/05/06 20:10:53 837] tts        657  TTS_MSG_GETAUDIO  0  
[2023/05/06 20:10:53 837] tts        485  get audio|use local  
[2023/05/06 20:10:53 837] tts        527  0  nil  1  
[2023/05/06 20:10:53 838] tts        657  TTS_MSG_GETAUDIO  0  
[2023/05/06 20:10:53 838] tts        485  get audio|use local  
[2023/05/06 20:10:53 838] tts        527  0  nil  1  
[2023/05/06 20:10:53 839] tts        657  TTS_MSG_GETAUDIO  0  
[2023/05/06 20:10:53 839] tts        485  get audio|use local  
[2023/05/06 20:10:53 839] tts        527  0  nil  1  
[2023/05/06 20:10:53 840] tts        657  TTS_MSG_GETAUDIO  0  
[2023/05/06 20:10:53 840] tts        485  get audio|use local  
[2023/05/06 20:10:53 840] tts        527  0  nil  1  
[2023/05/06 20:10:53 840] tts        657  TTS_MSG_GETAUDIO  0  
[2023/05/06 20:10:53 841] tts        485  get audio|use local  
[2023/05/06 20:10:53 841] tts        527  0  nil  1  
[2023/05/06 20:10:53 842] tts        657  TTS_MSG_GETAUDIO  0  
[2023/05/06 20:10:53 842] tts        485  get audio|use local  
[2023/05/06 20:10:53 842] tts        527  0  nil  1  
[2023/05/06 20:10:53 843] tts        657  TTS_MSG_GETAUDIO  0  
[2023/05/06 20:10:53 843] tts        485  get audio|use local  
[2023/05/06 20:10:53 843] tts        527  0  nil  1  
[2023/05/06 20:10:53 844] tts        657  TTS_MSG_GETAUDIO  0  
[2023/05/06 20:10:53 844] tts        485  get audio|use local  
[2023/05/06 20:10:53 844] tts        527  0  nil  1  
[2023/05/06 20:10:53 845] tts        657  TTS_MSG_GETAUDIO  0  
[2023/05/06 20:10:53 845] tts        485  get audio|use local  
[2023/05/06 20:10:53 845] tts        527  0  nil  1  
[2023/05/06 20:10:53 846] tts        657  TTS_MSG_GETAUDIO  0  
[2023/05/06 20:10:53 846] tts        485  get audio|use local  
[2023/05/06 20:10:53 846] tts        527  0  nil  1  
[2023/05/06 20:10:53 847] tts        657  TTS_MSG_GETAUDIO  0  
[2023/05/06 20:10:53 847] tts        485  get audio|use local  
[2023/05/06 20:10:53 847] tts        527  0  nil  1  
[2023/05/06 20:10:53 848] tts        657  TTS_MSG_GETAUDIO  0  
[2023/05/06 20:10:53 848] tts        485  get audio|use local  
[2023/05/06 20:10:53 848] tts        527  0  nil  1  
[2023/05/06 20:10:53 849] tts        657  TTS_MSG_GETAUDIO  0  
[2023/05/06 20:10:53 849] tts        485  get audio|use local  
[2023/05/06 20:10:53 850] tts        527  0  nil  1  
[2023/05/06 20:10:53 852] tts        657  TTS_MSG_GETAUDIO  0  
[2023/05/06 20:10:53 852] tts        485  get audio|use local  
[2023/05/06 20:10:53 853] tts        527  0  nil  1  
[2023/05/06 20:10:53 854] tts        657  TTS_MSG_GETAUDIO  0  
[2023/05/06 20:10:53 854] tts        485  get audio|use local  
[2023/05/06 20:10:53 854] tts        527  0  nil  1  
[2023/05/06 20:10:53 855] tts        657  TTS_MSG_GETAUDIO  0  
[2023/05/06 20:10:53 855] tts        485  get audio|use local  
[2023/05/06 20:10:53 855] tts        527  0  nil  1  
[2023/05/06 20:10:53 858] tts        657  TTS_MSG_GETAUDIO  0  
[2023/05/06 20:10:53 858] tts        485  get audio|use local  
[2023/05/06 20:10:53 858] tts        527  0  nil  1  
[2023/05/06 20:10:53 859] tts        657  TTS_MSG_GETAUDIO  0  
[2023/05/06 20:10:53 859] tts        485  get audio|use local  
[2023/05/06 20:10:53 859] tts        527  0  nil  1  
[2023/05/06 20:10:53 860] tts        657  TTS_MSG_GETAUDIO  0  
[2023/05/06 20:10:53 860] tts        485  get audio|use local  
[2023/05/06 20:10:53 860] tts        527  0  nil  1  
[2023/05/06 20:10:53 866] tts        657  TTS_MSG_GETAUDIO  0  
[2023/05/06 20:10:53 866] tts        485  get audio|use local  
[2023/05/06 20:10:53 866] tts        527  0  nil  1  
[2023/05/06 20:10:53 873] tts        657  TTS_MSG_GETAUDIO  0  
[2023/05/06 20:10:53 873] tts        485  get audio|use local  
[2023/05/06 20:10:53 873] tts        527  0  nil  1  
[2023/05/06 20:10:53 874] tts        657  TTS_MSG_GETAUDIO  0  
[2023/05/06 20:10:53 874] tts        485  get audio|use local  
[2023/05/06 20:10:53 874] tts        527  0  nil  1  
[2023/05/06 20:10:53 877] tts        657  TTS_MSG_GETAUDIO  0  
[2023/05/06 20:10:53 877] tts        485  get audio|use local  
[2023/05/06 20:10:53 877] tts        527  0  nil  1  
[2023/05/06 20:10:53 878] tts        657  TTS_MSG_GETAUDIO  0  
[2023/05/06 20:10:53 878] tts        485  get audio|use local  
[2023/05/06 20:10:53 879] tts        527  0  nil  1  
[2023/05/06 20:10:53 879] tts        657  TTS_MSG_GETAUDIO  0  
[2023/05/06 20:10:53 879] tts        485  get audio|use local  
[2023/05/06 20:10:53 880] tts        527  0  nil  1  
[2023/05/06 20:10:53 881] tts        657  TTS_MSG_GETAUDIO  0  
[2023/05/06 20:10:53 881] tts        485  get audio|use local  
[2023/05/06 20:10:53 881] tts        527  0  nil  1  
[2023/05/06 20:10:53 881] tts        657  TTS_MSG_GETAUDIO  0  
[2023/05/06 20:10:53 881] tts        485  get audio|use local  
[2023/05/06 20:10:53 882] tts        527  0  nil  1  
[2023/05/06 20:10:53 882] tts        657  TTS_MSG_GETAUDIO  0  
[2023/05/06 20:10:53 882] tts        485  get audio|use local  
[2023/05/06 20:10:53 882] tts        527  0  nil  1  
[2023/05/06 20:10:53 883] tts        657  TTS_MSG_GETAUDIO  0  
[2023/05/06 20:10:53 883] tts        485  get audio|use local  
[2023/05/06 20:10:53 883] tts        527  0  nil  1  
[2023/05/06 20:10:53 883] tts        657  TTS_MSG_GETAUDIO  0  
[2023/05/06 20:10:53 884] tts        485  get audio|use local  
[2023/05/06 20:10:53 884] tts        527  0  nil  1  
[2023/05/06 20:10:53 884] tts        657  TTS_MSG_GETAUDIO  0  
[2023/05/06 20:10:53 884] tts        485  get audio|use local  
[2023/05/06 20:10:53 884] tts        527  0  nil  1  
[2023/05/06 20:10:53 885] tts        657  TTS_MSG_GETAUDIO  0  
[2023/05/06 20:10:53 885] tts        485  get audio|use local  
[2023/05/06 20:10:53 885] tts        527  0  nil  1  
[2023/05/06 20:10:53 886] tts        657  TTS_MSG_GETAUDIO  0  
[2023/05/06 20:10:53 886] tts        485  get audio|use local  
[2023/05/06 20:10:53 886] tts        527  0  nil  1  
[2023/05/06 20:10:53 886] tts        657  TTS_MSG_GETAUDIO  0  
[2023/05/06 20:10:53 886] tts        485  get audio|use local  
[2023/05/06 20:10:53 887] tts        527  0  nil  1  
[2023/05/06 20:10:53 887] tts        657  TTS_MSG_GETAUDIO  0  
[2023/05/06 20:10:53 887] tts        485  get audio|use local  
[2023/05/06 20:10:53 887] tts        527  0  nil  1  
[2023/05/06 20:10:53 888] tts        657  TTS_MSG_GETAUDIO  0  
[2023/05/06 20:10:53 888] tts        485  get audio|use local  
[2023/05/06 20:10:53 888] tts        527  0  nil  1  
[2023/05/06 20:10:53 889] tts        657  TTS_MSG_GETAUDIO  0  
[2023/05/06 20:10:53 889] tts        485  get audio|use local  
[2023/05/06 20:10:53 889] tts        527  0  nil  1  
[2023/05/06 20:10:53 889] tts        657  TTS_MSG_GETAUDIO  0  
[2023/05/06 20:10:53 889] tts        485  get audio|use local  
[2023/05/06 20:10:53 889] tts        527  0  nil  1  
[2023/05/06 20:10:53 890] tts        657  TTS_MSG_GETAUDIO  0  
[2023/05/06 20:10:53 890] tts        485  get audio|use local  
[2023/05/06 20:10:53 890] tts        527  0  nil  1  
[2023/05/06 20:10:53 891] tts        657  TTS_MSG_GETAUDIO  0  
[2023/05/06 20:10:53 891] tts        485  get audio|use local  
[2023/05/06 20:10:53 891] tts        527  0  nil  1  
[2023/05/06 20:10:53 892] tts        657  TTS_MSG_GETAUDIO  0  
[2023/05/06 20:10:53 892] tts        485  get audio|use local  
[2023/05/06 20:10:53 892] tts        527  0  nil  1  
[2023/05/06 20:10:53 892] tts        657  TTS_MSG_GETAUDIO  0  
[2023/05/06 20:10:53 893] tts        485  get audio|use local  
[2023/05/06 20:10:53 893] tts        527  0  nil  1  
[2023/05/06 20:10:53 893] tts        657  TTS_MSG_GETAUDIO  0  
[2023/05/06 20:10:53 893] tts        485  get audio|use local  
[2023/05/06 20:10:53 893] tts        527  0  nil  1  
[2023/05/06 20:10:53 894] tts        657  TTS_MSG_GETAUDIO  0  
[2023/05/06 20:10:53 894] tts        485  get audio|use local  
[2023/05/06 20:10:53 894] tts        527  0  nil  1  
[2023/05/06 20:10:53 895] tts        657  TTS_MSG_GETAUDIO  0  
[2023/05/06 20:10:53 895] tts        485  get audio|use local  
[2023/05/06 20:10:53 895] tts        527  0  nil  1  
[2023/05/06 20:10:53 895] tts        657  TTS_MSG_GETAUDIO  0  
[2023/05/06 20:10:53 895] tts        485  get audio|use local  
[2023/05/06 20:10:53 896] tts        527  0  nil  1  
[2023/05/06 20:10:53 896] tts        657  TTS_MSG_GETAUDIO  0  
[2023/05/06 20:10:53 896] tts        485  get audio|use local  
[2023/05/06 20:10:53 896] tts        527  0  nil  1  
[2023/05/06 20:10:53 897] tts        657  TTS_MSG_GETAUDIO  0  
[2023/05/06 20:10:53 897] tts        485  get audio|use local  
[2023/05/06 20:10:53 897] tts        527  0  nil  1  
[2023/05/06 20:10:53 898] tts        657  TTS_MSG_GETAUDIO  0  
[2023/05/06 20:10:53 898] tts        485  get audio|use local  
[2023/05/06 20:10:53 898] tts        527  0  nil  1  
[2023/05/06 20:10:53 898] tts        657  TTS_MSG_GETAUDIO  0  
[2023/05/06 20:10:53 899] tts        485  get audio|use local  
[2023/05/06 20:10:53 899] tts        527  0  nil  1  
[2023/05/06 20:10:53 899] tts        657  TTS_MSG_GETAUDIO  0  
[2023/05/06 20:10:53 899] tts        485  get audio|use local  
[2023/05/06 20:10:53 899] tts        527  0  nil  1  
[2023/05/06 20:10:53 900] tts        657  TTS_MSG_GETAUDIO  0  
[2023/05/06 20:10:53 900] tts        485  get audio|use local  
[2023/05/06 20:10:53 900] tts        527  0  nil  1  
[2023/05/06 20:10:53 902] tts        657  TTS_MSG_GETAUDIO  0  
[2023/05/06 20:10:53 902] tts        485  get audio|use local  
[2023/05/06 20:10:53 902] tts        527  0  nil  1  
[2023/05/06 20:10:53 903] tts        657  TTS_MSG_GETAUDIO  0  
[2023/05/06 20:10:53 903] tts        485  get audio|use local  
[2023/05/06 20:10:53 903] tts        527  0  nil  1  
[2023/05/06 20:10:53 904] tts        299  TTS_LOCAL_CB_BEGIN  
[2023/05/06 20:10:53 905] tts        657  TTS_MSG_GETAUDIO  0  
[2023/05/06 20:10:53 905] tts        485  get audio|use local  
[2023/05/06 20:10:53 906] tts        498  local audiolen:  2024  ,ced:  3  
[2023/05/06 20:10:53 906] tts        527  0  udata(7c07ea78) 1  
[2023/05/06 20:10:53 906] tts        657  TTS_MSG_GETAUDIO  0  
[2023/05/06 20:10:53 907] tts        485  get audio|use local  
[2023/05/06 20:10:53 907] tts        527  0  nil  1  
[2023/05/06 20:10:53 914] tts        301  0  0  
[2023/05/06 20:10:53 914] tts        312  TTS_LOCAL_CB_END,  2  
[2023/05/06 20:10:53 914] tts        657  TTS_MSG_GETAUDIO  0  
[2023/05/06 20:10:53 915] tts        485  get audio|use local  
[2023/05/06 20:10:53 915] tts        498  local audiolen:  2016  ,ced:  3  
[2023/05/06 20:10:53 915] tts        527  0  udata(7c07d838) 1  
[2023/05/06 20:10:53 915] tts        657  TTS_MSG_GETAUDIO  0  
[2023/05/06 20:10:53 915] tts        485  get audio|use local  
[2023/05/06 20:10:53 915] tts        498  local audiolen:  2016  ,ced:  3  
[2023/05/06 20:10:53 916] tts        527  0  udata(7c07d888) 1  
[2023/05/06 20:10:53 916] tts        657  TTS_MSG_GETAUDIO  0  
[2023/05/06 20:10:53 916] tts        485  get audio|use local  
[2023/05/06 20:10:53 916] tts        498  local audiolen:  1974  ,ced:  3  
[2023/05/06 20:10:53 916] tts        527  0  udata(7c07d8d8) 1  
[2023/05/06 20:10:53 917] tts        657  TTS_MSG_GETAUDIO  0  
[2023/05/06 20:10:53 917] tts        485  get audio|use local  
[2023/05/06 20:10:53 917] tts        498  local audiolen:  2006  ,ced:  3  
[2023/05/06 20:10:53 917] tts        527  0  udata(7c07d928) 1  
[2023/05/06 20:10:53 918] tts        657  TTS_MSG_GETAUDIO  0  
[2023/05/06 20:10:53 918] tts        485  get audio|use local  
[2023/05/06 20:10:53 918] tts        498  local audiolen:  1958  ,ced:  3  
[2023/05/06 20:10:53 918] tts        527  0  udata(7c086e68) 1  
[2023/05/06 20:10:53 922] tts        657  TTS_MSG_GETAUDIO  0  
[2023/05/06 20:10:53 922] tts        485  get audio|use local  
[2023/05/06 20:10:53 922] tts        498  local audiolen:  2010  ,ced:  3  
[2023/05/06 20:10:53 922] tts        527  0  udata(7c086eb8) 1  
[2023/05/06 20:10:53 923] tts        657  TTS_MSG_GETAUDIO  0  
[2023/05/06 20:10:53 923] tts        485  get audio|use local  
[2023/05/06 20:10:53 923] tts        498  local audiolen:  1090  ,ced:  3  
[2023/05/06 20:10:53 923] tts        527  0  udata(7c07e6d8) 2  
[2023/05/06 20:10:53 924] tts        660  TTS_MSG_SSE  
[2023/05/06 20:10:53 925] tts        585  sse|use local  
[2023/05/06 20:10:53 926] tts        603  tts exit  
[2023/05/06 20:10:53 927] tts        667  SYS_MSG_UNLOAD  
