============================================================
Time  2023/03/19 19:47:49 646 
============================================================
[2023/03/19 19:47:49 647] tts        676  SYS_MSG_REGCB param0 =  msp_status_cb  param1 =  func(80014a30) 
[2023/03/19 19:47:49 650] config     43   use general cloud  
[2023/03/19 19:47:49 659] tts_cloud  1417 SYS_MSG_REGCB_CLOUD param0 =   msp_status_cb  param1 =  func(80014a30) 
[2023/03/19 19:47:49 660] tts        647  TTS_MSG_SSB  
[2023/03/19 19:47:49 660] tts        375  params =  engine_type = local,voice_name=xiaoyan, text_encoding = UTF8, tts_res_path = fo|res/tts/xiaoyan.jet;fo|res/tts/common.jet, sample_rate = 16000, speed = 50, volume = 50, pitch = 50, rdn = 2  
[2023/03/19 19:47:49 660] tts        412  ssb|use local  
[2023/03/19 19:47:49 660] tts        349  local_session_begin  
[2023/03/19 19:47:49 672] tts        654  TTS_MSG_SYN  0  
[2023/03/19 19:47:49 672] tts        451  synth|use local  
[2023/03/19 19:47:49 673] tts        657  TTS_MSG_GETAUDIO  0  
[2023/03/19 19:47:49 673] tts        485  get audio|use local  
[2023/03/19 19:47:49 674] tts        527  0  nil  1  
[2023/03/19 19:47:49 675] tts        657  TTS_MSG_GETAUDIO  0  
[2023/03/19 19:47:49 675] tts        485  get audio|use local  
[2023/03/19 19:47:49 675] tts        527  0  nil  1  
[2023/03/19 19:47:49 679] tts        657  TTS_MSG_GETAUDIO  0  
[2023/03/19 19:47:49 679] tts        485  get audio|use local  
[2023/03/19 19:47:49 679] tts        527  0  nil  1  
[2023/03/19 19:47:49 680] tts        657  TTS_MSG_GETAUDIO  0  
[2023/03/19 19:47:49 680] tts        485  get audio|use local  
[2023/03/19 19:47:49 680] tts        527  0  nil  1  
[2023/03/19 19:47:49 682] tts        657  TTS_MSG_GETAUDIO  0  
[2023/03/19 19:47:49 682] tts        485  get audio|use local  
[2023/03/19 19:47:49 682] tts        527  0  nil  1  
[2023/03/19 19:47:49 683] tts        657  TTS_MSG_GETAUDIO  0  
[2023/03/19 19:47:49 683] tts        485  get audio|use local  
[2023/03/19 19:47:49 683] tts        527  0  nil  1  
[2023/03/19 19:47:49 684] tts        657  TTS_MSG_GETAUDIO  0  
[2023/03/19 19:47:49 684] tts        485  get audio|use local  
[2023/03/19 19:47:49 685] tts        527  0  nil  1  
[2023/03/19 19:47:49 687] tts        657  TTS_MSG_GETAUDIO  0  
[2023/03/19 19:47:49 687] tts        485  get audio|use local  
[2023/03/19 19:47:49 687] tts        527  0  nil  1  
[2023/03/19 19:47:49 690] tts        657  TTS_MSG_GETAUDIO  0  
[2023/03/19 19:47:49 690] tts        485  get audio|use local  
[2023/03/19 19:47:49 690] tts        527  0  nil  1  
[2023/03/19 19:47:49 710] tts        657  TTS_MSG_GETAUDIO  0  
[2023/03/19 19:47:49 710] tts        485  get audio|use local  
[2023/03/19 19:47:49 710] tts        527  0  nil  1  
[2023/03/19 19:47:49 711] tts        657  TTS_MSG_GETAUDIO  0  
[2023/03/19 19:47:49 711] tts        485  get audio|use local  
[2023/03/19 19:47:49 711] tts        527  0  nil  1  
[2023/03/19 19:47:49 713] tts        657  TTS_MSG_GETAUDIO  0  
[2023/03/19 19:47:49 713] tts        485  get audio|use local  
[2023/03/19 19:47:49 713] tts        527  0  nil  1  
[2023/03/19 19:47:49 713] tts        657  TTS_MSG_GETAUDIO  0  
[2023/03/19 19:47:49 713] tts        485  get audio|use local  
[2023/03/19 19:47:49 714] tts        527  0  nil  1  
[2023/03/19 19:47:49 717] tts        657  TTS_MSG_GETAUDIO  0  
[2023/03/19 19:47:49 718] tts        485  get audio|use local  
[2023/03/19 19:47:49 719] tts        527  0  nil  1  
[2023/03/19 19:47:49 726] tts        657  TTS_MSG_GETAUDIO  0  
[2023/03/19 19:47:49 726] tts        485  get audio|use local  
[2023/03/19 19:47:49 726] tts        527  0  nil  1  
[2023/03/19 19:47:49 727] tts        657  TTS_MSG_GETAUDIO  0  
[2023/03/19 19:47:49 727] tts        485  get audio|use local  
[2023/03/19 19:47:49 727] tts        527  0  nil  1  
[2023/03/19 19:47:49 730] tts        657  TTS_MSG_GETAUDIO  0  
[2023/03/19 19:47:49 730] tts        485  get audio|use local  
[2023/03/19 19:47:49 731] tts        527  0  nil  1  
[2023/03/19 19:47:49 733] tts        657  TTS_MSG_GETAUDIO  0  
[2023/03/19 19:47:49 733] tts        485  get audio|use local  
[2023/03/19 19:47:49 733] tts        527  0  nil  1  
[2023/03/19 19:47:49 735] tts        657  TTS_MSG_GETAUDIO  0  
[2023/03/19 19:47:49 735] tts        485  get audio|use local  
[2023/03/19 19:47:49 735] tts        527  0  nil  1  
[2023/03/19 19:47:49 736] tts        657  TTS_MSG_GETAUDIO  0  
[2023/03/19 19:47:49 736] tts        485  get audio|use local  
[2023/03/19 19:47:49 736] tts        527  0  nil  1  
[2023/03/19 19:47:49 736] tts        657  TTS_MSG_GETAUDIO  0  
[2023/03/19 19:47:49 736] tts        485  get audio|use local  
[2023/03/19 19:47:49 736] tts        527  0  nil  1  
[2023/03/19 19:47:49 737] tts        657  TTS_MSG_GETAUDIO  0  
[2023/03/19 19:47:49 738] tts        485  get audio|use local  
[2023/03/19 19:47:49 738] tts        527  0  nil  1  
[2023/03/19 19:47:49 738] tts        657  TTS_MSG_GETAUDIO  0  
[2023/03/19 19:47:49 738] tts        485  get audio|use local  
[2023/03/19 19:47:49 738] tts        527  0  nil  1  
[2023/03/19 19:47:49 739] tts        657  TTS_MSG_GETAUDIO  0  
[2023/03/19 19:47:49 739] tts        485  get audio|use local  
[2023/03/19 19:47:49 739] tts        527  0  nil  1  
[2023/03/19 19:47:49 740] tts        657  TTS_MSG_GETAUDIO  0  
[2023/03/19 19:47:49 740] tts        485  get audio|use local  
[2023/03/19 19:47:49 740] tts        527  0  nil  1  
[2023/03/19 19:47:49 741] tts        657  TTS_MSG_GETAUDIO  0  
[2023/03/19 19:47:49 741] tts        485  get audio|use local  
[2023/03/19 19:47:49 741] tts        527  0  nil  1  
[2023/03/19 19:47:49 743] tts        657  TTS_MSG_GETAUDIO  0  
[2023/03/19 19:47:49 744] tts        485  get audio|use local  
[2023/03/19 19:47:49 744] tts        527  0  nil  1  
[2023/03/19 19:47:49 745] tts        657  TTS_MSG_GETAUDIO  0  
[2023/03/19 19:47:49 745] tts        485  get audio|use local  
[2023/03/19 19:47:49 745] tts        527  0  nil  1  
[2023/03/19 19:47:49 746] tts        657  TTS_MSG_GETAUDIO  0  
[2023/03/19 19:47:49 746] tts        485  get audio|use local  
[2023/03/19 19:47:49 746] tts        527  0  nil  1  
[2023/03/19 19:47:49 747] tts        657  TTS_MSG_GETAUDIO  0  
[2023/03/19 19:47:49 747] tts        485  get audio|use local  
[2023/03/19 19:47:49 748] tts        527  0  nil  1  
[2023/03/19 19:47:49 753] tts        657  TTS_MSG_GETAUDIO  0  
[2023/03/19 19:47:49 754] tts        485  get audio|use local  
[2023/03/19 19:47:49 754] tts        527  0  nil  1  
[2023/03/19 19:47:49 755] tts        657  TTS_MSG_GETAUDIO  0  
[2023/03/19 19:47:49 755] tts        485  get audio|use local  
[2023/03/19 19:47:49 755] tts        527  0  nil  1  
[2023/03/19 19:47:49 759] tts        657  TTS_MSG_GETAUDIO  0  
[2023/03/19 19:47:49 759] tts        485  get audio|use local  
[2023/03/19 19:47:49 759] tts        527  0  nil  1  
[2023/03/19 19:47:49 761] tts        657  TTS_MSG_GETAUDIO  0  
[2023/03/19 19:47:49 763] tts        485  get audio|use local  
[2023/03/19 19:47:49 763] tts        527  0  nil  1  
[2023/03/19 19:47:49 767] tts        657  TTS_MSG_GETAUDIO  0  
[2023/03/19 19:47:49 767] tts        485  get audio|use local  
[2023/03/19 19:47:49 767] tts        527  0  nil  1  
[2023/03/19 19:47:49 769] tts        657  TTS_MSG_GETAUDIO  0  
[2023/03/19 19:47:49 769] tts        485  get audio|use local  
[2023/03/19 19:47:49 769] tts        527  0  nil  1  
[2023/03/19 19:47:49 770] tts        657  TTS_MSG_GETAUDIO  0  
[2023/03/19 19:47:49 770] tts        485  get audio|use local  
[2023/03/19 19:47:49 770] tts        527  0  nil  1  
[2023/03/19 19:47:49 771] tts        657  TTS_MSG_GETAUDIO  0  
[2023/03/19 19:47:49 772] tts        485  get audio|use local  
[2023/03/19 19:47:49 772] tts        527  0  nil  1  
[2023/03/19 19:47:49 772] tts        657  TTS_MSG_GETAUDIO  0  
[2023/03/19 19:47:49 773] tts        485  get audio|use local  
[2023/03/19 19:47:49 773] tts        527  0  nil  1  
[2023/03/19 19:47:49 774] tts        657  TTS_MSG_GETAUDIO  0  
[2023/03/19 19:47:49 775] tts        485  get audio|use local  
[2023/03/19 19:47:49 775] tts        527  0  nil  1  
[2023/03/19 19:47:49 776] tts        657  TTS_MSG_GETAUDIO  0  
[2023/03/19 19:47:49 776] tts        485  get audio|use local  
[2023/03/19 19:47:49 776] tts        527  0  nil  1  
[2023/03/19 19:47:49 777] tts        657  TTS_MSG_GETAUDIO  0  
[2023/03/19 19:47:49 777] tts        485  get audio|use local  
[2023/03/19 19:47:49 777] tts        527  0  nil  1  
[2023/03/19 19:47:49 778] tts        657  TTS_MSG_GETAUDIO  0  
[2023/03/19 19:47:49 779] tts        485  get audio|use local  
[2023/03/19 19:47:49 779] tts        527  0  nil  1  
[2023/03/19 19:47:49 780] tts        657  TTS_MSG_GETAUDIO  0  
[2023/03/19 19:47:49 780] tts        485  get audio|use local  
[2023/03/19 19:47:49 780] tts        527  0  nil  1  
[2023/03/19 19:47:49 782] tts        657  TTS_MSG_GETAUDIO  0  
[2023/03/19 19:47:49 783] tts        485  get audio|use local  
[2023/03/19 19:47:49 783] tts        527  0  nil  1  
[2023/03/19 19:47:49 784] tts        657  TTS_MSG_GETAUDIO  0  
[2023/03/19 19:47:49 784] tts        485  get audio|use local  
[2023/03/19 19:47:49 784] tts        527  0  nil  1  
[2023/03/19 19:47:49 785] tts        657  TTS_MSG_GETAUDIO  0  
[2023/03/19 19:47:49 785] tts        485  get audio|use local  
[2023/03/19 19:47:49 785] tts        527  0  nil  1  
[2023/03/19 19:47:49 787] tts        657  TTS_MSG_GETAUDIO  0  
[2023/03/19 19:47:49 788] tts        485  get audio|use local  
[2023/03/19 19:47:49 788] tts        527  0  nil  1  
[2023/03/19 19:47:49 788] tts        299  TTS_LOCAL_CB_BEGIN  
[2023/03/19 19:47:49 788] tts        657  TTS_MSG_GETAUDIO  0  
[2023/03/19 19:47:49 789] tts        485  get audio|use local  
[2023/03/19 19:47:49 789] tts        527  0  nil  1  
[2023/03/19 19:47:49 790] tts        657  TTS_MSG_GETAUDIO  0  
[2023/03/19 19:47:49 790] tts        485  get audio|use local  
[2023/03/19 19:47:49 790] tts        527  0  nil  1  
[2023/03/19 19:47:49 791] tts        657  TTS_MSG_GETAUDIO  0  
[2023/03/19 19:47:49 791] tts        485  get audio|use local  
[2023/03/19 19:47:49 791] tts        527  0  nil  1  
[2023/03/19 19:47:49 792] tts        657  TTS_MSG_GETAUDIO  0  
[2023/03/19 19:47:49 792] tts        485  get audio|use local  
[2023/03/19 19:47:49 792] tts        527  0  nil  1  
[2023/03/19 19:47:49 793] tts        657  TTS_MSG_GETAUDIO  0  
[2023/03/19 19:47:49 793] tts        485  get audio|use local  
[2023/03/19 19:47:49 793] tts        527  0  nil  1  
[2023/03/19 19:47:49 794] tts        657  TTS_MSG_GETAUDIO  0  
[2023/03/19 19:47:49 794] tts        485  get audio|use local  
[2023/03/19 19:47:49 795] tts        527  0  nil  1  
[2023/03/19 19:47:49 795] tts        657  TTS_MSG_GETAUDIO  0  
[2023/03/19 19:47:49 795] tts        485  get audio|use local  
[2023/03/19 19:47:49 795] tts        527  0  nil  1  
[2023/03/19 19:47:49 796] tts        657  TTS_MSG_GETAUDIO  0  
[2023/03/19 19:47:49 796] tts        485  get audio|use local  
[2023/03/19 19:47:49 796] tts        527  0  nil  1  
[2023/03/19 19:47:49 798] tts        657  TTS_MSG_GETAUDIO  0  
[2023/03/19 19:47:49 798] tts        485  get audio|use local  
[2023/03/19 19:47:49 798] tts        527  0  nil  1  
[2023/03/19 19:47:49 799] tts        657  TTS_MSG_GETAUDIO  0  
[2023/03/19 19:47:49 799] tts        485  get audio|use local  
[2023/03/19 19:47:49 799] tts        527  0  nil  1  
[2023/03/19 19:47:49 800] tts        657  TTS_MSG_GETAUDIO  0  
[2023/03/19 19:47:49 800] tts        485  get audio|use local  
[2023/03/19 19:47:49 800] tts        527  0  nil  1  
[2023/03/19 19:47:49 801] tts        657  TTS_MSG_GETAUDIO  0  
[2023/03/19 19:47:49 801] tts        485  get audio|use local  
[2023/03/19 19:47:49 801] tts        527  0  nil  1  
[2023/03/19 19:47:49 802] tts        657  TTS_MSG_GETAUDIO  0  
[2023/03/19 19:47:49 802] tts        485  get audio|use local  
[2023/03/19 19:47:49 802] tts        527  0  nil  1  
[2023/03/19 19:47:49 803] tts        657  TTS_MSG_GETAUDIO  0  
[2023/03/19 19:47:49 803] tts        485  get audio|use local  
[2023/03/19 19:47:49 803] tts        527  0  nil  1  
[2023/03/19 19:47:49 804] tts        657  TTS_MSG_GETAUDIO  0  
[2023/03/19 19:47:49 804] tts        485  get audio|use local  
[2023/03/19 19:47:49 804] tts        527  0  nil  1  
[2023/03/19 19:47:49 805] tts        657  TTS_MSG_GETAUDIO  0  
[2023/03/19 19:47:49 805] tts        485  get audio|use local  
[2023/03/19 19:47:49 805] tts        527  0  nil  1  
[2023/03/19 19:47:49 806] tts        657  TTS_MSG_GETAUDIO  0  
[2023/03/19 19:47:49 806] tts        485  get audio|use local  
[2023/03/19 19:47:49 806] tts        527  0  nil  1  
[2023/03/19 19:47:49 806] tts        657  TTS_MSG_GETAUDIO  0  
[2023/03/19 19:47:49 807] tts        485  get audio|use local  
[2023/03/19 19:47:49 807] tts        527  0  nil  1  
[2023/03/19 19:47:49 808] tts        657  TTS_MSG_GETAUDIO  0  
[2023/03/19 19:47:49 808] tts        485  get audio|use local  
[2023/03/19 19:47:49 808] tts        527  0  nil  1  
[2023/03/19 19:47:49 808] tts        657  TTS_MSG_GETAUDIO  0  
[2023/03/19 19:47:49 809] tts        485  get audio|use local  
[2023/03/19 19:47:49 809] tts        527  0  nil  1  
[2023/03/19 19:47:49 809] tts        657  TTS_MSG_GETAUDIO  0  
[2023/03/19 19:47:49 809] tts        485  get audio|use local  
[2023/03/19 19:47:49 810] tts        527  0  nil  1  
[2023/03/19 19:47:49 810] tts        657  TTS_MSG_GETAUDIO  0  
[2023/03/19 19:47:49 811] tts        485  get audio|use local  
[2023/03/19 19:47:49 811] tts        527  0  nil  1  
[2023/03/19 19:47:49 811] tts        657  TTS_MSG_GETAUDIO  0  
[2023/03/19 19:47:49 812] tts        485  get audio|use local  
[2023/03/19 19:47:49 812] tts        527  0  nil  1  
[2023/03/19 19:47:49 813] tts        657  TTS_MSG_GETAUDIO  0  
[2023/03/19 19:47:49 813] tts        485  get audio|use local  
[2023/03/19 19:47:49 813] tts        527  0  nil  1  
[2023/03/19 19:47:49 814] tts        657  TTS_MSG_GETAUDIO  0  
[2023/03/19 19:47:49 814] tts        485  get audio|use local  
[2023/03/19 19:47:49 814] tts        527  0  nil  1  
[2023/03/19 19:47:49 814] tts        657  TTS_MSG_GETAUDIO  0  
[2023/03/19 19:47:49 814] tts        485  get audio|use local  
[2023/03/19 19:47:49 815] tts        527  0  nil  1  
[2023/03/19 19:47:49 815] tts        657  TTS_MSG_GETAUDIO  0  
[2023/03/19 19:47:49 815] tts        485  get audio|use local  
[2023/03/19 19:47:49 816] tts        527  0  nil  1  
[2023/03/19 19:47:49 816] tts        657  TTS_MSG_GETAUDIO  0  
[2023/03/19 19:47:49 816] tts        485  get audio|use local  
[2023/03/19 19:47:49 817] tts        527  0  nil  1  
[2023/03/19 19:47:49 817] tts        657  TTS_MSG_GETAUDIO  0  
[2023/03/19 19:47:49 818] tts        485  get audio|use local  
[2023/03/19 19:47:49 818] tts        527  0  nil  1  
[2023/03/19 19:47:49 818] tts        657  TTS_MSG_GETAUDIO  0  
[2023/03/19 19:47:49 818] tts        485  get audio|use local  
[2023/03/19 19:47:49 819] tts        527  0  nil  1  
[2023/03/19 19:47:49 819] tts        657  TTS_MSG_GETAUDIO  0  
[2023/03/19 19:47:49 820] tts        485  get audio|use local  
[2023/03/19 19:47:49 820] tts        527  0  nil  1  
[2023/03/19 19:47:49 820] tts        657  TTS_MSG_GETAUDIO  0  
[2023/03/19 19:47:49 821] tts        485  get audio|use local  
[2023/03/19 19:47:49 821] tts        527  0  nil  1  
[2023/03/19 19:47:49 821] tts        657  TTS_MSG_GETAUDIO  0  
[2023/03/19 19:47:49 821] tts        485  get audio|use local  
[2023/03/19 19:47:49 822] tts        527  0  nil  1  
[2023/03/19 19:47:49 822] tts        657  TTS_MSG_GETAUDIO  0  
[2023/03/19 19:47:49 823] tts        485  get audio|use local  
[2023/03/19 19:47:49 823] tts        527  0  nil  1  
[2023/03/19 19:47:49 824] tts        657  TTS_MSG_GETAUDIO  0  
[2023/03/19 19:47:49 824] tts        485  get audio|use local  
[2023/03/19 19:47:49 824] tts        527  0  nil  1  
[2023/03/19 19:47:49 824] tts        657  TTS_MSG_GETAUDIO  0  
[2023/03/19 19:47:49 825] tts        485  get audio|use local  
[2023/03/19 19:47:49 825] tts        527  0  nil  1  
[2023/03/19 19:47:49 825] tts        657  TTS_MSG_GETAUDIO  0  
[2023/03/19 19:47:49 825] tts        485  get audio|use local  
[2023/03/19 19:47:49 825] tts        527  0  nil  1  
[2023/03/19 19:47:49 826] tts        657  TTS_MSG_GETAUDIO  0  
[2023/03/19 19:47:49 826] tts        485  get audio|use local  
[2023/03/19 19:47:49 826] tts        527  0  nil  1  
[2023/03/19 19:47:49 827] tts        657  TTS_MSG_GETAUDIO  0  
[2023/03/19 19:47:49 827] tts        485  get audio|use local  
[2023/03/19 19:47:49 827] tts        527  0  nil  1  
[2023/03/19 19:47:49 828] tts        657  TTS_MSG_GETAUDIO  0  
[2023/03/19 19:47:49 828] tts        485  get audio|use local  
[2023/03/19 19:47:49 828] tts        527  0  nil  1  
[2023/03/19 19:47:49 829] tts        657  TTS_MSG_GETAUDIO  0  
[2023/03/19 19:47:49 829] tts        485  get audio|use local  
[2023/03/19 19:47:49 829] tts        527  0  nil  1  
[2023/03/19 19:47:49 830] tts        657  TTS_MSG_GETAUDIO  0  
[2023/03/19 19:47:49 830] tts        485  get audio|use local  
[2023/03/19 19:47:49 830] tts        527  0  nil  1  
[2023/03/19 19:47:49 831] tts        657  TTS_MSG_GETAUDIO  0  
[2023/03/19 19:47:49 831] tts        485  get audio|use local  
[2023/03/19 19:47:49 831] tts        527  0  nil  1  
[2023/03/19 19:47:49 832] tts        657  TTS_MSG_GETAUDIO  0  
[2023/03/19 19:47:49 832] tts        485  get audio|use local  
[2023/03/19 19:47:49 832] tts        527  0  nil  1  
[2023/03/19 19:47:49 833] tts        657  TTS_MSG_GETAUDIO  0  
[2023/03/19 19:47:49 833] tts        485  get audio|use local  
[2023/03/19 19:47:49 833] tts        527  0  nil  1  
[2023/03/19 19:47:49 833] tts        657  TTS_MSG_GETAUDIO  0  
[2023/03/19 19:47:49 833] tts        485  get audio|use local  
[2023/03/19 19:47:49 834] tts        527  0  nil  1  
[2023/03/19 19:47:49 834] tts        657  TTS_MSG_GETAUDIO  0  
[2023/03/19 19:47:49 834] tts        485  get audio|use local  
[2023/03/19 19:47:49 834] tts        527  0  nil  1  
[2023/03/19 19:47:49 835] tts        657  TTS_MSG_GETAUDIO  0  
[2023/03/19 19:47:49 835] tts        485  get audio|use local  
[2023/03/19 19:47:49 835] tts        527  0  nil  1  
[2023/03/19 19:47:49 836] tts        657  TTS_MSG_GETAUDIO  0  
[2023/03/19 19:47:49 836] tts        485  get audio|use local  
[2023/03/19 19:47:49 836] tts        527  0  nil  1  
[2023/03/19 19:47:49 837] tts        657  TTS_MSG_GETAUDIO  0  
[2023/03/19 19:47:49 837] tts        485  get audio|use local  
[2023/03/19 19:47:49 837] tts        527  0  nil  1  
[2023/03/19 19:47:49 838] tts        657  TTS_MSG_GETAUDIO  0  
[2023/03/19 19:47:49 838] tts        485  get audio|use local  
[2023/03/19 19:47:49 838] tts        527  0  nil  1  
[2023/03/19 19:47:49 839] tts        657  TTS_MSG_GETAUDIO  0  
[2023/03/19 19:47:49 839] tts        485  get audio|use local  
[2023/03/19 19:47:49 839] tts        527  0  nil  1  
[2023/03/19 19:47:49 839] tts        657  TTS_MSG_GETAUDIO  0  
[2023/03/19 19:47:49 839] tts        485  get audio|use local  
[2023/03/19 19:47:49 840] tts        527  0  nil  1  
[2023/03/19 19:47:49 840] tts        657  TTS_MSG_GETAUDIO  0  
[2023/03/19 19:47:49 840] tts        485  get audio|use local  
[2023/03/19 19:47:49 840] tts        527  0  nil  1  
[2023/03/19 19:47:49 841] tts        657  TTS_MSG_GETAUDIO  0  
[2023/03/19 19:47:49 841] tts        485  get audio|use local  
[2023/03/19 19:47:49 841] tts        527  0  nil  1  
[2023/03/19 19:47:49 842] tts        657  TTS_MSG_GETAUDIO  0  
[2023/03/19 19:47:49 842] tts        485  get audio|use local  
[2023/03/19 19:47:49 842] tts        527  0  nil  1  
[2023/03/19 19:47:49 843] tts        657  TTS_MSG_GETAUDIO  0  
[2023/03/19 19:47:49 843] tts        485  get audio|use local  
[2023/03/19 19:47:49 843] tts        527  0  nil  1  
[2023/03/19 19:47:49 844] tts        657  TTS_MSG_GETAUDIO  0  
[2023/03/19 19:47:49 844] tts        485  get audio|use local  
[2023/03/19 19:47:49 844] tts        527  0  nil  1  
[2023/03/19 19:47:49 845] tts        657  TTS_MSG_GETAUDIO  0  
[2023/03/19 19:47:49 845] tts        485  get audio|use local  
[2023/03/19 19:47:49 845] tts        527  0  nil  1  
[2023/03/19 19:47:49 845] tts        657  TTS_MSG_GETAUDIO  0  
[2023/03/19 19:47:49 845] tts        485  get audio|use local  
[2023/03/19 19:47:49 846] tts        527  0  nil  1  
[2023/03/19 19:47:49 846] tts        657  TTS_MSG_GETAUDIO  0  
[2023/03/19 19:47:49 846] tts        485  get audio|use local  
[2023/03/19 19:47:49 846] tts        527  0  nil  1  
[2023/03/19 19:47:49 847] tts        657  TTS_MSG_GETAUDIO  0  
[2023/03/19 19:47:49 847] tts        485  get audio|use local  
[2023/03/19 19:47:49 847] tts        527  0  nil  1  
[2023/03/19 19:47:49 848] tts        657  TTS_MSG_GETAUDIO  0  
[2023/03/19 19:47:49 848] tts        485  get audio|use local  
[2023/03/19 19:47:49 848] tts        527  0  nil  1  
[2023/03/19 19:47:49 849] tts        657  TTS_MSG_GETAUDIO  0  
[2023/03/19 19:47:49 849] tts        485  get audio|use local  
[2023/03/19 19:47:49 849] tts        527  0  nil  1  
[2023/03/19 19:47:49 849] tts        657  TTS_MSG_GETAUDIO  0  
[2023/03/19 19:47:49 849] tts        485  get audio|use local  
[2023/03/19 19:47:49 850] tts        527  0  nil  1  
[2023/03/19 19:47:49 850] tts        657  TTS_MSG_GETAUDIO  0  
[2023/03/19 19:47:49 850] tts        485  get audio|use local  
[2023/03/19 19:47:49 850] tts        527  0  nil  1  
[2023/03/19 19:47:49 851] tts        657  TTS_MSG_GETAUDIO  0  
[2023/03/19 19:47:49 851] tts        485  get audio|use local  
[2023/03/19 19:47:49 851] tts        527  0  nil  1  
[2023/03/19 19:47:49 852] tts        657  TTS_MSG_GETAUDIO  0  
[2023/03/19 19:47:49 852] tts        485  get audio|use local  
[2023/03/19 19:47:49 852] tts        527  0  nil  1  
[2023/03/19 19:47:49 853] tts        657  TTS_MSG_GETAUDIO  0  
[2023/03/19 19:47:49 853] tts        485  get audio|use local  
[2023/03/19 19:47:49 853] tts        527  0  nil  1  
[2023/03/19 19:47:49 853] tts        657  TTS_MSG_GETAUDIO  0  
[2023/03/19 19:47:49 853] tts        485  get audio|use local  
[2023/03/19 19:47:49 854] tts        527  0  nil  1  
[2023/03/19 19:47:49 854] tts        657  TTS_MSG_GETAUDIO  0  
[2023/03/19 19:47:49 854] tts        485  get audio|use local  
[2023/03/19 19:47:49 855] tts        527  0  nil  1  
[2023/03/19 19:47:49 855] tts        657  TTS_MSG_GETAUDIO  0  
[2023/03/19 19:47:49 855] tts        485  get audio|use local  
[2023/03/19 19:47:49 855] tts        527  0  nil  1  
[2023/03/19 19:47:49 856] tts        657  TTS_MSG_GETAUDIO  0  
[2023/03/19 19:47:49 856] tts        485  get audio|use local  
[2023/03/19 19:47:49 856] tts        527  0  nil  1  
[2023/03/19 19:47:49 857] tts        657  TTS_MSG_GETAUDIO  0  
[2023/03/19 19:47:49 857] tts        485  get audio|use local  
[2023/03/19 19:47:49 857] tts        527  0  nil  1  
[2023/03/19 19:47:49 858] tts        657  TTS_MSG_GETAUDIO  0  
[2023/03/19 19:47:49 858] tts        485  get audio|use local  
[2023/03/19 19:47:49 858] tts        527  0  nil  1  
[2023/03/19 19:47:49 858] tts        657  TTS_MSG_GETAUDIO  0  
[2023/03/19 19:47:49 858] tts        485  get audio|use local  
[2023/03/19 19:47:49 859] tts        527  0  nil  1  
[2023/03/19 19:47:49 859] tts        657  TTS_MSG_GETAUDIO  0  
[2023/03/19 19:47:49 859] tts        485  get audio|use local  
[2023/03/19 19:47:49 859] tts        527  0  nil  1  
[2023/03/19 19:47:49 860] tts        657  TTS_MSG_GETAUDIO  0  
[2023/03/19 19:47:49 860] tts        485  get audio|use local  
[2023/03/19 19:47:49 860] tts        527  0  nil  1  
[2023/03/19 19:47:49 861] tts        657  TTS_MSG_GETAUDIO  0  
[2023/03/19 19:47:49 861] tts        485  get audio|use local  
[2023/03/19 19:47:49 861] tts        527  0  nil  1  
[2023/03/19 19:47:49 862] tts        657  TTS_MSG_GETAUDIO  0  
[2023/03/19 19:47:49 862] tts        485  get audio|use local  
[2023/03/19 19:47:49 862] tts        527  0  nil  1  
[2023/03/19 19:47:49 862] tts        657  TTS_MSG_GETAUDIO  0  
[2023/03/19 19:47:49 862] tts        485  get audio|use local  
[2023/03/19 19:47:49 863] tts        527  0  nil  1  
[2023/03/19 19:47:49 863] tts        657  TTS_MSG_GETAUDIO  0  
[2023/03/19 19:47:49 863] tts        485  get audio|use local  
[2023/03/19 19:47:49 863] tts        527  0  nil  1  
[2023/03/19 19:47:49 864] tts        657  TTS_MSG_GETAUDIO  0  
[2023/03/19 19:47:49 864] tts        485  get audio|use local  
[2023/03/19 19:47:49 864] tts        527  0  nil  1  
[2023/03/19 19:47:49 865] tts        657  TTS_MSG_GETAUDIO  0  
[2023/03/19 19:47:49 865] tts        485  get audio|use local  
[2023/03/19 19:47:49 865] tts        527  0  nil  1  
[2023/03/19 19:47:49 866] tts        657  TTS_MSG_GETAUDIO  0  
[2023/03/19 19:47:49 866] tts        485  get audio|use local  
[2023/03/19 19:47:49 866] tts        527  0  nil  1  
[2023/03/19 19:47:49 867] tts        657  TTS_MSG_GETAUDIO  0  
[2023/03/19 19:47:49 867] tts        485  get audio|use local  
[2023/03/19 19:47:49 867] tts        527  0  nil  1  
[2023/03/19 19:47:49 868] tts        657  TTS_MSG_GETAUDIO  0  
[2023/03/19 19:47:49 868] tts        485  get audio|use local  
[2023/03/19 19:47:49 868] tts        527  0  nil  1  
[2023/03/19 19:47:49 869] tts        657  TTS_MSG_GETAUDIO  0  
[2023/03/19 19:47:49 869] tts        485  get audio|use local  
[2023/03/19 19:47:49 869] tts        527  0  nil  1  
[2023/03/19 19:47:49 870] tts        657  TTS_MSG_GETAUDIO  0  
[2023/03/19 19:47:49 870] tts        485  get audio|use local  
[2023/03/19 19:47:49 870] tts        527  0  nil  1  
[2023/03/19 19:47:49 870] tts        657  TTS_MSG_GETAUDIO  0  
[2023/03/19 19:47:49 871] tts        485  get audio|use local  
[2023/03/19 19:47:49 871] tts        527  0  nil  1  
[2023/03/19 19:47:49 872] tts        657  TTS_MSG_GETAUDIO  0  
[2023/03/19 19:47:49 872] tts        485  get audio|use local  
[2023/03/19 19:47:49 872] tts        527  0  nil  1  
[2023/03/19 19:47:49 873] tts        657  TTS_MSG_GETAUDIO  0  
[2023/03/19 19:47:49 873] tts        485  get audio|use local  
[2023/03/19 19:47:49 873] tts        527  0  nil  1  
[2023/03/19 19:47:49 874] tts        657  TTS_MSG_GETAUDIO  0  
[2023/03/19 19:47:49 874] tts        485  get audio|use local  
[2023/03/19 19:47:49 874] tts        527  0  nil  1  
[2023/03/19 19:47:49 875] tts        657  TTS_MSG_GETAUDIO  0  
[2023/03/19 19:47:49 875] tts        485  get audio|use local  
[2023/03/19 19:47:49 875] tts        527  0  nil  1  
[2023/03/19 19:47:49 875] tts        657  TTS_MSG_GETAUDIO  0  
[2023/03/19 19:47:49 876] tts        485  get audio|use local  
[2023/03/19 19:47:49 876] tts        527  0  nil  1  
[2023/03/19 19:47:49 884] tts        657  TTS_MSG_GETAUDIO  0  
[2023/03/19 19:47:49 884] tts        485  get audio|use local  
[2023/03/19 19:47:49 884] tts        527  0  nil  1  
[2023/03/19 19:47:49 885] tts        657  TTS_MSG_GETAUDIO  0  
[2023/03/19 19:47:49 885] tts        485  get audio|use local  
[2023/03/19 19:47:49 885] tts        527  0  nil  1  
[2023/03/19 19:47:49 885] tts        657  TTS_MSG_GETAUDIO  0  
[2023/03/19 19:47:49 886] tts        485  get audio|use local  
[2023/03/19 19:47:49 886] tts        527  0  nil  1  
[2023/03/19 19:47:49 886] tts        657  TTS_MSG_GETAUDIO  0  
[2023/03/19 19:47:49 886] tts        485  get audio|use local  
[2023/03/19 19:47:49 887] tts        527  0  nil  1  
[2023/03/19 19:47:49 887] tts        657  TTS_MSG_GETAUDIO  0  
[2023/03/19 19:47:49 887] tts        485  get audio|use local  
[2023/03/19 19:47:49 887] tts        527  0  nil  1  
[2023/03/19 19:47:49 888] tts        657  TTS_MSG_GETAUDIO  0  
[2023/03/19 19:47:49 888] tts        485  get audio|use local  
[2023/03/19 19:47:49 888] tts        527  0  nil  1  
[2023/03/19 19:47:49 889] tts        657  TTS_MSG_GETAUDIO  0  
[2023/03/19 19:47:49 889] tts        485  get audio|use local  
[2023/03/19 19:47:49 889] tts        527  0  nil  1  
[2023/03/19 19:47:49 890] tts        657  TTS_MSG_GETAUDIO  0  
[2023/03/19 19:47:49 890] tts        485  get audio|use local  
[2023/03/19 19:47:49 890] tts        527  0  nil  1  
[2023/03/19 19:47:49 890] tts        657  TTS_MSG_GETAUDIO  0  
[2023/03/19 19:47:49 891] tts        485  get audio|use local  
[2023/03/19 19:47:49 891] tts        527  0  nil  1  
[2023/03/19 19:47:49 891] tts        657  TTS_MSG_GETAUDIO  0  
[2023/03/19 19:47:49 892] tts        485  get audio|use local  
[2023/03/19 19:47:49 892] tts        527  0  nil  1  
[2023/03/19 19:47:49 892] tts        657  TTS_MSG_GETAUDIO  0  
[2023/03/19 19:47:49 893] tts        485  get audio|use local  
[2023/03/19 19:47:49 893] tts        527  0  nil  1  
[2023/03/19 19:47:49 894] tts        657  TTS_MSG_GETAUDIO  0  
[2023/03/19 19:47:49 894] tts        485  get audio|use local  
[2023/03/19 19:47:49 894] tts        527  0  nil  1  
[2023/03/19 19:47:49 895] tts        657  TTS_MSG_GETAUDIO  0  
[2023/03/19 19:47:49 895] tts        485  get audio|use local  
[2023/03/19 19:47:49 895] tts        527  0  nil  1  
[2023/03/19 19:47:49 896] tts        657  TTS_MSG_GETAUDIO  0  
[2023/03/19 19:47:49 896] tts        485  get audio|use local  
[2023/03/19 19:47:49 896] tts        527  0  nil  1  
[2023/03/19 19:47:49 896] tts        657  TTS_MSG_GETAUDIO  0  
[2023/03/19 19:47:49 896] tts        485  get audio|use local  
[2023/03/19 19:47:49 897] tts        527  0  nil  1  
[2023/03/19 19:47:49 897] tts        657  TTS_MSG_GETAUDIO  0  
[2023/03/19 19:47:49 897] tts        485  get audio|use local  
[2023/03/19 19:47:49 897] tts        527  0  nil  1  
[2023/03/19 19:47:49 898] tts        657  TTS_MSG_GETAUDIO  0  
[2023/03/19 19:47:49 898] tts        485  get audio|use local  
[2023/03/19 19:47:49 898] tts        527  0  nil  1  
[2023/03/19 19:47:49 899] tts        657  TTS_MSG_GETAUDIO  0  
[2023/03/19 19:47:49 899] tts        485  get audio|use local  
[2023/03/19 19:47:49 899] tts        527  0  nil  1  
[2023/03/19 19:47:49 899] tts        657  TTS_MSG_GETAUDIO  0  
[2023/03/19 19:47:49 900] tts        485  get audio|use local  
[2023/03/19 19:47:49 900] tts        527  0  nil  1  
[2023/03/19 19:47:49 900] tts        657  TTS_MSG_GETAUDIO  0  
[2023/03/19 19:47:49 900] tts        485  get audio|use local  
[2023/03/19 19:47:49 900] tts        527  0  nil  1  
[2023/03/19 19:47:49 901] tts        657  TTS_MSG_GETAUDIO  0  
[2023/03/19 19:47:49 901] tts        485  get audio|use local  
[2023/03/19 19:47:49 901] tts        527  0  nil  1  
[2023/03/19 19:47:49 902] tts        657  TTS_MSG_GETAUDIO  0  
[2023/03/19 19:47:49 902] tts        485  get audio|use local  
[2023/03/19 19:47:49 902] tts        527  0  nil  1  
[2023/03/19 19:47:49 903] tts        657  TTS_MSG_GETAUDIO  0  
[2023/03/19 19:47:49 903] tts        485  get audio|use local  
[2023/03/19 19:47:49 903] tts        527  0  nil  1  
[2023/03/19 19:47:49 904] tts        657  TTS_MSG_GETAUDIO  0  
[2023/03/19 19:47:49 904] tts        485  get audio|use local  
[2023/03/19 19:47:49 904] tts        527  0  nil  1  
[2023/03/19 19:47:49 905] tts        657  TTS_MSG_GETAUDIO  0  
[2023/03/19 19:47:49 905] tts        485  get audio|use local  
[2023/03/19 19:47:49 905] tts        527  0  nil  1  
[2023/03/19 19:47:49 905] tts        657  TTS_MSG_GETAUDIO  0  
[2023/03/19 19:47:49 906] tts        485  get audio|use local  
[2023/03/19 19:47:49 906] tts        527  0  nil  1  
[2023/03/19 19:47:49 906] tts        657  TTS_MSG_GETAUDIO  0  
[2023/03/19 19:47:49 906] tts        485  get audio|use local  
[2023/03/19 19:47:49 906] tts        527  0  nil  1  
[2023/03/19 19:47:49 907] tts        657  TTS_MSG_GETAUDIO  0  
[2023/03/19 19:47:49 907] tts        485  get audio|use local  
[2023/03/19 19:47:49 907] tts        527  0  nil  1  
[2023/03/19 19:47:49 908] tts        657  TTS_MSG_GETAUDIO  0  
[2023/03/19 19:47:49 908] tts        485  get audio|use local  
[2023/03/19 19:47:49 909] tts        527  0  nil  1  
[2023/03/19 19:47:49 909] tts        657  TTS_MSG_GETAUDIO  0  
[2023/03/19 19:47:49 909] tts        485  get audio|use local  
[2023/03/19 19:47:49 909] tts        527  0  nil  1  
[2023/03/19 19:47:49 910] tts        657  TTS_MSG_GETAUDIO  0  
[2023/03/19 19:47:49 910] tts        485  get audio|use local  
[2023/03/19 19:47:49 910] tts        527  0  nil  1  
[2023/03/19 19:47:49 911] tts        657  TTS_MSG_GETAUDIO  0  
[2023/03/19 19:47:49 911] tts        485  get audio|use local  
[2023/03/19 19:47:49 911] tts        527  0  nil  1  
[2023/03/19 19:47:49 912] tts        657  TTS_MSG_GETAUDIO  0  
[2023/03/19 19:47:49 912] tts        485  get audio|use local  
[2023/03/19 19:47:49 912] tts        527  0  nil  1  
[2023/03/19 19:47:49 913] tts        657  TTS_MSG_GETAUDIO  0  
[2023/03/19 19:47:49 913] tts        485  get audio|use local  
[2023/03/19 19:47:49 913] tts        527  0  nil  1  
[2023/03/19 19:47:49 914] tts        657  TTS_MSG_GETAUDIO  0  
[2023/03/19 19:47:49 914] tts        485  get audio|use local  
[2023/03/19 19:47:49 914] tts        527  0  nil  1  
[2023/03/19 19:47:49 915] tts        657  TTS_MSG_GETAUDIO  0  
[2023/03/19 19:47:49 915] tts        485  get audio|use local  
[2023/03/19 19:47:49 915] tts        527  0  nil  1  
[2023/03/19 19:47:49 916] tts        657  TTS_MSG_GETAUDIO  0  
[2023/03/19 19:47:49 916] tts        485  get audio|use local  
[2023/03/19 19:47:49 916] tts        527  0  nil  1  
[2023/03/19 19:47:49 917] tts        657  TTS_MSG_GETAUDIO  0  
[2023/03/19 19:47:49 917] tts        485  get audio|use local  
[2023/03/19 19:47:49 917] tts        527  0  nil  1  
[2023/03/19 19:47:49 917] tts        657  TTS_MSG_GETAUDIO  0  
[2023/03/19 19:47:49 917] tts        485  get audio|use local  
[2023/03/19 19:47:49 918] tts        527  0  nil  1  
[2023/03/19 19:47:49 918] tts        657  TTS_MSG_GETAUDIO  0  
[2023/03/19 19:47:49 918] tts        485  get audio|use local  
[2023/03/19 19:47:49 918] tts        527  0  nil  1  
[2023/03/19 19:47:49 919] tts        657  TTS_MSG_GETAUDIO  0  
[2023/03/19 19:47:49 920] tts        485  get audio|use local  
[2023/03/19 19:47:49 920] tts        527  0  nil  1  
[2023/03/19 19:47:49 920] tts        657  TTS_MSG_GETAUDIO  0  
[2023/03/19 19:47:49 920] tts        485  get audio|use local  
[2023/03/19 19:47:49 920] tts        527  0  nil  1  
[2023/03/19 19:47:49 922] tts        657  TTS_MSG_GETAUDIO  0  
[2023/03/19 19:47:49 922] tts        485  get audio|use local  
[2023/03/19 19:47:49 922] tts        527  0  nil  1  
[2023/03/19 19:47:49 924] tts        657  TTS_MSG_GETAUDIO  0  
[2023/03/19 19:47:49 924] tts        485  get audio|use local  
[2023/03/19 19:47:49 924] tts        527  0  nil  1  
[2023/03/19 19:47:49 925] tts        657  TTS_MSG_GETAUDIO  0  
[2023/03/19 19:47:49 925] tts        485  get audio|use local  
[2023/03/19 19:47:49 925] tts        527  0  nil  1  
[2023/03/19 19:47:49 926] tts        657  TTS_MSG_GETAUDIO  0  
[2023/03/19 19:47:49 926] tts        485  get audio|use local  
[2023/03/19 19:47:49 926] tts        527  0  nil  1  
[2023/03/19 19:47:49 927] tts        657  TTS_MSG_GETAUDIO  0  
[2023/03/19 19:47:49 927] tts        485  get audio|use local  
[2023/03/19 19:47:49 928] tts        527  0  nil  1  
[2023/03/19 19:47:49 928] tts        657  TTS_MSG_GETAUDIO  0  
[2023/03/19 19:47:49 928] tts        485  get audio|use local  
[2023/03/19 19:47:49 928] tts        527  0  nil  1  
[2023/03/19 19:47:49 931] tts        657  TTS_MSG_GETAUDIO  0  
[2023/03/19 19:47:49 931] tts        485  get audio|use local  
[2023/03/19 19:47:49 931] tts        527  0  nil  1  
[2023/03/19 19:47:49 932] tts        657  TTS_MSG_GETAUDIO  0  
[2023/03/19 19:47:49 932] tts        485  get audio|use local  
[2023/03/19 19:47:49 932] tts        527  0  nil  1  
[2023/03/19 19:47:49 933] tts        657  TTS_MSG_GETAUDIO  0  
[2023/03/19 19:47:49 933] tts        485  get audio|use local  
[2023/03/19 19:47:49 933] tts        527  0  nil  1  
[2023/03/19 19:47:49 934] tts        657  TTS_MSG_GETAUDIO  0  
[2023/03/19 19:47:49 934] tts        485  get audio|use local  
[2023/03/19 19:47:49 934] tts        527  0  nil  1  
[2023/03/19 19:47:49 934] tts        657  TTS_MSG_GETAUDIO  0  
[2023/03/19 19:47:49 934] tts        485  get audio|use local  
[2023/03/19 19:47:49 935] tts        527  0  nil  1  
[2023/03/19 19:47:49 935] tts        657  TTS_MSG_GETAUDIO  0  
[2023/03/19 19:47:49 935] tts        485  get audio|use local  
[2023/03/19 19:47:49 935] tts        527  0  nil  1  
[2023/03/19 19:47:49 936] tts        657  TTS_MSG_GETAUDIO  0  
[2023/03/19 19:47:49 936] tts        485  get audio|use local  
[2023/03/19 19:47:49 936] tts        527  0  nil  1  
[2023/03/19 19:47:49 937] tts        657  TTS_MSG_GETAUDIO  0  
[2023/03/19 19:47:49 937] tts        485  get audio|use local  
[2023/03/19 19:47:49 937] tts        527  0  nil  1  
[2023/03/19 19:47:49 937] tts        657  TTS_MSG_GETAUDIO  0  
[2023/03/19 19:47:49 938] tts        485  get audio|use local  
[2023/03/19 19:47:49 938] tts        527  0  nil  1  
[2023/03/19 19:47:49 938] tts        657  TTS_MSG_GETAUDIO  0  
[2023/03/19 19:47:49 938] tts        485  get audio|use local  
[2023/03/19 19:47:49 938] tts        527  0  nil  1  
[2023/03/19 19:47:49 939] tts        657  TTS_MSG_GETAUDIO  0  
[2023/03/19 19:47:49 939] tts        485  get audio|use local  
[2023/03/19 19:47:49 939] tts        527  0  nil  1  
[2023/03/19 19:47:49 940] tts        657  TTS_MSG_GETAUDIO  0  
[2023/03/19 19:47:49 940] tts        485  get audio|use local  
[2023/03/19 19:47:49 940] tts        527  0  nil  1  
[2023/03/19 19:47:49 941] tts        657  TTS_MSG_GETAUDIO  0  
[2023/03/19 19:47:49 941] tts        485  get audio|use local  
[2023/03/19 19:47:49 941] tts        527  0  nil  1  
[2023/03/19 19:47:49 941] tts        657  TTS_MSG_GETAUDIO  0  
[2023/03/19 19:47:49 941] tts        485  get audio|use local  
[2023/03/19 19:47:49 941] tts        527  0  nil  1  
[2023/03/19 19:47:49 942] tts        657  TTS_MSG_GETAUDIO  0  
[2023/03/19 19:47:49 942] tts        485  get audio|use local  
[2023/03/19 19:47:49 942] tts        527  0  nil  1  
[2023/03/19 19:47:49 943] tts        657  TTS_MSG_GETAUDIO  0  
[2023/03/19 19:47:49 943] tts        485  get audio|use local  
[2023/03/19 19:47:49 943] tts        527  0  nil  1  
[2023/03/19 19:47:49 944] tts        657  TTS_MSG_GETAUDIO  0  
[2023/03/19 19:47:49 944] tts        485  get audio|use local  
[2023/03/19 19:47:49 944] tts        527  0  nil  1  
[2023/03/19 19:47:49 945] tts        657  TTS_MSG_GETAUDIO  0  
[2023/03/19 19:47:49 945] tts        485  get audio|use local  
[2023/03/19 19:47:49 945] tts        527  0  nil  1  
[2023/03/19 19:47:49 945] tts        657  TTS_MSG_GETAUDIO  0  
[2023/03/19 19:47:49 945] tts        485  get audio|use local  
[2023/03/19 19:47:49 945] tts        527  0  nil  1  
[2023/03/19 19:47:49 946] tts        657  TTS_MSG_GETAUDIO  0  
[2023/03/19 19:47:49 946] tts        485  get audio|use local  
[2023/03/19 19:47:49 946] tts        527  0  nil  1  
[2023/03/19 19:47:49 947] tts        657  TTS_MSG_GETAUDIO  0  
[2023/03/19 19:47:49 947] tts        485  get audio|use local  
[2023/03/19 19:47:49 947] tts        527  0  nil  1  
[2023/03/19 19:47:49 948] tts        657  TTS_MSG_GETAUDIO  0  
[2023/03/19 19:47:49 948] tts        485  get audio|use local  
[2023/03/19 19:47:49 948] tts        527  0  nil  1  
[2023/03/19 19:47:49 949] tts        657  TTS_MSG_GETAUDIO  0  
[2023/03/19 19:47:49 949] tts        485  get audio|use local  
[2023/03/19 19:47:49 949] tts        527  0  nil  1  
[2023/03/19 19:47:49 949] tts        657  TTS_MSG_GETAUDIO  0  
[2023/03/19 19:47:49 949] tts        485  get audio|use local  
[2023/03/19 19:47:49 949] tts        527  0  nil  1  
[2023/03/19 19:47:49 950] tts        657  TTS_MSG_GETAUDIO  0  
[2023/03/19 19:47:49 950] tts        485  get audio|use local  
[2023/03/19 19:47:49 950] tts        527  0  nil  1  
[2023/03/19 19:47:49 951] tts        657  TTS_MSG_GETAUDIO  0  
[2023/03/19 19:47:49 951] tts        485  get audio|use local  
[2023/03/19 19:47:49 951] tts        527  0  nil  1  
[2023/03/19 19:47:49 952] tts        657  TTS_MSG_GETAUDIO  0  
[2023/03/19 19:47:49 952] tts        485  get audio|use local  
[2023/03/19 19:47:49 952] tts        527  0  nil  1  
[2023/03/19 19:47:49 953] tts        657  TTS_MSG_GETAUDIO  0  
[2023/03/19 19:47:49 953] tts        485  get audio|use local  
[2023/03/19 19:47:49 953] tts        527  0  nil  1  
[2023/03/19 19:47:49 953] tts        657  TTS_MSG_GETAUDIO  0  
[2023/03/19 19:47:49 953] tts        485  get audio|use local  
[2023/03/19 19:47:49 954] tts        527  0  nil  1  
[2023/03/19 19:47:49 954] tts        657  TTS_MSG_GETAUDIO  0  
[2023/03/19 19:47:49 955] tts        485  get audio|use local  
[2023/03/19 19:47:49 955] tts        527  0  nil  1  
[2023/03/19 19:47:49 955] tts        657  TTS_MSG_GETAUDIO  0  
[2023/03/19 19:47:49 956] tts        485  get audio|use local  
[2023/03/19 19:47:49 956] tts        527  0  nil  1  
[2023/03/19 19:47:49 956] tts        657  TTS_MSG_GETAUDIO  0  
[2023/03/19 19:47:49 956] tts        485  get audio|use local  
[2023/03/19 19:47:49 956] tts        527  0  nil  1  
[2023/03/19 19:47:49 958] tts        657  TTS_MSG_GETAUDIO  0  
[2023/03/19 19:47:49 958] tts        485  get audio|use local  
[2023/03/19 19:47:49 958] tts        527  0  nil  1  
[2023/03/19 19:47:49 959] tts        657  TTS_MSG_GETAUDIO  0  
[2023/03/19 19:47:49 959] tts        485  get audio|use local  
[2023/03/19 19:47:49 959] tts        527  0  nil  1  
[2023/03/19 19:47:49 960] tts        657  TTS_MSG_GETAUDIO  0  
[2023/03/19 19:47:49 960] tts        485  get audio|use local  
[2023/03/19 19:47:49 960] tts        527  0  nil  1  
[2023/03/19 19:47:49 961] tts        657  TTS_MSG_GETAUDIO  0  
[2023/03/19 19:47:49 961] tts        485  get audio|use local  
[2023/03/19 19:47:49 962] tts        527  0  nil  1  
[2023/03/19 19:47:49 963] tts        657  TTS_MSG_GETAUDIO  0  
[2023/03/19 19:47:49 963] tts        485  get audio|use local  
[2023/03/19 19:47:49 963] tts        527  0  nil  1  
[2023/03/19 19:47:49 963] tts        657  TTS_MSG_GETAUDIO  0  
[2023/03/19 19:47:49 964] tts        485  get audio|use local  
[2023/03/19 19:47:49 964] tts        527  0  nil  1  
[2023/03/19 19:47:49 964] tts        657  TTS_MSG_GETAUDIO  0  
[2023/03/19 19:47:49 964] tts        485  get audio|use local  
[2023/03/19 19:47:49 965] tts        527  0  nil  1  
[2023/03/19 19:47:49 965] tts        657  TTS_MSG_GETAUDIO  0  
[2023/03/19 19:47:49 965] tts        485  get audio|use local  
[2023/03/19 19:47:49 965] tts        527  0  nil  1  
[2023/03/19 19:47:49 966] tts        657  TTS_MSG_GETAUDIO  0  
[2023/03/19 19:47:49 966] tts        485  get audio|use local  
[2023/03/19 19:47:49 966] tts        527  0  nil  1  
[2023/03/19 19:47:49 967] tts        657  TTS_MSG_GETAUDIO  0  
[2023/03/19 19:47:49 967] tts        485  get audio|use local  
[2023/03/19 19:47:49 967] tts        527  0  nil  1  
[2023/03/19 19:47:49 968] tts        657  TTS_MSG_GETAUDIO  0  
[2023/03/19 19:47:49 968] tts        485  get audio|use local  
[2023/03/19 19:47:49 968] tts        527  0  nil  1  
[2023/03/19 19:47:49 969] tts        657  TTS_MSG_GETAUDIO  0  
[2023/03/19 19:47:49 970] tts        485  get audio|use local  
[2023/03/19 19:47:49 970] tts        527  0  nil  1  
[2023/03/19 19:47:49 971] tts        657  TTS_MSG_GETAUDIO  0  
[2023/03/19 19:47:49 971] tts        485  get audio|use local  
[2023/03/19 19:47:49 971] tts        527  0  nil  1  
[2023/03/19 19:47:49 972] tts        657  TTS_MSG_GETAUDIO  0  
[2023/03/19 19:47:49 972] tts        485  get audio|use local  
[2023/03/19 19:47:49 972] tts        527  0  nil  1  
[2023/03/19 19:47:49 973] tts        657  TTS_MSG_GETAUDIO  0  
[2023/03/19 19:47:49 973] tts        485  get audio|use local  
[2023/03/19 19:47:49 973] tts        527  0  nil  1  
[2023/03/19 19:47:49 974] tts        657  TTS_MSG_GETAUDIO  0  
[2023/03/19 19:47:49 974] tts        485  get audio|use local  
[2023/03/19 19:47:49 975] tts        527  0  nil  1  
[2023/03/19 19:47:49 976] tts        657  TTS_MSG_GETAUDIO  0  
[2023/03/19 19:47:49 976] tts        485  get audio|use local  
[2023/03/19 19:47:49 977] tts        498  local audiolen:  2042  ,ced:  25  
[2023/03/19 19:47:49 977] tts        527  0  udata(8007e528) 1  
[2023/03/19 19:47:49 978] tts        657  TTS_MSG_GETAUDIO  0  
[2023/03/19 19:47:49 978] tts        485  get audio|use local  
[2023/03/19 19:47:49 978] tts        527  0  nil  1  
[2023/03/19 19:47:49 979] tts        657  TTS_MSG_GETAUDIO  0  
[2023/03/19 19:47:49 979] tts        485  get audio|use local  
[2023/03/19 19:47:49 979] tts        527  0  nil  1  
[2023/03/19 19:47:49 980] tts        657  TTS_MSG_GETAUDIO  0  
[2023/03/19 19:47:49 980] tts        485  get audio|use local  
[2023/03/19 19:47:49 980] tts        527  0  nil  1  
[2023/03/19 19:47:49 981] tts        657  TTS_MSG_GETAUDIO  0  
[2023/03/19 19:47:49 981] tts        485  get audio|use local  
[2023/03/19 19:47:49 981] tts        527  0  nil  1  
[2023/03/19 19:47:49 982] tts        657  TTS_MSG_GETAUDIO  0  
[2023/03/19 19:47:49 982] tts        485  get audio|use local  
[2023/03/19 19:47:49 982] tts        527  0  nil  1  
[2023/03/19 19:47:49 982] tts        657  TTS_MSG_GETAUDIO  0  
[2023/03/19 19:47:49 982] tts        485  get audio|use local  
[2023/03/19 19:47:49 983] tts        527  0  nil  1  
[2023/03/19 19:47:49 983] tts        657  TTS_MSG_GETAUDIO  0  
[2023/03/19 19:47:49 983] tts        485  get audio|use local  
[2023/03/19 19:47:49 983] tts        527  0  nil  1  
[2023/03/19 19:47:49 984] tts        657  TTS_MSG_GETAUDIO  0  
[2023/03/19 19:47:49 985] tts        485  get audio|use local  
[2023/03/19 19:47:49 985] tts        527  0  nil  1  
[2023/03/19 19:47:49 986] tts        657  TTS_MSG_GETAUDIO  0  
[2023/03/19 19:47:49 986] tts        485  get audio|use local  
[2023/03/19 19:47:49 986] tts        527  0  nil  1  
[2023/03/19 19:47:49 987] tts        657  TTS_MSG_GETAUDIO  0  
[2023/03/19 19:47:49 987] tts        485  get audio|use local  
[2023/03/19 19:47:49 987] tts        527  0  nil  1  
[2023/03/19 19:47:49 988] tts        657  TTS_MSG_GETAUDIO  0  
[2023/03/19 19:47:49 989] tts        485  get audio|use local  
[2023/03/19 19:47:49 989] tts        527  0  nil  1  
[2023/03/19 19:47:49 990] tts        657  TTS_MSG_GETAUDIO  0  
[2023/03/19 19:47:49 990] tts        485  get audio|use local  
[2023/03/19 19:47:49 990] tts        527  0  nil  1  
[2023/03/19 19:47:49 991] tts        657  TTS_MSG_GETAUDIO  0  
[2023/03/19 19:47:49 991] tts        485  get audio|use local  
[2023/03/19 19:47:49 991] tts        527  0  nil  1  
[2023/03/19 19:47:50 010] tts        657  TTS_MSG_GETAUDIO  0  
[2023/03/19 19:47:50 010] tts        485  get audio|use local  
[2023/03/19 19:47:50 010] tts        498  local audiolen:  1964  ,ced:  25  
[2023/03/19 19:47:50 010] tts        527  0  udata(8007dd08) 1  
[2023/03/19 19:47:50 011] tts        657  TTS_MSG_GETAUDIO  0  
[2023/03/19 19:47:50 014] tts        485  get audio|use local  
[2023/03/19 19:47:50 014] tts        498  local audiolen:  2034  ,ced:  25  
[2023/03/19 19:47:50 014] tts        527  0  udata(8007dd58) 1  
[2023/03/19 19:47:50 016] tts        657  TTS_MSG_GETAUDIO  0  
[2023/03/19 19:47:50 016] tts        485  get audio|use local  
[2023/03/19 19:47:50 016] tts        498  local audiolen:  2008  ,ced:  25  
[2023/03/19 19:47:50 016] tts        527  0  udata(8007dfa8) 1  
[2023/03/19 19:47:50 017] tts        657  TTS_MSG_GETAUDIO  0  
[2023/03/19 19:47:50 018] tts        485  get audio|use local  
[2023/03/19 19:47:50 018] tts        498  local audiolen:  2016  ,ced:  25  
[2023/03/19 19:47:50 018] tts        527  0  udata(80087a08) 1  
[2023/03/19 19:47:50 022] tts        657  TTS_MSG_GETAUDIO  0  
[2023/03/19 19:47:50 023] tts        485  get audio|use local  
[2023/03/19 19:47:50 023] tts        498  local audiolen:  2030  ,ced:  25  
[2023/03/19 19:47:50 023] tts        527  0  udata(80087b58) 1  
[2023/03/19 19:47:50 026] tts        657  TTS_MSG_GETAUDIO  0  
[2023/03/19 19:47:50 027] tts        485  get audio|use local  
[2023/03/19 19:47:50 027] tts        498  local audiolen:  1984  ,ced:  25  
[2023/03/19 19:47:50 027] tts        527  0  udata(80087da8) 1  
[2023/03/19 19:47:50 029] tts        657  TTS_MSG_GETAUDIO  0  
[2023/03/19 19:47:50 029] tts        485  get audio|use local  
[2023/03/19 19:47:50 029] tts        498  local audiolen:  2014  ,ced:  25  
[2023/03/19 19:47:50 030] tts        527  0  udata(80087ef8) 1  
[2023/03/19 19:47:50 032] tts        657  TTS_MSG_GETAUDIO  0  
[2023/03/19 19:47:50 032] tts        485  get audio|use local  
[2023/03/19 19:47:50 032] tts        498  local audiolen:  2036  ,ced:  25  
[2023/03/19 19:47:50 032] tts        527  0  udata(8007d1e8) 1  
[2023/03/19 19:47:50 036] tts        657  TTS_MSG_GETAUDIO  0  
[2023/03/19 19:47:50 036] tts        485  get audio|use local  
[2023/03/19 19:47:50 036] tts        498  local audiolen:  1996  ,ced:  25  
[2023/03/19 19:47:50 036] tts        527  0  udata(8007d6a8) 1  
[2023/03/19 19:47:50 046] tts        657  TTS_MSG_GETAUDIO  0  
[2023/03/19 19:47:50 046] tts        485  get audio|use local  
[2023/03/19 19:47:50 046] tts        498  local audiolen:  1982  ,ced:  25  
[2023/03/19 19:47:50 046] tts        527  0  udata(8007c6d8) 1  
[2023/03/19 19:47:50 048] tts        657  TTS_MSG_GETAUDIO  0  
[2023/03/19 19:47:50 048] tts        485  get audio|use local  
[2023/03/19 19:47:50 048] tts        498  local audiolen:  1990  ,ced:  25  
[2023/03/19 19:47:50 048] tts        527  0  udata(8007c728) 1  
[2023/03/19 19:47:50 049] tts        657  TTS_MSG_GETAUDIO  0  
[2023/03/19 19:47:50 050] tts        485  get audio|use local  
[2023/03/19 19:47:50 050] tts        498  local audiolen:  1996  ,ced:  25  
[2023/03/19 19:47:50 050] tts        527  0  udata(8007c778) 1  
[2023/03/19 19:47:50 055] tts        301  0  0  
[2023/03/19 19:47:50 055] tts        312  TTS_LOCAL_CB_END,  2  
[2023/03/19 19:47:50 055] tts        657  TTS_MSG_GETAUDIO  0  
[2023/03/19 19:47:50 056] tts        485  get audio|use local  
[2023/03/19 19:47:50 056] tts        498  local audiolen:  2016  ,ced:  25  
[2023/03/19 19:47:50 056] tts        527  0  udata(8007cc68) 1  
[2023/03/19 19:47:50 056] tts        657  TTS_MSG_GETAUDIO  0  
[2023/03/19 19:47:50 057] tts        485  get audio|use local  
[2023/03/19 19:47:50 057] tts        498  local audiolen:  1922  ,ced:  25  
[2023/03/19 19:47:50 057] tts        527  0  udata(80087958) 1  
[2023/03/19 19:47:50 058] tts        657  TTS_MSG_GETAUDIO  0  
[2023/03/19 19:47:50 058] tts        485  get audio|use local  
[2023/03/19 19:47:50 058] tts        498  local audiolen:  1950  ,ced:  25  
[2023/03/19 19:47:50 058] tts        527  0  udata(800871b8) 1  
[2023/03/19 19:47:50 059] tts        657  TTS_MSG_GETAUDIO  0  
[2023/03/19 19:47:50 059] tts        485  get audio|use local  
[2023/03/19 19:47:50 060] tts        498  local audiolen:  2040  ,ced:  25  
[2023/03/19 19:47:50 060] tts        527  0  udata(80087208) 1  
[2023/03/19 19:47:50 061] tts        657  TTS_MSG_GETAUDIO  0  
[2023/03/19 19:47:50 062] tts        485  get audio|use local  
[2023/03/19 19:47:50 062] tts        498  local audiolen:  2000  ,ced:  25  
[2023/03/19 19:47:50 062] tts        527  0  udata(80087258) 1  
[2023/03/19 19:47:50 063] tts        657  TTS_MSG_GETAUDIO  0  
[2023/03/19 19:47:50 063] tts        485  get audio|use local  
[2023/03/19 19:47:50 064] tts        498  local audiolen:  2036  ,ced:  25  
[2023/03/19 19:47:50 065] tts        527  0  udata(800872a8) 1  
[2023/03/19 19:47:50 065] tts        657  TTS_MSG_GETAUDIO  0  
[2023/03/19 19:47:50 066] tts        485  get audio|use local  
[2023/03/19 19:47:50 066] tts        498  local audiolen:  1936  ,ced:  25  
[2023/03/19 19:47:50 066] tts        527  0  udata(800872f8) 1  
[2023/03/19 19:47:50 067] tts        657  TTS_MSG_GETAUDIO  0  
[2023/03/19 19:47:50 067] tts        485  get audio|use local  
[2023/03/19 19:47:50 067] tts        498  local audiolen:  1992  ,ced:  25  
[2023/03/19 19:47:50 067] tts        527  0  udata(80087348) 1  
[2023/03/19 19:47:50 068] tts        657  TTS_MSG_GETAUDIO  0  
[2023/03/19 19:47:50 068] tts        485  get audio|use local  
[2023/03/19 19:47:50 068] tts        498  local audiolen:  1896  ,ced:  25  
[2023/03/19 19:47:50 068] tts        527  0  udata(80087398) 1  
[2023/03/19 19:47:50 070] tts        657  TTS_MSG_GETAUDIO  0  
[2023/03/19 19:47:50 070] tts        485  get audio|use local  
[2023/03/19 19:47:50 070] tts        498  local audiolen:  1906  ,ced:  25  
[2023/03/19 19:47:50 070] tts        527  0  udata(800873e8) 1  
[2023/03/19 19:47:50 071] tts        657  TTS_MSG_GETAUDIO  0  
[2023/03/19 19:47:50 071] tts        485  get audio|use local  
[2023/03/19 19:47:50 071] tts        498  local audiolen:  2026  ,ced:  25  
[2023/03/19 19:47:50 071] tts        527  0  udata(80087438) 1  
[2023/03/19 19:47:50 072] tts        657  TTS_MSG_GETAUDIO  0  
[2023/03/19 19:47:50 072] tts        485  get audio|use local  
[2023/03/19 19:47:50 072] tts        498  local audiolen:  1890  ,ced:  25  
[2023/03/19 19:47:50 072] tts        527  0  udata(80087488) 1  
[2023/03/19 19:47:50 073] tts        657  TTS_MSG_GETAUDIO  0  
[2023/03/19 19:47:50 073] tts        485  get audio|use local  
[2023/03/19 19:47:50 073] tts        498  local audiolen:  1996  ,ced:  25  
[2023/03/19 19:47:50 073] tts        527  0  udata(800874d8) 1  
[2023/03/19 19:47:50 074] tts        657  TTS_MSG_GETAUDIO  0  
[2023/03/19 19:47:50 074] tts        485  get audio|use local  
[2023/03/19 19:47:50 074] tts        498  local audiolen:  2016  ,ced:  25  
[2023/03/19 19:47:50 074] tts        527  0  udata(80087528) 1  
[2023/03/19 19:47:50 075] tts        657  TTS_MSG_GETAUDIO  0  
[2023/03/19 19:47:50 075] tts        485  get audio|use local  
[2023/03/19 19:47:50 075] tts        498  local audiolen:  1924  ,ced:  25  
[2023/03/19 19:47:50 075] tts        527  0  udata(80087578) 1  
[2023/03/19 19:47:50 076] tts        657  TTS_MSG_GETAUDIO  0  
[2023/03/19 19:47:50 076] tts        485  get audio|use local  
[2023/03/19 19:47:50 076] tts        498  local audiolen:  2032  ,ced:  25  
[2023/03/19 19:47:50 076] tts        527  0  udata(800875c8) 1  
[2023/03/19 19:47:50 077] tts        657  TTS_MSG_GETAUDIO  0  
[2023/03/19 19:47:50 077] tts        485  get audio|use local  
[2023/03/19 19:47:50 077] tts        498  local audiolen:  1932  ,ced:  25  
[2023/03/19 19:47:50 077] tts        527  0  udata(80087618) 1  
[2023/03/19 19:47:50 078] tts        657  TTS_MSG_GETAUDIO  0  
[2023/03/19 19:47:50 078] tts        485  get audio|use local  
[2023/03/19 19:47:50 078] tts        498  local audiolen:  1942  ,ced:  25  
[2023/03/19 19:47:50 079] tts        527  0  udata(80087668) 1  
[2023/03/19 19:47:50 082] tts        657  TTS_MSG_GETAUDIO  0  
[2023/03/19 19:47:50 082] tts        485  get audio|use local  
[2023/03/19 19:47:50 082] tts        498  local audiolen:  1950  ,ced:  25  
[2023/03/19 19:47:50 082] tts        527  0  udata(800876b8) 1  
[2023/03/19 19:47:50 084] tts        657  TTS_MSG_GETAUDIO  0  
[2023/03/19 19:47:50 084] tts        485  get audio|use local  
[2023/03/19 19:47:50 084] tts        498  local audiolen:  1986  ,ced:  25  
[2023/03/19 19:47:50 084] tts        527  0  udata(80087708) 1  
[2023/03/19 19:47:50 086] tts        657  TTS_MSG_GETAUDIO  0  
[2023/03/19 19:47:50 086] tts        485  get audio|use local  
[2023/03/19 19:47:50 086] tts        498  local audiolen:  1956  ,ced:  25  
[2023/03/19 19:47:50 086] tts        527  0  udata(80087758) 1  
[2023/03/19 19:47:50 087] tts        657  TTS_MSG_GETAUDIO  0  
[2023/03/19 19:47:50 087] tts        485  get audio|use local  
[2023/03/19 19:47:50 087] tts        498  local audiolen:  1152  ,ced:  25  
[2023/03/19 19:47:50 087] tts        527  0  udata(800877a8) 2  
[2023/03/19 19:47:50 103] tts        660  TTS_MSG_SSE  
[2023/03/19 19:47:50 104] tts        585  sse|use local  
[2023/03/19 19:47:50 121] tts        603  tts exit  
