============================================================
Time  2023/05/06 20:09:19 556 
============================================================
[2023/05/06 20:09:19 556] tts        676  SYS_MSG_REGCB param0 =  msp_status_cb  param1 =  func(8c014a30) 
[2023/05/06 20:09:19 559] config     43   use general cloud  
[2023/05/06 20:09:19 564] tts_cloud  1417 SYS_MSG_REGCB_CLOUD param0 =   msp_status_cb  param1 =  func(8c014a30) 
[2023/05/06 20:09:19 564] tts        647  TTS_MSG_SSB  
[2023/05/06 20:09:19 564] tts        375  params =  engine_type = local,voice_name=xiaoyan, text_encoding = UTF8, tts_res_path = fo|res/tts/xiaoyan.jet;fo|res/tts/common.jet, sample_rate = 16000, speed = 80, volume = 50, pitch = 50, rdn = 2  
[2023/05/06 20:09:19 564] tts        412  ssb|use local  
[2023/05/06 20:09:19 564] tts        349  local_session_begin  
[2023/05/06 20:09:19 567] tts        654  TTS_MSG_SYN  0  
[2023/05/06 20:09:19 567] tts        451  synth|use local  
[2023/05/06 20:09:19 570] tts        657  TTS_MSG_GETAUDIO  0  
[2023/05/06 20:09:19 571] tts        485  get audio|use local  
[2023/05/06 20:09:19 571] tts        527  0  nil  1  
[2023/05/06 20:09:19 572] tts        657  TTS_MSG_GETAUDIO  0  
[2023/05/06 20:09:19 572] tts        485  get audio|use local  
[2023/05/06 20:09:19 572] tts        527  0  nil  1  
[2023/05/06 20:09:19 572] tts        657  TTS_MSG_GETAUDIO  0  
[2023/05/06 20:09:19 572] tts        485  get audio|use local  
[2023/05/06 20:09:19 573] tts        527  0  nil  1  
[2023/05/06 20:09:19 574] tts        657  TTS_MSG_GETAUDIO  0  
[2023/05/06 20:09:19 574] tts        485  get audio|use local  
[2023/05/06 20:09:19 574] tts        527  0  nil  1  
[2023/05/06 20:09:19 574] tts        657  TTS_MSG_GETAUDIO  0  
[2023/05/06 20:09:19 575] tts        485  get audio|use local  
[2023/05/06 20:09:19 575] tts        527  0  nil  1  
[2023/05/06 20:09:19 575] tts        657  TTS_MSG_GETAUDIO  0  
[2023/05/06 20:09:19 575] tts        485  get audio|use local  
[2023/05/06 20:09:19 576] tts        527  0  nil  1  
[2023/05/06 20:09:19 576] tts        657  TTS_MSG_GETAUDIO  0  
[2023/05/06 20:09:19 576] tts        485  get audio|use local  
[2023/05/06 20:09:19 577] tts        527  0  nil  1  
[2023/05/06 20:09:19 578] tts        657  TTS_MSG_GETAUDIO  0  
[2023/05/06 20:09:19 578] tts        485  get audio|use local  
[2023/05/06 20:09:19 578] tts        527  0  nil  1  
[2023/05/06 20:09:19 579] tts        657  TTS_MSG_GETAUDIO  0  
[2023/05/06 20:09:19 579] tts        485  get audio|use local  
[2023/05/06 20:09:19 579] tts        527  0  nil  1  
[2023/05/06 20:09:19 580] tts        657  TTS_MSG_GETAUDIO  0  
[2023/05/06 20:09:19 580] tts        485  get audio|use local  
[2023/05/06 20:09:19 580] tts        527  0  nil  1  
[2023/05/06 20:09:19 581] tts        657  TTS_MSG_GETAUDIO  0  
[2023/05/06 20:09:19 581] tts        485  get audio|use local  
[2023/05/06 20:09:19 581] tts        527  0  nil  1  
[2023/05/06 20:09:19 582] tts        657  TTS_MSG_GETAUDIO  0  
[2023/05/06 20:09:19 582] tts        485  get audio|use local  
[2023/05/06 20:09:19 582] tts        527  0  nil  1  
[2023/05/06 20:09:19 583] tts        657  TTS_MSG_GETAUDIO  0  
[2023/05/06 20:09:19 583] tts        485  get audio|use local  
[2023/05/06 20:09:19 583] tts        527  0  nil  1  
[2023/05/06 20:09:19 584] tts        657  TTS_MSG_GETAUDIO  0  
[2023/05/06 20:09:19 584] tts        485  get audio|use local  
[2023/05/06 20:09:19 584] tts        527  0  nil  1  
[2023/05/06 20:09:19 585] tts        657  TTS_MSG_GETAUDIO  0  
[2023/05/06 20:09:19 585] tts        485  get audio|use local  
[2023/05/06 20:09:19 585] tts        527  0  nil  1  
[2023/05/06 20:09:19 586] tts        657  TTS_MSG_GETAUDIO  0  
[2023/05/06 20:09:19 586] tts        485  get audio|use local  
[2023/05/06 20:09:19 586] tts        527  0  nil  1  
[2023/05/06 20:09:19 587] tts        657  TTS_MSG_GETAUDIO  0  
[2023/05/06 20:09:19 587] tts        485  get audio|use local  
[2023/05/06 20:09:19 587] tts        527  0  nil  1  
[2023/05/06 20:09:19 588] tts        657  TTS_MSG_GETAUDIO  0  
[2023/05/06 20:09:19 588] tts        485  get audio|use local  
[2023/05/06 20:09:19 588] tts        527  0  nil  1  
[2023/05/06 20:09:19 589] tts        657  TTS_MSG_GETAUDIO  0  
[2023/05/06 20:09:19 589] tts        485  get audio|use local  
[2023/05/06 20:09:19 589] tts        527  0  nil  1  
[2023/05/06 20:09:19 590] tts        657  TTS_MSG_GETAUDIO  0  
[2023/05/06 20:09:19 590] tts        485  get audio|use local  
[2023/05/06 20:09:19 590] tts        527  0  nil  1  
[2023/05/06 20:09:19 591] tts        657  TTS_MSG_GETAUDIO  0  
[2023/05/06 20:09:19 591] tts        485  get audio|use local  
[2023/05/06 20:09:19 591] tts        527  0  nil  1  
[2023/05/06 20:09:19 592] tts        657  TTS_MSG_GETAUDIO  0  
[2023/05/06 20:09:19 592] tts        485  get audio|use local  
[2023/05/06 20:09:19 592] tts        527  0  nil  1  
[2023/05/06 20:09:19 593] tts        657  TTS_MSG_GETAUDIO  0  
[2023/05/06 20:09:19 593] tts        485  get audio|use local  
[2023/05/06 20:09:19 593] tts        527  0  nil  1  
[2023/05/06 20:09:19 594] tts        657  TTS_MSG_GETAUDIO  0  
[2023/05/06 20:09:19 594] tts        485  get audio|use local  
[2023/05/06 20:09:19 594] tts        527  0  nil  1  
[2023/05/06 20:09:19 594] tts        657  TTS_MSG_GETAUDIO  0  
[2023/05/06 20:09:19 594] tts        485  get audio|use local  
[2023/05/06 20:09:19 594] tts        527  0  nil  1  
[2023/05/06 20:09:19 595] tts        657  TTS_MSG_GETAUDIO  0  
[2023/05/06 20:09:19 595] tts        485  get audio|use local  
[2023/05/06 20:09:19 595] tts        527  0  nil  1  
[2023/05/06 20:09:19 596] tts        657  TTS_MSG_GETAUDIO  0  
[2023/05/06 20:09:19 596] tts        485  get audio|use local  
[2023/05/06 20:09:19 596] tts        527  0  nil  1  
[2023/05/06 20:09:19 597] tts        657  TTS_MSG_GETAUDIO  0  
[2023/05/06 20:09:19 597] tts        485  get audio|use local  
[2023/05/06 20:09:19 597] tts        527  0  nil  1  
[2023/05/06 20:09:19 598] tts        657  TTS_MSG_GETAUDIO  0  
[2023/05/06 20:09:19 598] tts        485  get audio|use local  
[2023/05/06 20:09:19 598] tts        527  0  nil  1  
[2023/05/06 20:09:19 599] tts        657  TTS_MSG_GETAUDIO  0  
[2023/05/06 20:09:19 599] tts        485  get audio|use local  
[2023/05/06 20:09:19 599] tts        527  0  nil  1  
[2023/05/06 20:09:19 600] tts        657  TTS_MSG_GETAUDIO  0  
[2023/05/06 20:09:19 600] tts        485  get audio|use local  
[2023/05/06 20:09:19 600] tts        527  0  nil  1  
[2023/05/06 20:09:19 601] tts        657  TTS_MSG_GETAUDIO  0  
[2023/05/06 20:09:19 601] tts        485  get audio|use local  
[2023/05/06 20:09:19 602] tts        527  0  nil  1  
[2023/05/06 20:09:19 602] tts        657  TTS_MSG_GETAUDIO  0  
[2023/05/06 20:09:19 602] tts        485  get audio|use local  
[2023/05/06 20:09:19 603] tts        527  0  nil  1  
[2023/05/06 20:09:19 603] tts        657  TTS_MSG_GETAUDIO  0  
[2023/05/06 20:09:19 603] tts        485  get audio|use local  
[2023/05/06 20:09:19 604] tts        527  0  nil  1  
[2023/05/06 20:09:19 604] tts        657  TTS_MSG_GETAUDIO  0  
[2023/05/06 20:09:19 605] tts        485  get audio|use local  
[2023/05/06 20:09:19 605] tts        527  0  nil  1  
[2023/05/06 20:09:19 607] tts        657  TTS_MSG_GETAUDIO  0  
[2023/05/06 20:09:19 607] tts        485  get audio|use local  
[2023/05/06 20:09:19 607] tts        527  0  nil  1  
[2023/05/06 20:09:19 608] tts        657  TTS_MSG_GETAUDIO  0  
[2023/05/06 20:09:19 608] tts        485  get audio|use local  
[2023/05/06 20:09:19 609] tts        527  0  nil  1  
[2023/05/06 20:09:19 610] tts        657  TTS_MSG_GETAUDIO  0  
[2023/05/06 20:09:19 610] tts        485  get audio|use local  
[2023/05/06 20:09:19 610] tts        527  0  nil  1  
[2023/05/06 20:09:19 611] tts        657  TTS_MSG_GETAUDIO  0  
[2023/05/06 20:09:19 612] tts        485  get audio|use local  
[2023/05/06 20:09:19 612] tts        527  0  nil  1  
[2023/05/06 20:09:19 614] tts        657  TTS_MSG_GETAUDIO  0  
[2023/05/06 20:09:19 614] tts        485  get audio|use local  
[2023/05/06 20:09:19 614] tts        527  0  nil  1  
[2023/05/06 20:09:19 615] tts        657  TTS_MSG_GETAUDIO  0  
[2023/05/06 20:09:19 615] tts        485  get audio|use local  
[2023/05/06 20:09:19 616] tts        527  0  nil  1  
[2023/05/06 20:09:19 616] tts        299  TTS_LOCAL_CB_BEGIN  
[2023/05/06 20:09:19 617] tts        657  TTS_MSG_GETAUDIO  0  
[2023/05/06 20:09:19 617] tts        485  get audio|use local  
[2023/05/06 20:09:19 617] tts        527  0  nil  1  
[2023/05/06 20:09:19 618] tts        657  TTS_MSG_GETAUDIO  0  
[2023/05/06 20:09:19 618] tts        485  get audio|use local  
[2023/05/06 20:09:19 618] tts        527  0  nil  1  
[2023/05/06 20:09:19 618] tts        657  TTS_MSG_GETAUDIO  0  
[2023/05/06 20:09:19 618] tts        485  get audio|use local  
[2023/05/06 20:09:19 619] tts        527  0  nil  1  
[2023/05/06 20:09:19 619] tts        657  TTS_MSG_GETAUDIO  0  
[2023/05/06 20:09:19 619] tts        485  get audio|use local  
[2023/05/06 20:09:19 619] tts        527  0  nil  1  
[2023/05/06 20:09:19 620] tts        657  TTS_MSG_GETAUDIO  0  
[2023/05/06 20:09:19 620] tts        485  get audio|use local  
[2023/05/06 20:09:19 620] tts        527  0  nil  1  
[2023/05/06 20:09:19 622] tts        657  TTS_MSG_GETAUDIO  0  
[2023/05/06 20:09:19 622] tts        485  get audio|use local  
[2023/05/06 20:09:19 623] tts        527  0  nil  1  
[2023/05/06 20:09:19 623] tts        657  TTS_MSG_GETAUDIO  0  
[2023/05/06 20:09:19 633] tts        485  get audio|use local  
[2023/05/06 20:09:19 633] tts        527  0  nil  1  
[2023/05/06 20:09:19 635] tts        657  TTS_MSG_GETAUDIO  0  
[2023/05/06 20:09:19 635] tts        485  get audio|use local  
[2023/05/06 20:09:19 635] tts        527  0  nil  1  
[2023/05/06 20:09:19 636] tts        657  TTS_MSG_GETAUDIO  0  
[2023/05/06 20:09:19 636] tts        485  get audio|use local  
[2023/05/06 20:09:19 636] tts        527  0  nil  1  
[2023/05/06 20:09:19 639] tts        657  TTS_MSG_GETAUDIO  0  
[2023/05/06 20:09:19 639] tts        485  get audio|use local  
[2023/05/06 20:09:19 639] tts        498  local audiolen:  2024  ,ced:  3  
[2023/05/06 20:09:19 639] tts        527  0  udata(8c087248) 1  
[2023/05/06 20:09:19 642] tts        657  TTS_MSG_GETAUDIO  0  
[2023/05/06 20:09:19 642] tts        485  get audio|use local  
[2023/05/06 20:09:19 642] tts        498  local audiolen:  2016  ,ced:  3  
[2023/05/06 20:09:19 642] tts        527  0  udata(8c07c478) 1  
[2023/05/06 20:09:19 644] tts        301  0  0  
[2023/05/06 20:09:19 644] tts        312  TTS_LOCAL_CB_END,  2  
[2023/05/06 20:09:19 645] tts        657  TTS_MSG_GETAUDIO  0  
[2023/05/06 20:09:19 645] tts        485  get audio|use local  
[2023/05/06 20:09:19 645] tts        498  local audiolen:  1976  ,ced:  3  
[2023/05/06 20:09:19 645] tts        527  0  udata(8c07d198) 1  
[2023/05/06 20:09:19 646] tts        657  TTS_MSG_GETAUDIO  0  
[2023/05/06 20:09:19 646] tts        485  get audio|use local  
[2023/05/06 20:09:19 646] tts        498  local audiolen:  1988  ,ced:  3  
[2023/05/06 20:09:19 647] tts        527  0  udata(8c087428) 1  
[2023/05/06 20:09:19 647] tts        657  TTS_MSG_GETAUDIO  0  
[2023/05/06 20:09:19 647] tts        485  get audio|use local  
[2023/05/06 20:09:19 647] tts        498  local audiolen:  1994  ,ced:  3  
[2023/05/06 20:09:19 648] tts        527  0  udata(8c07ecc8) 1  
[2023/05/06 20:09:19 648] tts        657  TTS_MSG_GETAUDIO  0  
[2023/05/06 20:09:19 648] tts        485  get audio|use local  
[2023/05/06 20:09:19 649] tts        498  local audiolen:  1978  ,ced:  3  
[2023/05/06 20:09:19 649] tts        527  0  udata(8c07ed18) 1  
[2023/05/06 20:09:19 649] tts        657  TTS_MSG_GETAUDIO  0  
[2023/05/06 20:09:19 650] tts        485  get audio|use local  
[2023/05/06 20:09:19 650] tts        498  local audiolen:  1986  ,ced:  3  
[2023/05/06 20:09:19 650] tts        527  0  udata(8c07ed68) 1  
[2023/05/06 20:09:19 650] tts        657  TTS_MSG_GETAUDIO  0  
[2023/05/06 20:09:19 650] tts        485  get audio|use local  
[2023/05/06 20:09:19 651] tts        498  local audiolen:  672  ,ced:  3  
[2023/05/06 20:09:19 651] tts        527  0  udata(8c07d5f8) 2  
[2023/05/06 20:09:19 652] tts        660  TTS_MSG_SSE  
[2023/05/06 20:09:19 653] tts        585  sse|use local  
[2023/05/06 20:09:19 654] tts        603  tts exit  
