============================================================
Time  2023/03/19 20:23:30 515 
============================================================
[2023/03/19 20:23:30 515] tts        676  SYS_MSG_REGCB param0 =  msp_status_cb  param1 =  func(6c014a30) 
[2023/03/19 20:23:30 519] config     43   use general cloud  
[2023/03/19 20:23:30 526] tts_cloud  1417 SYS_MSG_REGCB_CLOUD param0 =   msp_status_cb  param1 =  func(6c014a30) 
[2023/03/19 20:23:30 526] tts        647  TTS_MSG_SSB  
[2023/03/19 20:23:30 526] tts        375  params =  engine_type = local,voice_name=xiaoyan, text_encoding = UTF8, tts_res_path = fo|res/tts/xiaoyan.jet;fo|res/tts/common.jet, sample_rate = 16000, speed = 50, volume = 50, pitch = 50, rdn = 2  
[2023/03/19 20:23:30 527] tts        412  ssb|use local  
[2023/03/19 20:23:30 527] tts        349  local_session_begin  
[2023/03/19 20:23:30 531] tts        654  TTS_MSG_SYN  0  
[2023/03/19 20:23:30 532] tts        451  synth|use local  
[2023/03/19 20:23:30 533] tts        657  TTS_MSG_GETAUDIO  0  
[2023/03/19 20:23:30 533] tts        485  get audio|use local  
[2023/03/19 20:23:30 533] tts        527  0  nil  1  
[2023/03/19 20:23:30 534] tts        657  TTS_MSG_GETAUDIO  0  
[2023/03/19 20:23:30 534] tts        485  get audio|use local  
[2023/03/19 20:23:30 534] tts        527  0  nil  1  
[2023/03/19 20:23:30 535] tts        657  TTS_MSG_GETAUDIO  0  
[2023/03/19 20:23:30 535] tts        485  get audio|use local  
[2023/03/19 20:23:30 535] tts        527  0  nil  1  
[2023/03/19 20:23:30 536] tts        657  TTS_MSG_GETAUDIO  0  
[2023/03/19 20:23:30 536] tts        485  get audio|use local  
[2023/03/19 20:23:30 536] tts        527  0  nil  1  
[2023/03/19 20:23:30 537] tts        657  TTS_MSG_GETAUDIO  0  
[2023/03/19 20:23:30 537] tts        485  get audio|use local  
[2023/03/19 20:23:30 537] tts        527  0  nil  1  
[2023/03/19 20:23:30 538] tts        657  TTS_MSG_GETAUDIO  0  
[2023/03/19 20:23:30 539] tts        485  get audio|use local  
[2023/03/19 20:23:30 539] tts        527  0  nil  1  
[2023/03/19 20:23:30 540] tts        657  TTS_MSG_GETAUDIO  0  
[2023/03/19 20:23:30 540] tts        485  get audio|use local  
[2023/03/19 20:23:30 540] tts        527  0  nil  1  
[2023/03/19 20:23:30 541] tts        657  TTS_MSG_GETAUDIO  0  
[2023/03/19 20:23:30 541] tts        485  get audio|use local  
[2023/03/19 20:23:30 541] tts        527  0  nil  1  
[2023/03/19 20:23:30 542] tts        657  TTS_MSG_GETAUDIO  0  
[2023/03/19 20:23:30 542] tts        485  get audio|use local  
[2023/03/19 20:23:30 542] tts        527  0  nil  1  
[2023/03/19 20:23:30 542] tts        657  TTS_MSG_GETAUDIO  0  
[2023/03/19 20:23:30 542] tts        485  get audio|use local  
[2023/03/19 20:23:30 543] tts        527  0  nil  1  
[2023/03/19 20:23:30 543] tts        657  TTS_MSG_GETAUDIO  0  
[2023/03/19 20:23:30 544] tts        485  get audio|use local  
[2023/03/19 20:23:30 544] tts        527  0  nil  1  
[2023/03/19 20:23:30 544] tts        657  TTS_MSG_GETAUDIO  0  
[2023/03/19 20:23:30 545] tts        485  get audio|use local  
[2023/03/19 20:23:30 545] tts        527  0  nil  1  
[2023/03/19 20:23:30 545] tts        657  TTS_MSG_GETAUDIO  0  
[2023/03/19 20:23:30 546] tts        485  get audio|use local  
[2023/03/19 20:23:30 546] tts        527  0  nil  1  
[2023/03/19 20:23:30 546] tts        657  TTS_MSG_GETAUDIO  0  
[2023/03/19 20:23:30 546] tts        485  get audio|use local  
[2023/03/19 20:23:30 547] tts        527  0  nil  1  
[2023/03/19 20:23:30 547] tts        657  TTS_MSG_GETAUDIO  0  
[2023/03/19 20:23:30 547] tts        485  get audio|use local  
[2023/03/19 20:23:30 547] tts        527  0  nil  1  
[2023/03/19 20:23:30 548] tts        657  TTS_MSG_GETAUDIO  0  
[2023/03/19 20:23:30 548] tts        485  get audio|use local  
[2023/03/19 20:23:30 548] tts        527  0  nil  1  
[2023/03/19 20:23:30 550] tts        657  TTS_MSG_GETAUDIO  0  
[2023/03/19 20:23:30 550] tts        485  get audio|use local  
[2023/03/19 20:23:30 550] tts        527  0  nil  1  
[2023/03/19 20:23:30 551] tts        657  TTS_MSG_GETAUDIO  0  
[2023/03/19 20:23:30 551] tts        485  get audio|use local  
[2023/03/19 20:23:30 551] tts        527  0  nil  1  
[2023/03/19 20:23:30 552] tts        657  TTS_MSG_GETAUDIO  0  
[2023/03/19 20:23:30 552] tts        485  get audio|use local  
[2023/03/19 20:23:30 552] tts        527  0  nil  1  
[2023/03/19 20:23:30 553] tts        657  TTS_MSG_GETAUDIO  0  
[2023/03/19 20:23:30 553] tts        485  get audio|use local  
[2023/03/19 20:23:30 553] tts        527  0  nil  1  
[2023/03/19 20:23:30 554] tts        657  TTS_MSG_GETAUDIO  0  
[2023/03/19 20:23:30 554] tts        485  get audio|use local  
[2023/03/19 20:23:30 554] tts        527  0  nil  1  
[2023/03/19 20:23:30 555] tts        657  TTS_MSG_GETAUDIO  0  
[2023/03/19 20:23:30 555] tts        485  get audio|use local  
[2023/03/19 20:23:30 555] tts        527  0  nil  1  
[2023/03/19 20:23:30 556] tts        657  TTS_MSG_GETAUDIO  0  
[2023/03/19 20:23:30 556] tts        485  get audio|use local  
[2023/03/19 20:23:30 556] tts        527  0  nil  1  
[2023/03/19 20:23:30 558] tts        657  TTS_MSG_GETAUDIO  0  
[2023/03/19 20:23:30 558] tts        485  get audio|use local  
[2023/03/19 20:23:30 558] tts        527  0  nil  1  
[2023/03/19 20:23:30 559] tts        657  TTS_MSG_GETAUDIO  0  
[2023/03/19 20:23:30 559] tts        485  get audio|use local  
[2023/03/19 20:23:30 559] tts        527  0  nil  1  
[2023/03/19 20:23:30 560] tts        657  TTS_MSG_GETAUDIO  0  
[2023/03/19 20:23:30 560] tts        485  get audio|use local  
[2023/03/19 20:23:30 560] tts        527  0  nil  1  
[2023/03/19 20:23:30 561] tts        657  TTS_MSG_GETAUDIO  0  
[2023/03/19 20:23:30 561] tts        485  get audio|use local  
[2023/03/19 20:23:30 561] tts        527  0  nil  1  
[2023/03/19 20:23:30 563] tts        657  TTS_MSG_GETAUDIO  0  
[2023/03/19 20:23:30 563] tts        485  get audio|use local  
[2023/03/19 20:23:30 563] tts        527  0  nil  1  
[2023/03/19 20:23:30 564] tts        657  TTS_MSG_GETAUDIO  0  
[2023/03/19 20:23:30 564] tts        485  get audio|use local  
[2023/03/19 20:23:30 564] tts        527  0  nil  1  
[2023/03/19 20:23:30 565] tts        657  TTS_MSG_GETAUDIO  0  
[2023/03/19 20:23:30 565] tts        485  get audio|use local  
[2023/03/19 20:23:30 565] tts        527  0  nil  1  
[2023/03/19 20:23:30 566] tts        657  TTS_MSG_GETAUDIO  0  
[2023/03/19 20:23:30 566] tts        485  get audio|use local  
[2023/03/19 20:23:30 566] tts        527  0  nil  1  
[2023/03/19 20:23:30 566] tts        657  TTS_MSG_GETAUDIO  0  
[2023/03/19 20:23:30 567] tts        485  get audio|use local  
[2023/03/19 20:23:30 567] tts        527  0  nil  1  
[2023/03/19 20:23:30 567] tts        657  TTS_MSG_GETAUDIO  0  
[2023/03/19 20:23:30 568] tts        485  get audio|use local  
[2023/03/19 20:23:30 568] tts        527  0  nil  1  
[2023/03/19 20:23:30 568] tts        657  TTS_MSG_GETAUDIO  0  
[2023/03/19 20:23:30 568] tts        485  get audio|use local  
[2023/03/19 20:23:30 569] tts        527  0  nil  1  
[2023/03/19 20:23:30 570] tts        657  TTS_MSG_GETAUDIO  0  
[2023/03/19 20:23:30 570] tts        485  get audio|use local  
[2023/03/19 20:23:30 570] tts        527  0  nil  1  
[2023/03/19 20:23:30 571] tts        657  TTS_MSG_GETAUDIO  0  
[2023/03/19 20:23:30 571] tts        485  get audio|use local  
[2023/03/19 20:23:30 571] tts        527  0  nil  1  
[2023/03/19 20:23:30 573] tts        657  TTS_MSG_GETAUDIO  0  
[2023/03/19 20:23:30 573] tts        485  get audio|use local  
[2023/03/19 20:23:30 573] tts        527  0  nil  1  
[2023/03/19 20:23:30 574] tts        657  TTS_MSG_GETAUDIO  0  
[2023/03/19 20:23:30 574] tts        485  get audio|use local  
[2023/03/19 20:23:30 574] tts        527  0  nil  1  
[2023/03/19 20:23:30 575] tts        657  TTS_MSG_GETAUDIO  0  
[2023/03/19 20:23:30 576] tts        485  get audio|use local  
[2023/03/19 20:23:30 576] tts        527  0  nil  1  
[2023/03/19 20:23:30 580] tts        657  TTS_MSG_GETAUDIO  0  
[2023/03/19 20:23:30 580] tts        485  get audio|use local  
[2023/03/19 20:23:30 580] tts        527  0  nil  1  
[2023/03/19 20:23:30 581] tts        657  TTS_MSG_GETAUDIO  0  
[2023/03/19 20:23:30 581] tts        485  get audio|use local  
[2023/03/19 20:23:30 581] tts        527  0  nil  1  
[2023/03/19 20:23:30 582] tts        657  TTS_MSG_GETAUDIO  0  
[2023/03/19 20:23:30 582] tts        485  get audio|use local  
[2023/03/19 20:23:30 582] tts        527  0  nil  1  
[2023/03/19 20:23:30 583] tts        657  TTS_MSG_GETAUDIO  0  
[2023/03/19 20:23:30 583] tts        485  get audio|use local  
[2023/03/19 20:23:30 583] tts        527  0  nil  1  
[2023/03/19 20:23:30 584] tts        657  TTS_MSG_GETAUDIO  0  
[2023/03/19 20:23:30 584] tts        485  get audio|use local  
[2023/03/19 20:23:30 584] tts        527  0  nil  1  
[2023/03/19 20:23:30 585] tts        657  TTS_MSG_GETAUDIO  0  
[2023/03/19 20:23:30 585] tts        485  get audio|use local  
[2023/03/19 20:23:30 585] tts        527  0  nil  1  
[2023/03/19 20:23:30 585] tts        657  TTS_MSG_GETAUDIO  0  
[2023/03/19 20:23:30 585] tts        485  get audio|use local  
[2023/03/19 20:23:30 585] tts        527  0  nil  1  
[2023/03/19 20:23:30 586] tts        657  TTS_MSG_GETAUDIO  0  
[2023/03/19 20:23:30 586] tts        485  get audio|use local  
[2023/03/19 20:23:30 586] tts        527  0  nil  1  
[2023/03/19 20:23:30 587] tts        657  TTS_MSG_GETAUDIO  0  
[2023/03/19 20:23:30 588] tts        485  get audio|use local  
[2023/03/19 20:23:30 588] tts        527  0  nil  1  
[2023/03/19 20:23:30 589] tts        657  TTS_MSG_GETAUDIO  0  
[2023/03/19 20:23:30 590] tts        485  get audio|use local  
[2023/03/19 20:23:30 590] tts        527  0  nil  1  
[2023/03/19 20:23:30 590] tts        657  TTS_MSG_GETAUDIO  0  
[2023/03/19 20:23:30 590] tts        485  get audio|use local  
[2023/03/19 20:23:30 591] tts        527  0  nil  1  
[2023/03/19 20:23:30 591] tts        657  TTS_MSG_GETAUDIO  0  
[2023/03/19 20:23:30 591] tts        485  get audio|use local  
[2023/03/19 20:23:30 592] tts        527  0  nil  1  
[2023/03/19 20:23:30 592] tts        657  TTS_MSG_GETAUDIO  0  
[2023/03/19 20:23:30 593] tts        485  get audio|use local  
[2023/03/19 20:23:30 593] tts        527  0  nil  1  
[2023/03/19 20:23:30 594] tts        657  TTS_MSG_GETAUDIO  0  
[2023/03/19 20:23:30 594] tts        485  get audio|use local  
[2023/03/19 20:23:30 595] tts        527  0  nil  1  
[2023/03/19 20:23:30 596] tts        657  TTS_MSG_GETAUDIO  0  
[2023/03/19 20:23:30 596] tts        485  get audio|use local  
[2023/03/19 20:23:30 596] tts        527  0  nil  1  
[2023/03/19 20:23:30 600] tts        657  TTS_MSG_GETAUDIO  0  
[2023/03/19 20:23:30 600] tts        485  get audio|use local  
[2023/03/19 20:23:30 600] tts        527  0  nil  1  
[2023/03/19 20:23:30 602] tts        657  TTS_MSG_GETAUDIO  0  
[2023/03/19 20:23:30 602] tts        485  get audio|use local  
[2023/03/19 20:23:30 602] tts        527  0  nil  1  
[2023/03/19 20:23:30 603] tts        657  TTS_MSG_GETAUDIO  0  
[2023/03/19 20:23:30 603] tts        485  get audio|use local  
[2023/03/19 20:23:30 603] tts        527  0  nil  1  
[2023/03/19 20:23:30 605] tts        657  TTS_MSG_GETAUDIO  0  
[2023/03/19 20:23:30 605] tts        485  get audio|use local  
[2023/03/19 20:23:30 605] tts        527  0  nil  1  
[2023/03/19 20:23:30 606] tts        657  TTS_MSG_GETAUDIO  0  
[2023/03/19 20:23:30 606] tts        485  get audio|use local  
[2023/03/19 20:23:30 606] tts        527  0  nil  1  
[2023/03/19 20:23:30 607] tts        657  TTS_MSG_GETAUDIO  0  
[2023/03/19 20:23:30 607] tts        485  get audio|use local  
[2023/03/19 20:23:30 608] tts        527  0  nil  1  
[2023/03/19 20:23:30 609] tts        657  TTS_MSG_GETAUDIO  0  
[2023/03/19 20:23:30 609] tts        485  get audio|use local  
[2023/03/19 20:23:30 609] tts        527  0  nil  1  
[2023/03/19 20:23:30 612] tts        657  TTS_MSG_GETAUDIO  0  
[2023/03/19 20:23:30 612] tts        485  get audio|use local  
[2023/03/19 20:23:30 612] tts        527  0  nil  1  
[2023/03/19 20:23:30 622] tts        657  TTS_MSG_GETAUDIO  0  
[2023/03/19 20:23:30 622] tts        485  get audio|use local  
[2023/03/19 20:23:30 622] tts        527  0  nil  1  
[2023/03/19 20:23:30 623] tts        657  TTS_MSG_GETAUDIO  0  
[2023/03/19 20:23:30 623] tts        485  get audio|use local  
[2023/03/19 20:23:30 623] tts        527  0  nil  1  
[2023/03/19 20:23:30 627] tts        657  TTS_MSG_GETAUDIO  0  
[2023/03/19 20:23:30 628] tts        485  get audio|use local  
[2023/03/19 20:23:30 628] tts        527  0  nil  1  
[2023/03/19 20:23:30 628] tts        657  TTS_MSG_GETAUDIO  0  
[2023/03/19 20:23:30 629] tts        485  get audio|use local  
[2023/03/19 20:23:30 629] tts        527  0  nil  1  
[2023/03/19 20:23:30 630] tts        657  TTS_MSG_GETAUDIO  0  
[2023/03/19 20:23:30 630] tts        485  get audio|use local  
[2023/03/19 20:23:30 630] tts        527  0  nil  1  
[2023/03/19 20:23:30 631] tts        657  TTS_MSG_GETAUDIO  0  
[2023/03/19 20:23:30 631] tts        485  get audio|use local  
[2023/03/19 20:23:30 632] tts        527  0  nil  1  
[2023/03/19 20:23:30 633] tts        657  TTS_MSG_GETAUDIO  0  
[2023/03/19 20:23:30 633] tts        485  get audio|use local  
[2023/03/19 20:23:30 633] tts        527  0  nil  1  
[2023/03/19 20:23:30 634] tts        657  TTS_MSG_GETAUDIO  0  
[2023/03/19 20:23:30 634] tts        485  get audio|use local  
[2023/03/19 20:23:30 634] tts        527  0  nil  1  
[2023/03/19 20:23:30 635] tts        657  TTS_MSG_GETAUDIO  0  
[2023/03/19 20:23:30 635] tts        485  get audio|use local  
[2023/03/19 20:23:30 635] tts        527  0  nil  1  
[2023/03/19 20:23:30 636] tts        657  TTS_MSG_GETAUDIO  0  
[2023/03/19 20:23:30 636] tts        485  get audio|use local  
[2023/03/19 20:23:30 636] tts        527  0  nil  1  
[2023/03/19 20:23:30 637] tts        657  TTS_MSG_GETAUDIO  0  
[2023/03/19 20:23:30 637] tts        485  get audio|use local  
[2023/03/19 20:23:30 637] tts        527  0  nil  1  
[2023/03/19 20:23:30 638] tts        657  TTS_MSG_GETAUDIO  0  
[2023/03/19 20:23:30 638] tts        485  get audio|use local  
[2023/03/19 20:23:30 638] tts        527  0  nil  1  
[2023/03/19 20:23:30 638] tts        657  TTS_MSG_GETAUDIO  0  
[2023/03/19 20:23:30 639] tts        485  get audio|use local  
[2023/03/19 20:23:30 639] tts        527  0  nil  1  
[2023/03/19 20:23:30 639] tts        657  TTS_MSG_GETAUDIO  0  
[2023/03/19 20:23:30 639] tts        485  get audio|use local  
[2023/03/19 20:23:30 639] tts        527  0  nil  1  
[2023/03/19 20:23:30 640] tts        657  TTS_MSG_GETAUDIO  0  
[2023/03/19 20:23:30 640] tts        485  get audio|use local  
[2023/03/19 20:23:30 640] tts        527  0  nil  1  
[2023/03/19 20:23:30 641] tts        657  TTS_MSG_GETAUDIO  0  
[2023/03/19 20:23:30 641] tts        485  get audio|use local  
[2023/03/19 20:23:30 641] tts        527  0  nil  1  
[2023/03/19 20:23:30 642] tts        657  TTS_MSG_GETAUDIO  0  
[2023/03/19 20:23:30 642] tts        485  get audio|use local  
[2023/03/19 20:23:30 642] tts        527  0  nil  1  
[2023/03/19 20:23:30 642] tts        657  TTS_MSG_GETAUDIO  0  
[2023/03/19 20:23:30 643] tts        485  get audio|use local  
[2023/03/19 20:23:30 643] tts        527  0  nil  1  
[2023/03/19 20:23:30 643] tts        657  TTS_MSG_GETAUDIO  0  
[2023/03/19 20:23:30 643] tts        485  get audio|use local  
[2023/03/19 20:23:30 644] tts        527  0  nil  1  
[2023/03/19 20:23:30 644] tts        657  TTS_MSG_GETAUDIO  0  
[2023/03/19 20:23:30 644] tts        485  get audio|use local  
[2023/03/19 20:23:30 644] tts        527  0  nil  1  
[2023/03/19 20:23:30 645] tts        657  TTS_MSG_GETAUDIO  0  
[2023/03/19 20:23:30 645] tts        485  get audio|use local  
[2023/03/19 20:23:30 645] tts        527  0  nil  1  
[2023/03/19 20:23:30 646] tts        657  TTS_MSG_GETAUDIO  0  
[2023/03/19 20:23:30 646] tts        485  get audio|use local  
[2023/03/19 20:23:30 646] tts        527  0  nil  1  
[2023/03/19 20:23:30 647] tts        657  TTS_MSG_GETAUDIO  0  
[2023/03/19 20:23:30 647] tts        485  get audio|use local  
[2023/03/19 20:23:30 647] tts        527  0  nil  1  
[2023/03/19 20:23:30 648] tts        657  TTS_MSG_GETAUDIO  0  
[2023/03/19 20:23:30 648] tts        485  get audio|use local  
[2023/03/19 20:23:30 648] tts        527  0  nil  1  
[2023/03/19 20:23:30 649] tts        657  TTS_MSG_GETAUDIO  0  
[2023/03/19 20:23:30 649] tts        485  get audio|use local  
[2023/03/19 20:23:30 649] tts        527  0  nil  1  
[2023/03/19 20:23:30 650] tts        657  TTS_MSG_GETAUDIO  0  
[2023/03/19 20:23:30 650] tts        485  get audio|use local  
[2023/03/19 20:23:30 650] tts        527  0  nil  1  
[2023/03/19 20:23:30 651] tts        657  TTS_MSG_GETAUDIO  0  
[2023/03/19 20:23:30 652] tts        485  get audio|use local  
[2023/03/19 20:23:30 653] tts        527  0  nil  1  
[2023/03/19 20:23:30 654] tts        657  TTS_MSG_GETAUDIO  0  
[2023/03/19 20:23:30 654] tts        485  get audio|use local  
[2023/03/19 20:23:30 654] tts        527  0  nil  1  
[2023/03/19 20:23:30 655] tts        657  TTS_MSG_GETAUDIO  0  
[2023/03/19 20:23:30 655] tts        485  get audio|use local  
[2023/03/19 20:23:30 655] tts        527  0  nil  1  
[2023/03/19 20:23:30 659] tts        657  TTS_MSG_GETAUDIO  0  
[2023/03/19 20:23:30 659] tts        485  get audio|use local  
[2023/03/19 20:23:30 660] tts        527  0  nil  1  
[2023/03/19 20:23:30 661] tts        657  TTS_MSG_GETAUDIO  0  
[2023/03/19 20:23:30 661] tts        485  get audio|use local  
[2023/03/19 20:23:30 661] tts        527  0  nil  1  
[2023/03/19 20:23:30 662] tts        299  TTS_LOCAL_CB_BEGIN  
[2023/03/19 20:23:30 663] tts        657  TTS_MSG_GETAUDIO  0  
[2023/03/19 20:23:30 663] tts        485  get audio|use local  
[2023/03/19 20:23:30 663] tts        498  local audiolen:  2042  ,ced:  6  
[2023/03/19 20:23:30 664] tts        527  0  udata(6c07f1e8) 1  
[2023/03/19 20:23:30 664] tts        657  TTS_MSG_GETAUDIO  0  
[2023/03/19 20:23:30 664] tts        485  get audio|use local  
[2023/03/19 20:23:30 665] tts        498  local audiolen:  2016  ,ced:  6  
[2023/03/19 20:23:30 665] tts        527  0  udata(6c07f2d8) 1  
[2023/03/19 20:23:30 665] tts        657  TTS_MSG_GETAUDIO  0  
[2023/03/19 20:23:30 666] tts        485  get audio|use local  
[2023/03/19 20:23:30 666] tts        527  0  nil  1  
[2023/03/19 20:23:30 666] tts        657  TTS_MSG_GETAUDIO  0  
[2023/03/19 20:23:30 666] tts        485  get audio|use local  
[2023/03/19 20:23:30 666] tts        527  0  nil  1  
[2023/03/19 20:23:30 667] tts        657  TTS_MSG_GETAUDIO  0  
[2023/03/19 20:23:30 667] tts        485  get audio|use local  
[2023/03/19 20:23:30 667] tts        527  0  nil  1  
[2023/03/19 20:23:30 668] tts        657  TTS_MSG_GETAUDIO  0  
[2023/03/19 20:23:30 668] tts        485  get audio|use local  
[2023/03/19 20:23:30 668] tts        527  0  nil  1  
[2023/03/19 20:23:30 669] tts        657  TTS_MSG_GETAUDIO  0  
[2023/03/19 20:23:30 669] tts        485  get audio|use local  
[2023/03/19 20:23:30 669] tts        527  0  nil  1  
[2023/03/19 20:23:30 669] tts        657  TTS_MSG_GETAUDIO  0  
[2023/03/19 20:23:30 669] tts        485  get audio|use local  
[2023/03/19 20:23:30 670] tts        527  0  nil  1  
[2023/03/19 20:23:30 670] tts        657  TTS_MSG_GETAUDIO  0  
[2023/03/19 20:23:30 670] tts        485  get audio|use local  
[2023/03/19 20:23:30 670] tts        527  0  nil  1  
[2023/03/19 20:23:30 672] tts        657  TTS_MSG_GETAUDIO  0  
[2023/03/19 20:23:30 672] tts        485  get audio|use local  
[2023/03/19 20:23:30 672] tts        527  0  nil  1  
[2023/03/19 20:23:30 672] tts        657  TTS_MSG_GETAUDIO  0  
[2023/03/19 20:23:30 672] tts        485  get audio|use local  
[2023/03/19 20:23:30 673] tts        527  0  nil  1  
[2023/03/19 20:23:30 673] tts        657  TTS_MSG_GETAUDIO  0  
[2023/03/19 20:23:30 673] tts        485  get audio|use local  
[2023/03/19 20:23:30 673] tts        527  0  nil  1  
[2023/03/19 20:23:30 674] tts        657  TTS_MSG_GETAUDIO  0  
[2023/03/19 20:23:30 675] tts        485  get audio|use local  
[2023/03/19 20:23:30 675] tts        527  0  nil  1  
[2023/03/19 20:23:30 675] tts        657  TTS_MSG_GETAUDIO  0  
[2023/03/19 20:23:30 676] tts        485  get audio|use local  
[2023/03/19 20:23:30 676] tts        527  0  nil  1  
[2023/03/19 20:23:30 676] tts        657  TTS_MSG_GETAUDIO  0  
[2023/03/19 20:23:30 677] tts        485  get audio|use local  
[2023/03/19 20:23:30 677] tts        527  0  nil  1  
[2023/03/19 20:23:30 677] tts        657  TTS_MSG_GETAUDIO  0  
[2023/03/19 20:23:30 677] tts        485  get audio|use local  
[2023/03/19 20:23:30 678] tts        527  0  nil  1  
[2023/03/19 20:23:30 678] tts        657  TTS_MSG_GETAUDIO  0  
[2023/03/19 20:23:30 678] tts        485  get audio|use local  
[2023/03/19 20:23:30 678] tts        527  0  nil  1  
[2023/03/19 20:23:30 679] tts        657  TTS_MSG_GETAUDIO  0  
[2023/03/19 20:23:30 679] tts        485  get audio|use local  
[2023/03/19 20:23:30 679] tts        527  0  nil  1  
[2023/03/19 20:23:30 680] tts        657  TTS_MSG_GETAUDIO  0  
[2023/03/19 20:23:30 680] tts        485  get audio|use local  
[2023/03/19 20:23:30 680] tts        527  0  nil  1  
[2023/03/19 20:23:30 697] tts        657  TTS_MSG_GETAUDIO  0  
[2023/03/19 20:23:30 697] tts        485  get audio|use local  
[2023/03/19 20:23:30 697] tts        498  local audiolen:  1964  ,ced:  6  
[2023/03/19 20:23:30 699] tts        527  0  udata(6c07c988) 1  
[2023/03/19 20:23:30 703] tts        657  TTS_MSG_GETAUDIO  0  
[2023/03/19 20:23:30 703] tts        485  get audio|use local  
[2023/03/19 20:23:30 704] tts        498  local audiolen:  2024  ,ced:  6  
[2023/03/19 20:23:30 704] tts        527  0  udata(6c087dd8) 1  
[2023/03/19 20:23:30 711] tts        657  TTS_MSG_GETAUDIO  0  
[2023/03/19 20:23:30 711] tts        485  get audio|use local  
[2023/03/19 20:23:30 711] tts        498  local audiolen:  2030  ,ced:  6  
[2023/03/19 20:23:30 711] tts        527  0  udata(6c087f28) 1  
[2023/03/19 20:23:30 713] tts        301  0  0  
[2023/03/19 20:23:30 713] tts        312  TTS_LOCAL_CB_END,  2  
[2023/03/19 20:23:30 714] tts        657  TTS_MSG_GETAUDIO  0  
[2023/03/19 20:23:30 714] tts        485  get audio|use local  
[2023/03/19 20:23:30 714] tts        498  local audiolen:  1980  ,ced:  6  
[2023/03/19 20:23:30 714] tts        527  0  udata(6c088118) 1  
[2023/03/19 20:23:30 716] tts        657  TTS_MSG_GETAUDIO  0  
[2023/03/19 20:23:30 716] tts        485  get audio|use local  
[2023/03/19 20:23:30 716] tts        498  local audiolen:  1992  ,ced:  6  
[2023/03/19 20:23:30 716] tts        527  0  udata(6c088168) 1  
[2023/03/19 20:23:30 719] tts        657  TTS_MSG_GETAUDIO  0  
[2023/03/19 20:23:30 720] tts        485  get audio|use local  
[2023/03/19 20:23:30 720] tts        498  local audiolen:  1882  ,ced:  6  
[2023/03/19 20:23:30 720] tts        527  0  udata(6c087b78) 1  
[2023/03/19 20:23:30 721] tts        657  TTS_MSG_GETAUDIO  0  
[2023/03/19 20:23:30 721] tts        485  get audio|use local  
[2023/03/19 20:23:30 721] tts        498  local audiolen:  1948  ,ced:  6  
[2023/03/19 20:23:30 721] tts        527  0  udata(6c0881b8) 1  
[2023/03/19 20:23:30 722] tts        657  TTS_MSG_GETAUDIO  0  
[2023/03/19 20:23:30 722] tts        485  get audio|use local  
[2023/03/19 20:23:30 722] tts        498  local audiolen:  2006  ,ced:  6  
[2023/03/19 20:23:30 722] tts        527  0  udata(6c087408) 1  
[2023/03/19 20:23:30 723] tts        657  TTS_MSG_GETAUDIO  0  
[2023/03/19 20:23:30 723] tts        485  get audio|use local  
[2023/03/19 20:23:30 724] tts        498  local audiolen:  576  ,ced:  6  
[2023/03/19 20:23:30 724] tts        527  0  udata(6c0876a8) 2  
[2023/03/19 20:23:30 727] tts        660  TTS_MSG_SSE  
[2023/03/19 20:23:30 730] tts        585  sse|use local  
[2023/03/19 20:23:30 731] tts        603  tts exit  
