============================================================
Time  2023/05/06 20:07:30 775 
============================================================
[2023/05/06 20:07:30 776] tts        676  SYS_MSG_REGCB param0 =  msp_status_cb  param1 =  func(8c014a30) 
[2023/05/06 20:07:30 778] config     43   use general cloud  
[2023/05/06 20:07:30 784] tts_cloud  1417 SYS_MSG_REGCB_CLOUD param0 =   msp_status_cb  param1 =  func(8c014a30) 
[2023/05/06 20:07:30 785] tts        647  TTS_MSG_SSB  
[2023/05/06 20:07:30 785] tts        375  params =  engine_type = local,voice_name=xiaoyan, text_encoding = UTF8, tts_res_path = fo|res/tts/xiaoyan.jet;fo|res/tts/common.jet, sample_rate = 16000, speed = 80, volume = 50, pitch = 50, rdn = 2  
[2023/05/06 20:07:30 785] tts        412  ssb|use local  
[2023/05/06 20:07:30 785] tts        349  local_session_begin  
[2023/05/06 20:07:30 788] tts        654  TTS_MSG_SYN  0  
[2023/05/06 20:07:30 789] tts        451  synth|use local  
[2023/05/06 20:07:30 790] tts        657  TTS_MSG_GETAUDIO  0  
[2023/05/06 20:07:30 790] tts        485  get audio|use local  
[2023/05/06 20:07:30 790] tts        527  0  nil  1  
[2023/05/06 20:07:30 790] tts        657  TTS_MSG_GETAUDIO  0  
[2023/05/06 20:07:30 791] tts        485  get audio|use local  
[2023/05/06 20:07:30 791] tts        527  0  nil  1  
[2023/05/06 20:07:30 791] tts        657  TTS_MSG_GETAUDIO  0  
[2023/05/06 20:07:30 791] tts        485  get audio|use local  
[2023/05/06 20:07:30 792] tts        527  0  nil  1  
[2023/05/06 20:07:30 792] tts        657  TTS_MSG_GETAUDIO  0  
[2023/05/06 20:07:30 793] tts        485  get audio|use local  
[2023/05/06 20:07:30 793] tts        527  0  nil  1  
[2023/05/06 20:07:30 794] tts        657  TTS_MSG_GETAUDIO  0  
[2023/05/06 20:07:30 794] tts        485  get audio|use local  
[2023/05/06 20:07:30 794] tts        527  0  nil  1  
[2023/05/06 20:07:30 795] tts        657  TTS_MSG_GETAUDIO  0  
[2023/05/06 20:07:30 795] tts        485  get audio|use local  
[2023/05/06 20:07:30 795] tts        527  0  nil  1  
[2023/05/06 20:07:30 796] tts        657  TTS_MSG_GETAUDIO  0  
[2023/05/06 20:07:30 796] tts        485  get audio|use local  
[2023/05/06 20:07:30 796] tts        527  0  nil  1  
[2023/05/06 20:07:30 797] tts        657  TTS_MSG_GETAUDIO  0  
[2023/05/06 20:07:30 797] tts        485  get audio|use local  
[2023/05/06 20:07:30 797] tts        527  0  nil  1  
[2023/05/06 20:07:30 797] tts        657  TTS_MSG_GETAUDIO  0  
[2023/05/06 20:07:30 798] tts        485  get audio|use local  
[2023/05/06 20:07:30 798] tts        527  0  nil  1  
[2023/05/06 20:07:30 798] tts        657  TTS_MSG_GETAUDIO  0  
[2023/05/06 20:07:30 799] tts        485  get audio|use local  
[2023/05/06 20:07:30 799] tts        527  0  nil  1  
[2023/05/06 20:07:30 799] tts        657  TTS_MSG_GETAUDIO  0  
[2023/05/06 20:07:30 799] tts        485  get audio|use local  
[2023/05/06 20:07:30 800] tts        527  0  nil  1  
[2023/05/06 20:07:30 800] tts        657  TTS_MSG_GETAUDIO  0  
[2023/05/06 20:07:30 800] tts        485  get audio|use local  
[2023/05/06 20:07:30 800] tts        527  0  nil  1  
[2023/05/06 20:07:30 801] tts        657  TTS_MSG_GETAUDIO  0  
[2023/05/06 20:07:30 801] tts        485  get audio|use local  
[2023/05/06 20:07:30 801] tts        527  0  nil  1  
[2023/05/06 20:07:30 802] tts        657  TTS_MSG_GETAUDIO  0  
[2023/05/06 20:07:30 802] tts        485  get audio|use local  
[2023/05/06 20:07:30 802] tts        527  0  nil  1  
[2023/05/06 20:07:30 803] tts        657  TTS_MSG_GETAUDIO  0  
[2023/05/06 20:07:30 803] tts        485  get audio|use local  
[2023/05/06 20:07:30 803] tts        527  0  nil  1  
[2023/05/06 20:07:30 804] tts        657  TTS_MSG_GETAUDIO  0  
[2023/05/06 20:07:30 804] tts        485  get audio|use local  
[2023/05/06 20:07:30 804] tts        527  0  nil  1  
[2023/05/06 20:07:30 805] tts        657  TTS_MSG_GETAUDIO  0  
[2023/05/06 20:07:30 806] tts        485  get audio|use local  
[2023/05/06 20:07:30 806] tts        527  0  nil  1  
[2023/05/06 20:07:30 807] tts        657  TTS_MSG_GETAUDIO  0  
[2023/05/06 20:07:30 807] tts        485  get audio|use local  
[2023/05/06 20:07:30 807] tts        527  0  nil  1  
[2023/05/06 20:07:30 808] tts        657  TTS_MSG_GETAUDIO  0  
[2023/05/06 20:07:30 808] tts        485  get audio|use local  
[2023/05/06 20:07:30 808] tts        527  0  nil  1  
[2023/05/06 20:07:30 809] tts        657  TTS_MSG_GETAUDIO  0  
[2023/05/06 20:07:30 809] tts        485  get audio|use local  
[2023/05/06 20:07:30 809] tts        527  0  nil  1  
[2023/05/06 20:07:30 810] tts        657  TTS_MSG_GETAUDIO  0  
[2023/05/06 20:07:30 810] tts        485  get audio|use local  
[2023/05/06 20:07:30 811] tts        527  0  nil  1  
[2023/05/06 20:07:30 811] tts        657  TTS_MSG_GETAUDIO  0  
[2023/05/06 20:07:30 811] tts        485  get audio|use local  
[2023/05/06 20:07:30 812] tts        527  0  nil  1  
[2023/05/06 20:07:30 812] tts        657  TTS_MSG_GETAUDIO  0  
[2023/05/06 20:07:30 812] tts        485  get audio|use local  
[2023/05/06 20:07:30 813] tts        527  0  nil  1  
[2023/05/06 20:07:30 813] tts        657  TTS_MSG_GETAUDIO  0  
[2023/05/06 20:07:30 813] tts        485  get audio|use local  
[2023/05/06 20:07:30 813] tts        527  0  nil  1  
[2023/05/06 20:07:30 814] tts        657  TTS_MSG_GETAUDIO  0  
[2023/05/06 20:07:30 814] tts        485  get audio|use local  
[2023/05/06 20:07:30 815] tts        527  0  nil  1  
[2023/05/06 20:07:30 815] tts        657  TTS_MSG_GETAUDIO  0  
[2023/05/06 20:07:30 815] tts        485  get audio|use local  
[2023/05/06 20:07:30 815] tts        527  0  nil  1  
[2023/05/06 20:07:30 816] tts        657  TTS_MSG_GETAUDIO  0  
[2023/05/06 20:07:30 816] tts        485  get audio|use local  
[2023/05/06 20:07:30 817] tts        527  0  nil  1  
[2023/05/06 20:07:30 818] tts        657  TTS_MSG_GETAUDIO  0  
[2023/05/06 20:07:30 818] tts        485  get audio|use local  
[2023/05/06 20:07:30 818] tts        527  0  nil  1  
[2023/05/06 20:07:30 818] tts        657  TTS_MSG_GETAUDIO  0  
[2023/05/06 20:07:30 819] tts        485  get audio|use local  
[2023/05/06 20:07:30 819] tts        527  0  nil  1  
[2023/05/06 20:07:30 820] tts        657  TTS_MSG_GETAUDIO  0  
[2023/05/06 20:07:30 820] tts        485  get audio|use local  
[2023/05/06 20:07:30 820] tts        527  0  nil  1  
[2023/05/06 20:07:30 820] tts        657  TTS_MSG_GETAUDIO  0  
[2023/05/06 20:07:30 821] tts        485  get audio|use local  
[2023/05/06 20:07:30 821] tts        527  0  nil  1  
[2023/05/06 20:07:30 822] tts        657  TTS_MSG_GETAUDIO  0  
[2023/05/06 20:07:30 822] tts        485  get audio|use local  
[2023/05/06 20:07:30 822] tts        527  0  nil  1  
[2023/05/06 20:07:30 822] tts        657  TTS_MSG_GETAUDIO  0  
[2023/05/06 20:07:30 823] tts        485  get audio|use local  
[2023/05/06 20:07:30 823] tts        527  0  nil  1  
[2023/05/06 20:07:30 823] tts        657  TTS_MSG_GETAUDIO  0  
[2023/05/06 20:07:30 823] tts        485  get audio|use local  
[2023/05/06 20:07:30 823] tts        527  0  nil  1  
[2023/05/06 20:07:30 824] tts        657  TTS_MSG_GETAUDIO  0  
[2023/05/06 20:07:30 824] tts        485  get audio|use local  
[2023/05/06 20:07:30 824] tts        527  0  nil  1  
[2023/05/06 20:07:30 825] tts        657  TTS_MSG_GETAUDIO  0  
[2023/05/06 20:07:30 825] tts        485  get audio|use local  
[2023/05/06 20:07:30 825] tts        527  0  nil  1  
[2023/05/06 20:07:30 826] tts        657  TTS_MSG_GETAUDIO  0  
[2023/05/06 20:07:30 826] tts        485  get audio|use local  
[2023/05/06 20:07:30 826] tts        527  0  nil  1  
[2023/05/06 20:07:30 827] tts        657  TTS_MSG_GETAUDIO  0  
[2023/05/06 20:07:30 827] tts        485  get audio|use local  
[2023/05/06 20:07:30 827] tts        527  0  nil  1  
[2023/05/06 20:07:30 828] tts        657  TTS_MSG_GETAUDIO  0  
[2023/05/06 20:07:30 828] tts        485  get audio|use local  
[2023/05/06 20:07:30 828] tts        527  0  nil  1  
[2023/05/06 20:07:30 829] tts        657  TTS_MSG_GETAUDIO  0  
[2023/05/06 20:07:30 829] tts        485  get audio|use local  
[2023/05/06 20:07:30 830] tts        527  0  nil  1  
[2023/05/06 20:07:30 830] tts        657  TTS_MSG_GETAUDIO  0  
[2023/05/06 20:07:30 831] tts        485  get audio|use local  
[2023/05/06 20:07:30 831] tts        527  0  nil  1  
[2023/05/06 20:07:30 831] tts        657  TTS_MSG_GETAUDIO  0  
[2023/05/06 20:07:30 832] tts        485  get audio|use local  
[2023/05/06 20:07:30 832] tts        527  0  nil  1  
[2023/05/06 20:07:30 834] tts        657  TTS_MSG_GETAUDIO  0  
[2023/05/06 20:07:30 834] tts        485  get audio|use local  
[2023/05/06 20:07:30 834] tts        527  0  nil  1  
[2023/05/06 20:07:30 835] tts        657  TTS_MSG_GETAUDIO  0  
[2023/05/06 20:07:30 835] tts        485  get audio|use local  
[2023/05/06 20:07:30 835] tts        527  0  nil  1  
[2023/05/06 20:07:30 838] tts        657  TTS_MSG_GETAUDIO  0  
[2023/05/06 20:07:30 838] tts        485  get audio|use local  
[2023/05/06 20:07:30 838] tts        527  0  nil  1  
[2023/05/06 20:07:30 839] tts        657  TTS_MSG_GETAUDIO  0  
[2023/05/06 20:07:30 839] tts        485  get audio|use local  
[2023/05/06 20:07:30 839] tts        527  0  nil  1  
[2023/05/06 20:07:30 840] tts        657  TTS_MSG_GETAUDIO  0  
[2023/05/06 20:07:30 840] tts        485  get audio|use local  
[2023/05/06 20:07:30 840] tts        527  0  nil  1  
[2023/05/06 20:07:30 842] tts        657  TTS_MSG_GETAUDIO  0  
[2023/05/06 20:07:30 842] tts        485  get audio|use local  
[2023/05/06 20:07:30 842] tts        527  0  nil  1  
[2023/05/06 20:07:30 845] tts        657  TTS_MSG_GETAUDIO  0  
[2023/05/06 20:07:30 845] tts        485  get audio|use local  
[2023/05/06 20:07:30 845] tts        527  0  nil  1  
[2023/05/06 20:07:30 846] tts        299  TTS_LOCAL_CB_BEGIN  
[2023/05/06 20:07:30 847] tts        657  TTS_MSG_GETAUDIO  0  
[2023/05/06 20:07:30 847] tts        485  get audio|use local  
[2023/05/06 20:07:30 847] tts        527  0  nil  1  
[2023/05/06 20:07:30 850] tts        657  TTS_MSG_GETAUDIO  0  
[2023/05/06 20:07:30 850] tts        485  get audio|use local  
[2023/05/06 20:07:30 850] tts        527  0  nil  1  
[2023/05/06 20:07:30 853] tts        657  TTS_MSG_GETAUDIO  0  
[2023/05/06 20:07:30 853] tts        485  get audio|use local  
[2023/05/06 20:07:30 853] tts        527  0  nil  1  
[2023/05/06 20:07:30 856] tts        657  TTS_MSG_GETAUDIO  0  
[2023/05/06 20:07:30 857] tts        485  get audio|use local  
[2023/05/06 20:07:30 857] tts        498  local audiolen:  2024  ,ced:  3  
[2023/05/06 20:07:30 857] tts        527  0  udata(8c06a4b8) 1  
[2023/05/06 20:07:30 866] tts        657  TTS_MSG_GETAUDIO  0  
[2023/05/06 20:07:30 866] tts        485  get audio|use local  
[2023/05/06 20:07:30 867] tts        498  local audiolen:  2016  ,ced:  3  
[2023/05/06 20:07:30 867] tts        527  0  udata(8c0877e8) 1  
[2023/05/06 20:07:30 868] tts        657  TTS_MSG_GETAUDIO  0  
[2023/05/06 20:07:30 868] tts        485  get audio|use local  
[2023/05/06 20:07:30 868] tts        498  local audiolen:  2034  ,ced:  3  
[2023/05/06 20:07:30 869] tts        527  0  udata(8c087838) 1  
[2023/05/06 20:07:30 869] tts        657  TTS_MSG_GETAUDIO  0  
[2023/05/06 20:07:30 869] tts        485  get audio|use local  
[2023/05/06 20:07:30 869] tts        498  local audiolen:  2042  ,ced:  3  
[2023/05/06 20:07:30 870] tts        527  0  udata(8c087888) 1  
[2023/05/06 20:07:30 870] tts        657  TTS_MSG_GETAUDIO  0  
[2023/05/06 20:07:30 870] tts        485  get audio|use local  
[2023/05/06 20:07:30 870] tts        527  0  nil  1  
[2023/05/06 20:07:30 871] tts        657  TTS_MSG_GETAUDIO  0  
[2023/05/06 20:07:30 871] tts        485  get audio|use local  
[2023/05/06 20:07:30 871] tts        527  0  nil  1  
[2023/05/06 20:07:30 872] tts        657  TTS_MSG_GETAUDIO  0  
[2023/05/06 20:07:30 872] tts        485  get audio|use local  
[2023/05/06 20:07:30 872] tts        527  0  nil  1  
[2023/05/06 20:07:30 872] tts        657  TTS_MSG_GETAUDIO  0  
[2023/05/06 20:07:30 872] tts        485  get audio|use local  
[2023/05/06 20:07:30 872] tts        527  0  nil  1  
[2023/05/06 20:07:30 873] tts        657  TTS_MSG_GETAUDIO  0  
[2023/05/06 20:07:30 873] tts        485  get audio|use local  
[2023/05/06 20:07:30 873] tts        527  0  nil  1  
[2023/05/06 20:07:30 874] tts        657  TTS_MSG_GETAUDIO  0  
[2023/05/06 20:07:30 874] tts        485  get audio|use local  
[2023/05/06 20:07:30 874] tts        527  0  nil  1  
[2023/05/06 20:07:30 875] tts        657  TTS_MSG_GETAUDIO  0  
[2023/05/06 20:07:30 875] tts        485  get audio|use local  
[2023/05/06 20:07:30 875] tts        527  0  nil  1  
[2023/05/06 20:07:30 875] tts        657  TTS_MSG_GETAUDIO  0  
[2023/05/06 20:07:30 875] tts        485  get audio|use local  
[2023/05/06 20:07:30 875] tts        527  0  nil  1  
[2023/05/06 20:07:30 876] tts        657  TTS_MSG_GETAUDIO  0  
[2023/05/06 20:07:30 876] tts        485  get audio|use local  
[2023/05/06 20:07:30 876] tts        527  0  nil  1  
[2023/05/06 20:07:30 877] tts        657  TTS_MSG_GETAUDIO  0  
[2023/05/06 20:07:30 877] tts        485  get audio|use local  
[2023/05/06 20:07:30 877] tts        527  0  nil  1  
[2023/05/06 20:07:30 877] tts        657  TTS_MSG_GETAUDIO  0  
[2023/05/06 20:07:30 878] tts        485  get audio|use local  
[2023/05/06 20:07:30 878] tts        527  0  nil  1  
[2023/05/06 20:07:30 878] tts        657  TTS_MSG_GETAUDIO  0  
[2023/05/06 20:07:30 878] tts        485  get audio|use local  
[2023/05/06 20:07:30 878] tts        527  0  nil  1  
[2023/05/06 20:07:30 879] tts        657  TTS_MSG_GETAUDIO  0  
[2023/05/06 20:07:30 879] tts        485  get audio|use local  
[2023/05/06 20:07:30 879] tts        527  0  nil  1  
[2023/05/06 20:07:30 880] tts        657  TTS_MSG_GETAUDIO  0  
[2023/05/06 20:07:30 880] tts        485  get audio|use local  
[2023/05/06 20:07:30 880] tts        527  0  nil  1  
[2023/05/06 20:07:30 880] tts        657  TTS_MSG_GETAUDIO  0  
[2023/05/06 20:07:30 880] tts        485  get audio|use local  
[2023/05/06 20:07:30 880] tts        527  0  nil  1  
[2023/05/06 20:07:30 881] tts        657  TTS_MSG_GETAUDIO  0  
[2023/05/06 20:07:30 881] tts        485  get audio|use local  
[2023/05/06 20:07:30 881] tts        527  0  nil  1  
[2023/05/06 20:07:30 882] tts        657  TTS_MSG_GETAUDIO  0  
[2023/05/06 20:07:30 882] tts        485  get audio|use local  
[2023/05/06 20:07:30 882] tts        527  0  nil  1  
[2023/05/06 20:07:30 883] tts        657  TTS_MSG_GETAUDIO  0  
[2023/05/06 20:07:30 883] tts        485  get audio|use local  
[2023/05/06 20:07:30 883] tts        527  0  nil  1  
[2023/05/06 20:07:30 883] tts        657  TTS_MSG_GETAUDIO  0  
[2023/05/06 20:07:30 883] tts        485  get audio|use local  
[2023/05/06 20:07:30 883] tts        527  0  nil  1  
[2023/05/06 20:07:30 884] tts        657  TTS_MSG_GETAUDIO  0  
[2023/05/06 20:07:30 884] tts        485  get audio|use local  
[2023/05/06 20:07:30 884] tts        527  0  nil  1  
[2023/05/06 20:07:30 885] tts        657  TTS_MSG_GETAUDIO  0  
[2023/05/06 20:07:30 885] tts        485  get audio|use local  
[2023/05/06 20:07:30 885] tts        527  0  nil  1  
[2023/05/06 20:07:30 886] tts        657  TTS_MSG_GETAUDIO  0  
[2023/05/06 20:07:30 886] tts        485  get audio|use local  
[2023/05/06 20:07:30 886] tts        527  0  nil  1  
[2023/05/06 20:07:30 886] tts        657  TTS_MSG_GETAUDIO  0  
[2023/05/06 20:07:30 886] tts        485  get audio|use local  
[2023/05/06 20:07:30 887] tts        527  0  nil  1  
[2023/05/06 20:07:30 887] tts        657  TTS_MSG_GETAUDIO  0  
[2023/05/06 20:07:30 887] tts        485  get audio|use local  
[2023/05/06 20:07:30 887] tts        527  0  nil  1  
[2023/05/06 20:07:30 888] tts        657  TTS_MSG_GETAUDIO  0  
[2023/05/06 20:07:30 888] tts        485  get audio|use local  
[2023/05/06 20:07:30 888] tts        527  0  nil  1  
[2023/05/06 20:07:30 889] tts        657  TTS_MSG_GETAUDIO  0  
[2023/05/06 20:07:30 889] tts        485  get audio|use local  
[2023/05/06 20:07:30 889] tts        527  0  nil  1  
[2023/05/06 20:07:30 889] tts        657  TTS_MSG_GETAUDIO  0  
[2023/05/06 20:07:30 889] tts        485  get audio|use local  
[2023/05/06 20:07:30 890] tts        527  0  nil  1  
[2023/05/06 20:07:30 890] tts        657  TTS_MSG_GETAUDIO  0  
[2023/05/06 20:07:30 890] tts        485  get audio|use local  
[2023/05/06 20:07:30 890] tts        527  0  nil  1  
[2023/05/06 20:07:30 891] tts        657  TTS_MSG_GETAUDIO  0  
[2023/05/06 20:07:30 891] tts        485  get audio|use local  
[2023/05/06 20:07:30 891] tts        527  0  nil  1  
[2023/05/06 20:07:30 892] tts        657  TTS_MSG_GETAUDIO  0  
[2023/05/06 20:07:30 892] tts        485  get audio|use local  
[2023/05/06 20:07:30 892] tts        527  0  nil  1  
[2023/05/06 20:07:30 892] tts        657  TTS_MSG_GETAUDIO  0  
[2023/05/06 20:07:30 892] tts        485  get audio|use local  
[2023/05/06 20:07:30 892] tts        527  0  nil  1  
[2023/05/06 20:07:30 893] tts        657  TTS_MSG_GETAUDIO  0  
[2023/05/06 20:07:30 893] tts        485  get audio|use local  
[2023/05/06 20:07:30 893] tts        527  0  nil  1  
[2023/05/06 20:07:30 894] tts        657  TTS_MSG_GETAUDIO  0  
[2023/05/06 20:07:30 894] tts        485  get audio|use local  
[2023/05/06 20:07:30 894] tts        527  0  nil  1  
[2023/05/06 20:07:30 894] tts        657  TTS_MSG_GETAUDIO  0  
[2023/05/06 20:07:30 895] tts        485  get audio|use local  
[2023/05/06 20:07:30 895] tts        527  0  nil  1  
[2023/05/06 20:07:30 895] tts        657  TTS_MSG_GETAUDIO  0  
[2023/05/06 20:07:30 895] tts        485  get audio|use local  
[2023/05/06 20:07:30 895] tts        527  0  nil  1  
[2023/05/06 20:07:30 896] tts        657  TTS_MSG_GETAUDIO  0  
[2023/05/06 20:07:30 896] tts        485  get audio|use local  
[2023/05/06 20:07:30 896] tts        527  0  nil  1  
[2023/05/06 20:07:30 899] tts        657  TTS_MSG_GETAUDIO  0  
[2023/05/06 20:07:30 899] tts        485  get audio|use local  
[2023/05/06 20:07:30 900] tts        498  local audiolen:  1900  ,ced:  3  
[2023/05/06 20:07:30 900] tts        527  0  udata(8c087a08) 1  
[2023/05/06 20:07:30 901] tts        657  TTS_MSG_GETAUDIO  0  
[2023/05/06 20:07:30 902] tts        485  get audio|use local  
[2023/05/06 20:07:30 902] tts        498  local audiolen:  1880  ,ced:  3  
[2023/05/06 20:07:30 902] tts        527  0  udata(8c07dd88) 1  
[2023/05/06 20:07:30 904] tts        657  TTS_MSG_GETAUDIO  0  
[2023/05/06 20:07:30 904] tts        485  get audio|use local  
[2023/05/06 20:07:30 904] tts        498  local audiolen:  1978  ,ced:  3  
[2023/05/06 20:07:30 904] tts        527  0  udata(8c07d618) 1  
[2023/05/06 20:07:30 905] tts        657  TTS_MSG_GETAUDIO  0  
[2023/05/06 20:07:30 905] tts        485  get audio|use local  
[2023/05/06 20:07:30 905] tts        498  local audiolen:  96  ,ced:  3  
[2023/05/06 20:07:30 905] tts        527  0  udata(8c07d6d8) 1  
[2023/05/06 20:07:30 906] tts        657  TTS_MSG_GETAUDIO  0  
[2023/05/06 20:07:30 906] tts        485  get audio|use local  
[2023/05/06 20:07:30 906] tts        527  0  nil  1  
[2023/05/06 20:07:30 907] tts        657  TTS_MSG_GETAUDIO  0  
[2023/05/06 20:07:30 907] tts        485  get audio|use local  
[2023/05/06 20:07:30 907] tts        527  0  nil  1  
[2023/05/06 20:07:30 908] tts        301  0  0  
[2023/05/06 20:07:30 909] tts        312  TTS_LOCAL_CB_END,  2  
[2023/05/06 20:07:30 909] tts        657  TTS_MSG_GETAUDIO  0  
[2023/05/06 20:07:30 909] tts        485  get audio|use local  
[2023/05/06 20:07:30 909] tts        527  0  nil  2  
[2023/05/06 20:07:30 918] tts        660  TTS_MSG_SSE  
[2023/05/06 20:07:30 920] tts        585  sse|use local  
[2023/05/06 20:07:30 921] tts        603  tts exit  
[2023/05/06 20:07:30 921] tts        667  SYS_MSG_UNLOAD  
