============================================================
Time  2023/03/19 20:21:30 550 
============================================================
[2023/03/19 20:21:30 551] tts        676  SYS_MSG_REGCB param0 =  msp_status_cb  param1 =  func(94014a30) 
[2023/03/19 20:21:30 553] config     43   use general cloud  
[2023/03/19 20:21:30 564] tts_cloud  1417 SYS_MSG_REGCB_CLOUD param0 =   msp_status_cb  param1 =  func(94014a30) 
[2023/03/19 20:21:30 565] tts        647  TTS_MSG_SSB  
[2023/03/19 20:21:30 565] tts        375  params =  engine_type = local,voice_name=xiaoyan, text_encoding = UTF8, tts_res_path = fo|res/tts/xiaoyan.jet;fo|res/tts/common.jet, sample_rate = 16000, speed = 50, volume = 50, pitch = 50, rdn = 2  
[2023/03/19 20:21:30 566] tts        412  ssb|use local  
[2023/03/19 20:21:30 566] tts        349  local_session_begin  
[2023/03/19 20:21:30 572] tts        654  TTS_MSG_SYN  0  
[2023/03/19 20:21:30 572] tts        451  synth|use local  
[2023/03/19 20:21:30 573] tts        657  TTS_MSG_GETAUDIO  0  
[2023/03/19 20:21:30 574] tts        485  get audio|use local  
[2023/03/19 20:21:30 574] tts        527  0  nil  1  
[2023/03/19 20:21:30 574] tts        657  TTS_MSG_GETAUDIO  0  
[2023/03/19 20:21:30 574] tts        485  get audio|use local  
[2023/03/19 20:21:30 575] tts        527  0  nil  1  
[2023/03/19 20:21:30 585] tts        657  TTS_MSG_GETAUDIO  0  
[2023/03/19 20:21:30 586] tts        485  get audio|use local  
[2023/03/19 20:21:30 586] tts        527  0  nil  1  
[2023/03/19 20:21:30 587] tts        657  TTS_MSG_GETAUDIO  0  
[2023/03/19 20:21:30 587] tts        485  get audio|use local  
[2023/03/19 20:21:30 587] tts        527  0  nil  1  
[2023/03/19 20:21:30 590] tts        657  TTS_MSG_GETAUDIO  0  
[2023/03/19 20:21:30 590] tts        485  get audio|use local  
[2023/03/19 20:21:30 590] tts        527  0  nil  1  
[2023/03/19 20:21:30 593] tts        657  TTS_MSG_GETAUDIO  0  
[2023/03/19 20:21:30 593] tts        485  get audio|use local  
[2023/03/19 20:21:30 593] tts        527  0  nil  1  
[2023/03/19 20:21:30 595] tts        657  TTS_MSG_GETAUDIO  0  
[2023/03/19 20:21:30 596] tts        485  get audio|use local  
[2023/03/19 20:21:30 596] tts        527  0  nil  1  
[2023/03/19 20:21:30 598] tts        657  TTS_MSG_GETAUDIO  0  
[2023/03/19 20:21:30 598] tts        485  get audio|use local  
[2023/03/19 20:21:30 598] tts        527  0  nil  1  
[2023/03/19 20:21:30 599] tts        657  TTS_MSG_GETAUDIO  0  
[2023/03/19 20:21:30 600] tts        485  get audio|use local  
[2023/03/19 20:21:30 600] tts        527  0  nil  1  
[2023/03/19 20:21:30 602] tts        657  TTS_MSG_GETAUDIO  0  
[2023/03/19 20:21:30 602] tts        485  get audio|use local  
[2023/03/19 20:21:30 602] tts        527  0  nil  1  
[2023/03/19 20:21:30 604] tts        657  TTS_MSG_GETAUDIO  0  
[2023/03/19 20:21:30 604] tts        485  get audio|use local  
[2023/03/19 20:21:30 604] tts        527  0  nil  1  
[2023/03/19 20:21:30 606] tts        657  TTS_MSG_GETAUDIO  0  
[2023/03/19 20:21:30 606] tts        485  get audio|use local  
[2023/03/19 20:21:30 606] tts        527  0  nil  1  
[2023/03/19 20:21:30 606] tts        657  TTS_MSG_GETAUDIO  0  
[2023/03/19 20:21:30 607] tts        485  get audio|use local  
[2023/03/19 20:21:30 607] tts        527  0  nil  1  
[2023/03/19 20:21:30 608] tts        657  TTS_MSG_GETAUDIO  0  
[2023/03/19 20:21:30 608] tts        485  get audio|use local  
[2023/03/19 20:21:30 608] tts        527  0  nil  1  
[2023/03/19 20:21:30 612] tts        657  TTS_MSG_GETAUDIO  0  
[2023/03/19 20:21:30 612] tts        485  get audio|use local  
[2023/03/19 20:21:30 612] tts        527  0  nil  1  
[2023/03/19 20:21:30 613] tts        657  TTS_MSG_GETAUDIO  0  
[2023/03/19 20:21:30 613] tts        485  get audio|use local  
[2023/03/19 20:21:30 613] tts        527  0  nil  1  
[2023/03/19 20:21:30 614] tts        657  TTS_MSG_GETAUDIO  0  
[2023/03/19 20:21:30 614] tts        485  get audio|use local  
[2023/03/19 20:21:30 614] tts        527  0  nil  1  
[2023/03/19 20:21:30 615] tts        657  TTS_MSG_GETAUDIO  0  
[2023/03/19 20:21:30 615] tts        485  get audio|use local  
[2023/03/19 20:21:30 616] tts        527  0  nil  1  
[2023/03/19 20:21:30 618] tts        657  TTS_MSG_GETAUDIO  0  
[2023/03/19 20:21:30 618] tts        485  get audio|use local  
[2023/03/19 20:21:30 618] tts        527  0  nil  1  
[2023/03/19 20:21:30 619] tts        657  TTS_MSG_GETAUDIO  0  
[2023/03/19 20:21:30 622] tts        485  get audio|use local  
[2023/03/19 20:21:30 622] tts        527  0  nil  1  
[2023/03/19 20:21:30 623] tts        657  TTS_MSG_GETAUDIO  0  
[2023/03/19 20:21:30 623] tts        485  get audio|use local  
[2023/03/19 20:21:30 623] tts        527  0  nil  1  
[2023/03/19 20:21:30 624] tts        657  TTS_MSG_GETAUDIO  0  
[2023/03/19 20:21:30 624] tts        485  get audio|use local  
[2023/03/19 20:21:30 624] tts        527  0  nil  1  
[2023/03/19 20:21:30 625] tts        657  TTS_MSG_GETAUDIO  0  
[2023/03/19 20:21:30 625] tts        485  get audio|use local  
[2023/03/19 20:21:30 625] tts        527  0  nil  1  
[2023/03/19 20:21:30 627] tts        657  TTS_MSG_GETAUDIO  0  
[2023/03/19 20:21:30 628] tts        485  get audio|use local  
[2023/03/19 20:21:30 628] tts        527  0  nil  1  
[2023/03/19 20:21:30 629] tts        657  TTS_MSG_GETAUDIO  0  
[2023/03/19 20:21:30 629] tts        485  get audio|use local  
[2023/03/19 20:21:30 629] tts        527  0  nil  1  
[2023/03/19 20:21:30 630] tts        657  TTS_MSG_GETAUDIO  0  
[2023/03/19 20:21:30 630] tts        485  get audio|use local  
[2023/03/19 20:21:30 630] tts        527  0  nil  1  
[2023/03/19 20:21:30 631] tts        657  TTS_MSG_GETAUDIO  0  
[2023/03/19 20:21:30 631] tts        485  get audio|use local  
[2023/03/19 20:21:30 632] tts        527  0  nil  1  
[2023/03/19 20:21:30 633] tts        657  TTS_MSG_GETAUDIO  0  
[2023/03/19 20:21:30 633] tts        485  get audio|use local  
[2023/03/19 20:21:30 633] tts        527  0  nil  1  
[2023/03/19 20:21:30 634] tts        657  TTS_MSG_GETAUDIO  0  
[2023/03/19 20:21:30 634] tts        485  get audio|use local  
[2023/03/19 20:21:30 635] tts        527  0  nil  1  
[2023/03/19 20:21:30 636] tts        657  TTS_MSG_GETAUDIO  0  
[2023/03/19 20:21:30 636] tts        485  get audio|use local  
[2023/03/19 20:21:30 636] tts        527  0  nil  1  
[2023/03/19 20:21:30 637] tts        657  TTS_MSG_GETAUDIO  0  
[2023/03/19 20:21:30 637] tts        485  get audio|use local  
[2023/03/19 20:21:30 637] tts        527  0  nil  1  
[2023/03/19 20:21:30 638] tts        657  TTS_MSG_GETAUDIO  0  
[2023/03/19 20:21:30 638] tts        485  get audio|use local  
[2023/03/19 20:21:30 638] tts        527  0  nil  1  
[2023/03/19 20:21:30 639] tts        657  TTS_MSG_GETAUDIO  0  
[2023/03/19 20:21:30 640] tts        485  get audio|use local  
[2023/03/19 20:21:30 640] tts        527  0  nil  1  
[2023/03/19 20:21:30 641] tts        657  TTS_MSG_GETAUDIO  0  
[2023/03/19 20:21:30 641] tts        485  get audio|use local  
[2023/03/19 20:21:30 641] tts        527  0  nil  1  
[2023/03/19 20:21:30 643] tts        657  TTS_MSG_GETAUDIO  0  
[2023/03/19 20:21:30 643] tts        485  get audio|use local  
[2023/03/19 20:21:30 643] tts        527  0  nil  1  
[2023/03/19 20:21:30 644] tts        657  TTS_MSG_GETAUDIO  0  
[2023/03/19 20:21:30 644] tts        485  get audio|use local  
[2023/03/19 20:21:30 644] tts        527  0  nil  1  
[2023/03/19 20:21:30 645] tts        657  TTS_MSG_GETAUDIO  0  
[2023/03/19 20:21:30 645] tts        485  get audio|use local  
[2023/03/19 20:21:30 645] tts        527  0  nil  1  
[2023/03/19 20:21:30 646] tts        657  TTS_MSG_GETAUDIO  0  
[2023/03/19 20:21:30 646] tts        485  get audio|use local  
[2023/03/19 20:21:30 646] tts        527  0  nil  1  
[2023/03/19 20:21:30 647] tts        657  TTS_MSG_GETAUDIO  0  
[2023/03/19 20:21:30 647] tts        485  get audio|use local  
[2023/03/19 20:21:30 647] tts        527  0  nil  1  
[2023/03/19 20:21:30 649] tts        657  TTS_MSG_GETAUDIO  0  
[2023/03/19 20:21:30 649] tts        485  get audio|use local  
[2023/03/19 20:21:30 649] tts        527  0  nil  1  
[2023/03/19 20:21:30 651] tts        657  TTS_MSG_GETAUDIO  0  
[2023/03/19 20:21:30 651] tts        485  get audio|use local  
[2023/03/19 20:21:30 651] tts        527  0  nil  1  
[2023/03/19 20:21:30 652] tts        657  TTS_MSG_GETAUDIO  0  
[2023/03/19 20:21:30 652] tts        485  get audio|use local  
[2023/03/19 20:21:30 652] tts        527  0  nil  1  
[2023/03/19 20:21:30 653] tts        657  TTS_MSG_GETAUDIO  0  
[2023/03/19 20:21:30 654] tts        485  get audio|use local  
[2023/03/19 20:21:30 654] tts        527  0  nil  1  
[2023/03/19 20:21:30 655] tts        657  TTS_MSG_GETAUDIO  0  
[2023/03/19 20:21:30 655] tts        485  get audio|use local  
[2023/03/19 20:21:30 655] tts        527  0  nil  1  
[2023/03/19 20:21:30 656] tts        657  TTS_MSG_GETAUDIO  0  
[2023/03/19 20:21:30 656] tts        485  get audio|use local  
[2023/03/19 20:21:30 656] tts        527  0  nil  1  
[2023/03/19 20:21:30 657] tts        657  TTS_MSG_GETAUDIO  0  
[2023/03/19 20:21:30 657] tts        485  get audio|use local  
[2023/03/19 20:21:30 657] tts        527  0  nil  1  
[2023/03/19 20:21:30 662] tts        657  TTS_MSG_GETAUDIO  0  
[2023/03/19 20:21:30 662] tts        485  get audio|use local  
[2023/03/19 20:21:30 662] tts        527  0  nil  1  
[2023/03/19 20:21:30 663] tts        657  TTS_MSG_GETAUDIO  0  
[2023/03/19 20:21:30 663] tts        485  get audio|use local  
[2023/03/19 20:21:30 663] tts        527  0  nil  1  
[2023/03/19 20:21:30 664] tts        657  TTS_MSG_GETAUDIO  0  
[2023/03/19 20:21:30 664] tts        485  get audio|use local  
[2023/03/19 20:21:30 664] tts        527  0  nil  1  
[2023/03/19 20:21:30 665] tts        657  TTS_MSG_GETAUDIO  0  
[2023/03/19 20:21:30 665] tts        485  get audio|use local  
[2023/03/19 20:21:30 665] tts        527  0  nil  1  
[2023/03/19 20:21:30 666] tts        657  TTS_MSG_GETAUDIO  0  
[2023/03/19 20:21:30 666] tts        485  get audio|use local  
[2023/03/19 20:21:30 666] tts        527  0  nil  1  
[2023/03/19 20:21:30 667] tts        657  TTS_MSG_GETAUDIO  0  
[2023/03/19 20:21:30 667] tts        485  get audio|use local  
[2023/03/19 20:21:30 667] tts        527  0  nil  1  
[2023/03/19 20:21:30 669] tts        657  TTS_MSG_GETAUDIO  0  
[2023/03/19 20:21:30 669] tts        485  get audio|use local  
[2023/03/19 20:21:30 669] tts        527  0  nil  1  
[2023/03/19 20:21:30 670] tts        657  TTS_MSG_GETAUDIO  0  
[2023/03/19 20:21:30 670] tts        485  get audio|use local  
[2023/03/19 20:21:30 670] tts        527  0  nil  1  
[2023/03/19 20:21:30 670] tts        657  TTS_MSG_GETAUDIO  0  
[2023/03/19 20:21:30 671] tts        485  get audio|use local  
[2023/03/19 20:21:30 671] tts        527  0  nil  1  
[2023/03/19 20:21:30 672] tts        657  TTS_MSG_GETAUDIO  0  
[2023/03/19 20:21:30 672] tts        485  get audio|use local  
[2023/03/19 20:21:30 672] tts        527  0  nil  1  
[2023/03/19 20:21:30 672] tts        657  TTS_MSG_GETAUDIO  0  
[2023/03/19 20:21:30 673] tts        485  get audio|use local  
[2023/03/19 20:21:30 673] tts        527  0  nil  1  
[2023/03/19 20:21:30 673] tts        657  TTS_MSG_GETAUDIO  0  
[2023/03/19 20:21:30 673] tts        485  get audio|use local  
[2023/03/19 20:21:30 673] tts        527  0  nil  1  
[2023/03/19 20:21:30 674] tts        657  TTS_MSG_GETAUDIO  0  
[2023/03/19 20:21:30 674] tts        485  get audio|use local  
[2023/03/19 20:21:30 675] tts        527  0  nil  1  
[2023/03/19 20:21:30 675] tts        657  TTS_MSG_GETAUDIO  0  
[2023/03/19 20:21:30 675] tts        485  get audio|use local  
[2023/03/19 20:21:30 676] tts        527  0  nil  1  
[2023/03/19 20:21:30 676] tts        657  TTS_MSG_GETAUDIO  0  
[2023/03/19 20:21:30 676] tts        485  get audio|use local  
[2023/03/19 20:21:30 676] tts        527  0  nil  1  
[2023/03/19 20:21:30 677] tts        657  TTS_MSG_GETAUDIO  0  
[2023/03/19 20:21:30 678] tts        485  get audio|use local  
[2023/03/19 20:21:30 678] tts        527  0  nil  1  
[2023/03/19 20:21:30 679] tts        657  TTS_MSG_GETAUDIO  0  
[2023/03/19 20:21:30 679] tts        485  get audio|use local  
[2023/03/19 20:21:30 679] tts        527  0  nil  1  
[2023/03/19 20:21:30 681] tts        657  TTS_MSG_GETAUDIO  0  
[2023/03/19 20:21:30 681] tts        485  get audio|use local  
[2023/03/19 20:21:30 681] tts        527  0  nil  1  
[2023/03/19 20:21:30 681] tts        657  TTS_MSG_GETAUDIO  0  
[2023/03/19 20:21:30 681] tts        485  get audio|use local  
[2023/03/19 20:21:30 682] tts        527  0  nil  1  
[2023/03/19 20:21:30 682] tts        657  TTS_MSG_GETAUDIO  0  
[2023/03/19 20:21:30 683] tts        485  get audio|use local  
[2023/03/19 20:21:30 683] tts        527  0  nil  1  
[2023/03/19 20:21:30 684] tts        657  TTS_MSG_GETAUDIO  0  
[2023/03/19 20:21:30 684] tts        485  get audio|use local  
[2023/03/19 20:21:30 684] tts        527  0  nil  1  
[2023/03/19 20:21:30 685] tts        657  TTS_MSG_GETAUDIO  0  
[2023/03/19 20:21:30 685] tts        485  get audio|use local  
[2023/03/19 20:21:30 685] tts        527  0  nil  1  
[2023/03/19 20:21:30 686] tts        657  TTS_MSG_GETAUDIO  0  
[2023/03/19 20:21:30 686] tts        485  get audio|use local  
[2023/03/19 20:21:30 686] tts        527  0  nil  1  
[2023/03/19 20:21:30 687] tts        657  TTS_MSG_GETAUDIO  0  
[2023/03/19 20:21:30 687] tts        485  get audio|use local  
[2023/03/19 20:21:30 687] tts        527  0  nil  1  
[2023/03/19 20:21:30 688] tts        657  TTS_MSG_GETAUDIO  0  
[2023/03/19 20:21:30 688] tts        485  get audio|use local  
[2023/03/19 20:21:30 688] tts        527  0  nil  1  
[2023/03/19 20:21:30 689] tts        657  TTS_MSG_GETAUDIO  0  
[2023/03/19 20:21:30 689] tts        485  get audio|use local  
[2023/03/19 20:21:30 689] tts        527  0  nil  1  
[2023/03/19 20:21:30 690] tts        657  TTS_MSG_GETAUDIO  0  
[2023/03/19 20:21:30 690] tts        485  get audio|use local  
[2023/03/19 20:21:30 690] tts        527  0  nil  1  
[2023/03/19 20:21:30 690] tts        657  TTS_MSG_GETAUDIO  0  
[2023/03/19 20:21:30 690] tts        485  get audio|use local  
[2023/03/19 20:21:30 690] tts        527  0  nil  1  
[2023/03/19 20:21:30 691] tts        657  TTS_MSG_GETAUDIO  0  
[2023/03/19 20:21:30 691] tts        485  get audio|use local  
[2023/03/19 20:21:30 692] tts        527  0  nil  1  
[2023/03/19 20:21:30 693] tts        657  TTS_MSG_GETAUDIO  0  
[2023/03/19 20:21:30 693] tts        485  get audio|use local  
[2023/03/19 20:21:30 693] tts        527  0  nil  1  
[2023/03/19 20:21:30 693] tts        657  TTS_MSG_GETAUDIO  0  
[2023/03/19 20:21:30 693] tts        485  get audio|use local  
[2023/03/19 20:21:30 694] tts        527  0  nil  1  
[2023/03/19 20:21:30 694] tts        657  TTS_MSG_GETAUDIO  0  
[2023/03/19 20:21:30 694] tts        485  get audio|use local  
[2023/03/19 20:21:30 694] tts        527  0  nil  1  
[2023/03/19 20:21:30 695] tts        657  TTS_MSG_GETAUDIO  0  
[2023/03/19 20:21:30 695] tts        485  get audio|use local  
[2023/03/19 20:21:30 695] tts        527  0  nil  1  
[2023/03/19 20:21:30 696] tts        657  TTS_MSG_GETAUDIO  0  
[2023/03/19 20:21:30 696] tts        485  get audio|use local  
[2023/03/19 20:21:30 696] tts        527  0  nil  1  
[2023/03/19 20:21:30 698] tts        657  TTS_MSG_GETAUDIO  0  
[2023/03/19 20:21:30 698] tts        485  get audio|use local  
[2023/03/19 20:21:30 699] tts        527  0  nil  1  
[2023/03/19 20:21:30 699] tts        657  TTS_MSG_GETAUDIO  0  
[2023/03/19 20:21:30 699] tts        485  get audio|use local  
[2023/03/19 20:21:30 699] tts        527  0  nil  1  
[2023/03/19 20:21:30 700] tts        657  TTS_MSG_GETAUDIO  0  
[2023/03/19 20:21:30 700] tts        485  get audio|use local  
[2023/03/19 20:21:30 700] tts        527  0  nil  1  
[2023/03/19 20:21:30 702] tts        657  TTS_MSG_GETAUDIO  0  
[2023/03/19 20:21:30 702] tts        485  get audio|use local  
[2023/03/19 20:21:30 702] tts        527  0  nil  1  
[2023/03/19 20:21:30 702] tts        657  TTS_MSG_GETAUDIO  0  
[2023/03/19 20:21:30 702] tts        485  get audio|use local  
[2023/03/19 20:21:30 703] tts        527  0  nil  1  
[2023/03/19 20:21:30 703] tts        657  TTS_MSG_GETAUDIO  0  
[2023/03/19 20:21:30 703] tts        485  get audio|use local  
[2023/03/19 20:21:30 703] tts        527  0  nil  1  
[2023/03/19 20:21:30 704] tts        657  TTS_MSG_GETAUDIO  0  
[2023/03/19 20:21:30 705] tts        485  get audio|use local  
[2023/03/19 20:21:30 705] tts        527  0  nil  1  
[2023/03/19 20:21:30 705] tts        657  TTS_MSG_GETAUDIO  0  
[2023/03/19 20:21:30 705] tts        485  get audio|use local  
[2023/03/19 20:21:30 705] tts        527  0  nil  1  
[2023/03/19 20:21:30 706] tts        657  TTS_MSG_GETAUDIO  0  
[2023/03/19 20:21:30 706] tts        485  get audio|use local  
[2023/03/19 20:21:30 706] tts        527  0  nil  1  
[2023/03/19 20:21:30 707] tts        657  TTS_MSG_GETAUDIO  0  
[2023/03/19 20:21:30 707] tts        485  get audio|use local  
[2023/03/19 20:21:30 707] tts        527  0  nil  1  
[2023/03/19 20:21:30 708] tts        657  TTS_MSG_GETAUDIO  0  
[2023/03/19 20:21:30 708] tts        485  get audio|use local  
[2023/03/19 20:21:30 708] tts        527  0  nil  1  
[2023/03/19 20:21:30 709] tts        657  TTS_MSG_GETAUDIO  0  
[2023/03/19 20:21:30 709] tts        485  get audio|use local  
[2023/03/19 20:21:30 709] tts        527  0  nil  1  
[2023/03/19 20:21:30 710] tts        657  TTS_MSG_GETAUDIO  0  
[2023/03/19 20:21:30 710] tts        485  get audio|use local  
[2023/03/19 20:21:30 710] tts        527  0  nil  1  
[2023/03/19 20:21:30 711] tts        657  TTS_MSG_GETAUDIO  0  
[2023/03/19 20:21:30 711] tts        485  get audio|use local  
[2023/03/19 20:21:30 711] tts        527  0  nil  1  
[2023/03/19 20:21:30 712] tts        657  TTS_MSG_GETAUDIO  0  
[2023/03/19 20:21:30 712] tts        485  get audio|use local  
[2023/03/19 20:21:30 712] tts        527  0  nil  1  
[2023/03/19 20:21:30 712] tts        657  TTS_MSG_GETAUDIO  0  
[2023/03/19 20:21:30 712] tts        485  get audio|use local  
[2023/03/19 20:21:30 713] tts        527  0  nil  1  
[2023/03/19 20:21:30 713] tts        657  TTS_MSG_GETAUDIO  0  
[2023/03/19 20:21:30 714] tts        485  get audio|use local  
[2023/03/19 20:21:30 714] tts        527  0  nil  1  
[2023/03/19 20:21:30 715] tts        657  TTS_MSG_GETAUDIO  0  
[2023/03/19 20:21:30 715] tts        485  get audio|use local  
[2023/03/19 20:21:30 715] tts        527  0  nil  1  
[2023/03/19 20:21:30 716] tts        657  TTS_MSG_GETAUDIO  0  
[2023/03/19 20:21:30 716] tts        485  get audio|use local  
[2023/03/19 20:21:30 716] tts        527  0  nil  1  
[2023/03/19 20:21:30 716] tts        657  TTS_MSG_GETAUDIO  0  
[2023/03/19 20:21:30 716] tts        485  get audio|use local  
[2023/03/19 20:21:30 717] tts        527  0  nil  1  
[2023/03/19 20:21:30 718] tts        657  TTS_MSG_GETAUDIO  0  
[2023/03/19 20:21:30 718] tts        485  get audio|use local  
[2023/03/19 20:21:30 718] tts        527  0  nil  1  
[2023/03/19 20:21:30 719] tts        657  TTS_MSG_GETAUDIO  0  
[2023/03/19 20:21:30 719] tts        485  get audio|use local  
[2023/03/19 20:21:30 719] tts        527  0  nil  1  
[2023/03/19 20:21:30 720] tts        657  TTS_MSG_GETAUDIO  0  
[2023/03/19 20:21:30 720] tts        485  get audio|use local  
[2023/03/19 20:21:30 720] tts        527  0  nil  1  
[2023/03/19 20:21:30 721] tts        657  TTS_MSG_GETAUDIO  0  
[2023/03/19 20:21:30 721] tts        485  get audio|use local  
[2023/03/19 20:21:30 721] tts        527  0  nil  1  
[2023/03/19 20:21:30 722] tts        657  TTS_MSG_GETAUDIO  0  
[2023/03/19 20:21:30 722] tts        485  get audio|use local  
[2023/03/19 20:21:30 722] tts        527  0  nil  1  
[2023/03/19 20:21:30 723] tts        657  TTS_MSG_GETAUDIO  0  
[2023/03/19 20:21:30 723] tts        485  get audio|use local  
[2023/03/19 20:21:30 723] tts        527  0  nil  1  
[2023/03/19 20:21:30 724] tts        657  TTS_MSG_GETAUDIO  0  
[2023/03/19 20:21:30 724] tts        485  get audio|use local  
[2023/03/19 20:21:30 724] tts        527  0  nil  1  
[2023/03/19 20:21:30 725] tts        657  TTS_MSG_GETAUDIO  0  
[2023/03/19 20:21:30 725] tts        485  get audio|use local  
[2023/03/19 20:21:30 725] tts        527  0  nil  1  
[2023/03/19 20:21:30 726] tts        657  TTS_MSG_GETAUDIO  0  
[2023/03/19 20:21:30 726] tts        485  get audio|use local  
[2023/03/19 20:21:30 726] tts        527  0  nil  1  
[2023/03/19 20:21:30 727] tts        657  TTS_MSG_GETAUDIO  0  
[2023/03/19 20:21:30 727] tts        485  get audio|use local  
[2023/03/19 20:21:30 727] tts        527  0  nil  1  
[2023/03/19 20:21:30 728] tts        657  TTS_MSG_GETAUDIO  0  
[2023/03/19 20:21:30 728] tts        485  get audio|use local  
[2023/03/19 20:21:30 728] tts        527  0  nil  1  
[2023/03/19 20:21:30 729] tts        657  TTS_MSG_GETAUDIO  0  
[2023/03/19 20:21:30 729] tts        485  get audio|use local  
[2023/03/19 20:21:30 729] tts        527  0  nil  1  
[2023/03/19 20:21:30 730] tts        657  TTS_MSG_GETAUDIO  0  
[2023/03/19 20:21:30 730] tts        485  get audio|use local  
[2023/03/19 20:21:30 730] tts        527  0  nil  1  
[2023/03/19 20:21:30 730] tts        657  TTS_MSG_GETAUDIO  0  
[2023/03/19 20:21:30 731] tts        485  get audio|use local  
[2023/03/19 20:21:30 731] tts        527  0  nil  1  
[2023/03/19 20:21:30 731] tts        657  TTS_MSG_GETAUDIO  0  
[2023/03/19 20:21:30 731] tts        485  get audio|use local  
[2023/03/19 20:21:30 732] tts        527  0  nil  1  
[2023/03/19 20:21:30 732] tts        657  TTS_MSG_GETAUDIO  0  
[2023/03/19 20:21:30 732] tts        485  get audio|use local  
[2023/03/19 20:21:30 733] tts        527  0  nil  1  
[2023/03/19 20:21:30 733] tts        657  TTS_MSG_GETAUDIO  0  
[2023/03/19 20:21:30 733] tts        485  get audio|use local  
[2023/03/19 20:21:30 734] tts        527  0  nil  1  
[2023/03/19 20:21:30 734] tts        657  TTS_MSG_GETAUDIO  0  
[2023/03/19 20:21:30 734] tts        485  get audio|use local  
[2023/03/19 20:21:30 734] tts        527  0  nil  1  
[2023/03/19 20:21:30 735] tts        657  TTS_MSG_GETAUDIO  0  
[2023/03/19 20:21:30 735] tts        485  get audio|use local  
[2023/03/19 20:21:30 735] tts        527  0  nil  1  
[2023/03/19 20:21:30 736] tts        657  TTS_MSG_GETAUDIO  0  
[2023/03/19 20:21:30 736] tts        485  get audio|use local  
[2023/03/19 20:21:30 736] tts        527  0  nil  1  
[2023/03/19 20:21:30 745] tts        657  TTS_MSG_GETAUDIO  0  
[2023/03/19 20:21:30 745] tts        485  get audio|use local  
[2023/03/19 20:21:30 745] tts        527  0  nil  1  
[2023/03/19 20:21:30 746] tts        657  TTS_MSG_GETAUDIO  0  
[2023/03/19 20:21:30 746] tts        485  get audio|use local  
[2023/03/19 20:21:30 747] tts        527  0  nil  1  
[2023/03/19 20:21:30 748] tts        657  TTS_MSG_GETAUDIO  0  
[2023/03/19 20:21:30 748] tts        485  get audio|use local  
[2023/03/19 20:21:30 749] tts        527  0  nil  1  
[2023/03/19 20:21:30 763] tts        657  TTS_MSG_GETAUDIO  0  
[2023/03/19 20:21:30 763] tts        485  get audio|use local  
[2023/03/19 20:21:30 763] tts        527  0  nil  1  
[2023/03/19 20:21:30 764] tts        299  TTS_LOCAL_CB_BEGIN  
[2023/03/19 20:21:30 765] tts        657  TTS_MSG_GETAUDIO  0  
[2023/03/19 20:21:30 765] tts        485  get audio|use local  
[2023/03/19 20:21:30 765] tts        527  0  nil  1  
[2023/03/19 20:21:30 766] tts        657  TTS_MSG_GETAUDIO  0  
[2023/03/19 20:21:30 766] tts        485  get audio|use local  
[2023/03/19 20:21:30 766] tts        527  0  nil  1  
[2023/03/19 20:21:30 769] tts        657  TTS_MSG_GETAUDIO  0  
[2023/03/19 20:21:30 770] tts        485  get audio|use local  
[2023/03/19 20:21:30 770] tts        527  0  nil  1  
[2023/03/19 20:21:30 771] tts        657  TTS_MSG_GETAUDIO  0  
[2023/03/19 20:21:30 774] tts        485  get audio|use local  
[2023/03/19 20:21:30 774] tts        527  0  nil  1  
[2023/03/19 20:21:30 776] tts        657  TTS_MSG_GETAUDIO  0  
[2023/03/19 20:21:30 776] tts        485  get audio|use local  
[2023/03/19 20:21:30 776] tts        527  0  nil  1  
[2023/03/19 20:21:30 778] tts        657  TTS_MSG_GETAUDIO  0  
[2023/03/19 20:21:30 778] tts        485  get audio|use local  
[2023/03/19 20:21:30 778] tts        527  0  nil  1  
[2023/03/19 20:21:30 779] tts        657  TTS_MSG_GETAUDIO  0  
[2023/03/19 20:21:30 779] tts        485  get audio|use local  
[2023/03/19 20:21:30 779] tts        527  0  nil  1  
[2023/03/19 20:21:30 780] tts        657  TTS_MSG_GETAUDIO  0  
[2023/03/19 20:21:30 780] tts        485  get audio|use local  
[2023/03/19 20:21:30 780] tts        527  0  nil  1  
[2023/03/19 20:21:30 781] tts        657  TTS_MSG_GETAUDIO  0  
[2023/03/19 20:21:30 781] tts        485  get audio|use local  
[2023/03/19 20:21:30 781] tts        527  0  nil  1  
[2023/03/19 20:21:30 783] tts        657  TTS_MSG_GETAUDIO  0  
[2023/03/19 20:21:30 784] tts        485  get audio|use local  
[2023/03/19 20:21:30 784] tts        527  0  nil  1  
[2023/03/19 20:21:30 785] tts        657  TTS_MSG_GETAUDIO  0  
[2023/03/19 20:21:30 785] tts        485  get audio|use local  
[2023/03/19 20:21:30 785] tts        527  0  nil  1  
[2023/03/19 20:21:30 786] tts        657  TTS_MSG_GETAUDIO  0  
[2023/03/19 20:21:30 786] tts        485  get audio|use local  
[2023/03/19 20:21:30 786] tts        527  0  nil  1  
[2023/03/19 20:21:30 787] tts        657  TTS_MSG_GETAUDIO  0  
[2023/03/19 20:21:30 788] tts        485  get audio|use local  
[2023/03/19 20:21:30 788] tts        527  0  nil  1  
[2023/03/19 20:21:30 789] tts        657  TTS_MSG_GETAUDIO  0  
[2023/03/19 20:21:30 789] tts        485  get audio|use local  
[2023/03/19 20:21:30 789] tts        527  0  nil  1  
[2023/03/19 20:21:30 792] tts        657  TTS_MSG_GETAUDIO  0  
[2023/03/19 20:21:30 792] tts        485  get audio|use local  
[2023/03/19 20:21:30 792] tts        527  0  nil  1  
[2023/03/19 20:21:30 793] tts        657  TTS_MSG_GETAUDIO  0  
[2023/03/19 20:21:30 793] tts        485  get audio|use local  
[2023/03/19 20:21:30 793] tts        527  0  nil  1  
[2023/03/19 20:21:30 794] tts        657  TTS_MSG_GETAUDIO  0  
[2023/03/19 20:21:30 794] tts        485  get audio|use local  
[2023/03/19 20:21:30 794] tts        527  0  nil  1  
[2023/03/19 20:21:30 796] tts        657  TTS_MSG_GETAUDIO  0  
[2023/03/19 20:21:30 796] tts        485  get audio|use local  
[2023/03/19 20:21:30 796] tts        527  0  nil  1  
[2023/03/19 20:21:30 806] tts        657  TTS_MSG_GETAUDIO  0  
[2023/03/19 20:21:30 806] tts        485  get audio|use local  
[2023/03/19 20:21:30 806] tts        527  0  nil  1  
[2023/03/19 20:21:30 808] tts        657  TTS_MSG_GETAUDIO  0  
[2023/03/19 20:21:30 808] tts        485  get audio|use local  
[2023/03/19 20:21:30 808] tts        527  0  nil  1  
[2023/03/19 20:21:30 809] tts        657  TTS_MSG_GETAUDIO  0  
[2023/03/19 20:21:30 809] tts        485  get audio|use local  
[2023/03/19 20:21:30 810] tts        527  0  nil  1  
[2023/03/19 20:21:30 812] tts        657  TTS_MSG_GETAUDIO  0  
[2023/03/19 20:21:30 812] tts        485  get audio|use local  
[2023/03/19 20:21:30 812] tts        527  0  nil  1  
[2023/03/19 20:21:30 813] tts        657  TTS_MSG_GETAUDIO  0  
[2023/03/19 20:21:30 813] tts        485  get audio|use local  
[2023/03/19 20:21:30 813] tts        527  0  nil  1  
[2023/03/19 20:21:30 814] tts        657  TTS_MSG_GETAUDIO  0  
[2023/03/19 20:21:30 814] tts        485  get audio|use local  
[2023/03/19 20:21:30 814] tts        527  0  nil  1  
[2023/03/19 20:21:30 815] tts        657  TTS_MSG_GETAUDIO  0  
[2023/03/19 20:21:30 815] tts        485  get audio|use local  
[2023/03/19 20:21:30 815] tts        527  0  nil  1  
[2023/03/19 20:21:30 816] tts        657  TTS_MSG_GETAUDIO  0  
[2023/03/19 20:21:30 816] tts        485  get audio|use local  
[2023/03/19 20:21:30 816] tts        527  0  nil  1  
[2023/03/19 20:21:30 817] tts        657  TTS_MSG_GETAUDIO  0  
[2023/03/19 20:21:30 817] tts        485  get audio|use local  
[2023/03/19 20:21:30 817] tts        527  0  nil  1  
[2023/03/19 20:21:30 818] tts        657  TTS_MSG_GETAUDIO  0  
[2023/03/19 20:21:30 818] tts        485  get audio|use local  
[2023/03/19 20:21:30 818] tts        527  0  nil  1  
[2023/03/19 20:21:30 818] tts        657  TTS_MSG_GETAUDIO  0  
[2023/03/19 20:21:30 818] tts        485  get audio|use local  
[2023/03/19 20:21:30 818] tts        527  0  nil  1  
[2023/03/19 20:21:30 819] tts        657  TTS_MSG_GETAUDIO  0  
[2023/03/19 20:21:30 819] tts        485  get audio|use local  
[2023/03/19 20:21:30 819] tts        527  0  nil  1  
[2023/03/19 20:21:30 820] tts        657  TTS_MSG_GETAUDIO  0  
[2023/03/19 20:21:30 821] tts        485  get audio|use local  
[2023/03/19 20:21:30 821] tts        527  0  nil  1  
[2023/03/19 20:21:30 821] tts        657  TTS_MSG_GETAUDIO  0  
[2023/03/19 20:21:30 821] tts        485  get audio|use local  
[2023/03/19 20:21:30 822] tts        527  0  nil  1  
[2023/03/19 20:21:30 823] tts        657  TTS_MSG_GETAUDIO  0  
[2023/03/19 20:21:30 823] tts        485  get audio|use local  
[2023/03/19 20:21:30 823] tts        527  0  nil  1  
[2023/03/19 20:21:30 824] tts        657  TTS_MSG_GETAUDIO  0  
[2023/03/19 20:21:30 825] tts        485  get audio|use local  
[2023/03/19 20:21:30 825] tts        527  0  nil  1  
[2023/03/19 20:21:30 825] tts        657  TTS_MSG_GETAUDIO  0  
[2023/03/19 20:21:30 825] tts        485  get audio|use local  
[2023/03/19 20:21:30 826] tts        527  0  nil  1  
[2023/03/19 20:21:30 827] tts        657  TTS_MSG_GETAUDIO  0  
[2023/03/19 20:21:30 827] tts        485  get audio|use local  
[2023/03/19 20:21:30 827] tts        527  0  nil  1  
[2023/03/19 20:21:30 828] tts        657  TTS_MSG_GETAUDIO  0  
[2023/03/19 20:21:30 828] tts        485  get audio|use local  
[2023/03/19 20:21:30 828] tts        527  0  nil  1  
[2023/03/19 20:21:30 829] tts        657  TTS_MSG_GETAUDIO  0  
[2023/03/19 20:21:30 829] tts        485  get audio|use local  
[2023/03/19 20:21:30 829] tts        527  0  nil  1  
[2023/03/19 20:21:30 830] tts        657  TTS_MSG_GETAUDIO  0  
[2023/03/19 20:21:30 830] tts        485  get audio|use local  
[2023/03/19 20:21:30 830] tts        527  0  nil  1  
[2023/03/19 20:21:30 833] tts        657  TTS_MSG_GETAUDIO  0  
[2023/03/19 20:21:30 833] tts        485  get audio|use local  
[2023/03/19 20:21:30 833] tts        527  0  nil  1  
[2023/03/19 20:21:30 834] tts        657  TTS_MSG_GETAUDIO  0  
[2023/03/19 20:21:30 834] tts        485  get audio|use local  
[2023/03/19 20:21:30 834] tts        527  0  nil  1  
[2023/03/19 20:21:30 836] tts        657  TTS_MSG_GETAUDIO  0  
[2023/03/19 20:21:30 836] tts        485  get audio|use local  
[2023/03/19 20:21:30 836] tts        527  0  nil  1  
[2023/03/19 20:21:30 837] tts        657  TTS_MSG_GETAUDIO  0  
[2023/03/19 20:21:30 837] tts        485  get audio|use local  
[2023/03/19 20:21:30 837] tts        527  0  nil  1  
[2023/03/19 20:21:30 838] tts        657  TTS_MSG_GETAUDIO  0  
[2023/03/19 20:21:30 839] tts        485  get audio|use local  
[2023/03/19 20:21:30 839] tts        527  0  nil  1  
[2023/03/19 20:21:30 839] tts        657  TTS_MSG_GETAUDIO  0  
[2023/03/19 20:21:30 840] tts        485  get audio|use local  
[2023/03/19 20:21:30 840] tts        527  0  nil  1  
[2023/03/19 20:21:30 841] tts        657  TTS_MSG_GETAUDIO  0  
[2023/03/19 20:21:30 842] tts        485  get audio|use local  
[2023/03/19 20:21:30 842] tts        527  0  nil  1  
[2023/03/19 20:21:30 843] tts        657  TTS_MSG_GETAUDIO  0  
[2023/03/19 20:21:30 843] tts        485  get audio|use local  
[2023/03/19 20:21:30 844] tts        527  0  nil  1  
[2023/03/19 20:21:30 847] tts        657  TTS_MSG_GETAUDIO  0  
[2023/03/19 20:21:30 847] tts        485  get audio|use local  
[2023/03/19 20:21:30 848] tts        527  0  nil  1  
[2023/03/19 20:21:30 848] tts        657  TTS_MSG_GETAUDIO  0  
[2023/03/19 20:21:30 849] tts        485  get audio|use local  
[2023/03/19 20:21:30 849] tts        527  0  nil  1  
[2023/03/19 20:21:30 850] tts        657  TTS_MSG_GETAUDIO  0  
[2023/03/19 20:21:30 850] tts        485  get audio|use local  
[2023/03/19 20:21:30 851] tts        527  0  nil  1  
[2023/03/19 20:21:30 852] tts        657  TTS_MSG_GETAUDIO  0  
[2023/03/19 20:21:30 852] tts        485  get audio|use local  
[2023/03/19 20:21:30 853] tts        527  0  nil  1  
[2023/03/19 20:21:30 854] tts        657  TTS_MSG_GETAUDIO  0  
[2023/03/19 20:21:30 854] tts        485  get audio|use local  
[2023/03/19 20:21:30 854] tts        527  0  nil  1  
[2023/03/19 20:21:30 856] tts        657  TTS_MSG_GETAUDIO  0  
[2023/03/19 20:21:30 856] tts        485  get audio|use local  
[2023/03/19 20:21:30 856] tts        527  0  nil  1  
[2023/03/19 20:21:30 857] tts        657  TTS_MSG_GETAUDIO  0  
[2023/03/19 20:21:30 857] tts        485  get audio|use local  
[2023/03/19 20:21:30 857] tts        527  0  nil  1  
[2023/03/19 20:21:30 859] tts        657  TTS_MSG_GETAUDIO  0  
[2023/03/19 20:21:30 859] tts        485  get audio|use local  
[2023/03/19 20:21:30 859] tts        527  0  nil  1  
[2023/03/19 20:21:30 860] tts        657  TTS_MSG_GETAUDIO  0  
[2023/03/19 20:21:30 860] tts        485  get audio|use local  
[2023/03/19 20:21:30 860] tts        527  0  nil  1  
[2023/03/19 20:21:30 861] tts        657  TTS_MSG_GETAUDIO  0  
[2023/03/19 20:21:30 861] tts        485  get audio|use local  
[2023/03/19 20:21:30 861] tts        527  0  nil  1  
[2023/03/19 20:21:30 862] tts        657  TTS_MSG_GETAUDIO  0  
[2023/03/19 20:21:30 862] tts        485  get audio|use local  
[2023/03/19 20:21:30 863] tts        527  0  nil  1  
[2023/03/19 20:21:30 869] tts        657  TTS_MSG_GETAUDIO  0  
[2023/03/19 20:21:30 869] tts        485  get audio|use local  
[2023/03/19 20:21:30 869] tts        527  0  nil  1  
[2023/03/19 20:21:30 870] tts        657  TTS_MSG_GETAUDIO  0  
[2023/03/19 20:21:30 870] tts        485  get audio|use local  
[2023/03/19 20:21:30 870] tts        527  0  nil  1  
[2023/03/19 20:21:30 872] tts        657  TTS_MSG_GETAUDIO  0  
[2023/03/19 20:21:30 872] tts        485  get audio|use local  
[2023/03/19 20:21:30 872] tts        527  0  nil  1  
[2023/03/19 20:21:30 874] tts        657  TTS_MSG_GETAUDIO  0  
[2023/03/19 20:21:30 874] tts        485  get audio|use local  
[2023/03/19 20:21:30 874] tts        527  0  nil  1  
[2023/03/19 20:21:30 875] tts        657  TTS_MSG_GETAUDIO  0  
[2023/03/19 20:21:30 875] tts        485  get audio|use local  
[2023/03/19 20:21:30 876] tts        527  0  nil  1  
[2023/03/19 20:21:30 877] tts        657  TTS_MSG_GETAUDIO  0  
[2023/03/19 20:21:30 877] tts        485  get audio|use local  
[2023/03/19 20:21:30 877] tts        527  0  nil  1  
[2023/03/19 20:21:30 877] tts        657  TTS_MSG_GETAUDIO  0  
[2023/03/19 20:21:30 878] tts        485  get audio|use local  
[2023/03/19 20:21:30 879] tts        527  0  nil  1  
[2023/03/19 20:21:30 880] tts        657  TTS_MSG_GETAUDIO  0  
[2023/03/19 20:21:30 880] tts        485  get audio|use local  
[2023/03/19 20:21:30 880] tts        527  0  nil  1  
[2023/03/19 20:21:30 883] tts        657  TTS_MSG_GETAUDIO  0  
[2023/03/19 20:21:30 883] tts        485  get audio|use local  
[2023/03/19 20:21:30 883] tts        527  0  nil  1  
[2023/03/19 20:21:30 884] tts        657  TTS_MSG_GETAUDIO  0  
[2023/03/19 20:21:30 884] tts        485  get audio|use local  
[2023/03/19 20:21:30 884] tts        527  0  nil  1  
[2023/03/19 20:21:30 885] tts        657  TTS_MSG_GETAUDIO  0  
[2023/03/19 20:21:30 885] tts        485  get audio|use local  
[2023/03/19 20:21:30 885] tts        527  0  nil  1  
[2023/03/19 20:21:30 886] tts        657  TTS_MSG_GETAUDIO  0  
[2023/03/19 20:21:30 886] tts        485  get audio|use local  
[2023/03/19 20:21:30 886] tts        527  0  nil  1  
[2023/03/19 20:21:30 887] tts        657  TTS_MSG_GETAUDIO  0  
[2023/03/19 20:21:30 887] tts        485  get audio|use local  
[2023/03/19 20:21:30 888] tts        527  0  nil  1  
[2023/03/19 20:21:30 888] tts        657  TTS_MSG_GETAUDIO  0  
[2023/03/19 20:21:30 888] tts        485  get audio|use local  
[2023/03/19 20:21:30 888] tts        527  0  nil  1  
[2023/03/19 20:21:30 889] tts        657  TTS_MSG_GETAUDIO  0  
[2023/03/19 20:21:30 889] tts        485  get audio|use local  
[2023/03/19 20:21:30 889] tts        527  0  nil  1  
[2023/03/19 20:21:30 890] tts        657  TTS_MSG_GETAUDIO  0  
[2023/03/19 20:21:30 891] tts        485  get audio|use local  
[2023/03/19 20:21:30 891] tts        527  0  nil  1  
[2023/03/19 20:21:30 892] tts        657  TTS_MSG_GETAUDIO  0  
[2023/03/19 20:21:30 892] tts        485  get audio|use local  
[2023/03/19 20:21:30 892] tts        527  0  nil  1  
[2023/03/19 20:21:30 893] tts        657  TTS_MSG_GETAUDIO  0  
[2023/03/19 20:21:30 893] tts        485  get audio|use local  
[2023/03/19 20:21:30 893] tts        527  0  nil  1  
[2023/03/19 20:21:30 894] tts        657  TTS_MSG_GETAUDIO  0  
[2023/03/19 20:21:30 894] tts        485  get audio|use local  
[2023/03/19 20:21:30 894] tts        527  0  nil  1  
[2023/03/19 20:21:30 895] tts        657  TTS_MSG_GETAUDIO  0  
[2023/03/19 20:21:30 895] tts        485  get audio|use local  
[2023/03/19 20:21:30 895] tts        527  0  nil  1  
[2023/03/19 20:21:30 896] tts        657  TTS_MSG_GETAUDIO  0  
[2023/03/19 20:21:30 896] tts        485  get audio|use local  
[2023/03/19 20:21:30 896] tts        527  0  nil  1  
[2023/03/19 20:21:30 897] tts        657  TTS_MSG_GETAUDIO  0  
[2023/03/19 20:21:30 897] tts        485  get audio|use local  
[2023/03/19 20:21:30 897] tts        527  0  nil  1  
[2023/03/19 20:21:30 898] tts        657  TTS_MSG_GETAUDIO  0  
[2023/03/19 20:21:30 898] tts        485  get audio|use local  
[2023/03/19 20:21:30 898] tts        527  0  nil  1  
[2023/03/19 20:21:30 899] tts        657  TTS_MSG_GETAUDIO  0  
[2023/03/19 20:21:30 899] tts        485  get audio|use local  
[2023/03/19 20:21:30 899] tts        527  0  nil  1  
[2023/03/19 20:21:30 917] tts        657  TTS_MSG_GETAUDIO  0  
[2023/03/19 20:21:30 917] tts        485  get audio|use local  
[2023/03/19 20:21:30 917] tts        527  0  nil  1  
[2023/03/19 20:21:30 919] tts        657  TTS_MSG_GETAUDIO  0  
[2023/03/19 20:21:30 919] tts        485  get audio|use local  
[2023/03/19 20:21:30 919] tts        527  0  nil  1  
[2023/03/19 20:21:30 919] tts        657  TTS_MSG_GETAUDIO  0  
[2023/03/19 20:21:30 920] tts        485  get audio|use local  
[2023/03/19 20:21:30 920] tts        527  0  nil  1  
[2023/03/19 20:21:30 921] tts        657  TTS_MSG_GETAUDIO  0  
[2023/03/19 20:21:30 921] tts        485  get audio|use local  
[2023/03/19 20:21:30 923] tts        527  0  nil  1  
[2023/03/19 20:21:30 930] tts        657  TTS_MSG_GETAUDIO  0  
[2023/03/19 20:21:30 930] tts        485  get audio|use local  
[2023/03/19 20:21:30 931] tts        527  0  nil  1  
[2023/03/19 20:21:30 931] tts        657  TTS_MSG_GETAUDIO  0  
[2023/03/19 20:21:30 932] tts        485  get audio|use local  
[2023/03/19 20:21:30 932] tts        527  0  nil  1  
[2023/03/19 20:21:30 932] tts        657  TTS_MSG_GETAUDIO  0  
[2023/03/19 20:21:30 932] tts        485  get audio|use local  
[2023/03/19 20:21:30 933] tts        527  0  nil  1  
[2023/03/19 20:21:30 941] tts        657  TTS_MSG_GETAUDIO  0  
[2023/03/19 20:21:30 942] tts        485  get audio|use local  
[2023/03/19 20:21:30 942] tts        527  0  nil  1  
[2023/03/19 20:21:30 943] tts        657  TTS_MSG_GETAUDIO  0  
[2023/03/19 20:21:30 943] tts        485  get audio|use local  
[2023/03/19 20:21:30 943] tts        527  0  nil  1  
[2023/03/19 20:21:30 944] tts        657  TTS_MSG_GETAUDIO  0  
[2023/03/19 20:21:30 944] tts        485  get audio|use local  
[2023/03/19 20:21:30 944] tts        527  0  nil  1  
[2023/03/19 20:21:30 945] tts        657  TTS_MSG_GETAUDIO  0  
[2023/03/19 20:21:30 945] tts        485  get audio|use local  
[2023/03/19 20:21:30 945] tts        527  0  nil  1  
[2023/03/19 20:21:30 947] tts        657  TTS_MSG_GETAUDIO  0  
[2023/03/19 20:21:30 947] tts        485  get audio|use local  
[2023/03/19 20:21:30 947] tts        527  0  nil  1  
[2023/03/19 20:21:30 948] tts        657  TTS_MSG_GETAUDIO  0  
[2023/03/19 20:21:30 948] tts        485  get audio|use local  
[2023/03/19 20:21:30 948] tts        527  0  nil  1  
[2023/03/19 20:21:30 949] tts        657  TTS_MSG_GETAUDIO  0  
[2023/03/19 20:21:30 949] tts        485  get audio|use local  
[2023/03/19 20:21:30 949] tts        527  0  nil  1  
[2023/03/19 20:21:30 952] tts        657  TTS_MSG_GETAUDIO  0  
[2023/03/19 20:21:30 952] tts        485  get audio|use local  
[2023/03/19 20:21:30 952] tts        498  local audiolen:  2042  ,ced:  6  
[2023/03/19 20:21:30 952] tts        527  0  udata(94070bf8) 1  
[2023/03/19 20:21:30 954] tts        657  TTS_MSG_GETAUDIO  0  
[2023/03/19 20:21:30 954] tts        485  get audio|use local  
[2023/03/19 20:21:30 954] tts        498  local audiolen:  2016  ,ced:  6  
[2023/03/19 20:21:30 954] tts        527  0  udata(94070ce8) 1  
[2023/03/19 20:21:30 956] tts        657  TTS_MSG_GETAUDIO  0  
[2023/03/19 20:21:30 956] tts        485  get audio|use local  
[2023/03/19 20:21:30 956] tts        498  local audiolen:  2014  ,ced:  6  
[2023/03/19 20:21:30 957] tts        527  0  udata(94070e38) 1  
[2023/03/19 20:21:30 957] tts        657  TTS_MSG_GETAUDIO  0  
[2023/03/19 20:21:30 958] tts        485  get audio|use local  
[2023/03/19 20:21:30 958] tts        527  0  nil  1  
[2023/03/19 20:21:30 959] tts        657  TTS_MSG_GETAUDIO  0  
[2023/03/19 20:21:30 960] tts        485  get audio|use local  
[2023/03/19 20:21:30 960] tts        527  0  nil  1  
[2023/03/19 20:21:30 961] tts        657  TTS_MSG_GETAUDIO  0  
[2023/03/19 20:21:30 961] tts        485  get audio|use local  
[2023/03/19 20:21:30 961] tts        527  0  nil  1  
[2023/03/19 20:21:30 962] tts        657  TTS_MSG_GETAUDIO  0  
[2023/03/19 20:21:30 962] tts        485  get audio|use local  
[2023/03/19 20:21:30 962] tts        527  0  nil  1  
[2023/03/19 20:21:30 964] tts        657  TTS_MSG_GETAUDIO  0  
[2023/03/19 20:21:30 964] tts        485  get audio|use local  
[2023/03/19 20:21:30 964] tts        527  0  nil  1  
[2023/03/19 20:21:30 977] tts        301  0  0  
[2023/03/19 20:21:30 978] tts        312  TTS_LOCAL_CB_END,  2  
[2023/03/19 20:21:30 978] tts        657  TTS_MSG_GETAUDIO  0  
[2023/03/19 20:21:30 978] tts        485  get audio|use local  
[2023/03/19 20:21:30 978] tts        498  local audiolen:  1962  ,ced:  6  
[2023/03/19 20:21:30 978] tts        527  0  udata(9407d7c8) 1  
[2023/03/19 20:21:30 980] tts        657  TTS_MSG_GETAUDIO  0  
[2023/03/19 20:21:30 980] tts        485  get audio|use local  
[2023/03/19 20:21:30 980] tts        498  local audiolen:  1950  ,ced:  6  
[2023/03/19 20:21:30 980] tts        527  0  udata(9407cb98) 1  
[2023/03/19 20:21:30 981] tts        657  TTS_MSG_GETAUDIO  0  
[2023/03/19 20:21:30 981] tts        485  get audio|use local  
[2023/03/19 20:21:30 981] tts        498  local audiolen:  1970  ,ced:  6  
[2023/03/19 20:21:30 982] tts        527  0  udata(9407cbe8) 1  
[2023/03/19 20:21:30 983] tts        657  TTS_MSG_GETAUDIO  0  
[2023/03/19 20:21:30 983] tts        485  get audio|use local  
[2023/03/19 20:21:30 983] tts        498  local audiolen:  2012  ,ced:  6  
[2023/03/19 20:21:30 983] tts        527  0  udata(9407cc38) 1  
[2023/03/19 20:21:30 984] tts        657  TTS_MSG_GETAUDIO  0  
[2023/03/19 20:21:30 984] tts        485  get audio|use local  
[2023/03/19 20:21:30 984] tts        498  local audiolen:  1874  ,ced:  6  
[2023/03/19 20:21:30 984] tts        527  0  udata(9407cc88) 1  
[2023/03/19 20:21:30 986] tts        657  TTS_MSG_GETAUDIO  0  
[2023/03/19 20:21:30 986] tts        485  get audio|use local  
[2023/03/19 20:21:30 986] tts        498  local audiolen:  1868  ,ced:  6  
[2023/03/19 20:21:30 986] tts        527  0  udata(9407ccd8) 1  
[2023/03/19 20:21:30 988] tts        657  TTS_MSG_GETAUDIO  0  
[2023/03/19 20:21:30 988] tts        485  get audio|use local  
[2023/03/19 20:21:30 988] tts        498  local audiolen:  2000  ,ced:  6  
[2023/03/19 20:21:30 988] tts        527  0  udata(9407cd28) 1  
[2023/03/19 20:21:30 989] tts        657  TTS_MSG_GETAUDIO  0  
[2023/03/19 20:21:30 990] tts        485  get audio|use local  
[2023/03/19 20:21:30 990] tts        498  local audiolen:  2002  ,ced:  6  
[2023/03/19 20:21:30 990] tts        527  0  udata(9407cd78) 1  
[2023/03/19 20:21:30 991] tts        657  TTS_MSG_GETAUDIO  0  
[2023/03/19 20:21:30 991] tts        485  get audio|use local  
[2023/03/19 20:21:30 991] tts        498  local audiolen:  672  ,ced:  6  
[2023/03/19 20:21:30 991] tts        527  0  udata(94087568) 2  
[2023/03/19 20:21:30 993] tts        660  TTS_MSG_SSE  
[2023/03/19 20:21:30 994] tts        585  sse|use local  
[2023/03/19 20:21:30 997] tts        603  tts exit  
[2023/03/19 20:21:30 998] tts        667  SYS_MSG_UNLOAD  
