============================================================
Time  2023/03/19 20:08:43 957 
============================================================
[2023/03/19 20:08:43 957] tts        676  SYS_MSG_REGCB param0 =  msp_status_cb  param1 =  func(64014a30) 
[2023/03/19 20:08:43 960] config     43   use general cloud  
[2023/03/19 20:08:43 965] tts_cloud  1417 SYS_MSG_REGCB_CLOUD param0 =   msp_status_cb  param1 =  func(64014a30) 
[2023/03/19 20:08:43 966] tts        647  TTS_MSG_SSB  
[2023/03/19 20:08:43 966] tts        375  params =  engine_type = local,voice_name=xiaoyan, text_encoding = UTF8, tts_res_path = fo|res/tts/xiaoyan.jet;fo|res/tts/common.jet, sample_rate = 16000, speed = 50, volume = 50, pitch = 50, rdn = 2  
[2023/03/19 20:08:43 966] tts        412  ssb|use local  
[2023/03/19 20:08:43 966] tts        349  local_session_begin  
[2023/03/19 20:08:43 969] tts        654  TTS_MSG_SYN  0  
[2023/03/19 20:08:43 969] tts        451  synth|use local  
[2023/03/19 20:08:43 971] tts        657  TTS_MSG_GETAUDIO  0  
[2023/03/19 20:08:43 971] tts        485  get audio|use local  
[2023/03/19 20:08:43 971] tts        527  0  nil  1  
[2023/03/19 20:08:43 972] tts        657  TTS_MSG_GETAUDIO  0  
[2023/03/19 20:08:43 972] tts        485  get audio|use local  
[2023/03/19 20:08:43 972] tts        527  0  nil  1  
[2023/03/19 20:08:43 973] tts        657  TTS_MSG_GETAUDIO  0  
[2023/03/19 20:08:43 973] tts        485  get audio|use local  
[2023/03/19 20:08:43 973] tts        527  0  nil  1  
[2023/03/19 20:08:43 974] tts        657  TTS_MSG_GETAUDIO  0  
[2023/03/19 20:08:43 974] tts        485  get audio|use local  
[2023/03/19 20:08:43 974] tts        527  0  nil  1  
[2023/03/19 20:08:43 975] tts        657  TTS_MSG_GETAUDIO  0  
[2023/03/19 20:08:43 975] tts        485  get audio|use local  
[2023/03/19 20:08:43 975] tts        527  0  nil  1  
[2023/03/19 20:08:43 976] tts        657  TTS_MSG_GETAUDIO  0  
[2023/03/19 20:08:43 976] tts        485  get audio|use local  
[2023/03/19 20:08:43 976] tts        527  0  nil  1  
[2023/03/19 20:08:43 977] tts        657  TTS_MSG_GETAUDIO  0  
[2023/03/19 20:08:43 977] tts        485  get audio|use local  
[2023/03/19 20:08:43 977] tts        527  0  nil  1  
[2023/03/19 20:08:43 978] tts        657  TTS_MSG_GETAUDIO  0  
[2023/03/19 20:08:43 978] tts        485  get audio|use local  
[2023/03/19 20:08:43 978] tts        527  0  nil  1  
[2023/03/19 20:08:43 979] tts        657  TTS_MSG_GETAUDIO  0  
[2023/03/19 20:08:43 979] tts        485  get audio|use local  
[2023/03/19 20:08:43 979] tts        527  0  nil  1  
[2023/03/19 20:08:43 980] tts        657  TTS_MSG_GETAUDIO  0  
[2023/03/19 20:08:43 980] tts        485  get audio|use local  
[2023/03/19 20:08:43 980] tts        527  0  nil  1  
[2023/03/19 20:08:43 980] tts        657  TTS_MSG_GETAUDIO  0  
[2023/03/19 20:08:43 981] tts        485  get audio|use local  
[2023/03/19 20:08:43 981] tts        527  0  nil  1  
[2023/03/19 20:08:43 981] tts        657  TTS_MSG_GETAUDIO  0  
[2023/03/19 20:08:43 982] tts        485  get audio|use local  
[2023/03/19 20:08:43 982] tts        527  0  nil  1  
[2023/03/19 20:08:43 982] tts        657  TTS_MSG_GETAUDIO  0  
[2023/03/19 20:08:43 982] tts        485  get audio|use local  
[2023/03/19 20:08:43 982] tts        527  0  nil  1  
[2023/03/19 20:08:43 983] tts        657  TTS_MSG_GETAUDIO  0  
[2023/03/19 20:08:43 983] tts        485  get audio|use local  
[2023/03/19 20:08:43 983] tts        527  0  nil  1  
[2023/03/19 20:08:43 984] tts        657  TTS_MSG_GETAUDIO  0  
[2023/03/19 20:08:43 984] tts        485  get audio|use local  
[2023/03/19 20:08:43 985] tts        527  0  nil  1  
[2023/03/19 20:08:43 986] tts        657  TTS_MSG_GETAUDIO  0  
[2023/03/19 20:08:43 986] tts        485  get audio|use local  
[2023/03/19 20:08:43 986] tts        527  0  nil  1  
[2023/03/19 20:08:43 987] tts        657  TTS_MSG_GETAUDIO  0  
[2023/03/19 20:08:43 987] tts        485  get audio|use local  
[2023/03/19 20:08:43 987] tts        527  0  nil  1  
[2023/03/19 20:08:43 988] tts        657  TTS_MSG_GETAUDIO  0  
[2023/03/19 20:08:43 988] tts        485  get audio|use local  
[2023/03/19 20:08:43 988] tts        527  0  nil  1  
[2023/03/19 20:08:43 989] tts        657  TTS_MSG_GETAUDIO  0  
[2023/03/19 20:08:43 989] tts        485  get audio|use local  
[2023/03/19 20:08:43 989] tts        527  0  nil  1  
[2023/03/19 20:08:43 990] tts        657  TTS_MSG_GETAUDIO  0  
[2023/03/19 20:08:43 990] tts        485  get audio|use local  
[2023/03/19 20:08:43 990] tts        527  0  nil  1  
[2023/03/19 20:08:43 991] tts        657  TTS_MSG_GETAUDIO  0  
[2023/03/19 20:08:43 991] tts        485  get audio|use local  
[2023/03/19 20:08:43 991] tts        527  0  nil  1  
[2023/03/19 20:08:43 992] tts        657  TTS_MSG_GETAUDIO  0  
[2023/03/19 20:08:43 992] tts        485  get audio|use local  
[2023/03/19 20:08:43 992] tts        527  0  nil  1  
[2023/03/19 20:08:43 993] tts        657  TTS_MSG_GETAUDIO  0  
[2023/03/19 20:08:43 993] tts        485  get audio|use local  
[2023/03/19 20:08:43 993] tts        527  0  nil  1  
[2023/03/19 20:08:43 994] tts        657  TTS_MSG_GETAUDIO  0  
[2023/03/19 20:08:43 994] tts        485  get audio|use local  
[2023/03/19 20:08:43 994] tts        527  0  nil  1  
[2023/03/19 20:08:43 995] tts        657  TTS_MSG_GETAUDIO  0  
[2023/03/19 20:08:43 995] tts        485  get audio|use local  
[2023/03/19 20:08:43 995] tts        527  0  nil  1  
[2023/03/19 20:08:43 996] tts        657  TTS_MSG_GETAUDIO  0  
[2023/03/19 20:08:43 996] tts        485  get audio|use local  
[2023/03/19 20:08:43 997] tts        527  0  nil  1  
[2023/03/19 20:08:43 997] tts        657  TTS_MSG_GETAUDIO  0  
[2023/03/19 20:08:43 997] tts        485  get audio|use local  
[2023/03/19 20:08:43 998] tts        527  0  nil  1  
[2023/03/19 20:08:43 998] tts        657  TTS_MSG_GETAUDIO  0  
[2023/03/19 20:08:43 998] tts        485  get audio|use local  
[2023/03/19 20:08:43 999] tts        527  0  nil  1  
[2023/03/19 20:08:43 999] tts        657  TTS_MSG_GETAUDIO  0  
[2023/03/19 20:08:43 999] tts        485  get audio|use local  
[2023/03/19 20:08:44 000] tts        527  0  nil  1  
[2023/03/19 20:08:44 001] tts        657  TTS_MSG_GETAUDIO  0  
[2023/03/19 20:08:44 001] tts        485  get audio|use local  
[2023/03/19 20:08:44 001] tts        527  0  nil  1  
[2023/03/19 20:08:44 002] tts        657  TTS_MSG_GETAUDIO  0  
[2023/03/19 20:08:44 002] tts        485  get audio|use local  
[2023/03/19 20:08:44 002] tts        527  0  nil  1  
[2023/03/19 20:08:44 003] tts        657  TTS_MSG_GETAUDIO  0  
[2023/03/19 20:08:44 003] tts        485  get audio|use local  
[2023/03/19 20:08:44 003] tts        527  0  nil  1  
[2023/03/19 20:08:44 004] tts        657  TTS_MSG_GETAUDIO  0  
[2023/03/19 20:08:44 004] tts        485  get audio|use local  
[2023/03/19 20:08:44 004] tts        527  0  nil  1  
[2023/03/19 20:08:44 004] tts        657  TTS_MSG_GETAUDIO  0  
[2023/03/19 20:08:44 005] tts        485  get audio|use local  
[2023/03/19 20:08:44 005] tts        527  0  nil  1  
[2023/03/19 20:08:44 005] tts        657  TTS_MSG_GETAUDIO  0  
[2023/03/19 20:08:44 005] tts        485  get audio|use local  
[2023/03/19 20:08:44 005] tts        527  0  nil  1  
[2023/03/19 20:08:44 006] tts        657  TTS_MSG_GETAUDIO  0  
[2023/03/19 20:08:44 006] tts        485  get audio|use local  
[2023/03/19 20:08:44 007] tts        527  0  nil  1  
[2023/03/19 20:08:44 007] tts        657  TTS_MSG_GETAUDIO  0  
[2023/03/19 20:08:44 008] tts        485  get audio|use local  
[2023/03/19 20:08:44 008] tts        527  0  nil  1  
[2023/03/19 20:08:44 008] tts        657  TTS_MSG_GETAUDIO  0  
[2023/03/19 20:08:44 008] tts        485  get audio|use local  
[2023/03/19 20:08:44 009] tts        527  0  nil  1  
[2023/03/19 20:08:44 009] tts        657  TTS_MSG_GETAUDIO  0  
[2023/03/19 20:08:44 009] tts        485  get audio|use local  
[2023/03/19 20:08:44 009] tts        527  0  nil  1  
[2023/03/19 20:08:44 010] tts        657  TTS_MSG_GETAUDIO  0  
[2023/03/19 20:08:44 010] tts        485  get audio|use local  
[2023/03/19 20:08:44 011] tts        527  0  nil  1  
[2023/03/19 20:08:44 011] tts        657  TTS_MSG_GETAUDIO  0  
[2023/03/19 20:08:44 011] tts        485  get audio|use local  
[2023/03/19 20:08:44 012] tts        527  0  nil  1  
[2023/03/19 20:08:44 016] tts        657  TTS_MSG_GETAUDIO  0  
[2023/03/19 20:08:44 016] tts        485  get audio|use local  
[2023/03/19 20:08:44 016] tts        527  0  nil  1  
[2023/03/19 20:08:44 019] tts        657  TTS_MSG_GETAUDIO  0  
[2023/03/19 20:08:44 019] tts        485  get audio|use local  
[2023/03/19 20:08:44 019] tts        527  0  nil  1  
[2023/03/19 20:08:44 020] tts        657  TTS_MSG_GETAUDIO  0  
[2023/03/19 20:08:44 020] tts        485  get audio|use local  
[2023/03/19 20:08:44 020] tts        527  0  nil  1  
[2023/03/19 20:08:44 021] tts        657  TTS_MSG_GETAUDIO  0  
[2023/03/19 20:08:44 022] tts        485  get audio|use local  
[2023/03/19 20:08:44 022] tts        527  0  nil  1  
[2023/03/19 20:08:44 023] tts        657  TTS_MSG_GETAUDIO  0  
[2023/03/19 20:08:44 023] tts        485  get audio|use local  
[2023/03/19 20:08:44 023] tts        527  0  nil  1  
[2023/03/19 20:08:44 024] tts        657  TTS_MSG_GETAUDIO  0  
[2023/03/19 20:08:44 024] tts        485  get audio|use local  
[2023/03/19 20:08:44 024] tts        527  0  nil  1  
[2023/03/19 20:08:44 026] tts        657  TTS_MSG_GETAUDIO  0  
[2023/03/19 20:08:44 026] tts        485  get audio|use local  
[2023/03/19 20:08:44 026] tts        527  0  nil  1  
[2023/03/19 20:08:44 027] tts        657  TTS_MSG_GETAUDIO  0  
[2023/03/19 20:08:44 027] tts        485  get audio|use local  
[2023/03/19 20:08:44 028] tts        527  0  nil  1  
[2023/03/19 20:08:44 029] tts        299  TTS_LOCAL_CB_BEGIN  
[2023/03/19 20:08:44 029] tts        657  TTS_MSG_GETAUDIO  0  
[2023/03/19 20:08:44 029] tts        485  get audio|use local  
[2023/03/19 20:08:44 030] tts        527  0  nil  1  
[2023/03/19 20:08:44 030] tts        657  TTS_MSG_GETAUDIO  0  
[2023/03/19 20:08:44 030] tts        485  get audio|use local  
[2023/03/19 20:08:44 031] tts        527  0  nil  1  
[2023/03/19 20:08:44 031] tts        657  TTS_MSG_GETAUDIO  0  
[2023/03/19 20:08:44 031] tts        485  get audio|use local  
[2023/03/19 20:08:44 031] tts        527  0  nil  1  
[2023/03/19 20:08:44 032] tts        657  TTS_MSG_GETAUDIO  0  
[2023/03/19 20:08:44 032] tts        485  get audio|use local  
[2023/03/19 20:08:44 032] tts        527  0  nil  1  
[2023/03/19 20:08:44 033] tts        657  TTS_MSG_GETAUDIO  0  
[2023/03/19 20:08:44 033] tts        485  get audio|use local  
[2023/03/19 20:08:44 033] tts        527  0  nil  1  
[2023/03/19 20:08:44 034] tts        657  TTS_MSG_GETAUDIO  0  
[2023/03/19 20:08:44 034] tts        485  get audio|use local  
[2023/03/19 20:08:44 034] tts        527  0  nil  1  
[2023/03/19 20:08:44 037] tts        657  TTS_MSG_GETAUDIO  0  
[2023/03/19 20:08:44 037] tts        485  get audio|use local  
[2023/03/19 20:08:44 037] tts        498  local audiolen:  2042  ,ced:  6  
[2023/03/19 20:08:44 037] tts        527  0  udata(6407eaa8) 1  
[2023/03/19 20:08:44 039] tts        657  TTS_MSG_GETAUDIO  0  
[2023/03/19 20:08:44 039] tts        485  get audio|use local  
[2023/03/19 20:08:44 039] tts        498  local audiolen:  2016  ,ced:  6  
[2023/03/19 20:08:44 039] tts        527  0  udata(6407ecb8) 1  
[2023/03/19 20:08:44 046] tts        657  TTS_MSG_GETAUDIO  0  
[2023/03/19 20:08:44 047] tts        485  get audio|use local  
[2023/03/19 20:08:44 047] tts        527  0  nil  1  
[2023/03/19 20:08:44 050] tts        657  TTS_MSG_GETAUDIO  0  
[2023/03/19 20:08:44 050] tts        485  get audio|use local  
[2023/03/19 20:08:44 050] tts        527  0  nil  1  
[2023/03/19 20:08:44 053] tts        657  TTS_MSG_GETAUDIO  0  
[2023/03/19 20:08:44 053] tts        485  get audio|use local  
[2023/03/19 20:08:44 053] tts        498  local audiolen:  2014  ,ced:  6  
[2023/03/19 20:08:44 053] tts        527  0  udata(64087748) 1  
[2023/03/19 20:08:44 055] tts        657  TTS_MSG_GETAUDIO  0  
[2023/03/19 20:08:44 056] tts        485  get audio|use local  
[2023/03/19 20:08:44 056] tts        527  0  nil  1  
[2023/03/19 20:08:44 057] tts        657  TTS_MSG_GETAUDIO  0  
[2023/03/19 20:08:44 057] tts        485  get audio|use local  
[2023/03/19 20:08:44 058] tts        527  0  nil  1  
[2023/03/19 20:08:44 058] tts        657  TTS_MSG_GETAUDIO  0  
[2023/03/19 20:08:44 058] tts        485  get audio|use local  
[2023/03/19 20:08:44 058] tts        527  0  nil  1  
[2023/03/19 20:08:44 059] tts        657  TTS_MSG_GETAUDIO  0  
[2023/03/19 20:08:44 059] tts        485  get audio|use local  
[2023/03/19 20:08:44 059] tts        527  0  nil  1  
[2023/03/19 20:08:44 060] tts        657  TTS_MSG_GETAUDIO  0  
[2023/03/19 20:08:44 060] tts        485  get audio|use local  
[2023/03/19 20:08:44 060] tts        527  0  nil  1  
[2023/03/19 20:08:44 060] tts        657  TTS_MSG_GETAUDIO  0  
[2023/03/19 20:08:44 060] tts        485  get audio|use local  
[2023/03/19 20:08:44 061] tts        527  0  nil  1  
[2023/03/19 20:08:44 061] tts        657  TTS_MSG_GETAUDIO  0  
[2023/03/19 20:08:44 061] tts        485  get audio|use local  
[2023/03/19 20:08:44 061] tts        527  0  nil  1  
[2023/03/19 20:08:44 062] tts        657  TTS_MSG_GETAUDIO  0  
[2023/03/19 20:08:44 062] tts        485  get audio|use local  
[2023/03/19 20:08:44 062] tts        527  0  nil  1  
[2023/03/19 20:08:44 063] tts        657  TTS_MSG_GETAUDIO  0  
[2023/03/19 20:08:44 063] tts        485  get audio|use local  
[2023/03/19 20:08:44 063] tts        527  0  nil  1  
[2023/03/19 20:08:44 063] tts        657  TTS_MSG_GETAUDIO  0  
[2023/03/19 20:08:44 064] tts        485  get audio|use local  
[2023/03/19 20:08:44 064] tts        527  0  nil  1  
[2023/03/19 20:08:44 064] tts        657  TTS_MSG_GETAUDIO  0  
[2023/03/19 20:08:44 064] tts        485  get audio|use local  
[2023/03/19 20:08:44 064] tts        527  0  nil  1  
[2023/03/19 20:08:44 065] tts        657  TTS_MSG_GETAUDIO  0  
[2023/03/19 20:08:44 065] tts        485  get audio|use local  
[2023/03/19 20:08:44 065] tts        527  0  nil  1  
[2023/03/19 20:08:44 066] tts        657  TTS_MSG_GETAUDIO  0  
[2023/03/19 20:08:44 066] tts        485  get audio|use local  
[2023/03/19 20:08:44 066] tts        527  0  nil  1  
[2023/03/19 20:08:44 067] tts        657  TTS_MSG_GETAUDIO  0  
[2023/03/19 20:08:44 067] tts        485  get audio|use local  
[2023/03/19 20:08:44 067] tts        527  0  nil  1  
[2023/03/19 20:08:44 068] tts        657  TTS_MSG_GETAUDIO  0  
[2023/03/19 20:08:44 068] tts        485  get audio|use local  
[2023/03/19 20:08:44 068] tts        527  0  nil  1  
[2023/03/19 20:08:44 068] tts        657  TTS_MSG_GETAUDIO  0  
[2023/03/19 20:08:44 068] tts        485  get audio|use local  
[2023/03/19 20:08:44 069] tts        527  0  nil  1  
[2023/03/19 20:08:44 069] tts        657  TTS_MSG_GETAUDIO  0  
[2023/03/19 20:08:44 069] tts        485  get audio|use local  
[2023/03/19 20:08:44 069] tts        527  0  nil  1  
[2023/03/19 20:08:44 070] tts        657  TTS_MSG_GETAUDIO  0  
[2023/03/19 20:08:44 070] tts        485  get audio|use local  
[2023/03/19 20:08:44 070] tts        527  0  nil  1  
[2023/03/19 20:08:44 070] tts        657  TTS_MSG_GETAUDIO  0  
[2023/03/19 20:08:44 071] tts        485  get audio|use local  
[2023/03/19 20:08:44 071] tts        527  0  nil  1  
[2023/03/19 20:08:44 071] tts        657  TTS_MSG_GETAUDIO  0  
[2023/03/19 20:08:44 071] tts        485  get audio|use local  
[2023/03/19 20:08:44 071] tts        527  0  nil  1  
[2023/03/19 20:08:44 072] tts        657  TTS_MSG_GETAUDIO  0  
[2023/03/19 20:08:44 072] tts        485  get audio|use local  
[2023/03/19 20:08:44 072] tts        527  0  nil  1  
[2023/03/19 20:08:44 073] tts        657  TTS_MSG_GETAUDIO  0  
[2023/03/19 20:08:44 073] tts        485  get audio|use local  
[2023/03/19 20:08:44 073] tts        527  0  nil  1  
[2023/03/19 20:08:44 073] tts        657  TTS_MSG_GETAUDIO  0  
[2023/03/19 20:08:44 073] tts        485  get audio|use local  
[2023/03/19 20:08:44 073] tts        527  0  nil  1  
[2023/03/19 20:08:44 074] tts        657  TTS_MSG_GETAUDIO  0  
[2023/03/19 20:08:44 074] tts        485  get audio|use local  
[2023/03/19 20:08:44 074] tts        527  0  nil  1  
[2023/03/19 20:08:44 075] tts        657  TTS_MSG_GETAUDIO  0  
[2023/03/19 20:08:44 075] tts        485  get audio|use local  
[2023/03/19 20:08:44 075] tts        527  0  nil  1  
[2023/03/19 20:08:44 075] tts        657  TTS_MSG_GETAUDIO  0  
[2023/03/19 20:08:44 076] tts        485  get audio|use local  
[2023/03/19 20:08:44 076] tts        527  0  nil  1  
[2023/03/19 20:08:44 076] tts        657  TTS_MSG_GETAUDIO  0  
[2023/03/19 20:08:44 076] tts        485  get audio|use local  
[2023/03/19 20:08:44 076] tts        527  0  nil  1  
[2023/03/19 20:08:44 077] tts        657  TTS_MSG_GETAUDIO  0  
[2023/03/19 20:08:44 077] tts        485  get audio|use local  
[2023/03/19 20:08:44 077] tts        527  0  nil  1  
[2023/03/19 20:08:44 078] tts        657  TTS_MSG_GETAUDIO  0  
[2023/03/19 20:08:44 078] tts        485  get audio|use local  
[2023/03/19 20:08:44 078] tts        527  0  nil  1  
[2023/03/19 20:08:44 078] tts        657  TTS_MSG_GETAUDIO  0  
[2023/03/19 20:08:44 078] tts        485  get audio|use local  
[2023/03/19 20:08:44 078] tts        527  0  nil  1  
[2023/03/19 20:08:44 079] tts        657  TTS_MSG_GETAUDIO  0  
[2023/03/19 20:08:44 079] tts        485  get audio|use local  
[2023/03/19 20:08:44 079] tts        527  0  nil  1  
[2023/03/19 20:08:44 080] tts        657  TTS_MSG_GETAUDIO  0  
[2023/03/19 20:08:44 080] tts        485  get audio|use local  
[2023/03/19 20:08:44 080] tts        527  0  nil  1  
[2023/03/19 20:08:44 084] tts        657  TTS_MSG_GETAUDIO  0  
[2023/03/19 20:08:44 084] tts        485  get audio|use local  
[2023/03/19 20:08:44 084] tts        498  local audiolen:  2016  ,ced:  6  
[2023/03/19 20:08:44 085] tts        527  0  udata(640879e8) 1  
[2023/03/19 20:08:44 087] tts        657  TTS_MSG_GETAUDIO  0  
[2023/03/19 20:08:44 087] tts        485  get audio|use local  
[2023/03/19 20:08:44 087] tts        498  local audiolen:  1954  ,ced:  6  
[2023/03/19 20:08:44 087] tts        527  0  udata(6407c438) 1  
[2023/03/19 20:08:44 089] tts        301  0  0  
[2023/03/19 20:08:44 090] tts        312  TTS_LOCAL_CB_END,  2  
[2023/03/19 20:08:44 090] tts        657  TTS_MSG_GETAUDIO  0  
[2023/03/19 20:08:44 090] tts        485  get audio|use local  
[2023/03/19 20:08:44 091] tts        498  local audiolen:  2036  ,ced:  6  
[2023/03/19 20:08:44 091] tts        527  0  udata(64086f58) 1  
[2023/03/19 20:08:44 092] tts        657  TTS_MSG_GETAUDIO  0  
[2023/03/19 20:08:44 092] tts        485  get audio|use local  
[2023/03/19 20:08:44 092] tts        498  local audiolen:  2048  ,ced:  6  
[2023/03/19 20:08:44 092] tts        527  0  udata(64086fa8) 1  
[2023/03/19 20:08:44 093] tts        657  TTS_MSG_GETAUDIO  0  
[2023/03/19 20:08:44 093] tts        485  get audio|use local  
[2023/03/19 20:08:44 093] tts        498  local audiolen:  2036  ,ced:  6  
[2023/03/19 20:08:44 093] tts        527  0  udata(6407ed08) 1  
[2023/03/19 20:08:44 094] tts        657  TTS_MSG_GETAUDIO  0  
[2023/03/19 20:08:44 094] tts        485  get audio|use local  
[2023/03/19 20:08:44 094] tts        498  local audiolen:  1980  ,ced:  6  
[2023/03/19 20:08:44 094] tts        527  0  udata(64086ff8) 1  
[2023/03/19 20:08:44 095] tts        657  TTS_MSG_GETAUDIO  0  
[2023/03/19 20:08:44 095] tts        485  get audio|use local  
[2023/03/19 20:08:44 095] tts        498  local audiolen:  1936  ,ced:  6  
[2023/03/19 20:08:44 095] tts        527  0  udata(64087048) 1  
[2023/03/19 20:08:44 096] tts        657  TTS_MSG_GETAUDIO  0  
[2023/03/19 20:08:44 096] tts        485  get audio|use local  
[2023/03/19 20:08:44 096] tts        498  local audiolen:  1976  ,ced:  6  
[2023/03/19 20:08:44 096] tts        527  0  udata(64087098) 1  
[2023/03/19 20:08:44 097] tts        657  TTS_MSG_GETAUDIO  0  
[2023/03/19 20:08:44 097] tts        485  get audio|use local  
[2023/03/19 20:08:44 097] tts        498  local audiolen:  1344  ,ced:  6  
[2023/03/19 20:08:44 097] tts        527  0  udata(64087638) 2  
[2023/03/19 20:08:44 098] tts        660  TTS_MSG_SSE  
[2023/03/19 20:08:44 099] tts        585  sse|use local  
[2023/03/19 20:08:44 100] tts        603  tts exit  
