============================================================
Time  2023/03/19 19:33:18 211 
============================================================
[2023/03/19 19:33:18 212] tts        676  SYS_MSG_REGCB param0 =  msp_status_cb  param1 =  func(84014a30) 
[2023/03/19 19:33:18 217] config     43   use general cloud  
[2023/03/19 19:33:18 225] tts_cloud  1417 SYS_MSG_REGCB_CLOUD param0 =   msp_status_cb  param1 =  func(84014a30) 
[2023/03/19 19:33:18 226] tts        647  TTS_MSG_SSB  
[2023/03/19 19:33:18 226] tts        375  params =  engine_type = local,voice_name=xiaoyan, text_encoding = UTF8, tts_res_path = fo|res/tts/xiaoyan.jet;fo|res/tts/common.jet, sample_rate = 16000, speed = 50, volume = 50, pitch = 50, rdn = 2  
[2023/03/19 19:33:18 226] tts        412  ssb|use local  
[2023/03/19 19:33:18 226] tts        349  local_session_begin  
[2023/03/19 19:33:18 230] tts        654  TTS_MSG_SYN  0  
[2023/03/19 19:33:18 230] tts        451  synth|use local  
[2023/03/19 19:33:18 232] tts        657  TTS_MSG_GETAUDIO  0  
[2023/03/19 19:33:18 232] tts        485  get audio|use local  
[2023/03/19 19:33:18 232] tts        527  0  nil  1  
[2023/03/19 19:33:18 233] tts        657  TTS_MSG_GETAUDIO  0  
[2023/03/19 19:33:18 233] tts        485  get audio|use local  
[2023/03/19 19:33:18 233] tts        527  0  nil  1  
[2023/03/19 19:33:18 234] tts        657  TTS_MSG_GETAUDIO  0  
[2023/03/19 19:33:18 234] tts        485  get audio|use local  
[2023/03/19 19:33:18 234] tts        527  0  nil  1  
[2023/03/19 19:33:18 236] tts        657  TTS_MSG_GETAUDIO  0  
[2023/03/19 19:33:18 236] tts        485  get audio|use local  
[2023/03/19 19:33:18 236] tts        527  0  nil  1  
[2023/03/19 19:33:18 237] tts        657  TTS_MSG_GETAUDIO  0  
[2023/03/19 19:33:18 237] tts        485  get audio|use local  
[2023/03/19 19:33:18 237] tts        527  0  nil  1  
[2023/03/19 19:33:18 238] tts        657  TTS_MSG_GETAUDIO  0  
[2023/03/19 19:33:18 238] tts        485  get audio|use local  
[2023/03/19 19:33:18 239] tts        527  0  nil  1  
[2023/03/19 19:33:18 239] tts        657  TTS_MSG_GETAUDIO  0  
[2023/03/19 19:33:18 239] tts        485  get audio|use local  
[2023/03/19 19:33:18 240] tts        527  0  nil  1  
[2023/03/19 19:33:18 240] tts        657  TTS_MSG_GETAUDIO  0  
[2023/03/19 19:33:18 240] tts        485  get audio|use local  
[2023/03/19 19:33:18 240] tts        527  0  nil  1  
[2023/03/19 19:33:18 241] tts        657  TTS_MSG_GETAUDIO  0  
[2023/03/19 19:33:18 241] tts        485  get audio|use local  
[2023/03/19 19:33:18 241] tts        527  0  nil  1  
[2023/03/19 19:33:18 242] tts        657  TTS_MSG_GETAUDIO  0  
[2023/03/19 19:33:18 242] tts        485  get audio|use local  
[2023/03/19 19:33:18 242] tts        527  0  nil  1  
[2023/03/19 19:33:18 243] tts        657  TTS_MSG_GETAUDIO  0  
[2023/03/19 19:33:18 243] tts        485  get audio|use local  
[2023/03/19 19:33:18 243] tts        527  0  nil  1  
[2023/03/19 19:33:18 244] tts        657  TTS_MSG_GETAUDIO  0  
[2023/03/19 19:33:18 244] tts        485  get audio|use local  
[2023/03/19 19:33:18 244] tts        527  0  nil  1  
[2023/03/19 19:33:18 245] tts        657  TTS_MSG_GETAUDIO  0  
[2023/03/19 19:33:18 246] tts        485  get audio|use local  
[2023/03/19 19:33:18 246] tts        527  0  nil  1  
[2023/03/19 19:33:18 246] tts        657  TTS_MSG_GETAUDIO  0  
[2023/03/19 19:33:18 247] tts        485  get audio|use local  
[2023/03/19 19:33:18 247] tts        527  0  nil  1  
[2023/03/19 19:33:18 247] tts        657  TTS_MSG_GETAUDIO  0  
[2023/03/19 19:33:18 248] tts        485  get audio|use local  
[2023/03/19 19:33:18 248] tts        527  0  nil  1  
[2023/03/19 19:33:18 248] tts        657  TTS_MSG_GETAUDIO  0  
[2023/03/19 19:33:18 249] tts        485  get audio|use local  
[2023/03/19 19:33:18 249] tts        527  0  nil  1  
[2023/03/19 19:33:18 249] tts        657  TTS_MSG_GETAUDIO  0  
[2023/03/19 19:33:18 249] tts        485  get audio|use local  
[2023/03/19 19:33:18 249] tts        527  0  nil  1  
[2023/03/19 19:33:18 250] tts        657  TTS_MSG_GETAUDIO  0  
[2023/03/19 19:33:18 250] tts        485  get audio|use local  
[2023/03/19 19:33:18 250] tts        527  0  nil  1  
[2023/03/19 19:33:18 251] tts        657  TTS_MSG_GETAUDIO  0  
[2023/03/19 19:33:18 251] tts        485  get audio|use local  
[2023/03/19 19:33:18 251] tts        527  0  nil  1  
[2023/03/19 19:33:18 252] tts        657  TTS_MSG_GETAUDIO  0  
[2023/03/19 19:33:18 252] tts        485  get audio|use local  
[2023/03/19 19:33:18 252] tts        527  0  nil  1  
[2023/03/19 19:33:18 253] tts        657  TTS_MSG_GETAUDIO  0  
[2023/03/19 19:33:18 253] tts        485  get audio|use local  
[2023/03/19 19:33:18 253] tts        527  0  nil  1  
[2023/03/19 19:33:18 254] tts        657  TTS_MSG_GETAUDIO  0  
[2023/03/19 19:33:18 254] tts        485  get audio|use local  
[2023/03/19 19:33:18 254] tts        527  0  nil  1  
[2023/03/19 19:33:18 255] tts        657  TTS_MSG_GETAUDIO  0  
[2023/03/19 19:33:18 255] tts        485  get audio|use local  
[2023/03/19 19:33:18 255] tts        527  0  nil  1  
[2023/03/19 19:33:18 256] tts        657  TTS_MSG_GETAUDIO  0  
[2023/03/19 19:33:18 256] tts        485  get audio|use local  
[2023/03/19 19:33:18 256] tts        527  0  nil  1  
[2023/03/19 19:33:18 257] tts        657  TTS_MSG_GETAUDIO  0  
[2023/03/19 19:33:18 257] tts        485  get audio|use local  
[2023/03/19 19:33:18 257] tts        527  0  nil  1  
[2023/03/19 19:33:18 258] tts        657  TTS_MSG_GETAUDIO  0  
[2023/03/19 19:33:18 258] tts        485  get audio|use local  
[2023/03/19 19:33:18 258] tts        527  0  nil  1  
[2023/03/19 19:33:18 259] tts        657  TTS_MSG_GETAUDIO  0  
[2023/03/19 19:33:18 259] tts        485  get audio|use local  
[2023/03/19 19:33:18 259] tts        527  0  nil  1  
[2023/03/19 19:33:18 260] tts        657  TTS_MSG_GETAUDIO  0  
[2023/03/19 19:33:18 260] tts        485  get audio|use local  
[2023/03/19 19:33:18 260] tts        527  0  nil  1  
[2023/03/19 19:33:18 261] tts        657  TTS_MSG_GETAUDIO  0  
[2023/03/19 19:33:18 261] tts        485  get audio|use local  
[2023/03/19 19:33:18 261] tts        527  0  nil  1  
[2023/03/19 19:33:18 262] tts        657  TTS_MSG_GETAUDIO  0  
[2023/03/19 19:33:18 262] tts        485  get audio|use local  
[2023/03/19 19:33:18 262] tts        527  0  nil  1  
[2023/03/19 19:33:18 263] tts        657  TTS_MSG_GETAUDIO  0  
[2023/03/19 19:33:18 263] tts        485  get audio|use local  
[2023/03/19 19:33:18 263] tts        527  0  nil  1  
[2023/03/19 19:33:18 264] tts        657  TTS_MSG_GETAUDIO  0  
[2023/03/19 19:33:18 264] tts        485  get audio|use local  
[2023/03/19 19:33:18 264] tts        527  0  nil  1  
[2023/03/19 19:33:18 264] tts        657  TTS_MSG_GETAUDIO  0  
[2023/03/19 19:33:18 264] tts        485  get audio|use local  
[2023/03/19 19:33:18 265] tts        527  0  nil  1  
[2023/03/19 19:33:18 265] tts        657  TTS_MSG_GETAUDIO  0  
[2023/03/19 19:33:18 265] tts        485  get audio|use local  
[2023/03/19 19:33:18 265] tts        527  0  nil  1  
[2023/03/19 19:33:18 266] tts        657  TTS_MSG_GETAUDIO  0  
[2023/03/19 19:33:18 266] tts        485  get audio|use local  
[2023/03/19 19:33:18 266] tts        527  0  nil  1  
[2023/03/19 19:33:18 267] tts        657  TTS_MSG_GETAUDIO  0  
[2023/03/19 19:33:18 267] tts        485  get audio|use local  
[2023/03/19 19:33:18 267] tts        527  0  nil  1  
[2023/03/19 19:33:18 268] tts        657  TTS_MSG_GETAUDIO  0  
[2023/03/19 19:33:18 268] tts        485  get audio|use local  
[2023/03/19 19:33:18 268] tts        527  0  nil  1  
[2023/03/19 19:33:18 268] tts        657  TTS_MSG_GETAUDIO  0  
[2023/03/19 19:33:18 268] tts        485  get audio|use local  
[2023/03/19 19:33:18 268] tts        527  0  nil  1  
[2023/03/19 19:33:18 269] tts        657  TTS_MSG_GETAUDIO  0  
[2023/03/19 19:33:18 269] tts        485  get audio|use local  
[2023/03/19 19:33:18 269] tts        527  0  nil  1  
[2023/03/19 19:33:18 270] tts        657  TTS_MSG_GETAUDIO  0  
[2023/03/19 19:33:18 270] tts        485  get audio|use local  
[2023/03/19 19:33:18 270] tts        527  0  nil  1  
[2023/03/19 19:33:18 270] tts        657  TTS_MSG_GETAUDIO  0  
[2023/03/19 19:33:18 271] tts        485  get audio|use local  
[2023/03/19 19:33:18 271] tts        527  0  nil  1  
[2023/03/19 19:33:18 271] tts        657  TTS_MSG_GETAUDIO  0  
[2023/03/19 19:33:18 271] tts        485  get audio|use local  
[2023/03/19 19:33:18 271] tts        527  0  nil  1  
[2023/03/19 19:33:18 272] tts        657  TTS_MSG_GETAUDIO  0  
[2023/03/19 19:33:18 272] tts        485  get audio|use local  
[2023/03/19 19:33:18 272] tts        527  0  nil  1  
[2023/03/19 19:33:18 273] tts        657  TTS_MSG_GETAUDIO  0  
[2023/03/19 19:33:18 273] tts        485  get audio|use local  
[2023/03/19 19:33:18 273] tts        527  0  nil  1  
[2023/03/19 19:33:18 273] tts        657  TTS_MSG_GETAUDIO  0  
[2023/03/19 19:33:18 274] tts        485  get audio|use local  
[2023/03/19 19:33:18 274] tts        527  0  nil  1  
[2023/03/19 19:33:18 274] tts        657  TTS_MSG_GETAUDIO  0  
[2023/03/19 19:33:18 274] tts        485  get audio|use local  
[2023/03/19 19:33:18 274] tts        527  0  nil  1  
[2023/03/19 19:33:18 275] tts        657  TTS_MSG_GETAUDIO  0  
[2023/03/19 19:33:18 276] tts        485  get audio|use local  
[2023/03/19 19:33:18 276] tts        527  0  nil  1  
[2023/03/19 19:33:18 277] tts        657  TTS_MSG_GETAUDIO  0  
[2023/03/19 19:33:18 277] tts        485  get audio|use local  
[2023/03/19 19:33:18 277] tts        527  0  nil  1  
[2023/03/19 19:33:18 278] tts        657  TTS_MSG_GETAUDIO  0  
[2023/03/19 19:33:18 278] tts        485  get audio|use local  
[2023/03/19 19:33:18 278] tts        527  0  nil  1  
[2023/03/19 19:33:18 279] tts        657  TTS_MSG_GETAUDIO  0  
[2023/03/19 19:33:18 279] tts        485  get audio|use local  
[2023/03/19 19:33:18 279] tts        527  0  nil  1  
[2023/03/19 19:33:18 280] tts        657  TTS_MSG_GETAUDIO  0  
[2023/03/19 19:33:18 280] tts        485  get audio|use local  
[2023/03/19 19:33:18 280] tts        527  0  nil  1  
[2023/03/19 19:33:18 281] tts        657  TTS_MSG_GETAUDIO  0  
[2023/03/19 19:33:18 281] tts        485  get audio|use local  
[2023/03/19 19:33:18 281] tts        527  0  nil  1  
[2023/03/19 19:33:18 282] tts        657  TTS_MSG_GETAUDIO  0  
[2023/03/19 19:33:18 283] tts        485  get audio|use local  
[2023/03/19 19:33:18 283] tts        527  0  nil  1  
[2023/03/19 19:33:18 284] tts        657  TTS_MSG_GETAUDIO  0  
[2023/03/19 19:33:18 284] tts        485  get audio|use local  
[2023/03/19 19:33:18 284] tts        527  0  nil  1  
[2023/03/19 19:33:18 285] tts        657  TTS_MSG_GETAUDIO  0  
[2023/03/19 19:33:18 285] tts        485  get audio|use local  
[2023/03/19 19:33:18 285] tts        527  0  nil  1  
[2023/03/19 19:33:18 287] tts        657  TTS_MSG_GETAUDIO  0  
[2023/03/19 19:33:18 287] tts        485  get audio|use local  
[2023/03/19 19:33:18 287] tts        527  0  nil  1  
[2023/03/19 19:33:18 288] tts        657  TTS_MSG_GETAUDIO  0  
[2023/03/19 19:33:18 288] tts        485  get audio|use local  
[2023/03/19 19:33:18 288] tts        527  0  nil  1  
[2023/03/19 19:33:18 288] tts        657  TTS_MSG_GETAUDIO  0  
[2023/03/19 19:33:18 289] tts        485  get audio|use local  
[2023/03/19 19:33:18 289] tts        527  0  nil  1  
[2023/03/19 19:33:18 289] tts        657  TTS_MSG_GETAUDIO  0  
[2023/03/19 19:33:18 289] tts        485  get audio|use local  
[2023/03/19 19:33:18 290] tts        527  0  nil  1  
[2023/03/19 19:33:18 291] tts        657  TTS_MSG_GETAUDIO  0  
[2023/03/19 19:33:18 291] tts        485  get audio|use local  
[2023/03/19 19:33:18 291] tts        527  0  nil  1  
[2023/03/19 19:33:18 293] tts        657  TTS_MSG_GETAUDIO  0  
[2023/03/19 19:33:18 293] tts        485  get audio|use local  
[2023/03/19 19:33:18 293] tts        527  0  nil  1  
[2023/03/19 19:33:18 295] tts        657  TTS_MSG_GETAUDIO  0  
[2023/03/19 19:33:18 295] tts        485  get audio|use local  
[2023/03/19 19:33:18 295] tts        527  0  nil  1  
[2023/03/19 19:33:18 296] tts        657  TTS_MSG_GETAUDIO  0  
[2023/03/19 19:33:18 296] tts        485  get audio|use local  
[2023/03/19 19:33:18 297] tts        527  0  nil  1  
[2023/03/19 19:33:18 298] tts        657  TTS_MSG_GETAUDIO  0  
[2023/03/19 19:33:18 298] tts        485  get audio|use local  
[2023/03/19 19:33:18 298] tts        527  0  nil  1  
[2023/03/19 19:33:18 299] tts        299  TTS_LOCAL_CB_BEGIN  
[2023/03/19 19:33:18 299] tts        657  TTS_MSG_GETAUDIO  0  
[2023/03/19 19:33:18 300] tts        485  get audio|use local  
[2023/03/19 19:33:18 300] tts        527  0  nil  1  
[2023/03/19 19:33:18 300] tts        657  TTS_MSG_GETAUDIO  0  
[2023/03/19 19:33:18 300] tts        485  get audio|use local  
[2023/03/19 19:33:18 300] tts        527  0  nil  1  
[2023/03/19 19:33:18 301] tts        657  TTS_MSG_GETAUDIO  0  
[2023/03/19 19:33:18 301] tts        485  get audio|use local  
[2023/03/19 19:33:18 301] tts        527  0  nil  1  
[2023/03/19 19:33:18 302] tts        657  TTS_MSG_GETAUDIO  0  
[2023/03/19 19:33:18 302] tts        485  get audio|use local  
[2023/03/19 19:33:18 302] tts        527  0  nil  1  
[2023/03/19 19:33:18 302] tts        657  TTS_MSG_GETAUDIO  0  
[2023/03/19 19:33:18 303] tts        485  get audio|use local  
[2023/03/19 19:33:18 303] tts        527  0  nil  1  
[2023/03/19 19:33:18 304] tts        657  TTS_MSG_GETAUDIO  0  
[2023/03/19 19:33:18 304] tts        485  get audio|use local  
[2023/03/19 19:33:18 304] tts        527  0  nil  1  
[2023/03/19 19:33:18 305] tts        657  TTS_MSG_GETAUDIO  0  
[2023/03/19 19:33:18 305] tts        485  get audio|use local  
[2023/03/19 19:33:18 305] tts        527  0  nil  1  
[2023/03/19 19:33:18 306] tts        657  TTS_MSG_GETAUDIO  0  
[2023/03/19 19:33:18 306] tts        485  get audio|use local  
[2023/03/19 19:33:18 306] tts        527  0  nil  1  
[2023/03/19 19:33:18 307] tts        657  TTS_MSG_GETAUDIO  0  
[2023/03/19 19:33:18 307] tts        485  get audio|use local  
[2023/03/19 19:33:18 307] tts        527  0  nil  1  
[2023/03/19 19:33:18 308] tts        657  TTS_MSG_GETAUDIO  0  
[2023/03/19 19:33:18 308] tts        485  get audio|use local  
[2023/03/19 19:33:18 308] tts        527  0  nil  1  
[2023/03/19 19:33:18 309] tts        657  TTS_MSG_GETAUDIO  0  
[2023/03/19 19:33:18 309] tts        485  get audio|use local  
[2023/03/19 19:33:18 309] tts        527  0  nil  1  
[2023/03/19 19:33:18 309] tts        657  TTS_MSG_GETAUDIO  0  
[2023/03/19 19:33:18 310] tts        485  get audio|use local  
[2023/03/19 19:33:18 310] tts        527  0  nil  1  
[2023/03/19 19:33:18 310] tts        657  TTS_MSG_GETAUDIO  0  
[2023/03/19 19:33:18 310] tts        485  get audio|use local  
[2023/03/19 19:33:18 310] tts        527  0  nil  1  
[2023/03/19 19:33:18 311] tts        657  TTS_MSG_GETAUDIO  0  
[2023/03/19 19:33:18 311] tts        485  get audio|use local  
[2023/03/19 19:33:18 311] tts        527  0  nil  1  
[2023/03/19 19:33:18 312] tts        657  TTS_MSG_GETAUDIO  0  
[2023/03/19 19:33:18 312] tts        485  get audio|use local  
[2023/03/19 19:33:18 312] tts        527  0  nil  1  
[2023/03/19 19:33:18 313] tts        657  TTS_MSG_GETAUDIO  0  
[2023/03/19 19:33:18 313] tts        485  get audio|use local  
[2023/03/19 19:33:18 313] tts        527  0  nil  1  
[2023/03/19 19:33:18 314] tts        657  TTS_MSG_GETAUDIO  0  
[2023/03/19 19:33:18 314] tts        485  get audio|use local  
[2023/03/19 19:33:18 314] tts        527  0  nil  1  
[2023/03/19 19:33:18 315] tts        657  TTS_MSG_GETAUDIO  0  
[2023/03/19 19:33:18 315] tts        485  get audio|use local  
[2023/03/19 19:33:18 315] tts        527  0  nil  1  
[2023/03/19 19:33:18 315] tts        657  TTS_MSG_GETAUDIO  0  
[2023/03/19 19:33:18 316] tts        485  get audio|use local  
[2023/03/19 19:33:18 316] tts        527  0  nil  1  
[2023/03/19 19:33:18 316] tts        657  TTS_MSG_GETAUDIO  0  
[2023/03/19 19:33:18 316] tts        485  get audio|use local  
[2023/03/19 19:33:18 316] tts        527  0  nil  1  
[2023/03/19 19:33:18 317] tts        657  TTS_MSG_GETAUDIO  0  
[2023/03/19 19:33:18 317] tts        485  get audio|use local  
[2023/03/19 19:33:18 317] tts        527  0  nil  1  
[2023/03/19 19:33:18 318] tts        657  TTS_MSG_GETAUDIO  0  
[2023/03/19 19:33:18 318] tts        485  get audio|use local  
[2023/03/19 19:33:18 318] tts        527  0  nil  1  
[2023/03/19 19:33:18 318] tts        657  TTS_MSG_GETAUDIO  0  
[2023/03/19 19:33:18 318] tts        485  get audio|use local  
[2023/03/19 19:33:18 319] tts        527  0  nil  1  
[2023/03/19 19:33:18 319] tts        657  TTS_MSG_GETAUDIO  0  
[2023/03/19 19:33:18 319] tts        485  get audio|use local  
[2023/03/19 19:33:18 319] tts        527  0  nil  1  
[2023/03/19 19:33:18 320] tts        657  TTS_MSG_GETAUDIO  0  
[2023/03/19 19:33:18 320] tts        485  get audio|use local  
[2023/03/19 19:33:18 320] tts        527  0  nil  1  
[2023/03/19 19:33:18 321] tts        657  TTS_MSG_GETAUDIO  0  
[2023/03/19 19:33:18 321] tts        485  get audio|use local  
[2023/03/19 19:33:18 321] tts        527  0  nil  1  
[2023/03/19 19:33:18 322] tts        657  TTS_MSG_GETAUDIO  0  
[2023/03/19 19:33:18 322] tts        485  get audio|use local  
[2023/03/19 19:33:18 322] tts        527  0  nil  1  
[2023/03/19 19:33:18 322] tts        657  TTS_MSG_GETAUDIO  0  
[2023/03/19 19:33:18 323] tts        485  get audio|use local  
[2023/03/19 19:33:18 323] tts        527  0  nil  1  
[2023/03/19 19:33:18 323] tts        657  TTS_MSG_GETAUDIO  0  
[2023/03/19 19:33:18 323] tts        485  get audio|use local  
[2023/03/19 19:33:18 323] tts        527  0  nil  1  
[2023/03/19 19:33:18 324] tts        657  TTS_MSG_GETAUDIO  0  
[2023/03/19 19:33:18 325] tts        485  get audio|use local  
[2023/03/19 19:33:18 325] tts        527  0  nil  1  
[2023/03/19 19:33:18 326] tts        657  TTS_MSG_GETAUDIO  0  
[2023/03/19 19:33:18 326] tts        485  get audio|use local  
[2023/03/19 19:33:18 326] tts        527  0  nil  1  
[2023/03/19 19:33:18 327] tts        657  TTS_MSG_GETAUDIO  0  
[2023/03/19 19:33:18 327] tts        485  get audio|use local  
[2023/03/19 19:33:18 327] tts        527  0  nil  1  
[2023/03/19 19:33:18 327] tts        657  TTS_MSG_GETAUDIO  0  
[2023/03/19 19:33:18 328] tts        485  get audio|use local  
[2023/03/19 19:33:18 328] tts        527  0  nil  1  
[2023/03/19 19:33:18 328] tts        657  TTS_MSG_GETAUDIO  0  
[2023/03/19 19:33:18 328] tts        485  get audio|use local  
[2023/03/19 19:33:18 328] tts        527  0  nil  1  
[2023/03/19 19:33:18 329] tts        657  TTS_MSG_GETAUDIO  0  
[2023/03/19 19:33:18 329] tts        485  get audio|use local  
[2023/03/19 19:33:18 329] tts        527  0  nil  1  
[2023/03/19 19:33:18 330] tts        657  TTS_MSG_GETAUDIO  0  
[2023/03/19 19:33:18 330] tts        485  get audio|use local  
[2023/03/19 19:33:18 330] tts        527  0  nil  1  
[2023/03/19 19:33:18 330] tts        657  TTS_MSG_GETAUDIO  0  
[2023/03/19 19:33:18 330] tts        485  get audio|use local  
[2023/03/19 19:33:18 330] tts        527  0  nil  1  
[2023/03/19 19:33:18 331] tts        657  TTS_MSG_GETAUDIO  0  
[2023/03/19 19:33:18 331] tts        485  get audio|use local  
[2023/03/19 19:33:18 331] tts        527  0  nil  1  
[2023/03/19 19:33:18 332] tts        657  TTS_MSG_GETAUDIO  0  
[2023/03/19 19:33:18 332] tts        485  get audio|use local  
[2023/03/19 19:33:18 332] tts        527  0  nil  1  
[2023/03/19 19:33:18 333] tts        657  TTS_MSG_GETAUDIO  0  
[2023/03/19 19:33:18 333] tts        485  get audio|use local  
[2023/03/19 19:33:18 333] tts        527  0  nil  1  
[2023/03/19 19:33:18 333] tts        657  TTS_MSG_GETAUDIO  0  
[2023/03/19 19:33:18 333] tts        485  get audio|use local  
[2023/03/19 19:33:18 333] tts        527  0  nil  1  
[2023/03/19 19:33:18 334] tts        657  TTS_MSG_GETAUDIO  0  
[2023/03/19 19:33:18 334] tts        485  get audio|use local  
[2023/03/19 19:33:18 334] tts        527  0  nil  1  
[2023/03/19 19:33:18 335] tts        657  TTS_MSG_GETAUDIO  0  
[2023/03/19 19:33:18 335] tts        485  get audio|use local  
[2023/03/19 19:33:18 335] tts        527  0  nil  1  
[2023/03/19 19:33:18 336] tts        657  TTS_MSG_GETAUDIO  0  
[2023/03/19 19:33:18 336] tts        485  get audio|use local  
[2023/03/19 19:33:18 336] tts        527  0  nil  1  
[2023/03/19 19:33:18 336] tts        657  TTS_MSG_GETAUDIO  0  
[2023/03/19 19:33:18 336] tts        485  get audio|use local  
[2023/03/19 19:33:18 336] tts        527  0  nil  1  
[2023/03/19 19:33:18 337] tts        657  TTS_MSG_GETAUDIO  0  
[2023/03/19 19:33:18 337] tts        485  get audio|use local  
[2023/03/19 19:33:18 337] tts        527  0  nil  1  
[2023/03/19 19:33:18 338] tts        657  TTS_MSG_GETAUDIO  0  
[2023/03/19 19:33:18 338] tts        485  get audio|use local  
[2023/03/19 19:33:18 338] tts        527  0  nil  1  
[2023/03/19 19:33:18 338] tts        657  TTS_MSG_GETAUDIO  0  
[2023/03/19 19:33:18 339] tts        485  get audio|use local  
[2023/03/19 19:33:18 339] tts        527  0  nil  1  
[2023/03/19 19:33:18 339] tts        657  TTS_MSG_GETAUDIO  0  
[2023/03/19 19:33:18 339] tts        485  get audio|use local  
[2023/03/19 19:33:18 339] tts        527  0  nil  1  
[2023/03/19 19:33:18 340] tts        657  TTS_MSG_GETAUDIO  0  
[2023/03/19 19:33:18 340] tts        485  get audio|use local  
[2023/03/19 19:33:18 340] tts        527  0  nil  1  
[2023/03/19 19:33:18 341] tts        657  TTS_MSG_GETAUDIO  0  
[2023/03/19 19:33:18 341] tts        485  get audio|use local  
[2023/03/19 19:33:18 341] tts        527  0  nil  1  
[2023/03/19 19:33:18 342] tts        657  TTS_MSG_GETAUDIO  0  
[2023/03/19 19:33:18 342] tts        485  get audio|use local  
[2023/03/19 19:33:18 342] tts        527  0  nil  1  
[2023/03/19 19:33:18 342] tts        657  TTS_MSG_GETAUDIO  0  
[2023/03/19 19:33:18 342] tts        485  get audio|use local  
[2023/03/19 19:33:18 342] tts        527  0  nil  1  
[2023/03/19 19:33:18 343] tts        657  TTS_MSG_GETAUDIO  0  
[2023/03/19 19:33:18 343] tts        485  get audio|use local  
[2023/03/19 19:33:18 343] tts        527  0  nil  1  
[2023/03/19 19:33:18 344] tts        657  TTS_MSG_GETAUDIO  0  
[2023/03/19 19:33:18 344] tts        485  get audio|use local  
[2023/03/19 19:33:18 344] tts        527  0  nil  1  
[2023/03/19 19:33:18 345] tts        657  TTS_MSG_GETAUDIO  0  
[2023/03/19 19:33:18 345] tts        485  get audio|use local  
[2023/03/19 19:33:18 345] tts        527  0  nil  1  
[2023/03/19 19:33:18 345] tts        657  TTS_MSG_GETAUDIO  0  
[2023/03/19 19:33:18 345] tts        485  get audio|use local  
[2023/03/19 19:33:18 345] tts        527  0  nil  1  
[2023/03/19 19:33:18 346] tts        657  TTS_MSG_GETAUDIO  0  
[2023/03/19 19:33:18 346] tts        485  get audio|use local  
[2023/03/19 19:33:18 346] tts        527  0  nil  1  
[2023/03/19 19:33:18 347] tts        657  TTS_MSG_GETAUDIO  0  
[2023/03/19 19:33:18 347] tts        485  get audio|use local  
[2023/03/19 19:33:18 347] tts        527  0  nil  1  
[2023/03/19 19:33:18 348] tts        657  TTS_MSG_GETAUDIO  0  
[2023/03/19 19:33:18 348] tts        485  get audio|use local  
[2023/03/19 19:33:18 348] tts        527  0  nil  1  
[2023/03/19 19:33:18 348] tts        657  TTS_MSG_GETAUDIO  0  
[2023/03/19 19:33:18 348] tts        485  get audio|use local  
[2023/03/19 19:33:18 348] tts        527  0  nil  1  
[2023/03/19 19:33:18 349] tts        657  TTS_MSG_GETAUDIO  0  
[2023/03/19 19:33:18 349] tts        485  get audio|use local  
[2023/03/19 19:33:18 349] tts        527  0  nil  1  
[2023/03/19 19:33:18 350] tts        657  TTS_MSG_GETAUDIO  0  
[2023/03/19 19:33:18 350] tts        485  get audio|use local  
[2023/03/19 19:33:18 350] tts        527  0  nil  1  
[2023/03/19 19:33:18 350] tts        657  TTS_MSG_GETAUDIO  0  
[2023/03/19 19:33:18 351] tts        485  get audio|use local  
[2023/03/19 19:33:18 351] tts        527  0  nil  1  
[2023/03/19 19:33:18 351] tts        657  TTS_MSG_GETAUDIO  0  
[2023/03/19 19:33:18 351] tts        485  get audio|use local  
[2023/03/19 19:33:18 351] tts        527  0  nil  1  
[2023/03/19 19:33:18 352] tts        657  TTS_MSG_GETAUDIO  0  
[2023/03/19 19:33:18 352] tts        485  get audio|use local  
[2023/03/19 19:33:18 352] tts        527  0  nil  1  
[2023/03/19 19:33:18 353] tts        657  TTS_MSG_GETAUDIO  0  
[2023/03/19 19:33:18 353] tts        485  get audio|use local  
[2023/03/19 19:33:18 353] tts        527  0  nil  1  
[2023/03/19 19:33:18 353] tts        657  TTS_MSG_GETAUDIO  0  
[2023/03/19 19:33:18 354] tts        485  get audio|use local  
[2023/03/19 19:33:18 354] tts        527  0  nil  1  
[2023/03/19 19:33:18 354] tts        657  TTS_MSG_GETAUDIO  0  
[2023/03/19 19:33:18 354] tts        485  get audio|use local  
[2023/03/19 19:33:18 354] tts        527  0  nil  1  
[2023/03/19 19:33:18 355] tts        657  TTS_MSG_GETAUDIO  0  
[2023/03/19 19:33:18 356] tts        485  get audio|use local  
[2023/03/19 19:33:18 356] tts        527  0  nil  1  
[2023/03/19 19:33:18 356] tts        657  TTS_MSG_GETAUDIO  0  
[2023/03/19 19:33:18 357] tts        485  get audio|use local  
[2023/03/19 19:33:18 357] tts        527  0  nil  1  
[2023/03/19 19:33:18 357] tts        657  TTS_MSG_GETAUDIO  0  
[2023/03/19 19:33:18 358] tts        485  get audio|use local  
[2023/03/19 19:33:18 358] tts        527  0  nil  1  
[2023/03/19 19:33:18 359] tts        657  TTS_MSG_GETAUDIO  0  
[2023/03/19 19:33:18 359] tts        485  get audio|use local  
[2023/03/19 19:33:18 359] tts        527  0  nil  1  
[2023/03/19 19:33:18 359] tts        657  TTS_MSG_GETAUDIO  0  
[2023/03/19 19:33:18 359] tts        485  get audio|use local  
[2023/03/19 19:33:18 360] tts        527  0  nil  1  
[2023/03/19 19:33:18 360] tts        657  TTS_MSG_GETAUDIO  0  
[2023/03/19 19:33:18 360] tts        485  get audio|use local  
[2023/03/19 19:33:18 360] tts        527  0  nil  1  
[2023/03/19 19:33:18 361] tts        657  TTS_MSG_GETAUDIO  0  
[2023/03/19 19:33:18 361] tts        485  get audio|use local  
[2023/03/19 19:33:18 361] tts        527  0  nil  1  
[2023/03/19 19:33:18 362] tts        657  TTS_MSG_GETAUDIO  0  
[2023/03/19 19:33:18 362] tts        485  get audio|use local  
[2023/03/19 19:33:18 362] tts        527  0  nil  1  
[2023/03/19 19:33:18 362] tts        657  TTS_MSG_GETAUDIO  0  
[2023/03/19 19:33:18 362] tts        485  get audio|use local  
[2023/03/19 19:33:18 362] tts        527  0  nil  1  
[2023/03/19 19:33:18 363] tts        657  TTS_MSG_GETAUDIO  0  
[2023/03/19 19:33:18 363] tts        485  get audio|use local  
[2023/03/19 19:33:18 363] tts        527  0  nil  1  
[2023/03/19 19:33:18 364] tts        657  TTS_MSG_GETAUDIO  0  
[2023/03/19 19:33:18 364] tts        485  get audio|use local  
[2023/03/19 19:33:18 364] tts        527  0  nil  1  
[2023/03/19 19:33:18 365] tts        657  TTS_MSG_GETAUDIO  0  
[2023/03/19 19:33:18 365] tts        485  get audio|use local  
[2023/03/19 19:33:18 365] tts        527  0  nil  1  
[2023/03/19 19:33:18 365] tts        657  TTS_MSG_GETAUDIO  0  
[2023/03/19 19:33:18 365] tts        485  get audio|use local  
[2023/03/19 19:33:18 365] tts        527  0  nil  1  
[2023/03/19 19:33:18 366] tts        657  TTS_MSG_GETAUDIO  0  
[2023/03/19 19:33:18 366] tts        485  get audio|use local  
[2023/03/19 19:33:18 366] tts        527  0  nil  1  
[2023/03/19 19:33:18 367] tts        657  TTS_MSG_GETAUDIO  0  
[2023/03/19 19:33:18 367] tts        485  get audio|use local  
[2023/03/19 19:33:18 367] tts        527  0  nil  1  
[2023/03/19 19:33:18 367] tts        657  TTS_MSG_GETAUDIO  0  
[2023/03/19 19:33:18 367] tts        485  get audio|use local  
[2023/03/19 19:33:18 368] tts        527  0  nil  1  
[2023/03/19 19:33:18 368] tts        657  TTS_MSG_GETAUDIO  0  
[2023/03/19 19:33:18 368] tts        485  get audio|use local  
[2023/03/19 19:33:18 368] tts        527  0  nil  1  
[2023/03/19 19:33:18 369] tts        657  TTS_MSG_GETAUDIO  0  
[2023/03/19 19:33:18 369] tts        485  get audio|use local  
[2023/03/19 19:33:18 369] tts        527  0  nil  1  
[2023/03/19 19:33:18 369] tts        657  TTS_MSG_GETAUDIO  0  
[2023/03/19 19:33:18 370] tts        485  get audio|use local  
[2023/03/19 19:33:18 370] tts        527  0  nil  1  
[2023/03/19 19:33:18 370] tts        657  TTS_MSG_GETAUDIO  0  
[2023/03/19 19:33:18 370] tts        485  get audio|use local  
[2023/03/19 19:33:18 370] tts        527  0  nil  1  
[2023/03/19 19:33:18 371] tts        657  TTS_MSG_GETAUDIO  0  
[2023/03/19 19:33:18 371] tts        485  get audio|use local  
[2023/03/19 19:33:18 371] tts        527  0  nil  1  
[2023/03/19 19:33:18 372] tts        657  TTS_MSG_GETAUDIO  0  
[2023/03/19 19:33:18 372] tts        485  get audio|use local  
[2023/03/19 19:33:18 372] tts        527  0  nil  1  
[2023/03/19 19:33:18 372] tts        657  TTS_MSG_GETAUDIO  0  
[2023/03/19 19:33:18 373] tts        485  get audio|use local  
[2023/03/19 19:33:18 373] tts        527  0  nil  1  
[2023/03/19 19:33:18 373] tts        657  TTS_MSG_GETAUDIO  0  
[2023/03/19 19:33:18 373] tts        485  get audio|use local  
[2023/03/19 19:33:18 373] tts        527  0  nil  1  
[2023/03/19 19:33:18 374] tts        657  TTS_MSG_GETAUDIO  0  
[2023/03/19 19:33:18 374] tts        485  get audio|use local  
[2023/03/19 19:33:18 374] tts        527  0  nil  1  
[2023/03/19 19:33:18 375] tts        657  TTS_MSG_GETAUDIO  0  
[2023/03/19 19:33:18 375] tts        485  get audio|use local  
[2023/03/19 19:33:18 375] tts        527  0  nil  1  
[2023/03/19 19:33:18 376] tts        657  TTS_MSG_GETAUDIO  0  
[2023/03/19 19:33:18 376] tts        485  get audio|use local  
[2023/03/19 19:33:18 376] tts        527  0  nil  1  
[2023/03/19 19:33:18 377] tts        657  TTS_MSG_GETAUDIO  0  
[2023/03/19 19:33:18 377] tts        485  get audio|use local  
[2023/03/19 19:33:18 377] tts        527  0  nil  1  
[2023/03/19 19:33:18 378] tts        657  TTS_MSG_GETAUDIO  0  
[2023/03/19 19:33:18 378] tts        485  get audio|use local  
[2023/03/19 19:33:18 378] tts        527  0  nil  1  
[2023/03/19 19:33:18 378] tts        657  TTS_MSG_GETAUDIO  0  
[2023/03/19 19:33:18 378] tts        485  get audio|use local  
[2023/03/19 19:33:18 378] tts        527  0  nil  1  
[2023/03/19 19:33:18 379] tts        657  TTS_MSG_GETAUDIO  0  
[2023/03/19 19:33:18 379] tts        485  get audio|use local  
[2023/03/19 19:33:18 379] tts        527  0  nil  1  
[2023/03/19 19:33:18 380] tts        657  TTS_MSG_GETAUDIO  0  
[2023/03/19 19:33:18 380] tts        485  get audio|use local  
[2023/03/19 19:33:18 380] tts        527  0  nil  1  
[2023/03/19 19:33:18 381] tts        657  TTS_MSG_GETAUDIO  0  
[2023/03/19 19:33:18 381] tts        485  get audio|use local  
[2023/03/19 19:33:18 381] tts        527  0  nil  1  
[2023/03/19 19:33:18 382] tts        657  TTS_MSG_GETAUDIO  0  
[2023/03/19 19:33:18 382] tts        485  get audio|use local  
[2023/03/19 19:33:18 382] tts        527  0  nil  1  
[2023/03/19 19:33:18 382] tts        657  TTS_MSG_GETAUDIO  0  
[2023/03/19 19:33:18 383] tts        485  get audio|use local  
[2023/03/19 19:33:18 383] tts        527  0  nil  1  
[2023/03/19 19:33:18 383] tts        657  TTS_MSG_GETAUDIO  0  
[2023/03/19 19:33:18 383] tts        485  get audio|use local  
[2023/03/19 19:33:18 383] tts        527  0  nil  1  
[2023/03/19 19:33:18 384] tts        657  TTS_MSG_GETAUDIO  0  
[2023/03/19 19:33:18 384] tts        485  get audio|use local  
[2023/03/19 19:33:18 384] tts        527  0  nil  1  
[2023/03/19 19:33:18 385] tts        657  TTS_MSG_GETAUDIO  0  
[2023/03/19 19:33:18 385] tts        485  get audio|use local  
[2023/03/19 19:33:18 385] tts        527  0  nil  1  
[2023/03/19 19:33:18 385] tts        657  TTS_MSG_GETAUDIO  0  
[2023/03/19 19:33:18 385] tts        485  get audio|use local  
[2023/03/19 19:33:18 385] tts        527  0  nil  1  
[2023/03/19 19:33:18 386] tts        657  TTS_MSG_GETAUDIO  0  
[2023/03/19 19:33:18 386] tts        485  get audio|use local  
[2023/03/19 19:33:18 386] tts        527  0  nil  1  
[2023/03/19 19:33:18 387] tts        657  TTS_MSG_GETAUDIO  0  
[2023/03/19 19:33:18 387] tts        485  get audio|use local  
[2023/03/19 19:33:18 387] tts        527  0  nil  1  
[2023/03/19 19:33:18 387] tts        657  TTS_MSG_GETAUDIO  0  
[2023/03/19 19:33:18 388] tts        485  get audio|use local  
[2023/03/19 19:33:18 388] tts        527  0  nil  1  
[2023/03/19 19:33:18 388] tts        657  TTS_MSG_GETAUDIO  0  
[2023/03/19 19:33:18 388] tts        485  get audio|use local  
[2023/03/19 19:33:18 388] tts        527  0  nil  1  
[2023/03/19 19:33:18 389] tts        657  TTS_MSG_GETAUDIO  0  
[2023/03/19 19:33:18 389] tts        485  get audio|use local  
[2023/03/19 19:33:18 389] tts        527  0  nil  1  
[2023/03/19 19:33:18 390] tts        657  TTS_MSG_GETAUDIO  0  
[2023/03/19 19:33:18 390] tts        485  get audio|use local  
[2023/03/19 19:33:18 390] tts        527  0  nil  1  
[2023/03/19 19:33:18 390] tts        657  TTS_MSG_GETAUDIO  0  
[2023/03/19 19:33:18 391] tts        485  get audio|use local  
[2023/03/19 19:33:18 391] tts        527  0  nil  1  
[2023/03/19 19:33:18 392] tts        657  TTS_MSG_GETAUDIO  0  
[2023/03/19 19:33:18 392] tts        485  get audio|use local  
[2023/03/19 19:33:18 392] tts        527  0  nil  1  
[2023/03/19 19:33:18 392] tts        657  TTS_MSG_GETAUDIO  0  
[2023/03/19 19:33:18 393] tts        485  get audio|use local  
[2023/03/19 19:33:18 393] tts        527  0  nil  1  
[2023/03/19 19:33:18 394] tts        657  TTS_MSG_GETAUDIO  0  
[2023/03/19 19:33:18 394] tts        485  get audio|use local  
[2023/03/19 19:33:18 394] tts        527  0  nil  1  
[2023/03/19 19:33:18 394] tts        657  TTS_MSG_GETAUDIO  0  
[2023/03/19 19:33:18 394] tts        485  get audio|use local  
[2023/03/19 19:33:18 395] tts        527  0  nil  1  
[2023/03/19 19:33:18 395] tts        657  TTS_MSG_GETAUDIO  0  
[2023/03/19 19:33:18 395] tts        485  get audio|use local  
[2023/03/19 19:33:18 395] tts        527  0  nil  1  
[2023/03/19 19:33:18 396] tts        657  TTS_MSG_GETAUDIO  0  
[2023/03/19 19:33:18 396] tts        485  get audio|use local  
[2023/03/19 19:33:18 396] tts        527  0  nil  1  
[2023/03/19 19:33:18 397] tts        657  TTS_MSG_GETAUDIO  0  
[2023/03/19 19:33:18 397] tts        485  get audio|use local  
[2023/03/19 19:33:18 397] tts        527  0  nil  1  
[2023/03/19 19:33:18 397] tts        657  TTS_MSG_GETAUDIO  0  
[2023/03/19 19:33:18 398] tts        485  get audio|use local  
[2023/03/19 19:33:18 398] tts        527  0  nil  1  
[2023/03/19 19:33:18 398] tts        657  TTS_MSG_GETAUDIO  0  
[2023/03/19 19:33:18 398] tts        485  get audio|use local  
[2023/03/19 19:33:18 398] tts        527  0  nil  1  
[2023/03/19 19:33:18 399] tts        657  TTS_MSG_GETAUDIO  0  
[2023/03/19 19:33:18 399] tts        485  get audio|use local  
[2023/03/19 19:33:18 399] tts        527  0  nil  1  
[2023/03/19 19:33:18 400] tts        657  TTS_MSG_GETAUDIO  0  
[2023/03/19 19:33:18 400] tts        485  get audio|use local  
[2023/03/19 19:33:18 400] tts        527  0  nil  1  
[2023/03/19 19:33:18 400] tts        657  TTS_MSG_GETAUDIO  0  
[2023/03/19 19:33:18 400] tts        485  get audio|use local  
[2023/03/19 19:33:18 400] tts        527  0  nil  1  
[2023/03/19 19:33:18 401] tts        657  TTS_MSG_GETAUDIO  0  
[2023/03/19 19:33:18 401] tts        485  get audio|use local  
[2023/03/19 19:33:18 401] tts        527  0  nil  1  
[2023/03/19 19:33:18 402] tts        657  TTS_MSG_GETAUDIO  0  
[2023/03/19 19:33:18 402] tts        485  get audio|use local  
[2023/03/19 19:33:18 402] tts        527  0  nil  1  
[2023/03/19 19:33:18 402] tts        657  TTS_MSG_GETAUDIO  0  
[2023/03/19 19:33:18 402] tts        485  get audio|use local  
[2023/03/19 19:33:18 402] tts        527  0  nil  1  
[2023/03/19 19:33:18 403] tts        657  TTS_MSG_GETAUDIO  0  
[2023/03/19 19:33:18 403] tts        485  get audio|use local  
[2023/03/19 19:33:18 403] tts        527  0  nil  1  
[2023/03/19 19:33:18 404] tts        657  TTS_MSG_GETAUDIO  0  
[2023/03/19 19:33:18 404] tts        485  get audio|use local  
[2023/03/19 19:33:18 404] tts        527  0  nil  1  
[2023/03/19 19:33:18 404] tts        657  TTS_MSG_GETAUDIO  0  
[2023/03/19 19:33:18 405] tts        485  get audio|use local  
[2023/03/19 19:33:18 405] tts        527  0  nil  1  
[2023/03/19 19:33:18 405] tts        657  TTS_MSG_GETAUDIO  0  
[2023/03/19 19:33:18 405] tts        485  get audio|use local  
[2023/03/19 19:33:18 405] tts        527  0  nil  1  
[2023/03/19 19:33:18 406] tts        657  TTS_MSG_GETAUDIO  0  
[2023/03/19 19:33:18 406] tts        485  get audio|use local  
[2023/03/19 19:33:18 406] tts        527  0  nil  1  
[2023/03/19 19:33:18 407] tts        657  TTS_MSG_GETAUDIO  0  
[2023/03/19 19:33:18 407] tts        485  get audio|use local  
[2023/03/19 19:33:18 407] tts        527  0  nil  1  
[2023/03/19 19:33:18 408] tts        657  TTS_MSG_GETAUDIO  0  
[2023/03/19 19:33:18 408] tts        485  get audio|use local  
[2023/03/19 19:33:18 408] tts        527  0  nil  1  
[2023/03/19 19:33:18 408] tts        657  TTS_MSG_GETAUDIO  0  
[2023/03/19 19:33:18 408] tts        485  get audio|use local  
[2023/03/19 19:33:18 409] tts        527  0  nil  1  
[2023/03/19 19:33:18 409] tts        657  TTS_MSG_GETAUDIO  0  
[2023/03/19 19:33:18 409] tts        485  get audio|use local  
[2023/03/19 19:33:18 409] tts        527  0  nil  1  
[2023/03/19 19:33:18 410] tts        657  TTS_MSG_GETAUDIO  0  
[2023/03/19 19:33:18 410] tts        485  get audio|use local  
[2023/03/19 19:33:18 410] tts        527  0  nil  1  
[2023/03/19 19:33:18 411] tts        657  TTS_MSG_GETAUDIO  0  
[2023/03/19 19:33:18 411] tts        485  get audio|use local  
[2023/03/19 19:33:18 411] tts        527  0  nil  1  
[2023/03/19 19:33:18 411] tts        657  TTS_MSG_GETAUDIO  0  
[2023/03/19 19:33:18 411] tts        485  get audio|use local  
[2023/03/19 19:33:18 412] tts        527  0  nil  1  
[2023/03/19 19:33:18 412] tts        657  TTS_MSG_GETAUDIO  0  
[2023/03/19 19:33:18 412] tts        485  get audio|use local  
[2023/03/19 19:33:18 412] tts        527  0  nil  1  
[2023/03/19 19:33:18 413] tts        657  TTS_MSG_GETAUDIO  0  
[2023/03/19 19:33:18 413] tts        485  get audio|use local  
[2023/03/19 19:33:18 413] tts        527  0  nil  1  
[2023/03/19 19:33:18 413] tts        657  TTS_MSG_GETAUDIO  0  
[2023/03/19 19:33:18 414] tts        485  get audio|use local  
[2023/03/19 19:33:18 414] tts        527  0  nil  1  
[2023/03/19 19:33:18 414] tts        657  TTS_MSG_GETAUDIO  0  
[2023/03/19 19:33:18 414] tts        485  get audio|use local  
[2023/03/19 19:33:18 414] tts        527  0  nil  1  
[2023/03/19 19:33:18 415] tts        657  TTS_MSG_GETAUDIO  0  
[2023/03/19 19:33:18 415] tts        485  get audio|use local  
[2023/03/19 19:33:18 415] tts        527  0  nil  1  
[2023/03/19 19:33:18 416] tts        657  TTS_MSG_GETAUDIO  0  
[2023/03/19 19:33:18 416] tts        485  get audio|use local  
[2023/03/19 19:33:18 416] tts        527  0  nil  1  
[2023/03/19 19:33:18 416] tts        657  TTS_MSG_GETAUDIO  0  
[2023/03/19 19:33:18 416] tts        485  get audio|use local  
[2023/03/19 19:33:18 417] tts        527  0  nil  1  
[2023/03/19 19:33:18 417] tts        657  TTS_MSG_GETAUDIO  0  
[2023/03/19 19:33:18 417] tts        485  get audio|use local  
[2023/03/19 19:33:18 417] tts        527  0  nil  1  
[2023/03/19 19:33:18 418] tts        657  TTS_MSG_GETAUDIO  0  
[2023/03/19 19:33:18 418] tts        485  get audio|use local  
[2023/03/19 19:33:18 418] tts        527  0  nil  1  
[2023/03/19 19:33:18 418] tts        657  TTS_MSG_GETAUDIO  0  
[2023/03/19 19:33:18 419] tts        485  get audio|use local  
[2023/03/19 19:33:18 419] tts        527  0  nil  1  
[2023/03/19 19:33:18 419] tts        657  TTS_MSG_GETAUDIO  0  
[2023/03/19 19:33:18 419] tts        485  get audio|use local  
[2023/03/19 19:33:18 419] tts        527  0  nil  1  
[2023/03/19 19:33:18 420] tts        657  TTS_MSG_GETAUDIO  0  
[2023/03/19 19:33:18 420] tts        485  get audio|use local  
[2023/03/19 19:33:18 420] tts        527  0  nil  1  
[2023/03/19 19:33:18 421] tts        657  TTS_MSG_GETAUDIO  0  
[2023/03/19 19:33:18 421] tts        485  get audio|use local  
[2023/03/19 19:33:18 421] tts        527  0  nil  1  
[2023/03/19 19:33:18 421] tts        657  TTS_MSG_GETAUDIO  0  
[2023/03/19 19:33:18 421] tts        485  get audio|use local  
[2023/03/19 19:33:18 422] tts        527  0  nil  1  
[2023/03/19 19:33:18 422] tts        657  TTS_MSG_GETAUDIO  0  
[2023/03/19 19:33:18 422] tts        485  get audio|use local  
[2023/03/19 19:33:18 422] tts        527  0  nil  1  
[2023/03/19 19:33:18 423] tts        657  TTS_MSG_GETAUDIO  0  
[2023/03/19 19:33:18 423] tts        485  get audio|use local  
[2023/03/19 19:33:18 423] tts        527  0  nil  1  
[2023/03/19 19:33:18 424] tts        657  TTS_MSG_GETAUDIO  0  
[2023/03/19 19:33:18 424] tts        485  get audio|use local  
[2023/03/19 19:33:18 424] tts        527  0  nil  1  
[2023/03/19 19:33:18 424] tts        657  TTS_MSG_GETAUDIO  0  
[2023/03/19 19:33:18 424] tts        485  get audio|use local  
[2023/03/19 19:33:18 425] tts        527  0  nil  1  
[2023/03/19 19:33:18 425] tts        657  TTS_MSG_GETAUDIO  0  
[2023/03/19 19:33:18 425] tts        485  get audio|use local  
[2023/03/19 19:33:18 425] tts        527  0  nil  1  
[2023/03/19 19:33:18 426] tts        657  TTS_MSG_GETAUDIO  0  
[2023/03/19 19:33:18 426] tts        485  get audio|use local  
[2023/03/19 19:33:18 426] tts        527  0  nil  1  
[2023/03/19 19:33:18 426] tts        657  TTS_MSG_GETAUDIO  0  
[2023/03/19 19:33:18 426] tts        485  get audio|use local  
[2023/03/19 19:33:18 427] tts        527  0  nil  1  
[2023/03/19 19:33:18 427] tts        657  TTS_MSG_GETAUDIO  0  
[2023/03/19 19:33:18 427] tts        485  get audio|use local  
[2023/03/19 19:33:18 427] tts        527  0  nil  1  
[2023/03/19 19:33:18 428] tts        657  TTS_MSG_GETAUDIO  0  
[2023/03/19 19:33:18 428] tts        485  get audio|use local  
[2023/03/19 19:33:18 428] tts        527  0  nil  1  
[2023/03/19 19:33:18 428] tts        657  TTS_MSG_GETAUDIO  0  
[2023/03/19 19:33:18 429] tts        485  get audio|use local  
[2023/03/19 19:33:18 429] tts        527  0  nil  1  
[2023/03/19 19:33:18 429] tts        657  TTS_MSG_GETAUDIO  0  
[2023/03/19 19:33:18 429] tts        485  get audio|use local  
[2023/03/19 19:33:18 429] tts        527  0  nil  1  
[2023/03/19 19:33:18 430] tts        657  TTS_MSG_GETAUDIO  0  
[2023/03/19 19:33:18 430] tts        485  get audio|use local  
[2023/03/19 19:33:18 430] tts        527  0  nil  1  
[2023/03/19 19:33:18 430] tts        657  TTS_MSG_GETAUDIO  0  
[2023/03/19 19:33:18 431] tts        485  get audio|use local  
[2023/03/19 19:33:18 431] tts        527  0  nil  1  
[2023/03/19 19:33:18 431] tts        657  TTS_MSG_GETAUDIO  0  
[2023/03/19 19:33:18 431] tts        485  get audio|use local  
[2023/03/19 19:33:18 431] tts        527  0  nil  1  
[2023/03/19 19:33:18 432] tts        657  TTS_MSG_GETAUDIO  0  
[2023/03/19 19:33:18 432] tts        485  get audio|use local  
[2023/03/19 19:33:18 432] tts        527  0  nil  1  
[2023/03/19 19:33:18 433] tts        657  TTS_MSG_GETAUDIO  0  
[2023/03/19 19:33:18 433] tts        485  get audio|use local  
[2023/03/19 19:33:18 433] tts        527  0  nil  1  
[2023/03/19 19:33:18 433] tts        657  TTS_MSG_GETAUDIO  0  
[2023/03/19 19:33:18 433] tts        485  get audio|use local  
[2023/03/19 19:33:18 433] tts        527  0  nil  1  
[2023/03/19 19:33:18 434] tts        657  TTS_MSG_GETAUDIO  0  
[2023/03/19 19:33:18 434] tts        485  get audio|use local  
[2023/03/19 19:33:18 434] tts        527  0  nil  1  
[2023/03/19 19:33:18 435] tts        657  TTS_MSG_GETAUDIO  0  
[2023/03/19 19:33:18 435] tts        485  get audio|use local  
[2023/03/19 19:33:18 435] tts        527  0  nil  1  
[2023/03/19 19:33:18 435] tts        657  TTS_MSG_GETAUDIO  0  
[2023/03/19 19:33:18 436] tts        485  get audio|use local  
[2023/03/19 19:33:18 436] tts        527  0  nil  1  
[2023/03/19 19:33:18 436] tts        657  TTS_MSG_GETAUDIO  0  
[2023/03/19 19:33:18 436] tts        485  get audio|use local  
[2023/03/19 19:33:18 436] tts        527  0  nil  1  
[2023/03/19 19:33:18 437] tts        657  TTS_MSG_GETAUDIO  0  
[2023/03/19 19:33:18 437] tts        485  get audio|use local  
[2023/03/19 19:33:18 437] tts        527  0  nil  1  
[2023/03/19 19:33:18 437] tts        657  TTS_MSG_GETAUDIO  0  
[2023/03/19 19:33:18 438] tts        485  get audio|use local  
[2023/03/19 19:33:18 438] tts        527  0  nil  1  
[2023/03/19 19:33:18 438] tts        657  TTS_MSG_GETAUDIO  0  
[2023/03/19 19:33:18 438] tts        485  get audio|use local  
[2023/03/19 19:33:18 438] tts        527  0  nil  1  
[2023/03/19 19:33:18 439] tts        657  TTS_MSG_GETAUDIO  0  
[2023/03/19 19:33:18 439] tts        485  get audio|use local  
[2023/03/19 19:33:18 439] tts        527  0  nil  1  
[2023/03/19 19:33:18 440] tts        657  TTS_MSG_GETAUDIO  0  
[2023/03/19 19:33:18 440] tts        485  get audio|use local  
[2023/03/19 19:33:18 440] tts        527  0  nil  1  
[2023/03/19 19:33:18 442] tts        657  TTS_MSG_GETAUDIO  0  
[2023/03/19 19:33:18 442] tts        485  get audio|use local  
[2023/03/19 19:33:18 442] tts        498  local audiolen:  2042  ,ced:  25  
[2023/03/19 19:33:18 442] tts        527  0  udata(8407f478) 1  
[2023/03/19 19:33:18 443] tts        657  TTS_MSG_GETAUDIO  0  
[2023/03/19 19:33:18 443] tts        485  get audio|use local  
[2023/03/19 19:33:18 443] tts        498  local audiolen:  2016  ,ced:  25  
[2023/03/19 19:33:18 443] tts        527  0  udata(8407f6a8) 1  
[2023/03/19 19:33:18 444] tts        657  TTS_MSG_GETAUDIO  0  
[2023/03/19 19:33:18 444] tts        485  get audio|use local  
[2023/03/19 19:33:18 444] tts        527  0  nil  1  
[2023/03/19 19:33:18 445] tts        657  TTS_MSG_GETAUDIO  0  
[2023/03/19 19:33:18 445] tts        485  get audio|use local  
[2023/03/19 19:33:18 445] tts        527  0  nil  1  
[2023/03/19 19:33:18 445] tts        657  TTS_MSG_GETAUDIO  0  
[2023/03/19 19:33:18 445] tts        485  get audio|use local  
[2023/03/19 19:33:18 445] tts        527  0  nil  1  
[2023/03/19 19:33:18 446] tts        657  TTS_MSG_GETAUDIO  0  
[2023/03/19 19:33:18 446] tts        485  get audio|use local  
[2023/03/19 19:33:18 446] tts        527  0  nil  1  
[2023/03/19 19:33:18 447] tts        657  TTS_MSG_GETAUDIO  0  
[2023/03/19 19:33:18 447] tts        485  get audio|use local  
[2023/03/19 19:33:18 447] tts        527  0  nil  1  
[2023/03/19 19:33:18 448] tts        657  TTS_MSG_GETAUDIO  0  
[2023/03/19 19:33:18 448] tts        485  get audio|use local  
[2023/03/19 19:33:18 448] tts        527  0  nil  1  
[2023/03/19 19:33:18 449] tts        657  TTS_MSG_GETAUDIO  0  
[2023/03/19 19:33:18 449] tts        485  get audio|use local  
[2023/03/19 19:33:18 449] tts        527  0  nil  1  
[2023/03/19 19:33:18 449] tts        657  TTS_MSG_GETAUDIO  0  
[2023/03/19 19:33:18 449] tts        485  get audio|use local  
[2023/03/19 19:33:18 450] tts        527  0  nil  1  
[2023/03/19 19:33:18 450] tts        657  TTS_MSG_GETAUDIO  0  
[2023/03/19 19:33:18 450] tts        485  get audio|use local  
[2023/03/19 19:33:18 450] tts        527  0  nil  1  
[2023/03/19 19:33:18 451] tts        657  TTS_MSG_GETAUDIO  0  
[2023/03/19 19:33:18 451] tts        485  get audio|use local  
[2023/03/19 19:33:18 451] tts        527  0  nil  1  
[2023/03/19 19:33:18 452] tts        657  TTS_MSG_GETAUDIO  0  
[2023/03/19 19:33:18 452] tts        485  get audio|use local  
[2023/03/19 19:33:18 452] tts        527  0  nil  1  
[2023/03/19 19:33:18 452] tts        657  TTS_MSG_GETAUDIO  0  
[2023/03/19 19:33:18 452] tts        485  get audio|use local  
[2023/03/19 19:33:18 452] tts        527  0  nil  1  
[2023/03/19 19:33:18 453] tts        657  TTS_MSG_GETAUDIO  0  
[2023/03/19 19:33:18 453] tts        485  get audio|use local  
[2023/03/19 19:33:18 453] tts        527  0  nil  1  
[2023/03/19 19:33:18 454] tts        657  TTS_MSG_GETAUDIO  0  
[2023/03/19 19:33:18 454] tts        485  get audio|use local  
[2023/03/19 19:33:18 454] tts        527  0  nil  1  
[2023/03/19 19:33:18 454] tts        657  TTS_MSG_GETAUDIO  0  
[2023/03/19 19:33:18 454] tts        485  get audio|use local  
[2023/03/19 19:33:18 455] tts        527  0  nil  1  
[2023/03/19 19:33:18 455] tts        657  TTS_MSG_GETAUDIO  0  
[2023/03/19 19:33:18 455] tts        485  get audio|use local  
[2023/03/19 19:33:18 455] tts        527  0  nil  1  
[2023/03/19 19:33:18 456] tts        657  TTS_MSG_GETAUDIO  0  
[2023/03/19 19:33:18 456] tts        485  get audio|use local  
[2023/03/19 19:33:18 456] tts        527  0  nil  1  
[2023/03/19 19:33:18 457] tts        657  TTS_MSG_GETAUDIO  0  
[2023/03/19 19:33:18 457] tts        485  get audio|use local  
[2023/03/19 19:33:18 457] tts        527  0  nil  1  
[2023/03/19 19:33:18 457] tts        657  TTS_MSG_GETAUDIO  0  
[2023/03/19 19:33:18 457] tts        485  get audio|use local  
[2023/03/19 19:33:18 458] tts        527  0  nil  1  
[2023/03/19 19:33:18 458] tts        657  TTS_MSG_GETAUDIO  0  
[2023/03/19 19:33:18 458] tts        485  get audio|use local  
[2023/03/19 19:33:18 458] tts        527  0  nil  1  
[2023/03/19 19:33:18 459] tts        657  TTS_MSG_GETAUDIO  0  
[2023/03/19 19:33:18 459] tts        485  get audio|use local  
[2023/03/19 19:33:18 459] tts        527  0  nil  1  
[2023/03/19 19:33:18 460] tts        657  TTS_MSG_GETAUDIO  0  
[2023/03/19 19:33:18 460] tts        485  get audio|use local  
[2023/03/19 19:33:18 460] tts        527  0  nil  1  
[2023/03/19 19:33:18 460] tts        657  TTS_MSG_GETAUDIO  0  
[2023/03/19 19:33:18 460] tts        485  get audio|use local  
[2023/03/19 19:33:18 460] tts        527  0  nil  1  
[2023/03/19 19:33:18 461] tts        657  TTS_MSG_GETAUDIO  0  
[2023/03/19 19:33:18 461] tts        485  get audio|use local  
[2023/03/19 19:33:18 461] tts        527  0  nil  1  
[2023/03/19 19:33:18 462] tts        657  TTS_MSG_GETAUDIO  0  
[2023/03/19 19:33:18 462] tts        485  get audio|use local  
[2023/03/19 19:33:18 462] tts        527  0  nil  1  
[2023/03/19 19:33:18 462] tts        657  TTS_MSG_GETAUDIO  0  
[2023/03/19 19:33:18 462] tts        485  get audio|use local  
[2023/03/19 19:33:18 463] tts        527  0  nil  1  
[2023/03/19 19:33:18 463] tts        657  TTS_MSG_GETAUDIO  0  
[2023/03/19 19:33:18 463] tts        485  get audio|use local  
[2023/03/19 19:33:18 463] tts        527  0  nil  1  
[2023/03/19 19:33:18 464] tts        657  TTS_MSG_GETAUDIO  0  
[2023/03/19 19:33:18 464] tts        485  get audio|use local  
[2023/03/19 19:33:18 464] tts        527  0  nil  1  
[2023/03/19 19:33:18 465] tts        657  TTS_MSG_GETAUDIO  0  
[2023/03/19 19:33:18 465] tts        485  get audio|use local  
[2023/03/19 19:33:18 465] tts        527  0  nil  1  
[2023/03/19 19:33:18 465] tts        657  TTS_MSG_GETAUDIO  0  
[2023/03/19 19:33:18 465] tts        485  get audio|use local  
[2023/03/19 19:33:18 465] tts        527  0  nil  1  
[2023/03/19 19:33:18 466] tts        657  TTS_MSG_GETAUDIO  0  
[2023/03/19 19:33:18 466] tts        485  get audio|use local  
[2023/03/19 19:33:18 466] tts        527  0  nil  1  
[2023/03/19 19:33:18 467] tts        657  TTS_MSG_GETAUDIO  0  
[2023/03/19 19:33:18 467] tts        485  get audio|use local  
[2023/03/19 19:33:18 467] tts        527  0  nil  1  
[2023/03/19 19:33:18 467] tts        657  TTS_MSG_GETAUDIO  0  
[2023/03/19 19:33:18 468] tts        485  get audio|use local  
[2023/03/19 19:33:18 468] tts        527  0  nil  1  
[2023/03/19 19:33:18 468] tts        657  TTS_MSG_GETAUDIO  0  
[2023/03/19 19:33:18 468] tts        485  get audio|use local  
[2023/03/19 19:33:18 468] tts        527  0  nil  1  
[2023/03/19 19:33:18 469] tts        657  TTS_MSG_GETAUDIO  0  
[2023/03/19 19:33:18 469] tts        485  get audio|use local  
[2023/03/19 19:33:18 469] tts        527  0  nil  1  
[2023/03/19 19:33:18 469] tts        657  TTS_MSG_GETAUDIO  0  
[2023/03/19 19:33:18 470] tts        485  get audio|use local  
[2023/03/19 19:33:18 470] tts        527  0  nil  1  
[2023/03/19 19:33:18 470] tts        657  TTS_MSG_GETAUDIO  0  
[2023/03/19 19:33:18 470] tts        485  get audio|use local  
[2023/03/19 19:33:18 470] tts        527  0  nil  1  
[2023/03/19 19:33:18 471] tts        657  TTS_MSG_GETAUDIO  0  
[2023/03/19 19:33:18 471] tts        485  get audio|use local  
[2023/03/19 19:33:18 471] tts        527  0  nil  1  
[2023/03/19 19:33:18 472] tts        657  TTS_MSG_GETAUDIO  0  
[2023/03/19 19:33:18 472] tts        485  get audio|use local  
[2023/03/19 19:33:18 472] tts        527  0  nil  1  
[2023/03/19 19:33:18 472] tts        657  TTS_MSG_GETAUDIO  0  
[2023/03/19 19:33:18 472] tts        485  get audio|use local  
[2023/03/19 19:33:18 473] tts        527  0  nil  1  
[2023/03/19 19:33:18 473] tts        657  TTS_MSG_GETAUDIO  0  
[2023/03/19 19:33:18 473] tts        485  get audio|use local  
[2023/03/19 19:33:18 473] tts        527  0  nil  1  
[2023/03/19 19:33:18 474] tts        657  TTS_MSG_GETAUDIO  0  
[2023/03/19 19:33:18 474] tts        485  get audio|use local  
[2023/03/19 19:33:18 474] tts        527  0  nil  1  
[2023/03/19 19:33:18 474] tts        657  TTS_MSG_GETAUDIO  0  
[2023/03/19 19:33:18 475] tts        485  get audio|use local  
[2023/03/19 19:33:18 475] tts        527  0  nil  1  
[2023/03/19 19:33:18 475] tts        657  TTS_MSG_GETAUDIO  0  
[2023/03/19 19:33:18 475] tts        485  get audio|use local  
[2023/03/19 19:33:18 475] tts        527  0  nil  1  
[2023/03/19 19:33:18 476] tts        657  TTS_MSG_GETAUDIO  0  
[2023/03/19 19:33:18 476] tts        485  get audio|use local  
[2023/03/19 19:33:18 476] tts        527  0  nil  1  
[2023/03/19 19:33:18 477] tts        657  TTS_MSG_GETAUDIO  0  
[2023/03/19 19:33:18 477] tts        485  get audio|use local  
[2023/03/19 19:33:18 477] tts        527  0  nil  1  
[2023/03/19 19:33:18 477] tts        657  TTS_MSG_GETAUDIO  0  
[2023/03/19 19:33:18 477] tts        485  get audio|use local  
[2023/03/19 19:33:18 477] tts        527  0  nil  1  
[2023/03/19 19:33:18 478] tts        657  TTS_MSG_GETAUDIO  0  
[2023/03/19 19:33:18 478] tts        485  get audio|use local  
[2023/03/19 19:33:18 478] tts        527  0  nil  1  
[2023/03/19 19:33:18 479] tts        657  TTS_MSG_GETAUDIO  0  
[2023/03/19 19:33:18 479] tts        485  get audio|use local  
[2023/03/19 19:33:18 479] tts        527  0  nil  1  
[2023/03/19 19:33:18 479] tts        657  TTS_MSG_GETAUDIO  0  
[2023/03/19 19:33:18 479] tts        485  get audio|use local  
[2023/03/19 19:33:18 479] tts        527  0  nil  1  
[2023/03/19 19:33:18 480] tts        657  TTS_MSG_GETAUDIO  0  
[2023/03/19 19:33:18 480] tts        485  get audio|use local  
[2023/03/19 19:33:18 480] tts        527  0  nil  1  
[2023/03/19 19:33:18 481] tts        657  TTS_MSG_GETAUDIO  0  
[2023/03/19 19:33:18 481] tts        485  get audio|use local  
[2023/03/19 19:33:18 481] tts        527  0  nil  1  
[2023/03/19 19:33:18 481] tts        657  TTS_MSG_GETAUDIO  0  
[2023/03/19 19:33:18 481] tts        485  get audio|use local  
[2023/03/19 19:33:18 481] tts        527  0  nil  1  
[2023/03/19 19:33:18 482] tts        657  TTS_MSG_GETAUDIO  0  
[2023/03/19 19:33:18 482] tts        485  get audio|use local  
[2023/03/19 19:33:18 482] tts        527  0  nil  1  
[2023/03/19 19:33:18 483] tts        657  TTS_MSG_GETAUDIO  0  
[2023/03/19 19:33:18 483] tts        485  get audio|use local  
[2023/03/19 19:33:18 483] tts        527  0  nil  1  
[2023/03/19 19:33:18 483] tts        657  TTS_MSG_GETAUDIO  0  
[2023/03/19 19:33:18 484] tts        485  get audio|use local  
[2023/03/19 19:33:18 484] tts        527  0  nil  1  
[2023/03/19 19:33:18 485] tts        657  TTS_MSG_GETAUDIO  0  
[2023/03/19 19:33:18 485] tts        485  get audio|use local  
[2023/03/19 19:33:18 485] tts        527  0  nil  1  
[2023/03/19 19:33:18 486] tts        657  TTS_MSG_GETAUDIO  0  
[2023/03/19 19:33:18 486] tts        485  get audio|use local  
[2023/03/19 19:33:18 486] tts        527  0  nil  1  
[2023/03/19 19:33:18 488] tts        657  TTS_MSG_GETAUDIO  0  
[2023/03/19 19:33:18 488] tts        485  get audio|use local  
[2023/03/19 19:33:18 488] tts        498  local audiolen:  2040  ,ced:  25  
[2023/03/19 19:33:18 488] tts        527  0  udata(8407f7c8) 1  
[2023/03/19 19:33:18 492] tts        657  TTS_MSG_GETAUDIO  0  
[2023/03/19 19:33:18 492] tts        485  get audio|use local  
[2023/03/19 19:33:18 493] tts        498  local audiolen:  2002  ,ced:  25  
[2023/03/19 19:33:18 493] tts        527  0  udata(840879c8) 1  
[2023/03/19 19:33:18 495] tts        657  TTS_MSG_GETAUDIO  0  
[2023/03/19 19:33:18 496] tts        485  get audio|use local  
[2023/03/19 19:33:18 496] tts        498  local audiolen:  2036  ,ced:  25  
[2023/03/19 19:33:18 496] tts        527  0  udata(8407c808) 1  
[2023/03/19 19:33:18 499] tts        657  TTS_MSG_GETAUDIO  0  
[2023/03/19 19:33:18 499] tts        485  get audio|use local  
[2023/03/19 19:33:18 499] tts        498  local audiolen:  2046  ,ced:  25  
[2023/03/19 19:33:18 499] tts        527  0  udata(8407cbf8) 1  
[2023/03/19 19:33:18 502] tts        657  TTS_MSG_GETAUDIO  0  
[2023/03/19 19:33:18 502] tts        485  get audio|use local  
[2023/03/19 19:33:18 503] tts        498  local audiolen:  2000  ,ced:  25  
[2023/03/19 19:33:18 503] tts        527  0  udata(8407cf48) 1  
[2023/03/19 19:33:18 505] tts        657  TTS_MSG_GETAUDIO  0  
[2023/03/19 19:33:18 505] tts        485  get audio|use local  
[2023/03/19 19:33:18 505] tts        498  local audiolen:  2016  ,ced:  25  
[2023/03/19 19:33:18 506] tts        527  0  udata(8407d148) 1  
[2023/03/19 19:33:18 510] tts        657  TTS_MSG_GETAUDIO  0  
[2023/03/19 19:33:18 510] tts        485  get audio|use local  
[2023/03/19 19:33:18 510] tts        498  local audiolen:  2006  ,ced:  25  
[2023/03/19 19:33:18 510] tts        527  0  udata(8407ece8) 1  
[2023/03/19 19:33:18 512] tts        657  TTS_MSG_GETAUDIO  0  
[2023/03/19 19:33:18 513] tts        485  get audio|use local  
[2023/03/19 19:33:18 513] tts        498  local audiolen:  1958  ,ced:  25  
[2023/03/19 19:33:18 513] tts        527  0  udata(84022008) 1  
[2023/03/19 19:33:18 516] tts        657  TTS_MSG_GETAUDIO  0  
[2023/03/19 19:33:18 516] tts        485  get audio|use local  
[2023/03/19 19:33:18 516] tts        498  local audiolen:  2024  ,ced:  25  
[2023/03/19 19:33:18 516] tts        527  0  udata(84022158) 1  
[2023/03/19 19:33:18 519] tts        657  TTS_MSG_GETAUDIO  0  
[2023/03/19 19:33:18 519] tts        485  get audio|use local  
[2023/03/19 19:33:18 520] tts        498  local audiolen:  1996  ,ced:  25  
[2023/03/19 19:33:18 520] tts        527  0  udata(840224a8) 1  
[2023/03/19 19:33:18 522] tts        657  TTS_MSG_GETAUDIO  0  
[2023/03/19 19:33:18 523] tts        485  get audio|use local  
[2023/03/19 19:33:18 523] tts        498  local audiolen:  2032  ,ced:  25  
[2023/03/19 19:33:18 523] tts        527  0  udata(8407df98) 1  
[2023/03/19 19:33:18 524] tts        301  0  0  
[2023/03/19 19:33:18 524] tts        312  TTS_LOCAL_CB_END,  2  
[2023/03/19 19:33:18 525] tts        657  TTS_MSG_GETAUDIO  0  
[2023/03/19 19:33:18 525] tts        485  get audio|use local  
[2023/03/19 19:33:18 525] tts        498  local audiolen:  2040  ,ced:  25  
[2023/03/19 19:33:18 525] tts        527  0  udata(8407e698) 1  
[2023/03/19 19:33:18 525] tts        657  TTS_MSG_GETAUDIO  0  
[2023/03/19 19:33:18 525] tts        485  get audio|use local  
[2023/03/19 19:33:18 525] tts        498  local audiolen:  2038  ,ced:  25  
[2023/03/19 19:33:18 526] tts        527  0  udata(8407e6e8) 1  
[2023/03/19 19:33:18 526] tts        657  TTS_MSG_GETAUDIO  0  
[2023/03/19 19:33:18 526] tts        485  get audio|use local  
[2023/03/19 19:33:18 526] tts        498  local audiolen:  2024  ,ced:  25  
[2023/03/19 19:33:18 526] tts        527  0  udata(84023118) 1  
[2023/03/19 19:33:18 527] tts        657  TTS_MSG_GETAUDIO  0  
[2023/03/19 19:33:18 527] tts        485  get audio|use local  
[2023/03/19 19:33:18 527] tts        498  local audiolen:  2044  ,ced:  25  
[2023/03/19 19:33:18 527] tts        527  0  udata(84022918) 1  
[2023/03/19 19:33:18 528] tts        657  TTS_MSG_GETAUDIO  0  
[2023/03/19 19:33:18 528] tts        485  get audio|use local  
[2023/03/19 19:33:18 528] tts        498  local audiolen:  2044  ,ced:  25  
[2023/03/19 19:33:18 528] tts        527  0  udata(84022968) 1  
[2023/03/19 19:33:18 529] tts        657  TTS_MSG_GETAUDIO  0  
[2023/03/19 19:33:18 529] tts        485  get audio|use local  
[2023/03/19 19:33:18 529] tts        498  local audiolen:  2032  ,ced:  25  
[2023/03/19 19:33:18 529] tts        527  0  udata(840229b8) 1  
[2023/03/19 19:33:18 530] tts        657  TTS_MSG_GETAUDIO  0  
[2023/03/19 19:33:18 530] tts        485  get audio|use local  
[2023/03/19 19:33:18 530] tts        498  local audiolen:  1990  ,ced:  25  
[2023/03/19 19:33:18 530] tts        527  0  udata(84022a08) 1  
[2023/03/19 19:33:18 530] tts        657  TTS_MSG_GETAUDIO  0  
[2023/03/19 19:33:18 530] tts        485  get audio|use local  
[2023/03/19 19:33:18 531] tts        498  local audiolen:  1964  ,ced:  25  
[2023/03/19 19:33:18 531] tts        527  0  udata(84022a58) 1  
[2023/03/19 19:33:18 531] tts        657  TTS_MSG_GETAUDIO  0  
[2023/03/19 19:33:18 531] tts        485  get audio|use local  
[2023/03/19 19:33:18 532] tts        498  local audiolen:  2014  ,ced:  25  
[2023/03/19 19:33:18 532] tts        527  0  udata(84022aa8) 1  
[2023/03/19 19:33:18 532] tts        657  TTS_MSG_GETAUDIO  0  
[2023/03/19 19:33:18 532] tts        485  get audio|use local  
[2023/03/19 19:33:18 532] tts        498  local audiolen:  1984  ,ced:  25  
[2023/03/19 19:33:18 532] tts        527  0  udata(84022af8) 1  
[2023/03/19 19:33:18 533] tts        657  TTS_MSG_GETAUDIO  0  
[2023/03/19 19:33:18 533] tts        485  get audio|use local  
[2023/03/19 19:33:18 533] tts        498  local audiolen:  1978  ,ced:  25  
[2023/03/19 19:33:18 533] tts        527  0  udata(84022b48) 1  
[2023/03/19 19:33:18 534] tts        657  TTS_MSG_GETAUDIO  0  
[2023/03/19 19:33:18 534] tts        485  get audio|use local  
[2023/03/19 19:33:18 534] tts        498  local audiolen:  1936  ,ced:  25  
[2023/03/19 19:33:18 534] tts        527  0  udata(84022b98) 1  
[2023/03/19 19:33:18 535] tts        657  TTS_MSG_GETAUDIO  0  
[2023/03/19 19:33:18 535] tts        485  get audio|use local  
[2023/03/19 19:33:18 535] tts        498  local audiolen:  1970  ,ced:  25  
[2023/03/19 19:33:18 535] tts        527  0  udata(84022be8) 1  
[2023/03/19 19:33:18 535] tts        657  TTS_MSG_GETAUDIO  0  
[2023/03/19 19:33:18 535] tts        485  get audio|use local  
[2023/03/19 19:33:18 536] tts        498  local audiolen:  1956  ,ced:  25  
[2023/03/19 19:33:18 536] tts        527  0  udata(84022c38) 1  
[2023/03/19 19:33:18 536] tts        657  TTS_MSG_GETAUDIO  0  
[2023/03/19 19:33:18 536] tts        485  get audio|use local  
[2023/03/19 19:33:18 536] tts        498  local audiolen:  1922  ,ced:  25  
[2023/03/19 19:33:18 536] tts        527  0  udata(84022c88) 1  
[2023/03/19 19:33:18 537] tts        657  TTS_MSG_GETAUDIO  0  
[2023/03/19 19:33:18 537] tts        485  get audio|use local  
[2023/03/19 19:33:18 537] tts        498  local audiolen:  1938  ,ced:  25  
[2023/03/19 19:33:18 537] tts        527  0  udata(84022cd8) 1  
[2023/03/19 19:33:18 538] tts        657  TTS_MSG_GETAUDIO  0  
[2023/03/19 19:33:18 538] tts        485  get audio|use local  
[2023/03/19 19:33:18 538] tts        498  local audiolen:  1960  ,ced:  25  
[2023/03/19 19:33:18 538] tts        527  0  udata(84022d28) 1  
[2023/03/19 19:33:18 539] tts        657  TTS_MSG_GETAUDIO  0  
[2023/03/19 19:33:18 539] tts        485  get audio|use local  
[2023/03/19 19:33:18 539] tts        498  local audiolen:  1936  ,ced:  25  
[2023/03/19 19:33:18 539] tts        527  0  udata(84022d78) 1  
[2023/03/19 19:33:18 540] tts        657  TTS_MSG_GETAUDIO  0  
[2023/03/19 19:33:18 540] tts        485  get audio|use local  
[2023/03/19 19:33:18 540] tts        498  local audiolen:  2046  ,ced:  25  
[2023/03/19 19:33:18 540] tts        527  0  udata(84022dc8) 1  
[2023/03/19 19:33:18 540] tts        657  TTS_MSG_GETAUDIO  0  
[2023/03/19 19:33:18 540] tts        485  get audio|use local  
[2023/03/19 19:33:18 541] tts        498  local audiolen:  2026  ,ced:  25  
[2023/03/19 19:33:18 541] tts        527  0  udata(84022e18) 1  
[2023/03/19 19:33:18 541] tts        657  TTS_MSG_GETAUDIO  0  
[2023/03/19 19:33:18 541] tts        485  get audio|use local  
[2023/03/19 19:33:18 541] tts        498  local audiolen:  96  ,ced:  25  
[2023/03/19 19:33:18 541] tts        527  0  udata(84022ed8) 2  
[2023/03/19 19:33:18 542] tts        660  TTS_MSG_SSE  
[2023/03/19 19:33:18 543] tts        585  sse|use local  
[2023/03/19 19:33:18 544] tts        603  tts exit  
