============================================================
Time  2023/05/06 19:39:54 985 
============================================================
[2023/05/06 19:39:54 985] tts        676  SYS_MSG_REGCB param0 =  msp_status_cb  param1 =  func(84014a30) 
[2023/05/06 19:39:54 987] config     43   use general cloud  
[2023/05/06 19:39:54 993] tts_cloud  1417 SYS_MSG_REGCB_CLOUD param0 =   msp_status_cb  param1 =  func(84014a30) 
[2023/05/06 19:39:54 994] tts        647  TTS_MSG_SSB  
[2023/05/06 19:39:54 994] tts        375  params =  engine_type = local,voice_name=xiaoyan, text_encoding = UTF8, tts_res_path = fo|res/tts/xiaoyan.jet;fo|res/tts/common.jet, sample_rate = 16000, speed = 80, volume = 50, pitch = 50, rdn = 2  
[2023/05/06 19:39:54 994] tts        412  ssb|use local  
[2023/05/06 19:39:54 994] tts        349  local_session_begin  
[2023/05/06 19:39:54 997] tts        654  TTS_MSG_SYN  0  
[2023/05/06 19:39:54 997] tts        451  synth|use local  
[2023/05/06 19:39:54 998] tts        657  TTS_MSG_GETAUDIO  0  
[2023/05/06 19:39:54 998] tts        485  get audio|use local  
[2023/05/06 19:39:54 998] tts        527  0  nil  1  
[2023/05/06 19:39:54 999] tts        657  TTS_MSG_GETAUDIO  0  
[2023/05/06 19:39:54 999] tts        485  get audio|use local  
[2023/05/06 19:39:54 999] tts        527  0  nil  1  
[2023/05/06 19:39:55 000] tts        657  TTS_MSG_GETAUDIO  0  
[2023/05/06 19:39:55 000] tts        485  get audio|use local  
[2023/05/06 19:39:55 000] tts        527  0  nil  1  
[2023/05/06 19:39:55 002] tts        657  TTS_MSG_GETAUDIO  0  
[2023/05/06 19:39:55 002] tts        485  get audio|use local  
[2023/05/06 19:39:55 002] tts        527  0  nil  1  
[2023/05/06 19:39:55 002] tts        657  TTS_MSG_GETAUDIO  0  
[2023/05/06 19:39:55 002] tts        485  get audio|use local  
[2023/05/06 19:39:55 003] tts        527  0  nil  1  
[2023/05/06 19:39:55 003] tts        657  TTS_MSG_GETAUDIO  0  
[2023/05/06 19:39:55 003] tts        485  get audio|use local  
[2023/05/06 19:39:55 003] tts        527  0  nil  1  
[2023/05/06 19:39:55 004] tts        657  TTS_MSG_GETAUDIO  0  
[2023/05/06 19:39:55 004] tts        485  get audio|use local  
[2023/05/06 19:39:55 004] tts        527  0  nil  1  
[2023/05/06 19:39:55 005] tts        657  TTS_MSG_GETAUDIO  0  
[2023/05/06 19:39:55 005] tts        485  get audio|use local  
[2023/05/06 19:39:55 005] tts        527  0  nil  1  
[2023/05/06 19:39:55 006] tts        657  TTS_MSG_GETAUDIO  0  
[2023/05/06 19:39:55 006] tts        485  get audio|use local  
[2023/05/06 19:39:55 006] tts        527  0  nil  1  
[2023/05/06 19:39:55 007] tts        657  TTS_MSG_GETAUDIO  0  
[2023/05/06 19:39:55 007] tts        485  get audio|use local  
[2023/05/06 19:39:55 007] tts        527  0  nil  1  
[2023/05/06 19:39:55 007] tts        657  TTS_MSG_GETAUDIO  0  
[2023/05/06 19:39:55 008] tts        485  get audio|use local  
[2023/05/06 19:39:55 008] tts        527  0  nil  1  
[2023/05/06 19:39:55 009] tts        657  TTS_MSG_GETAUDIO  0  
[2023/05/06 19:39:55 009] tts        485  get audio|use local  
[2023/05/06 19:39:55 009] tts        527  0  nil  1  
[2023/05/06 19:39:55 010] tts        657  TTS_MSG_GETAUDIO  0  
[2023/05/06 19:39:55 010] tts        485  get audio|use local  
[2023/05/06 19:39:55 010] tts        527  0  nil  1  
[2023/05/06 19:39:55 011] tts        657  TTS_MSG_GETAUDIO  0  
[2023/05/06 19:39:55 011] tts        485  get audio|use local  
[2023/05/06 19:39:55 011] tts        527  0  nil  1  
[2023/05/06 19:39:55 012] tts        657  TTS_MSG_GETAUDIO  0  
[2023/05/06 19:39:55 012] tts        485  get audio|use local  
[2023/05/06 19:39:55 012] tts        527  0  nil  1  
[2023/05/06 19:39:55 013] tts        657  TTS_MSG_GETAUDIO  0  
[2023/05/06 19:39:55 013] tts        485  get audio|use local  
[2023/05/06 19:39:55 013] tts        527  0  nil  1  
[2023/05/06 19:39:55 014] tts        657  TTS_MSG_GETAUDIO  0  
[2023/05/06 19:39:55 014] tts        485  get audio|use local  
[2023/05/06 19:39:55 014] tts        527  0  nil  1  
[2023/05/06 19:39:55 015] tts        657  TTS_MSG_GETAUDIO  0  
[2023/05/06 19:39:55 015] tts        485  get audio|use local  
[2023/05/06 19:39:55 015] tts        527  0  nil  1  
[2023/05/06 19:39:55 016] tts        657  TTS_MSG_GETAUDIO  0  
[2023/05/06 19:39:55 016] tts        485  get audio|use local  
[2023/05/06 19:39:55 016] tts        527  0  nil  1  
[2023/05/06 19:39:55 017] tts        657  TTS_MSG_GETAUDIO  0  
[2023/05/06 19:39:55 017] tts        485  get audio|use local  
[2023/05/06 19:39:55 017] tts        527  0  nil  1  
[2023/05/06 19:39:55 018] tts        657  TTS_MSG_GETAUDIO  0  
[2023/05/06 19:39:55 018] tts        485  get audio|use local  
[2023/05/06 19:39:55 018] tts        527  0  nil  1  
[2023/05/06 19:39:55 019] tts        657  TTS_MSG_GETAUDIO  0  
[2023/05/06 19:39:55 019] tts        485  get audio|use local  
[2023/05/06 19:39:55 019] tts        527  0  nil  1  
[2023/05/06 19:39:55 020] tts        657  TTS_MSG_GETAUDIO  0  
[2023/05/06 19:39:55 020] tts        485  get audio|use local  
[2023/05/06 19:39:55 020] tts        527  0  nil  1  
[2023/05/06 19:39:55 021] tts        657  TTS_MSG_GETAUDIO  0  
[2023/05/06 19:39:55 021] tts        485  get audio|use local  
[2023/05/06 19:39:55 021] tts        527  0  nil  1  
[2023/05/06 19:39:55 022] tts        657  TTS_MSG_GETAUDIO  0  
[2023/05/06 19:39:55 022] tts        485  get audio|use local  
[2023/05/06 19:39:55 022] tts        527  0  nil  1  
[2023/05/06 19:39:55 023] tts        657  TTS_MSG_GETAUDIO  0  
[2023/05/06 19:39:55 023] tts        485  get audio|use local  
[2023/05/06 19:39:55 023] tts        527  0  nil  1  
[2023/05/06 19:39:55 024] tts        657  TTS_MSG_GETAUDIO  0  
[2023/05/06 19:39:55 024] tts        485  get audio|use local  
[2023/05/06 19:39:55 024] tts        527  0  nil  1  
[2023/05/06 19:39:55 025] tts        657  TTS_MSG_GETAUDIO  0  
[2023/05/06 19:39:55 025] tts        485  get audio|use local  
[2023/05/06 19:39:55 025] tts        527  0  nil  1  
[2023/05/06 19:39:55 025] tts        657  TTS_MSG_GETAUDIO  0  
[2023/05/06 19:39:55 026] tts        485  get audio|use local  
[2023/05/06 19:39:55 026] tts        527  0  nil  1  
[2023/05/06 19:39:55 026] tts        657  TTS_MSG_GETAUDIO  0  
[2023/05/06 19:39:55 026] tts        485  get audio|use local  
[2023/05/06 19:39:55 026] tts        527  0  nil  1  
[2023/05/06 19:39:55 027] tts        657  TTS_MSG_GETAUDIO  0  
[2023/05/06 19:39:55 027] tts        485  get audio|use local  
[2023/05/06 19:39:55 027] tts        527  0  nil  1  
[2023/05/06 19:39:55 028] tts        657  TTS_MSG_GETAUDIO  0  
[2023/05/06 19:39:55 028] tts        485  get audio|use local  
[2023/05/06 19:39:55 028] tts        527  0  nil  1  
[2023/05/06 19:39:55 028] tts        657  TTS_MSG_GETAUDIO  0  
[2023/05/06 19:39:55 029] tts        485  get audio|use local  
[2023/05/06 19:39:55 029] tts        527  0  nil  1  
[2023/05/06 19:39:55 029] tts        657  TTS_MSG_GETAUDIO  0  
[2023/05/06 19:39:55 029] tts        485  get audio|use local  
[2023/05/06 19:39:55 029] tts        527  0  nil  1  
[2023/05/06 19:39:55 030] tts        657  TTS_MSG_GETAUDIO  0  
[2023/05/06 19:39:55 030] tts        485  get audio|use local  
[2023/05/06 19:39:55 030] tts        527  0  nil  1  
[2023/05/06 19:39:55 031] tts        657  TTS_MSG_GETAUDIO  0  
[2023/05/06 19:39:55 031] tts        485  get audio|use local  
[2023/05/06 19:39:55 031] tts        527  0  nil  1  
[2023/05/06 19:39:55 031] tts        657  TTS_MSG_GETAUDIO  0  
[2023/05/06 19:39:55 031] tts        485  get audio|use local  
[2023/05/06 19:39:55 031] tts        527  0  nil  1  
[2023/05/06 19:39:55 032] tts        657  TTS_MSG_GETAUDIO  0  
[2023/05/06 19:39:55 032] tts        485  get audio|use local  
[2023/05/06 19:39:55 032] tts        527  0  nil  1  
[2023/05/06 19:39:55 033] tts        657  TTS_MSG_GETAUDIO  0  
[2023/05/06 19:39:55 033] tts        485  get audio|use local  
[2023/05/06 19:39:55 033] tts        527  0  nil  1  
[2023/05/06 19:39:55 033] tts        657  TTS_MSG_GETAUDIO  0  
[2023/05/06 19:39:55 034] tts        485  get audio|use local  
[2023/05/06 19:39:55 034] tts        527  0  nil  1  
[2023/05/06 19:39:55 034] tts        657  TTS_MSG_GETAUDIO  0  
[2023/05/06 19:39:55 034] tts        485  get audio|use local  
[2023/05/06 19:39:55 034] tts        527  0  nil  1  
[2023/05/06 19:39:55 035] tts        657  TTS_MSG_GETAUDIO  0  
[2023/05/06 19:39:55 035] tts        485  get audio|use local  
[2023/05/06 19:39:55 035] tts        527  0  nil  1  
[2023/05/06 19:39:55 036] tts        657  TTS_MSG_GETAUDIO  0  
[2023/05/06 19:39:55 036] tts        485  get audio|use local  
[2023/05/06 19:39:55 036] tts        527  0  nil  1  
[2023/05/06 19:39:55 036] tts        657  TTS_MSG_GETAUDIO  0  
[2023/05/06 19:39:55 036] tts        485  get audio|use local  
[2023/05/06 19:39:55 036] tts        527  0  nil  1  
[2023/05/06 19:39:55 037] tts        657  TTS_MSG_GETAUDIO  0  
[2023/05/06 19:39:55 037] tts        485  get audio|use local  
[2023/05/06 19:39:55 037] tts        527  0  nil  1  
[2023/05/06 19:39:55 039] tts        657  TTS_MSG_GETAUDIO  0  
[2023/05/06 19:39:55 039] tts        485  get audio|use local  
[2023/05/06 19:39:55 039] tts        527  0  nil  1  
[2023/05/06 19:39:55 040] tts        657  TTS_MSG_GETAUDIO  0  
[2023/05/06 19:39:55 040] tts        485  get audio|use local  
[2023/05/06 19:39:55 040] tts        527  0  nil  1  
[2023/05/06 19:39:55 041] tts        657  TTS_MSG_GETAUDIO  0  
[2023/05/06 19:39:55 041] tts        485  get audio|use local  
[2023/05/06 19:39:55 041] tts        527  0  nil  1  
[2023/05/06 19:39:55 042] tts        657  TTS_MSG_GETAUDIO  0  
[2023/05/06 19:39:55 042] tts        485  get audio|use local  
[2023/05/06 19:39:55 042] tts        527  0  nil  1  
[2023/05/06 19:39:55 043] tts        657  TTS_MSG_GETAUDIO  0  
[2023/05/06 19:39:55 043] tts        485  get audio|use local  
[2023/05/06 19:39:55 044] tts        527  0  nil  1  
[2023/05/06 19:39:55 045] tts        657  TTS_MSG_GETAUDIO  0  
[2023/05/06 19:39:55 045] tts        485  get audio|use local  
[2023/05/06 19:39:55 045] tts        527  0  nil  1  
[2023/05/06 19:39:55 046] tts        657  TTS_MSG_GETAUDIO  0  
[2023/05/06 19:39:55 046] tts        485  get audio|use local  
[2023/05/06 19:39:55 046] tts        527  0  nil  1  
[2023/05/06 19:39:55 047] tts        657  TTS_MSG_GETAUDIO  0  
[2023/05/06 19:39:55 047] tts        485  get audio|use local  
[2023/05/06 19:39:55 047] tts        527  0  nil  1  
[2023/05/06 19:39:55 049] tts        657  TTS_MSG_GETAUDIO  0  
[2023/05/06 19:39:55 049] tts        485  get audio|use local  
[2023/05/06 19:39:55 049] tts        527  0  nil  1  
[2023/05/06 19:39:55 050] tts        657  TTS_MSG_GETAUDIO  0  
[2023/05/06 19:39:55 051] tts        485  get audio|use local  
[2023/05/06 19:39:55 051] tts        527  0  nil  1  
[2023/05/06 19:39:55 052] tts        657  TTS_MSG_GETAUDIO  0  
[2023/05/06 19:39:55 052] tts        485  get audio|use local  
[2023/05/06 19:39:55 052] tts        527  0  nil  1  
[2023/05/06 19:39:55 054] tts        657  TTS_MSG_GETAUDIO  0  
[2023/05/06 19:39:55 054] tts        485  get audio|use local  
[2023/05/06 19:39:55 054] tts        527  0  nil  1  
[2023/05/06 19:39:55 055] tts        657  TTS_MSG_GETAUDIO  0  
[2023/05/06 19:39:55 055] tts        485  get audio|use local  
[2023/05/06 19:39:55 055] tts        527  0  nil  1  
[2023/05/06 19:39:55 056] tts        657  TTS_MSG_GETAUDIO  0  
[2023/05/06 19:39:55 056] tts        485  get audio|use local  
[2023/05/06 19:39:55 057] tts        527  0  nil  1  
[2023/05/06 19:39:55 057] tts        299  TTS_LOCAL_CB_BEGIN  
[2023/05/06 19:39:55 058] tts        657  TTS_MSG_GETAUDIO  0  
[2023/05/06 19:39:55 058] tts        485  get audio|use local  
[2023/05/06 19:39:55 058] tts        527  0  nil  1  
[2023/05/06 19:39:55 059] tts        657  TTS_MSG_GETAUDIO  0  
[2023/05/06 19:39:55 059] tts        485  get audio|use local  
[2023/05/06 19:39:55 059] tts        527  0  nil  1  
[2023/05/06 19:39:55 060] tts        657  TTS_MSG_GETAUDIO  0  
[2023/05/06 19:39:55 060] tts        485  get audio|use local  
[2023/05/06 19:39:55 060] tts        527  0  nil  1  
[2023/05/06 19:39:55 060] tts        657  TTS_MSG_GETAUDIO  0  
[2023/05/06 19:39:55 061] tts        485  get audio|use local  
[2023/05/06 19:39:55 061] tts        527  0  nil  1  
[2023/05/06 19:39:55 062] tts        657  TTS_MSG_GETAUDIO  0  
[2023/05/06 19:39:55 063] tts        485  get audio|use local  
[2023/05/06 19:39:55 063] tts        498  local audiolen:  2024  ,ced:  25  
[2023/05/06 19:39:55 063] tts        527  0  udata(8407ea78) 1  
[2023/05/06 19:39:55 064] tts        657  TTS_MSG_GETAUDIO  0  
[2023/05/06 19:39:55 065] tts        485  get audio|use local  
[2023/05/06 19:39:55 065] tts        498  local audiolen:  1964  ,ced:  25  
[2023/05/06 19:39:55 065] tts        527  0  udata(8407ec88) 1  
[2023/05/06 19:39:55 068] tts        657  TTS_MSG_GETAUDIO  0  
[2023/05/06 19:39:55 068] tts        485  get audio|use local  
[2023/05/06 19:39:55 068] tts        498  local audiolen:  2024  ,ced:  25  
[2023/05/06 19:39:55 069] tts        527  0  udata(84087918) 1  
[2023/05/06 19:39:55 071] tts        657  TTS_MSG_GETAUDIO  0  
[2023/05/06 19:39:55 072] tts        485  get audio|use local  
[2023/05/06 19:39:55 072] tts        498  local audiolen:  2010  ,ced:  25  
[2023/05/06 19:39:55 072] tts        527  0  udata(84086f68) 1  
[2023/05/06 19:39:55 074] tts        657  TTS_MSG_GETAUDIO  0  
[2023/05/06 19:39:55 074] tts        485  get audio|use local  
[2023/05/06 19:39:55 074] tts        498  local audiolen:  2016  ,ced:  25  
[2023/05/06 19:39:55 074] tts        527  0  udata(840872c8) 1  
[2023/05/06 19:39:55 076] tts        657  TTS_MSG_GETAUDIO  0  
[2023/05/06 19:39:55 076] tts        485  get audio|use local  
[2023/05/06 19:39:55 076] tts        498  local audiolen:  2044  ,ced:  25  
[2023/05/06 19:39:55 076] tts        527  0  udata(84087418) 1  
[2023/05/06 19:39:55 079] tts        657  TTS_MSG_GETAUDIO  0  
[2023/05/06 19:39:55 079] tts        485  get audio|use local  
[2023/05/06 19:39:55 079] tts        498  local audiolen:  1932  ,ced:  25  
[2023/05/06 19:39:55 079] tts        527  0  udata(8407d488) 1  
[2023/05/06 19:39:55 080] tts        657  TTS_MSG_GETAUDIO  0  
[2023/05/06 19:39:55 081] tts        485  get audio|use local  
[2023/05/06 19:39:55 081] tts        498  local audiolen:  1926  ,ced:  25  
[2023/05/06 19:39:55 081] tts        527  0  udata(8407cce8) 1  
[2023/05/06 19:39:55 082] tts        657  TTS_MSG_GETAUDIO  0  
[2023/05/06 19:39:55 083] tts        485  get audio|use local  
[2023/05/06 19:39:55 083] tts        498  local audiolen:  2032  ,ced:  25  
[2023/05/06 19:39:55 083] tts        527  0  udata(8407e6e8) 1  
[2023/05/06 19:39:55 086] tts        657  TTS_MSG_GETAUDIO  0  
[2023/05/06 19:39:55 086] tts        485  get audio|use local  
[2023/05/06 19:39:55 087] tts        498  local audiolen:  2024  ,ced:  25  
[2023/05/06 19:39:55 087] tts        527  0  udata(8407d0a8) 1  
[2023/05/06 19:39:55 089] tts        301  0  0  
[2023/05/06 19:39:55 089] tts        312  TTS_LOCAL_CB_END,  2  
[2023/05/06 19:39:55 089] tts        657  TTS_MSG_GETAUDIO  0  
[2023/05/06 19:39:55 089] tts        485  get audio|use local  
[2023/05/06 19:39:55 089] tts        498  local audiolen:  1978  ,ced:  25  
[2023/05/06 19:39:55 089] tts        527  0  udata(8407d6f8) 1  
[2023/05/06 19:39:55 090] tts        657  TTS_MSG_GETAUDIO  0  
[2023/05/06 19:39:55 090] tts        485  get audio|use local  
[2023/05/06 19:39:55 090] tts        498  local audiolen:  1938  ,ced:  25  
[2023/05/06 19:39:55 090] tts        527  0  udata(8407d748) 1  
[2023/05/06 19:39:55 091] tts        657  TTS_MSG_GETAUDIO  0  
[2023/05/06 19:39:55 091] tts        485  get audio|use local  
[2023/05/06 19:39:55 091] tts        498  local audiolen:  1990  ,ced:  25  
[2023/05/06 19:39:55 091] tts        527  0  udata(8407d798) 1  
[2023/05/06 19:39:55 092] tts        657  TTS_MSG_GETAUDIO  0  
[2023/05/06 19:39:55 092] tts        485  get audio|use local  
[2023/05/06 19:39:55 093] tts        498  local audiolen:  1982  ,ced:  25  
[2023/05/06 19:39:55 093] tts        527  0  udata(8407d7e8) 1  
[2023/05/06 19:39:55 094] tts        657  TTS_MSG_GETAUDIO  0  
[2023/05/06 19:39:55 094] tts        485  get audio|use local  
[2023/05/06 19:39:55 094] tts        498  local audiolen:  1982  ,ced:  25  
[2023/05/06 19:39:55 094] tts        527  0  udata(8407d838) 1  
[2023/05/06 19:39:55 100] tts        657  TTS_MSG_GETAUDIO  0  
[2023/05/06 19:39:55 100] tts        485  get audio|use local  
[2023/05/06 19:39:55 100] tts        498  local audiolen:  1968  ,ced:  25  
[2023/05/06 19:39:55 100] tts        527  0  udata(8407d888) 1  
[2023/05/06 19:39:55 101] tts        657  TTS_MSG_GETAUDIO  0  
[2023/05/06 19:39:55 101] tts        485  get audio|use local  
[2023/05/06 19:39:55 102] tts        498  local audiolen:  1982  ,ced:  25  
[2023/05/06 19:39:55 102] tts        527  0  udata(8407d8d8) 1  
[2023/05/06 19:39:55 104] tts        657  TTS_MSG_GETAUDIO  0  
[2023/05/06 19:39:55 104] tts        485  get audio|use local  
[2023/05/06 19:39:55 104] tts        498  local audiolen:  2024  ,ced:  25  
[2023/05/06 19:39:55 104] tts        527  0  udata(8407d928) 1  
[2023/05/06 19:39:55 104] tts        657  TTS_MSG_GETAUDIO  0  
[2023/05/06 19:39:55 104] tts        485  get audio|use local  
[2023/05/06 19:39:55 105] tts        498  local audiolen:  1952  ,ced:  25  
[2023/05/06 19:39:55 105] tts        527  0  udata(8407d978) 1  
[2023/05/06 19:39:55 105] tts        657  TTS_MSG_GETAUDIO  0  
[2023/05/06 19:39:55 105] tts        485  get audio|use local  
[2023/05/06 19:39:55 105] tts        498  local audiolen:  1920  ,ced:  25  
[2023/05/06 19:39:55 106] tts        527  0  udata(8407d9c8) 1  
[2023/05/06 19:39:55 106] tts        657  TTS_MSG_GETAUDIO  0  
[2023/05/06 19:39:55 106] tts        485  get audio|use local  
[2023/05/06 19:39:55 106] tts        498  local audiolen:  2014  ,ced:  25  
[2023/05/06 19:39:55 106] tts        527  0  udata(8407da18) 1  
[2023/05/06 19:39:55 107] tts        657  TTS_MSG_GETAUDIO  0  
[2023/05/06 19:39:55 107] tts        485  get audio|use local  
[2023/05/06 19:39:55 107] tts        498  local audiolen:  478  ,ced:  25  
[2023/05/06 19:39:55 107] tts        527  0  udata(8407da68) 2  
[2023/05/06 19:39:55 109] tts        660  TTS_MSG_SSE  
[2023/05/06 19:39:55 110] tts        585  sse|use local  
[2023/05/06 19:39:55 111] tts        603  tts exit  
