============================================================
Time  2023/03/19 20:19:36 722 
============================================================
[2023/03/19 20:19:36 722] tts        676  SYS_MSG_REGCB param0 =  msp_status_cb  param1 =  func(90014a30) 
[2023/03/19 20:19:36 727] config     43   use general cloud  
[2023/03/19 20:19:36 733] tts_cloud  1417 SYS_MSG_REGCB_CLOUD param0 =   msp_status_cb  param1 =  func(90014a30) 
[2023/03/19 20:19:36 734] tts        647  TTS_MSG_SSB  
[2023/03/19 20:19:36 734] tts        375  params =  engine_type = local,voice_name=xiaoyan, text_encoding = UTF8, tts_res_path = fo|res/tts/xiaoyan.jet;fo|res/tts/common.jet, sample_rate = 16000, speed = 50, volume = 50, pitch = 50, rdn = 2  
[2023/03/19 20:19:36 734] tts        412  ssb|use local  
[2023/03/19 20:19:36 734] tts        349  local_session_begin  
[2023/03/19 20:19:36 748] tts        654  TTS_MSG_SYN  0  
[2023/03/19 20:19:36 749] tts        451  synth|use local  
[2023/03/19 20:19:36 753] tts        657  TTS_MSG_GETAUDIO  0  
[2023/03/19 20:19:36 753] tts        485  get audio|use local  
[2023/03/19 20:19:36 753] tts        527  0  nil  1  
[2023/03/19 20:19:36 754] tts        657  TTS_MSG_GETAUDIO  0  
[2023/03/19 20:19:36 754] tts        485  get audio|use local  
[2023/03/19 20:19:36 754] tts        527  0  nil  1  
[2023/03/19 20:19:36 760] tts        657  TTS_MSG_GETAUDIO  0  
[2023/03/19 20:19:36 760] tts        485  get audio|use local  
[2023/03/19 20:19:36 760] tts        527  0  nil  1  
[2023/03/19 20:19:36 763] tts        657  TTS_MSG_GETAUDIO  0  
[2023/03/19 20:19:36 763] tts        485  get audio|use local  
[2023/03/19 20:19:36 763] tts        527  0  nil  1  
[2023/03/19 20:19:36 764] tts        657  TTS_MSG_GETAUDIO  0  
[2023/03/19 20:19:36 764] tts        485  get audio|use local  
[2023/03/19 20:19:36 764] tts        527  0  nil  1  
[2023/03/19 20:19:36 765] tts        657  TTS_MSG_GETAUDIO  0  
[2023/03/19 20:19:36 765] tts        485  get audio|use local  
[2023/03/19 20:19:36 765] tts        527  0  nil  1  
[2023/03/19 20:19:36 765] tts        657  TTS_MSG_GETAUDIO  0  
[2023/03/19 20:19:36 766] tts        485  get audio|use local  
[2023/03/19 20:19:36 766] tts        527  0  nil  1  
[2023/03/19 20:19:36 766] tts        657  TTS_MSG_GETAUDIO  0  
[2023/03/19 20:19:36 766] tts        485  get audio|use local  
[2023/03/19 20:19:36 766] tts        527  0  nil  1  
[2023/03/19 20:19:36 768] tts        657  TTS_MSG_GETAUDIO  0  
[2023/03/19 20:19:36 768] tts        485  get audio|use local  
[2023/03/19 20:19:36 768] tts        527  0  nil  1  
[2023/03/19 20:19:36 773] tts        657  TTS_MSG_GETAUDIO  0  
[2023/03/19 20:19:36 773] tts        485  get audio|use local  
[2023/03/19 20:19:36 773] tts        527  0  nil  1  
[2023/03/19 20:19:36 774] tts        657  TTS_MSG_GETAUDIO  0  
[2023/03/19 20:19:36 774] tts        485  get audio|use local  
[2023/03/19 20:19:36 774] tts        527  0  nil  1  
[2023/03/19 20:19:36 775] tts        657  TTS_MSG_GETAUDIO  0  
[2023/03/19 20:19:36 775] tts        485  get audio|use local  
[2023/03/19 20:19:36 775] tts        527  0  nil  1  
[2023/03/19 20:19:36 776] tts        657  TTS_MSG_GETAUDIO  0  
[2023/03/19 20:19:36 776] tts        485  get audio|use local  
[2023/03/19 20:19:36 776] tts        527  0  nil  1  
[2023/03/19 20:19:36 778] tts        657  TTS_MSG_GETAUDIO  0  
[2023/03/19 20:19:36 778] tts        485  get audio|use local  
[2023/03/19 20:19:36 778] tts        527  0  nil  1  
[2023/03/19 20:19:36 779] tts        657  TTS_MSG_GETAUDIO  0  
[2023/03/19 20:19:36 779] tts        485  get audio|use local  
[2023/03/19 20:19:36 779] tts        527  0  nil  1  
[2023/03/19 20:19:36 782] tts        657  TTS_MSG_GETAUDIO  0  
[2023/03/19 20:19:36 782] tts        485  get audio|use local  
[2023/03/19 20:19:36 782] tts        527  0  nil  1  
[2023/03/19 20:19:36 783] tts        657  TTS_MSG_GETAUDIO  0  
[2023/03/19 20:19:36 783] tts        485  get audio|use local  
[2023/03/19 20:19:36 783] tts        527  0  nil  1  
[2023/03/19 20:19:36 784] tts        657  TTS_MSG_GETAUDIO  0  
[2023/03/19 20:19:36 784] tts        485  get audio|use local  
[2023/03/19 20:19:36 784] tts        527  0  nil  1  
[2023/03/19 20:19:36 787] tts        657  TTS_MSG_GETAUDIO  0  
[2023/03/19 20:19:36 788] tts        485  get audio|use local  
[2023/03/19 20:19:36 788] tts        527  0  nil  1  
[2023/03/19 20:19:36 793] tts        657  TTS_MSG_GETAUDIO  0  
[2023/03/19 20:19:36 793] tts        485  get audio|use local  
[2023/03/19 20:19:36 794] tts        527  0  nil  1  
[2023/03/19 20:19:36 796] tts        657  TTS_MSG_GETAUDIO  0  
[2023/03/19 20:19:36 796] tts        485  get audio|use local  
[2023/03/19 20:19:36 796] tts        527  0  nil  1  
[2023/03/19 20:19:36 797] tts        657  TTS_MSG_GETAUDIO  0  
[2023/03/19 20:19:36 797] tts        485  get audio|use local  
[2023/03/19 20:19:36 797] tts        527  0  nil  1  
[2023/03/19 20:19:36 798] tts        657  TTS_MSG_GETAUDIO  0  
[2023/03/19 20:19:36 798] tts        485  get audio|use local  
[2023/03/19 20:19:36 798] tts        527  0  nil  1  
[2023/03/19 20:19:36 799] tts        657  TTS_MSG_GETAUDIO  0  
[2023/03/19 20:19:36 799] tts        485  get audio|use local  
[2023/03/19 20:19:36 799] tts        527  0  nil  1  
[2023/03/19 20:19:36 800] tts        657  TTS_MSG_GETAUDIO  0  
[2023/03/19 20:19:36 800] tts        485  get audio|use local  
[2023/03/19 20:19:36 800] tts        527  0  nil  1  
[2023/03/19 20:19:36 800] tts        657  TTS_MSG_GETAUDIO  0  
[2023/03/19 20:19:36 800] tts        485  get audio|use local  
[2023/03/19 20:19:36 801] tts        527  0  nil  1  
[2023/03/19 20:19:36 801] tts        657  TTS_MSG_GETAUDIO  0  
[2023/03/19 20:19:36 801] tts        485  get audio|use local  
[2023/03/19 20:19:36 801] tts        527  0  nil  1  
[2023/03/19 20:19:36 802] tts        657  TTS_MSG_GETAUDIO  0  
[2023/03/19 20:19:36 802] tts        485  get audio|use local  
[2023/03/19 20:19:36 802] tts        527  0  nil  1  
[2023/03/19 20:19:36 803] tts        657  TTS_MSG_GETAUDIO  0  
[2023/03/19 20:19:36 803] tts        485  get audio|use local  
[2023/03/19 20:19:36 803] tts        527  0  nil  1  
[2023/03/19 20:19:36 804] tts        657  TTS_MSG_GETAUDIO  0  
[2023/03/19 20:19:36 804] tts        485  get audio|use local  
[2023/03/19 20:19:36 804] tts        527  0  nil  1  
[2023/03/19 20:19:36 805] tts        657  TTS_MSG_GETAUDIO  0  
[2023/03/19 20:19:36 806] tts        485  get audio|use local  
[2023/03/19 20:19:36 806] tts        527  0  nil  1  
[2023/03/19 20:19:36 809] tts        657  TTS_MSG_GETAUDIO  0  
[2023/03/19 20:19:36 809] tts        485  get audio|use local  
[2023/03/19 20:19:36 810] tts        527  0  nil  1  
[2023/03/19 20:19:36 811] tts        657  TTS_MSG_GETAUDIO  0  
[2023/03/19 20:19:36 811] tts        485  get audio|use local  
[2023/03/19 20:19:36 811] tts        527  0  nil  1  
[2023/03/19 20:19:36 813] tts        657  TTS_MSG_GETAUDIO  0  
[2023/03/19 20:19:36 813] tts        485  get audio|use local  
[2023/03/19 20:19:36 813] tts        527  0  nil  1  
[2023/03/19 20:19:36 814] tts        657  TTS_MSG_GETAUDIO  0  
[2023/03/19 20:19:36 814] tts        485  get audio|use local  
[2023/03/19 20:19:36 814] tts        527  0  nil  1  
[2023/03/19 20:19:36 816] tts        657  TTS_MSG_GETAUDIO  0  
[2023/03/19 20:19:36 816] tts        485  get audio|use local  
[2023/03/19 20:19:36 816] tts        527  0  nil  1  
[2023/03/19 20:19:36 822] tts        657  TTS_MSG_GETAUDIO  0  
[2023/03/19 20:19:36 822] tts        485  get audio|use local  
[2023/03/19 20:19:36 822] tts        527  0  nil  1  
[2023/03/19 20:19:36 824] tts        657  TTS_MSG_GETAUDIO  0  
[2023/03/19 20:19:36 824] tts        485  get audio|use local  
[2023/03/19 20:19:36 824] tts        527  0  nil  1  
[2023/03/19 20:19:36 825] tts        657  TTS_MSG_GETAUDIO  0  
[2023/03/19 20:19:36 825] tts        485  get audio|use local  
[2023/03/19 20:19:36 825] tts        527  0  nil  1  
[2023/03/19 20:19:36 826] tts        657  TTS_MSG_GETAUDIO  0  
[2023/03/19 20:19:36 826] tts        485  get audio|use local  
[2023/03/19 20:19:36 826] tts        527  0  nil  1  
[2023/03/19 20:19:36 826] tts        657  TTS_MSG_GETAUDIO  0  
[2023/03/19 20:19:36 826] tts        485  get audio|use local  
[2023/03/19 20:19:36 827] tts        527  0  nil  1  
[2023/03/19 20:19:36 827] tts        657  TTS_MSG_GETAUDIO  0  
[2023/03/19 20:19:36 827] tts        485  get audio|use local  
[2023/03/19 20:19:36 827] tts        527  0  nil  1  
[2023/03/19 20:19:36 828] tts        657  TTS_MSG_GETAUDIO  0  
[2023/03/19 20:19:36 828] tts        485  get audio|use local  
[2023/03/19 20:19:36 828] tts        527  0  nil  1  
[2023/03/19 20:19:36 829] tts        657  TTS_MSG_GETAUDIO  0  
[2023/03/19 20:19:36 829] tts        485  get audio|use local  
[2023/03/19 20:19:36 829] tts        527  0  nil  1  
[2023/03/19 20:19:36 830] tts        657  TTS_MSG_GETAUDIO  0  
[2023/03/19 20:19:36 830] tts        485  get audio|use local  
[2023/03/19 20:19:36 830] tts        527  0  nil  1  
[2023/03/19 20:19:36 831] tts        657  TTS_MSG_GETAUDIO  0  
[2023/03/19 20:19:36 836] tts        485  get audio|use local  
[2023/03/19 20:19:36 839] tts        527  0  nil  1  
[2023/03/19 20:19:36 840] tts        657  TTS_MSG_GETAUDIO  0  
[2023/03/19 20:19:36 840] tts        485  get audio|use local  
[2023/03/19 20:19:36 840] tts        527  0  nil  1  
[2023/03/19 20:19:36 843] tts        657  TTS_MSG_GETAUDIO  0  
[2023/03/19 20:19:36 844] tts        485  get audio|use local  
[2023/03/19 20:19:36 844] tts        527  0  nil  1  
[2023/03/19 20:19:36 845] tts        657  TTS_MSG_GETAUDIO  0  
[2023/03/19 20:19:36 845] tts        485  get audio|use local  
[2023/03/19 20:19:36 845] tts        527  0  nil  1  
[2023/03/19 20:19:36 846] tts        657  TTS_MSG_GETAUDIO  0  
[2023/03/19 20:19:36 846] tts        485  get audio|use local  
[2023/03/19 20:19:36 846] tts        527  0  nil  1  
[2023/03/19 20:19:36 847] tts        657  TTS_MSG_GETAUDIO  0  
[2023/03/19 20:19:36 847] tts        485  get audio|use local  
[2023/03/19 20:19:36 848] tts        527  0  nil  1  
[2023/03/19 20:19:36 848] tts        657  TTS_MSG_GETAUDIO  0  
[2023/03/19 20:19:36 848] tts        485  get audio|use local  
[2023/03/19 20:19:36 849] tts        527  0  nil  1  
[2023/03/19 20:19:36 849] tts        657  TTS_MSG_GETAUDIO  0  
[2023/03/19 20:19:36 850] tts        485  get audio|use local  
[2023/03/19 20:19:36 850] tts        527  0  nil  1  
[2023/03/19 20:19:36 851] tts        657  TTS_MSG_GETAUDIO  0  
[2023/03/19 20:19:36 851] tts        485  get audio|use local  
[2023/03/19 20:19:36 851] tts        527  0  nil  1  
[2023/03/19 20:19:36 852] tts        657  TTS_MSG_GETAUDIO  0  
[2023/03/19 20:19:36 852] tts        485  get audio|use local  
[2023/03/19 20:19:36 853] tts        527  0  nil  1  
[2023/03/19 20:19:36 854] tts        657  TTS_MSG_GETAUDIO  0  
[2023/03/19 20:19:36 854] tts        485  get audio|use local  
[2023/03/19 20:19:36 854] tts        527  0  nil  1  
[2023/03/19 20:19:36 855] tts        657  TTS_MSG_GETAUDIO  0  
[2023/03/19 20:19:36 855] tts        485  get audio|use local  
[2023/03/19 20:19:36 855] tts        527  0  nil  1  
[2023/03/19 20:19:36 857] tts        657  TTS_MSG_GETAUDIO  0  
[2023/03/19 20:19:36 857] tts        485  get audio|use local  
[2023/03/19 20:19:36 857] tts        527  0  nil  1  
[2023/03/19 20:19:36 858] tts        657  TTS_MSG_GETAUDIO  0  
[2023/03/19 20:19:36 859] tts        485  get audio|use local  
[2023/03/19 20:19:36 859] tts        527  0  nil  1  
[2023/03/19 20:19:36 861] tts        657  TTS_MSG_GETAUDIO  0  
[2023/03/19 20:19:36 861] tts        485  get audio|use local  
[2023/03/19 20:19:36 861] tts        527  0  nil  1  
[2023/03/19 20:19:36 863] tts        657  TTS_MSG_GETAUDIO  0  
[2023/03/19 20:19:36 863] tts        485  get audio|use local  
[2023/03/19 20:19:36 863] tts        527  0  nil  1  
[2023/03/19 20:19:36 877] tts        657  TTS_MSG_GETAUDIO  0  
[2023/03/19 20:19:36 877] tts        485  get audio|use local  
[2023/03/19 20:19:36 877] tts        527  0  nil  1  
[2023/03/19 20:19:36 878] tts        299  TTS_LOCAL_CB_BEGIN  
[2023/03/19 20:19:36 879] tts        657  TTS_MSG_GETAUDIO  0  
[2023/03/19 20:19:36 879] tts        485  get audio|use local  
[2023/03/19 20:19:36 879] tts        527  0  nil  1  
[2023/03/19 20:19:36 880] tts        657  TTS_MSG_GETAUDIO  0  
[2023/03/19 20:19:36 880] tts        485  get audio|use local  
[2023/03/19 20:19:36 880] tts        527  0  nil  1  
[2023/03/19 20:19:36 882] tts        657  TTS_MSG_GETAUDIO  0  
[2023/03/19 20:19:36 882] tts        485  get audio|use local  
[2023/03/19 20:19:36 882] tts        527  0  nil  1  
[2023/03/19 20:19:36 882] tts        657  TTS_MSG_GETAUDIO  0  
[2023/03/19 20:19:36 883] tts        485  get audio|use local  
[2023/03/19 20:19:36 883] tts        527  0  nil  1  
[2023/03/19 20:19:36 904] tts        657  TTS_MSG_GETAUDIO  0  
[2023/03/19 20:19:36 904] tts        485  get audio|use local  
[2023/03/19 20:19:36 904] tts        527  0  nil  1  
[2023/03/19 20:19:36 905] tts        657  TTS_MSG_GETAUDIO  0  
[2023/03/19 20:19:36 905] tts        485  get audio|use local  
[2023/03/19 20:19:36 905] tts        527  0  nil  1  
[2023/03/19 20:19:36 907] tts        657  TTS_MSG_GETAUDIO  0  
[2023/03/19 20:19:36 907] tts        485  get audio|use local  
[2023/03/19 20:19:36 907] tts        527  0  nil  1  
[2023/03/19 20:19:36 908] tts        657  TTS_MSG_GETAUDIO  0  
[2023/03/19 20:19:36 908] tts        485  get audio|use local  
[2023/03/19 20:19:36 908] tts        527  0  nil  1  
[2023/03/19 20:19:36 909] tts        657  TTS_MSG_GETAUDIO  0  
[2023/03/19 20:19:36 909] tts        485  get audio|use local  
[2023/03/19 20:19:36 910] tts        527  0  nil  1  
[2023/03/19 20:19:36 912] tts        657  TTS_MSG_GETAUDIO  0  
[2023/03/19 20:19:36 912] tts        485  get audio|use local  
[2023/03/19 20:19:36 913] tts        527  0  nil  1  
[2023/03/19 20:19:36 914] tts        657  TTS_MSG_GETAUDIO  0  
[2023/03/19 20:19:36 914] tts        485  get audio|use local  
[2023/03/19 20:19:36 914] tts        527  0  nil  1  
[2023/03/19 20:19:36 915] tts        657  TTS_MSG_GETAUDIO  0  
[2023/03/19 20:19:36 915] tts        485  get audio|use local  
[2023/03/19 20:19:36 915] tts        527  0  nil  1  
[2023/03/19 20:19:36 916] tts        657  TTS_MSG_GETAUDIO  0  
[2023/03/19 20:19:36 916] tts        485  get audio|use local  
[2023/03/19 20:19:36 916] tts        527  0  nil  1  
[2023/03/19 20:19:36 917] tts        657  TTS_MSG_GETAUDIO  0  
[2023/03/19 20:19:36 917] tts        485  get audio|use local  
[2023/03/19 20:19:36 917] tts        527  0  nil  1  
[2023/03/19 20:19:36 918] tts        657  TTS_MSG_GETAUDIO  0  
[2023/03/19 20:19:36 918] tts        485  get audio|use local  
[2023/03/19 20:19:36 918] tts        527  0  nil  1  
[2023/03/19 20:19:36 919] tts        657  TTS_MSG_GETAUDIO  0  
[2023/03/19 20:19:36 919] tts        485  get audio|use local  
[2023/03/19 20:19:36 919] tts        527  0  nil  1  
[2023/03/19 20:19:36 920] tts        657  TTS_MSG_GETAUDIO  0  
[2023/03/19 20:19:36 920] tts        485  get audio|use local  
[2023/03/19 20:19:36 921] tts        527  0  nil  1  
[2023/03/19 20:19:36 921] tts        657  TTS_MSG_GETAUDIO  0  
[2023/03/19 20:19:36 922] tts        485  get audio|use local  
[2023/03/19 20:19:36 922] tts        527  0  nil  1  
[2023/03/19 20:19:36 923] tts        657  TTS_MSG_GETAUDIO  0  
[2023/03/19 20:19:36 923] tts        485  get audio|use local  
[2023/03/19 20:19:36 923] tts        527  0  nil  1  
[2023/03/19 20:19:36 924] tts        657  TTS_MSG_GETAUDIO  0  
[2023/03/19 20:19:36 924] tts        485  get audio|use local  
[2023/03/19 20:19:36 924] tts        527  0  nil  1  
[2023/03/19 20:19:36 925] tts        657  TTS_MSG_GETAUDIO  0  
[2023/03/19 20:19:36 925] tts        485  get audio|use local  
[2023/03/19 20:19:36 925] tts        527  0  nil  1  
[2023/03/19 20:19:36 927] tts        657  TTS_MSG_GETAUDIO  0  
[2023/03/19 20:19:36 927] tts        485  get audio|use local  
[2023/03/19 20:19:36 931] tts        527  0  nil  1  
[2023/03/19 20:19:36 932] tts        657  TTS_MSG_GETAUDIO  0  
[2023/03/19 20:19:36 932] tts        485  get audio|use local  
[2023/03/19 20:19:36 932] tts        527  0  nil  1  
[2023/03/19 20:19:36 933] tts        657  TTS_MSG_GETAUDIO  0  
[2023/03/19 20:19:36 933] tts        485  get audio|use local  
[2023/03/19 20:19:36 933] tts        527  0  nil  1  
[2023/03/19 20:19:36 934] tts        657  TTS_MSG_GETAUDIO  0  
[2023/03/19 20:19:36 934] tts        485  get audio|use local  
[2023/03/19 20:19:36 934] tts        527  0  nil  1  
[2023/03/19 20:19:36 935] tts        657  TTS_MSG_GETAUDIO  0  
[2023/03/19 20:19:36 935] tts        485  get audio|use local  
[2023/03/19 20:19:36 935] tts        527  0  nil  1  
[2023/03/19 20:19:36 937] tts        657  TTS_MSG_GETAUDIO  0  
[2023/03/19 20:19:36 937] tts        485  get audio|use local  
[2023/03/19 20:19:36 937] tts        527  0  nil  1  
[2023/03/19 20:19:36 938] tts        657  TTS_MSG_GETAUDIO  0  
[2023/03/19 20:19:36 938] tts        485  get audio|use local  
[2023/03/19 20:19:36 938] tts        527  0  nil  1  
[2023/03/19 20:19:36 939] tts        657  TTS_MSG_GETAUDIO  0  
[2023/03/19 20:19:36 939] tts        485  get audio|use local  
[2023/03/19 20:19:36 939] tts        527  0  nil  1  
[2023/03/19 20:19:36 941] tts        657  TTS_MSG_GETAUDIO  0  
[2023/03/19 20:19:36 942] tts        485  get audio|use local  
[2023/03/19 20:19:36 942] tts        527  0  nil  1  
[2023/03/19 20:19:36 942] tts        657  TTS_MSG_GETAUDIO  0  
[2023/03/19 20:19:36 942] tts        485  get audio|use local  
[2023/03/19 20:19:36 943] tts        527  0  nil  1  
[2023/03/19 20:19:36 943] tts        657  TTS_MSG_GETAUDIO  0  
[2023/03/19 20:19:36 943] tts        485  get audio|use local  
[2023/03/19 20:19:36 944] tts        527  0  nil  1  
[2023/03/19 20:19:36 944] tts        657  TTS_MSG_GETAUDIO  0  
[2023/03/19 20:19:36 944] tts        485  get audio|use local  
[2023/03/19 20:19:36 945] tts        527  0  nil  1  
[2023/03/19 20:19:36 945] tts        657  TTS_MSG_GETAUDIO  0  
[2023/03/19 20:19:36 945] tts        485  get audio|use local  
[2023/03/19 20:19:36 945] tts        527  0  nil  1  
[2023/03/19 20:19:36 946] tts        657  TTS_MSG_GETAUDIO  0  
[2023/03/19 20:19:36 946] tts        485  get audio|use local  
[2023/03/19 20:19:36 946] tts        527  0  nil  1  
[2023/03/19 20:19:36 947] tts        657  TTS_MSG_GETAUDIO  0  
[2023/03/19 20:19:36 947] tts        485  get audio|use local  
[2023/03/19 20:19:36 947] tts        527  0  nil  1  
[2023/03/19 20:19:36 948] tts        657  TTS_MSG_GETAUDIO  0  
[2023/03/19 20:19:36 948] tts        485  get audio|use local  
[2023/03/19 20:19:36 948] tts        527  0  nil  1  
[2023/03/19 20:19:36 949] tts        657  TTS_MSG_GETAUDIO  0  
[2023/03/19 20:19:36 949] tts        485  get audio|use local  
[2023/03/19 20:19:36 949] tts        527  0  nil  1  
[2023/03/19 20:19:36 950] tts        657  TTS_MSG_GETAUDIO  0  
[2023/03/19 20:19:36 950] tts        485  get audio|use local  
[2023/03/19 20:19:36 950] tts        527  0  nil  1  
[2023/03/19 20:19:36 951] tts        657  TTS_MSG_GETAUDIO  0  
[2023/03/19 20:19:36 951] tts        485  get audio|use local  
[2023/03/19 20:19:36 951] tts        527  0  nil  1  
[2023/03/19 20:19:36 951] tts        657  TTS_MSG_GETAUDIO  0  
[2023/03/19 20:19:36 952] tts        485  get audio|use local  
[2023/03/19 20:19:36 952] tts        527  0  nil  1  
[2023/03/19 20:19:36 952] tts        657  TTS_MSG_GETAUDIO  0  
[2023/03/19 20:19:36 952] tts        485  get audio|use local  
[2023/03/19 20:19:36 952] tts        527  0  nil  1  
[2023/03/19 20:19:36 953] tts        657  TTS_MSG_GETAUDIO  0  
[2023/03/19 20:19:36 953] tts        485  get audio|use local  
[2023/03/19 20:19:36 953] tts        527  0  nil  1  
[2023/03/19 20:19:36 954] tts        657  TTS_MSG_GETAUDIO  0  
[2023/03/19 20:19:36 954] tts        485  get audio|use local  
[2023/03/19 20:19:36 954] tts        527  0  nil  1  
[2023/03/19 20:19:36 955] tts        657  TTS_MSG_GETAUDIO  0  
[2023/03/19 20:19:36 955] tts        485  get audio|use local  
[2023/03/19 20:19:36 955] tts        527  0  nil  1  
[2023/03/19 20:19:36 956] tts        657  TTS_MSG_GETAUDIO  0  
[2023/03/19 20:19:36 956] tts        485  get audio|use local  
[2023/03/19 20:19:36 956] tts        527  0  nil  1  
[2023/03/19 20:19:36 965] tts        657  TTS_MSG_GETAUDIO  0  
[2023/03/19 20:19:36 965] tts        485  get audio|use local  
[2023/03/19 20:19:36 966] tts        527  0  nil  1  
[2023/03/19 20:19:36 966] tts        657  TTS_MSG_GETAUDIO  0  
[2023/03/19 20:19:36 968] tts        485  get audio|use local  
[2023/03/19 20:19:36 971] tts        527  0  nil  1  
[2023/03/19 20:19:36 972] tts        657  TTS_MSG_GETAUDIO  0  
[2023/03/19 20:19:36 972] tts        485  get audio|use local  
[2023/03/19 20:19:36 972] tts        527  0  nil  1  
[2023/03/19 20:19:36 973] tts        657  TTS_MSG_GETAUDIO  0  
[2023/03/19 20:19:36 973] tts        485  get audio|use local  
[2023/03/19 20:19:36 973] tts        527  0  nil  1  
[2023/03/19 20:19:36 974] tts        657  TTS_MSG_GETAUDIO  0  
[2023/03/19 20:19:36 974] tts        485  get audio|use local  
[2023/03/19 20:19:36 974] tts        527  0  nil  1  
[2023/03/19 20:19:36 975] tts        657  TTS_MSG_GETAUDIO  0  
[2023/03/19 20:19:36 975] tts        485  get audio|use local  
[2023/03/19 20:19:36 975] tts        527  0  nil  1  
[2023/03/19 20:19:36 976] tts        657  TTS_MSG_GETAUDIO  0  
[2023/03/19 20:19:36 976] tts        485  get audio|use local  
[2023/03/19 20:19:36 976] tts        527  0  nil  1  
[2023/03/19 20:19:36 979] tts        657  TTS_MSG_GETAUDIO  0  
[2023/03/19 20:19:36 980] tts        485  get audio|use local  
[2023/03/19 20:19:36 980] tts        527  0  nil  1  
[2023/03/19 20:19:36 980] tts        657  TTS_MSG_GETAUDIO  0  
[2023/03/19 20:19:36 980] tts        485  get audio|use local  
[2023/03/19 20:19:36 980] tts        527  0  nil  1  
[2023/03/19 20:19:36 981] tts        657  TTS_MSG_GETAUDIO  0  
[2023/03/19 20:19:36 981] tts        485  get audio|use local  
[2023/03/19 20:19:36 982] tts        527  0  nil  1  
[2023/03/19 20:19:36 982] tts        657  TTS_MSG_GETAUDIO  0  
[2023/03/19 20:19:36 983] tts        485  get audio|use local  
[2023/03/19 20:19:36 983] tts        527  0  nil  1  
[2023/03/19 20:19:36 983] tts        657  TTS_MSG_GETAUDIO  0  
[2023/03/19 20:19:36 983] tts        485  get audio|use local  
[2023/03/19 20:19:36 984] tts        527  0  nil  1  
[2023/03/19 20:19:36 985] tts        657  TTS_MSG_GETAUDIO  0  
[2023/03/19 20:19:36 985] tts        485  get audio|use local  
[2023/03/19 20:19:36 985] tts        527  0  nil  1  
[2023/03/19 20:19:36 985] tts        657  TTS_MSG_GETAUDIO  0  
[2023/03/19 20:19:36 985] tts        485  get audio|use local  
[2023/03/19 20:19:36 986] tts        527  0  nil  1  
[2023/03/19 20:19:36 986] tts        657  TTS_MSG_GETAUDIO  0  
[2023/03/19 20:19:36 987] tts        485  get audio|use local  
[2023/03/19 20:19:36 987] tts        527  0  nil  1  
[2023/03/19 20:19:36 987] tts        657  TTS_MSG_GETAUDIO  0  
[2023/03/19 20:19:36 987] tts        485  get audio|use local  
[2023/03/19 20:19:36 988] tts        527  0  nil  1  
[2023/03/19 20:19:36 996] tts        657  TTS_MSG_GETAUDIO  0  
[2023/03/19 20:19:36 996] tts        485  get audio|use local  
[2023/03/19 20:19:36 996] tts        527  0  nil  1  
[2023/03/19 20:19:36 997] tts        657  TTS_MSG_GETAUDIO  0  
[2023/03/19 20:19:36 997] tts        485  get audio|use local  
[2023/03/19 20:19:36 997] tts        527  0  nil  1  
[2023/03/19 20:19:36 998] tts        657  TTS_MSG_GETAUDIO  0  
[2023/03/19 20:19:36 998] tts        485  get audio|use local  
[2023/03/19 20:19:36 998] tts        527  0  nil  1  
[2023/03/19 20:19:37 000] tts        657  TTS_MSG_GETAUDIO  0  
[2023/03/19 20:19:37 001] tts        485  get audio|use local  
[2023/03/19 20:19:37 001] tts        527  0  nil  1  
[2023/03/19 20:19:37 001] tts        657  TTS_MSG_GETAUDIO  0  
[2023/03/19 20:19:37 001] tts        485  get audio|use local  
[2023/03/19 20:19:37 002] tts        527  0  nil  1  
[2023/03/19 20:19:37 003] tts        657  TTS_MSG_GETAUDIO  0  
[2023/03/19 20:19:37 003] tts        485  get audio|use local  
[2023/03/19 20:19:37 003] tts        527  0  nil  1  
[2023/03/19 20:19:37 004] tts        657  TTS_MSG_GETAUDIO  0  
[2023/03/19 20:19:37 004] tts        485  get audio|use local  
[2023/03/19 20:19:37 004] tts        527  0  nil  1  
[2023/03/19 20:19:37 005] tts        657  TTS_MSG_GETAUDIO  0  
[2023/03/19 20:19:37 006] tts        485  get audio|use local  
[2023/03/19 20:19:37 006] tts        527  0  nil  1  
[2023/03/19 20:19:37 007] tts        657  TTS_MSG_GETAUDIO  0  
[2023/03/19 20:19:37 007] tts        485  get audio|use local  
[2023/03/19 20:19:37 007] tts        527  0  nil  1  
[2023/03/19 20:19:37 008] tts        657  TTS_MSG_GETAUDIO  0  
[2023/03/19 20:19:37 008] tts        485  get audio|use local  
[2023/03/19 20:19:37 008] tts        527  0  nil  1  
[2023/03/19 20:19:37 009] tts        657  TTS_MSG_GETAUDIO  0  
[2023/03/19 20:19:37 010] tts        485  get audio|use local  
[2023/03/19 20:19:37 010] tts        527  0  nil  1  
[2023/03/19 20:19:37 010] tts        657  TTS_MSG_GETAUDIO  0  
[2023/03/19 20:19:37 011] tts        485  get audio|use local  
[2023/03/19 20:19:37 011] tts        527  0  nil  1  
[2023/03/19 20:19:37 014] tts        657  TTS_MSG_GETAUDIO  0  
[2023/03/19 20:19:37 017] tts        485  get audio|use local  
[2023/03/19 20:19:37 023] tts        527  0  nil  1  
[2023/03/19 20:19:37 031] tts        657  TTS_MSG_GETAUDIO  0  
[2023/03/19 20:19:37 031] tts        485  get audio|use local  
[2023/03/19 20:19:37 031] tts        527  0  nil  1  
[2023/03/19 20:19:37 032] tts        657  TTS_MSG_GETAUDIO  0  
[2023/03/19 20:19:37 032] tts        485  get audio|use local  
[2023/03/19 20:19:37 033] tts        527  0  nil  1  
[2023/03/19 20:19:37 034] tts        657  TTS_MSG_GETAUDIO  0  
[2023/03/19 20:19:37 034] tts        485  get audio|use local  
[2023/03/19 20:19:37 034] tts        527  0  nil  1  
[2023/03/19 20:19:37 035] tts        657  TTS_MSG_GETAUDIO  0  
[2023/03/19 20:19:37 035] tts        485  get audio|use local  
[2023/03/19 20:19:37 036] tts        527  0  nil  1  
[2023/03/19 20:19:37 037] tts        657  TTS_MSG_GETAUDIO  0  
[2023/03/19 20:19:37 037] tts        485  get audio|use local  
[2023/03/19 20:19:37 037] tts        527  0  nil  1  
[2023/03/19 20:19:37 038] tts        657  TTS_MSG_GETAUDIO  0  
[2023/03/19 20:19:37 038] tts        485  get audio|use local  
[2023/03/19 20:19:37 038] tts        527  0  nil  1  
[2023/03/19 20:19:37 040] tts        657  TTS_MSG_GETAUDIO  0  
[2023/03/19 20:19:37 040] tts        485  get audio|use local  
[2023/03/19 20:19:37 040] tts        527  0  nil  1  
[2023/03/19 20:19:37 074] tts        657  TTS_MSG_GETAUDIO  0  
[2023/03/19 20:19:37 074] tts        485  get audio|use local  
[2023/03/19 20:19:37 074] tts        527  0  nil  1  
[2023/03/19 20:19:37 077] tts        301  0  0  
[2023/03/19 20:19:37 077] tts        312  TTS_LOCAL_CB_END,  2  
[2023/03/19 20:19:37 078] tts        657  TTS_MSG_GETAUDIO  0  
[2023/03/19 20:19:37 078] tts        485  get audio|use local  
[2023/03/19 20:19:37 078] tts        498  local audiolen:  2042  ,ced:  6  
[2023/03/19 20:19:37 078] tts        527  0  udata(9007d718) 1  
[2023/03/19 20:19:37 082] tts        657  TTS_MSG_GETAUDIO  0  
[2023/03/19 20:19:37 082] tts        485  get audio|use local  
[2023/03/19 20:19:37 083] tts        498  local audiolen:  2016  ,ced:  6  
[2023/03/19 20:19:37 083] tts        527  0  udata(9007d768) 1  
[2023/03/19 20:19:37 084] tts        657  TTS_MSG_GETAUDIO  0  
[2023/03/19 20:19:37 084] tts        485  get audio|use local  
[2023/03/19 20:19:37 084] tts        498  local audiolen:  2000  ,ced:  6  
[2023/03/19 20:19:37 085] tts        527  0  udata(90087ba8) 1  
[2023/03/19 20:19:37 088] tts        657  TTS_MSG_GETAUDIO  0  
[2023/03/19 20:19:37 094] tts        485  get audio|use local  
[2023/03/19 20:19:37 094] tts        498  local audiolen:  1968  ,ced:  6  
[2023/03/19 20:19:37 094] tts        527  0  udata(90087bf8) 1  
[2023/03/19 20:19:37 095] tts        657  TTS_MSG_GETAUDIO  0  
[2023/03/19 20:19:37 095] tts        485  get audio|use local  
[2023/03/19 20:19:37 095] tts        498  local audiolen:  1970  ,ced:  6  
[2023/03/19 20:19:37 095] tts        527  0  udata(90087c48) 1  
[2023/03/19 20:19:37 096] tts        657  TTS_MSG_GETAUDIO  0  
[2023/03/19 20:19:37 096] tts        485  get audio|use local  
[2023/03/19 20:19:37 096] tts        498  local audiolen:  2016  ,ced:  6  
[2023/03/19 20:19:37 096] tts        527  0  udata(90087c98) 1  
[2023/03/19 20:19:37 098] tts        657  TTS_MSG_GETAUDIO  0  
[2023/03/19 20:19:37 098] tts        485  get audio|use local  
[2023/03/19 20:19:37 098] tts        498  local audiolen:  1874  ,ced:  6  
[2023/03/19 20:19:37 098] tts        527  0  udata(90087b38) 1  
[2023/03/19 20:19:37 099] tts        657  TTS_MSG_GETAUDIO  0  
[2023/03/19 20:19:37 099] tts        485  get audio|use local  
[2023/03/19 20:19:37 099] tts        498  local audiolen:  1918  ,ced:  6  
[2023/03/19 20:19:37 099] tts        527  0  udata(90087ce8) 1  
[2023/03/19 20:19:37 100] tts        657  TTS_MSG_GETAUDIO  0  
[2023/03/19 20:19:37 101] tts        485  get audio|use local  
[2023/03/19 20:19:37 101] tts        498  local audiolen:  1918  ,ced:  6  
[2023/03/19 20:19:37 101] tts        527  0  udata(90087d38) 1  
[2023/03/19 20:19:37 104] tts        657  TTS_MSG_GETAUDIO  0  
[2023/03/19 20:19:37 104] tts        485  get audio|use local  
[2023/03/19 20:19:37 104] tts        498  local audiolen:  1988  ,ced:  6  
[2023/03/19 20:19:37 104] tts        527  0  udata(90087d88) 1  
[2023/03/19 20:19:37 105] tts        657  TTS_MSG_GETAUDIO  0  
[2023/03/19 20:19:37 105] tts        485  get audio|use local  
[2023/03/19 20:19:37 105] tts        498  local audiolen:  1794  ,ced:  6  
[2023/03/19 20:19:37 105] tts        527  0  udata(90087ae8) 2  
[2023/03/19 20:19:37 107] tts        660  TTS_MSG_SSE  
[2023/03/19 20:19:37 108] tts        585  sse|use local  
[2023/03/19 20:19:37 109] tts        603  tts exit  
