============================================================
Time  2023/03/19 20:14:01 258 
============================================================
[2023/03/19 20:14:01 259] tts        676  SYS_MSG_REGCB param0 =  msp_status_cb  param1 =  func(98014a30) 
[2023/03/19 20:14:01 266] config     43   use general cloud  
[2023/03/19 20:14:01 272] tts_cloud  1417 SYS_MSG_REGCB_CLOUD param0 =   msp_status_cb  param1 =  func(98014a30) 
[2023/03/19 20:14:01 272] tts        647  TTS_MSG_SSB  
[2023/03/19 20:14:01 273] tts        375  params =  engine_type = local,voice_name=xiaoyan, text_encoding = UTF8, tts_res_path = fo|res/tts/xiaoyan.jet;fo|res/tts/common.jet, sample_rate = 16000, speed = 50, volume = 50, pitch = 50, rdn = 2  
[2023/03/19 20:14:01 273] tts        412  ssb|use local  
[2023/03/19 20:14:01 273] tts        349  local_session_begin  
[2023/03/19 20:14:01 276] tts        654  TTS_MSG_SYN  0  
[2023/03/19 20:14:01 276] tts        451  synth|use local  
[2023/03/19 20:14:01 277] tts        657  TTS_MSG_GETAUDIO  0  
[2023/03/19 20:14:01 277] tts        485  get audio|use local  
[2023/03/19 20:14:01 278] tts        527  0  nil  1  
[2023/03/19 20:14:01 278] tts        657  TTS_MSG_GETAUDIO  0  
[2023/03/19 20:14:01 278] tts        485  get audio|use local  
[2023/03/19 20:14:01 278] tts        527  0  nil  1  
[2023/03/19 20:14:01 279] tts        657  TTS_MSG_GETAUDIO  0  
[2023/03/19 20:14:01 279] tts        485  get audio|use local  
[2023/03/19 20:14:01 280] tts        527  0  nil  1  
[2023/03/19 20:14:01 281] tts        657  TTS_MSG_GETAUDIO  0  
[2023/03/19 20:14:01 281] tts        485  get audio|use local  
[2023/03/19 20:14:01 281] tts        527  0  nil  1  
[2023/03/19 20:14:01 282] tts        657  TTS_MSG_GETAUDIO  0  
[2023/03/19 20:14:01 282] tts        485  get audio|use local  
[2023/03/19 20:14:01 282] tts        527  0  nil  1  
[2023/03/19 20:14:01 283] tts        657  TTS_MSG_GETAUDIO  0  
[2023/03/19 20:14:01 283] tts        485  get audio|use local  
[2023/03/19 20:14:01 283] tts        527  0  nil  1  
[2023/03/19 20:14:01 283] tts        657  TTS_MSG_GETAUDIO  0  
[2023/03/19 20:14:01 284] tts        485  get audio|use local  
[2023/03/19 20:14:01 284] tts        527  0  nil  1  
[2023/03/19 20:14:01 284] tts        657  TTS_MSG_GETAUDIO  0  
[2023/03/19 20:14:01 284] tts        485  get audio|use local  
[2023/03/19 20:14:01 284] tts        527  0  nil  1  
[2023/03/19 20:14:01 285] tts        657  TTS_MSG_GETAUDIO  0  
[2023/03/19 20:14:01 285] tts        485  get audio|use local  
[2023/03/19 20:14:01 285] tts        527  0  nil  1  
[2023/03/19 20:14:01 286] tts        657  TTS_MSG_GETAUDIO  0  
[2023/03/19 20:14:01 286] tts        485  get audio|use local  
[2023/03/19 20:14:01 286] tts        527  0  nil  1  
[2023/03/19 20:14:01 286] tts        657  TTS_MSG_GETAUDIO  0  
[2023/03/19 20:14:01 287] tts        485  get audio|use local  
[2023/03/19 20:14:01 287] tts        527  0  nil  1  
[2023/03/19 20:14:01 287] tts        657  TTS_MSG_GETAUDIO  0  
[2023/03/19 20:14:01 288] tts        485  get audio|use local  
[2023/03/19 20:14:01 288] tts        527  0  nil  1  
[2023/03/19 20:14:01 288] tts        657  TTS_MSG_GETAUDIO  0  
[2023/03/19 20:14:01 289] tts        485  get audio|use local  
[2023/03/19 20:14:01 289] tts        527  0  nil  1  
[2023/03/19 20:14:01 290] tts        657  TTS_MSG_GETAUDIO  0  
[2023/03/19 20:14:01 290] tts        485  get audio|use local  
[2023/03/19 20:14:01 290] tts        527  0  nil  1  
[2023/03/19 20:14:01 291] tts        657  TTS_MSG_GETAUDIO  0  
[2023/03/19 20:14:01 291] tts        485  get audio|use local  
[2023/03/19 20:14:01 291] tts        527  0  nil  1  
[2023/03/19 20:14:01 292] tts        657  TTS_MSG_GETAUDIO  0  
[2023/03/19 20:14:01 292] tts        485  get audio|use local  
[2023/03/19 20:14:01 292] tts        527  0  nil  1  
[2023/03/19 20:14:01 293] tts        657  TTS_MSG_GETAUDIO  0  
[2023/03/19 20:14:01 293] tts        485  get audio|use local  
[2023/03/19 20:14:01 293] tts        527  0  nil  1  
[2023/03/19 20:14:01 294] tts        657  TTS_MSG_GETAUDIO  0  
[2023/03/19 20:14:01 294] tts        485  get audio|use local  
[2023/03/19 20:14:01 294] tts        527  0  nil  1  
[2023/03/19 20:14:01 295] tts        657  TTS_MSG_GETAUDIO  0  
[2023/03/19 20:14:01 295] tts        485  get audio|use local  
[2023/03/19 20:14:01 295] tts        527  0  nil  1  
[2023/03/19 20:14:01 296] tts        657  TTS_MSG_GETAUDIO  0  
[2023/03/19 20:14:01 296] tts        485  get audio|use local  
[2023/03/19 20:14:01 296] tts        527  0  nil  1  
[2023/03/19 20:14:01 297] tts        657  TTS_MSG_GETAUDIO  0  
[2023/03/19 20:14:01 297] tts        485  get audio|use local  
[2023/03/19 20:14:01 297] tts        527  0  nil  1  
[2023/03/19 20:14:01 298] tts        657  TTS_MSG_GETAUDIO  0  
[2023/03/19 20:14:01 298] tts        485  get audio|use local  
[2023/03/19 20:14:01 298] tts        527  0  nil  1  
[2023/03/19 20:14:01 299] tts        657  TTS_MSG_GETAUDIO  0  
[2023/03/19 20:14:01 299] tts        485  get audio|use local  
[2023/03/19 20:14:01 299] tts        527  0  nil  1  
[2023/03/19 20:14:01 300] tts        657  TTS_MSG_GETAUDIO  0  
[2023/03/19 20:14:01 300] tts        485  get audio|use local  
[2023/03/19 20:14:01 300] tts        527  0  nil  1  
[2023/03/19 20:14:01 300] tts        657  TTS_MSG_GETAUDIO  0  
[2023/03/19 20:14:01 300] tts        485  get audio|use local  
[2023/03/19 20:14:01 300] tts        527  0  nil  1  
[2023/03/19 20:14:01 301] tts        657  TTS_MSG_GETAUDIO  0  
[2023/03/19 20:14:01 301] tts        485  get audio|use local  
[2023/03/19 20:14:01 301] tts        527  0  nil  1  
[2023/03/19 20:14:01 302] tts        657  TTS_MSG_GETAUDIO  0  
[2023/03/19 20:14:01 302] tts        485  get audio|use local  
[2023/03/19 20:14:01 302] tts        527  0  nil  1  
[2023/03/19 20:14:01 303] tts        657  TTS_MSG_GETAUDIO  0  
[2023/03/19 20:14:01 303] tts        485  get audio|use local  
[2023/03/19 20:14:01 303] tts        527  0  nil  1  
[2023/03/19 20:14:01 304] tts        657  TTS_MSG_GETAUDIO  0  
[2023/03/19 20:14:01 304] tts        485  get audio|use local  
[2023/03/19 20:14:01 304] tts        527  0  nil  1  
[2023/03/19 20:14:01 305] tts        657  TTS_MSG_GETAUDIO  0  
[2023/03/19 20:14:01 305] tts        485  get audio|use local  
[2023/03/19 20:14:01 305] tts        527  0  nil  1  
[2023/03/19 20:14:01 305] tts        657  TTS_MSG_GETAUDIO  0  
[2023/03/19 20:14:01 305] tts        485  get audio|use local  
[2023/03/19 20:14:01 306] tts        527  0  nil  1  
[2023/03/19 20:14:01 306] tts        657  TTS_MSG_GETAUDIO  0  
[2023/03/19 20:14:01 306] tts        485  get audio|use local  
[2023/03/19 20:14:01 306] tts        527  0  nil  1  
[2023/03/19 20:14:01 307] tts        657  TTS_MSG_GETAUDIO  0  
[2023/03/19 20:14:01 308] tts        485  get audio|use local  
[2023/03/19 20:14:01 308] tts        527  0  nil  1  
[2023/03/19 20:14:01 309] tts        657  TTS_MSG_GETAUDIO  0  
[2023/03/19 20:14:01 309] tts        485  get audio|use local  
[2023/03/19 20:14:01 309] tts        527  0  nil  1  
[2023/03/19 20:14:01 310] tts        657  TTS_MSG_GETAUDIO  0  
[2023/03/19 20:14:01 310] tts        485  get audio|use local  
[2023/03/19 20:14:01 310] tts        527  0  nil  1  
[2023/03/19 20:14:01 311] tts        657  TTS_MSG_GETAUDIO  0  
[2023/03/19 20:14:01 311] tts        485  get audio|use local  
[2023/03/19 20:14:01 311] tts        527  0  nil  1  
[2023/03/19 20:14:01 312] tts        657  TTS_MSG_GETAUDIO  0  
[2023/03/19 20:14:01 312] tts        485  get audio|use local  
[2023/03/19 20:14:01 312] tts        527  0  nil  1  
[2023/03/19 20:14:01 313] tts        657  TTS_MSG_GETAUDIO  0  
[2023/03/19 20:14:01 313] tts        485  get audio|use local  
[2023/03/19 20:14:01 313] tts        527  0  nil  1  
[2023/03/19 20:14:01 314] tts        657  TTS_MSG_GETAUDIO  0  
[2023/03/19 20:14:01 314] tts        485  get audio|use local  
[2023/03/19 20:14:01 314] tts        527  0  nil  1  
[2023/03/19 20:14:01 315] tts        657  TTS_MSG_GETAUDIO  0  
[2023/03/19 20:14:01 315] tts        485  get audio|use local  
[2023/03/19 20:14:01 315] tts        527  0  nil  1  
[2023/03/19 20:14:01 316] tts        657  TTS_MSG_GETAUDIO  0  
[2023/03/19 20:14:01 316] tts        485  get audio|use local  
[2023/03/19 20:14:01 316] tts        527  0  nil  1  
[2023/03/19 20:14:01 317] tts        657  TTS_MSG_GETAUDIO  0  
[2023/03/19 20:14:01 318] tts        485  get audio|use local  
[2023/03/19 20:14:01 318] tts        527  0  nil  1  
[2023/03/19 20:14:01 319] tts        657  TTS_MSG_GETAUDIO  0  
[2023/03/19 20:14:01 319] tts        485  get audio|use local  
[2023/03/19 20:14:01 319] tts        527  0  nil  1  
[2023/03/19 20:14:01 320] tts        657  TTS_MSG_GETAUDIO  0  
[2023/03/19 20:14:01 321] tts        485  get audio|use local  
[2023/03/19 20:14:01 321] tts        527  0  nil  1  
[2023/03/19 20:14:01 322] tts        657  TTS_MSG_GETAUDIO  0  
[2023/03/19 20:14:01 322] tts        485  get audio|use local  
[2023/03/19 20:14:01 322] tts        527  0  nil  1  
[2023/03/19 20:14:01 323] tts        657  TTS_MSG_GETAUDIO  0  
[2023/03/19 20:14:01 323] tts        485  get audio|use local  
[2023/03/19 20:14:01 324] tts        527  0  nil  1  
[2023/03/19 20:14:01 325] tts        657  TTS_MSG_GETAUDIO  0  
[2023/03/19 20:14:01 325] tts        485  get audio|use local  
[2023/03/19 20:14:01 325] tts        527  0  nil  1  
[2023/03/19 20:14:01 326] tts        657  TTS_MSG_GETAUDIO  0  
[2023/03/19 20:14:01 326] tts        485  get audio|use local  
[2023/03/19 20:14:01 326] tts        527  0  nil  1  
[2023/03/19 20:14:01 327] tts        299  TTS_LOCAL_CB_BEGIN  
[2023/03/19 20:14:01 327] tts        657  TTS_MSG_GETAUDIO  0  
[2023/03/19 20:14:01 327] tts        485  get audio|use local  
[2023/03/19 20:14:01 328] tts        527  0  nil  1  
[2023/03/19 20:14:01 328] tts        657  TTS_MSG_GETAUDIO  0  
[2023/03/19 20:14:01 328] tts        485  get audio|use local  
[2023/03/19 20:14:01 328] tts        527  0  nil  1  
[2023/03/19 20:14:01 329] tts        657  TTS_MSG_GETAUDIO  0  
[2023/03/19 20:14:01 329] tts        485  get audio|use local  
[2023/03/19 20:14:01 329] tts        527  0  nil  1  
[2023/03/19 20:14:01 330] tts        657  TTS_MSG_GETAUDIO  0  
[2023/03/19 20:14:01 330] tts        485  get audio|use local  
[2023/03/19 20:14:01 330] tts        527  0  nil  1  
[2023/03/19 20:14:01 330] tts        657  TTS_MSG_GETAUDIO  0  
[2023/03/19 20:14:01 330] tts        485  get audio|use local  
[2023/03/19 20:14:01 331] tts        527  0  nil  1  
[2023/03/19 20:14:01 332] tts        657  TTS_MSG_GETAUDIO  0  
[2023/03/19 20:14:01 332] tts        485  get audio|use local  
[2023/03/19 20:14:01 332] tts        498  local audiolen:  2042  ,ced:  6  
[2023/03/19 20:14:01 333] tts        527  0  udata(9806b4c8) 1  
[2023/03/19 20:14:01 335] tts        657  TTS_MSG_GETAUDIO  0  
[2023/03/19 20:14:01 335] tts        485  get audio|use local  
[2023/03/19 20:14:01 335] tts        498  local audiolen:  2008  ,ced:  6  
[2023/03/19 20:14:01 335] tts        527  0  udata(98088678) 1  
[2023/03/19 20:14:01 338] tts        657  TTS_MSG_GETAUDIO  0  
[2023/03/19 20:14:01 338] tts        485  get audio|use local  
[2023/03/19 20:14:01 338] tts        498  local audiolen:  1986  ,ced:  6  
[2023/03/19 20:14:01 338] tts        527  0  udata(98088a58) 1  
[2023/03/19 20:14:01 342] tts        657  TTS_MSG_GETAUDIO  0  
[2023/03/19 20:14:01 342] tts        485  get audio|use local  
[2023/03/19 20:14:01 342] tts        498  local audiolen:  1992  ,ced:  6  
[2023/03/19 20:14:01 343] tts        527  0  udata(9807e088) 1  
[2023/03/19 20:14:01 343] tts        301  0  0  
[2023/03/19 20:14:01 343] tts        312  TTS_LOCAL_CB_END,  2  
[2023/03/19 20:14:01 343] tts        657  TTS_MSG_GETAUDIO  0  
[2023/03/19 20:14:01 344] tts        485  get audio|use local  
[2023/03/19 20:14:01 344] tts        498  local audiolen:  2046  ,ced:  6  
[2023/03/19 20:14:01 344] tts        527  0  udata(98087e88) 1  
[2023/03/19 20:14:01 344] tts        657  TTS_MSG_GETAUDIO  0  
[2023/03/19 20:14:01 344] tts        485  get audio|use local  
[2023/03/19 20:14:01 345] tts        498  local audiolen:  2000  ,ced:  6  
[2023/03/19 20:14:01 345] tts        527  0  udata(98087ed8) 1  
[2023/03/19 20:14:01 345] tts        657  TTS_MSG_GETAUDIO  0  
[2023/03/19 20:14:01 345] tts        485  get audio|use local  
[2023/03/19 20:14:01 345] tts        498  local audiolen:  2006  ,ced:  6  
[2023/03/19 20:14:01 345] tts        527  0  udata(98087f28) 1  
[2023/03/19 20:14:01 346] tts        657  TTS_MSG_GETAUDIO  0  
[2023/03/19 20:14:01 346] tts        485  get audio|use local  
[2023/03/19 20:14:01 346] tts        498  local audiolen:  1976  ,ced:  6  
[2023/03/19 20:14:01 346] tts        527  0  udata(98087f78) 1  
[2023/03/19 20:14:01 347] tts        657  TTS_MSG_GETAUDIO  0  
[2023/03/19 20:14:01 347] tts        485  get audio|use local  
[2023/03/19 20:14:01 347] tts        498  local audiolen:  2030  ,ced:  6  
[2023/03/19 20:14:01 347] tts        527  0  udata(98087fc8) 1  
[2023/03/19 20:14:01 347] tts        657  TTS_MSG_GETAUDIO  0  
[2023/03/19 20:14:01 347] tts        485  get audio|use local  
[2023/03/19 20:14:01 348] tts        498  local audiolen:  2040  ,ced:  6  
[2023/03/19 20:14:01 348] tts        527  0  udata(98088018) 1  
[2023/03/19 20:14:01 348] tts        657  TTS_MSG_GETAUDIO  0  
[2023/03/19 20:14:01 348] tts        485  get audio|use local  
[2023/03/19 20:14:01 348] tts        498  local audiolen:  864  ,ced:  6  
[2023/03/19 20:14:01 348] tts        527  0  udata(980883d8) 2  
[2023/03/19 20:14:01 349] tts        660  TTS_MSG_SSE  
[2023/03/19 20:14:01 350] tts        585  sse|use local  
[2023/03/19 20:14:01 351] tts        603  tts exit  
