============================================================
Time  2023/03/19 20:15:33 390 
============================================================
[2023/03/19 20:15:33 391] tts        676  SYS_MSG_REGCB param0 =  msp_status_cb  param1 =  func(74014a30) 
[2023/03/19 20:15:33 393] config     43   use general cloud  
[2023/03/19 20:15:33 399] tts_cloud  1417 SYS_MSG_REGCB_CLOUD param0 =   msp_status_cb  param1 =  func(74014a30) 
[2023/03/19 20:15:33 399] tts        647  TTS_MSG_SSB  
[2023/03/19 20:15:33 399] tts        375  params =  engine_type = local,voice_name=xiaoyan, text_encoding = UTF8, tts_res_path = fo|res/tts/xiaoyan.jet;fo|res/tts/common.jet, sample_rate = 16000, speed = 50, volume = 50, pitch = 50, rdn = 2  
[2023/03/19 20:15:33 400] tts        412  ssb|use local  
[2023/03/19 20:15:33 400] tts        349  local_session_begin  
[2023/03/19 20:15:33 402] tts        654  TTS_MSG_SYN  0  
[2023/03/19 20:15:33 402] tts        451  synth|use local  
[2023/03/19 20:15:33 403] tts        657  TTS_MSG_GETAUDIO  0  
[2023/03/19 20:15:33 404] tts        485  get audio|use local  
[2023/03/19 20:15:33 404] tts        527  0  nil  1  
[2023/03/19 20:15:33 404] tts        657  TTS_MSG_GETAUDIO  0  
[2023/03/19 20:15:33 404] tts        485  get audio|use local  
[2023/03/19 20:15:33 405] tts        527  0  nil  1  
[2023/03/19 20:15:33 405] tts        657  TTS_MSG_GETAUDIO  0  
[2023/03/19 20:15:33 405] tts        485  get audio|use local  
[2023/03/19 20:15:33 406] tts        527  0  nil  1  
[2023/03/19 20:15:33 406] tts        657  TTS_MSG_GETAUDIO  0  
[2023/03/19 20:15:33 407] tts        485  get audio|use local  
[2023/03/19 20:15:33 407] tts        527  0  nil  1  
[2023/03/19 20:15:33 408] tts        657  TTS_MSG_GETAUDIO  0  
[2023/03/19 20:15:33 408] tts        485  get audio|use local  
[2023/03/19 20:15:33 408] tts        527  0  nil  1  
[2023/03/19 20:15:33 408] tts        657  TTS_MSG_GETAUDIO  0  
[2023/03/19 20:15:33 408] tts        485  get audio|use local  
[2023/03/19 20:15:33 408] tts        527  0  nil  1  
[2023/03/19 20:15:33 409] tts        657  TTS_MSG_GETAUDIO  0  
[2023/03/19 20:15:33 409] tts        485  get audio|use local  
[2023/03/19 20:15:33 409] tts        527  0  nil  1  
[2023/03/19 20:15:33 410] tts        657  TTS_MSG_GETAUDIO  0  
[2023/03/19 20:15:33 410] tts        485  get audio|use local  
[2023/03/19 20:15:33 410] tts        527  0  nil  1  
[2023/03/19 20:15:33 411] tts        657  TTS_MSG_GETAUDIO  0  
[2023/03/19 20:15:33 411] tts        485  get audio|use local  
[2023/03/19 20:15:33 411] tts        527  0  nil  1  
[2023/03/19 20:15:33 412] tts        657  TTS_MSG_GETAUDIO  0  
[2023/03/19 20:15:33 412] tts        485  get audio|use local  
[2023/03/19 20:15:33 412] tts        527  0  nil  1  
[2023/03/19 20:15:33 413] tts        657  TTS_MSG_GETAUDIO  0  
[2023/03/19 20:15:33 413] tts        485  get audio|use local  
[2023/03/19 20:15:33 413] tts        527  0  nil  1  
[2023/03/19 20:15:33 413] tts        657  TTS_MSG_GETAUDIO  0  
[2023/03/19 20:15:33 413] tts        485  get audio|use local  
[2023/03/19 20:15:33 413] tts        527  0  nil  1  
[2023/03/19 20:15:33 414] tts        657  TTS_MSG_GETAUDIO  0  
[2023/03/19 20:15:33 414] tts        485  get audio|use local  
[2023/03/19 20:15:33 415] tts        527  0  nil  1  
[2023/03/19 20:15:33 416] tts        657  TTS_MSG_GETAUDIO  0  
[2023/03/19 20:15:33 416] tts        485  get audio|use local  
[2023/03/19 20:15:33 416] tts        527  0  nil  1  
[2023/03/19 20:15:33 417] tts        657  TTS_MSG_GETAUDIO  0  
[2023/03/19 20:15:33 417] tts        485  get audio|use local  
[2023/03/19 20:15:33 417] tts        527  0  nil  1  
[2023/03/19 20:15:33 418] tts        657  TTS_MSG_GETAUDIO  0  
[2023/03/19 20:15:33 418] tts        485  get audio|use local  
[2023/03/19 20:15:33 418] tts        527  0  nil  1  
[2023/03/19 20:15:33 419] tts        657  TTS_MSG_GETAUDIO  0  
[2023/03/19 20:15:33 419] tts        485  get audio|use local  
[2023/03/19 20:15:33 419] tts        527  0  nil  1  
[2023/03/19 20:15:33 420] tts        657  TTS_MSG_GETAUDIO  0  
[2023/03/19 20:15:33 420] tts        485  get audio|use local  
[2023/03/19 20:15:33 420] tts        527  0  nil  1  
[2023/03/19 20:15:33 421] tts        657  TTS_MSG_GETAUDIO  0  
[2023/03/19 20:15:33 421] tts        485  get audio|use local  
[2023/03/19 20:15:33 421] tts        527  0  nil  1  
[2023/03/19 20:15:33 422] tts        657  TTS_MSG_GETAUDIO  0  
[2023/03/19 20:15:33 422] tts        485  get audio|use local  
[2023/03/19 20:15:33 422] tts        527  0  nil  1  
[2023/03/19 20:15:33 422] tts        657  TTS_MSG_GETAUDIO  0  
[2023/03/19 20:15:33 423] tts        485  get audio|use local  
[2023/03/19 20:15:33 423] tts        527  0  nil  1  
[2023/03/19 20:15:33 424] tts        657  TTS_MSG_GETAUDIO  0  
[2023/03/19 20:15:33 424] tts        485  get audio|use local  
[2023/03/19 20:15:33 424] tts        527  0  nil  1  
[2023/03/19 20:15:33 424] tts        657  TTS_MSG_GETAUDIO  0  
[2023/03/19 20:15:33 424] tts        485  get audio|use local  
[2023/03/19 20:15:33 425] tts        527  0  nil  1  
[2023/03/19 20:15:33 425] tts        657  TTS_MSG_GETAUDIO  0  
[2023/03/19 20:15:33 425] tts        485  get audio|use local  
[2023/03/19 20:15:33 426] tts        527  0  nil  1  
[2023/03/19 20:15:33 426] tts        657  TTS_MSG_GETAUDIO  0  
[2023/03/19 20:15:33 426] tts        485  get audio|use local  
[2023/03/19 20:15:33 426] tts        527  0  nil  1  
[2023/03/19 20:15:33 427] tts        657  TTS_MSG_GETAUDIO  0  
[2023/03/19 20:15:33 427] tts        485  get audio|use local  
[2023/03/19 20:15:33 427] tts        527  0  nil  1  
[2023/03/19 20:15:33 428] tts        657  TTS_MSG_GETAUDIO  0  
[2023/03/19 20:15:33 428] tts        485  get audio|use local  
[2023/03/19 20:15:33 428] tts        527  0  nil  1  
[2023/03/19 20:15:33 429] tts        657  TTS_MSG_GETAUDIO  0  
[2023/03/19 20:15:33 429] tts        485  get audio|use local  
[2023/03/19 20:15:33 429] tts        527  0  nil  1  
[2023/03/19 20:15:33 430] tts        657  TTS_MSG_GETAUDIO  0  
[2023/03/19 20:15:33 430] tts        485  get audio|use local  
[2023/03/19 20:15:33 430] tts        527  0  nil  1  
[2023/03/19 20:15:33 431] tts        657  TTS_MSG_GETAUDIO  0  
[2023/03/19 20:15:33 431] tts        485  get audio|use local  
[2023/03/19 20:15:33 431] tts        527  0  nil  1  
[2023/03/19 20:15:33 432] tts        657  TTS_MSG_GETAUDIO  0  
[2023/03/19 20:15:33 432] tts        485  get audio|use local  
[2023/03/19 20:15:33 432] tts        527  0  nil  1  
[2023/03/19 20:15:33 433] tts        657  TTS_MSG_GETAUDIO  0  
[2023/03/19 20:15:33 433] tts        485  get audio|use local  
[2023/03/19 20:15:33 433] tts        527  0  nil  1  
[2023/03/19 20:15:33 434] tts        657  TTS_MSG_GETAUDIO  0  
[2023/03/19 20:15:33 434] tts        485  get audio|use local  
[2023/03/19 20:15:33 434] tts        527  0  nil  1  
[2023/03/19 20:15:33 435] tts        657  TTS_MSG_GETAUDIO  0  
[2023/03/19 20:15:33 435] tts        485  get audio|use local  
[2023/03/19 20:15:33 435] tts        527  0  nil  1  
[2023/03/19 20:15:33 436] tts        657  TTS_MSG_GETAUDIO  0  
[2023/03/19 20:15:33 436] tts        485  get audio|use local  
[2023/03/19 20:15:33 436] tts        527  0  nil  1  
[2023/03/19 20:15:33 437] tts        657  TTS_MSG_GETAUDIO  0  
[2023/03/19 20:15:33 437] tts        485  get audio|use local  
[2023/03/19 20:15:33 437] tts        527  0  nil  1  
[2023/03/19 20:15:33 438] tts        657  TTS_MSG_GETAUDIO  0  
[2023/03/19 20:15:33 438] tts        485  get audio|use local  
[2023/03/19 20:15:33 438] tts        527  0  nil  1  
[2023/03/19 20:15:33 439] tts        657  TTS_MSG_GETAUDIO  0  
[2023/03/19 20:15:33 439] tts        485  get audio|use local  
[2023/03/19 20:15:33 439] tts        527  0  nil  1  
[2023/03/19 20:15:33 440] tts        657  TTS_MSG_GETAUDIO  0  
[2023/03/19 20:15:33 440] tts        485  get audio|use local  
[2023/03/19 20:15:33 440] tts        527  0  nil  1  
[2023/03/19 20:15:33 441] tts        657  TTS_MSG_GETAUDIO  0  
[2023/03/19 20:15:33 441] tts        485  get audio|use local  
[2023/03/19 20:15:33 441] tts        527  0  nil  1  
[2023/03/19 20:15:33 443] tts        657  TTS_MSG_GETAUDIO  0  
[2023/03/19 20:15:33 444] tts        485  get audio|use local  
[2023/03/19 20:15:33 444] tts        527  0  nil  1  
[2023/03/19 20:15:33 444] tts        657  TTS_MSG_GETAUDIO  0  
[2023/03/19 20:15:33 445] tts        485  get audio|use local  
[2023/03/19 20:15:33 445] tts        527  0  nil  1  
[2023/03/19 20:15:33 446] tts        657  TTS_MSG_GETAUDIO  0  
[2023/03/19 20:15:33 446] tts        485  get audio|use local  
[2023/03/19 20:15:33 446] tts        527  0  nil  1  
[2023/03/19 20:15:33 447] tts        657  TTS_MSG_GETAUDIO  0  
[2023/03/19 20:15:33 447] tts        485  get audio|use local  
[2023/03/19 20:15:33 447] tts        527  0  nil  1  
[2023/03/19 20:15:33 448] tts        657  TTS_MSG_GETAUDIO  0  
[2023/03/19 20:15:33 448] tts        485  get audio|use local  
[2023/03/19 20:15:33 449] tts        527  0  nil  1  
[2023/03/19 20:15:33 450] tts        657  TTS_MSG_GETAUDIO  0  
[2023/03/19 20:15:33 450] tts        485  get audio|use local  
[2023/03/19 20:15:33 450] tts        527  0  nil  1  
[2023/03/19 20:15:33 451] tts        657  TTS_MSG_GETAUDIO  0  
[2023/03/19 20:15:33 452] tts        485  get audio|use local  
[2023/03/19 20:15:33 452] tts        527  0  nil  1  
[2023/03/19 20:15:33 452] tts        299  TTS_LOCAL_CB_BEGIN  
[2023/03/19 20:15:33 453] tts        657  TTS_MSG_GETAUDIO  0  
[2023/03/19 20:15:33 453] tts        485  get audio|use local  
[2023/03/19 20:15:33 453] tts        527  0  nil  1  
[2023/03/19 20:15:33 454] tts        657  TTS_MSG_GETAUDIO  0  
[2023/03/19 20:15:33 454] tts        485  get audio|use local  
[2023/03/19 20:15:33 454] tts        527  0  nil  1  
[2023/03/19 20:15:33 454] tts        657  TTS_MSG_GETAUDIO  0  
[2023/03/19 20:15:33 455] tts        485  get audio|use local  
[2023/03/19 20:15:33 455] tts        527  0  nil  1  
[2023/03/19 20:15:33 456] tts        657  TTS_MSG_GETAUDIO  0  
[2023/03/19 20:15:33 456] tts        485  get audio|use local  
[2023/03/19 20:15:33 456] tts        527  0  nil  1  
[2023/03/19 20:15:33 458] tts        657  TTS_MSG_GETAUDIO  0  
[2023/03/19 20:15:33 458] tts        485  get audio|use local  
[2023/03/19 20:15:33 459] tts        498  local audiolen:  2042  ,ced:  6  
[2023/03/19 20:15:33 459] tts        527  0  udata(7407eaa8) 1  
[2023/03/19 20:15:33 461] tts        657  TTS_MSG_GETAUDIO  0  
[2023/03/19 20:15:33 461] tts        485  get audio|use local  
[2023/03/19 20:15:33 462] tts        498  local audiolen:  2016  ,ced:  6  
[2023/03/19 20:15:33 462] tts        527  0  udata(74087908) 1  
[2023/03/19 20:15:33 464] tts        657  TTS_MSG_GETAUDIO  0  
[2023/03/19 20:15:33 465] tts        485  get audio|use local  
[2023/03/19 20:15:33 465] tts        498  local audiolen:  2016  ,ced:  6  
[2023/03/19 20:15:33 465] tts        527  0  udata(7407cce8) 1  
[2023/03/19 20:15:33 466] tts        301  0  0  
[2023/03/19 20:15:33 467] tts        312  TTS_LOCAL_CB_END,  2  
[2023/03/19 20:15:33 467] tts        657  TTS_MSG_GETAUDIO  0  
[2023/03/19 20:15:33 467] tts        485  get audio|use local  
[2023/03/19 20:15:33 467] tts        498  local audiolen:  1960  ,ced:  6  
[2023/03/19 20:15:33 467] tts        527  0  udata(740876b8) 1  
[2023/03/19 20:15:33 468] tts        657  TTS_MSG_GETAUDIO  0  
[2023/03/19 20:15:33 468] tts        485  get audio|use local  
[2023/03/19 20:15:33 468] tts        498  local audiolen:  2002  ,ced:  6  
[2023/03/19 20:15:33 468] tts        527  0  udata(7407cfd8) 1  
[2023/03/19 20:15:33 468] tts        657  TTS_MSG_GETAUDIO  0  
[2023/03/19 20:15:33 469] tts        485  get audio|use local  
[2023/03/19 20:15:33 469] tts        498  local audiolen:  1970  ,ced:  6  
[2023/03/19 20:15:33 469] tts        527  0  udata(7407d028) 1  
[2023/03/19 20:15:33 469] tts        657  TTS_MSG_GETAUDIO  0  
[2023/03/19 20:15:33 469] tts        485  get audio|use local  
[2023/03/19 20:15:33 470] tts        498  local audiolen:  2006  ,ced:  6  
[2023/03/19 20:15:33 470] tts        527  0  udata(7407d078) 1  
[2023/03/19 20:15:33 470] tts        657  TTS_MSG_GETAUDIO  0  
[2023/03/19 20:15:33 470] tts        485  get audio|use local  
[2023/03/19 20:15:33 470] tts        498  local audiolen:  1900  ,ced:  6  
[2023/03/19 20:15:33 470] tts        527  0  udata(7407d0c8) 1  
[2023/03/19 20:15:33 471] tts        657  TTS_MSG_GETAUDIO  0  
[2023/03/19 20:15:33 471] tts        485  get audio|use local  
[2023/03/19 20:15:33 471] tts        498  local audiolen:  1966  ,ced:  6  
[2023/03/19 20:15:33 471] tts        527  0  udata(7407d118) 1  
[2023/03/19 20:15:33 472] tts        657  TTS_MSG_GETAUDIO  0  
[2023/03/19 20:15:33 472] tts        485  get audio|use local  
[2023/03/19 20:15:33 472] tts        498  local audiolen:  1850  ,ced:  6  
[2023/03/19 20:15:33 472] tts        527  0  udata(74087648) 2  
[2023/03/19 20:15:33 474] tts        660  TTS_MSG_SSE  
[2023/03/19 20:15:33 475] tts        585  sse|use local  
[2023/03/19 20:15:33 476] tts        603  tts exit  
