============================================================
Time  2023/03/19 20:06:40 768 
============================================================
[2023/03/19 20:06:40 768] tts        676  SYS_MSG_REGCB param0 =  msp_status_cb  param1 =  func(94014a30) 
[2023/03/19 20:06:40 771] config     43   use general cloud  
[2023/03/19 20:06:40 776] tts_cloud  1417 SYS_MSG_REGCB_CLOUD param0 =   msp_status_cb  param1 =  func(94014a30) 
[2023/03/19 20:06:40 777] tts        647  TTS_MSG_SSB  
[2023/03/19 20:06:40 777] tts        375  params =  engine_type = local,voice_name=xiaoyan, text_encoding = UTF8, tts_res_path = fo|res/tts/xiaoyan.jet;fo|res/tts/common.jet, sample_rate = 16000, speed = 50, volume = 50, pitch = 50, rdn = 2  
[2023/03/19 20:06:40 777] tts        412  ssb|use local  
[2023/03/19 20:06:40 777] tts        349  local_session_begin  
[2023/03/19 20:06:40 780] tts        654  TTS_MSG_SYN  0  
[2023/03/19 20:06:40 780] tts        451  synth|use local  
[2023/03/19 20:06:40 781] tts        657  TTS_MSG_GETAUDIO  0  
[2023/03/19 20:06:40 781] tts        485  get audio|use local  
[2023/03/19 20:06:40 781] tts        527  0  nil  1  
[2023/03/19 20:06:40 782] tts        657  TTS_MSG_GETAUDIO  0  
[2023/03/19 20:06:40 782] tts        485  get audio|use local  
[2023/03/19 20:06:40 782] tts        527  0  nil  1  
[2023/03/19 20:06:40 783] tts        657  TTS_MSG_GETAUDIO  0  
[2023/03/19 20:06:40 783] tts        485  get audio|use local  
[2023/03/19 20:06:40 783] tts        527  0  nil  1  
[2023/03/19 20:06:40 784] tts        657  TTS_MSG_GETAUDIO  0  
[2023/03/19 20:06:40 784] tts        485  get audio|use local  
[2023/03/19 20:06:40 784] tts        527  0  nil  1  
[2023/03/19 20:06:40 785] tts        657  TTS_MSG_GETAUDIO  0  
[2023/03/19 20:06:40 785] tts        485  get audio|use local  
[2023/03/19 20:06:40 786] tts        527  0  nil  1  
[2023/03/19 20:06:40 786] tts        657  TTS_MSG_GETAUDIO  0  
[2023/03/19 20:06:40 786] tts        485  get audio|use local  
[2023/03/19 20:06:40 786] tts        527  0  nil  1  
[2023/03/19 20:06:40 787] tts        657  TTS_MSG_GETAUDIO  0  
[2023/03/19 20:06:40 787] tts        485  get audio|use local  
[2023/03/19 20:06:40 787] tts        527  0  nil  1  
[2023/03/19 20:06:40 788] tts        657  TTS_MSG_GETAUDIO  0  
[2023/03/19 20:06:40 788] tts        485  get audio|use local  
[2023/03/19 20:06:40 788] tts        527  0  nil  1  
[2023/03/19 20:06:40 789] tts        657  TTS_MSG_GETAUDIO  0  
[2023/03/19 20:06:40 789] tts        485  get audio|use local  
[2023/03/19 20:06:40 789] tts        527  0  nil  1  
[2023/03/19 20:06:40 789] tts        657  TTS_MSG_GETAUDIO  0  
[2023/03/19 20:06:40 790] tts        485  get audio|use local  
[2023/03/19 20:06:40 790] tts        527  0  nil  1  
[2023/03/19 20:06:40 790] tts        657  TTS_MSG_GETAUDIO  0  
[2023/03/19 20:06:40 790] tts        485  get audio|use local  
[2023/03/19 20:06:40 790] tts        527  0  nil  1  
[2023/03/19 20:06:40 791] tts        657  TTS_MSG_GETAUDIO  0  
[2023/03/19 20:06:40 791] tts        485  get audio|use local  
[2023/03/19 20:06:40 791] tts        527  0  nil  1  
[2023/03/19 20:06:40 792] tts        657  TTS_MSG_GETAUDIO  0  
[2023/03/19 20:06:40 792] tts        485  get audio|use local  
[2023/03/19 20:06:40 793] tts        527  0  nil  1  
[2023/03/19 20:06:40 793] tts        657  TTS_MSG_GETAUDIO  0  
[2023/03/19 20:06:40 794] tts        485  get audio|use local  
[2023/03/19 20:06:40 794] tts        527  0  nil  1  
[2023/03/19 20:06:40 795] tts        657  TTS_MSG_GETAUDIO  0  
[2023/03/19 20:06:40 795] tts        485  get audio|use local  
[2023/03/19 20:06:40 795] tts        527  0  nil  1  
[2023/03/19 20:06:40 796] tts        657  TTS_MSG_GETAUDIO  0  
[2023/03/19 20:06:40 796] tts        485  get audio|use local  
[2023/03/19 20:06:40 796] tts        527  0  nil  1  
[2023/03/19 20:06:40 797] tts        657  TTS_MSG_GETAUDIO  0  
[2023/03/19 20:06:40 797] tts        485  get audio|use local  
[2023/03/19 20:06:40 797] tts        527  0  nil  1  
[2023/03/19 20:06:40 798] tts        657  TTS_MSG_GETAUDIO  0  
[2023/03/19 20:06:40 798] tts        485  get audio|use local  
[2023/03/19 20:06:40 798] tts        527  0  nil  1  
[2023/03/19 20:06:40 799] tts        657  TTS_MSG_GETAUDIO  0  
[2023/03/19 20:06:40 799] tts        485  get audio|use local  
[2023/03/19 20:06:40 799] tts        527  0  nil  1  
[2023/03/19 20:06:40 800] tts        657  TTS_MSG_GETAUDIO  0  
[2023/03/19 20:06:40 800] tts        485  get audio|use local  
[2023/03/19 20:06:40 800] tts        527  0  nil  1  
[2023/03/19 20:06:40 800] tts        657  TTS_MSG_GETAUDIO  0  
[2023/03/19 20:06:40 800] tts        485  get audio|use local  
[2023/03/19 20:06:40 801] tts        527  0  nil  1  
[2023/03/19 20:06:40 802] tts        657  TTS_MSG_GETAUDIO  0  
[2023/03/19 20:06:40 802] tts        485  get audio|use local  
[2023/03/19 20:06:40 802] tts        527  0  nil  1  
[2023/03/19 20:06:40 803] tts        657  TTS_MSG_GETAUDIO  0  
[2023/03/19 20:06:40 803] tts        485  get audio|use local  
[2023/03/19 20:06:40 803] tts        527  0  nil  1  
[2023/03/19 20:06:40 804] tts        657  TTS_MSG_GETAUDIO  0  
[2023/03/19 20:06:40 804] tts        485  get audio|use local  
[2023/03/19 20:06:40 804] tts        527  0  nil  1  
[2023/03/19 20:06:40 805] tts        657  TTS_MSG_GETAUDIO  0  
[2023/03/19 20:06:40 805] tts        485  get audio|use local  
[2023/03/19 20:06:40 805] tts        527  0  nil  1  
[2023/03/19 20:06:40 805] tts        657  TTS_MSG_GETAUDIO  0  
[2023/03/19 20:06:40 806] tts        485  get audio|use local  
[2023/03/19 20:06:40 806] tts        527  0  nil  1  
[2023/03/19 20:06:40 807] tts        657  TTS_MSG_GETAUDIO  0  
[2023/03/19 20:06:40 807] tts        485  get audio|use local  
[2023/03/19 20:06:40 807] tts        527  0  nil  1  
[2023/03/19 20:06:40 807] tts        657  TTS_MSG_GETAUDIO  0  
[2023/03/19 20:06:40 808] tts        485  get audio|use local  
[2023/03/19 20:06:40 808] tts        527  0  nil  1  
[2023/03/19 20:06:40 808] tts        657  TTS_MSG_GETAUDIO  0  
[2023/03/19 20:06:40 808] tts        485  get audio|use local  
[2023/03/19 20:06:40 809] tts        527  0  nil  1  
[2023/03/19 20:06:40 809] tts        657  TTS_MSG_GETAUDIO  0  
[2023/03/19 20:06:40 809] tts        485  get audio|use local  
[2023/03/19 20:06:40 809] tts        527  0  nil  1  
[2023/03/19 20:06:40 810] tts        657  TTS_MSG_GETAUDIO  0  
[2023/03/19 20:06:40 810] tts        485  get audio|use local  
[2023/03/19 20:06:40 810] tts        527  0  nil  1  
[2023/03/19 20:06:40 811] tts        657  TTS_MSG_GETAUDIO  0  
[2023/03/19 20:06:40 811] tts        485  get audio|use local  
[2023/03/19 20:06:40 811] tts        527  0  nil  1  
[2023/03/19 20:06:40 811] tts        657  TTS_MSG_GETAUDIO  0  
[2023/03/19 20:06:40 811] tts        485  get audio|use local  
[2023/03/19 20:06:40 812] tts        527  0  nil  1  
[2023/03/19 20:06:40 812] tts        657  TTS_MSG_GETAUDIO  0  
[2023/03/19 20:06:40 812] tts        485  get audio|use local  
[2023/03/19 20:06:40 813] tts        527  0  nil  1  
[2023/03/19 20:06:40 813] tts        657  TTS_MSG_GETAUDIO  0  
[2023/03/19 20:06:40 813] tts        485  get audio|use local  
[2023/03/19 20:06:40 814] tts        527  0  nil  1  
[2023/03/19 20:06:40 814] tts        657  TTS_MSG_GETAUDIO  0  
[2023/03/19 20:06:40 814] tts        485  get audio|use local  
[2023/03/19 20:06:40 814] tts        527  0  nil  1  
[2023/03/19 20:06:40 815] tts        657  TTS_MSG_GETAUDIO  0  
[2023/03/19 20:06:40 815] tts        485  get audio|use local  
[2023/03/19 20:06:40 815] tts        527  0  nil  1  
[2023/03/19 20:06:40 816] tts        657  TTS_MSG_GETAUDIO  0  
[2023/03/19 20:06:40 816] tts        485  get audio|use local  
[2023/03/19 20:06:40 816] tts        527  0  nil  1  
[2023/03/19 20:06:40 819] tts        657  TTS_MSG_GETAUDIO  0  
[2023/03/19 20:06:40 819] tts        485  get audio|use local  
[2023/03/19 20:06:40 819] tts        527  0  nil  1  
[2023/03/19 20:06:40 820] tts        657  TTS_MSG_GETAUDIO  0  
[2023/03/19 20:06:40 820] tts        485  get audio|use local  
[2023/03/19 20:06:40 820] tts        527  0  nil  1  
[2023/03/19 20:06:40 821] tts        657  TTS_MSG_GETAUDIO  0  
[2023/03/19 20:06:40 821] tts        485  get audio|use local  
[2023/03/19 20:06:40 821] tts        527  0  nil  1  
[2023/03/19 20:06:40 822] tts        657  TTS_MSG_GETAUDIO  0  
[2023/03/19 20:06:40 822] tts        485  get audio|use local  
[2023/03/19 20:06:40 822] tts        527  0  nil  1  
[2023/03/19 20:06:40 823] tts        657  TTS_MSG_GETAUDIO  0  
[2023/03/19 20:06:40 824] tts        485  get audio|use local  
[2023/03/19 20:06:40 824] tts        527  0  nil  1  
[2023/03/19 20:06:40 825] tts        657  TTS_MSG_GETAUDIO  0  
[2023/03/19 20:06:40 825] tts        485  get audio|use local  
[2023/03/19 20:06:40 825] tts        527  0  nil  1  
[2023/03/19 20:06:40 826] tts        657  TTS_MSG_GETAUDIO  0  
[2023/03/19 20:06:40 826] tts        485  get audio|use local  
[2023/03/19 20:06:40 827] tts        527  0  nil  1  
[2023/03/19 20:06:40 828] tts        657  TTS_MSG_GETAUDIO  0  
[2023/03/19 20:06:40 828] tts        485  get audio|use local  
[2023/03/19 20:06:40 828] tts        527  0  nil  1  
[2023/03/19 20:06:40 829] tts        657  TTS_MSG_GETAUDIO  0  
[2023/03/19 20:06:40 829] tts        485  get audio|use local  
[2023/03/19 20:06:40 829] tts        527  0  nil  1  
[2023/03/19 20:06:40 830] tts        299  TTS_LOCAL_CB_BEGIN  
[2023/03/19 20:06:40 830] tts        657  TTS_MSG_GETAUDIO  0  
[2023/03/19 20:06:40 830] tts        485  get audio|use local  
[2023/03/19 20:06:40 830] tts        527  0  nil  1  
[2023/03/19 20:06:40 831] tts        657  TTS_MSG_GETAUDIO  0  
[2023/03/19 20:06:40 831] tts        485  get audio|use local  
[2023/03/19 20:06:40 832] tts        527  0  nil  1  
[2023/03/19 20:06:40 834] tts        657  TTS_MSG_GETAUDIO  0  
[2023/03/19 20:06:40 834] tts        485  get audio|use local  
[2023/03/19 20:06:40 834] tts        527  0  nil  1  
[2023/03/19 20:06:40 835] tts        657  TTS_MSG_GETAUDIO  0  
[2023/03/19 20:06:40 835] tts        485  get audio|use local  
[2023/03/19 20:06:40 836] tts        527  0  nil  1  
[2023/03/19 20:06:40 837] tts        657  TTS_MSG_GETAUDIO  0  
[2023/03/19 20:06:40 837] tts        485  get audio|use local  
[2023/03/19 20:06:40 837] tts        527  0  nil  1  
[2023/03/19 20:06:40 838] tts        657  TTS_MSG_GETAUDIO  0  
[2023/03/19 20:06:40 838] tts        485  get audio|use local  
[2023/03/19 20:06:40 839] tts        527  0  nil  1  
[2023/03/19 20:06:40 840] tts        657  TTS_MSG_GETAUDIO  0  
[2023/03/19 20:06:40 840] tts        485  get audio|use local  
[2023/03/19 20:06:40 840] tts        527  0  nil  1  
[2023/03/19 20:06:40 845] tts        657  TTS_MSG_GETAUDIO  0  
[2023/03/19 20:06:40 845] tts        485  get audio|use local  
[2023/03/19 20:06:40 845] tts        527  0  nil  1  
[2023/03/19 20:06:40 846] tts        657  TTS_MSG_GETAUDIO  0  
[2023/03/19 20:06:40 846] tts        485  get audio|use local  
[2023/03/19 20:06:40 846] tts        527  0  nil  1  
[2023/03/19 20:06:40 846] tts        657  TTS_MSG_GETAUDIO  0  
[2023/03/19 20:06:40 847] tts        485  get audio|use local  
[2023/03/19 20:06:40 847] tts        527  0  nil  1  
[2023/03/19 20:06:40 847] tts        657  TTS_MSG_GETAUDIO  0  
[2023/03/19 20:06:40 847] tts        485  get audio|use local  
[2023/03/19 20:06:40 847] tts        527  0  nil  1  
[2023/03/19 20:06:40 848] tts        657  TTS_MSG_GETAUDIO  0  
[2023/03/19 20:06:40 848] tts        485  get audio|use local  
[2023/03/19 20:06:40 848] tts        527  0  nil  1  
[2023/03/19 20:06:40 849] tts        657  TTS_MSG_GETAUDIO  0  
[2023/03/19 20:06:40 849] tts        485  get audio|use local  
[2023/03/19 20:06:40 849] tts        527  0  nil  1  
[2023/03/19 20:06:40 849] tts        657  TTS_MSG_GETAUDIO  0  
[2023/03/19 20:06:40 850] tts        485  get audio|use local  
[2023/03/19 20:06:40 850] tts        527  0  nil  1  
[2023/03/19 20:06:40 850] tts        657  TTS_MSG_GETAUDIO  0  
[2023/03/19 20:06:40 850] tts        485  get audio|use local  
[2023/03/19 20:06:40 850] tts        527  0  nil  1  
[2023/03/19 20:06:40 851] tts        657  TTS_MSG_GETAUDIO  0  
[2023/03/19 20:06:40 851] tts        485  get audio|use local  
[2023/03/19 20:06:40 851] tts        527  0  nil  1  
[2023/03/19 20:06:40 852] tts        657  TTS_MSG_GETAUDIO  0  
[2023/03/19 20:06:40 852] tts        485  get audio|use local  
[2023/03/19 20:06:40 852] tts        527  0  nil  1  
[2023/03/19 20:06:40 853] tts        657  TTS_MSG_GETAUDIO  0  
[2023/03/19 20:06:40 853] tts        485  get audio|use local  
[2023/03/19 20:06:40 853] tts        527  0  nil  1  
[2023/03/19 20:06:40 854] tts        657  TTS_MSG_GETAUDIO  0  
[2023/03/19 20:06:40 854] tts        485  get audio|use local  
[2023/03/19 20:06:40 854] tts        527  0  nil  1  
[2023/03/19 20:06:40 855] tts        657  TTS_MSG_GETAUDIO  0  
[2023/03/19 20:06:40 855] tts        485  get audio|use local  
[2023/03/19 20:06:40 855] tts        527  0  nil  1  
[2023/03/19 20:06:40 855] tts        657  TTS_MSG_GETAUDIO  0  
[2023/03/19 20:06:40 856] tts        485  get audio|use local  
[2023/03/19 20:06:40 856] tts        527  0  nil  1  
[2023/03/19 20:06:40 856] tts        657  TTS_MSG_GETAUDIO  0  
[2023/03/19 20:06:40 857] tts        485  get audio|use local  
[2023/03/19 20:06:40 857] tts        527  0  nil  1  
[2023/03/19 20:06:40 857] tts        657  TTS_MSG_GETAUDIO  0  
[2023/03/19 20:06:40 858] tts        485  get audio|use local  
[2023/03/19 20:06:40 858] tts        527  0  nil  1  
[2023/03/19 20:06:40 858] tts        657  TTS_MSG_GETAUDIO  0  
[2023/03/19 20:06:40 858] tts        485  get audio|use local  
[2023/03/19 20:06:40 859] tts        527  0  nil  1  
[2023/03/19 20:06:40 860] tts        657  TTS_MSG_GETAUDIO  0  
[2023/03/19 20:06:40 860] tts        485  get audio|use local  
[2023/03/19 20:06:40 860] tts        527  0  nil  1  
[2023/03/19 20:06:40 860] tts        657  TTS_MSG_GETAUDIO  0  
[2023/03/19 20:06:40 860] tts        485  get audio|use local  
[2023/03/19 20:06:40 860] tts        527  0  nil  1  
[2023/03/19 20:06:40 861] tts        657  TTS_MSG_GETAUDIO  0  
[2023/03/19 20:06:40 861] tts        485  get audio|use local  
[2023/03/19 20:06:40 861] tts        527  0  nil  1  
[2023/03/19 20:06:40 862] tts        657  TTS_MSG_GETAUDIO  0  
[2023/03/19 20:06:40 862] tts        485  get audio|use local  
[2023/03/19 20:06:40 862] tts        527  0  nil  1  
[2023/03/19 20:06:40 862] tts        657  TTS_MSG_GETAUDIO  0  
[2023/03/19 20:06:40 863] tts        485  get audio|use local  
[2023/03/19 20:06:40 863] tts        527  0  nil  1  
[2023/03/19 20:06:40 863] tts        657  TTS_MSG_GETAUDIO  0  
[2023/03/19 20:06:40 863] tts        485  get audio|use local  
[2023/03/19 20:06:40 863] tts        527  0  nil  1  
[2023/03/19 20:06:40 864] tts        657  TTS_MSG_GETAUDIO  0  
[2023/03/19 20:06:40 864] tts        485  get audio|use local  
[2023/03/19 20:06:40 864] tts        527  0  nil  1  
[2023/03/19 20:06:40 864] tts        657  TTS_MSG_GETAUDIO  0  
[2023/03/19 20:06:40 865] tts        485  get audio|use local  
[2023/03/19 20:06:40 865] tts        527  0  nil  1  
[2023/03/19 20:06:40 865] tts        657  TTS_MSG_GETAUDIO  0  
[2023/03/19 20:06:40 865] tts        485  get audio|use local  
[2023/03/19 20:06:40 865] tts        527  0  nil  1  
[2023/03/19 20:06:40 866] tts        657  TTS_MSG_GETAUDIO  0  
[2023/03/19 20:06:40 867] tts        485  get audio|use local  
[2023/03/19 20:06:40 867] tts        527  0  nil  1  
[2023/03/19 20:06:40 868] tts        657  TTS_MSG_GETAUDIO  0  
[2023/03/19 20:06:40 868] tts        485  get audio|use local  
[2023/03/19 20:06:40 868] tts        527  0  nil  1  
[2023/03/19 20:06:40 869] tts        657  TTS_MSG_GETAUDIO  0  
[2023/03/19 20:06:40 869] tts        485  get audio|use local  
[2023/03/19 20:06:40 870] tts        498  local audiolen:  2016  ,ced:  6  
[2023/03/19 20:06:40 870] tts        527  0  udata(9407c998) 1  
[2023/03/19 20:06:40 871] tts        657  TTS_MSG_GETAUDIO  0  
[2023/03/19 20:06:40 871] tts        485  get audio|use local  
[2023/03/19 20:06:40 872] tts        498  local audiolen:  1966  ,ced:  6  
[2023/03/19 20:06:40 872] tts        527  0  udata(9407cb88) 1  
[2023/03/19 20:06:40 874] tts        657  TTS_MSG_GETAUDIO  0  
[2023/03/19 20:06:40 874] tts        485  get audio|use local  
[2023/03/19 20:06:40 874] tts        498  local audiolen:  2034  ,ced:  6  
[2023/03/19 20:06:40 875] tts        527  0  udata(9407ccd8) 1  
[2023/03/19 20:06:40 877] tts        301  0  0  
[2023/03/19 20:06:40 877] tts        312  TTS_LOCAL_CB_END,  2  
[2023/03/19 20:06:40 878] tts        657  TTS_MSG_GETAUDIO  0  
[2023/03/19 20:06:40 878] tts        485  get audio|use local  
[2023/03/19 20:06:40 878] tts        498  local audiolen:  1998  ,ced:  6  
[2023/03/19 20:06:40 879] tts        527  0  udata(94087b68) 1  
[2023/03/19 20:06:40 880] tts        657  TTS_MSG_GETAUDIO  0  
[2023/03/19 20:06:40 880] tts        485  get audio|use local  
[2023/03/19 20:06:40 880] tts        498  local audiolen:  2022  ,ced:  6  
[2023/03/19 20:06:40 880] tts        527  0  udata(94087bb8) 1  
[2023/03/19 20:06:40 880] tts        657  TTS_MSG_GETAUDIO  0  
[2023/03/19 20:06:40 881] tts        485  get audio|use local  
[2023/03/19 20:06:40 881] tts        498  local audiolen:  1914  ,ced:  6  
[2023/03/19 20:06:40 881] tts        527  0  udata(9407e058) 1  
[2023/03/19 20:06:40 881] tts        657  TTS_MSG_GETAUDIO  0  
[2023/03/19 20:06:40 881] tts        485  get audio|use local  
[2023/03/19 20:06:40 881] tts        498  local audiolen:  1900  ,ced:  6  
[2023/03/19 20:06:40 881] tts        527  0  udata(9407e0a8) 1  
[2023/03/19 20:06:40 882] tts        657  TTS_MSG_GETAUDIO  0  
[2023/03/19 20:06:40 882] tts        485  get audio|use local  
[2023/03/19 20:06:40 882] tts        498  local audiolen:  1956  ,ced:  6  
[2023/03/19 20:06:40 882] tts        527  0  udata(9407d8c8) 1  
[2023/03/19 20:06:40 883] tts        657  TTS_MSG_GETAUDIO  0  
[2023/03/19 20:06:40 883] tts        485  get audio|use local  
[2023/03/19 20:06:40 883] tts        498  local audiolen:  2028  ,ced:  6  
[2023/03/19 20:06:40 883] tts        527  0  udata(9407d918) 1  
[2023/03/19 20:06:40 884] tts        657  TTS_MSG_GETAUDIO  0  
[2023/03/19 20:06:40 884] tts        485  get audio|use local  
[2023/03/19 20:06:40 884] tts        498  local audiolen:  672  ,ced:  6  
[2023/03/19 20:06:40 884] tts        527  0  udata(9407dc18) 2  
[2023/03/19 20:06:40 885] tts        660  TTS_MSG_SSE  
[2023/03/19 20:06:40 886] tts        585  sse|use local  
[2023/03/19 20:06:40 887] tts        603  tts exit  
