============================================================
Time  2023/05/06 20:09:49 283 
============================================================
[2023/05/06 20:09:49 283] tts        676  SYS_MSG_REGCB param0 =  msp_status_cb  param1 =  func(80014830) 
[2023/05/06 20:09:49 286] config     43   use general cloud  
[2023/05/06 20:09:49 292] tts_cloud  1417 SYS_MSG_REGCB_CLOUD param0 =   msp_status_cb  param1 =  func(80014830) 
[2023/05/06 20:09:49 292] tts        647  TTS_MSG_SSB  
[2023/05/06 20:09:49 292] tts        375  params =  engine_type = local,voice_name=xiaoyan, text_encoding = UTF8, tts_res_path = fo|res/tts/xiaoyan.jet;fo|res/tts/common.jet, sample_rate = 16000, speed = 80, volume = 50, pitch = 50, rdn = 2  
[2023/05/06 20:09:49 292] tts        412  ssb|use local  
[2023/05/06 20:09:49 292] tts        349  local_session_begin  
[2023/05/06 20:09:49 295] tts        654  TTS_MSG_SYN  0  
[2023/05/06 20:09:49 296] tts        451  synth|use local  
[2023/05/06 20:09:49 296] tts        657  TTS_MSG_GETAUDIO  0  
[2023/05/06 20:09:49 296] tts        485  get audio|use local  
[2023/05/06 20:09:49 297] tts        527  0  nil  1  
[2023/05/06 20:09:49 297] tts        657  TTS_MSG_GETAUDIO  0  
[2023/05/06 20:09:49 298] tts        485  get audio|use local  
[2023/05/06 20:09:49 298] tts        527  0  nil  1  
[2023/05/06 20:09:49 298] tts        657  TTS_MSG_GETAUDIO  0  
[2023/05/06 20:09:49 298] tts        485  get audio|use local  
[2023/05/06 20:09:49 298] tts        527  0  nil  1  
[2023/05/06 20:09:49 299] tts        657  TTS_MSG_GETAUDIO  0  
[2023/05/06 20:09:49 299] tts        485  get audio|use local  
[2023/05/06 20:09:49 299] tts        527  0  nil  1  
[2023/05/06 20:09:49 300] tts        657  TTS_MSG_GETAUDIO  0  
[2023/05/06 20:09:49 300] tts        485  get audio|use local  
[2023/05/06 20:09:49 300] tts        527  0  nil  1  
[2023/05/06 20:09:49 301] tts        657  TTS_MSG_GETAUDIO  0  
[2023/05/06 20:09:49 302] tts        485  get audio|use local  
[2023/05/06 20:09:49 305] tts        527  0  nil  1  
[2023/05/06 20:09:49 306] tts        657  TTS_MSG_GETAUDIO  0  
[2023/05/06 20:09:49 306] tts        485  get audio|use local  
[2023/05/06 20:09:49 306] tts        527  0  nil  1  
[2023/05/06 20:09:49 307] tts        657  TTS_MSG_GETAUDIO  0  
[2023/05/06 20:09:49 307] tts        485  get audio|use local  
[2023/05/06 20:09:49 307] tts        527  0  nil  1  
[2023/05/06 20:09:49 308] tts        657  TTS_MSG_GETAUDIO  0  
[2023/05/06 20:09:49 308] tts        485  get audio|use local  
[2023/05/06 20:09:49 308] tts        527  0  nil  1  
[2023/05/06 20:09:49 308] tts        657  TTS_MSG_GETAUDIO  0  
[2023/05/06 20:09:49 308] tts        485  get audio|use local  
[2023/05/06 20:09:49 309] tts        527  0  nil  1  
[2023/05/06 20:09:49 309] tts        657  TTS_MSG_GETAUDIO  0  
[2023/05/06 20:09:49 309] tts        485  get audio|use local  
[2023/05/06 20:09:49 309] tts        527  0  nil  1  
[2023/05/06 20:09:49 310] tts        657  TTS_MSG_GETAUDIO  0  
[2023/05/06 20:09:49 310] tts        485  get audio|use local  
[2023/05/06 20:09:49 310] tts        527  0  nil  1  
[2023/05/06 20:09:49 311] tts        657  TTS_MSG_GETAUDIO  0  
[2023/05/06 20:09:49 311] tts        485  get audio|use local  
[2023/05/06 20:09:49 311] tts        527  0  nil  1  
[2023/05/06 20:09:49 312] tts        657  TTS_MSG_GETAUDIO  0  
[2023/05/06 20:09:49 312] tts        485  get audio|use local  
[2023/05/06 20:09:49 312] tts        527  0  nil  1  
[2023/05/06 20:09:49 312] tts        657  TTS_MSG_GETAUDIO  0  
[2023/05/06 20:09:49 313] tts        485  get audio|use local  
[2023/05/06 20:09:49 313] tts        527  0  nil  1  
[2023/05/06 20:09:49 313] tts        657  TTS_MSG_GETAUDIO  0  
[2023/05/06 20:09:49 313] tts        485  get audio|use local  
[2023/05/06 20:09:49 313] tts        527  0  nil  1  
[2023/05/06 20:09:49 314] tts        657  TTS_MSG_GETAUDIO  0  
[2023/05/06 20:09:49 314] tts        485  get audio|use local  
[2023/05/06 20:09:49 314] tts        527  0  nil  1  
[2023/05/06 20:09:49 315] tts        657  TTS_MSG_GETAUDIO  0  
[2023/05/06 20:09:49 315] tts        485  get audio|use local  
[2023/05/06 20:09:49 315] tts        527  0  nil  1  
[2023/05/06 20:09:49 316] tts        657  TTS_MSG_GETAUDIO  0  
[2023/05/06 20:09:49 316] tts        485  get audio|use local  
[2023/05/06 20:09:49 316] tts        527  0  nil  1  
[2023/05/06 20:09:49 316] tts        657  TTS_MSG_GETAUDIO  0  
[2023/05/06 20:09:49 316] tts        485  get audio|use local  
[2023/05/06 20:09:49 317] tts        527  0  nil  1  
[2023/05/06 20:09:49 317] tts        657  TTS_MSG_GETAUDIO  0  
[2023/05/06 20:09:49 317] tts        485  get audio|use local  
[2023/05/06 20:09:49 317] tts        527  0  nil  1  
[2023/05/06 20:09:49 318] tts        657  TTS_MSG_GETAUDIO  0  
[2023/05/06 20:09:49 318] tts        485  get audio|use local  
[2023/05/06 20:09:49 318] tts        527  0  nil  1  
[2023/05/06 20:09:49 319] tts        657  TTS_MSG_GETAUDIO  0  
[2023/05/06 20:09:49 319] tts        485  get audio|use local  
[2023/05/06 20:09:49 319] tts        527  0  nil  1  
[2023/05/06 20:09:49 320] tts        657  TTS_MSG_GETAUDIO  0  
[2023/05/06 20:09:49 320] tts        485  get audio|use local  
[2023/05/06 20:09:49 320] tts        527  0  nil  1  
[2023/05/06 20:09:49 320] tts        657  TTS_MSG_GETAUDIO  0  
[2023/05/06 20:09:49 321] tts        485  get audio|use local  
[2023/05/06 20:09:49 321] tts        527  0  nil  1  
[2023/05/06 20:09:49 321] tts        657  TTS_MSG_GETAUDIO  0  
[2023/05/06 20:09:49 321] tts        485  get audio|use local  
[2023/05/06 20:09:49 321] tts        527  0  nil  1  
[2023/05/06 20:09:49 322] tts        657  TTS_MSG_GETAUDIO  0  
[2023/05/06 20:09:49 322] tts        485  get audio|use local  
[2023/05/06 20:09:49 322] tts        527  0  nil  1  
[2023/05/06 20:09:49 323] tts        657  TTS_MSG_GETAUDIO  0  
[2023/05/06 20:09:49 323] tts        485  get audio|use local  
[2023/05/06 20:09:49 323] tts        527  0  nil  1  
[2023/05/06 20:09:49 324] tts        657  TTS_MSG_GETAUDIO  0  
[2023/05/06 20:09:49 324] tts        485  get audio|use local  
[2023/05/06 20:09:49 324] tts        527  0  nil  1  
[2023/05/06 20:09:49 324] tts        657  TTS_MSG_GETAUDIO  0  
[2023/05/06 20:09:49 325] tts        485  get audio|use local  
[2023/05/06 20:09:49 325] tts        527  0  nil  1  
[2023/05/06 20:09:49 325] tts        657  TTS_MSG_GETAUDIO  0  
[2023/05/06 20:09:49 325] tts        485  get audio|use local  
[2023/05/06 20:09:49 325] tts        527  0  nil  1  
[2023/05/06 20:09:49 326] tts        657  TTS_MSG_GETAUDIO  0  
[2023/05/06 20:09:49 326] tts        485  get audio|use local  
[2023/05/06 20:09:49 326] tts        527  0  nil  1  
[2023/05/06 20:09:49 327] tts        657  TTS_MSG_GETAUDIO  0  
[2023/05/06 20:09:49 327] tts        485  get audio|use local  
[2023/05/06 20:09:49 327] tts        527  0  nil  1  
[2023/05/06 20:09:49 328] tts        657  TTS_MSG_GETAUDIO  0  
[2023/05/06 20:09:49 328] tts        485  get audio|use local  
[2023/05/06 20:09:49 328] tts        527  0  nil  1  
[2023/05/06 20:09:49 328] tts        657  TTS_MSG_GETAUDIO  0  
[2023/05/06 20:09:49 329] tts        485  get audio|use local  
[2023/05/06 20:09:49 329] tts        527  0  nil  1  
[2023/05/06 20:09:49 329] tts        657  TTS_MSG_GETAUDIO  0  
[2023/05/06 20:09:49 329] tts        485  get audio|use local  
[2023/05/06 20:09:49 329] tts        527  0  nil  1  
[2023/05/06 20:09:49 330] tts        657  TTS_MSG_GETAUDIO  0  
[2023/05/06 20:09:49 330] tts        485  get audio|use local  
[2023/05/06 20:09:49 331] tts        527  0  nil  1  
[2023/05/06 20:09:49 332] tts        657  TTS_MSG_GETAUDIO  0  
[2023/05/06 20:09:49 332] tts        485  get audio|use local  
[2023/05/06 20:09:49 332] tts        527  0  nil  1  
[2023/05/06 20:09:49 333] tts        657  TTS_MSG_GETAUDIO  0  
[2023/05/06 20:09:49 333] tts        485  get audio|use local  
[2023/05/06 20:09:49 333] tts        527  0  nil  1  
[2023/05/06 20:09:49 334] tts        657  TTS_MSG_GETAUDIO  0  
[2023/05/06 20:09:49 334] tts        485  get audio|use local  
[2023/05/06 20:09:49 334] tts        527  0  nil  1  
[2023/05/06 20:09:49 335] tts        657  TTS_MSG_GETAUDIO  0  
[2023/05/06 20:09:49 335] tts        485  get audio|use local  
[2023/05/06 20:09:49 335] tts        527  0  nil  1  
[2023/05/06 20:09:49 336] tts        657  TTS_MSG_GETAUDIO  0  
[2023/05/06 20:09:49 336] tts        485  get audio|use local  
[2023/05/06 20:09:49 337] tts        527  0  nil  1  
[2023/05/06 20:09:49 338] tts        657  TTS_MSG_GETAUDIO  0  
[2023/05/06 20:09:49 338] tts        485  get audio|use local  
[2023/05/06 20:09:49 338] tts        527  0  nil  1  
[2023/05/06 20:09:49 339] tts        657  TTS_MSG_GETAUDIO  0  
[2023/05/06 20:09:49 339] tts        485  get audio|use local  
[2023/05/06 20:09:49 339] tts        527  0  nil  1  
[2023/05/06 20:09:49 340] tts        657  TTS_MSG_GETAUDIO  0  
[2023/05/06 20:09:49 340] tts        485  get audio|use local  
[2023/05/06 20:09:49 340] tts        527  0  nil  1  
[2023/05/06 20:09:49 341] tts        657  TTS_MSG_GETAUDIO  0  
[2023/05/06 20:09:49 341] tts        485  get audio|use local  
[2023/05/06 20:09:49 341] tts        527  0  nil  1  
[2023/05/06 20:09:49 342] tts        657  TTS_MSG_GETAUDIO  0  
[2023/05/06 20:09:49 342] tts        485  get audio|use local  
[2023/05/06 20:09:49 342] tts        527  0  nil  1  
[2023/05/06 20:09:49 343] tts        657  TTS_MSG_GETAUDIO  0  
[2023/05/06 20:09:49 343] tts        485  get audio|use local  
[2023/05/06 20:09:49 343] tts        527  0  nil  1  
[2023/05/06 20:09:49 344] tts        657  TTS_MSG_GETAUDIO  0  
[2023/05/06 20:09:49 344] tts        485  get audio|use local  
[2023/05/06 20:09:49 344] tts        527  0  nil  1  
[2023/05/06 20:09:49 345] tts        657  TTS_MSG_GETAUDIO  0  
[2023/05/06 20:09:49 345] tts        485  get audio|use local  
[2023/05/06 20:09:49 345] tts        527  0  nil  1  
[2023/05/06 20:09:49 346] tts        657  TTS_MSG_GETAUDIO  0  
[2023/05/06 20:09:49 346] tts        485  get audio|use local  
[2023/05/06 20:09:49 346] tts        527  0  nil  1  
[2023/05/06 20:09:49 347] tts        657  TTS_MSG_GETAUDIO  0  
[2023/05/06 20:09:49 347] tts        485  get audio|use local  
[2023/05/06 20:09:49 347] tts        527  0  nil  1  
[2023/05/06 20:09:49 348] tts        657  TTS_MSG_GETAUDIO  0  
[2023/05/06 20:09:49 348] tts        485  get audio|use local  
[2023/05/06 20:09:49 348] tts        527  0  nil  1  
[2023/05/06 20:09:49 349] tts        657  TTS_MSG_GETAUDIO  0  
[2023/05/06 20:09:49 349] tts        485  get audio|use local  
[2023/05/06 20:09:49 349] tts        527  0  nil  1  
[2023/05/06 20:09:49 350] tts        657  TTS_MSG_GETAUDIO  0  
[2023/05/06 20:09:49 350] tts        485  get audio|use local  
[2023/05/06 20:09:49 350] tts        527  0  nil  1  
[2023/05/06 20:09:49 351] tts        657  TTS_MSG_GETAUDIO  0  
[2023/05/06 20:09:49 351] tts        485  get audio|use local  
[2023/05/06 20:09:49 351] tts        527  0  nil  1  
[2023/05/06 20:09:49 352] tts        657  TTS_MSG_GETAUDIO  0  
[2023/05/06 20:09:49 352] tts        485  get audio|use local  
[2023/05/06 20:09:49 352] tts        527  0  nil  1  
[2023/05/06 20:09:49 352] tts        657  TTS_MSG_GETAUDIO  0  
[2023/05/06 20:09:49 353] tts        485  get audio|use local  
[2023/05/06 20:09:49 353] tts        527  0  nil  1  
[2023/05/06 20:09:49 353] tts        657  TTS_MSG_GETAUDIO  0  
[2023/05/06 20:09:49 353] tts        485  get audio|use local  
[2023/05/06 20:09:49 354] tts        527  0  nil  1  
[2023/05/06 20:09:49 354] tts        657  TTS_MSG_GETAUDIO  0  
[2023/05/06 20:09:49 354] tts        485  get audio|use local  
[2023/05/06 20:09:49 354] tts        527  0  nil  1  
[2023/05/06 20:09:49 355] tts        657  TTS_MSG_GETAUDIO  0  
[2023/05/06 20:09:49 355] tts        485  get audio|use local  
[2023/05/06 20:09:49 355] tts        527  0  nil  1  
[2023/05/06 20:09:49 356] tts        657  TTS_MSG_GETAUDIO  0  
[2023/05/06 20:09:49 356] tts        485  get audio|use local  
[2023/05/06 20:09:49 356] tts        527  0  nil  1  
[2023/05/06 20:09:49 357] tts        657  TTS_MSG_GETAUDIO  0  
[2023/05/06 20:09:49 357] tts        485  get audio|use local  
[2023/05/06 20:09:49 358] tts        527  0  nil  1  
[2023/05/06 20:09:49 358] tts        657  TTS_MSG_GETAUDIO  0  
[2023/05/06 20:09:49 358] tts        485  get audio|use local  
[2023/05/06 20:09:49 359] tts        527  0  nil  1  
[2023/05/06 20:09:49 359] tts        657  TTS_MSG_GETAUDIO  0  
[2023/05/06 20:09:49 359] tts        485  get audio|use local  
[2023/05/06 20:09:49 359] tts        527  0  nil  1  
[2023/05/06 20:09:49 360] tts        657  TTS_MSG_GETAUDIO  0  
[2023/05/06 20:09:49 360] tts        485  get audio|use local  
[2023/05/06 20:09:49 361] tts        527  0  nil  1  
[2023/05/06 20:09:49 361] tts        657  TTS_MSG_GETAUDIO  0  
[2023/05/06 20:09:49 362] tts        485  get audio|use local  
[2023/05/06 20:09:49 362] tts        527  0  nil  1  
[2023/05/06 20:09:49 363] tts        657  TTS_MSG_GETAUDIO  0  
[2023/05/06 20:09:49 363] tts        485  get audio|use local  
[2023/05/06 20:09:49 363] tts        527  0  nil  1  
[2023/05/06 20:09:49 364] tts        657  TTS_MSG_GETAUDIO  0  
[2023/05/06 20:09:49 364] tts        485  get audio|use local  
[2023/05/06 20:09:49 364] tts        527  0  nil  1  
[2023/05/06 20:09:49 365] tts        657  TTS_MSG_GETAUDIO  0  
[2023/05/06 20:09:49 365] tts        485  get audio|use local  
[2023/05/06 20:09:49 365] tts        527  0  nil  1  
[2023/05/06 20:09:49 369] tts        657  TTS_MSG_GETAUDIO  0  
[2023/05/06 20:09:49 369] tts        485  get audio|use local  
[2023/05/06 20:09:49 369] tts        527  0  nil  1  
[2023/05/06 20:09:49 370] tts        657  TTS_MSG_GETAUDIO  0  
[2023/05/06 20:09:49 370] tts        485  get audio|use local  
[2023/05/06 20:09:49 370] tts        527  0  nil  1  
[2023/05/06 20:09:49 371] tts        657  TTS_MSG_GETAUDIO  0  
[2023/05/06 20:09:49 372] tts        485  get audio|use local  
[2023/05/06 20:09:49 372] tts        527  0  nil  1  
[2023/05/06 20:09:49 373] tts        657  TTS_MSG_GETAUDIO  0  
[2023/05/06 20:09:49 375] tts        485  get audio|use local  
[2023/05/06 20:09:49 375] tts        527  0  nil  1  
[2023/05/06 20:09:49 376] tts        657  TTS_MSG_GETAUDIO  0  
[2023/05/06 20:09:49 376] tts        485  get audio|use local  
[2023/05/06 20:09:49 376] tts        527  0  nil  1  
[2023/05/06 20:09:49 386] tts        657  TTS_MSG_GETAUDIO  0  
[2023/05/06 20:09:49 386] tts        485  get audio|use local  
[2023/05/06 20:09:49 386] tts        527  0  nil  1  
[2023/05/06 20:09:49 387] tts        657  TTS_MSG_GETAUDIO  0  
[2023/05/06 20:09:49 387] tts        485  get audio|use local  
[2023/05/06 20:09:49 387] tts        527  0  nil  1  
[2023/05/06 20:09:49 388] tts        657  TTS_MSG_GETAUDIO  0  
[2023/05/06 20:09:49 389] tts        485  get audio|use local  
[2023/05/06 20:09:49 392] tts        527  0  nil  1  
[2023/05/06 20:09:49 393] tts        657  TTS_MSG_GETAUDIO  0  
[2023/05/06 20:09:49 393] tts        485  get audio|use local  
[2023/05/06 20:09:49 393] tts        527  0  nil  1  
[2023/05/06 20:09:49 394] tts        657  TTS_MSG_GETAUDIO  0  
[2023/05/06 20:09:49 394] tts        485  get audio|use local  
[2023/05/06 20:09:49 394] tts        527  0  nil  1  
[2023/05/06 20:09:49 395] tts        657  TTS_MSG_GETAUDIO  0  
[2023/05/06 20:09:49 395] tts        485  get audio|use local  
[2023/05/06 20:09:49 395] tts        527  0  nil  1  
[2023/05/06 20:09:49 395] tts        657  TTS_MSG_GETAUDIO  0  
[2023/05/06 20:09:49 395] tts        485  get audio|use local  
[2023/05/06 20:09:49 395] tts        527  0  nil  1  
[2023/05/06 20:09:49 396] tts        657  TTS_MSG_GETAUDIO  0  
[2023/05/06 20:09:49 396] tts        485  get audio|use local  
[2023/05/06 20:09:49 396] tts        527  0  nil  1  
[2023/05/06 20:09:49 397] tts        657  TTS_MSG_GETAUDIO  0  
[2023/05/06 20:09:49 397] tts        485  get audio|use local  
[2023/05/06 20:09:49 397] tts        527  0  nil  1  
[2023/05/06 20:09:49 397] tts        657  TTS_MSG_GETAUDIO  0  
[2023/05/06 20:09:49 398] tts        485  get audio|use local  
[2023/05/06 20:09:49 398] tts        527  0  nil  1  
[2023/05/06 20:09:49 398] tts        657  TTS_MSG_GETAUDIO  0  
[2023/05/06 20:09:49 398] tts        485  get audio|use local  
[2023/05/06 20:09:49 398] tts        527  0  nil  1  
[2023/05/06 20:09:49 399] tts        657  TTS_MSG_GETAUDIO  0  
[2023/05/06 20:09:49 399] tts        485  get audio|use local  
[2023/05/06 20:09:49 399] tts        527  0  nil  1  
[2023/05/06 20:09:49 400] tts        657  TTS_MSG_GETAUDIO  0  
[2023/05/06 20:09:49 400] tts        485  get audio|use local  
[2023/05/06 20:09:49 400] tts        527  0  nil  1  
[2023/05/06 20:09:49 400] tts        657  TTS_MSG_GETAUDIO  0  
[2023/05/06 20:09:49 400] tts        485  get audio|use local  
[2023/05/06 20:09:49 401] tts        527  0  nil  1  
[2023/05/06 20:09:49 401] tts        657  TTS_MSG_GETAUDIO  0  
[2023/05/06 20:09:49 401] tts        485  get audio|use local  
[2023/05/06 20:09:49 401] tts        527  0  nil  1  
[2023/05/06 20:09:49 402] tts        657  TTS_MSG_GETAUDIO  0  
[2023/05/06 20:09:49 402] tts        485  get audio|use local  
[2023/05/06 20:09:49 402] tts        527  0  nil  1  
[2023/05/06 20:09:49 403] tts        657  TTS_MSG_GETAUDIO  0  
[2023/05/06 20:09:49 403] tts        485  get audio|use local  
[2023/05/06 20:09:49 403] tts        527  0  nil  1  
[2023/05/06 20:09:49 403] tts        657  TTS_MSG_GETAUDIO  0  
[2023/05/06 20:09:49 403] tts        485  get audio|use local  
[2023/05/06 20:09:49 404] tts        527  0  nil  1  
[2023/05/06 20:09:49 404] tts        657  TTS_MSG_GETAUDIO  0  
[2023/05/06 20:09:49 404] tts        485  get audio|use local  
[2023/05/06 20:09:49 404] tts        527  0  nil  1  
[2023/05/06 20:09:49 405] tts        657  TTS_MSG_GETAUDIO  0  
[2023/05/06 20:09:49 405] tts        485  get audio|use local  
[2023/05/06 20:09:49 405] tts        527  0  nil  1  
[2023/05/06 20:09:49 406] tts        657  TTS_MSG_GETAUDIO  0  
[2023/05/06 20:09:49 406] tts        485  get audio|use local  
[2023/05/06 20:09:49 406] tts        527  0  nil  1  
[2023/05/06 20:09:49 406] tts        657  TTS_MSG_GETAUDIO  0  
[2023/05/06 20:09:49 406] tts        485  get audio|use local  
[2023/05/06 20:09:49 406] tts        527  0  nil  1  
[2023/05/06 20:09:49 407] tts        657  TTS_MSG_GETAUDIO  0  
[2023/05/06 20:09:49 407] tts        485  get audio|use local  
[2023/05/06 20:09:49 407] tts        527  0  nil  1  
[2023/05/06 20:09:49 408] tts        657  TTS_MSG_GETAUDIO  0  
[2023/05/06 20:09:49 408] tts        485  get audio|use local  
[2023/05/06 20:09:49 408] tts        527  0  nil  1  
[2023/05/06 20:09:49 408] tts        657  TTS_MSG_GETAUDIO  0  
[2023/05/06 20:09:49 409] tts        485  get audio|use local  
[2023/05/06 20:09:49 409] tts        527  0  nil  1  
[2023/05/06 20:09:49 409] tts        657  TTS_MSG_GETAUDIO  0  
[2023/05/06 20:09:49 409] tts        485  get audio|use local  
[2023/05/06 20:09:49 409] tts        527  0  nil  1  
[2023/05/06 20:09:49 410] tts        657  TTS_MSG_GETAUDIO  0  
[2023/05/06 20:09:49 410] tts        485  get audio|use local  
[2023/05/06 20:09:49 410] tts        527  0  nil  1  
[2023/05/06 20:09:49 411] tts        657  TTS_MSG_GETAUDIO  0  
[2023/05/06 20:09:49 411] tts        485  get audio|use local  
[2023/05/06 20:09:49 411] tts        527  0  nil  1  
[2023/05/06 20:09:49 411] tts        657  TTS_MSG_GETAUDIO  0  
[2023/05/06 20:09:49 411] tts        485  get audio|use local  
[2023/05/06 20:09:49 412] tts        527  0  nil  1  
[2023/05/06 20:09:49 412] tts        657  TTS_MSG_GETAUDIO  0  
[2023/05/06 20:09:49 412] tts        485  get audio|use local  
[2023/05/06 20:09:49 412] tts        527  0  nil  1  
[2023/05/06 20:09:49 413] tts        657  TTS_MSG_GETAUDIO  0  
[2023/05/06 20:09:49 413] tts        485  get audio|use local  
[2023/05/06 20:09:49 413] tts        527  0  nil  1  
[2023/05/06 20:09:49 414] tts        657  TTS_MSG_GETAUDIO  0  
[2023/05/06 20:09:49 414] tts        485  get audio|use local  
[2023/05/06 20:09:49 414] tts        527  0  nil  1  
[2023/05/06 20:09:49 415] tts        657  TTS_MSG_GETAUDIO  0  
[2023/05/06 20:09:49 415] tts        485  get audio|use local  
[2023/05/06 20:09:49 415] tts        527  0  nil  1  
[2023/05/06 20:09:49 415] tts        657  TTS_MSG_GETAUDIO  0  
[2023/05/06 20:09:49 415] tts        485  get audio|use local  
[2023/05/06 20:09:49 415] tts        527  0  nil  1  
[2023/05/06 20:09:49 416] tts        657  TTS_MSG_GETAUDIO  0  
[2023/05/06 20:09:49 416] tts        485  get audio|use local  
[2023/05/06 20:09:49 417] tts        527  0  nil  1  
[2023/05/06 20:09:49 419] tts        657  TTS_MSG_GETAUDIO  0  
[2023/05/06 20:09:49 419] tts        485  get audio|use local  
[2023/05/06 20:09:49 419] tts        527  0  nil  1  
[2023/05/06 20:09:49 421] tts        657  TTS_MSG_GETAUDIO  0  
[2023/05/06 20:09:49 421] tts        485  get audio|use local  
[2023/05/06 20:09:49 421] tts        527  0  nil  1  
[2023/05/06 20:09:49 423] tts        657  TTS_MSG_GETAUDIO  0  
[2023/05/06 20:09:49 423] tts        485  get audio|use local  
[2023/05/06 20:09:49 424] tts        527  0  nil  1  
[2023/05/06 20:09:49 424] tts        657  TTS_MSG_GETAUDIO  0  
[2023/05/06 20:09:49 424] tts        485  get audio|use local  
[2023/05/06 20:09:49 424] tts        527  0  nil  1  
[2023/05/06 20:09:49 426] tts        299  TTS_LOCAL_CB_BEGIN  
[2023/05/06 20:09:49 427] tts        657  TTS_MSG_GETAUDIO  0  
[2023/05/06 20:09:49 427] tts        485  get audio|use local  
[2023/05/06 20:09:49 427] tts        498  local audiolen:  2024  ,ced:  3  
[2023/05/06 20:09:49 427] tts        527  0  udata(8007ef98) 1  
[2023/05/06 20:09:49 428] tts        657  TTS_MSG_GETAUDIO  0  
[2023/05/06 20:09:49 429] tts        485  get audio|use local  
[2023/05/06 20:09:49 429] tts        498  local audiolen:  1968  ,ced:  3  
[2023/05/06 20:09:49 429] tts        527  0  udata(8007f2c8) 1  
[2023/05/06 20:09:49 431] tts        657  TTS_MSG_GETAUDIO  0  
[2023/05/06 20:09:49 432] tts        485  get audio|use local  
[2023/05/06 20:09:49 432] tts        498  local audiolen:  2010  ,ced:  3  
[2023/05/06 20:09:49 432] tts        527  0  udata(80087df8) 1  
[2023/05/06 20:09:49 433] tts        301  0  0  
[2023/05/06 20:09:49 433] tts        312  TTS_LOCAL_CB_END,  2  
[2023/05/06 20:09:49 434] tts        657  TTS_MSG_GETAUDIO  0  
[2023/05/06 20:09:49 434] tts        485  get audio|use local  
[2023/05/06 20:09:49 434] tts        498  local audiolen:  2016  ,ced:  3  
[2023/05/06 20:09:49 434] tts        527  0  udata(8007c708) 1  
[2023/05/06 20:09:49 435] tts        657  TTS_MSG_GETAUDIO  0  
[2023/05/06 20:09:49 435] tts        485  get audio|use local  
[2023/05/06 20:09:49 435] tts        498  local audiolen:  2002  ,ced:  3  
[2023/05/06 20:09:49 435] tts        527  0  udata(8007c758) 1  
[2023/05/06 20:09:49 436] tts        657  TTS_MSG_GETAUDIO  0  
[2023/05/06 20:09:49 436] tts        485  get audio|use local  
[2023/05/06 20:09:49 436] tts        498  local audiolen:  1782  ,ced:  3  
[2023/05/06 20:09:49 436] tts        527  0  udata(80087af8) 2  
[2023/05/06 20:09:49 437] tts        660  TTS_MSG_SSE  
[2023/05/06 20:09:49 439] tts        585  sse|use local  
[2023/05/06 20:09:49 440] tts        603  tts exit  
