============================================================
Time  2023/03/19 19:53:31 434 
============================================================
[2023/03/19 19:53:31 434] tts        676  SYS_MSG_REGCB param0 =  msp_status_cb  param1 =  func(60014a30) 
[2023/03/19 19:53:31 437] config     43   use general cloud  
[2023/03/19 19:53:31 443] tts_cloud  1417 SYS_MSG_REGCB_CLOUD param0 =   msp_status_cb  param1 =  func(60014a30) 
[2023/03/19 19:53:31 443] tts        647  TTS_MSG_SSB  
[2023/03/19 19:53:31 443] tts        375  params =  engine_type = local,voice_name=xiaoyan, text_encoding = UTF8, tts_res_path = fo|res/tts/xiaoyan.jet;fo|res/tts/common.jet, sample_rate = 16000, speed = 50, volume = 50, pitch = 50, rdn = 2  
[2023/03/19 19:53:31 444] tts        412  ssb|use local  
[2023/03/19 19:53:31 444] tts        349  local_session_begin  
[2023/03/19 19:53:31 446] tts        654  TTS_MSG_SYN  0  
[2023/03/19 19:53:31 446] tts        451  synth|use local  
[2023/03/19 19:53:31 448] tts        657  TTS_MSG_GETAUDIO  0  
[2023/03/19 19:53:31 448] tts        485  get audio|use local  
[2023/03/19 19:53:31 448] tts        527  0  nil  1  
[2023/03/19 19:53:31 449] tts        657  TTS_MSG_GETAUDIO  0  
[2023/03/19 19:53:31 449] tts        485  get audio|use local  
[2023/03/19 19:53:31 449] tts        527  0  nil  1  
[2023/03/19 19:53:31 460] tts        657  TTS_MSG_GETAUDIO  0  
[2023/03/19 19:53:31 460] tts        485  get audio|use local  
[2023/03/19 19:53:31 460] tts        527  0  nil  1  
[2023/03/19 19:53:31 461] tts        657  TTS_MSG_GETAUDIO  0  
[2023/03/19 19:53:31 461] tts        485  get audio|use local  
[2023/03/19 19:53:31 461] tts        527  0  nil  1  
[2023/03/19 19:53:31 462] tts        657  TTS_MSG_GETAUDIO  0  
[2023/03/19 19:53:31 462] tts        485  get audio|use local  
[2023/03/19 19:53:31 462] tts        527  0  nil  1  
[2023/03/19 19:53:31 463] tts        657  TTS_MSG_GETAUDIO  0  
[2023/03/19 19:53:31 463] tts        485  get audio|use local  
[2023/03/19 19:53:31 463] tts        527  0  nil  1  
[2023/03/19 19:53:31 463] tts        657  TTS_MSG_GETAUDIO  0  
[2023/03/19 19:53:31 464] tts        485  get audio|use local  
[2023/03/19 19:53:31 464] tts        527  0  nil  1  
[2023/03/19 19:53:31 464] tts        657  TTS_MSG_GETAUDIO  0  
[2023/03/19 19:53:31 465] tts        485  get audio|use local  
[2023/03/19 19:53:31 465] tts        527  0  nil  1  
[2023/03/19 19:53:31 465] tts        657  TTS_MSG_GETAUDIO  0  
[2023/03/19 19:53:31 466] tts        485  get audio|use local  
[2023/03/19 19:53:31 466] tts        527  0  nil  1  
[2023/03/19 19:53:31 466] tts        657  TTS_MSG_GETAUDIO  0  
[2023/03/19 19:53:31 467] tts        485  get audio|use local  
[2023/03/19 19:53:31 467] tts        527  0  nil  1  
[2023/03/19 19:53:31 468] tts        657  TTS_MSG_GETAUDIO  0  
[2023/03/19 19:53:31 468] tts        485  get audio|use local  
[2023/03/19 19:53:31 468] tts        527  0  nil  1  
[2023/03/19 19:53:31 469] tts        657  TTS_MSG_GETAUDIO  0  
[2023/03/19 19:53:31 469] tts        485  get audio|use local  
[2023/03/19 19:53:31 469] tts        527  0  nil  1  
[2023/03/19 19:53:31 470] tts        657  TTS_MSG_GETAUDIO  0  
[2023/03/19 19:53:31 470] tts        485  get audio|use local  
[2023/03/19 19:53:31 470] tts        527  0  nil  1  
[2023/03/19 19:53:31 471] tts        657  TTS_MSG_GETAUDIO  0  
[2023/03/19 19:53:31 471] tts        485  get audio|use local  
[2023/03/19 19:53:31 471] tts        527  0  nil  1  
[2023/03/19 19:53:31 472] tts        657  TTS_MSG_GETAUDIO  0  
[2023/03/19 19:53:31 472] tts        485  get audio|use local  
[2023/03/19 19:53:31 472] tts        527  0  nil  1  
[2023/03/19 19:53:31 473] tts        657  TTS_MSG_GETAUDIO  0  
[2023/03/19 19:53:31 473] tts        485  get audio|use local  
[2023/03/19 19:53:31 473] tts        527  0  nil  1  
[2023/03/19 19:53:31 475] tts        657  TTS_MSG_GETAUDIO  0  
[2023/03/19 19:53:31 475] tts        485  get audio|use local  
[2023/03/19 19:53:31 475] tts        527  0  nil  1  
[2023/03/19 19:53:31 476] tts        657  TTS_MSG_GETAUDIO  0  
[2023/03/19 19:53:31 476] tts        485  get audio|use local  
[2023/03/19 19:53:31 480] tts        527  0  nil  1  
[2023/03/19 19:53:31 481] tts        657  TTS_MSG_GETAUDIO  0  
[2023/03/19 19:53:31 481] tts        485  get audio|use local  
[2023/03/19 19:53:31 481] tts        527  0  nil  1  
[2023/03/19 19:53:31 482] tts        657  TTS_MSG_GETAUDIO  0  
[2023/03/19 19:53:31 482] tts        485  get audio|use local  
[2023/03/19 19:53:31 482] tts        527  0  nil  1  
[2023/03/19 19:53:31 482] tts        657  TTS_MSG_GETAUDIO  0  
[2023/03/19 19:53:31 482] tts        485  get audio|use local  
[2023/03/19 19:53:31 483] tts        527  0  nil  1  
[2023/03/19 19:53:31 483] tts        657  TTS_MSG_GETAUDIO  0  
[2023/03/19 19:53:31 483] tts        485  get audio|use local  
[2023/03/19 19:53:31 483] tts        527  0  nil  1  
[2023/03/19 19:53:31 484] tts        657  TTS_MSG_GETAUDIO  0  
[2023/03/19 19:53:31 484] tts        485  get audio|use local  
[2023/03/19 19:53:31 484] tts        527  0  nil  1  
[2023/03/19 19:53:31 485] tts        657  TTS_MSG_GETAUDIO  0  
[2023/03/19 19:53:31 485] tts        485  get audio|use local  
[2023/03/19 19:53:31 485] tts        527  0  nil  1  
[2023/03/19 19:53:31 486] tts        657  TTS_MSG_GETAUDIO  0  
[2023/03/19 19:53:31 486] tts        485  get audio|use local  
[2023/03/19 19:53:31 486] tts        527  0  nil  1  
[2023/03/19 19:53:31 487] tts        657  TTS_MSG_GETAUDIO  0  
[2023/03/19 19:53:31 487] tts        485  get audio|use local  
[2023/03/19 19:53:31 488] tts        527  0  nil  1  
[2023/03/19 19:53:31 489] tts        657  TTS_MSG_GETAUDIO  0  
[2023/03/19 19:53:31 489] tts        485  get audio|use local  
[2023/03/19 19:53:31 489] tts        527  0  nil  1  
[2023/03/19 19:53:31 490] tts        657  TTS_MSG_GETAUDIO  0  
[2023/03/19 19:53:31 490] tts        485  get audio|use local  
[2023/03/19 19:53:31 490] tts        527  0  nil  1  
[2023/03/19 19:53:31 492] tts        657  TTS_MSG_GETAUDIO  0  
[2023/03/19 19:53:31 492] tts        485  get audio|use local  
[2023/03/19 19:53:31 492] tts        527  0  nil  1  
[2023/03/19 19:53:31 493] tts        657  TTS_MSG_GETAUDIO  0  
[2023/03/19 19:53:31 493] tts        485  get audio|use local  
[2023/03/19 19:53:31 493] tts        527  0  nil  1  
[2023/03/19 19:53:31 494] tts        657  TTS_MSG_GETAUDIO  0  
[2023/03/19 19:53:31 494] tts        485  get audio|use local  
[2023/03/19 19:53:31 494] tts        527  0  nil  1  
[2023/03/19 19:53:31 495] tts        657  TTS_MSG_GETAUDIO  0  
[2023/03/19 19:53:31 495] tts        485  get audio|use local  
[2023/03/19 19:53:31 495] tts        527  0  nil  1  
[2023/03/19 19:53:31 496] tts        657  TTS_MSG_GETAUDIO  0  
[2023/03/19 19:53:31 496] tts        485  get audio|use local  
[2023/03/19 19:53:31 496] tts        527  0  nil  1  
[2023/03/19 19:53:31 497] tts        657  TTS_MSG_GETAUDIO  0  
[2023/03/19 19:53:31 497] tts        485  get audio|use local  
[2023/03/19 19:53:31 498] tts        527  0  nil  1  
[2023/03/19 19:53:31 499] tts        657  TTS_MSG_GETAUDIO  0  
[2023/03/19 19:53:31 500] tts        485  get audio|use local  
[2023/03/19 19:53:31 500] tts        527  0  nil  1  
[2023/03/19 19:53:31 501] tts        657  TTS_MSG_GETAUDIO  0  
[2023/03/19 19:53:31 502] tts        485  get audio|use local  
[2023/03/19 19:53:31 502] tts        527  0  nil  1  
[2023/03/19 19:53:31 503] tts        657  TTS_MSG_GETAUDIO  0  
[2023/03/19 19:53:31 504] tts        485  get audio|use local  
[2023/03/19 19:53:31 504] tts        527  0  nil  1  
[2023/03/19 19:53:31 506] tts        657  TTS_MSG_GETAUDIO  0  
[2023/03/19 19:53:31 506] tts        485  get audio|use local  
[2023/03/19 19:53:31 507] tts        527  0  nil  1  
[2023/03/19 19:53:31 508] tts        657  TTS_MSG_GETAUDIO  0  
[2023/03/19 19:53:31 511] tts        485  get audio|use local  
[2023/03/19 19:53:31 511] tts        527  0  nil  1  
[2023/03/19 19:53:31 511] tts        299  TTS_LOCAL_CB_BEGIN  
[2023/03/19 19:53:31 512] tts        657  TTS_MSG_GETAUDIO  0  
[2023/03/19 19:53:31 512] tts        485  get audio|use local  
[2023/03/19 19:53:31 512] tts        527  0  nil  1  
[2023/03/19 19:53:31 513] tts        657  TTS_MSG_GETAUDIO  0  
[2023/03/19 19:53:31 513] tts        485  get audio|use local  
[2023/03/19 19:53:31 513] tts        527  0  nil  1  
[2023/03/19 19:53:31 514] tts        657  TTS_MSG_GETAUDIO  0  
[2023/03/19 19:53:31 514] tts        485  get audio|use local  
[2023/03/19 19:53:31 514] tts        527  0  nil  1  
[2023/03/19 19:53:31 515] tts        657  TTS_MSG_GETAUDIO  0  
[2023/03/19 19:53:31 515] tts        485  get audio|use local  
[2023/03/19 19:53:31 515] tts        527  0  nil  1  
[2023/03/19 19:53:31 515] tts        657  TTS_MSG_GETAUDIO  0  
[2023/03/19 19:53:31 516] tts        485  get audio|use local  
[2023/03/19 19:53:31 516] tts        527  0  nil  1  
[2023/03/19 19:53:31 516] tts        657  TTS_MSG_GETAUDIO  0  
[2023/03/19 19:53:31 516] tts        485  get audio|use local  
[2023/03/19 19:53:31 517] tts        527  0  nil  1  
[2023/03/19 19:53:31 518] tts        657  TTS_MSG_GETAUDIO  0  
[2023/03/19 19:53:31 518] tts        485  get audio|use local  
[2023/03/19 19:53:31 518] tts        527  0  nil  1  
[2023/03/19 19:53:31 518] tts        657  TTS_MSG_GETAUDIO  0  
[2023/03/19 19:53:31 518] tts        485  get audio|use local  
[2023/03/19 19:53:31 519] tts        527  0  nil  1  
[2023/03/19 19:53:31 520] tts        657  TTS_MSG_GETAUDIO  0  
[2023/03/19 19:53:31 520] tts        485  get audio|use local  
[2023/03/19 19:53:31 520] tts        527  0  nil  1  
[2023/03/19 19:53:31 523] tts        657  TTS_MSG_GETAUDIO  0  
[2023/03/19 19:53:31 523] tts        485  get audio|use local  
[2023/03/19 19:53:31 523] tts        527  0  nil  1  
[2023/03/19 19:53:31 523] tts        657  TTS_MSG_GETAUDIO  0  
[2023/03/19 19:53:31 523] tts        485  get audio|use local  
[2023/03/19 19:53:31 524] tts        527  0  nil  1  
[2023/03/19 19:53:31 524] tts        657  TTS_MSG_GETAUDIO  0  
[2023/03/19 19:53:31 525] tts        485  get audio|use local  
[2023/03/19 19:53:31 525] tts        527  0  nil  1  
[2023/03/19 19:53:31 526] tts        657  TTS_MSG_GETAUDIO  0  
[2023/03/19 19:53:31 526] tts        485  get audio|use local  
[2023/03/19 19:53:31 526] tts        527  0  nil  1  
[2023/03/19 19:53:31 527] tts        657  TTS_MSG_GETAUDIO  0  
[2023/03/19 19:53:31 527] tts        485  get audio|use local  
[2023/03/19 19:53:31 527] tts        527  0  nil  1  
[2023/03/19 19:53:31 528] tts        657  TTS_MSG_GETAUDIO  0  
[2023/03/19 19:53:31 528] tts        485  get audio|use local  
[2023/03/19 19:53:31 528] tts        527  0  nil  1  
[2023/03/19 19:53:31 529] tts        657  TTS_MSG_GETAUDIO  0  
[2023/03/19 19:53:31 529] tts        485  get audio|use local  
[2023/03/19 19:53:31 529] tts        527  0  nil  1  
[2023/03/19 19:53:31 530] tts        657  TTS_MSG_GETAUDIO  0  
[2023/03/19 19:53:31 530] tts        485  get audio|use local  
[2023/03/19 19:53:31 530] tts        527  0  nil  1  
[2023/03/19 19:53:31 531] tts        657  TTS_MSG_GETAUDIO  0  
[2023/03/19 19:53:31 531] tts        485  get audio|use local  
[2023/03/19 19:53:31 531] tts        527  0  nil  1  
[2023/03/19 19:53:31 532] tts        657  TTS_MSG_GETAUDIO  0  
[2023/03/19 19:53:31 532] tts        485  get audio|use local  
[2023/03/19 19:53:31 532] tts        527  0  nil  1  
[2023/03/19 19:53:31 533] tts        657  TTS_MSG_GETAUDIO  0  
[2023/03/19 19:53:31 533] tts        485  get audio|use local  
[2023/03/19 19:53:31 533] tts        527  0  nil  1  
[2023/03/19 19:53:31 533] tts        657  TTS_MSG_GETAUDIO  0  
[2023/03/19 19:53:31 533] tts        485  get audio|use local  
[2023/03/19 19:53:31 534] tts        527  0  nil  1  
[2023/03/19 19:53:31 534] tts        657  TTS_MSG_GETAUDIO  0  
[2023/03/19 19:53:31 534] tts        485  get audio|use local  
[2023/03/19 19:53:31 534] tts        527  0  nil  1  
[2023/03/19 19:53:31 535] tts        657  TTS_MSG_GETAUDIO  0  
[2023/03/19 19:53:31 535] tts        485  get audio|use local  
[2023/03/19 19:53:31 535] tts        527  0  nil  1  
[2023/03/19 19:53:31 536] tts        657  TTS_MSG_GETAUDIO  0  
[2023/03/19 19:53:31 536] tts        485  get audio|use local  
[2023/03/19 19:53:31 536] tts        527  0  nil  1  
[2023/03/19 19:53:31 536] tts        657  TTS_MSG_GETAUDIO  0  
[2023/03/19 19:53:31 537] tts        485  get audio|use local  
[2023/03/19 19:53:31 537] tts        527  0  nil  1  
[2023/03/19 19:53:31 537] tts        657  TTS_MSG_GETAUDIO  0  
[2023/03/19 19:53:31 537] tts        485  get audio|use local  
[2023/03/19 19:53:31 538] tts        527  0  nil  1  
[2023/03/19 19:53:31 538] tts        657  TTS_MSG_GETAUDIO  0  
[2023/03/19 19:53:31 538] tts        485  get audio|use local  
[2023/03/19 19:53:31 538] tts        527  0  nil  1  
[2023/03/19 19:53:31 539] tts        657  TTS_MSG_GETAUDIO  0  
[2023/03/19 19:53:31 539] tts        485  get audio|use local  
[2023/03/19 19:53:31 539] tts        527  0  nil  1  
[2023/03/19 19:53:31 540] tts        657  TTS_MSG_GETAUDIO  0  
[2023/03/19 19:53:31 540] tts        485  get audio|use local  
[2023/03/19 19:53:31 540] tts        527  0  nil  1  
[2023/03/19 19:53:31 541] tts        657  TTS_MSG_GETAUDIO  0  
[2023/03/19 19:53:31 541] tts        485  get audio|use local  
[2023/03/19 19:53:31 541] tts        527  0  nil  1  
[2023/03/19 19:53:31 542] tts        657  TTS_MSG_GETAUDIO  0  
[2023/03/19 19:53:31 542] tts        485  get audio|use local  
[2023/03/19 19:53:31 542] tts        527  0  nil  1  
[2023/03/19 19:53:31 543] tts        657  TTS_MSG_GETAUDIO  0  
[2023/03/19 19:53:31 543] tts        485  get audio|use local  
[2023/03/19 19:53:31 543] tts        527  0  nil  1  
[2023/03/19 19:53:31 543] tts        657  TTS_MSG_GETAUDIO  0  
[2023/03/19 19:53:31 544] tts        485  get audio|use local  
[2023/03/19 19:53:31 544] tts        527  0  nil  1  
[2023/03/19 19:53:31 544] tts        657  TTS_MSG_GETAUDIO  0  
[2023/03/19 19:53:31 544] tts        485  get audio|use local  
[2023/03/19 19:53:31 544] tts        527  0  nil  1  
[2023/03/19 19:53:31 545] tts        657  TTS_MSG_GETAUDIO  0  
[2023/03/19 19:53:31 545] tts        485  get audio|use local  
[2023/03/19 19:53:31 545] tts        527  0  nil  1  
[2023/03/19 19:53:31 546] tts        657  TTS_MSG_GETAUDIO  0  
[2023/03/19 19:53:31 546] tts        485  get audio|use local  
[2023/03/19 19:53:31 546] tts        527  0  nil  1  
[2023/03/19 19:53:31 546] tts        657  TTS_MSG_GETAUDIO  0  
[2023/03/19 19:53:31 547] tts        485  get audio|use local  
[2023/03/19 19:53:31 547] tts        527  0  nil  1  
[2023/03/19 19:53:31 547] tts        657  TTS_MSG_GETAUDIO  0  
[2023/03/19 19:53:31 547] tts        485  get audio|use local  
[2023/03/19 19:53:31 547] tts        527  0  nil  1  
[2023/03/19 19:53:31 548] tts        657  TTS_MSG_GETAUDIO  0  
[2023/03/19 19:53:31 548] tts        485  get audio|use local  
[2023/03/19 19:53:31 548] tts        527  0  nil  1  
[2023/03/19 19:53:31 549] tts        657  TTS_MSG_GETAUDIO  0  
[2023/03/19 19:53:31 549] tts        485  get audio|use local  
[2023/03/19 19:53:31 549] tts        527  0  nil  1  
[2023/03/19 19:53:31 550] tts        657  TTS_MSG_GETAUDIO  0  
[2023/03/19 19:53:31 550] tts        485  get audio|use local  
[2023/03/19 19:53:31 550] tts        527  0  nil  1  
[2023/03/19 19:53:31 551] tts        657  TTS_MSG_GETAUDIO  0  
[2023/03/19 19:53:31 551] tts        485  get audio|use local  
[2023/03/19 19:53:31 551] tts        527  0  nil  1  
[2023/03/19 19:53:31 552] tts        657  TTS_MSG_GETAUDIO  0  
[2023/03/19 19:53:31 552] tts        485  get audio|use local  
[2023/03/19 19:53:31 552] tts        527  0  nil  1  
[2023/03/19 19:53:31 553] tts        657  TTS_MSG_GETAUDIO  0  
[2023/03/19 19:53:31 553] tts        485  get audio|use local  
[2023/03/19 19:53:31 553] tts        527  0  nil  1  
[2023/03/19 19:53:31 553] tts        657  TTS_MSG_GETAUDIO  0  
[2023/03/19 19:53:31 553] tts        485  get audio|use local  
[2023/03/19 19:53:31 553] tts        527  0  nil  1  
[2023/03/19 19:53:31 554] tts        657  TTS_MSG_GETAUDIO  0  
[2023/03/19 19:53:31 554] tts        485  get audio|use local  
[2023/03/19 19:53:31 554] tts        527  0  nil  1  
[2023/03/19 19:53:31 555] tts        657  TTS_MSG_GETAUDIO  0  
[2023/03/19 19:53:31 555] tts        485  get audio|use local  
[2023/03/19 19:53:31 555] tts        527  0  nil  1  
[2023/03/19 19:53:31 556] tts        657  TTS_MSG_GETAUDIO  0  
[2023/03/19 19:53:31 556] tts        485  get audio|use local  
[2023/03/19 19:53:31 556] tts        527  0  nil  1  
[2023/03/19 19:53:31 557] tts        657  TTS_MSG_GETAUDIO  0  
[2023/03/19 19:53:31 557] tts        485  get audio|use local  
[2023/03/19 19:53:31 557] tts        527  0  nil  1  
[2023/03/19 19:53:31 557] tts        657  TTS_MSG_GETAUDIO  0  
[2023/03/19 19:53:31 557] tts        485  get audio|use local  
[2023/03/19 19:53:31 557] tts        527  0  nil  1  
[2023/03/19 19:53:31 558] tts        657  TTS_MSG_GETAUDIO  0  
[2023/03/19 19:53:31 558] tts        485  get audio|use local  
[2023/03/19 19:53:31 558] tts        527  0  nil  1  
[2023/03/19 19:53:31 559] tts        657  TTS_MSG_GETAUDIO  0  
[2023/03/19 19:53:31 559] tts        485  get audio|use local  
[2023/03/19 19:53:31 559] tts        527  0  nil  1  
[2023/03/19 19:53:31 560] tts        657  TTS_MSG_GETAUDIO  0  
[2023/03/19 19:53:31 560] tts        485  get audio|use local  
[2023/03/19 19:53:31 560] tts        527  0  nil  1  
[2023/03/19 19:53:31 560] tts        657  TTS_MSG_GETAUDIO  0  
[2023/03/19 19:53:31 561] tts        485  get audio|use local  
[2023/03/19 19:53:31 561] tts        527  0  nil  1  
[2023/03/19 19:53:31 561] tts        657  TTS_MSG_GETAUDIO  0  
[2023/03/19 19:53:31 561] tts        485  get audio|use local  
[2023/03/19 19:53:31 561] tts        527  0  nil  1  
[2023/03/19 19:53:31 562] tts        657  TTS_MSG_GETAUDIO  0  
[2023/03/19 19:53:31 562] tts        485  get audio|use local  
[2023/03/19 19:53:31 562] tts        527  0  nil  1  
[2023/03/19 19:53:31 563] tts        657  TTS_MSG_GETAUDIO  0  
[2023/03/19 19:53:31 563] tts        485  get audio|use local  
[2023/03/19 19:53:31 563] tts        527  0  nil  1  
[2023/03/19 19:53:31 564] tts        657  TTS_MSG_GETAUDIO  0  
[2023/03/19 19:53:31 564] tts        485  get audio|use local  
[2023/03/19 19:53:31 564] tts        527  0  nil  1  
[2023/03/19 19:53:31 565] tts        657  TTS_MSG_GETAUDIO  0  
[2023/03/19 19:53:31 565] tts        485  get audio|use local  
[2023/03/19 19:53:31 565] tts        527  0  nil  1  
[2023/03/19 19:53:31 565] tts        657  TTS_MSG_GETAUDIO  0  
[2023/03/19 19:53:31 565] tts        485  get audio|use local  
[2023/03/19 19:53:31 566] tts        527  0  nil  1  
[2023/03/19 19:53:31 566] tts        657  TTS_MSG_GETAUDIO  0  
[2023/03/19 19:53:31 566] tts        485  get audio|use local  
[2023/03/19 19:53:31 566] tts        527  0  nil  1  
[2023/03/19 19:53:31 567] tts        657  TTS_MSG_GETAUDIO  0  
[2023/03/19 19:53:31 567] tts        485  get audio|use local  
[2023/03/19 19:53:31 567] tts        527  0  nil  1  
[2023/03/19 19:53:31 568] tts        657  TTS_MSG_GETAUDIO  0  
[2023/03/19 19:53:31 568] tts        485  get audio|use local  
[2023/03/19 19:53:31 569] tts        527  0  nil  1  
[2023/03/19 19:53:31 569] tts        657  TTS_MSG_GETAUDIO  0  
[2023/03/19 19:53:31 569] tts        485  get audio|use local  
[2023/03/19 19:53:31 569] tts        527  0  nil  1  
[2023/03/19 19:53:31 570] tts        657  TTS_MSG_GETAUDIO  0  
[2023/03/19 19:53:31 570] tts        485  get audio|use local  
[2023/03/19 19:53:31 570] tts        527  0  nil  1  
[2023/03/19 19:53:31 571] tts        657  TTS_MSG_GETAUDIO  0  
[2023/03/19 19:53:31 571] tts        485  get audio|use local  
[2023/03/19 19:53:31 571] tts        527  0  nil  1  
[2023/03/19 19:53:31 572] tts        657  TTS_MSG_GETAUDIO  0  
[2023/03/19 19:53:31 572] tts        485  get audio|use local  
[2023/03/19 19:53:31 572] tts        527  0  nil  1  
[2023/03/19 19:53:31 573] tts        657  TTS_MSG_GETAUDIO  0  
[2023/03/19 19:53:31 573] tts        485  get audio|use local  
[2023/03/19 19:53:31 573] tts        527  0  nil  1  
[2023/03/19 19:53:31 574] tts        657  TTS_MSG_GETAUDIO  0  
[2023/03/19 19:53:31 574] tts        485  get audio|use local  
[2023/03/19 19:53:31 574] tts        527  0  nil  1  
[2023/03/19 19:53:31 574] tts        657  TTS_MSG_GETAUDIO  0  
[2023/03/19 19:53:31 574] tts        485  get audio|use local  
[2023/03/19 19:53:31 575] tts        527  0  nil  1  
[2023/03/19 19:53:31 575] tts        657  TTS_MSG_GETAUDIO  0  
[2023/03/19 19:53:31 575] tts        485  get audio|use local  
[2023/03/19 19:53:31 575] tts        527  0  nil  1  
[2023/03/19 19:53:31 576] tts        657  TTS_MSG_GETAUDIO  0  
[2023/03/19 19:53:31 576] tts        485  get audio|use local  
[2023/03/19 19:53:31 576] tts        527  0  nil  1  
[2023/03/19 19:53:31 577] tts        657  TTS_MSG_GETAUDIO  0  
[2023/03/19 19:53:31 577] tts        485  get audio|use local  
[2023/03/19 19:53:31 577] tts        527  0  nil  1  
[2023/03/19 19:53:31 578] tts        657  TTS_MSG_GETAUDIO  0  
[2023/03/19 19:53:31 578] tts        485  get audio|use local  
[2023/03/19 19:53:31 578] tts        527  0  nil  1  
[2023/03/19 19:53:31 579] tts        657  TTS_MSG_GETAUDIO  0  
[2023/03/19 19:53:31 579] tts        485  get audio|use local  
[2023/03/19 19:53:31 580] tts        527  0  nil  1  
[2023/03/19 19:53:31 594] tts        657  TTS_MSG_GETAUDIO  0  
[2023/03/19 19:53:31 594] tts        485  get audio|use local  
[2023/03/19 19:53:31 595] tts        527  0  nil  1  
[2023/03/19 19:53:31 595] tts        657  TTS_MSG_GETAUDIO  0  
[2023/03/19 19:53:31 596] tts        485  get audio|use local  
[2023/03/19 19:53:31 596] tts        527  0  nil  1  
[2023/03/19 19:53:31 597] tts        657  TTS_MSG_GETAUDIO  0  
[2023/03/19 19:53:31 597] tts        485  get audio|use local  
[2023/03/19 19:53:31 597] tts        527  0  nil  1  
[2023/03/19 19:53:31 597] tts        657  TTS_MSG_GETAUDIO  0  
[2023/03/19 19:53:31 597] tts        485  get audio|use local  
[2023/03/19 19:53:31 597] tts        527  0  nil  1  
[2023/03/19 19:53:31 598] tts        657  TTS_MSG_GETAUDIO  0  
[2023/03/19 19:53:31 598] tts        485  get audio|use local  
[2023/03/19 19:53:31 598] tts        527  0  nil  1  
[2023/03/19 19:53:31 599] tts        657  TTS_MSG_GETAUDIO  0  
[2023/03/19 19:53:31 599] tts        485  get audio|use local  
[2023/03/19 19:53:31 599] tts        527  0  nil  1  
[2023/03/19 19:53:31 600] tts        657  TTS_MSG_GETAUDIO  0  
[2023/03/19 19:53:31 600] tts        485  get audio|use local  
[2023/03/19 19:53:31 600] tts        527  0  nil  1  
[2023/03/19 19:53:31 600] tts        657  TTS_MSG_GETAUDIO  0  
[2023/03/19 19:53:31 600] tts        485  get audio|use local  
[2023/03/19 19:53:31 600] tts        527  0  nil  1  
[2023/03/19 19:53:31 601] tts        657  TTS_MSG_GETAUDIO  0  
[2023/03/19 19:53:31 601] tts        485  get audio|use local  
[2023/03/19 19:53:31 601] tts        527  0  nil  1  
[2023/03/19 19:53:31 602] tts        657  TTS_MSG_GETAUDIO  0  
[2023/03/19 19:53:31 602] tts        485  get audio|use local  
[2023/03/19 19:53:31 602] tts        527  0  nil  1  
[2023/03/19 19:53:31 603] tts        657  TTS_MSG_GETAUDIO  0  
[2023/03/19 19:53:31 603] tts        485  get audio|use local  
[2023/03/19 19:53:31 603] tts        527  0  nil  1  
[2023/03/19 19:53:31 603] tts        657  TTS_MSG_GETAUDIO  0  
[2023/03/19 19:53:31 604] tts        485  get audio|use local  
[2023/03/19 19:53:31 604] tts        527  0  nil  1  
[2023/03/19 19:53:31 604] tts        657  TTS_MSG_GETAUDIO  0  
[2023/03/19 19:53:31 604] tts        485  get audio|use local  
[2023/03/19 19:53:31 604] tts        527  0  nil  1  
[2023/03/19 19:53:31 605] tts        657  TTS_MSG_GETAUDIO  0  
[2023/03/19 19:53:31 605] tts        485  get audio|use local  
[2023/03/19 19:53:31 605] tts        527  0  nil  1  
[2023/03/19 19:53:31 606] tts        657  TTS_MSG_GETAUDIO  0  
[2023/03/19 19:53:31 606] tts        485  get audio|use local  
[2023/03/19 19:53:31 606] tts        527  0  nil  1  
[2023/03/19 19:53:31 606] tts        657  TTS_MSG_GETAUDIO  0  
[2023/03/19 19:53:31 607] tts        485  get audio|use local  
[2023/03/19 19:53:31 607] tts        527  0  nil  1  
[2023/03/19 19:53:31 607] tts        657  TTS_MSG_GETAUDIO  0  
[2023/03/19 19:53:31 607] tts        485  get audio|use local  
[2023/03/19 19:53:31 607] tts        527  0  nil  1  
[2023/03/19 19:53:31 608] tts        657  TTS_MSG_GETAUDIO  0  
[2023/03/19 19:53:31 608] tts        485  get audio|use local  
[2023/03/19 19:53:31 608] tts        527  0  nil  1  
[2023/03/19 19:53:31 609] tts        657  TTS_MSG_GETAUDIO  0  
[2023/03/19 19:53:31 609] tts        485  get audio|use local  
[2023/03/19 19:53:31 609] tts        527  0  nil  1  
[2023/03/19 19:53:31 609] tts        657  TTS_MSG_GETAUDIO  0  
[2023/03/19 19:53:31 610] tts        485  get audio|use local  
[2023/03/19 19:53:31 610] tts        527  0  nil  1  
[2023/03/19 19:53:31 611] tts        657  TTS_MSG_GETAUDIO  0  
[2023/03/19 19:53:31 611] tts        485  get audio|use local  
[2023/03/19 19:53:31 611] tts        527  0  nil  1  
[2023/03/19 19:53:31 612] tts        657  TTS_MSG_GETAUDIO  0  
[2023/03/19 19:53:31 612] tts        485  get audio|use local  
[2023/03/19 19:53:31 612] tts        527  0  nil  1  
[2023/03/19 19:53:31 612] tts        657  TTS_MSG_GETAUDIO  0  
[2023/03/19 19:53:31 612] tts        485  get audio|use local  
[2023/03/19 19:53:31 613] tts        527  0  nil  1  
[2023/03/19 19:53:31 613] tts        657  TTS_MSG_GETAUDIO  0  
[2023/03/19 19:53:31 613] tts        485  get audio|use local  
[2023/03/19 19:53:31 613] tts        527  0  nil  1  
[2023/03/19 19:53:31 614] tts        657  TTS_MSG_GETAUDIO  0  
[2023/03/19 19:53:31 614] tts        485  get audio|use local  
[2023/03/19 19:53:31 614] tts        527  0  nil  1  
[2023/03/19 19:53:31 615] tts        657  TTS_MSG_GETAUDIO  0  
[2023/03/19 19:53:31 615] tts        485  get audio|use local  
[2023/03/19 19:53:31 615] tts        527  0  nil  1  
[2023/03/19 19:53:31 615] tts        657  TTS_MSG_GETAUDIO  0  
[2023/03/19 19:53:31 616] tts        485  get audio|use local  
[2023/03/19 19:53:31 616] tts        527  0  nil  1  
[2023/03/19 19:53:31 616] tts        657  TTS_MSG_GETAUDIO  0  
[2023/03/19 19:53:31 616] tts        485  get audio|use local  
[2023/03/19 19:53:31 616] tts        527  0  nil  1  
[2023/03/19 19:53:31 619] tts        657  TTS_MSG_GETAUDIO  0  
[2023/03/19 19:53:31 619] tts        485  get audio|use local  
[2023/03/19 19:53:31 619] tts        527  0  nil  1  
[2023/03/19 19:53:31 620] tts        657  TTS_MSG_GETAUDIO  0  
[2023/03/19 19:53:31 620] tts        485  get audio|use local  
[2023/03/19 19:53:31 620] tts        527  0  nil  1  
[2023/03/19 19:53:31 621] tts        657  TTS_MSG_GETAUDIO  0  
[2023/03/19 19:53:31 621] tts        485  get audio|use local  
[2023/03/19 19:53:31 621] tts        527  0  nil  1  
[2023/03/19 19:53:31 622] tts        657  TTS_MSG_GETAUDIO  0  
[2023/03/19 19:53:31 622] tts        485  get audio|use local  
[2023/03/19 19:53:31 622] tts        527  0  nil  1  
[2023/03/19 19:53:31 622] tts        657  TTS_MSG_GETAUDIO  0  
[2023/03/19 19:53:31 623] tts        485  get audio|use local  
[2023/03/19 19:53:31 623] tts        527  0  nil  1  
[2023/03/19 19:53:31 624] tts        657  TTS_MSG_GETAUDIO  0  
[2023/03/19 19:53:31 624] tts        485  get audio|use local  
[2023/03/19 19:53:31 624] tts        527  0  nil  1  
[2023/03/19 19:53:31 625] tts        657  TTS_MSG_GETAUDIO  0  
[2023/03/19 19:53:31 625] tts        485  get audio|use local  
[2023/03/19 19:53:31 625] tts        527  0  nil  1  
[2023/03/19 19:53:31 625] tts        657  TTS_MSG_GETAUDIO  0  
[2023/03/19 19:53:31 625] tts        485  get audio|use local  
[2023/03/19 19:53:31 626] tts        527  0  nil  1  
[2023/03/19 19:53:31 626] tts        657  TTS_MSG_GETAUDIO  0  
[2023/03/19 19:53:31 626] tts        485  get audio|use local  
[2023/03/19 19:53:31 626] tts        527  0  nil  1  
[2023/03/19 19:53:31 627] tts        657  TTS_MSG_GETAUDIO  0  
[2023/03/19 19:53:31 627] tts        485  get audio|use local  
[2023/03/19 19:53:31 627] tts        527  0  nil  1  
[2023/03/19 19:53:31 628] tts        657  TTS_MSG_GETAUDIO  0  
[2023/03/19 19:53:31 628] tts        485  get audio|use local  
[2023/03/19 19:53:31 628] tts        527  0  nil  1  
[2023/03/19 19:53:31 628] tts        657  TTS_MSG_GETAUDIO  0  
[2023/03/19 19:53:31 628] tts        485  get audio|use local  
[2023/03/19 19:53:31 628] tts        527  0  nil  1  
[2023/03/19 19:53:31 629] tts        657  TTS_MSG_GETAUDIO  0  
[2023/03/19 19:53:31 629] tts        485  get audio|use local  
[2023/03/19 19:53:31 629] tts        527  0  nil  1  
[2023/03/19 19:53:31 630] tts        657  TTS_MSG_GETAUDIO  0  
[2023/03/19 19:53:31 630] tts        485  get audio|use local  
[2023/03/19 19:53:31 630] tts        527  0  nil  1  
[2023/03/19 19:53:31 630] tts        657  TTS_MSG_GETAUDIO  0  
[2023/03/19 19:53:31 630] tts        485  get audio|use local  
[2023/03/19 19:53:31 630] tts        527  0  nil  1  
[2023/03/19 19:53:31 631] tts        657  TTS_MSG_GETAUDIO  0  
[2023/03/19 19:53:31 631] tts        485  get audio|use local  
[2023/03/19 19:53:31 632] tts        527  0  nil  1  
[2023/03/19 19:53:31 632] tts        657  TTS_MSG_GETAUDIO  0  
[2023/03/19 19:53:31 632] tts        485  get audio|use local  
[2023/03/19 19:53:31 632] tts        527  0  nil  1  
[2023/03/19 19:53:31 633] tts        657  TTS_MSG_GETAUDIO  0  
[2023/03/19 19:53:31 633] tts        485  get audio|use local  
[2023/03/19 19:53:31 633] tts        527  0  nil  1  
[2023/03/19 19:53:31 634] tts        657  TTS_MSG_GETAUDIO  0  
[2023/03/19 19:53:31 634] tts        485  get audio|use local  
[2023/03/19 19:53:31 634] tts        527  0  nil  1  
[2023/03/19 19:53:31 634] tts        657  TTS_MSG_GETAUDIO  0  
[2023/03/19 19:53:31 634] tts        485  get audio|use local  
[2023/03/19 19:53:31 634] tts        527  0  nil  1  
[2023/03/19 19:53:31 635] tts        657  TTS_MSG_GETAUDIO  0  
[2023/03/19 19:53:31 635] tts        485  get audio|use local  
[2023/03/19 19:53:31 635] tts        527  0  nil  1  
[2023/03/19 19:53:31 636] tts        657  TTS_MSG_GETAUDIO  0  
[2023/03/19 19:53:31 636] tts        485  get audio|use local  
[2023/03/19 19:53:31 636] tts        527  0  nil  1  
[2023/03/19 19:53:31 637] tts        657  TTS_MSG_GETAUDIO  0  
[2023/03/19 19:53:31 637] tts        485  get audio|use local  
[2023/03/19 19:53:31 637] tts        527  0  nil  1  
[2023/03/19 19:53:31 637] tts        657  TTS_MSG_GETAUDIO  0  
[2023/03/19 19:53:31 637] tts        485  get audio|use local  
[2023/03/19 19:53:31 638] tts        527  0  nil  1  
[2023/03/19 19:53:31 638] tts        657  TTS_MSG_GETAUDIO  0  
[2023/03/19 19:53:31 638] tts        485  get audio|use local  
[2023/03/19 19:53:31 638] tts        527  0  nil  1  
[2023/03/19 19:53:31 639] tts        657  TTS_MSG_GETAUDIO  0  
[2023/03/19 19:53:31 639] tts        485  get audio|use local  
[2023/03/19 19:53:31 639] tts        527  0  nil  1  
[2023/03/19 19:53:31 640] tts        657  TTS_MSG_GETAUDIO  0  
[2023/03/19 19:53:31 640] tts        485  get audio|use local  
[2023/03/19 19:53:31 640] tts        527  0  nil  1  
[2023/03/19 19:53:31 641] tts        657  TTS_MSG_GETAUDIO  0  
[2023/03/19 19:53:31 641] tts        485  get audio|use local  
[2023/03/19 19:53:31 641] tts        527  0  nil  1  
[2023/03/19 19:53:31 641] tts        657  TTS_MSG_GETAUDIO  0  
[2023/03/19 19:53:31 641] tts        485  get audio|use local  
[2023/03/19 19:53:31 641] tts        527  0  nil  1  
[2023/03/19 19:53:31 642] tts        657  TTS_MSG_GETAUDIO  0  
[2023/03/19 19:53:31 642] tts        485  get audio|use local  
[2023/03/19 19:53:31 642] tts        527  0  nil  1  
[2023/03/19 19:53:31 643] tts        657  TTS_MSG_GETAUDIO  0  
[2023/03/19 19:53:31 643] tts        485  get audio|use local  
[2023/03/19 19:53:31 643] tts        527  0  nil  1  
[2023/03/19 19:53:31 644] tts        657  TTS_MSG_GETAUDIO  0  
[2023/03/19 19:53:31 644] tts        485  get audio|use local  
[2023/03/19 19:53:31 644] tts        527  0  nil  1  
[2023/03/19 19:53:31 645] tts        657  TTS_MSG_GETAUDIO  0  
[2023/03/19 19:53:31 645] tts        485  get audio|use local  
[2023/03/19 19:53:31 645] tts        527  0  nil  1  
[2023/03/19 19:53:31 645] tts        657  TTS_MSG_GETAUDIO  0  
[2023/03/19 19:53:31 645] tts        485  get audio|use local  
[2023/03/19 19:53:31 646] tts        527  0  nil  1  
[2023/03/19 19:53:31 646] tts        657  TTS_MSG_GETAUDIO  0  
[2023/03/19 19:53:31 646] tts        485  get audio|use local  
[2023/03/19 19:53:31 646] tts        527  0  nil  1  
[2023/03/19 19:53:31 647] tts        657  TTS_MSG_GETAUDIO  0  
[2023/03/19 19:53:31 647] tts        485  get audio|use local  
[2023/03/19 19:53:31 647] tts        527  0  nil  1  
[2023/03/19 19:53:31 648] tts        657  TTS_MSG_GETAUDIO  0  
[2023/03/19 19:53:31 648] tts        485  get audio|use local  
[2023/03/19 19:53:31 648] tts        527  0  nil  1  
[2023/03/19 19:53:31 649] tts        657  TTS_MSG_GETAUDIO  0  
[2023/03/19 19:53:31 649] tts        485  get audio|use local  
[2023/03/19 19:53:31 649] tts        527  0  nil  1  
[2023/03/19 19:53:31 649] tts        657  TTS_MSG_GETAUDIO  0  
[2023/03/19 19:53:31 650] tts        485  get audio|use local  
[2023/03/19 19:53:31 650] tts        527  0  nil  1  
[2023/03/19 19:53:31 650] tts        657  TTS_MSG_GETAUDIO  0  
[2023/03/19 19:53:31 651] tts        485  get audio|use local  
[2023/03/19 19:53:31 651] tts        527  0  nil  1  
[2023/03/19 19:53:31 651] tts        657  TTS_MSG_GETAUDIO  0  
[2023/03/19 19:53:31 651] tts        485  get audio|use local  
[2023/03/19 19:53:31 651] tts        527  0  nil  1  
[2023/03/19 19:53:31 653] tts        657  TTS_MSG_GETAUDIO  0  
[2023/03/19 19:53:31 653] tts        485  get audio|use local  
[2023/03/19 19:53:31 653] tts        527  0  nil  1  
[2023/03/19 19:53:31 656] tts        657  TTS_MSG_GETAUDIO  0  
[2023/03/19 19:53:31 656] tts        485  get audio|use local  
[2023/03/19 19:53:31 656] tts        498  local audiolen:  2034  ,ced:  3  
[2023/03/19 19:53:31 656] tts        527  0  udata(6007f758) 1  
[2023/03/19 19:53:31 659] tts        657  TTS_MSG_GETAUDIO  0  
[2023/03/19 19:53:31 659] tts        485  get audio|use local  
[2023/03/19 19:53:31 660] tts        498  local audiolen:  1948  ,ced:  3  
[2023/03/19 19:53:31 660] tts        527  0  udata(6007c728) 1  
[2023/03/19 19:53:31 662] tts        657  TTS_MSG_GETAUDIO  0  
[2023/03/19 19:53:31 662] tts        485  get audio|use local  
[2023/03/19 19:53:31 662] tts        498  local audiolen:  1994  ,ced:  3  
[2023/03/19 19:53:31 662] tts        527  0  udata(6007c878) 1  
[2023/03/19 19:53:31 665] tts        301  0  0  
[2023/03/19 19:53:31 666] tts        312  TTS_LOCAL_CB_END,  2  
[2023/03/19 19:53:31 666] tts        657  TTS_MSG_GETAUDIO  0  
[2023/03/19 19:53:31 666] tts        485  get audio|use local  
[2023/03/19 19:53:31 666] tts        498  local audiolen:  1984  ,ced:  3  
[2023/03/19 19:53:31 666] tts        527  0  udata(6007cf78) 1  
[2023/03/19 19:53:31 667] tts        657  TTS_MSG_GETAUDIO  0  
[2023/03/19 19:53:31 667] tts        485  get audio|use local  
[2023/03/19 19:53:31 667] tts        498  local audiolen:  1900  ,ced:  3  
[2023/03/19 19:53:31 667] tts        527  0  udata(6007cfc8) 1  
[2023/03/19 19:53:31 671] tts        657  TTS_MSG_GETAUDIO  0  
[2023/03/19 19:53:31 671] tts        485  get audio|use local  
[2023/03/19 19:53:31 672] tts        498  local audiolen:  2020  ,ced:  3  
[2023/03/19 19:53:31 672] tts        527  0  udata(6007d018) 1  
[2023/03/19 19:53:31 677] tts        657  TTS_MSG_GETAUDIO  0  
[2023/03/19 19:53:31 677] tts        485  get audio|use local  
[2023/03/19 19:53:31 677] tts        498  local audiolen:  2010  ,ced:  3  
[2023/03/19 19:53:31 677] tts        527  0  udata(6007d068) 1  
[2023/03/19 19:53:31 678] tts        657  TTS_MSG_GETAUDIO  0  
[2023/03/19 19:53:31 678] tts        485  get audio|use local  
[2023/03/19 19:53:31 678] tts        498  local audiolen:  960  ,ced:  3  
[2023/03/19 19:53:31 678] tts        527  0  udata(6007ddb8) 2  
[2023/03/19 19:53:31 682] tts        660  TTS_MSG_SSE  
[2023/03/19 19:53:31 684] tts        585  sse|use local  
[2023/03/19 19:53:31 685] tts        603  tts exit  
