============================================================
Time  2023/05/06 19:42:37 000 
============================================================
[2023/05/06 19:42:37 001] tts        676  SYS_MSG_REGCB param0 =  msp_status_cb  param1 =  func(94014a30) 
[2023/05/06 19:42:37 003] config     43   use general cloud  
[2023/05/06 19:42:37 009] tts_cloud  1417 SYS_MSG_REGCB_CLOUD param0 =   msp_status_cb  param1 =  func(94014a30) 
[2023/05/06 19:42:37 009] tts        647  TTS_MSG_SSB  
[2023/05/06 19:42:37 009] tts        375  params =  engine_type = local,voice_name=xiaoyan, text_encoding = UTF8, tts_res_path = fo|res/tts/xiaoyan.jet;fo|res/tts/common.jet, sample_rate = 16000, speed = 80, volume = 50, pitch = 50, rdn = 2  
[2023/05/06 19:42:37 009] tts        412  ssb|use local  
[2023/05/06 19:42:37 009] tts        349  local_session_begin  
[2023/05/06 19:42:37 012] tts        654  TTS_MSG_SYN  0  
[2023/05/06 19:42:37 012] tts        451  synth|use local  
[2023/05/06 19:42:37 013] tts        657  TTS_MSG_GETAUDIO  0  
[2023/05/06 19:42:37 013] tts        485  get audio|use local  
[2023/05/06 19:42:37 014] tts        527  0  nil  1  
[2023/05/06 19:42:37 014] tts        657  TTS_MSG_GETAUDIO  0  
[2023/05/06 19:42:37 014] tts        485  get audio|use local  
[2023/05/06 19:42:37 015] tts        527  0  nil  1  
[2023/05/06 19:42:37 015] tts        657  TTS_MSG_GETAUDIO  0  
[2023/05/06 19:42:37 016] tts        485  get audio|use local  
[2023/05/06 19:42:37 016] tts        527  0  nil  1  
[2023/05/06 19:42:37 017] tts        657  TTS_MSG_GETAUDIO  0  
[2023/05/06 19:42:37 017] tts        485  get audio|use local  
[2023/05/06 19:42:37 017] tts        527  0  nil  1  
[2023/05/06 19:42:37 018] tts        657  TTS_MSG_GETAUDIO  0  
[2023/05/06 19:42:37 018] tts        485  get audio|use local  
[2023/05/06 19:42:37 018] tts        527  0  nil  1  
[2023/05/06 19:42:37 018] tts        657  TTS_MSG_GETAUDIO  0  
[2023/05/06 19:42:37 018] tts        485  get audio|use local  
[2023/05/06 19:42:37 019] tts        527  0  nil  1  
[2023/05/06 19:42:37 019] tts        657  TTS_MSG_GETAUDIO  0  
[2023/05/06 19:42:37 019] tts        485  get audio|use local  
[2023/05/06 19:42:37 020] tts        527  0  nil  1  
[2023/05/06 19:42:37 020] tts        657  TTS_MSG_GETAUDIO  0  
[2023/05/06 19:42:37 020] tts        485  get audio|use local  
[2023/05/06 19:42:37 020] tts        527  0  nil  1  
[2023/05/06 19:42:37 021] tts        657  TTS_MSG_GETAUDIO  0  
[2023/05/06 19:42:37 021] tts        485  get audio|use local  
[2023/05/06 19:42:37 021] tts        527  0  nil  1  
[2023/05/06 19:42:37 022] tts        657  TTS_MSG_GETAUDIO  0  
[2023/05/06 19:42:37 022] tts        485  get audio|use local  
[2023/05/06 19:42:37 022] tts        527  0  nil  1  
[2023/05/06 19:42:37 023] tts        657  TTS_MSG_GETAUDIO  0  
[2023/05/06 19:42:37 023] tts        485  get audio|use local  
[2023/05/06 19:42:37 023] tts        527  0  nil  1  
[2023/05/06 19:42:37 024] tts        657  TTS_MSG_GETAUDIO  0  
[2023/05/06 19:42:37 024] tts        485  get audio|use local  
[2023/05/06 19:42:37 024] tts        527  0  nil  1  
[2023/05/06 19:42:37 025] tts        657  TTS_MSG_GETAUDIO  0  
[2023/05/06 19:42:37 025] tts        485  get audio|use local  
[2023/05/06 19:42:37 025] tts        527  0  nil  1  
[2023/05/06 19:42:37 026] tts        657  TTS_MSG_GETAUDIO  0  
[2023/05/06 19:42:37 027] tts        485  get audio|use local  
[2023/05/06 19:42:37 027] tts        527  0  nil  1  
[2023/05/06 19:42:37 027] tts        657  TTS_MSG_GETAUDIO  0  
[2023/05/06 19:42:37 028] tts        485  get audio|use local  
[2023/05/06 19:42:37 028] tts        527  0  nil  1  
[2023/05/06 19:42:37 028] tts        657  TTS_MSG_GETAUDIO  0  
[2023/05/06 19:42:37 028] tts        485  get audio|use local  
[2023/05/06 19:42:37 029] tts        527  0  nil  1  
[2023/05/06 19:42:37 029] tts        657  TTS_MSG_GETAUDIO  0  
[2023/05/06 19:42:37 030] tts        485  get audio|use local  
[2023/05/06 19:42:37 030] tts        527  0  nil  1  
[2023/05/06 19:42:37 030] tts        657  TTS_MSG_GETAUDIO  0  
[2023/05/06 19:42:37 031] tts        485  get audio|use local  
[2023/05/06 19:42:37 031] tts        527  0  nil  1  
[2023/05/06 19:42:37 031] tts        657  TTS_MSG_GETAUDIO  0  
[2023/05/06 19:42:37 032] tts        485  get audio|use local  
[2023/05/06 19:42:37 032] tts        527  0  nil  1  
[2023/05/06 19:42:37 032] tts        657  TTS_MSG_GETAUDIO  0  
[2023/05/06 19:42:37 032] tts        485  get audio|use local  
[2023/05/06 19:42:37 032] tts        527  0  nil  1  
[2023/05/06 19:42:37 033] tts        657  TTS_MSG_GETAUDIO  0  
[2023/05/06 19:42:37 034] tts        485  get audio|use local  
[2023/05/06 19:42:37 034] tts        527  0  nil  1  
[2023/05/06 19:42:37 034] tts        657  TTS_MSG_GETAUDIO  0  
[2023/05/06 19:42:37 034] tts        485  get audio|use local  
[2023/05/06 19:42:37 035] tts        527  0  nil  1  
[2023/05/06 19:42:37 035] tts        657  TTS_MSG_GETAUDIO  0  
[2023/05/06 19:42:37 035] tts        485  get audio|use local  
[2023/05/06 19:42:37 036] tts        527  0  nil  1  
[2023/05/06 19:42:37 036] tts        657  TTS_MSG_GETAUDIO  0  
[2023/05/06 19:42:37 036] tts        485  get audio|use local  
[2023/05/06 19:42:37 037] tts        527  0  nil  1  
[2023/05/06 19:42:37 038] tts        657  TTS_MSG_GETAUDIO  0  
[2023/05/06 19:42:37 038] tts        485  get audio|use local  
[2023/05/06 19:42:37 038] tts        527  0  nil  1  
[2023/05/06 19:42:37 040] tts        657  TTS_MSG_GETAUDIO  0  
[2023/05/06 19:42:37 040] tts        485  get audio|use local  
[2023/05/06 19:42:37 040] tts        527  0  nil  1  
[2023/05/06 19:42:37 041] tts        657  TTS_MSG_GETAUDIO  0  
[2023/05/06 19:42:37 041] tts        485  get audio|use local  
[2023/05/06 19:42:37 041] tts        527  0  nil  1  
[2023/05/06 19:42:37 041] tts        657  TTS_MSG_GETAUDIO  0  
[2023/05/06 19:42:37 042] tts        485  get audio|use local  
[2023/05/06 19:42:37 042] tts        527  0  nil  1  
[2023/05/06 19:42:37 042] tts        657  TTS_MSG_GETAUDIO  0  
[2023/05/06 19:42:37 042] tts        485  get audio|use local  
[2023/05/06 19:42:37 042] tts        527  0  nil  1  
[2023/05/06 19:42:37 043] tts        657  TTS_MSG_GETAUDIO  0  
[2023/05/06 19:42:37 043] tts        485  get audio|use local  
[2023/05/06 19:42:37 043] tts        527  0  nil  1  
[2023/05/06 19:42:37 044] tts        657  TTS_MSG_GETAUDIO  0  
[2023/05/06 19:42:37 044] tts        485  get audio|use local  
[2023/05/06 19:42:37 044] tts        527  0  nil  1  
[2023/05/06 19:42:37 045] tts        657  TTS_MSG_GETAUDIO  0  
[2023/05/06 19:42:37 045] tts        485  get audio|use local  
[2023/05/06 19:42:37 045] tts        527  0  nil  1  
[2023/05/06 19:42:37 046] tts        657  TTS_MSG_GETAUDIO  0  
[2023/05/06 19:42:37 046] tts        485  get audio|use local  
[2023/05/06 19:42:37 046] tts        527  0  nil  1  
[2023/05/06 19:42:37 046] tts        657  TTS_MSG_GETAUDIO  0  
[2023/05/06 19:42:37 046] tts        485  get audio|use local  
[2023/05/06 19:42:37 046] tts        527  0  nil  1  
[2023/05/06 19:42:37 047] tts        657  TTS_MSG_GETAUDIO  0  
[2023/05/06 19:42:37 047] tts        485  get audio|use local  
[2023/05/06 19:42:37 047] tts        527  0  nil  1  
[2023/05/06 19:42:37 048] tts        657  TTS_MSG_GETAUDIO  0  
[2023/05/06 19:42:37 048] tts        485  get audio|use local  
[2023/05/06 19:42:37 048] tts        527  0  nil  1  
[2023/05/06 19:42:37 048] tts        657  TTS_MSG_GETAUDIO  0  
[2023/05/06 19:42:37 048] tts        485  get audio|use local  
[2023/05/06 19:42:37 049] tts        527  0  nil  1  
[2023/05/06 19:42:37 049] tts        657  TTS_MSG_GETAUDIO  0  
[2023/05/06 19:42:37 049] tts        485  get audio|use local  
[2023/05/06 19:42:37 049] tts        527  0  nil  1  
[2023/05/06 19:42:37 050] tts        657  TTS_MSG_GETAUDIO  0  
[2023/05/06 19:42:37 050] tts        485  get audio|use local  
[2023/05/06 19:42:37 050] tts        527  0  nil  1  
[2023/05/06 19:42:37 051] tts        657  TTS_MSG_GETAUDIO  0  
[2023/05/06 19:42:37 051] tts        485  get audio|use local  
[2023/05/06 19:42:37 051] tts        527  0  nil  1  
[2023/05/06 19:42:37 052] tts        657  TTS_MSG_GETAUDIO  0  
[2023/05/06 19:42:37 052] tts        485  get audio|use local  
[2023/05/06 19:42:37 052] tts        527  0  nil  1  
[2023/05/06 19:42:37 052] tts        657  TTS_MSG_GETAUDIO  0  
[2023/05/06 19:42:37 052] tts        485  get audio|use local  
[2023/05/06 19:42:37 052] tts        527  0  nil  1  
[2023/05/06 19:42:37 053] tts        657  TTS_MSG_GETAUDIO  0  
[2023/05/06 19:42:37 053] tts        485  get audio|use local  
[2023/05/06 19:42:37 053] tts        527  0  nil  1  
[2023/05/06 19:42:37 054] tts        657  TTS_MSG_GETAUDIO  0  
[2023/05/06 19:42:37 054] tts        485  get audio|use local  
[2023/05/06 19:42:37 054] tts        527  0  nil  1  
[2023/05/06 19:42:37 055] tts        657  TTS_MSG_GETAUDIO  0  
[2023/05/06 19:42:37 055] tts        485  get audio|use local  
[2023/05/06 19:42:37 055] tts        527  0  nil  1  
[2023/05/06 19:42:37 056] tts        657  TTS_MSG_GETAUDIO  0  
[2023/05/06 19:42:37 056] tts        485  get audio|use local  
[2023/05/06 19:42:37 056] tts        527  0  nil  1  
[2023/05/06 19:42:37 057] tts        657  TTS_MSG_GETAUDIO  0  
[2023/05/06 19:42:37 057] tts        485  get audio|use local  
[2023/05/06 19:42:37 057] tts        527  0  nil  1  
[2023/05/06 19:42:37 058] tts        657  TTS_MSG_GETAUDIO  0  
[2023/05/06 19:42:37 058] tts        485  get audio|use local  
[2023/05/06 19:42:37 058] tts        527  0  nil  1  
[2023/05/06 19:42:37 059] tts        657  TTS_MSG_GETAUDIO  0  
[2023/05/06 19:42:37 059] tts        485  get audio|use local  
[2023/05/06 19:42:37 059] tts        527  0  nil  1  
[2023/05/06 19:42:37 060] tts        657  TTS_MSG_GETAUDIO  0  
[2023/05/06 19:42:37 060] tts        485  get audio|use local  
[2023/05/06 19:42:37 060] tts        527  0  nil  1  
[2023/05/06 19:42:37 061] tts        657  TTS_MSG_GETAUDIO  0  
[2023/05/06 19:42:37 061] tts        485  get audio|use local  
[2023/05/06 19:42:37 061] tts        527  0  nil  1  
[2023/05/06 19:42:37 062] tts        657  TTS_MSG_GETAUDIO  0  
[2023/05/06 19:42:37 062] tts        485  get audio|use local  
[2023/05/06 19:42:37 062] tts        527  0  nil  1  
[2023/05/06 19:42:37 063] tts        657  TTS_MSG_GETAUDIO  0  
[2023/05/06 19:42:37 063] tts        485  get audio|use local  
[2023/05/06 19:42:37 063] tts        527  0  nil  1  
[2023/05/06 19:42:37 064] tts        657  TTS_MSG_GETAUDIO  0  
[2023/05/06 19:42:37 064] tts        485  get audio|use local  
[2023/05/06 19:42:37 064] tts        527  0  nil  1  
[2023/05/06 19:42:37 065] tts        657  TTS_MSG_GETAUDIO  0  
[2023/05/06 19:42:37 065] tts        485  get audio|use local  
[2023/05/06 19:42:37 065] tts        527  0  nil  1  
[2023/05/06 19:42:37 066] tts        657  TTS_MSG_GETAUDIO  0  
[2023/05/06 19:42:37 066] tts        485  get audio|use local  
[2023/05/06 19:42:37 066] tts        527  0  nil  1  
[2023/05/06 19:42:37 068] tts        657  TTS_MSG_GETAUDIO  0  
[2023/05/06 19:42:37 068] tts        485  get audio|use local  
[2023/05/06 19:42:37 068] tts        527  0  nil  1  
[2023/05/06 19:42:37 071] tts        657  TTS_MSG_GETAUDIO  0  
[2023/05/06 19:42:37 071] tts        485  get audio|use local  
[2023/05/06 19:42:37 071] tts        527  0  nil  1  
[2023/05/06 19:42:37 072] tts        657  TTS_MSG_GETAUDIO  0  
[2023/05/06 19:42:37 073] tts        485  get audio|use local  
[2023/05/06 19:42:37 073] tts        527  0  nil  1  
[2023/05/06 19:42:37 074] tts        657  TTS_MSG_GETAUDIO  0  
[2023/05/06 19:42:37 074] tts        485  get audio|use local  
[2023/05/06 19:42:37 074] tts        527  0  nil  1  
[2023/05/06 19:42:37 075] tts        657  TTS_MSG_GETAUDIO  0  
[2023/05/06 19:42:37 076] tts        485  get audio|use local  
[2023/05/06 19:42:37 076] tts        527  0  nil  1  
[2023/05/06 19:42:37 077] tts        657  TTS_MSG_GETAUDIO  0  
[2023/05/06 19:42:37 077] tts        485  get audio|use local  
[2023/05/06 19:42:37 078] tts        527  0  nil  1  
[2023/05/06 19:42:37 079] tts        657  TTS_MSG_GETAUDIO  0  
[2023/05/06 19:42:37 079] tts        485  get audio|use local  
[2023/05/06 19:42:37 079] tts        527  0  nil  1  
[2023/05/06 19:42:37 080] tts        657  TTS_MSG_GETAUDIO  0  
[2023/05/06 19:42:37 080] tts        485  get audio|use local  
[2023/05/06 19:42:37 080] tts        527  0  nil  1  
[2023/05/06 19:42:37 081] tts        657  TTS_MSG_GETAUDIO  0  
[2023/05/06 19:42:37 082] tts        485  get audio|use local  
[2023/05/06 19:42:37 082] tts        527  0  nil  1  
[2023/05/06 19:42:37 086] tts        657  TTS_MSG_GETAUDIO  0  
[2023/05/06 19:42:37 086] tts        485  get audio|use local  
[2023/05/06 19:42:37 087] tts        527  0  nil  1  
[2023/05/06 19:42:37 089] tts        657  TTS_MSG_GETAUDIO  0  
[2023/05/06 19:42:37 089] tts        485  get audio|use local  
[2023/05/06 19:42:37 089] tts        527  0  nil  1  
[2023/05/06 19:42:37 090] tts        657  TTS_MSG_GETAUDIO  0  
[2023/05/06 19:42:37 091] tts        485  get audio|use local  
[2023/05/06 19:42:37 091] tts        527  0  nil  1  
[2023/05/06 19:42:37 092] tts        657  TTS_MSG_GETAUDIO  0  
[2023/05/06 19:42:37 092] tts        485  get audio|use local  
[2023/05/06 19:42:37 092] tts        527  0  nil  1  
[2023/05/06 19:42:37 093] tts        657  TTS_MSG_GETAUDIO  0  
[2023/05/06 19:42:37 093] tts        485  get audio|use local  
[2023/05/06 19:42:37 094] tts        527  0  nil  1  
[2023/05/06 19:42:37 095] tts        657  TTS_MSG_GETAUDIO  0  
[2023/05/06 19:42:37 095] tts        485  get audio|use local  
[2023/05/06 19:42:37 095] tts        527  0  nil  1  
[2023/05/06 19:42:37 096] tts        657  TTS_MSG_GETAUDIO  0  
[2023/05/06 19:42:37 096] tts        485  get audio|use local  
[2023/05/06 19:42:37 096] tts        527  0  nil  1  
[2023/05/06 19:42:37 097] tts        657  TTS_MSG_GETAUDIO  0  
[2023/05/06 19:42:37 097] tts        485  get audio|use local  
[2023/05/06 19:42:37 097] tts        527  0  nil  1  
[2023/05/06 19:42:37 098] tts        657  TTS_MSG_GETAUDIO  0  
[2023/05/06 19:42:37 098] tts        485  get audio|use local  
[2023/05/06 19:42:37 098] tts        527  0  nil  1  
[2023/05/06 19:42:37 099] tts        657  TTS_MSG_GETAUDIO  0  
[2023/05/06 19:42:37 099] tts        485  get audio|use local  
[2023/05/06 19:42:37 099] tts        527  0  nil  1  
[2023/05/06 19:42:37 100] tts        657  TTS_MSG_GETAUDIO  0  
[2023/05/06 19:42:37 100] tts        485  get audio|use local  
[2023/05/06 19:42:37 100] tts        527  0  nil  1  
[2023/05/06 19:42:37 101] tts        657  TTS_MSG_GETAUDIO  0  
[2023/05/06 19:42:37 101] tts        485  get audio|use local  
[2023/05/06 19:42:37 101] tts        527  0  nil  1  
[2023/05/06 19:42:37 102] tts        657  TTS_MSG_GETAUDIO  0  
[2023/05/06 19:42:37 102] tts        485  get audio|use local  
[2023/05/06 19:42:37 102] tts        527  0  nil  1  
[2023/05/06 19:42:37 103] tts        657  TTS_MSG_GETAUDIO  0  
[2023/05/06 19:42:37 103] tts        485  get audio|use local  
[2023/05/06 19:42:37 103] tts        527  0  nil  1  
[2023/05/06 19:42:37 104] tts        657  TTS_MSG_GETAUDIO  0  
[2023/05/06 19:42:37 104] tts        485  get audio|use local  
[2023/05/06 19:42:37 104] tts        527  0  nil  1  
[2023/05/06 19:42:37 105] tts        657  TTS_MSG_GETAUDIO  0  
[2023/05/06 19:42:37 105] tts        485  get audio|use local  
[2023/05/06 19:42:37 105] tts        527  0  nil  1  
[2023/05/06 19:42:37 106] tts        657  TTS_MSG_GETAUDIO  0  
[2023/05/06 19:42:37 106] tts        485  get audio|use local  
[2023/05/06 19:42:37 106] tts        527  0  nil  1  
[2023/05/06 19:42:37 107] tts        657  TTS_MSG_GETAUDIO  0  
[2023/05/06 19:42:37 107] tts        485  get audio|use local  
[2023/05/06 19:42:37 107] tts        527  0  nil  1  
[2023/05/06 19:42:37 110] tts        657  TTS_MSG_GETAUDIO  0  
[2023/05/06 19:42:37 110] tts        485  get audio|use local  
[2023/05/06 19:42:37 110] tts        527  0  nil  1  
[2023/05/06 19:42:37 111] tts        299  TTS_LOCAL_CB_BEGIN  
[2023/05/06 19:42:37 112] tts        657  TTS_MSG_GETAUDIO  0  
[2023/05/06 19:42:37 112] tts        485  get audio|use local  
[2023/05/06 19:42:37 112] tts        498  local audiolen:  1964  ,ced:  25  
[2023/05/06 19:42:37 112] tts        527  0  udata(9407f608) 1  
[2023/05/06 19:42:37 115] tts        657  TTS_MSG_GETAUDIO  0  
[2023/05/06 19:42:37 115] tts        485  get audio|use local  
[2023/05/06 19:42:37 115] tts        498  local audiolen:  1992  ,ced:  25  
[2023/05/06 19:42:37 115] tts        527  0  udata(9407c8b8) 1  
[2023/05/06 19:42:37 117] tts        657  TTS_MSG_GETAUDIO  0  
[2023/05/06 19:42:37 117] tts        485  get audio|use local  
[2023/05/06 19:42:37 117] tts        498  local audiolen:  2044  ,ced:  25  
[2023/05/06 19:42:37 117] tts        527  0  udata(9407cb48) 1  
[2023/05/06 19:42:37 119] tts        657  TTS_MSG_GETAUDIO  0  
[2023/05/06 19:42:37 119] tts        485  get audio|use local  
[2023/05/06 19:42:37 119] tts        498  local audiolen:  2016  ,ced:  25  
[2023/05/06 19:42:37 119] tts        527  0  udata(9407ee68) 1  
[2023/05/06 19:42:37 121] tts        657  TTS_MSG_GETAUDIO  0  
[2023/05/06 19:42:37 121] tts        485  get audio|use local  
[2023/05/06 19:42:37 121] tts        498  local audiolen:  2014  ,ced:  25  
[2023/05/06 19:42:37 122] tts        527  0  udata(9407f2c8) 1  
[2023/05/06 19:42:37 123] tts        657  TTS_MSG_GETAUDIO  0  
[2023/05/06 19:42:37 123] tts        485  get audio|use local  
[2023/05/06 19:42:37 123] tts        498  local audiolen:  1962  ,ced:  25  
[2023/05/06 19:42:37 124] tts        527  0  udata(9407ce08) 1  
[2023/05/06 19:42:37 126] tts        657  TTS_MSG_GETAUDIO  0  
[2023/05/06 19:42:37 126] tts        485  get audio|use local  
[2023/05/06 19:42:37 126] tts        498  local audiolen:  2016  ,ced:  25  
[2023/05/06 19:42:37 127] tts        527  0  udata(9407d1b8) 1  
[2023/05/06 19:42:37 128] tts        657  TTS_MSG_GETAUDIO  0  
[2023/05/06 19:42:37 128] tts        485  get audio|use local  
[2023/05/06 19:42:37 129] tts        498  local audiolen:  1924  ,ced:  25  
[2023/05/06 19:42:37 129] tts        527  0  udata(9407e818) 1  
[2023/05/06 19:42:37 131] tts        657  TTS_MSG_GETAUDIO  0  
[2023/05/06 19:42:37 131] tts        485  get audio|use local  
[2023/05/06 19:42:37 131] tts        498  local audiolen:  1998  ,ced:  25  
[2023/05/06 19:42:37 131] tts        527  0  udata(9407e968) 1  
[2023/05/06 19:42:37 132] tts        301  0  0  
[2023/05/06 19:42:37 132] tts        312  TTS_LOCAL_CB_END,  2  
[2023/05/06 19:42:37 133] tts        657  TTS_MSG_GETAUDIO  0  
[2023/05/06 19:42:37 133] tts        485  get audio|use local  
[2023/05/06 19:42:37 133] tts        498  local audiolen:  2036  ,ced:  25  
[2023/05/06 19:42:37 133] tts        527  0  udata(9407eb08) 1  
[2023/05/06 19:42:37 134] tts        657  TTS_MSG_GETAUDIO  0  
[2023/05/06 19:42:37 134] tts        485  get audio|use local  
[2023/05/06 19:42:37 134] tts        498  local audiolen:  1998  ,ced:  25  
[2023/05/06 19:42:37 134] tts        527  0  udata(9407eb58) 1  
[2023/05/06 19:42:37 135] tts        657  TTS_MSG_GETAUDIO  0  
[2023/05/06 19:42:37 135] tts        485  get audio|use local  
[2023/05/06 19:42:37 135] tts        498  local audiolen:  1984  ,ced:  25  
[2023/05/06 19:42:37 135] tts        527  0  udata(9407dd98) 1  
[2023/05/06 19:42:37 135] tts        657  TTS_MSG_GETAUDIO  0  
[2023/05/06 19:42:37 136] tts        485  get audio|use local  
[2023/05/06 19:42:37 136] tts        498  local audiolen:  1976  ,ced:  25  
[2023/05/06 19:42:37 136] tts        527  0  udata(9406a4b8) 1  
[2023/05/06 19:42:37 136] tts        657  TTS_MSG_GETAUDIO  0  
[2023/05/06 19:42:37 137] tts        485  get audio|use local  
[2023/05/06 19:42:37 137] tts        498  local audiolen:  1912  ,ced:  25  
[2023/05/06 19:42:37 137] tts        527  0  udata(9407dde8) 1  
[2023/05/06 19:42:37 138] tts        657  TTS_MSG_GETAUDIO  0  
[2023/05/06 19:42:37 139] tts        485  get audio|use local  
[2023/05/06 19:42:37 139] tts        498  local audiolen:  1958  ,ced:  25  
[2023/05/06 19:42:37 139] tts        527  0  udata(9407de38) 1  
[2023/05/06 19:42:37 141] tts        657  TTS_MSG_GETAUDIO  0  
[2023/05/06 19:42:37 141] tts        485  get audio|use local  
[2023/05/06 19:42:37 141] tts        498  local audiolen:  1906  ,ced:  25  
[2023/05/06 19:42:37 142] tts        527  0  udata(9407de88) 1  
[2023/05/06 19:42:37 142] tts        657  TTS_MSG_GETAUDIO  0  
[2023/05/06 19:42:37 144] tts        485  get audio|use local  
[2023/05/06 19:42:37 144] tts        498  local audiolen:  2000  ,ced:  25  
[2023/05/06 19:42:37 144] tts        527  0  udata(9407ded8) 1  
[2023/05/06 19:42:37 145] tts        657  TTS_MSG_GETAUDIO  0  
[2023/05/06 19:42:37 145] tts        485  get audio|use local  
[2023/05/06 19:42:37 145] tts        498  local audiolen:  2020  ,ced:  25  
[2023/05/06 19:42:37 145] tts        527  0  udata(9407df28) 1  
[2023/05/06 19:42:37 146] tts        657  TTS_MSG_GETAUDIO  0  
[2023/05/06 19:42:37 146] tts        485  get audio|use local  
[2023/05/06 19:42:37 146] tts        498  local audiolen:  1940  ,ced:  25  
[2023/05/06 19:42:37 146] tts        527  0  udata(9407df78) 1  
[2023/05/06 19:42:37 147] tts        657  TTS_MSG_GETAUDIO  0  
[2023/05/06 19:42:37 147] tts        485  get audio|use local  
[2023/05/06 19:42:37 147] tts        498  local audiolen:  1908  ,ced:  25  
[2023/05/06 19:42:37 147] tts        527  0  udata(9407dfc8) 1  
[2023/05/06 19:42:37 148] tts        657  TTS_MSG_GETAUDIO  0  
[2023/05/06 19:42:37 148] tts        485  get audio|use local  
[2023/05/06 19:42:37 148] tts        498  local audiolen:  1902  ,ced:  25  
[2023/05/06 19:42:37 148] tts        527  0  udata(9407e018) 1  
[2023/05/06 19:42:37 149] tts        657  TTS_MSG_GETAUDIO  0  
[2023/05/06 19:42:37 149] tts        485  get audio|use local  
[2023/05/06 19:42:37 149] tts        498  local audiolen:  2008  ,ced:  25  
[2023/05/06 19:42:37 149] tts        527  0  udata(9407e068) 1  
[2023/05/06 19:42:37 150] tts        657  TTS_MSG_GETAUDIO  0  
[2023/05/06 19:42:37 150] tts        485  get audio|use local  
[2023/05/06 19:42:37 150] tts        498  local audiolen:  478  ,ced:  25  
[2023/05/06 19:42:37 150] tts        527  0  udata(9407e0b8) 2  
[2023/05/06 19:42:37 151] tts        660  TTS_MSG_SSE  
[2023/05/06 19:42:37 153] tts        585  sse|use local  
[2023/05/06 19:42:37 154] tts        603  tts exit  
