============================================================
Time  2023/05/06 19:38:23 016 
============================================================
[2023/05/06 19:38:23 017] tts        676  SYS_MSG_REGCB param0 =  msp_status_cb  param1 =  func(64014a30) 
[2023/05/06 19:38:23 019] config     43   use general cloud  
[2023/05/06 19:38:23 024] tts_cloud  1417 SYS_MSG_REGCB_CLOUD param0 =   msp_status_cb  param1 =  func(64014a30) 
[2023/05/06 19:38:23 025] tts        647  TTS_MSG_SSB  
[2023/05/06 19:38:23 025] tts        375  params =  engine_type = local,voice_name=xiaoyan, text_encoding = UTF8, tts_res_path = fo|res/tts/xiaoyan.jet;fo|res/tts/common.jet, sample_rate = 16000, speed = 80, volume = 50, pitch = 50, rdn = 2  
[2023/05/06 19:38:23 025] tts        412  ssb|use local  
[2023/05/06 19:38:23 025] tts        349  local_session_begin  
[2023/05/06 19:38:23 028] tts        654  TTS_MSG_SYN  0  
[2023/05/06 19:38:23 028] tts        451  synth|use local  
[2023/05/06 19:38:23 029] tts        657  TTS_MSG_GETAUDIO  0  
[2023/05/06 19:38:23 029] tts        485  get audio|use local  
[2023/05/06 19:38:23 029] tts        527  0  nil  1  
[2023/05/06 19:38:23 030] tts        657  TTS_MSG_GETAUDIO  0  
[2023/05/06 19:38:23 030] tts        485  get audio|use local  
[2023/05/06 19:38:23 030] tts        527  0  nil  1  
[2023/05/06 19:38:23 031] tts        657  TTS_MSG_GETAUDIO  0  
[2023/05/06 19:38:23 031] tts        485  get audio|use local  
[2023/05/06 19:38:23 031] tts        527  0  nil  1  
[2023/05/06 19:38:23 032] tts        657  TTS_MSG_GETAUDIO  0  
[2023/05/06 19:38:23 032] tts        485  get audio|use local  
[2023/05/06 19:38:23 032] tts        527  0  nil  1  
[2023/05/06 19:38:23 033] tts        657  TTS_MSG_GETAUDIO  0  
[2023/05/06 19:38:23 034] tts        485  get audio|use local  
[2023/05/06 19:38:23 034] tts        527  0  nil  1  
[2023/05/06 19:38:23 034] tts        657  TTS_MSG_GETAUDIO  0  
[2023/05/06 19:38:23 034] tts        485  get audio|use local  
[2023/05/06 19:38:23 034] tts        527  0  nil  1  
[2023/05/06 19:38:23 035] tts        657  TTS_MSG_GETAUDIO  0  
[2023/05/06 19:38:23 035] tts        485  get audio|use local  
[2023/05/06 19:38:23 036] tts        527  0  nil  1  
[2023/05/06 19:38:23 036] tts        657  TTS_MSG_GETAUDIO  0  
[2023/05/06 19:38:23 036] tts        485  get audio|use local  
[2023/05/06 19:38:23 036] tts        527  0  nil  1  
[2023/05/06 19:38:23 037] tts        657  TTS_MSG_GETAUDIO  0  
[2023/05/06 19:38:23 037] tts        485  get audio|use local  
[2023/05/06 19:38:23 037] tts        527  0  nil  1  
[2023/05/06 19:38:23 038] tts        657  TTS_MSG_GETAUDIO  0  
[2023/05/06 19:38:23 038] tts        485  get audio|use local  
[2023/05/06 19:38:23 038] tts        527  0  nil  1  
[2023/05/06 19:38:23 039] tts        657  TTS_MSG_GETAUDIO  0  
[2023/05/06 19:38:23 039] tts        485  get audio|use local  
[2023/05/06 19:38:23 039] tts        527  0  nil  1  
[2023/05/06 19:38:23 040] tts        657  TTS_MSG_GETAUDIO  0  
[2023/05/06 19:38:23 040] tts        485  get audio|use local  
[2023/05/06 19:38:23 041] tts        527  0  nil  1  
[2023/05/06 19:38:23 042] tts        657  TTS_MSG_GETAUDIO  0  
[2023/05/06 19:38:23 042] tts        485  get audio|use local  
[2023/05/06 19:38:23 042] tts        527  0  nil  1  
[2023/05/06 19:38:23 042] tts        657  TTS_MSG_GETAUDIO  0  
[2023/05/06 19:38:23 043] tts        485  get audio|use local  
[2023/05/06 19:38:23 043] tts        527  0  nil  1  
[2023/05/06 19:38:23 043] tts        657  TTS_MSG_GETAUDIO  0  
[2023/05/06 19:38:23 044] tts        485  get audio|use local  
[2023/05/06 19:38:23 044] tts        527  0  nil  1  
[2023/05/06 19:38:23 045] tts        657  TTS_MSG_GETAUDIO  0  
[2023/05/06 19:38:23 045] tts        485  get audio|use local  
[2023/05/06 19:38:23 045] tts        527  0  nil  1  
[2023/05/06 19:38:23 046] tts        657  TTS_MSG_GETAUDIO  0  
[2023/05/06 19:38:23 046] tts        485  get audio|use local  
[2023/05/06 19:38:23 046] tts        527  0  nil  1  
[2023/05/06 19:38:23 047] tts        657  TTS_MSG_GETAUDIO  0  
[2023/05/06 19:38:23 047] tts        485  get audio|use local  
[2023/05/06 19:38:23 047] tts        527  0  nil  1  
[2023/05/06 19:38:23 047] tts        657  TTS_MSG_GETAUDIO  0  
[2023/05/06 19:38:23 047] tts        485  get audio|use local  
[2023/05/06 19:38:23 048] tts        527  0  nil  1  
[2023/05/06 19:38:23 049] tts        657  TTS_MSG_GETAUDIO  0  
[2023/05/06 19:38:23 049] tts        485  get audio|use local  
[2023/05/06 19:38:23 049] tts        527  0  nil  1  
[2023/05/06 19:38:23 050] tts        657  TTS_MSG_GETAUDIO  0  
[2023/05/06 19:38:23 050] tts        485  get audio|use local  
[2023/05/06 19:38:23 050] tts        527  0  nil  1  
[2023/05/06 19:38:23 051] tts        657  TTS_MSG_GETAUDIO  0  
[2023/05/06 19:38:23 051] tts        485  get audio|use local  
[2023/05/06 19:38:23 051] tts        527  0  nil  1  
[2023/05/06 19:38:23 052] tts        657  TTS_MSG_GETAUDIO  0  
[2023/05/06 19:38:23 052] tts        485  get audio|use local  
[2023/05/06 19:38:23 052] tts        527  0  nil  1  
[2023/05/06 19:38:23 053] tts        657  TTS_MSG_GETAUDIO  0  
[2023/05/06 19:38:23 053] tts        485  get audio|use local  
[2023/05/06 19:38:23 053] tts        527  0  nil  1  
[2023/05/06 19:38:23 054] tts        657  TTS_MSG_GETAUDIO  0  
[2023/05/06 19:38:23 054] tts        485  get audio|use local  
[2023/05/06 19:38:23 054] tts        527  0  nil  1  
[2023/05/06 19:38:23 055] tts        657  TTS_MSG_GETAUDIO  0  
[2023/05/06 19:38:23 055] tts        485  get audio|use local  
[2023/05/06 19:38:23 055] tts        527  0  nil  1  
[2023/05/06 19:38:23 056] tts        657  TTS_MSG_GETAUDIO  0  
[2023/05/06 19:38:23 056] tts        485  get audio|use local  
[2023/05/06 19:38:23 056] tts        527  0  nil  1  
[2023/05/06 19:38:23 056] tts        657  TTS_MSG_GETAUDIO  0  
[2023/05/06 19:38:23 056] tts        485  get audio|use local  
[2023/05/06 19:38:23 056] tts        527  0  nil  1  
[2023/05/06 19:38:23 057] tts        657  TTS_MSG_GETAUDIO  0  
[2023/05/06 19:38:23 058] tts        485  get audio|use local  
[2023/05/06 19:38:23 058] tts        527  0  nil  1  
[2023/05/06 19:38:23 058] tts        657  TTS_MSG_GETAUDIO  0  
[2023/05/06 19:38:23 058] tts        485  get audio|use local  
[2023/05/06 19:38:23 058] tts        527  0  nil  1  
[2023/05/06 19:38:23 059] tts        657  TTS_MSG_GETAUDIO  0  
[2023/05/06 19:38:23 059] tts        485  get audio|use local  
[2023/05/06 19:38:23 059] tts        527  0  nil  1  
[2023/05/06 19:38:23 060] tts        657  TTS_MSG_GETAUDIO  0  
[2023/05/06 19:38:23 060] tts        485  get audio|use local  
[2023/05/06 19:38:23 060] tts        527  0  nil  1  
[2023/05/06 19:38:23 060] tts        657  TTS_MSG_GETAUDIO  0  
[2023/05/06 19:38:23 060] tts        485  get audio|use local  
[2023/05/06 19:38:23 061] tts        527  0  nil  1  
[2023/05/06 19:38:23 061] tts        657  TTS_MSG_GETAUDIO  0  
[2023/05/06 19:38:23 061] tts        485  get audio|use local  
[2023/05/06 19:38:23 061] tts        527  0  nil  1  
[2023/05/06 19:38:23 062] tts        657  TTS_MSG_GETAUDIO  0  
[2023/05/06 19:38:23 062] tts        485  get audio|use local  
[2023/05/06 19:38:23 062] tts        527  0  nil  1  
[2023/05/06 19:38:23 062] tts        657  TTS_MSG_GETAUDIO  0  
[2023/05/06 19:38:23 063] tts        485  get audio|use local  
[2023/05/06 19:38:23 063] tts        527  0  nil  1  
[2023/05/06 19:38:23 063] tts        657  TTS_MSG_GETAUDIO  0  
[2023/05/06 19:38:23 063] tts        485  get audio|use local  
[2023/05/06 19:38:23 063] tts        527  0  nil  1  
[2023/05/06 19:38:23 064] tts        657  TTS_MSG_GETAUDIO  0  
[2023/05/06 19:38:23 064] tts        485  get audio|use local  
[2023/05/06 19:38:23 064] tts        527  0  nil  1  
[2023/05/06 19:38:23 065] tts        657  TTS_MSG_GETAUDIO  0  
[2023/05/06 19:38:23 065] tts        485  get audio|use local  
[2023/05/06 19:38:23 065] tts        527  0  nil  1  
[2023/05/06 19:38:23 065] tts        657  TTS_MSG_GETAUDIO  0  
[2023/05/06 19:38:23 065] tts        485  get audio|use local  
[2023/05/06 19:38:23 066] tts        527  0  nil  1  
[2023/05/06 19:38:23 066] tts        657  TTS_MSG_GETAUDIO  0  
[2023/05/06 19:38:23 066] tts        485  get audio|use local  
[2023/05/06 19:38:23 066] tts        527  0  nil  1  
[2023/05/06 19:38:23 067] tts        657  TTS_MSG_GETAUDIO  0  
[2023/05/06 19:38:23 067] tts        485  get audio|use local  
[2023/05/06 19:38:23 067] tts        527  0  nil  1  
[2023/05/06 19:38:23 068] tts        657  TTS_MSG_GETAUDIO  0  
[2023/05/06 19:38:23 068] tts        485  get audio|use local  
[2023/05/06 19:38:23 068] tts        527  0  nil  1  
[2023/05/06 19:38:23 069] tts        657  TTS_MSG_GETAUDIO  0  
[2023/05/06 19:38:23 069] tts        485  get audio|use local  
[2023/05/06 19:38:23 069] tts        527  0  nil  1  
[2023/05/06 19:38:23 070] tts        657  TTS_MSG_GETAUDIO  0  
[2023/05/06 19:38:23 070] tts        485  get audio|use local  
[2023/05/06 19:38:23 070] tts        527  0  nil  1  
[2023/05/06 19:38:23 071] tts        657  TTS_MSG_GETAUDIO  0  
[2023/05/06 19:38:23 071] tts        485  get audio|use local  
[2023/05/06 19:38:23 071] tts        527  0  nil  1  
[2023/05/06 19:38:23 072] tts        657  TTS_MSG_GETAUDIO  0  
[2023/05/06 19:38:23 072] tts        485  get audio|use local  
[2023/05/06 19:38:23 072] tts        527  0  nil  1  
[2023/05/06 19:38:23 073] tts        657  TTS_MSG_GETAUDIO  0  
[2023/05/06 19:38:23 073] tts        485  get audio|use local  
[2023/05/06 19:38:23 073] tts        527  0  nil  1  
[2023/05/06 19:38:23 074] tts        657  TTS_MSG_GETAUDIO  0  
[2023/05/06 19:38:23 074] tts        485  get audio|use local  
[2023/05/06 19:38:23 074] tts        527  0  nil  1  
[2023/05/06 19:38:23 075] tts        657  TTS_MSG_GETAUDIO  0  
[2023/05/06 19:38:23 075] tts        485  get audio|use local  
[2023/05/06 19:38:23 075] tts        527  0  nil  1  
[2023/05/06 19:38:23 076] tts        657  TTS_MSG_GETAUDIO  0  
[2023/05/06 19:38:23 076] tts        485  get audio|use local  
[2023/05/06 19:38:23 076] tts        527  0  nil  1  
[2023/05/06 19:38:23 077] tts        657  TTS_MSG_GETAUDIO  0  
[2023/05/06 19:38:23 077] tts        485  get audio|use local  
[2023/05/06 19:38:23 078] tts        527  0  nil  1  
[2023/05/06 19:38:23 078] tts        657  TTS_MSG_GETAUDIO  0  
[2023/05/06 19:38:23 079] tts        485  get audio|use local  
[2023/05/06 19:38:23 079] tts        527  0  nil  1  
[2023/05/06 19:38:23 079] tts        657  TTS_MSG_GETAUDIO  0  
[2023/05/06 19:38:23 080] tts        485  get audio|use local  
[2023/05/06 19:38:23 080] tts        527  0  nil  1  
[2023/05/06 19:38:23 081] tts        657  TTS_MSG_GETAUDIO  0  
[2023/05/06 19:38:23 083] tts        485  get audio|use local  
[2023/05/06 19:38:23 084] tts        527  0  nil  1  
[2023/05/06 19:38:23 084] tts        657  TTS_MSG_GETAUDIO  0  
[2023/05/06 19:38:23 085] tts        485  get audio|use local  
[2023/05/06 19:38:23 085] tts        527  0  nil  1  
[2023/05/06 19:38:23 086] tts        299  TTS_LOCAL_CB_BEGIN  
[2023/05/06 19:38:23 087] tts        657  TTS_MSG_GETAUDIO  0  
[2023/05/06 19:38:23 087] tts        485  get audio|use local  
[2023/05/06 19:38:23 088] tts        527  0  nil  1  
[2023/05/06 19:38:23 088] tts        657  TTS_MSG_GETAUDIO  0  
[2023/05/06 19:38:23 089] tts        485  get audio|use local  
[2023/05/06 19:38:23 089] tts        527  0  nil  1  
[2023/05/06 19:38:23 089] tts        657  TTS_MSG_GETAUDIO  0  
[2023/05/06 19:38:23 090] tts        485  get audio|use local  
[2023/05/06 19:38:23 090] tts        527  0  nil  1  
[2023/05/06 19:38:23 090] tts        657  TTS_MSG_GETAUDIO  0  
[2023/05/06 19:38:23 090] tts        485  get audio|use local  
[2023/05/06 19:38:23 091] tts        527  0  nil  1  
[2023/05/06 19:38:23 092] tts        657  TTS_MSG_GETAUDIO  0  
[2023/05/06 19:38:23 092] tts        485  get audio|use local  
[2023/05/06 19:38:23 092] tts        498  local audiolen:  2024  ,ced:  25  
[2023/05/06 19:38:23 092] tts        527  0  udata(6406a4b8) 1  
[2023/05/06 19:38:23 094] tts        657  TTS_MSG_GETAUDIO  0  
[2023/05/06 19:38:23 094] tts        485  get audio|use local  
[2023/05/06 19:38:23 094] tts        498  local audiolen:  2016  ,ced:  25  
[2023/05/06 19:38:23 094] tts        527  0  udata(6407f2b8) 1  
[2023/05/06 19:38:23 096] tts        657  TTS_MSG_GETAUDIO  0  
[2023/05/06 19:38:23 097] tts        485  get audio|use local  
[2023/05/06 19:38:23 097] tts        498  local audiolen:  2002  ,ced:  25  
[2023/05/06 19:38:23 097] tts        527  0  udata(640707e8) 1  
[2023/05/06 19:38:23 098] tts        657  TTS_MSG_GETAUDIO  0  
[2023/05/06 19:38:23 099] tts        485  get audio|use local  
[2023/05/06 19:38:23 099] tts        498  local audiolen:  1894  ,ced:  25  
[2023/05/06 19:38:23 100] tts        527  0  udata(64070938) 1  
[2023/05/06 19:38:23 104] tts        657  TTS_MSG_GETAUDIO  0  
[2023/05/06 19:38:23 104] tts        485  get audio|use local  
[2023/05/06 19:38:23 104] tts        498  local audiolen:  2024  ,ced:  25  
[2023/05/06 19:38:23 104] tts        527  0  udata(64087b58) 1  
[2023/05/06 19:38:23 106] tts        657  TTS_MSG_GETAUDIO  0  
[2023/05/06 19:38:23 106] tts        485  get audio|use local  
[2023/05/06 19:38:23 107] tts        498  local audiolen:  1974  ,ced:  25  
[2023/05/06 19:38:23 107] tts        527  0  udata(6407ed58) 1  
[2023/05/06 19:38:23 109] tts        657  TTS_MSG_GETAUDIO  0  
[2023/05/06 19:38:23 109] tts        485  get audio|use local  
[2023/05/06 19:38:23 109] tts        498  local audiolen:  2018  ,ced:  25  
[2023/05/06 19:38:23 110] tts        527  0  udata(6407efa8) 1  
[2023/05/06 19:38:23 112] tts        657  TTS_MSG_GETAUDIO  0  
[2023/05/06 19:38:23 112] tts        485  get audio|use local  
[2023/05/06 19:38:23 112] tts        498  local audiolen:  1920  ,ced:  25  
[2023/05/06 19:38:23 112] tts        527  0  udata(6407e638) 1  
[2023/05/06 19:38:23 114] tts        657  TTS_MSG_GETAUDIO  0  
[2023/05/06 19:38:23 114] tts        485  get audio|use local  
[2023/05/06 19:38:23 114] tts        498  local audiolen:  2010  ,ced:  25  
[2023/05/06 19:38:23 114] tts        527  0  udata(6407e688) 1  
[2023/05/06 19:38:23 118] tts        657  TTS_MSG_GETAUDIO  0  
[2023/05/06 19:38:23 122] tts        485  get audio|use local  
[2023/05/06 19:38:23 122] tts        498  local audiolen:  2016  ,ced:  25  
[2023/05/06 19:38:23 122] tts        527  0  udata(6407e6d8) 1  
[2023/05/06 19:38:23 123] tts        657  TTS_MSG_GETAUDIO  0  
[2023/05/06 19:38:23 124] tts        485  get audio|use local  
[2023/05/06 19:38:23 124] tts        498  local audiolen:  1996  ,ced:  25  
[2023/05/06 19:38:23 124] tts        527  0  udata(6407e728) 1  
[2023/05/06 19:38:23 125] tts        657  TTS_MSG_GETAUDIO  0  
[2023/05/06 19:38:23 125] tts        485  get audio|use local  
[2023/05/06 19:38:23 125] tts        498  local audiolen:  1992  ,ced:  25  
[2023/05/06 19:38:23 125] tts        527  0  udata(6407e778) 1  
[2023/05/06 19:38:23 125] tts        657  TTS_MSG_GETAUDIO  0  
[2023/05/06 19:38:23 126] tts        485  get audio|use local  
[2023/05/06 19:38:23 126] tts        498  local audiolen:  2014  ,ced:  25  
[2023/05/06 19:38:23 126] tts        527  0  udata(6407e7c8) 1  
[2023/05/06 19:38:23 126] tts        657  TTS_MSG_GETAUDIO  0  
[2023/05/06 19:38:23 126] tts        485  get audio|use local  
[2023/05/06 19:38:23 126] tts        498  local audiolen:  2028  ,ced:  25  
[2023/05/06 19:38:23 127] tts        527  0  udata(6407e818) 1  
[2023/05/06 19:38:23 127] tts        657  TTS_MSG_GETAUDIO  0  
[2023/05/06 19:38:23 127] tts        485  get audio|use local  
[2023/05/06 19:38:23 127] tts        498  local audiolen:  2026  ,ced:  25  
[2023/05/06 19:38:23 127] tts        527  0  udata(6407e868) 1  
[2023/05/06 19:38:23 128] tts        657  TTS_MSG_GETAUDIO  0  
[2023/05/06 19:38:23 128] tts        485  get audio|use local  
[2023/05/06 19:38:23 128] tts        498  local audiolen:  1992  ,ced:  25  
[2023/05/06 19:38:23 128] tts        527  0  udata(6407e8b8) 1  
[2023/05/06 19:38:23 129] tts        657  TTS_MSG_GETAUDIO  0  
[2023/05/06 19:38:23 129] tts        485  get audio|use local  
[2023/05/06 19:38:23 129] tts        527  0  nil  1  
[2023/05/06 19:38:23 130] tts        657  TTS_MSG_GETAUDIO  0  
[2023/05/06 19:38:23 130] tts        485  get audio|use local  
[2023/05/06 19:38:23 130] tts        527  0  nil  1  
[2023/05/06 19:38:23 130] tts        657  TTS_MSG_GETAUDIO  0  
[2023/05/06 19:38:23 130] tts        485  get audio|use local  
[2023/05/06 19:38:23 130] tts        527  0  nil  1  
[2023/05/06 19:38:23 131] tts        657  TTS_MSG_GETAUDIO  0  
[2023/05/06 19:38:23 131] tts        485  get audio|use local  
[2023/05/06 19:38:23 131] tts        527  0  nil  1  
[2023/05/06 19:38:23 132] tts        657  TTS_MSG_GETAUDIO  0  
[2023/05/06 19:38:23 132] tts        485  get audio|use local  
[2023/05/06 19:38:23 132] tts        527  0  nil  1  
[2023/05/06 19:38:23 132] tts        657  TTS_MSG_GETAUDIO  0  
[2023/05/06 19:38:23 132] tts        485  get audio|use local  
[2023/05/06 19:38:23 132] tts        527  0  nil  1  
[2023/05/06 19:38:23 133] tts        657  TTS_MSG_GETAUDIO  0  
[2023/05/06 19:38:23 133] tts        485  get audio|use local  
[2023/05/06 19:38:23 133] tts        527  0  nil  1  
[2023/05/06 19:38:23 134] tts        657  TTS_MSG_GETAUDIO  0  
[2023/05/06 19:38:23 134] tts        485  get audio|use local  
[2023/05/06 19:38:23 134] tts        527  0  nil  1  
[2023/05/06 19:38:23 135] tts        657  TTS_MSG_GETAUDIO  0  
[2023/05/06 19:38:23 135] tts        485  get audio|use local  
[2023/05/06 19:38:23 135] tts        527  0  nil  1  
[2023/05/06 19:38:23 136] tts        657  TTS_MSG_GETAUDIO  0  
[2023/05/06 19:38:23 136] tts        485  get audio|use local  
[2023/05/06 19:38:23 136] tts        527  0  nil  1  
[2023/05/06 19:38:23 136] tts        657  TTS_MSG_GETAUDIO  0  
[2023/05/06 19:38:23 136] tts        485  get audio|use local  
[2023/05/06 19:38:23 137] tts        527  0  nil  1  
[2023/05/06 19:38:23 137] tts        657  TTS_MSG_GETAUDIO  0  
[2023/05/06 19:38:23 137] tts        485  get audio|use local  
[2023/05/06 19:38:23 137] tts        527  0  nil  1  
[2023/05/06 19:38:23 138] tts        657  TTS_MSG_GETAUDIO  0  
[2023/05/06 19:38:23 138] tts        485  get audio|use local  
[2023/05/06 19:38:23 138] tts        527  0  nil  1  
[2023/05/06 19:38:23 139] tts        657  TTS_MSG_GETAUDIO  0  
[2023/05/06 19:38:23 139] tts        485  get audio|use local  
[2023/05/06 19:38:23 139] tts        527  0  nil  1  
[2023/05/06 19:38:23 139] tts        657  TTS_MSG_GETAUDIO  0  
[2023/05/06 19:38:23 139] tts        485  get audio|use local  
[2023/05/06 19:38:23 140] tts        527  0  nil  1  
[2023/05/06 19:38:23 140] tts        657  TTS_MSG_GETAUDIO  0  
[2023/05/06 19:38:23 140] tts        485  get audio|use local  
[2023/05/06 19:38:23 140] tts        527  0  nil  1  
[2023/05/06 19:38:23 141] tts        657  TTS_MSG_GETAUDIO  0  
[2023/05/06 19:38:23 141] tts        485  get audio|use local  
[2023/05/06 19:38:23 141] tts        527  0  nil  1  
[2023/05/06 19:38:23 141] tts        657  TTS_MSG_GETAUDIO  0  
[2023/05/06 19:38:23 142] tts        485  get audio|use local  
[2023/05/06 19:38:23 142] tts        527  0  nil  1  
[2023/05/06 19:38:23 142] tts        657  TTS_MSG_GETAUDIO  0  
[2023/05/06 19:38:23 142] tts        485  get audio|use local  
[2023/05/06 19:38:23 142] tts        527  0  nil  1  
[2023/05/06 19:38:23 143] tts        657  TTS_MSG_GETAUDIO  0  
[2023/05/06 19:38:23 143] tts        485  get audio|use local  
[2023/05/06 19:38:23 143] tts        527  0  nil  1  
[2023/05/06 19:38:23 144] tts        657  TTS_MSG_GETAUDIO  0  
[2023/05/06 19:38:23 144] tts        485  get audio|use local  
[2023/05/06 19:38:23 144] tts        527  0  nil  1  
[2023/05/06 19:38:23 144] tts        657  TTS_MSG_GETAUDIO  0  
[2023/05/06 19:38:23 144] tts        485  get audio|use local  
[2023/05/06 19:38:23 144] tts        527  0  nil  1  
[2023/05/06 19:38:23 145] tts        657  TTS_MSG_GETAUDIO  0  
[2023/05/06 19:38:23 145] tts        485  get audio|use local  
[2023/05/06 19:38:23 145] tts        527  0  nil  1  
[2023/05/06 19:38:23 146] tts        657  TTS_MSG_GETAUDIO  0  
[2023/05/06 19:38:23 146] tts        485  get audio|use local  
[2023/05/06 19:38:23 146] tts        527  0  nil  1  
[2023/05/06 19:38:23 146] tts        657  TTS_MSG_GETAUDIO  0  
[2023/05/06 19:38:23 146] tts        485  get audio|use local  
[2023/05/06 19:38:23 147] tts        527  0  nil  1  
[2023/05/06 19:38:23 147] tts        657  TTS_MSG_GETAUDIO  0  
[2023/05/06 19:38:23 148] tts        485  get audio|use local  
[2023/05/06 19:38:23 148] tts        527  0  nil  1  
[2023/05/06 19:38:23 149] tts        657  TTS_MSG_GETAUDIO  0  
[2023/05/06 19:38:23 149] tts        485  get audio|use local  
[2023/05/06 19:38:23 150] tts        527  0  nil  1  
[2023/05/06 19:38:23 152] tts        657  TTS_MSG_GETAUDIO  0  
[2023/05/06 19:38:23 152] tts        485  get audio|use local  
[2023/05/06 19:38:23 152] tts        498  local audiolen:  2004  ,ced:  25  
[2023/05/06 19:38:23 152] tts        527  0  udata(6407cad8) 1  
[2023/05/06 19:38:23 154] tts        657  TTS_MSG_GETAUDIO  0  
[2023/05/06 19:38:23 154] tts        485  get audio|use local  
[2023/05/06 19:38:23 155] tts        498  local audiolen:  2000  ,ced:  25  
[2023/05/06 19:38:23 155] tts        527  0  udata(6407ce28) 1  
[2023/05/06 19:38:23 156] tts        301  0  0  
[2023/05/06 19:38:23 157] tts        312  TTS_LOCAL_CB_END,  2  
[2023/05/06 19:38:23 157] tts        657  TTS_MSG_GETAUDIO  0  
[2023/05/06 19:38:23 157] tts        485  get audio|use local  
[2023/05/06 19:38:23 157] tts        498  local audiolen:  1908  ,ced:  25  
[2023/05/06 19:38:23 157] tts        527  0  udata(64070578) 1  
[2023/05/06 19:38:23 158] tts        657  TTS_MSG_GETAUDIO  0  
[2023/05/06 19:38:23 158] tts        485  get audio|use local  
[2023/05/06 19:38:23 158] tts        498  local audiolen:  1952  ,ced:  25  
[2023/05/06 19:38:23 158] tts        527  0  udata(640705c8) 1  
[2023/05/06 19:38:23 159] tts        657  TTS_MSG_GETAUDIO  0  
[2023/05/06 19:38:23 159] tts        485  get audio|use local  
[2023/05/06 19:38:23 159] tts        498  local audiolen:  1952  ,ced:  25  
[2023/05/06 19:38:23 159] tts        527  0  udata(6407d018) 1  
[2023/05/06 19:38:23 160] tts        657  TTS_MSG_GETAUDIO  0  
[2023/05/06 19:38:23 160] tts        485  get audio|use local  
[2023/05/06 19:38:23 160] tts        498  local audiolen:  1302  ,ced:  25  
[2023/05/06 19:38:23 160] tts        527  0  udata(6407d068) 2  
[2023/05/06 19:38:23 162] tts        660  TTS_MSG_SSE  
[2023/05/06 19:38:23 163] tts        585  sse|use local  
[2023/05/06 19:38:23 164] tts        603  tts exit  
