============================================================
Time  2023/03/19 20:13:09 255 
============================================================
[2023/03/19 20:13:09 256] tts        676  SYS_MSG_REGCB param0 =  msp_status_cb  param1 =  func(84014a30) 
[2023/03/19 20:13:09 258] config     43   use general cloud  
[2023/03/19 20:13:09 265] tts_cloud  1417 SYS_MSG_REGCB_CLOUD param0 =   msp_status_cb  param1 =  func(84014a30) 
[2023/03/19 20:13:09 265] tts        647  TTS_MSG_SSB  
[2023/03/19 20:13:09 265] tts        375  params =  engine_type = local,voice_name=xiaoyan, text_encoding = UTF8, tts_res_path = fo|res/tts/xiaoyan.jet;fo|res/tts/common.jet, sample_rate = 16000, speed = 50, volume = 50, pitch = 50, rdn = 2  
[2023/03/19 20:13:09 265] tts        412  ssb|use local  
[2023/03/19 20:13:09 266] tts        349  local_session_begin  
[2023/03/19 20:13:09 268] tts        654  TTS_MSG_SYN  0  
[2023/03/19 20:13:09 268] tts        451  synth|use local  
[2023/03/19 20:13:09 270] tts        657  TTS_MSG_GETAUDIO  0  
[2023/03/19 20:13:09 270] tts        485  get audio|use local  
[2023/03/19 20:13:09 270] tts        527  0  nil  1  
[2023/03/19 20:13:09 271] tts        657  TTS_MSG_GETAUDIO  0  
[2023/03/19 20:13:09 271] tts        485  get audio|use local  
[2023/03/19 20:13:09 271] tts        527  0  nil  1  
[2023/03/19 20:13:09 273] tts        657  TTS_MSG_GETAUDIO  0  
[2023/03/19 20:13:09 273] tts        485  get audio|use local  
[2023/03/19 20:13:09 273] tts        527  0  nil  1  
[2023/03/19 20:13:09 275] tts        657  TTS_MSG_GETAUDIO  0  
[2023/03/19 20:13:09 275] tts        485  get audio|use local  
[2023/03/19 20:13:09 275] tts        527  0  nil  1  
[2023/03/19 20:13:09 276] tts        657  TTS_MSG_GETAUDIO  0  
[2023/03/19 20:13:09 276] tts        485  get audio|use local  
[2023/03/19 20:13:09 276] tts        527  0  nil  1  
[2023/03/19 20:13:09 277] tts        657  TTS_MSG_GETAUDIO  0  
[2023/03/19 20:13:09 277] tts        485  get audio|use local  
[2023/03/19 20:13:09 277] tts        527  0  nil  1  
[2023/03/19 20:13:09 277] tts        657  TTS_MSG_GETAUDIO  0  
[2023/03/19 20:13:09 277] tts        485  get audio|use local  
[2023/03/19 20:13:09 278] tts        527  0  nil  1  
[2023/03/19 20:13:09 278] tts        657  TTS_MSG_GETAUDIO  0  
[2023/03/19 20:13:09 283] tts        485  get audio|use local  
[2023/03/19 20:13:09 284] tts        527  0  nil  1  
[2023/03/19 20:13:09 284] tts        657  TTS_MSG_GETAUDIO  0  
[2023/03/19 20:13:09 284] tts        485  get audio|use local  
[2023/03/19 20:13:09 285] tts        527  0  nil  1  
[2023/03/19 20:13:09 285] tts        657  TTS_MSG_GETAUDIO  0  
[2023/03/19 20:13:09 285] tts        485  get audio|use local  
[2023/03/19 20:13:09 285] tts        527  0  nil  1  
[2023/03/19 20:13:09 286] tts        657  TTS_MSG_GETAUDIO  0  
[2023/03/19 20:13:09 286] tts        485  get audio|use local  
[2023/03/19 20:13:09 286] tts        527  0  nil  1  
[2023/03/19 20:13:09 287] tts        657  TTS_MSG_GETAUDIO  0  
[2023/03/19 20:13:09 287] tts        485  get audio|use local  
[2023/03/19 20:13:09 287] tts        527  0  nil  1  
[2023/03/19 20:13:09 288] tts        657  TTS_MSG_GETAUDIO  0  
[2023/03/19 20:13:09 288] tts        485  get audio|use local  
[2023/03/19 20:13:09 288] tts        527  0  nil  1  
[2023/03/19 20:13:09 289] tts        657  TTS_MSG_GETAUDIO  0  
[2023/03/19 20:13:09 289] tts        485  get audio|use local  
[2023/03/19 20:13:09 289] tts        527  0  nil  1  
[2023/03/19 20:13:09 290] tts        657  TTS_MSG_GETAUDIO  0  
[2023/03/19 20:13:09 290] tts        485  get audio|use local  
[2023/03/19 20:13:09 290] tts        527  0  nil  1  
[2023/03/19 20:13:09 293] tts        657  TTS_MSG_GETAUDIO  0  
[2023/03/19 20:13:09 293] tts        485  get audio|use local  
[2023/03/19 20:13:09 293] tts        527  0  nil  1  
[2023/03/19 20:13:09 294] tts        657  TTS_MSG_GETAUDIO  0  
[2023/03/19 20:13:09 294] tts        485  get audio|use local  
[2023/03/19 20:13:09 294] tts        527  0  nil  1  
[2023/03/19 20:13:09 295] tts        657  TTS_MSG_GETAUDIO  0  
[2023/03/19 20:13:09 295] tts        485  get audio|use local  
[2023/03/19 20:13:09 295] tts        527  0  nil  1  
[2023/03/19 20:13:09 296] tts        657  TTS_MSG_GETAUDIO  0  
[2023/03/19 20:13:09 296] tts        485  get audio|use local  
[2023/03/19 20:13:09 296] tts        527  0  nil  1  
[2023/03/19 20:13:09 297] tts        657  TTS_MSG_GETAUDIO  0  
[2023/03/19 20:13:09 297] tts        485  get audio|use local  
[2023/03/19 20:13:09 297] tts        527  0  nil  1  
[2023/03/19 20:13:09 298] tts        657  TTS_MSG_GETAUDIO  0  
[2023/03/19 20:13:09 298] tts        485  get audio|use local  
[2023/03/19 20:13:09 298] tts        527  0  nil  1  
[2023/03/19 20:13:09 299] tts        657  TTS_MSG_GETAUDIO  0  
[2023/03/19 20:13:09 299] tts        485  get audio|use local  
[2023/03/19 20:13:09 299] tts        527  0  nil  1  
[2023/03/19 20:13:09 300] tts        657  TTS_MSG_GETAUDIO  0  
[2023/03/19 20:13:09 300] tts        485  get audio|use local  
[2023/03/19 20:13:09 300] tts        527  0  nil  1  
[2023/03/19 20:13:09 301] tts        657  TTS_MSG_GETAUDIO  0  
[2023/03/19 20:13:09 301] tts        485  get audio|use local  
[2023/03/19 20:13:09 301] tts        527  0  nil  1  
[2023/03/19 20:13:09 302] tts        657  TTS_MSG_GETAUDIO  0  
[2023/03/19 20:13:09 302] tts        485  get audio|use local  
[2023/03/19 20:13:09 303] tts        527  0  nil  1  
[2023/03/19 20:13:09 303] tts        657  TTS_MSG_GETAUDIO  0  
[2023/03/19 20:13:09 303] tts        485  get audio|use local  
[2023/03/19 20:13:09 304] tts        527  0  nil  1  
[2023/03/19 20:13:09 304] tts        657  TTS_MSG_GETAUDIO  0  
[2023/03/19 20:13:09 304] tts        485  get audio|use local  
[2023/03/19 20:13:09 304] tts        527  0  nil  1  
[2023/03/19 20:13:09 305] tts        657  TTS_MSG_GETAUDIO  0  
[2023/03/19 20:13:09 305] tts        485  get audio|use local  
[2023/03/19 20:13:09 305] tts        527  0  nil  1  
[2023/03/19 20:13:09 306] tts        657  TTS_MSG_GETAUDIO  0  
[2023/03/19 20:13:09 306] tts        485  get audio|use local  
[2023/03/19 20:13:09 306] tts        527  0  nil  1  
[2023/03/19 20:13:09 307] tts        657  TTS_MSG_GETAUDIO  0  
[2023/03/19 20:13:09 308] tts        485  get audio|use local  
[2023/03/19 20:13:09 308] tts        527  0  nil  1  
[2023/03/19 20:13:09 308] tts        657  TTS_MSG_GETAUDIO  0  
[2023/03/19 20:13:09 308] tts        485  get audio|use local  
[2023/03/19 20:13:09 308] tts        527  0  nil  1  
[2023/03/19 20:13:09 309] tts        657  TTS_MSG_GETAUDIO  0  
[2023/03/19 20:13:09 309] tts        485  get audio|use local  
[2023/03/19 20:13:09 309] tts        527  0  nil  1  
[2023/03/19 20:13:09 310] tts        657  TTS_MSG_GETAUDIO  0  
[2023/03/19 20:13:09 310] tts        485  get audio|use local  
[2023/03/19 20:13:09 310] tts        527  0  nil  1  
[2023/03/19 20:13:09 311] tts        657  TTS_MSG_GETAUDIO  0  
[2023/03/19 20:13:09 311] tts        485  get audio|use local  
[2023/03/19 20:13:09 311] tts        527  0  nil  1  
[2023/03/19 20:13:09 312] tts        657  TTS_MSG_GETAUDIO  0  
[2023/03/19 20:13:09 312] tts        485  get audio|use local  
[2023/03/19 20:13:09 313] tts        527  0  nil  1  
[2023/03/19 20:13:09 313] tts        657  TTS_MSG_GETAUDIO  0  
[2023/03/19 20:13:09 313] tts        485  get audio|use local  
[2023/03/19 20:13:09 313] tts        527  0  nil  1  
[2023/03/19 20:13:09 315] tts        657  TTS_MSG_GETAUDIO  0  
[2023/03/19 20:13:09 315] tts        485  get audio|use local  
[2023/03/19 20:13:09 315] tts        527  0  nil  1  
[2023/03/19 20:13:09 316] tts        657  TTS_MSG_GETAUDIO  0  
[2023/03/19 20:13:09 316] tts        485  get audio|use local  
[2023/03/19 20:13:09 316] tts        527  0  nil  1  
[2023/03/19 20:13:09 317] tts        657  TTS_MSG_GETAUDIO  0  
[2023/03/19 20:13:09 317] tts        485  get audio|use local  
[2023/03/19 20:13:09 317] tts        527  0  nil  1  
[2023/03/19 20:13:09 318] tts        657  TTS_MSG_GETAUDIO  0  
[2023/03/19 20:13:09 318] tts        485  get audio|use local  
[2023/03/19 20:13:09 318] tts        527  0  nil  1  
[2023/03/19 20:13:09 319] tts        657  TTS_MSG_GETAUDIO  0  
[2023/03/19 20:13:09 319] tts        485  get audio|use local  
[2023/03/19 20:13:09 320] tts        527  0  nil  1  
[2023/03/19 20:13:09 320] tts        657  TTS_MSG_GETAUDIO  0  
[2023/03/19 20:13:09 321] tts        485  get audio|use local  
[2023/03/19 20:13:09 321] tts        527  0  nil  1  
[2023/03/19 20:13:09 322] tts        657  TTS_MSG_GETAUDIO  0  
[2023/03/19 20:13:09 322] tts        485  get audio|use local  
[2023/03/19 20:13:09 322] tts        527  0  nil  1  
[2023/03/19 20:13:09 323] tts        657  TTS_MSG_GETAUDIO  0  
[2023/03/19 20:13:09 323] tts        485  get audio|use local  
[2023/03/19 20:13:09 323] tts        527  0  nil  1  
[2023/03/19 20:13:09 325] tts        657  TTS_MSG_GETAUDIO  0  
[2023/03/19 20:13:09 325] tts        485  get audio|use local  
[2023/03/19 20:13:09 325] tts        527  0  nil  1  
[2023/03/19 20:13:09 325] tts        657  TTS_MSG_GETAUDIO  0  
[2023/03/19 20:13:09 325] tts        485  get audio|use local  
[2023/03/19 20:13:09 325] tts        527  0  nil  1  
[2023/03/19 20:13:09 326] tts        657  TTS_MSG_GETAUDIO  0  
[2023/03/19 20:13:09 326] tts        485  get audio|use local  
[2023/03/19 20:13:09 326] tts        527  0  nil  1  
[2023/03/19 20:13:09 327] tts        657  TTS_MSG_GETAUDIO  0  
[2023/03/19 20:13:09 327] tts        485  get audio|use local  
[2023/03/19 20:13:09 328] tts        527  0  nil  1  
[2023/03/19 20:13:09 328] tts        657  TTS_MSG_GETAUDIO  0  
[2023/03/19 20:13:09 328] tts        485  get audio|use local  
[2023/03/19 20:13:09 329] tts        527  0  nil  1  
[2023/03/19 20:13:09 329] tts        657  TTS_MSG_GETAUDIO  0  
[2023/03/19 20:13:09 330] tts        485  get audio|use local  
[2023/03/19 20:13:09 330] tts        527  0  nil  1  
[2023/03/19 20:13:09 332] tts        657  TTS_MSG_GETAUDIO  0  
[2023/03/19 20:13:09 332] tts        485  get audio|use local  
[2023/03/19 20:13:09 332] tts        527  0  nil  1  
[2023/03/19 20:13:09 334] tts        657  TTS_MSG_GETAUDIO  0  
[2023/03/19 20:13:09 334] tts        485  get audio|use local  
[2023/03/19 20:13:09 334] tts        527  0  nil  1  
[2023/03/19 20:13:09 337] tts        657  TTS_MSG_GETAUDIO  0  
[2023/03/19 20:13:09 337] tts        485  get audio|use local  
[2023/03/19 20:13:09 337] tts        527  0  nil  1  
[2023/03/19 20:13:09 338] tts        657  TTS_MSG_GETAUDIO  0  
[2023/03/19 20:13:09 339] tts        485  get audio|use local  
[2023/03/19 20:13:09 339] tts        527  0  nil  1  
[2023/03/19 20:13:09 340] tts        657  TTS_MSG_GETAUDIO  0  
[2023/03/19 20:13:09 340] tts        485  get audio|use local  
[2023/03/19 20:13:09 340] tts        527  0  nil  1  
[2023/03/19 20:13:09 341] tts        657  TTS_MSG_GETAUDIO  0  
[2023/03/19 20:13:09 341] tts        485  get audio|use local  
[2023/03/19 20:13:09 342] tts        527  0  nil  1  
[2023/03/19 20:13:09 343] tts        657  TTS_MSG_GETAUDIO  0  
[2023/03/19 20:13:09 343] tts        485  get audio|use local  
[2023/03/19 20:13:09 344] tts        527  0  nil  1  
[2023/03/19 20:13:09 347] tts        657  TTS_MSG_GETAUDIO  0  
[2023/03/19 20:13:09 348] tts        485  get audio|use local  
[2023/03/19 20:13:09 348] tts        527  0  nil  1  
[2023/03/19 20:13:09 354] tts        657  TTS_MSG_GETAUDIO  0  
[2023/03/19 20:13:09 354] tts        485  get audio|use local  
[2023/03/19 20:13:09 355] tts        527  0  nil  1  
[2023/03/19 20:13:09 358] tts        657  TTS_MSG_GETAUDIO  0  
[2023/03/19 20:13:09 358] tts        485  get audio|use local  
[2023/03/19 20:13:09 358] tts        527  0  nil  1  
[2023/03/19 20:13:09 363] tts        657  TTS_MSG_GETAUDIO  0  
[2023/03/19 20:13:09 363] tts        485  get audio|use local  
[2023/03/19 20:13:09 363] tts        527  0  nil  1  
[2023/03/19 20:13:09 364] tts        657  TTS_MSG_GETAUDIO  0  
[2023/03/19 20:13:09 364] tts        485  get audio|use local  
[2023/03/19 20:13:09 364] tts        527  0  nil  1  
[2023/03/19 20:13:09 365] tts        657  TTS_MSG_GETAUDIO  0  
[2023/03/19 20:13:09 365] tts        485  get audio|use local  
[2023/03/19 20:13:09 365] tts        527  0  nil  1  
[2023/03/19 20:13:09 365] tts        657  TTS_MSG_GETAUDIO  0  
[2023/03/19 20:13:09 365] tts        485  get audio|use local  
[2023/03/19 20:13:09 365] tts        527  0  nil  1  
[2023/03/19 20:13:09 366] tts        657  TTS_MSG_GETAUDIO  0  
[2023/03/19 20:13:09 366] tts        485  get audio|use local  
[2023/03/19 20:13:09 366] tts        527  0  nil  1  
[2023/03/19 20:13:09 367] tts        657  TTS_MSG_GETAUDIO  0  
[2023/03/19 20:13:09 367] tts        485  get audio|use local  
[2023/03/19 20:13:09 367] tts        527  0  nil  1  
[2023/03/19 20:13:09 368] tts        657  TTS_MSG_GETAUDIO  0  
[2023/03/19 20:13:09 368] tts        485  get audio|use local  
[2023/03/19 20:13:09 368] tts        527  0  nil  1  
[2023/03/19 20:13:09 368] tts        657  TTS_MSG_GETAUDIO  0  
[2023/03/19 20:13:09 368] tts        485  get audio|use local  
[2023/03/19 20:13:09 368] tts        527  0  nil  1  
[2023/03/19 20:13:09 369] tts        657  TTS_MSG_GETAUDIO  0  
[2023/03/19 20:13:09 369] tts        485  get audio|use local  
[2023/03/19 20:13:09 369] tts        527  0  nil  1  
[2023/03/19 20:13:09 370] tts        657  TTS_MSG_GETAUDIO  0  
[2023/03/19 20:13:09 370] tts        485  get audio|use local  
[2023/03/19 20:13:09 370] tts        527  0  nil  1  
[2023/03/19 20:13:09 370] tts        657  TTS_MSG_GETAUDIO  0  
[2023/03/19 20:13:09 370] tts        485  get audio|use local  
[2023/03/19 20:13:09 371] tts        527  0  nil  1  
[2023/03/19 20:13:09 371] tts        657  TTS_MSG_GETAUDIO  0  
[2023/03/19 20:13:09 371] tts        485  get audio|use local  
[2023/03/19 20:13:09 371] tts        527  0  nil  1  
[2023/03/19 20:13:09 372] tts        657  TTS_MSG_GETAUDIO  0  
[2023/03/19 20:13:09 372] tts        485  get audio|use local  
[2023/03/19 20:13:09 372] tts        527  0  nil  1  
[2023/03/19 20:13:09 373] tts        657  TTS_MSG_GETAUDIO  0  
[2023/03/19 20:13:09 373] tts        485  get audio|use local  
[2023/03/19 20:13:09 373] tts        527  0  nil  1  
[2023/03/19 20:13:09 373] tts        657  TTS_MSG_GETAUDIO  0  
[2023/03/19 20:13:09 373] tts        485  get audio|use local  
[2023/03/19 20:13:09 374] tts        527  0  nil  1  
[2023/03/19 20:13:09 374] tts        657  TTS_MSG_GETAUDIO  0  
[2023/03/19 20:13:09 374] tts        485  get audio|use local  
[2023/03/19 20:13:09 374] tts        527  0  nil  1  
[2023/03/19 20:13:09 375] tts        657  TTS_MSG_GETAUDIO  0  
[2023/03/19 20:13:09 375] tts        485  get audio|use local  
[2023/03/19 20:13:09 375] tts        527  0  nil  1  
[2023/03/19 20:13:09 376] tts        657  TTS_MSG_GETAUDIO  0  
[2023/03/19 20:13:09 376] tts        485  get audio|use local  
[2023/03/19 20:13:09 376] tts        527  0  nil  1  
[2023/03/19 20:13:09 377] tts        657  TTS_MSG_GETAUDIO  0  
[2023/03/19 20:13:09 377] tts        485  get audio|use local  
[2023/03/19 20:13:09 377] tts        527  0  nil  1  
[2023/03/19 20:13:09 377] tts        657  TTS_MSG_GETAUDIO  0  
[2023/03/19 20:13:09 377] tts        485  get audio|use local  
[2023/03/19 20:13:09 378] tts        527  0  nil  1  
[2023/03/19 20:13:09 379] tts        657  TTS_MSG_GETAUDIO  0  
[2023/03/19 20:13:09 379] tts        485  get audio|use local  
[2023/03/19 20:13:09 379] tts        527  0  nil  1  
[2023/03/19 20:13:09 381] tts        299  TTS_LOCAL_CB_BEGIN  
[2023/03/19 20:13:09 381] tts        657  TTS_MSG_GETAUDIO  0  
[2023/03/19 20:13:09 382] tts        485  get audio|use local  
[2023/03/19 20:13:09 382] tts        527  0  nil  1  
[2023/03/19 20:13:09 384] tts        657  TTS_MSG_GETAUDIO  0  
[2023/03/19 20:13:09 384] tts        485  get audio|use local  
[2023/03/19 20:13:09 385] tts        498  local audiolen:  2042  ,ced:  6  
[2023/03/19 20:13:09 385] tts        527  0  udata(8009c298) 1  
[2023/03/19 20:13:09 387] tts        657  TTS_MSG_GETAUDIO  0  
[2023/03/19 20:13:09 388] tts        485  get audio|use local  
[2023/03/19 20:13:09 388] tts        498  local audiolen:  2008  ,ced:  6  
[2023/03/19 20:13:09 388] tts        527  0  udata(84087a28) 1  
[2023/03/19 20:13:09 390] tts        301  0  0  
[2023/03/19 20:13:09 390] tts        312  TTS_LOCAL_CB_END,  2  
[2023/03/19 20:13:09 391] tts        657  TTS_MSG_GETAUDIO  0  
[2023/03/19 20:13:09 391] tts        485  get audio|use local  
[2023/03/19 20:13:09 391] tts        498  local audiolen:  2016  ,ced:  6  
[2023/03/19 20:13:09 391] tts        527  0  udata(8407c818) 1  
[2023/03/19 20:13:09 392] tts        657  TTS_MSG_GETAUDIO  0  
[2023/03/19 20:13:09 392] tts        485  get audio|use local  
[2023/03/19 20:13:09 392] tts        498  local audiolen:  2044  ,ced:  6  
[2023/03/19 20:13:09 392] tts        527  0  udata(8407c868) 1  
[2023/03/19 20:13:09 393] tts        657  TTS_MSG_GETAUDIO  0  
[2023/03/19 20:13:09 393] tts        485  get audio|use local  
[2023/03/19 20:13:09 393] tts        498  local audiolen:  1972  ,ced:  6  
[2023/03/19 20:13:09 393] tts        527  0  udata(8407c8b8) 1  
[2023/03/19 20:13:09 394] tts        657  TTS_MSG_GETAUDIO  0  
[2023/03/19 20:13:09 394] tts        485  get audio|use local  
[2023/03/19 20:13:09 394] tts        498  local audiolen:  1976  ,ced:  6  
[2023/03/19 20:13:09 394] tts        527  0  udata(8407c908) 1  
[2023/03/19 20:13:09 394] tts        657  TTS_MSG_GETAUDIO  0  
[2023/03/19 20:13:09 395] tts        485  get audio|use local  
[2023/03/19 20:13:09 395] tts        498  local audiolen:  1982  ,ced:  6  
[2023/03/19 20:13:09 395] tts        527  0  udata(8407c958) 1  
[2023/03/19 20:13:09 396] tts        657  TTS_MSG_GETAUDIO  0  
[2023/03/19 20:13:09 396] tts        485  get audio|use local  
[2023/03/19 20:13:09 396] tts        498  local audiolen:  1998  ,ced:  6  
[2023/03/19 20:13:09 396] tts        527  0  udata(8407c9a8) 1  
[2023/03/19 20:13:09 396] tts        657  TTS_MSG_GETAUDIO  0  
[2023/03/19 20:13:09 396] tts        485  get audio|use local  
[2023/03/19 20:13:09 397] tts        498  local audiolen:  2022  ,ced:  6  
[2023/03/19 20:13:09 397] tts        527  0  udata(8407c9f8) 1  
[2023/03/19 20:13:09 397] tts        657  TTS_MSG_GETAUDIO  0  
[2023/03/19 20:13:09 397] tts        485  get audio|use local  
[2023/03/19 20:13:09 397] tts        498  local audiolen:  480  ,ced:  6  
[2023/03/19 20:13:09 398] tts        527  0  udata(8407ca48) 2  
[2023/03/19 20:13:09 398] tts        660  TTS_MSG_SSE  
[2023/03/19 20:13:09 399] tts        585  sse|use local  
[2023/03/19 20:13:09 400] tts        603  tts exit  
