============================================================
Time  2023/03/20 19:25:28 142 
============================================================
[2023/03/20 19:25:28 143] tts        676  SYS_MSG_REGCB param0 =  msp_status_cb  param1 =  func(80014a30) 
[2023/03/20 19:25:28 154] config     43   use general cloud  
[2023/03/20 19:25:28 165] tts_cloud  1417 SYS_MSG_REGCB_CLOUD param0 =   msp_status_cb  param1 =  func(80014a30) 
[2023/03/20 19:25:28 165] tts        647  TTS_MSG_SSB  
[2023/03/20 19:25:28 166] tts        375  params =  engine_type = local,voice_name=xiaoyan, text_encoding = UTF8, tts_res_path = fo|res/tts/xiaoyan.jet;fo|res/tts/common.jet, sample_rate = 16000, speed = 50, volume = 50, pitch = 50, rdn = 2  
[2023/03/20 19:25:28 166] tts        412  ssb|use local  
[2023/03/20 19:25:28 166] tts        349  local_session_begin  
[2023/03/20 19:25:28 184] tts        654  TTS_MSG_SYN  0  
[2023/03/20 19:25:28 185] tts        451  synth|use local  
[2023/03/20 19:25:28 190] tts        657  TTS_MSG_GETAUDIO  0  
[2023/03/20 19:25:28 191] tts        485  get audio|use local  
[2023/03/20 19:25:28 191] tts        527  0  nil  1  
[2023/03/20 19:25:28 193] tts        657  TTS_MSG_GETAUDIO  0  
[2023/03/20 19:25:28 193] tts        485  get audio|use local  
[2023/03/20 19:25:28 193] tts        527  0  nil  1  
[2023/03/20 19:25:28 204] tts        657  TTS_MSG_GETAUDIO  0  
[2023/03/20 19:25:28 204] tts        485  get audio|use local  
[2023/03/20 19:25:28 204] tts        527  0  nil  1  
[2023/03/20 19:25:28 205] tts        657  TTS_MSG_GETAUDIO  0  
[2023/03/20 19:25:28 205] tts        485  get audio|use local  
[2023/03/20 19:25:28 205] tts        527  0  nil  1  
[2023/03/20 19:25:28 205] tts        657  TTS_MSG_GETAUDIO  0  
[2023/03/20 19:25:28 205] tts        485  get audio|use local  
[2023/03/20 19:25:28 206] tts        527  0  nil  1  
[2023/03/20 19:25:28 209] tts        657  TTS_MSG_GETAUDIO  0  
[2023/03/20 19:25:28 210] tts        485  get audio|use local  
[2023/03/20 19:25:28 210] tts        527  0  nil  1  
[2023/03/20 19:25:28 210] tts        657  TTS_MSG_GETAUDIO  0  
[2023/03/20 19:25:28 210] tts        485  get audio|use local  
[2023/03/20 19:25:28 211] tts        527  0  nil  1  
[2023/03/20 19:25:28 211] tts        657  TTS_MSG_GETAUDIO  0  
[2023/03/20 19:25:28 211] tts        485  get audio|use local  
[2023/03/20 19:25:28 211] tts        527  0  nil  1  
[2023/03/20 19:25:28 212] tts        657  TTS_MSG_GETAUDIO  0  
[2023/03/20 19:25:28 212] tts        485  get audio|use local  
[2023/03/20 19:25:28 212] tts        527  0  nil  1  
[2023/03/20 19:25:28 213] tts        657  TTS_MSG_GETAUDIO  0  
[2023/03/20 19:25:28 213] tts        485  get audio|use local  
[2023/03/20 19:25:28 213] tts        527  0  nil  1  
[2023/03/20 19:25:28 214] tts        657  TTS_MSG_GETAUDIO  0  
[2023/03/20 19:25:28 214] tts        485  get audio|use local  
[2023/03/20 19:25:28 214] tts        527  0  nil  1  
[2023/03/20 19:25:28 226] tts        657  TTS_MSG_GETAUDIO  0  
[2023/03/20 19:25:28 226] tts        485  get audio|use local  
[2023/03/20 19:25:28 227] tts        527  0  nil  1  
[2023/03/20 19:25:28 227] tts        657  TTS_MSG_GETAUDIO  0  
[2023/03/20 19:25:28 227] tts        485  get audio|use local  
[2023/03/20 19:25:28 227] tts        527  0  nil  1  
[2023/03/20 19:25:28 228] tts        657  TTS_MSG_GETAUDIO  0  
[2023/03/20 19:25:28 228] tts        485  get audio|use local  
[2023/03/20 19:25:28 228] tts        527  0  nil  1  
[2023/03/20 19:25:28 229] tts        657  TTS_MSG_GETAUDIO  0  
[2023/03/20 19:25:28 229] tts        485  get audio|use local  
[2023/03/20 19:25:28 229] tts        527  0  nil  1  
[2023/03/20 19:25:28 235] tts        657  TTS_MSG_GETAUDIO  0  
[2023/03/20 19:25:28 235] tts        485  get audio|use local  
[2023/03/20 19:25:28 235] tts        527  0  nil  1  
[2023/03/20 19:25:28 236] tts        657  TTS_MSG_GETAUDIO  0  
[2023/03/20 19:25:28 236] tts        485  get audio|use local  
[2023/03/20 19:25:28 236] tts        527  0  nil  1  
[2023/03/20 19:25:28 237] tts        657  TTS_MSG_GETAUDIO  0  
[2023/03/20 19:25:28 237] tts        485  get audio|use local  
[2023/03/20 19:25:28 237] tts        527  0  nil  1  
[2023/03/20 19:25:28 238] tts        657  TTS_MSG_GETAUDIO  0  
[2023/03/20 19:25:28 238] tts        485  get audio|use local  
[2023/03/20 19:25:28 238] tts        527  0  nil  1  
[2023/03/20 19:25:28 239] tts        657  TTS_MSG_GETAUDIO  0  
[2023/03/20 19:25:28 239] tts        485  get audio|use local  
[2023/03/20 19:25:28 239] tts        527  0  nil  1  
[2023/03/20 19:25:28 239] tts        657  TTS_MSG_GETAUDIO  0  
[2023/03/20 19:25:28 239] tts        485  get audio|use local  
[2023/03/20 19:25:28 239] tts        527  0  nil  1  
[2023/03/20 19:25:28 240] tts        657  TTS_MSG_GETAUDIO  0  
[2023/03/20 19:25:28 240] tts        485  get audio|use local  
[2023/03/20 19:25:28 240] tts        527  0  nil  1  
[2023/03/20 19:25:28 241] tts        657  TTS_MSG_GETAUDIO  0  
[2023/03/20 19:25:28 241] tts        485  get audio|use local  
[2023/03/20 19:25:28 241] tts        527  0  nil  1  
[2023/03/20 19:25:28 242] tts        657  TTS_MSG_GETAUDIO  0  
[2023/03/20 19:25:28 242] tts        485  get audio|use local  
[2023/03/20 19:25:28 242] tts        527  0  nil  1  
[2023/03/20 19:25:28 243] tts        657  TTS_MSG_GETAUDIO  0  
[2023/03/20 19:25:28 243] tts        485  get audio|use local  
[2023/03/20 19:25:28 243] tts        527  0  nil  1  
[2023/03/20 19:25:28 244] tts        657  TTS_MSG_GETAUDIO  0  
[2023/03/20 19:25:28 244] tts        485  get audio|use local  
[2023/03/20 19:25:28 244] tts        527  0  nil  1  
[2023/03/20 19:25:28 245] tts        657  TTS_MSG_GETAUDIO  0  
[2023/03/20 19:25:28 245] tts        485  get audio|use local  
[2023/03/20 19:25:28 245] tts        527  0  nil  1  
[2023/03/20 19:25:28 245] tts        657  TTS_MSG_GETAUDIO  0  
[2023/03/20 19:25:28 245] tts        485  get audio|use local  
[2023/03/20 19:25:28 246] tts        527  0  nil  1  
[2023/03/20 19:25:28 246] tts        657  TTS_MSG_GETAUDIO  0  
[2023/03/20 19:25:28 246] tts        485  get audio|use local  
[2023/03/20 19:25:28 247] tts        527  0  nil  1  
[2023/03/20 19:25:28 247] tts        657  TTS_MSG_GETAUDIO  0  
[2023/03/20 19:25:28 247] tts        485  get audio|use local  
[2023/03/20 19:25:28 247] tts        527  0  nil  1  
[2023/03/20 19:25:28 249] tts        657  TTS_MSG_GETAUDIO  0  
[2023/03/20 19:25:28 249] tts        485  get audio|use local  
[2023/03/20 19:25:28 249] tts        527  0  nil  1  
[2023/03/20 19:25:28 250] tts        657  TTS_MSG_GETAUDIO  0  
[2023/03/20 19:25:28 250] tts        485  get audio|use local  
[2023/03/20 19:25:28 250] tts        527  0  nil  1  
[2023/03/20 19:25:28 254] tts        657  TTS_MSG_GETAUDIO  0  
[2023/03/20 19:25:28 258] tts        485  get audio|use local  
[2023/03/20 19:25:28 258] tts        527  0  nil  1  
[2023/03/20 19:25:28 259] tts        657  TTS_MSG_GETAUDIO  0  
[2023/03/20 19:25:28 259] tts        485  get audio|use local  
[2023/03/20 19:25:28 259] tts        527  0  nil  1  
[2023/03/20 19:25:28 260] tts        657  TTS_MSG_GETAUDIO  0  
[2023/03/20 19:25:28 260] tts        485  get audio|use local  
[2023/03/20 19:25:28 261] tts        527  0  nil  1  
[2023/03/20 19:25:28 261] tts        657  TTS_MSG_GETAUDIO  0  
[2023/03/20 19:25:28 261] tts        485  get audio|use local  
[2023/03/20 19:25:28 262] tts        527  0  nil  1  
[2023/03/20 19:25:28 263] tts        657  TTS_MSG_GETAUDIO  0  
[2023/03/20 19:25:28 263] tts        485  get audio|use local  
[2023/03/20 19:25:28 263] tts        527  0  nil  1  
[2023/03/20 19:25:28 264] tts        657  TTS_MSG_GETAUDIO  0  
[2023/03/20 19:25:28 264] tts        485  get audio|use local  
[2023/03/20 19:25:28 264] tts        527  0  nil  1  
[2023/03/20 19:25:28 265] tts        657  TTS_MSG_GETAUDIO  0  
[2023/03/20 19:25:28 265] tts        485  get audio|use local  
[2023/03/20 19:25:28 265] tts        527  0  nil  1  
[2023/03/20 19:25:28 273] tts        657  TTS_MSG_GETAUDIO  0  
[2023/03/20 19:25:28 273] tts        485  get audio|use local  
[2023/03/20 19:25:28 273] tts        527  0  nil  1  
[2023/03/20 19:25:28 275] tts        657  TTS_MSG_GETAUDIO  0  
[2023/03/20 19:25:28 276] tts        485  get audio|use local  
[2023/03/20 19:25:28 276] tts        527  0  nil  1  
[2023/03/20 19:25:28 277] tts        657  TTS_MSG_GETAUDIO  0  
[2023/03/20 19:25:28 277] tts        485  get audio|use local  
[2023/03/20 19:25:28 277] tts        527  0  nil  1  
[2023/03/20 19:25:28 278] tts        657  TTS_MSG_GETAUDIO  0  
[2023/03/20 19:25:28 278] tts        485  get audio|use local  
[2023/03/20 19:25:28 278] tts        527  0  nil  1  
[2023/03/20 19:25:28 279] tts        657  TTS_MSG_GETAUDIO  0  
[2023/03/20 19:25:28 279] tts        485  get audio|use local  
[2023/03/20 19:25:28 279] tts        527  0  nil  1  
[2023/03/20 19:25:28 280] tts        657  TTS_MSG_GETAUDIO  0  
[2023/03/20 19:25:28 280] tts        485  get audio|use local  
[2023/03/20 19:25:28 280] tts        527  0  nil  1  
[2023/03/20 19:25:28 281] tts        657  TTS_MSG_GETAUDIO  0  
[2023/03/20 19:25:28 286] tts        485  get audio|use local  
[2023/03/20 19:25:28 286] tts        527  0  nil  1  
[2023/03/20 19:25:28 289] tts        299  TTS_LOCAL_CB_BEGIN  
[2023/03/20 19:25:28 289] tts        657  TTS_MSG_GETAUDIO  0  
[2023/03/20 19:25:28 289] tts        485  get audio|use local  
[2023/03/20 19:25:28 289] tts        527  0  nil  1  
[2023/03/20 19:25:28 290] tts        657  TTS_MSG_GETAUDIO  0  
[2023/03/20 19:25:28 290] tts        485  get audio|use local  
[2023/03/20 19:25:28 290] tts        527  0  nil  1  
[2023/03/20 19:25:28 291] tts        657  TTS_MSG_GETAUDIO  0  
[2023/03/20 19:25:28 291] tts        485  get audio|use local  
[2023/03/20 19:25:28 291] tts        527  0  nil  1  
[2023/03/20 19:25:28 292] tts        657  TTS_MSG_GETAUDIO  0  
[2023/03/20 19:25:28 292] tts        485  get audio|use local  
[2023/03/20 19:25:28 293] tts        527  0  nil  1  
[2023/03/20 19:25:28 293] tts        657  TTS_MSG_GETAUDIO  0  
[2023/03/20 19:25:28 293] tts        485  get audio|use local  
[2023/03/20 19:25:28 294] tts        527  0  nil  1  
[2023/03/20 19:25:28 294] tts        657  TTS_MSG_GETAUDIO  0  
[2023/03/20 19:25:28 294] tts        485  get audio|use local  
[2023/03/20 19:25:28 294] tts        527  0  nil  1  
[2023/03/20 19:25:28 295] tts        657  TTS_MSG_GETAUDIO  0  
[2023/03/20 19:25:28 295] tts        485  get audio|use local  
[2023/03/20 19:25:28 295] tts        527  0  nil  1  
[2023/03/20 19:25:28 297] tts        657  TTS_MSG_GETAUDIO  0  
[2023/03/20 19:25:28 297] tts        485  get audio|use local  
[2023/03/20 19:25:28 297] tts        527  0  nil  1  
[2023/03/20 19:25:28 298] tts        657  TTS_MSG_GETAUDIO  0  
[2023/03/20 19:25:28 298] tts        485  get audio|use local  
[2023/03/20 19:25:28 298] tts        527  0  nil  1  
[2023/03/20 19:25:28 299] tts        657  TTS_MSG_GETAUDIO  0  
[2023/03/20 19:25:28 299] tts        485  get audio|use local  
[2023/03/20 19:25:28 299] tts        527  0  nil  1  
[2023/03/20 19:25:28 300] tts        657  TTS_MSG_GETAUDIO  0  
[2023/03/20 19:25:28 300] tts        485  get audio|use local  
[2023/03/20 19:25:28 300] tts        527  0  nil  1  
[2023/03/20 19:25:28 300] tts        657  TTS_MSG_GETAUDIO  0  
[2023/03/20 19:25:28 301] tts        485  get audio|use local  
[2023/03/20 19:25:28 301] tts        527  0  nil  1  
[2023/03/20 19:25:28 301] tts        657  TTS_MSG_GETAUDIO  0  
[2023/03/20 19:25:28 301] tts        485  get audio|use local  
[2023/03/20 19:25:28 301] tts        527  0  nil  1  
[2023/03/20 19:25:28 302] tts        657  TTS_MSG_GETAUDIO  0  
[2023/03/20 19:25:28 302] tts        485  get audio|use local  
[2023/03/20 19:25:28 302] tts        527  0  nil  1  
[2023/03/20 19:25:28 303] tts        657  TTS_MSG_GETAUDIO  0  
[2023/03/20 19:25:28 303] tts        485  get audio|use local  
[2023/03/20 19:25:28 303] tts        527  0  nil  1  
[2023/03/20 19:25:28 304] tts        657  TTS_MSG_GETAUDIO  0  
[2023/03/20 19:25:28 304] tts        485  get audio|use local  
[2023/03/20 19:25:28 304] tts        527  0  nil  1  
[2023/03/20 19:25:28 306] tts        657  TTS_MSG_GETAUDIO  0  
[2023/03/20 19:25:28 306] tts        485  get audio|use local  
[2023/03/20 19:25:28 306] tts        527  0  nil  1  
[2023/03/20 19:25:28 306] tts        657  TTS_MSG_GETAUDIO  0  
[2023/03/20 19:25:28 307] tts        485  get audio|use local  
[2023/03/20 19:25:28 307] tts        527  0  nil  1  
[2023/03/20 19:25:28 314] tts        657  TTS_MSG_GETAUDIO  0  
[2023/03/20 19:25:28 315] tts        485  get audio|use local  
[2023/03/20 19:25:28 315] tts        527  0  nil  1  
[2023/03/20 19:25:28 318] tts        657  TTS_MSG_GETAUDIO  0  
[2023/03/20 19:25:28 318] tts        485  get audio|use local  
[2023/03/20 19:25:28 318] tts        527  0  nil  1  
[2023/03/20 19:25:28 319] tts        657  TTS_MSG_GETAUDIO  0  
[2023/03/20 19:25:28 319] tts        485  get audio|use local  
[2023/03/20 19:25:28 319] tts        527  0  nil  1  
[2023/03/20 19:25:28 320] tts        657  TTS_MSG_GETAUDIO  0  
[2023/03/20 19:25:28 321] tts        485  get audio|use local  
[2023/03/20 19:25:28 321] tts        527  0  nil  1  
[2023/03/20 19:25:28 321] tts        657  TTS_MSG_GETAUDIO  0  
[2023/03/20 19:25:28 321] tts        485  get audio|use local  
[2023/03/20 19:25:28 322] tts        527  0  nil  1  
[2023/03/20 19:25:28 322] tts        657  TTS_MSG_GETAUDIO  0  
[2023/03/20 19:25:28 323] tts        485  get audio|use local  
[2023/03/20 19:25:28 327] tts        527  0  nil  1  
[2023/03/20 19:25:28 327] tts        657  TTS_MSG_GETAUDIO  0  
[2023/03/20 19:25:28 328] tts        485  get audio|use local  
[2023/03/20 19:25:28 328] tts        527  0  nil  1  
[2023/03/20 19:25:28 328] tts        657  TTS_MSG_GETAUDIO  0  
[2023/03/20 19:25:28 328] tts        485  get audio|use local  
[2023/03/20 19:25:28 329] tts        527  0  nil  1  
[2023/03/20 19:25:28 329] tts        657  TTS_MSG_GETAUDIO  0  
[2023/03/20 19:25:28 330] tts        485  get audio|use local  
[2023/03/20 19:25:28 330] tts        527  0  nil  1  
[2023/03/20 19:25:28 331] tts        657  TTS_MSG_GETAUDIO  0  
[2023/03/20 19:25:28 331] tts        485  get audio|use local  
[2023/03/20 19:25:28 331] tts        527  0  nil  1  
[2023/03/20 19:25:28 332] tts        657  TTS_MSG_GETAUDIO  0  
[2023/03/20 19:25:28 332] tts        485  get audio|use local  
[2023/03/20 19:25:28 332] tts        527  0  nil  1  
[2023/03/20 19:25:28 333] tts        657  TTS_MSG_GETAUDIO  0  
[2023/03/20 19:25:28 333] tts        485  get audio|use local  
[2023/03/20 19:25:28 333] tts        527  0  nil  1  
[2023/03/20 19:25:28 334] tts        657  TTS_MSG_GETAUDIO  0  
[2023/03/20 19:25:28 334] tts        485  get audio|use local  
[2023/03/20 19:25:28 334] tts        527  0  nil  1  
[2023/03/20 19:25:28 342] tts        657  TTS_MSG_GETAUDIO  0  
[2023/03/20 19:25:28 342] tts        485  get audio|use local  
[2023/03/20 19:25:28 342] tts        527  0  nil  1  
[2023/03/20 19:25:28 343] tts        657  TTS_MSG_GETAUDIO  0  
[2023/03/20 19:25:28 343] tts        485  get audio|use local  
[2023/03/20 19:25:28 343] tts        527  0  nil  1  
[2023/03/20 19:25:28 344] tts        657  TTS_MSG_GETAUDIO  0  
[2023/03/20 19:25:28 344] tts        485  get audio|use local  
[2023/03/20 19:25:28 344] tts        527  0  nil  1  
[2023/03/20 19:25:28 344] tts        657  TTS_MSG_GETAUDIO  0  
[2023/03/20 19:25:28 345] tts        485  get audio|use local  
[2023/03/20 19:25:28 345] tts        527  0  nil  1  
[2023/03/20 19:25:28 345] tts        657  TTS_MSG_GETAUDIO  0  
[2023/03/20 19:25:28 345] tts        485  get audio|use local  
[2023/03/20 19:25:28 346] tts        527  0  nil  1  
[2023/03/20 19:25:28 346] tts        657  TTS_MSG_GETAUDIO  0  
[2023/03/20 19:25:28 346] tts        485  get audio|use local  
[2023/03/20 19:25:28 346] tts        527  0  nil  1  
[2023/03/20 19:25:28 348] tts        657  TTS_MSG_GETAUDIO  0  
[2023/03/20 19:25:28 349] tts        485  get audio|use local  
[2023/03/20 19:25:28 349] tts        527  0  nil  1  
[2023/03/20 19:25:28 350] tts        657  TTS_MSG_GETAUDIO  0  
[2023/03/20 19:25:28 350] tts        485  get audio|use local  
[2023/03/20 19:25:28 350] tts        527  0  nil  1  
[2023/03/20 19:25:28 351] tts        657  TTS_MSG_GETAUDIO  0  
[2023/03/20 19:25:28 351] tts        485  get audio|use local  
[2023/03/20 19:25:28 351] tts        527  0  nil  1  
[2023/03/20 19:25:28 351] tts        657  TTS_MSG_GETAUDIO  0  
[2023/03/20 19:25:28 351] tts        485  get audio|use local  
[2023/03/20 19:25:28 352] tts        527  0  nil  1  
[2023/03/20 19:25:28 352] tts        657  TTS_MSG_GETAUDIO  0  
[2023/03/20 19:25:28 352] tts        485  get audio|use local  
[2023/03/20 19:25:28 352] tts        527  0  nil  1  
[2023/03/20 19:25:28 353] tts        657  TTS_MSG_GETAUDIO  0  
[2023/03/20 19:25:28 353] tts        485  get audio|use local  
[2023/03/20 19:25:28 353] tts        527  0  nil  1  
[2023/03/20 19:25:28 354] tts        657  TTS_MSG_GETAUDIO  0  
[2023/03/20 19:25:28 354] tts        485  get audio|use local  
[2023/03/20 19:25:28 354] tts        527  0  nil  1  
[2023/03/20 19:25:28 355] tts        657  TTS_MSG_GETAUDIO  0  
[2023/03/20 19:25:28 355] tts        485  get audio|use local  
[2023/03/20 19:25:28 355] tts        527  0  nil  1  
[2023/03/20 19:25:28 356] tts        657  TTS_MSG_GETAUDIO  0  
[2023/03/20 19:25:28 356] tts        485  get audio|use local  
[2023/03/20 19:25:28 356] tts        527  0  nil  1  
[2023/03/20 19:25:28 356] tts        657  TTS_MSG_GETAUDIO  0  
[2023/03/20 19:25:28 356] tts        485  get audio|use local  
[2023/03/20 19:25:28 357] tts        527  0  nil  1  
[2023/03/20 19:25:28 357] tts        657  TTS_MSG_GETAUDIO  0  
[2023/03/20 19:25:28 357] tts        485  get audio|use local  
[2023/03/20 19:25:28 357] tts        527  0  nil  1  
[2023/03/20 19:25:28 358] tts        657  TTS_MSG_GETAUDIO  0  
[2023/03/20 19:25:28 358] tts        485  get audio|use local  
[2023/03/20 19:25:28 359] tts        527  0  nil  1  
[2023/03/20 19:25:28 359] tts        657  TTS_MSG_GETAUDIO  0  
[2023/03/20 19:25:28 359] tts        485  get audio|use local  
[2023/03/20 19:25:28 360] tts        527  0  nil  1  
[2023/03/20 19:25:28 364] tts        657  TTS_MSG_GETAUDIO  0  
[2023/03/20 19:25:28 364] tts        485  get audio|use local  
[2023/03/20 19:25:28 364] tts        527  0  nil  1  
[2023/03/20 19:25:28 365] tts        657  TTS_MSG_GETAUDIO  0  
[2023/03/20 19:25:28 365] tts        485  get audio|use local  
[2023/03/20 19:25:28 365] tts        527  0  nil  1  
[2023/03/20 19:25:28 366] tts        657  TTS_MSG_GETAUDIO  0  
[2023/03/20 19:25:28 366] tts        485  get audio|use local  
[2023/03/20 19:25:28 366] tts        527  0  nil  1  
[2023/03/20 19:25:28 367] tts        657  TTS_MSG_GETAUDIO  0  
[2023/03/20 19:25:28 367] tts        485  get audio|use local  
[2023/03/20 19:25:28 367] tts        527  0  nil  1  
[2023/03/20 19:25:28 368] tts        657  TTS_MSG_GETAUDIO  0  
[2023/03/20 19:25:28 368] tts        485  get audio|use local  
[2023/03/20 19:25:28 368] tts        527  0  nil  1  
[2023/03/20 19:25:28 369] tts        657  TTS_MSG_GETAUDIO  0  
[2023/03/20 19:25:28 369] tts        485  get audio|use local  
[2023/03/20 19:25:28 369] tts        527  0  nil  1  
[2023/03/20 19:25:28 369] tts        657  TTS_MSG_GETAUDIO  0  
[2023/03/20 19:25:28 369] tts        485  get audio|use local  
[2023/03/20 19:25:28 370] tts        527  0  nil  1  
[2023/03/20 19:25:28 386] tts        657  TTS_MSG_GETAUDIO  0  
[2023/03/20 19:25:28 387] tts        485  get audio|use local  
[2023/03/20 19:25:28 387] tts        527  0  nil  1  
[2023/03/20 19:25:28 387] tts        657  TTS_MSG_GETAUDIO  0  
[2023/03/20 19:25:28 387] tts        485  get audio|use local  
[2023/03/20 19:25:28 387] tts        527  0  nil  1  
[2023/03/20 19:25:28 388] tts        657  TTS_MSG_GETAUDIO  0  
[2023/03/20 19:25:28 388] tts        485  get audio|use local  
[2023/03/20 19:25:28 388] tts        527  0  nil  1  
[2023/03/20 19:25:28 389] tts        657  TTS_MSG_GETAUDIO  0  
[2023/03/20 19:25:28 389] tts        485  get audio|use local  
[2023/03/20 19:25:28 389] tts        527  0  nil  1  
[2023/03/20 19:25:28 390] tts        657  TTS_MSG_GETAUDIO  0  
[2023/03/20 19:25:28 390] tts        485  get audio|use local  
[2023/03/20 19:25:28 390] tts        527  0  nil  1  
[2023/03/20 19:25:28 390] tts        657  TTS_MSG_GETAUDIO  0  
[2023/03/20 19:25:28 391] tts        485  get audio|use local  
[2023/03/20 19:25:28 391] tts        527  0  nil  1  
[2023/03/20 19:25:28 391] tts        657  TTS_MSG_GETAUDIO  0  
[2023/03/20 19:25:28 391] tts        485  get audio|use local  
[2023/03/20 19:25:28 391] tts        527  0  nil  1  
[2023/03/20 19:25:28 392] tts        657  TTS_MSG_GETAUDIO  0  
[2023/03/20 19:25:28 392] tts        485  get audio|use local  
[2023/03/20 19:25:28 392] tts        527  0  nil  1  
[2023/03/20 19:25:28 393] tts        657  TTS_MSG_GETAUDIO  0  
[2023/03/20 19:25:28 393] tts        485  get audio|use local  
[2023/03/20 19:25:28 393] tts        527  0  nil  1  
[2023/03/20 19:25:28 394] tts        657  TTS_MSG_GETAUDIO  0  
[2023/03/20 19:25:28 394] tts        485  get audio|use local  
[2023/03/20 19:25:28 394] tts        527  0  nil  1  
[2023/03/20 19:25:28 394] tts        657  TTS_MSG_GETAUDIO  0  
[2023/03/20 19:25:28 394] tts        485  get audio|use local  
[2023/03/20 19:25:28 395] tts        527  0  nil  1  
[2023/03/20 19:25:28 395] tts        657  TTS_MSG_GETAUDIO  0  
[2023/03/20 19:25:28 395] tts        485  get audio|use local  
[2023/03/20 19:25:28 395] tts        527  0  nil  1  
[2023/03/20 19:25:28 396] tts        657  TTS_MSG_GETAUDIO  0  
[2023/03/20 19:25:28 396] tts        485  get audio|use local  
[2023/03/20 19:25:28 396] tts        527  0  nil  1  
[2023/03/20 19:25:28 397] tts        657  TTS_MSG_GETAUDIO  0  
[2023/03/20 19:25:28 397] tts        485  get audio|use local  
[2023/03/20 19:25:28 397] tts        527  0  nil  1  
[2023/03/20 19:25:28 397] tts        657  TTS_MSG_GETAUDIO  0  
[2023/03/20 19:25:28 397] tts        485  get audio|use local  
[2023/03/20 19:25:28 398] tts        527  0  nil  1  
[2023/03/20 19:25:28 398] tts        657  TTS_MSG_GETAUDIO  0  
[2023/03/20 19:25:28 398] tts        485  get audio|use local  
[2023/03/20 19:25:28 398] tts        527  0  nil  1  
[2023/03/20 19:25:28 399] tts        657  TTS_MSG_GETAUDIO  0  
[2023/03/20 19:25:28 399] tts        485  get audio|use local  
[2023/03/20 19:25:28 399] tts        527  0  nil  1  
[2023/03/20 19:25:28 400] tts        657  TTS_MSG_GETAUDIO  0  
[2023/03/20 19:25:28 400] tts        485  get audio|use local  
[2023/03/20 19:25:28 400] tts        527  0  nil  1  
[2023/03/20 19:25:28 400] tts        657  TTS_MSG_GETAUDIO  0  
[2023/03/20 19:25:28 400] tts        485  get audio|use local  
[2023/03/20 19:25:28 401] tts        527  0  nil  1  
[2023/03/20 19:25:28 405] tts        657  TTS_MSG_GETAUDIO  0  
[2023/03/20 19:25:28 406] tts        485  get audio|use local  
[2023/03/20 19:25:28 406] tts        527  0  nil  1  
[2023/03/20 19:25:28 406] tts        657  TTS_MSG_GETAUDIO  0  
[2023/03/20 19:25:28 407] tts        485  get audio|use local  
[2023/03/20 19:25:28 407] tts        527  0  nil  1  
[2023/03/20 19:25:28 407] tts        657  TTS_MSG_GETAUDIO  0  
[2023/03/20 19:25:28 407] tts        485  get audio|use local  
[2023/03/20 19:25:28 408] tts        527  0  nil  1  
[2023/03/20 19:25:28 408] tts        657  TTS_MSG_GETAUDIO  0  
[2023/03/20 19:25:28 408] tts        485  get audio|use local  
[2023/03/20 19:25:28 408] tts        527  0  nil  1  
[2023/03/20 19:25:28 409] tts        657  TTS_MSG_GETAUDIO  0  
[2023/03/20 19:25:28 409] tts        485  get audio|use local  
[2023/03/20 19:25:28 409] tts        527  0  nil  1  
[2023/03/20 19:25:28 419] tts        657  TTS_MSG_GETAUDIO  0  
[2023/03/20 19:25:28 419] tts        485  get audio|use local  
[2023/03/20 19:25:28 419] tts        527  0  nil  1  
[2023/03/20 19:25:28 420] tts        657  TTS_MSG_GETAUDIO  0  
[2023/03/20 19:25:28 420] tts        485  get audio|use local  
[2023/03/20 19:25:28 420] tts        527  0  nil  1  
[2023/03/20 19:25:28 421] tts        657  TTS_MSG_GETAUDIO  0  
[2023/03/20 19:25:28 421] tts        485  get audio|use local  
[2023/03/20 19:25:28 421] tts        527  0  nil  1  
[2023/03/20 19:25:28 421] tts        657  TTS_MSG_GETAUDIO  0  
[2023/03/20 19:25:28 422] tts        485  get audio|use local  
[2023/03/20 19:25:28 422] tts        527  0  nil  1  
[2023/03/20 19:25:28 422] tts        657  TTS_MSG_GETAUDIO  0  
[2023/03/20 19:25:28 423] tts        485  get audio|use local  
[2023/03/20 19:25:28 423] tts        527  0  nil  1  
[2023/03/20 19:25:28 423] tts        657  TTS_MSG_GETAUDIO  0  
[2023/03/20 19:25:28 423] tts        485  get audio|use local  
[2023/03/20 19:25:28 423] tts        527  0  nil  1  
[2023/03/20 19:25:28 424] tts        657  TTS_MSG_GETAUDIO  0  
[2023/03/20 19:25:28 424] tts        485  get audio|use local  
[2023/03/20 19:25:28 424] tts        527  0  nil  1  
[2023/03/20 19:25:28 425] tts        657  TTS_MSG_GETAUDIO  0  
[2023/03/20 19:25:28 425] tts        485  get audio|use local  
[2023/03/20 19:25:28 425] tts        527  0  nil  1  
[2023/03/20 19:25:28 425] tts        657  TTS_MSG_GETAUDIO  0  
[2023/03/20 19:25:28 426] tts        485  get audio|use local  
[2023/03/20 19:25:28 426] tts        527  0  nil  1  
[2023/03/20 19:25:28 426] tts        657  TTS_MSG_GETAUDIO  0  
[2023/03/20 19:25:28 426] tts        485  get audio|use local  
[2023/03/20 19:25:28 427] tts        527  0  nil  1  
[2023/03/20 19:25:28 427] tts        657  TTS_MSG_GETAUDIO  0  
[2023/03/20 19:25:28 427] tts        485  get audio|use local  
[2023/03/20 19:25:28 427] tts        527  0  nil  1  
[2023/03/20 19:25:28 428] tts        657  TTS_MSG_GETAUDIO  0  
[2023/03/20 19:25:28 428] tts        485  get audio|use local  
[2023/03/20 19:25:28 428] tts        527  0  nil  1  
[2023/03/20 19:25:28 429] tts        657  TTS_MSG_GETAUDIO  0  
[2023/03/20 19:25:28 429] tts        485  get audio|use local  
[2023/03/20 19:25:28 429] tts        527  0  nil  1  
[2023/03/20 19:25:28 429] tts        657  TTS_MSG_GETAUDIO  0  
[2023/03/20 19:25:28 430] tts        485  get audio|use local  
[2023/03/20 19:25:28 430] tts        527  0  nil  1  
[2023/03/20 19:25:28 438] tts        657  TTS_MSG_GETAUDIO  0  
[2023/03/20 19:25:28 438] tts        485  get audio|use local  
[2023/03/20 19:25:28 439] tts        527  0  nil  1  
[2023/03/20 19:25:28 439] tts        657  TTS_MSG_GETAUDIO  0  
[2023/03/20 19:25:28 439] tts        485  get audio|use local  
[2023/03/20 19:25:28 439] tts        527  0  nil  1  
[2023/03/20 19:25:28 440] tts        657  TTS_MSG_GETAUDIO  0  
[2023/03/20 19:25:28 440] tts        485  get audio|use local  
[2023/03/20 19:25:28 440] tts        527  0  nil  1  
[2023/03/20 19:25:28 441] tts        657  TTS_MSG_GETAUDIO  0  
[2023/03/20 19:25:28 441] tts        485  get audio|use local  
[2023/03/20 19:25:28 441] tts        527  0  nil  1  
[2023/03/20 19:25:28 442] tts        657  TTS_MSG_GETAUDIO  0  
[2023/03/20 19:25:28 442] tts        485  get audio|use local  
[2023/03/20 19:25:28 442] tts        527  0  nil  1  
[2023/03/20 19:25:28 442] tts        657  TTS_MSG_GETAUDIO  0  
[2023/03/20 19:25:28 442] tts        485  get audio|use local  
[2023/03/20 19:25:28 442] tts        527  0  nil  1  
[2023/03/20 19:25:28 453] tts        657  TTS_MSG_GETAUDIO  0  
[2023/03/20 19:25:28 453] tts        485  get audio|use local  
[2023/03/20 19:25:28 453] tts        527  0  nil  1  
[2023/03/20 19:25:28 454] tts        657  TTS_MSG_GETAUDIO  0  
[2023/03/20 19:25:28 454] tts        485  get audio|use local  
[2023/03/20 19:25:28 454] tts        527  0  nil  1  
[2023/03/20 19:25:28 455] tts        657  TTS_MSG_GETAUDIO  0  
[2023/03/20 19:25:28 455] tts        485  get audio|use local  
[2023/03/20 19:25:28 455] tts        527  0  nil  1  
[2023/03/20 19:25:28 456] tts        657  TTS_MSG_GETAUDIO  0  
[2023/03/20 19:25:28 456] tts        485  get audio|use local  
[2023/03/20 19:25:28 456] tts        527  0  nil  1  
[2023/03/20 19:25:28 456] tts        657  TTS_MSG_GETAUDIO  0  
[2023/03/20 19:25:28 456] tts        485  get audio|use local  
[2023/03/20 19:25:28 457] tts        527  0  nil  1  
[2023/03/20 19:25:28 457] tts        657  TTS_MSG_GETAUDIO  0  
[2023/03/20 19:25:28 457] tts        485  get audio|use local  
[2023/03/20 19:25:28 457] tts        527  0  nil  1  
[2023/03/20 19:25:28 458] tts        657  TTS_MSG_GETAUDIO  0  
[2023/03/20 19:25:28 458] tts        485  get audio|use local  
[2023/03/20 19:25:28 458] tts        527  0  nil  1  
[2023/03/20 19:25:28 459] tts        657  TTS_MSG_GETAUDIO  0  
[2023/03/20 19:25:28 459] tts        485  get audio|use local  
[2023/03/20 19:25:28 459] tts        527  0  nil  1  
[2023/03/20 19:25:28 459] tts        657  TTS_MSG_GETAUDIO  0  
[2023/03/20 19:25:28 459] tts        485  get audio|use local  
[2023/03/20 19:25:28 460] tts        527  0  nil  1  
[2023/03/20 19:25:28 460] tts        657  TTS_MSG_GETAUDIO  0  
[2023/03/20 19:25:28 460] tts        485  get audio|use local  
[2023/03/20 19:25:28 460] tts        527  0  nil  1  
[2023/03/20 19:25:28 461] tts        657  TTS_MSG_GETAUDIO  0  
[2023/03/20 19:25:28 461] tts        485  get audio|use local  
[2023/03/20 19:25:28 461] tts        527  0  nil  1  
[2023/03/20 19:25:28 462] tts        657  TTS_MSG_GETAUDIO  0  
[2023/03/20 19:25:28 462] tts        485  get audio|use local  
[2023/03/20 19:25:28 462] tts        527  0  nil  1  
[2023/03/20 19:25:28 463] tts        657  TTS_MSG_GETAUDIO  0  
[2023/03/20 19:25:28 463] tts        485  get audio|use local  
[2023/03/20 19:25:28 463] tts        527  0  nil  1  
[2023/03/20 19:25:28 465] tts        657  TTS_MSG_GETAUDIO  0  
[2023/03/20 19:25:28 465] tts        485  get audio|use local  
[2023/03/20 19:25:28 465] tts        527  0  nil  1  
[2023/03/20 19:25:28 477] tts        657  TTS_MSG_GETAUDIO  0  
[2023/03/20 19:25:28 477] tts        485  get audio|use local  
[2023/03/20 19:25:28 477] tts        527  0  nil  1  
[2023/03/20 19:25:28 480] tts        657  TTS_MSG_GETAUDIO  0  
[2023/03/20 19:25:28 480] tts        485  get audio|use local  
[2023/03/20 19:25:28 480] tts        498  local audiolen:  2042  ,ced:  6  
[2023/03/20 19:25:28 480] tts        527  0  udata(8007cb88) 1  
[2023/03/20 19:25:28 482] tts        657  TTS_MSG_GETAUDIO  0  
[2023/03/20 19:25:28 482] tts        485  get audio|use local  
[2023/03/20 19:25:28 482] tts        498  local audiolen:  2016  ,ced:  6  
[2023/03/20 19:25:28 482] tts        527  0  udata(8007cbd8) 1  
[2023/03/20 19:25:28 483] tts        657  TTS_MSG_GETAUDIO  0  
[2023/03/20 19:25:28 483] tts        485  get audio|use local  
[2023/03/20 19:25:28 483] tts        498  local audiolen:  2014  ,ced:  6  
[2023/03/20 19:25:28 483] tts        527  0  udata(8007cc28) 1  
[2023/03/20 19:25:28 486] tts        657  TTS_MSG_GETAUDIO  0  
[2023/03/20 19:25:28 486] tts        485  get audio|use local  
[2023/03/20 19:25:28 486] tts        527  0  nil  1  
[2023/03/20 19:25:28 489] tts        657  TTS_MSG_GETAUDIO  0  
[2023/03/20 19:25:28 489] tts        485  get audio|use local  
[2023/03/20 19:25:28 489] tts        498  local audiolen:  1908  ,ced:  6  
[2023/03/20 19:25:28 489] tts        527  0  udata(8007ce18) 1  
[2023/03/20 19:25:28 490] tts        657  TTS_MSG_GETAUDIO  0  
[2023/03/20 19:25:28 490] tts        485  get audio|use local  
[2023/03/20 19:25:28 490] tts        498  local audiolen:  1946  ,ced:  6  
[2023/03/20 19:25:28 491] tts        527  0  udata(8007ce68) 1  
[2023/03/20 19:25:28 496] tts        301  0  0  
[2023/03/20 19:25:28 496] tts        312  TTS_LOCAL_CB_END,  2  
[2023/03/20 19:25:28 496] tts        657  TTS_MSG_GETAUDIO  0  
[2023/03/20 19:25:28 496] tts        485  get audio|use local  
[2023/03/20 19:25:28 497] tts        498  local audiolen:  1950  ,ced:  6  
[2023/03/20 19:25:28 497] tts        527  0  udata(8007f388) 1  
[2023/03/20 19:25:28 497] tts        657  TTS_MSG_GETAUDIO  0  
[2023/03/20 19:25:28 498] tts        485  get audio|use local  
[2023/03/20 19:25:28 498] tts        498  local audiolen:  1910  ,ced:  6  
[2023/03/20 19:25:28 498] tts        527  0  udata(8007f3d8) 1  
[2023/03/20 19:25:28 499] tts        657  TTS_MSG_GETAUDIO  0  
[2023/03/20 19:25:28 499] tts        485  get audio|use local  
[2023/03/20 19:25:28 499] tts        498  local audiolen:  1972  ,ced:  6  
[2023/03/20 19:25:28 499] tts        527  0  udata(8007e788) 1  
[2023/03/20 19:25:28 500] tts        657  TTS_MSG_GETAUDIO  0  
[2023/03/20 19:25:28 500] tts        485  get audio|use local  
[2023/03/20 19:25:28 500] tts        498  local audiolen:  1936  ,ced:  6  
[2023/03/20 19:25:28 500] tts        527  0  udata(8007e7d8) 1  
[2023/03/20 19:25:28 501] tts        657  TTS_MSG_GETAUDIO  0  
[2023/03/20 19:25:28 501] tts        485  get audio|use local  
[2023/03/20 19:25:28 501] tts        498  local audiolen:  2004  ,ced:  6  
[2023/03/20 19:25:28 501] tts        527  0  udata(8007e828) 1  
[2023/03/20 19:25:28 501] tts        657  TTS_MSG_GETAUDIO  0  
[2023/03/20 19:25:28 502] tts        485  get audio|use local  
[2023/03/20 19:25:28 502] tts        498  local audiolen:  576  ,ced:  6  
[2023/03/20 19:25:28 502] tts        527  0  udata(8007eac8) 2  
[2023/03/20 19:25:28 503] tts        660  TTS_MSG_SSE  
[2023/03/20 19:25:28 504] tts        585  sse|use local  
[2023/03/20 19:25:28 520] tts        603  tts exit  
[2023/03/20 19:25:28 530] tts        667  SYS_MSG_UNLOAD  
