============================================================
Time  2023/03/19 20:22:49 976 
============================================================
[2023/03/19 20:22:49 978] tts        676  SYS_MSG_REGCB param0 =  msp_status_cb  param1 =  func(840148d0) 
[2023/03/19 20:22:49 981] config     43   use general cloud  
[2023/03/19 20:22:49 987] tts_cloud  1417 SYS_MSG_REGCB_CLOUD param0 =   msp_status_cb  param1 =  func(840148d0) 
[2023/03/19 20:22:49 987] tts        647  TTS_MSG_SSB  
[2023/03/19 20:22:49 987] tts        375  params =  engine_type = local,voice_name=xiaoyan, text_encoding = UTF8, tts_res_path = fo|res/tts/xiaoyan.jet;fo|res/tts/common.jet, sample_rate = 16000, speed = 50, volume = 50, pitch = 50, rdn = 2  
[2023/03/19 20:22:49 988] tts        412  ssb|use local  
[2023/03/19 20:22:49 988] tts        349  local_session_begin  
[2023/03/19 20:22:49 991] tts        654  TTS_MSG_SYN  0  
[2023/03/19 20:22:49 991] tts        451  synth|use local  
[2023/03/19 20:22:49 992] tts        657  TTS_MSG_GETAUDIO  0  
[2023/03/19 20:22:49 992] tts        485  get audio|use local  
[2023/03/19 20:22:49 992] tts        527  0  nil  1  
[2023/03/19 20:22:49 993] tts        657  TTS_MSG_GETAUDIO  0  
[2023/03/19 20:22:49 993] tts        485  get audio|use local  
[2023/03/19 20:22:49 993] tts        527  0  nil  1  
[2023/03/19 20:22:49 994] tts        657  TTS_MSG_GETAUDIO  0  
[2023/03/19 20:22:49 994] tts        485  get audio|use local  
[2023/03/19 20:22:49 994] tts        527  0  nil  1  
[2023/03/19 20:22:49 996] tts        657  TTS_MSG_GETAUDIO  0  
[2023/03/19 20:22:49 996] tts        485  get audio|use local  
[2023/03/19 20:22:49 996] tts        527  0  nil  1  
[2023/03/19 20:22:49 997] tts        657  TTS_MSG_GETAUDIO  0  
[2023/03/19 20:22:49 997] tts        485  get audio|use local  
[2023/03/19 20:22:49 997] tts        527  0  nil  1  
[2023/03/19 20:22:49 998] tts        657  TTS_MSG_GETAUDIO  0  
[2023/03/19 20:22:49 998] tts        485  get audio|use local  
[2023/03/19 20:22:49 998] tts        527  0  nil  1  
[2023/03/19 20:22:49 999] tts        657  TTS_MSG_GETAUDIO  0  
[2023/03/19 20:22:49 999] tts        485  get audio|use local  
[2023/03/19 20:22:49 999] tts        527  0  nil  1  
[2023/03/19 20:22:50 000] tts        657  TTS_MSG_GETAUDIO  0  
[2023/03/19 20:22:50 000] tts        485  get audio|use local  
[2023/03/19 20:22:50 000] tts        527  0  nil  1  
[2023/03/19 20:22:50 001] tts        657  TTS_MSG_GETAUDIO  0  
[2023/03/19 20:22:50 001] tts        485  get audio|use local  
[2023/03/19 20:22:50 001] tts        527  0  nil  1  
[2023/03/19 20:22:50 003] tts        657  TTS_MSG_GETAUDIO  0  
[2023/03/19 20:22:50 003] tts        485  get audio|use local  
[2023/03/19 20:22:50 003] tts        527  0  nil  1  
[2023/03/19 20:22:50 004] tts        657  TTS_MSG_GETAUDIO  0  
[2023/03/19 20:22:50 004] tts        485  get audio|use local  
[2023/03/19 20:22:50 004] tts        527  0  nil  1  
[2023/03/19 20:22:50 005] tts        657  TTS_MSG_GETAUDIO  0  
[2023/03/19 20:22:50 005] tts        485  get audio|use local  
[2023/03/19 20:22:50 005] tts        527  0  nil  1  
[2023/03/19 20:22:50 006] tts        657  TTS_MSG_GETAUDIO  0  
[2023/03/19 20:22:50 006] tts        485  get audio|use local  
[2023/03/19 20:22:50 006] tts        527  0  nil  1  
[2023/03/19 20:22:50 006] tts        657  TTS_MSG_GETAUDIO  0  
[2023/03/19 20:22:50 007] tts        485  get audio|use local  
[2023/03/19 20:22:50 007] tts        527  0  nil  1  
[2023/03/19 20:22:50 007] tts        657  TTS_MSG_GETAUDIO  0  
[2023/03/19 20:22:50 008] tts        485  get audio|use local  
[2023/03/19 20:22:50 008] tts        527  0  nil  1  
[2023/03/19 20:22:50 009] tts        657  TTS_MSG_GETAUDIO  0  
[2023/03/19 20:22:50 009] tts        485  get audio|use local  
[2023/03/19 20:22:50 009] tts        527  0  nil  1  
[2023/03/19 20:22:50 010] tts        657  TTS_MSG_GETAUDIO  0  
[2023/03/19 20:22:50 010] tts        485  get audio|use local  
[2023/03/19 20:22:50 011] tts        527  0  nil  1  
[2023/03/19 20:22:50 011] tts        657  TTS_MSG_GETAUDIO  0  
[2023/03/19 20:22:50 012] tts        485  get audio|use local  
[2023/03/19 20:22:50 012] tts        527  0  nil  1  
[2023/03/19 20:22:50 012] tts        657  TTS_MSG_GETAUDIO  0  
[2023/03/19 20:22:50 013] tts        485  get audio|use local  
[2023/03/19 20:22:50 013] tts        527  0  nil  1  
[2023/03/19 20:22:50 013] tts        657  TTS_MSG_GETAUDIO  0  
[2023/03/19 20:22:50 014] tts        485  get audio|use local  
[2023/03/19 20:22:50 014] tts        527  0  nil  1  
[2023/03/19 20:22:50 014] tts        657  TTS_MSG_GETAUDIO  0  
[2023/03/19 20:22:50 014] tts        485  get audio|use local  
[2023/03/19 20:22:50 014] tts        527  0  nil  1  
[2023/03/19 20:22:50 015] tts        657  TTS_MSG_GETAUDIO  0  
[2023/03/19 20:22:50 016] tts        485  get audio|use local  
[2023/03/19 20:22:50 016] tts        527  0  nil  1  
[2023/03/19 20:22:50 020] tts        657  TTS_MSG_GETAUDIO  0  
[2023/03/19 20:22:50 020] tts        485  get audio|use local  
[2023/03/19 20:22:50 020] tts        527  0  nil  1  
[2023/03/19 20:22:50 022] tts        657  TTS_MSG_GETAUDIO  0  
[2023/03/19 20:22:50 022] tts        485  get audio|use local  
[2023/03/19 20:22:50 023] tts        527  0  nil  1  
[2023/03/19 20:22:50 023] tts        657  TTS_MSG_GETAUDIO  0  
[2023/03/19 20:22:50 023] tts        485  get audio|use local  
[2023/03/19 20:22:50 024] tts        527  0  nil  1  
[2023/03/19 20:22:50 025] tts        657  TTS_MSG_GETAUDIO  0  
[2023/03/19 20:22:50 025] tts        485  get audio|use local  
[2023/03/19 20:22:50 025] tts        527  0  nil  1  
[2023/03/19 20:22:50 026] tts        657  TTS_MSG_GETAUDIO  0  
[2023/03/19 20:22:50 026] tts        485  get audio|use local  
[2023/03/19 20:22:50 026] tts        527  0  nil  1  
[2023/03/19 20:22:50 027] tts        657  TTS_MSG_GETAUDIO  0  
[2023/03/19 20:22:50 027] tts        485  get audio|use local  
[2023/03/19 20:22:50 027] tts        527  0  nil  1  
[2023/03/19 20:22:50 028] tts        657  TTS_MSG_GETAUDIO  0  
[2023/03/19 20:22:50 028] tts        485  get audio|use local  
[2023/03/19 20:22:50 028] tts        527  0  nil  1  
[2023/03/19 20:22:50 029] tts        657  TTS_MSG_GETAUDIO  0  
[2023/03/19 20:22:50 029] tts        485  get audio|use local  
[2023/03/19 20:22:50 029] tts        527  0  nil  1  
[2023/03/19 20:22:50 031] tts        657  TTS_MSG_GETAUDIO  0  
[2023/03/19 20:22:50 031] tts        485  get audio|use local  
[2023/03/19 20:22:50 031] tts        527  0  nil  1  
[2023/03/19 20:22:50 032] tts        657  TTS_MSG_GETAUDIO  0  
[2023/03/19 20:22:50 033] tts        485  get audio|use local  
[2023/03/19 20:22:50 033] tts        527  0  nil  1  
[2023/03/19 20:22:50 033] tts        657  TTS_MSG_GETAUDIO  0  
[2023/03/19 20:22:50 033] tts        485  get audio|use local  
[2023/03/19 20:22:50 033] tts        527  0  nil  1  
[2023/03/19 20:22:50 034] tts        657  TTS_MSG_GETAUDIO  0  
[2023/03/19 20:22:50 034] tts        485  get audio|use local  
[2023/03/19 20:22:50 034] tts        527  0  nil  1  
[2023/03/19 20:22:50 035] tts        657  TTS_MSG_GETAUDIO  0  
[2023/03/19 20:22:50 035] tts        485  get audio|use local  
[2023/03/19 20:22:50 035] tts        527  0  nil  1  
[2023/03/19 20:22:50 036] tts        657  TTS_MSG_GETAUDIO  0  
[2023/03/19 20:22:50 036] tts        485  get audio|use local  
[2023/03/19 20:22:50 036] tts        527  0  nil  1  
[2023/03/19 20:22:50 037] tts        657  TTS_MSG_GETAUDIO  0  
[2023/03/19 20:22:50 037] tts        485  get audio|use local  
[2023/03/19 20:22:50 037] tts        527  0  nil  1  
[2023/03/19 20:22:50 037] tts        657  TTS_MSG_GETAUDIO  0  
[2023/03/19 20:22:50 037] tts        485  get audio|use local  
[2023/03/19 20:22:50 038] tts        527  0  nil  1  
[2023/03/19 20:22:50 038] tts        657  TTS_MSG_GETAUDIO  0  
[2023/03/19 20:22:50 038] tts        485  get audio|use local  
[2023/03/19 20:22:50 038] tts        527  0  nil  1  
[2023/03/19 20:22:50 039] tts        657  TTS_MSG_GETAUDIO  0  
[2023/03/19 20:22:50 039] tts        485  get audio|use local  
[2023/03/19 20:22:50 039] tts        527  0  nil  1  
[2023/03/19 20:22:50 040] tts        657  TTS_MSG_GETAUDIO  0  
[2023/03/19 20:22:50 040] tts        485  get audio|use local  
[2023/03/19 20:22:50 040] tts        527  0  nil  1  
[2023/03/19 20:22:50 040] tts        657  TTS_MSG_GETAUDIO  0  
[2023/03/19 20:22:50 040] tts        485  get audio|use local  
[2023/03/19 20:22:50 040] tts        527  0  nil  1  
[2023/03/19 20:22:50 041] tts        657  TTS_MSG_GETAUDIO  0  
[2023/03/19 20:22:50 041] tts        485  get audio|use local  
[2023/03/19 20:22:50 041] tts        527  0  nil  1  
[2023/03/19 20:22:50 042] tts        657  TTS_MSG_GETAUDIO  0  
[2023/03/19 20:22:50 042] tts        485  get audio|use local  
[2023/03/19 20:22:50 042] tts        527  0  nil  1  
[2023/03/19 20:22:50 042] tts        657  TTS_MSG_GETAUDIO  0  
[2023/03/19 20:22:50 042] tts        485  get audio|use local  
[2023/03/19 20:22:50 042] tts        527  0  nil  1  
[2023/03/19 20:22:50 043] tts        657  TTS_MSG_GETAUDIO  0  
[2023/03/19 20:22:50 043] tts        485  get audio|use local  
[2023/03/19 20:22:50 043] tts        527  0  nil  1  
[2023/03/19 20:22:50 044] tts        657  TTS_MSG_GETAUDIO  0  
[2023/03/19 20:22:50 044] tts        485  get audio|use local  
[2023/03/19 20:22:50 044] tts        527  0  nil  1  
[2023/03/19 20:22:50 044] tts        657  TTS_MSG_GETAUDIO  0  
[2023/03/19 20:22:50 045] tts        485  get audio|use local  
[2023/03/19 20:22:50 045] tts        527  0  nil  1  
[2023/03/19 20:22:50 045] tts        657  TTS_MSG_GETAUDIO  0  
[2023/03/19 20:22:50 045] tts        485  get audio|use local  
[2023/03/19 20:22:50 045] tts        527  0  nil  1  
[2023/03/19 20:22:50 046] tts        657  TTS_MSG_GETAUDIO  0  
[2023/03/19 20:22:50 046] tts        485  get audio|use local  
[2023/03/19 20:22:50 046] tts        527  0  nil  1  
[2023/03/19 20:22:50 047] tts        657  TTS_MSG_GETAUDIO  0  
[2023/03/19 20:22:50 047] tts        485  get audio|use local  
[2023/03/19 20:22:50 047] tts        527  0  nil  1  
[2023/03/19 20:22:50 048] tts        657  TTS_MSG_GETAUDIO  0  
[2023/03/19 20:22:50 048] tts        485  get audio|use local  
[2023/03/19 20:22:50 048] tts        527  0  nil  1  
[2023/03/19 20:22:50 049] tts        657  TTS_MSG_GETAUDIO  0  
[2023/03/19 20:22:50 049] tts        485  get audio|use local  
[2023/03/19 20:22:50 049] tts        527  0  nil  1  
[2023/03/19 20:22:50 049] tts        657  TTS_MSG_GETAUDIO  0  
[2023/03/19 20:22:50 049] tts        485  get audio|use local  
[2023/03/19 20:22:50 050] tts        527  0  nil  1  
[2023/03/19 20:22:50 050] tts        657  TTS_MSG_GETAUDIO  0  
[2023/03/19 20:22:50 050] tts        485  get audio|use local  
[2023/03/19 20:22:50 050] tts        527  0  nil  1  
[2023/03/19 20:22:50 051] tts        657  TTS_MSG_GETAUDIO  0  
[2023/03/19 20:22:50 051] tts        485  get audio|use local  
[2023/03/19 20:22:50 051] tts        527  0  nil  1  
[2023/03/19 20:22:50 052] tts        657  TTS_MSG_GETAUDIO  0  
[2023/03/19 20:22:50 052] tts        485  get audio|use local  
[2023/03/19 20:22:50 052] tts        527  0  nil  1  
[2023/03/19 20:22:50 052] tts        657  TTS_MSG_GETAUDIO  0  
[2023/03/19 20:22:50 052] tts        485  get audio|use local  
[2023/03/19 20:22:50 053] tts        527  0  nil  1  
[2023/03/19 20:22:50 053] tts        657  TTS_MSG_GETAUDIO  0  
[2023/03/19 20:22:50 053] tts        485  get audio|use local  
[2023/03/19 20:22:50 053] tts        527  0  nil  1  
[2023/03/19 20:22:50 054] tts        657  TTS_MSG_GETAUDIO  0  
[2023/03/19 20:22:50 054] tts        485  get audio|use local  
[2023/03/19 20:22:50 055] tts        527  0  nil  1  
[2023/03/19 20:22:50 055] tts        657  TTS_MSG_GETAUDIO  0  
[2023/03/19 20:22:50 055] tts        485  get audio|use local  
[2023/03/19 20:22:50 055] tts        527  0  nil  1  
[2023/03/19 20:22:50 056] tts        657  TTS_MSG_GETAUDIO  0  
[2023/03/19 20:22:50 056] tts        485  get audio|use local  
[2023/03/19 20:22:50 056] tts        527  0  nil  1  
[2023/03/19 20:22:50 057] tts        657  TTS_MSG_GETAUDIO  0  
[2023/03/19 20:22:50 057] tts        485  get audio|use local  
[2023/03/19 20:22:50 057] tts        527  0  nil  1  
[2023/03/19 20:22:50 058] tts        657  TTS_MSG_GETAUDIO  0  
[2023/03/19 20:22:50 058] tts        485  get audio|use local  
[2023/03/19 20:22:50 058] tts        527  0  nil  1  
[2023/03/19 20:22:50 059] tts        657  TTS_MSG_GETAUDIO  0  
[2023/03/19 20:22:50 059] tts        485  get audio|use local  
[2023/03/19 20:22:50 059] tts        527  0  nil  1  
[2023/03/19 20:22:50 060] tts        657  TTS_MSG_GETAUDIO  0  
[2023/03/19 20:22:50 060] tts        485  get audio|use local  
[2023/03/19 20:22:50 060] tts        527  0  nil  1  
[2023/03/19 20:22:50 061] tts        657  TTS_MSG_GETAUDIO  0  
[2023/03/19 20:22:50 061] tts        485  get audio|use local  
[2023/03/19 20:22:50 061] tts        527  0  nil  1  
[2023/03/19 20:22:50 063] tts        657  TTS_MSG_GETAUDIO  0  
[2023/03/19 20:22:50 063] tts        485  get audio|use local  
[2023/03/19 20:22:50 063] tts        527  0  nil  1  
[2023/03/19 20:22:50 064] tts        657  TTS_MSG_GETAUDIO  0  
[2023/03/19 20:22:50 064] tts        485  get audio|use local  
[2023/03/19 20:22:50 064] tts        527  0  nil  1  
[2023/03/19 20:22:50 065] tts        657  TTS_MSG_GETAUDIO  0  
[2023/03/19 20:22:50 065] tts        485  get audio|use local  
[2023/03/19 20:22:50 065] tts        527  0  nil  1  
[2023/03/19 20:22:50 066] tts        657  TTS_MSG_GETAUDIO  0  
[2023/03/19 20:22:50 066] tts        485  get audio|use local  
[2023/03/19 20:22:50 066] tts        527  0  nil  1  
[2023/03/19 20:22:50 067] tts        657  TTS_MSG_GETAUDIO  0  
[2023/03/19 20:22:50 067] tts        485  get audio|use local  
[2023/03/19 20:22:50 067] tts        527  0  nil  1  
[2023/03/19 20:22:50 068] tts        657  TTS_MSG_GETAUDIO  0  
[2023/03/19 20:22:50 068] tts        485  get audio|use local  
[2023/03/19 20:22:50 068] tts        527  0  nil  1  
[2023/03/19 20:22:50 069] tts        657  TTS_MSG_GETAUDIO  0  
[2023/03/19 20:22:50 069] tts        485  get audio|use local  
[2023/03/19 20:22:50 069] tts        527  0  nil  1  
[2023/03/19 20:22:50 070] tts        657  TTS_MSG_GETAUDIO  0  
[2023/03/19 20:22:50 070] tts        485  get audio|use local  
[2023/03/19 20:22:50 071] tts        527  0  nil  1  
[2023/03/19 20:22:50 072] tts        657  TTS_MSG_GETAUDIO  0  
[2023/03/19 20:22:50 072] tts        485  get audio|use local  
[2023/03/19 20:22:50 073] tts        527  0  nil  1  
[2023/03/19 20:22:50 074] tts        657  TTS_MSG_GETAUDIO  0  
[2023/03/19 20:22:50 074] tts        485  get audio|use local  
[2023/03/19 20:22:50 074] tts        527  0  nil  1  
[2023/03/19 20:22:50 075] tts        657  TTS_MSG_GETAUDIO  0  
[2023/03/19 20:22:50 075] tts        485  get audio|use local  
[2023/03/19 20:22:50 075] tts        527  0  nil  1  
[2023/03/19 20:22:50 077] tts        657  TTS_MSG_GETAUDIO  0  
[2023/03/19 20:22:50 077] tts        485  get audio|use local  
[2023/03/19 20:22:50 077] tts        527  0  nil  1  
[2023/03/19 20:22:50 080] tts        657  TTS_MSG_GETAUDIO  0  
[2023/03/19 20:22:50 080] tts        485  get audio|use local  
[2023/03/19 20:22:50 080] tts        527  0  nil  1  
[2023/03/19 20:22:50 081] tts        657  TTS_MSG_GETAUDIO  0  
[2023/03/19 20:22:50 081] tts        485  get audio|use local  
[2023/03/19 20:22:50 081] tts        527  0  nil  1  
[2023/03/19 20:22:50 082] tts        657  TTS_MSG_GETAUDIO  0  
[2023/03/19 20:22:50 082] tts        485  get audio|use local  
[2023/03/19 20:22:50 082] tts        527  0  nil  1  
[2023/03/19 20:22:50 084] tts        299  TTS_LOCAL_CB_BEGIN  
[2023/03/19 20:22:50 084] tts        657  TTS_MSG_GETAUDIO  0  
[2023/03/19 20:22:50 084] tts        485  get audio|use local  
[2023/03/19 20:22:50 084] tts        527  0  nil  1  
[2023/03/19 20:22:50 085] tts        657  TTS_MSG_GETAUDIO  0  
[2023/03/19 20:22:50 085] tts        485  get audio|use local  
[2023/03/19 20:22:50 085] tts        527  0  nil  1  
[2023/03/19 20:22:50 086] tts        657  TTS_MSG_GETAUDIO  0  
[2023/03/19 20:22:50 086] tts        485  get audio|use local  
[2023/03/19 20:22:50 086] tts        527  0  nil  1  
[2023/03/19 20:22:50 086] tts        657  TTS_MSG_GETAUDIO  0  
[2023/03/19 20:22:50 087] tts        485  get audio|use local  
[2023/03/19 20:22:50 087] tts        527  0  nil  1  
[2023/03/19 20:22:50 087] tts        657  TTS_MSG_GETAUDIO  0  
[2023/03/19 20:22:50 087] tts        485  get audio|use local  
[2023/03/19 20:22:50 088] tts        527  0  nil  1  
[2023/03/19 20:22:50 089] tts        657  TTS_MSG_GETAUDIO  0  
[2023/03/19 20:22:50 089] tts        485  get audio|use local  
[2023/03/19 20:22:50 089] tts        527  0  nil  1  
[2023/03/19 20:22:50 089] tts        657  TTS_MSG_GETAUDIO  0  
[2023/03/19 20:22:50 090] tts        485  get audio|use local  
[2023/03/19 20:22:50 090] tts        527  0  nil  1  
[2023/03/19 20:22:50 090] tts        657  TTS_MSG_GETAUDIO  0  
[2023/03/19 20:22:50 090] tts        485  get audio|use local  
[2023/03/19 20:22:50 090] tts        527  0  nil  1  
[2023/03/19 20:22:50 091] tts        657  TTS_MSG_GETAUDIO  0  
[2023/03/19 20:22:50 091] tts        485  get audio|use local  
[2023/03/19 20:22:50 091] tts        527  0  nil  1  
[2023/03/19 20:22:50 092] tts        657  TTS_MSG_GETAUDIO  0  
[2023/03/19 20:22:50 092] tts        485  get audio|use local  
[2023/03/19 20:22:50 092] tts        527  0  nil  1  
[2023/03/19 20:22:50 093] tts        657  TTS_MSG_GETAUDIO  0  
[2023/03/19 20:22:50 093] tts        485  get audio|use local  
[2023/03/19 20:22:50 093] tts        527  0  nil  1  
[2023/03/19 20:22:50 093] tts        657  TTS_MSG_GETAUDIO  0  
[2023/03/19 20:22:50 093] tts        485  get audio|use local  
[2023/03/19 20:22:50 094] tts        527  0  nil  1  
[2023/03/19 20:22:50 095] tts        657  TTS_MSG_GETAUDIO  0  
[2023/03/19 20:22:50 095] tts        485  get audio|use local  
[2023/03/19 20:22:50 096] tts        527  0  nil  1  
[2023/03/19 20:22:50 102] tts        657  TTS_MSG_GETAUDIO  0  
[2023/03/19 20:22:50 103] tts        485  get audio|use local  
[2023/03/19 20:22:50 103] tts        527  0  nil  1  
[2023/03/19 20:22:50 104] tts        657  TTS_MSG_GETAUDIO  0  
[2023/03/19 20:22:50 104] tts        485  get audio|use local  
[2023/03/19 20:22:50 104] tts        527  0  nil  1  
[2023/03/19 20:22:50 105] tts        657  TTS_MSG_GETAUDIO  0  
[2023/03/19 20:22:50 105] tts        485  get audio|use local  
[2023/03/19 20:22:50 105] tts        527  0  nil  1  
[2023/03/19 20:22:50 106] tts        657  TTS_MSG_GETAUDIO  0  
[2023/03/19 20:22:50 106] tts        485  get audio|use local  
[2023/03/19 20:22:50 106] tts        527  0  nil  1  
[2023/03/19 20:22:50 107] tts        657  TTS_MSG_GETAUDIO  0  
[2023/03/19 20:22:50 108] tts        485  get audio|use local  
[2023/03/19 20:22:50 108] tts        527  0  nil  1  
[2023/03/19 20:22:50 108] tts        657  TTS_MSG_GETAUDIO  0  
[2023/03/19 20:22:50 108] tts        485  get audio|use local  
[2023/03/19 20:22:50 108] tts        527  0  nil  1  
[2023/03/19 20:22:50 109] tts        657  TTS_MSG_GETAUDIO  0  
[2023/03/19 20:22:50 109] tts        485  get audio|use local  
[2023/03/19 20:22:50 110] tts        527  0  nil  1  
[2023/03/19 20:22:50 110] tts        657  TTS_MSG_GETAUDIO  0  
[2023/03/19 20:22:50 110] tts        485  get audio|use local  
[2023/03/19 20:22:50 110] tts        527  0  nil  1  
[2023/03/19 20:22:50 111] tts        657  TTS_MSG_GETAUDIO  0  
[2023/03/19 20:22:50 111] tts        485  get audio|use local  
[2023/03/19 20:22:50 111] tts        527  0  nil  1  
[2023/03/19 20:22:50 112] tts        657  TTS_MSG_GETAUDIO  0  
[2023/03/19 20:22:50 112] tts        485  get audio|use local  
[2023/03/19 20:22:50 112] tts        527  0  nil  1  
[2023/03/19 20:22:50 113] tts        657  TTS_MSG_GETAUDIO  0  
[2023/03/19 20:22:50 113] tts        485  get audio|use local  
[2023/03/19 20:22:50 113] tts        527  0  nil  1  
[2023/03/19 20:22:50 114] tts        657  TTS_MSG_GETAUDIO  0  
[2023/03/19 20:22:50 114] tts        485  get audio|use local  
[2023/03/19 20:22:50 114] tts        527  0  nil  1  
[2023/03/19 20:22:50 114] tts        657  TTS_MSG_GETAUDIO  0  
[2023/03/19 20:22:50 114] tts        485  get audio|use local  
[2023/03/19 20:22:50 114] tts        527  0  nil  1  
[2023/03/19 20:22:50 115] tts        657  TTS_MSG_GETAUDIO  0  
[2023/03/19 20:22:50 115] tts        485  get audio|use local  
[2023/03/19 20:22:50 115] tts        527  0  nil  1  
[2023/03/19 20:22:50 116] tts        657  TTS_MSG_GETAUDIO  0  
[2023/03/19 20:22:50 116] tts        485  get audio|use local  
[2023/03/19 20:22:50 116] tts        527  0  nil  1  
[2023/03/19 20:22:50 117] tts        657  TTS_MSG_GETAUDIO  0  
[2023/03/19 20:22:50 117] tts        485  get audio|use local  
[2023/03/19 20:22:50 117] tts        527  0  nil  1  
[2023/03/19 20:22:50 118] tts        657  TTS_MSG_GETAUDIO  0  
[2023/03/19 20:22:50 118] tts        485  get audio|use local  
[2023/03/19 20:22:50 118] tts        527  0  nil  1  
[2023/03/19 20:22:50 119] tts        657  TTS_MSG_GETAUDIO  0  
[2023/03/19 20:22:50 119] tts        485  get audio|use local  
[2023/03/19 20:22:50 119] tts        527  0  nil  1  
[2023/03/19 20:22:50 119] tts        657  TTS_MSG_GETAUDIO  0  
[2023/03/19 20:22:50 120] tts        485  get audio|use local  
[2023/03/19 20:22:50 120] tts        527  0  nil  1  
[2023/03/19 20:22:50 120] tts        657  TTS_MSG_GETAUDIO  0  
[2023/03/19 20:22:50 120] tts        485  get audio|use local  
[2023/03/19 20:22:50 120] tts        527  0  nil  1  
[2023/03/19 20:22:50 121] tts        657  TTS_MSG_GETAUDIO  0  
[2023/03/19 20:22:50 121] tts        485  get audio|use local  
[2023/03/19 20:22:50 121] tts        527  0  nil  1  
[2023/03/19 20:22:50 122] tts        657  TTS_MSG_GETAUDIO  0  
[2023/03/19 20:22:50 122] tts        485  get audio|use local  
[2023/03/19 20:22:50 122] tts        527  0  nil  1  
[2023/03/19 20:22:50 122] tts        657  TTS_MSG_GETAUDIO  0  
[2023/03/19 20:22:50 122] tts        485  get audio|use local  
[2023/03/19 20:22:50 123] tts        527  0  nil  1  
[2023/03/19 20:22:50 123] tts        657  TTS_MSG_GETAUDIO  0  
[2023/03/19 20:22:50 123] tts        485  get audio|use local  
[2023/03/19 20:22:50 124] tts        527  0  nil  1  
[2023/03/19 20:22:50 124] tts        657  TTS_MSG_GETAUDIO  0  
[2023/03/19 20:22:50 124] tts        485  get audio|use local  
[2023/03/19 20:22:50 124] tts        527  0  nil  1  
[2023/03/19 20:22:50 125] tts        657  TTS_MSG_GETAUDIO  0  
[2023/03/19 20:22:50 125] tts        485  get audio|use local  
[2023/03/19 20:22:50 125] tts        527  0  nil  1  
[2023/03/19 20:22:50 125] tts        657  TTS_MSG_GETAUDIO  0  
[2023/03/19 20:22:50 125] tts        485  get audio|use local  
[2023/03/19 20:22:50 126] tts        527  0  nil  1  
[2023/03/19 20:22:50 126] tts        657  TTS_MSG_GETAUDIO  0  
[2023/03/19 20:22:50 127] tts        485  get audio|use local  
[2023/03/19 20:22:50 127] tts        527  0  nil  1  
[2023/03/19 20:22:50 128] tts        657  TTS_MSG_GETAUDIO  0  
[2023/03/19 20:22:50 128] tts        485  get audio|use local  
[2023/03/19 20:22:50 128] tts        527  0  nil  1  
[2023/03/19 20:22:50 129] tts        657  TTS_MSG_GETAUDIO  0  
[2023/03/19 20:22:50 129] tts        485  get audio|use local  
[2023/03/19 20:22:50 129] tts        527  0  nil  1  
[2023/03/19 20:22:50 130] tts        657  TTS_MSG_GETAUDIO  0  
[2023/03/19 20:22:50 130] tts        485  get audio|use local  
[2023/03/19 20:22:50 130] tts        527  0  nil  1  
[2023/03/19 20:22:50 130] tts        657  TTS_MSG_GETAUDIO  0  
[2023/03/19 20:22:50 131] tts        485  get audio|use local  
[2023/03/19 20:22:50 131] tts        527  0  nil  1  
[2023/03/19 20:22:50 131] tts        657  TTS_MSG_GETAUDIO  0  
[2023/03/19 20:22:50 131] tts        485  get audio|use local  
[2023/03/19 20:22:50 131] tts        527  0  nil  1  
[2023/03/19 20:22:50 132] tts        657  TTS_MSG_GETAUDIO  0  
[2023/03/19 20:22:50 132] tts        485  get audio|use local  
[2023/03/19 20:22:50 132] tts        527  0  nil  1  
[2023/03/19 20:22:50 133] tts        657  TTS_MSG_GETAUDIO  0  
[2023/03/19 20:22:50 133] tts        485  get audio|use local  
[2023/03/19 20:22:50 133] tts        527  0  nil  1  
[2023/03/19 20:22:50 133] tts        657  TTS_MSG_GETAUDIO  0  
[2023/03/19 20:22:50 133] tts        485  get audio|use local  
[2023/03/19 20:22:50 133] tts        527  0  nil  1  
[2023/03/19 20:22:50 134] tts        657  TTS_MSG_GETAUDIO  0  
[2023/03/19 20:22:50 134] tts        485  get audio|use local  
[2023/03/19 20:22:50 134] tts        527  0  nil  1  
[2023/03/19 20:22:50 135] tts        657  TTS_MSG_GETAUDIO  0  
[2023/03/19 20:22:50 135] tts        485  get audio|use local  
[2023/03/19 20:22:50 136] tts        527  0  nil  1  
[2023/03/19 20:22:50 136] tts        657  TTS_MSG_GETAUDIO  0  
[2023/03/19 20:22:50 136] tts        485  get audio|use local  
[2023/03/19 20:22:50 136] tts        527  0  nil  1  
[2023/03/19 20:22:50 137] tts        657  TTS_MSG_GETAUDIO  0  
[2023/03/19 20:22:50 137] tts        485  get audio|use local  
[2023/03/19 20:22:50 137] tts        527  0  nil  1  
[2023/03/19 20:22:50 138] tts        657  TTS_MSG_GETAUDIO  0  
[2023/03/19 20:22:50 138] tts        485  get audio|use local  
[2023/03/19 20:22:50 138] tts        527  0  nil  1  
[2023/03/19 20:22:50 139] tts        657  TTS_MSG_GETAUDIO  0  
[2023/03/19 20:22:50 139] tts        485  get audio|use local  
[2023/03/19 20:22:50 139] tts        527  0  nil  1  
[2023/03/19 20:22:50 140] tts        657  TTS_MSG_GETAUDIO  0  
[2023/03/19 20:22:50 140] tts        485  get audio|use local  
[2023/03/19 20:22:50 140] tts        527  0  nil  1  
[2023/03/19 20:22:50 140] tts        657  TTS_MSG_GETAUDIO  0  
[2023/03/19 20:22:50 140] tts        485  get audio|use local  
[2023/03/19 20:22:50 141] tts        527  0  nil  1  
[2023/03/19 20:22:50 141] tts        657  TTS_MSG_GETAUDIO  0  
[2023/03/19 20:22:50 141] tts        485  get audio|use local  
[2023/03/19 20:22:50 141] tts        527  0  nil  1  
[2023/03/19 20:22:50 142] tts        657  TTS_MSG_GETAUDIO  0  
[2023/03/19 20:22:50 142] tts        485  get audio|use local  
[2023/03/19 20:22:50 142] tts        527  0  nil  1  
[2023/03/19 20:22:50 143] tts        657  TTS_MSG_GETAUDIO  0  
[2023/03/19 20:22:50 143] tts        485  get audio|use local  
[2023/03/19 20:22:50 143] tts        527  0  nil  1  
[2023/03/19 20:22:50 144] tts        657  TTS_MSG_GETAUDIO  0  
[2023/03/19 20:22:50 144] tts        485  get audio|use local  
[2023/03/19 20:22:50 144] tts        527  0  nil  1  
[2023/03/19 20:22:50 145] tts        657  TTS_MSG_GETAUDIO  0  
[2023/03/19 20:22:50 145] tts        485  get audio|use local  
[2023/03/19 20:22:50 145] tts        527  0  nil  1  
[2023/03/19 20:22:50 145] tts        657  TTS_MSG_GETAUDIO  0  
[2023/03/19 20:22:50 146] tts        485  get audio|use local  
[2023/03/19 20:22:50 146] tts        527  0  nil  1  
[2023/03/19 20:22:50 150] tts        657  TTS_MSG_GETAUDIO  0  
[2023/03/19 20:22:50 150] tts        485  get audio|use local  
[2023/03/19 20:22:50 150] tts        527  0  nil  1  
[2023/03/19 20:22:50 152] tts        657  TTS_MSG_GETAUDIO  0  
[2023/03/19 20:22:50 152] tts        485  get audio|use local  
[2023/03/19 20:22:50 152] tts        527  0  nil  1  
[2023/03/19 20:22:50 153] tts        657  TTS_MSG_GETAUDIO  0  
[2023/03/19 20:22:50 153] tts        485  get audio|use local  
[2023/03/19 20:22:50 153] tts        527  0  nil  1  
[2023/03/19 20:22:50 154] tts        657  TTS_MSG_GETAUDIO  0  
[2023/03/19 20:22:50 154] tts        485  get audio|use local  
[2023/03/19 20:22:50 154] tts        527  0  nil  1  
[2023/03/19 20:22:50 155] tts        657  TTS_MSG_GETAUDIO  0  
[2023/03/19 20:22:50 155] tts        485  get audio|use local  
[2023/03/19 20:22:50 155] tts        527  0  nil  1  
[2023/03/19 20:22:50 156] tts        657  TTS_MSG_GETAUDIO  0  
[2023/03/19 20:22:50 156] tts        485  get audio|use local  
[2023/03/19 20:22:50 156] tts        527  0  nil  1  
[2023/03/19 20:22:50 157] tts        657  TTS_MSG_GETAUDIO  0  
[2023/03/19 20:22:50 157] tts        485  get audio|use local  
[2023/03/19 20:22:50 157] tts        527  0  nil  1  
[2023/03/19 20:22:50 159] tts        657  TTS_MSG_GETAUDIO  0  
[2023/03/19 20:22:50 159] tts        485  get audio|use local  
[2023/03/19 20:22:50 159] tts        527  0  nil  1  
[2023/03/19 20:22:50 160] tts        657  TTS_MSG_GETAUDIO  0  
[2023/03/19 20:22:50 160] tts        485  get audio|use local  
[2023/03/19 20:22:50 160] tts        527  0  nil  1  
[2023/03/19 20:22:50 161] tts        657  TTS_MSG_GETAUDIO  0  
[2023/03/19 20:22:50 161] tts        485  get audio|use local  
[2023/03/19 20:22:50 161] tts        527  0  nil  1  
[2023/03/19 20:22:50 162] tts        657  TTS_MSG_GETAUDIO  0  
[2023/03/19 20:22:50 162] tts        485  get audio|use local  
[2023/03/19 20:22:50 162] tts        527  0  nil  1  
[2023/03/19 20:22:50 163] tts        657  TTS_MSG_GETAUDIO  0  
[2023/03/19 20:22:50 163] tts        485  get audio|use local  
[2023/03/19 20:22:50 163] tts        527  0  nil  1  
[2023/03/19 20:22:50 164] tts        657  TTS_MSG_GETAUDIO  0  
[2023/03/19 20:22:50 164] tts        485  get audio|use local  
[2023/03/19 20:22:50 165] tts        527  0  nil  1  
[2023/03/19 20:22:50 165] tts        657  TTS_MSG_GETAUDIO  0  
[2023/03/19 20:22:50 166] tts        485  get audio|use local  
[2023/03/19 20:22:50 166] tts        527  0  nil  1  
[2023/03/19 20:22:50 166] tts        657  TTS_MSG_GETAUDIO  0  
[2023/03/19 20:22:50 166] tts        485  get audio|use local  
[2023/03/19 20:22:50 167] tts        527  0  nil  1  
[2023/03/19 20:22:50 167] tts        657  TTS_MSG_GETAUDIO  0  
[2023/03/19 20:22:50 167] tts        485  get audio|use local  
[2023/03/19 20:22:50 168] tts        527  0  nil  1  
[2023/03/19 20:22:50 170] tts        657  TTS_MSG_GETAUDIO  0  
[2023/03/19 20:22:50 170] tts        485  get audio|use local  
[2023/03/19 20:22:50 170] tts        527  0  nil  1  
[2023/03/19 20:22:50 171] tts        657  TTS_MSG_GETAUDIO  0  
[2023/03/19 20:22:50 171] tts        485  get audio|use local  
[2023/03/19 20:22:50 171] tts        527  0  nil  1  
[2023/03/19 20:22:50 172] tts        657  TTS_MSG_GETAUDIO  0  
[2023/03/19 20:22:50 172] tts        485  get audio|use local  
[2023/03/19 20:22:50 172] tts        527  0  nil  1  
[2023/03/19 20:22:50 173] tts        657  TTS_MSG_GETAUDIO  0  
[2023/03/19 20:22:50 173] tts        485  get audio|use local  
[2023/03/19 20:22:50 173] tts        527  0  nil  1  
[2023/03/19 20:22:50 174] tts        657  TTS_MSG_GETAUDIO  0  
[2023/03/19 20:22:50 174] tts        485  get audio|use local  
[2023/03/19 20:22:50 174] tts        527  0  nil  1  
[2023/03/19 20:22:50 175] tts        657  TTS_MSG_GETAUDIO  0  
[2023/03/19 20:22:50 175] tts        485  get audio|use local  
[2023/03/19 20:22:50 175] tts        527  0  nil  1  
[2023/03/19 20:22:50 176] tts        657  TTS_MSG_GETAUDIO  0  
[2023/03/19 20:22:50 176] tts        485  get audio|use local  
[2023/03/19 20:22:50 176] tts        527  0  nil  1  
[2023/03/19 20:22:50 177] tts        657  TTS_MSG_GETAUDIO  0  
[2023/03/19 20:22:50 177] tts        485  get audio|use local  
[2023/03/19 20:22:50 177] tts        527  0  nil  1  
[2023/03/19 20:22:50 178] tts        657  TTS_MSG_GETAUDIO  0  
[2023/03/19 20:22:50 178] tts        485  get audio|use local  
[2023/03/19 20:22:50 178] tts        527  0  nil  1  
[2023/03/19 20:22:50 179] tts        657  TTS_MSG_GETAUDIO  0  
[2023/03/19 20:22:50 179] tts        485  get audio|use local  
[2023/03/19 20:22:50 179] tts        527  0  nil  1  
[2023/03/19 20:22:50 180] tts        657  TTS_MSG_GETAUDIO  0  
[2023/03/19 20:22:50 180] tts        485  get audio|use local  
[2023/03/19 20:22:50 180] tts        527  0  nil  1  
[2023/03/19 20:22:50 180] tts        657  TTS_MSG_GETAUDIO  0  
[2023/03/19 20:22:50 181] tts        485  get audio|use local  
[2023/03/19 20:22:50 181] tts        527  0  nil  1  
[2023/03/19 20:22:50 181] tts        657  TTS_MSG_GETAUDIO  0  
[2023/03/19 20:22:50 182] tts        485  get audio|use local  
[2023/03/19 20:22:50 182] tts        527  0  nil  1  
[2023/03/19 20:22:50 182] tts        657  TTS_MSG_GETAUDIO  0  
[2023/03/19 20:22:50 182] tts        485  get audio|use local  
[2023/03/19 20:22:50 182] tts        527  0  nil  1  
[2023/03/19 20:22:50 183] tts        657  TTS_MSG_GETAUDIO  0  
[2023/03/19 20:22:50 183] tts        485  get audio|use local  
[2023/03/19 20:22:50 183] tts        527  0  nil  1  
[2023/03/19 20:22:50 184] tts        657  TTS_MSG_GETAUDIO  0  
[2023/03/19 20:22:50 184] tts        485  get audio|use local  
[2023/03/19 20:22:50 184] tts        527  0  nil  1  
[2023/03/19 20:22:50 185] tts        657  TTS_MSG_GETAUDIO  0  
[2023/03/19 20:22:50 185] tts        485  get audio|use local  
[2023/03/19 20:22:50 185] tts        527  0  nil  1  
[2023/03/19 20:22:50 186] tts        657  TTS_MSG_GETAUDIO  0  
[2023/03/19 20:22:50 186] tts        485  get audio|use local  
[2023/03/19 20:22:50 186] tts        527  0  nil  1  
[2023/03/19 20:22:50 186] tts        657  TTS_MSG_GETAUDIO  0  
[2023/03/19 20:22:50 186] tts        485  get audio|use local  
[2023/03/19 20:22:50 186] tts        527  0  nil  1  
[2023/03/19 20:22:50 187] tts        657  TTS_MSG_GETAUDIO  0  
[2023/03/19 20:22:50 187] tts        485  get audio|use local  
[2023/03/19 20:22:50 187] tts        527  0  nil  1  
[2023/03/19 20:22:50 188] tts        657  TTS_MSG_GETAUDIO  0  
[2023/03/19 20:22:50 188] tts        485  get audio|use local  
[2023/03/19 20:22:50 188] tts        527  0  nil  1  
[2023/03/19 20:22:50 189] tts        657  TTS_MSG_GETAUDIO  0  
[2023/03/19 20:22:50 189] tts        485  get audio|use local  
[2023/03/19 20:22:50 189] tts        527  0  nil  1  
[2023/03/19 20:22:50 189] tts        657  TTS_MSG_GETAUDIO  0  
[2023/03/19 20:22:50 189] tts        485  get audio|use local  
[2023/03/19 20:22:50 190] tts        527  0  nil  1  
[2023/03/19 20:22:50 191] tts        657  TTS_MSG_GETAUDIO  0  
[2023/03/19 20:22:50 191] tts        485  get audio|use local  
[2023/03/19 20:22:50 191] tts        527  0  nil  1  
[2023/03/19 20:22:50 192] tts        657  TTS_MSG_GETAUDIO  0  
[2023/03/19 20:22:50 192] tts        485  get audio|use local  
[2023/03/19 20:22:50 192] tts        527  0  nil  1  
[2023/03/19 20:22:50 192] tts        657  TTS_MSG_GETAUDIO  0  
[2023/03/19 20:22:50 193] tts        485  get audio|use local  
[2023/03/19 20:22:50 193] tts        527  0  nil  1  
[2023/03/19 20:22:50 194] tts        657  TTS_MSG_GETAUDIO  0  
[2023/03/19 20:22:50 194] tts        485  get audio|use local  
[2023/03/19 20:22:50 194] tts        527  0  nil  1  
[2023/03/19 20:22:50 195] tts        657  TTS_MSG_GETAUDIO  0  
[2023/03/19 20:22:50 195] tts        485  get audio|use local  
[2023/03/19 20:22:50 195] tts        527  0  nil  1  
[2023/03/19 20:22:50 195] tts        657  TTS_MSG_GETAUDIO  0  
[2023/03/19 20:22:50 196] tts        485  get audio|use local  
[2023/03/19 20:22:50 196] tts        527  0  nil  1  
[2023/03/19 20:22:50 196] tts        657  TTS_MSG_GETAUDIO  0  
[2023/03/19 20:22:50 197] tts        485  get audio|use local  
[2023/03/19 20:22:50 197] tts        527  0  nil  1  
[2023/03/19 20:22:50 198] tts        657  TTS_MSG_GETAUDIO  0  
[2023/03/19 20:22:50 198] tts        485  get audio|use local  
[2023/03/19 20:22:50 198] tts        527  0  nil  1  
[2023/03/19 20:22:50 198] tts        657  TTS_MSG_GETAUDIO  0  
[2023/03/19 20:22:50 199] tts        485  get audio|use local  
[2023/03/19 20:22:50 199] tts        527  0  nil  1  
[2023/03/19 20:22:50 200] tts        657  TTS_MSG_GETAUDIO  0  
[2023/03/19 20:22:50 200] tts        485  get audio|use local  
[2023/03/19 20:22:50 200] tts        527  0  nil  1  
[2023/03/19 20:22:50 200] tts        657  TTS_MSG_GETAUDIO  0  
[2023/03/19 20:22:50 200] tts        485  get audio|use local  
[2023/03/19 20:22:50 201] tts        527  0  nil  1  
[2023/03/19 20:22:50 201] tts        657  TTS_MSG_GETAUDIO  0  
[2023/03/19 20:22:50 201] tts        485  get audio|use local  
[2023/03/19 20:22:50 201] tts        527  0  nil  1  
[2023/03/19 20:22:50 202] tts        657  TTS_MSG_GETAUDIO  0  
[2023/03/19 20:22:50 202] tts        485  get audio|use local  
[2023/03/19 20:22:50 202] tts        527  0  nil  1  
[2023/03/19 20:22:50 202] tts        657  TTS_MSG_GETAUDIO  0  
[2023/03/19 20:22:50 203] tts        485  get audio|use local  
[2023/03/19 20:22:50 203] tts        527  0  nil  1  
[2023/03/19 20:22:50 203] tts        657  TTS_MSG_GETAUDIO  0  
[2023/03/19 20:22:50 203] tts        485  get audio|use local  
[2023/03/19 20:22:50 203] tts        527  0  nil  1  
[2023/03/19 20:22:50 204] tts        657  TTS_MSG_GETAUDIO  0  
[2023/03/19 20:22:50 204] tts        485  get audio|use local  
[2023/03/19 20:22:50 204] tts        527  0  nil  1  
[2023/03/19 20:22:50 205] tts        657  TTS_MSG_GETAUDIO  0  
[2023/03/19 20:22:50 205] tts        485  get audio|use local  
[2023/03/19 20:22:50 205] tts        527  0  nil  1  
[2023/03/19 20:22:50 205] tts        657  TTS_MSG_GETAUDIO  0  
[2023/03/19 20:22:50 205] tts        485  get audio|use local  
[2023/03/19 20:22:50 206] tts        527  0  nil  1  
[2023/03/19 20:22:50 206] tts        657  TTS_MSG_GETAUDIO  0  
[2023/03/19 20:22:50 206] tts        485  get audio|use local  
[2023/03/19 20:22:50 207] tts        527  0  nil  1  
[2023/03/19 20:22:50 207] tts        657  TTS_MSG_GETAUDIO  0  
[2023/03/19 20:22:50 207] tts        485  get audio|use local  
[2023/03/19 20:22:50 208] tts        527  0  nil  1  
[2023/03/19 20:22:50 208] tts        657  TTS_MSG_GETAUDIO  0  
[2023/03/19 20:22:50 208] tts        485  get audio|use local  
[2023/03/19 20:22:50 209] tts        527  0  nil  1  
[2023/03/19 20:22:50 209] tts        657  TTS_MSG_GETAUDIO  0  
[2023/03/19 20:22:50 209] tts        485  get audio|use local  
[2023/03/19 20:22:50 209] tts        527  0  nil  1  
[2023/03/19 20:22:50 210] tts        657  TTS_MSG_GETAUDIO  0  
[2023/03/19 20:22:50 211] tts        485  get audio|use local  
[2023/03/19 20:22:50 211] tts        527  0  nil  1  
[2023/03/19 20:22:50 211] tts        657  TTS_MSG_GETAUDIO  0  
[2023/03/19 20:22:50 212] tts        485  get audio|use local  
[2023/03/19 20:22:50 212] tts        527  0  nil  1  
[2023/03/19 20:22:50 213] tts        657  TTS_MSG_GETAUDIO  0  
[2023/03/19 20:22:50 213] tts        485  get audio|use local  
[2023/03/19 20:22:50 213] tts        527  0  nil  1  
[2023/03/19 20:22:50 214] tts        657  TTS_MSG_GETAUDIO  0  
[2023/03/19 20:22:50 214] tts        485  get audio|use local  
[2023/03/19 20:22:50 214] tts        527  0  nil  1  
[2023/03/19 20:22:50 215] tts        657  TTS_MSG_GETAUDIO  0  
[2023/03/19 20:22:50 215] tts        485  get audio|use local  
[2023/03/19 20:22:50 215] tts        527  0  nil  1  
[2023/03/19 20:22:50 216] tts        657  TTS_MSG_GETAUDIO  0  
[2023/03/19 20:22:50 216] tts        485  get audio|use local  
[2023/03/19 20:22:50 216] tts        527  0  nil  1  
[2023/03/19 20:22:50 216] tts        657  TTS_MSG_GETAUDIO  0  
[2023/03/19 20:22:50 217] tts        485  get audio|use local  
[2023/03/19 20:22:50 217] tts        527  0  nil  1  
[2023/03/19 20:22:50 217] tts        657  TTS_MSG_GETAUDIO  0  
[2023/03/19 20:22:50 217] tts        485  get audio|use local  
[2023/03/19 20:22:50 218] tts        527  0  nil  1  
[2023/03/19 20:22:50 218] tts        657  TTS_MSG_GETAUDIO  0  
[2023/03/19 20:22:50 218] tts        485  get audio|use local  
[2023/03/19 20:22:50 218] tts        527  0  nil  1  
[2023/03/19 20:22:50 219] tts        657  TTS_MSG_GETAUDIO  0  
[2023/03/19 20:22:50 219] tts        485  get audio|use local  
[2023/03/19 20:22:50 219] tts        527  0  nil  1  
[2023/03/19 20:22:50 220] tts        657  TTS_MSG_GETAUDIO  0  
[2023/03/19 20:22:50 220] tts        485  get audio|use local  
[2023/03/19 20:22:50 220] tts        527  0  nil  1  
[2023/03/19 20:22:50 221] tts        657  TTS_MSG_GETAUDIO  0  
[2023/03/19 20:22:50 221] tts        485  get audio|use local  
[2023/03/19 20:22:50 221] tts        527  0  nil  1  
[2023/03/19 20:22:50 222] tts        657  TTS_MSG_GETAUDIO  0  
[2023/03/19 20:22:50 222] tts        485  get audio|use local  
[2023/03/19 20:22:50 222] tts        527  0  nil  1  
[2023/03/19 20:22:50 223] tts        657  TTS_MSG_GETAUDIO  0  
[2023/03/19 20:22:50 223] tts        485  get audio|use local  
[2023/03/19 20:22:50 223] tts        527  0  nil  1  
[2023/03/19 20:22:50 224] tts        657  TTS_MSG_GETAUDIO  0  
[2023/03/19 20:22:50 224] tts        485  get audio|use local  
[2023/03/19 20:22:50 224] tts        527  0  nil  1  
[2023/03/19 20:22:50 225] tts        657  TTS_MSG_GETAUDIO  0  
[2023/03/19 20:22:50 225] tts        485  get audio|use local  
[2023/03/19 20:22:50 225] tts        527  0  nil  1  
[2023/03/19 20:22:50 225] tts        657  TTS_MSG_GETAUDIO  0  
[2023/03/19 20:22:50 226] tts        485  get audio|use local  
[2023/03/19 20:22:50 226] tts        527  0  nil  1  
[2023/03/19 20:22:50 226] tts        657  TTS_MSG_GETAUDIO  0  
[2023/03/19 20:22:50 226] tts        485  get audio|use local  
[2023/03/19 20:22:50 227] tts        527  0  nil  1  
[2023/03/19 20:22:50 227] tts        657  TTS_MSG_GETAUDIO  0  
[2023/03/19 20:22:50 227] tts        485  get audio|use local  
[2023/03/19 20:22:50 228] tts        527  0  nil  1  
[2023/03/19 20:22:50 228] tts        657  TTS_MSG_GETAUDIO  0  
[2023/03/19 20:22:50 228] tts        485  get audio|use local  
[2023/03/19 20:22:50 228] tts        527  0  nil  1  
[2023/03/19 20:22:50 229] tts        657  TTS_MSG_GETAUDIO  0  
[2023/03/19 20:22:50 229] tts        485  get audio|use local  
[2023/03/19 20:22:50 229] tts        527  0  nil  1  
[2023/03/19 20:22:50 230] tts        657  TTS_MSG_GETAUDIO  0  
[2023/03/19 20:22:50 230] tts        485  get audio|use local  
[2023/03/19 20:22:50 230] tts        527  0  nil  1  
[2023/03/19 20:22:50 231] tts        657  TTS_MSG_GETAUDIO  0  
[2023/03/19 20:22:50 231] tts        485  get audio|use local  
[2023/03/19 20:22:50 231] tts        527  0  nil  1  
[2023/03/19 20:22:50 232] tts        657  TTS_MSG_GETAUDIO  0  
[2023/03/19 20:22:50 232] tts        485  get audio|use local  
[2023/03/19 20:22:50 232] tts        527  0  nil  1  
[2023/03/19 20:22:50 233] tts        657  TTS_MSG_GETAUDIO  0  
[2023/03/19 20:22:50 233] tts        485  get audio|use local  
[2023/03/19 20:22:50 233] tts        527  0  nil  1  
[2023/03/19 20:22:50 233] tts        657  TTS_MSG_GETAUDIO  0  
[2023/03/19 20:22:50 233] tts        485  get audio|use local  
[2023/03/19 20:22:50 234] tts        527  0  nil  1  
[2023/03/19 20:22:50 234] tts        657  TTS_MSG_GETAUDIO  0  
[2023/03/19 20:22:50 234] tts        485  get audio|use local  
[2023/03/19 20:22:50 234] tts        527  0  nil  1  
[2023/03/19 20:22:50 235] tts        657  TTS_MSG_GETAUDIO  0  
[2023/03/19 20:22:50 235] tts        485  get audio|use local  
[2023/03/19 20:22:50 235] tts        527  0  nil  1  
[2023/03/19 20:22:50 236] tts        657  TTS_MSG_GETAUDIO  0  
[2023/03/19 20:22:50 236] tts        485  get audio|use local  
[2023/03/19 20:22:50 236] tts        527  0  nil  1  
[2023/03/19 20:22:50 237] tts        657  TTS_MSG_GETAUDIO  0  
[2023/03/19 20:22:50 237] tts        485  get audio|use local  
[2023/03/19 20:22:50 237] tts        527  0  nil  1  
[2023/03/19 20:22:50 238] tts        657  TTS_MSG_GETAUDIO  0  
[2023/03/19 20:22:50 238] tts        485  get audio|use local  
[2023/03/19 20:22:50 238] tts        527  0  nil  1  
[2023/03/19 20:22:50 239] tts        657  TTS_MSG_GETAUDIO  0  
[2023/03/19 20:22:50 239] tts        485  get audio|use local  
[2023/03/19 20:22:50 239] tts        527  0  nil  1  
[2023/03/19 20:22:50 240] tts        657  TTS_MSG_GETAUDIO  0  
[2023/03/19 20:22:50 240] tts        485  get audio|use local  
[2023/03/19 20:22:50 240] tts        527  0  nil  1  
[2023/03/19 20:22:50 241] tts        657  TTS_MSG_GETAUDIO  0  
[2023/03/19 20:22:50 241] tts        485  get audio|use local  
[2023/03/19 20:22:50 241] tts        527  0  nil  1  
[2023/03/19 20:22:50 242] tts        657  TTS_MSG_GETAUDIO  0  
[2023/03/19 20:22:50 242] tts        485  get audio|use local  
[2023/03/19 20:22:50 242] tts        527  0  nil  1  
[2023/03/19 20:22:50 242] tts        657  TTS_MSG_GETAUDIO  0  
[2023/03/19 20:22:50 242] tts        485  get audio|use local  
[2023/03/19 20:22:50 243] tts        527  0  nil  1  
[2023/03/19 20:22:50 243] tts        657  TTS_MSG_GETAUDIO  0  
[2023/03/19 20:22:50 243] tts        485  get audio|use local  
[2023/03/19 20:22:50 243] tts        527  0  nil  1  
[2023/03/19 20:22:50 244] tts        657  TTS_MSG_GETAUDIO  0  
[2023/03/19 20:22:50 244] tts        485  get audio|use local  
[2023/03/19 20:22:50 244] tts        527  0  nil  1  
[2023/03/19 20:22:50 245] tts        657  TTS_MSG_GETAUDIO  0  
[2023/03/19 20:22:50 245] tts        485  get audio|use local  
[2023/03/19 20:22:50 245] tts        527  0  nil  1  
[2023/03/19 20:22:50 245] tts        657  TTS_MSG_GETAUDIO  0  
[2023/03/19 20:22:50 245] tts        485  get audio|use local  
[2023/03/19 20:22:50 245] tts        527  0  nil  1  
[2023/03/19 20:22:50 246] tts        657  TTS_MSG_GETAUDIO  0  
[2023/03/19 20:22:50 246] tts        485  get audio|use local  
[2023/03/19 20:22:50 246] tts        527  0  nil  1  
[2023/03/19 20:22:50 247] tts        657  TTS_MSG_GETAUDIO  0  
[2023/03/19 20:22:50 247] tts        485  get audio|use local  
[2023/03/19 20:22:50 247] tts        527  0  nil  1  
[2023/03/19 20:22:50 247] tts        657  TTS_MSG_GETAUDIO  0  
[2023/03/19 20:22:50 247] tts        485  get audio|use local  
[2023/03/19 20:22:50 247] tts        527  0  nil  1  
[2023/03/19 20:22:50 248] tts        657  TTS_MSG_GETAUDIO  0  
[2023/03/19 20:22:50 248] tts        485  get audio|use local  
[2023/03/19 20:22:50 248] tts        527  0  nil  1  
[2023/03/19 20:22:50 249] tts        657  TTS_MSG_GETAUDIO  0  
[2023/03/19 20:22:50 249] tts        485  get audio|use local  
[2023/03/19 20:22:50 249] tts        527  0  nil  1  
[2023/03/19 20:22:50 249] tts        657  TTS_MSG_GETAUDIO  0  
[2023/03/19 20:22:50 249] tts        485  get audio|use local  
[2023/03/19 20:22:50 249] tts        527  0  nil  1  
[2023/03/19 20:22:50 250] tts        657  TTS_MSG_GETAUDIO  0  
[2023/03/19 20:22:50 250] tts        485  get audio|use local  
[2023/03/19 20:22:50 250] tts        527  0  nil  1  
[2023/03/19 20:22:50 251] tts        657  TTS_MSG_GETAUDIO  0  
[2023/03/19 20:22:50 251] tts        485  get audio|use local  
[2023/03/19 20:22:50 251] tts        527  0  nil  1  
[2023/03/19 20:22:50 251] tts        657  TTS_MSG_GETAUDIO  0  
[2023/03/19 20:22:50 251] tts        485  get audio|use local  
[2023/03/19 20:22:50 251] tts        527  0  nil  1  
[2023/03/19 20:22:50 252] tts        657  TTS_MSG_GETAUDIO  0  
[2023/03/19 20:22:50 252] tts        485  get audio|use local  
[2023/03/19 20:22:50 252] tts        527  0  nil  1  
[2023/03/19 20:22:50 253] tts        657  TTS_MSG_GETAUDIO  0  
[2023/03/19 20:22:50 253] tts        485  get audio|use local  
[2023/03/19 20:22:50 253] tts        527  0  nil  1  
[2023/03/19 20:22:50 253] tts        657  TTS_MSG_GETAUDIO  0  
[2023/03/19 20:22:50 254] tts        485  get audio|use local  
[2023/03/19 20:22:50 254] tts        527  0  nil  1  
[2023/03/19 20:22:50 254] tts        657  TTS_MSG_GETAUDIO  0  
[2023/03/19 20:22:50 254] tts        485  get audio|use local  
[2023/03/19 20:22:50 254] tts        527  0  nil  1  
[2023/03/19 20:22:50 255] tts        657  TTS_MSG_GETAUDIO  0  
[2023/03/19 20:22:50 255] tts        485  get audio|use local  
[2023/03/19 20:22:50 255] tts        527  0  nil  1  
[2023/03/19 20:22:50 256] tts        657  TTS_MSG_GETAUDIO  0  
[2023/03/19 20:22:50 256] tts        485  get audio|use local  
[2023/03/19 20:22:50 256] tts        527  0  nil  1  
[2023/03/19 20:22:50 256] tts        657  TTS_MSG_GETAUDIO  0  
[2023/03/19 20:22:50 256] tts        485  get audio|use local  
[2023/03/19 20:22:50 256] tts        527  0  nil  1  
[2023/03/19 20:22:50 257] tts        657  TTS_MSG_GETAUDIO  0  
[2023/03/19 20:22:50 257] tts        485  get audio|use local  
[2023/03/19 20:22:50 257] tts        527  0  nil  1  
[2023/03/19 20:22:50 258] tts        657  TTS_MSG_GETAUDIO  0  
[2023/03/19 20:22:50 258] tts        485  get audio|use local  
[2023/03/19 20:22:50 258] tts        527  0  nil  1  
[2023/03/19 20:22:50 258] tts        657  TTS_MSG_GETAUDIO  0  
[2023/03/19 20:22:50 258] tts        485  get audio|use local  
[2023/03/19 20:22:50 258] tts        527  0  nil  1  
[2023/03/19 20:22:50 259] tts        657  TTS_MSG_GETAUDIO  0  
[2023/03/19 20:22:50 259] tts        485  get audio|use local  
[2023/03/19 20:22:50 259] tts        527  0  nil  1  
[2023/03/19 20:22:50 260] tts        657  TTS_MSG_GETAUDIO  0  
[2023/03/19 20:22:50 260] tts        485  get audio|use local  
[2023/03/19 20:22:50 260] tts        527  0  nil  1  
[2023/03/19 20:22:50 260] tts        657  TTS_MSG_GETAUDIO  0  
[2023/03/19 20:22:50 260] tts        485  get audio|use local  
[2023/03/19 20:22:50 261] tts        527  0  nil  1  
[2023/03/19 20:22:50 261] tts        657  TTS_MSG_GETAUDIO  0  
[2023/03/19 20:22:50 261] tts        485  get audio|use local  
[2023/03/19 20:22:50 261] tts        527  0  nil  1  
[2023/03/19 20:22:50 262] tts        657  TTS_MSG_GETAUDIO  0  
[2023/03/19 20:22:50 262] tts        485  get audio|use local  
[2023/03/19 20:22:50 262] tts        527  0  nil  1  
[2023/03/19 20:22:50 262] tts        657  TTS_MSG_GETAUDIO  0  
[2023/03/19 20:22:50 262] tts        485  get audio|use local  
[2023/03/19 20:22:50 262] tts        527  0  nil  1  
[2023/03/19 20:22:50 263] tts        657  TTS_MSG_GETAUDIO  0  
[2023/03/19 20:22:50 263] tts        485  get audio|use local  
[2023/03/19 20:22:50 263] tts        527  0  nil  1  
[2023/03/19 20:22:50 264] tts        657  TTS_MSG_GETAUDIO  0  
[2023/03/19 20:22:50 264] tts        485  get audio|use local  
[2023/03/19 20:22:50 264] tts        527  0  nil  1  
[2023/03/19 20:22:50 264] tts        657  TTS_MSG_GETAUDIO  0  
[2023/03/19 20:22:50 264] tts        485  get audio|use local  
[2023/03/19 20:22:50 265] tts        527  0  nil  1  
[2023/03/19 20:22:50 265] tts        657  TTS_MSG_GETAUDIO  0  
[2023/03/19 20:22:50 265] tts        485  get audio|use local  
[2023/03/19 20:22:50 265] tts        527  0  nil  1  
[2023/03/19 20:22:50 266] tts        657  TTS_MSG_GETAUDIO  0  
[2023/03/19 20:22:50 266] tts        485  get audio|use local  
[2023/03/19 20:22:50 266] tts        527  0  nil  1  
[2023/03/19 20:22:50 266] tts        657  TTS_MSG_GETAUDIO  0  
[2023/03/19 20:22:50 266] tts        485  get audio|use local  
[2023/03/19 20:22:50 266] tts        527  0  nil  1  
[2023/03/19 20:22:50 267] tts        657  TTS_MSG_GETAUDIO  0  
[2023/03/19 20:22:50 267] tts        485  get audio|use local  
[2023/03/19 20:22:50 267] tts        527  0  nil  1  
[2023/03/19 20:22:50 268] tts        657  TTS_MSG_GETAUDIO  0  
[2023/03/19 20:22:50 268] tts        485  get audio|use local  
[2023/03/19 20:22:50 268] tts        527  0  nil  1  
[2023/03/19 20:22:50 268] tts        657  TTS_MSG_GETAUDIO  0  
[2023/03/19 20:22:50 268] tts        485  get audio|use local  
[2023/03/19 20:22:50 268] tts        527  0  nil  1  
[2023/03/19 20:22:50 269] tts        657  TTS_MSG_GETAUDIO  0  
[2023/03/19 20:22:50 269] tts        485  get audio|use local  
[2023/03/19 20:22:50 269] tts        527  0  nil  1  
[2023/03/19 20:22:50 270] tts        657  TTS_MSG_GETAUDIO  0  
[2023/03/19 20:22:50 270] tts        485  get audio|use local  
[2023/03/19 20:22:50 270] tts        527  0  nil  1  
[2023/03/19 20:22:50 270] tts        657  TTS_MSG_GETAUDIO  0  
[2023/03/19 20:22:50 271] tts        485  get audio|use local  
[2023/03/19 20:22:50 271] tts        527  0  nil  1  
[2023/03/19 20:22:50 271] tts        657  TTS_MSG_GETAUDIO  0  
[2023/03/19 20:22:50 271] tts        485  get audio|use local  
[2023/03/19 20:22:50 271] tts        527  0  nil  1  
[2023/03/19 20:22:50 272] tts        657  TTS_MSG_GETAUDIO  0  
[2023/03/19 20:22:50 272] tts        485  get audio|use local  
[2023/03/19 20:22:50 272] tts        527  0  nil  1  
[2023/03/19 20:22:50 272] tts        657  TTS_MSG_GETAUDIO  0  
[2023/03/19 20:22:50 273] tts        485  get audio|use local  
[2023/03/19 20:22:50 273] tts        527  0  nil  1  
[2023/03/19 20:22:50 273] tts        657  TTS_MSG_GETAUDIO  0  
[2023/03/19 20:22:50 273] tts        485  get audio|use local  
[2023/03/19 20:22:50 273] tts        527  0  nil  1  
[2023/03/19 20:22:50 274] tts        657  TTS_MSG_GETAUDIO  0  
[2023/03/19 20:22:50 274] tts        485  get audio|use local  
[2023/03/19 20:22:50 274] tts        527  0  nil  1  
[2023/03/19 20:22:50 275] tts        657  TTS_MSG_GETAUDIO  0  
[2023/03/19 20:22:50 275] tts        485  get audio|use local  
[2023/03/19 20:22:50 275] tts        527  0  nil  1  
[2023/03/19 20:22:50 275] tts        657  TTS_MSG_GETAUDIO  0  
[2023/03/19 20:22:50 275] tts        485  get audio|use local  
[2023/03/19 20:22:50 275] tts        527  0  nil  1  
[2023/03/19 20:22:50 276] tts        657  TTS_MSG_GETAUDIO  0  
[2023/03/19 20:22:50 276] tts        485  get audio|use local  
[2023/03/19 20:22:50 276] tts        527  0  nil  1  
[2023/03/19 20:22:50 277] tts        657  TTS_MSG_GETAUDIO  0  
[2023/03/19 20:22:50 277] tts        485  get audio|use local  
[2023/03/19 20:22:50 277] tts        527  0  nil  1  
[2023/03/19 20:22:50 278] tts        657  TTS_MSG_GETAUDIO  0  
[2023/03/19 20:22:50 278] tts        485  get audio|use local  
[2023/03/19 20:22:50 278] tts        527  0  nil  1  
[2023/03/19 20:22:50 278] tts        657  TTS_MSG_GETAUDIO  0  
[2023/03/19 20:22:50 279] tts        485  get audio|use local  
[2023/03/19 20:22:50 279] tts        527  0  nil  1  
[2023/03/19 20:22:50 280] tts        657  TTS_MSG_GETAUDIO  0  
[2023/03/19 20:22:50 280] tts        485  get audio|use local  
[2023/03/19 20:22:50 280] tts        527  0  nil  1  
[2023/03/19 20:22:50 281] tts        657  TTS_MSG_GETAUDIO  0  
[2023/03/19 20:22:50 281] tts        485  get audio|use local  
[2023/03/19 20:22:50 281] tts        527  0  nil  1  
[2023/03/19 20:22:50 281] tts        657  TTS_MSG_GETAUDIO  0  
[2023/03/19 20:22:50 282] tts        485  get audio|use local  
[2023/03/19 20:22:50 282] tts        527  0  nil  1  
[2023/03/19 20:22:50 282] tts        657  TTS_MSG_GETAUDIO  0  
[2023/03/19 20:22:50 282] tts        485  get audio|use local  
[2023/03/19 20:22:50 282] tts        527  0  nil  1  
[2023/03/19 20:22:50 283] tts        657  TTS_MSG_GETAUDIO  0  
[2023/03/19 20:22:50 283] tts        485  get audio|use local  
[2023/03/19 20:22:50 283] tts        527  0  nil  1  
[2023/03/19 20:22:50 284] tts        657  TTS_MSG_GETAUDIO  0  
[2023/03/19 20:22:50 284] tts        485  get audio|use local  
[2023/03/19 20:22:50 284] tts        527  0  nil  1  
[2023/03/19 20:22:50 285] tts        657  TTS_MSG_GETAUDIO  0  
[2023/03/19 20:22:50 285] tts        485  get audio|use local  
[2023/03/19 20:22:50 285] tts        527  0  nil  1  
[2023/03/19 20:22:50 285] tts        657  TTS_MSG_GETAUDIO  0  
[2023/03/19 20:22:50 285] tts        485  get audio|use local  
[2023/03/19 20:22:50 286] tts        527  0  nil  1  
[2023/03/19 20:22:50 286] tts        657  TTS_MSG_GETAUDIO  0  
[2023/03/19 20:22:50 286] tts        485  get audio|use local  
[2023/03/19 20:22:50 286] tts        527  0  nil  1  
[2023/03/19 20:22:50 287] tts        657  TTS_MSG_GETAUDIO  0  
[2023/03/19 20:22:50 287] tts        485  get audio|use local  
[2023/03/19 20:22:50 287] tts        527  0  nil  1  
[2023/03/19 20:22:50 288] tts        657  TTS_MSG_GETAUDIO  0  
[2023/03/19 20:22:50 288] tts        485  get audio|use local  
[2023/03/19 20:22:50 288] tts        527  0  nil  1  
[2023/03/19 20:22:50 289] tts        657  TTS_MSG_GETAUDIO  0  
[2023/03/19 20:22:50 289] tts        485  get audio|use local  
[2023/03/19 20:22:50 289] tts        527  0  nil  1  
[2023/03/19 20:22:50 289] tts        657  TTS_MSG_GETAUDIO  0  
[2023/03/19 20:22:50 289] tts        485  get audio|use local  
[2023/03/19 20:22:50 289] tts        527  0  nil  1  
[2023/03/19 20:22:50 290] tts        657  TTS_MSG_GETAUDIO  0  
[2023/03/19 20:22:50 290] tts        485  get audio|use local  
[2023/03/19 20:22:50 290] tts        527  0  nil  1  
[2023/03/19 20:22:50 291] tts        657  TTS_MSG_GETAUDIO  0  
[2023/03/19 20:22:50 291] tts        485  get audio|use local  
[2023/03/19 20:22:50 291] tts        527  0  nil  1  
[2023/03/19 20:22:50 292] tts        657  TTS_MSG_GETAUDIO  0  
[2023/03/19 20:22:50 292] tts        485  get audio|use local  
[2023/03/19 20:22:50 292] tts        527  0  nil  1  
[2023/03/19 20:22:50 293] tts        657  TTS_MSG_GETAUDIO  0  
[2023/03/19 20:22:50 293] tts        485  get audio|use local  
[2023/03/19 20:22:50 293] tts        527  0  nil  1  
[2023/03/19 20:22:50 294] tts        657  TTS_MSG_GETAUDIO  0  
[2023/03/19 20:22:50 294] tts        485  get audio|use local  
[2023/03/19 20:22:50 294] tts        527  0  nil  1  
[2023/03/19 20:22:50 295] tts        657  TTS_MSG_GETAUDIO  0  
[2023/03/19 20:22:50 295] tts        485  get audio|use local  
[2023/03/19 20:22:50 295] tts        527  0  nil  1  
[2023/03/19 20:22:50 298] tts        657  TTS_MSG_GETAUDIO  0  
[2023/03/19 20:22:50 298] tts        485  get audio|use local  
[2023/03/19 20:22:50 298] tts        498  local audiolen:  1966  ,ced:  3  
[2023/03/19 20:22:50 298] tts        527  0  udata(8407ef48) 1  
[2023/03/19 20:22:50 299] tts        657  TTS_MSG_GETAUDIO  0  
[2023/03/19 20:22:50 299] tts        485  get audio|use local  
[2023/03/19 20:22:50 299] tts        498  local audiolen:  1982  ,ced:  3  
[2023/03/19 20:22:50 299] tts        527  0  udata(8407f2f8) 1  
[2023/03/19 20:22:50 301] tts        657  TTS_MSG_GETAUDIO  0  
[2023/03/19 20:22:50 301] tts        485  get audio|use local  
[2023/03/19 20:22:50 302] tts        498  local audiolen:  2042  ,ced:  3  
[2023/03/19 20:22:50 302] tts        527  0  udata(84087cc8) 1  
[2023/03/19 20:22:50 303] tts        657  TTS_MSG_GETAUDIO  0  
[2023/03/19 20:22:50 303] tts        485  get audio|use local  
[2023/03/19 20:22:50 303] tts        498  local audiolen:  2026  ,ced:  3  
[2023/03/19 20:22:50 304] tts        527  0  udata(8406aa68) 1  
[2023/03/19 20:22:50 304] tts        657  TTS_MSG_GETAUDIO  0  
[2023/03/19 20:22:50 304] tts        485  get audio|use local  
[2023/03/19 20:22:50 304] tts        498  local audiolen:  2012  ,ced:  3  
[2023/03/19 20:22:50 304] tts        527  0  udata(84088018) 1  
[2023/03/19 20:22:50 305] tts        657  TTS_MSG_GETAUDIO  0  
[2023/03/19 20:22:50 305] tts        485  get audio|use local  
[2023/03/19 20:22:50 305] tts        498  local audiolen:  2018  ,ced:  3  
[2023/03/19 20:22:50 305] tts        527  0  udata(84088068) 1  
[2023/03/19 20:22:50 306] tts        657  TTS_MSG_GETAUDIO  0  
[2023/03/19 20:22:50 306] tts        485  get audio|use local  
[2023/03/19 20:22:50 306] tts        498  local audiolen:  2022  ,ced:  3  
[2023/03/19 20:22:50 306] tts        527  0  udata(840880b8) 1  
[2023/03/19 20:22:50 307] tts        657  TTS_MSG_GETAUDIO  0  
[2023/03/19 20:22:50 307] tts        485  get audio|use local  
[2023/03/19 20:22:50 307] tts        527  0  nil  1  
[2023/03/19 20:22:50 308] tts        657  TTS_MSG_GETAUDIO  0  
[2023/03/19 20:22:50 308] tts        485  get audio|use local  
[2023/03/19 20:22:50 308] tts        527  0  nil  1  
[2023/03/19 20:22:50 309] tts        657  TTS_MSG_GETAUDIO  0  
[2023/03/19 20:22:50 309] tts        485  get audio|use local  
[2023/03/19 20:22:50 309] tts        527  0  nil  1  
[2023/03/19 20:22:50 309] tts        657  TTS_MSG_GETAUDIO  0  
[2023/03/19 20:22:50 309] tts        485  get audio|use local  
[2023/03/19 20:22:50 310] tts        527  0  nil  1  
[2023/03/19 20:22:50 310] tts        657  TTS_MSG_GETAUDIO  0  
[2023/03/19 20:22:50 310] tts        485  get audio|use local  
[2023/03/19 20:22:50 310] tts        527  0  nil  1  
[2023/03/19 20:22:50 311] tts        657  TTS_MSG_GETAUDIO  0  
[2023/03/19 20:22:50 312] tts        485  get audio|use local  
[2023/03/19 20:22:50 312] tts        527  0  nil  1  
[2023/03/19 20:22:50 313] tts        657  TTS_MSG_GETAUDIO  0  
[2023/03/19 20:22:50 314] tts        485  get audio|use local  
[2023/03/19 20:22:50 314] tts        498  local audiolen:  2004  ,ced:  3  
[2023/03/19 20:22:50 314] tts        527  0  udata(840881a8) 1  
[2023/03/19 20:22:50 317] tts        301  0  0  
[2023/03/19 20:22:50 317] tts        312  TTS_LOCAL_CB_END,  2  
[2023/03/19 20:22:50 318] tts        657  TTS_MSG_GETAUDIO  0  
[2023/03/19 20:22:50 318] tts        485  get audio|use local  
[2023/03/19 20:22:50 318] tts        498  local audiolen:  1992  ,ced:  3  
[2023/03/19 20:22:50 318] tts        527  0  udata(8407ece8) 1  
[2023/03/19 20:22:50 319] tts        657  TTS_MSG_GETAUDIO  0  
[2023/03/19 20:22:50 319] tts        485  get audio|use local  
[2023/03/19 20:22:50 319] tts        498  local audiolen:  1984  ,ced:  3  
[2023/03/19 20:22:50 319] tts        527  0  udata(8407ed38) 1  
[2023/03/19 20:22:50 320] tts        657  TTS_MSG_GETAUDIO  0  
[2023/03/19 20:22:50 320] tts        485  get audio|use local  
[2023/03/19 20:22:50 320] tts        498  local audiolen:  1248  ,ced:  3  
[2023/03/19 20:22:50 320] tts        527  0  udata(8407ed88) 2  
[2023/03/19 20:22:50 321] tts        660  TTS_MSG_SSE  
[2023/03/19 20:22:50 322] tts        585  sse|use local  
[2023/03/19 20:22:50 323] tts        603  tts exit  
