============================================================
Time  2023/03/20 19:18:27 465 
============================================================
[2023/03/20 19:18:27 466] tts        676  SYS_MSG_REGCB param0 =  msp_status_cb  param1 =  func(6c014a30) 
[2023/03/20 19:18:27 480] config     43   use general cloud  
[2023/03/20 19:18:27 509] tts_cloud  1417 SYS_MSG_REGCB_CLOUD param0 =   msp_status_cb  param1 =  func(6c014a30) 
[2023/03/20 19:18:27 510] tts        647  TTS_MSG_SSB  
[2023/03/20 19:18:27 510] tts        375  params =  engine_type = local,voice_name=xiaoyan, text_encoding = UTF8, tts_res_path = fo|res/tts/xiaoyan.jet;fo|res/tts/common.jet, sample_rate = 16000, speed = 50, volume = 50, pitch = 50, rdn = 2  
[2023/03/20 19:18:27 510] tts        412  ssb|use local  
[2023/03/20 19:18:27 510] tts        349  local_session_begin  
[2023/03/20 19:18:27 538] tts        654  TTS_MSG_SYN  0  
[2023/03/20 19:18:27 538] tts        451  synth|use local  
[2023/03/20 19:18:27 543] tts        657  TTS_MSG_GETAUDIO  0  
[2023/03/20 19:18:27 543] tts        485  get audio|use local  
[2023/03/20 19:18:27 544] tts        527  0  nil  1  
[2023/03/20 19:18:27 546] tts        657  TTS_MSG_GETAUDIO  0  
[2023/03/20 19:18:27 546] tts        485  get audio|use local  
[2023/03/20 19:18:27 546] tts        527  0  nil  1  
[2023/03/20 19:18:27 547] tts        657  TTS_MSG_GETAUDIO  0  
[2023/03/20 19:18:27 547] tts        485  get audio|use local  
[2023/03/20 19:18:27 547] tts        527  0  nil  1  
[2023/03/20 19:18:27 548] tts        657  TTS_MSG_GETAUDIO  0  
[2023/03/20 19:18:27 548] tts        485  get audio|use local  
[2023/03/20 19:18:27 548] tts        527  0  nil  1  
[2023/03/20 19:18:27 550] tts        657  TTS_MSG_GETAUDIO  0  
[2023/03/20 19:18:27 550] tts        485  get audio|use local  
[2023/03/20 19:18:27 550] tts        527  0  nil  1  
[2023/03/20 19:18:27 551] tts        657  TTS_MSG_GETAUDIO  0  
[2023/03/20 19:18:27 551] tts        485  get audio|use local  
[2023/03/20 19:18:27 551] tts        527  0  nil  1  
[2023/03/20 19:18:27 562] tts        657  TTS_MSG_GETAUDIO  0  
[2023/03/20 19:18:27 563] tts        485  get audio|use local  
[2023/03/20 19:18:27 563] tts        527  0  nil  1  
[2023/03/20 19:18:27 565] tts        657  TTS_MSG_GETAUDIO  0  
[2023/03/20 19:18:27 565] tts        485  get audio|use local  
[2023/03/20 19:18:27 565] tts        527  0  nil  1  
[2023/03/20 19:18:27 568] tts        657  TTS_MSG_GETAUDIO  0  
[2023/03/20 19:18:27 568] tts        485  get audio|use local  
[2023/03/20 19:18:27 568] tts        527  0  nil  1  
[2023/03/20 19:18:27 570] tts        657  TTS_MSG_GETAUDIO  0  
[2023/03/20 19:18:27 570] tts        485  get audio|use local  
[2023/03/20 19:18:27 570] tts        527  0  nil  1  
[2023/03/20 19:18:27 573] tts        657  TTS_MSG_GETAUDIO  0  
[2023/03/20 19:18:27 573] tts        485  get audio|use local  
[2023/03/20 19:18:27 573] tts        527  0  nil  1  
[2023/03/20 19:18:27 575] tts        657  TTS_MSG_GETAUDIO  0  
[2023/03/20 19:18:27 575] tts        485  get audio|use local  
[2023/03/20 19:18:27 575] tts        527  0  nil  1  
[2023/03/20 19:18:27 577] tts        657  TTS_MSG_GETAUDIO  0  
[2023/03/20 19:18:27 577] tts        485  get audio|use local  
[2023/03/20 19:18:27 577] tts        527  0  nil  1  
[2023/03/20 19:18:27 578] tts        657  TTS_MSG_GETAUDIO  0  
[2023/03/20 19:18:27 578] tts        485  get audio|use local  
[2023/03/20 19:18:27 578] tts        527  0  nil  1  
[2023/03/20 19:18:27 581] tts        657  TTS_MSG_GETAUDIO  0  
[2023/03/20 19:18:27 581] tts        485  get audio|use local  
[2023/03/20 19:18:27 582] tts        527  0  nil  1  
[2023/03/20 19:18:27 582] tts        657  TTS_MSG_GETAUDIO  0  
[2023/03/20 19:18:27 583] tts        485  get audio|use local  
[2023/03/20 19:18:27 584] tts        527  0  nil  1  
[2023/03/20 19:18:27 585] tts        657  TTS_MSG_GETAUDIO  0  
[2023/03/20 19:18:27 585] tts        485  get audio|use local  
[2023/03/20 19:18:27 586] tts        527  0  nil  1  
[2023/03/20 19:18:27 590] tts        657  TTS_MSG_GETAUDIO  0  
[2023/03/20 19:18:27 590] tts        485  get audio|use local  
[2023/03/20 19:18:27 590] tts        527  0  nil  1  
[2023/03/20 19:18:27 595] tts        657  TTS_MSG_GETAUDIO  0  
[2023/03/20 19:18:27 595] tts        485  get audio|use local  
[2023/03/20 19:18:27 595] tts        527  0  nil  1  
[2023/03/20 19:18:27 596] tts        657  TTS_MSG_GETAUDIO  0  
[2023/03/20 19:18:27 596] tts        485  get audio|use local  
[2023/03/20 19:18:27 596] tts        527  0  nil  1  
[2023/03/20 19:18:27 597] tts        657  TTS_MSG_GETAUDIO  0  
[2023/03/20 19:18:27 597] tts        485  get audio|use local  
[2023/03/20 19:18:27 597] tts        527  0  nil  1  
[2023/03/20 19:18:27 598] tts        657  TTS_MSG_GETAUDIO  0  
[2023/03/20 19:18:27 598] tts        485  get audio|use local  
[2023/03/20 19:18:27 598] tts        527  0  nil  1  
[2023/03/20 19:18:27 604] tts        657  TTS_MSG_GETAUDIO  0  
[2023/03/20 19:18:27 604] tts        485  get audio|use local  
[2023/03/20 19:18:27 604] tts        527  0  nil  1  
[2023/03/20 19:18:27 605] tts        657  TTS_MSG_GETAUDIO  0  
[2023/03/20 19:18:27 605] tts        485  get audio|use local  
[2023/03/20 19:18:27 605] tts        527  0  nil  1  
[2023/03/20 19:18:27 606] tts        657  TTS_MSG_GETAUDIO  0  
[2023/03/20 19:18:27 606] tts        485  get audio|use local  
[2023/03/20 19:18:27 606] tts        527  0  nil  1  
[2023/03/20 19:18:27 607] tts        657  TTS_MSG_GETAUDIO  0  
[2023/03/20 19:18:27 607] tts        485  get audio|use local  
[2023/03/20 19:18:27 607] tts        527  0  nil  1  
[2023/03/20 19:18:27 608] tts        657  TTS_MSG_GETAUDIO  0  
[2023/03/20 19:18:27 608] tts        485  get audio|use local  
[2023/03/20 19:18:27 608] tts        527  0  nil  1  
[2023/03/20 19:18:27 609] tts        657  TTS_MSG_GETAUDIO  0  
[2023/03/20 19:18:27 609] tts        485  get audio|use local  
[2023/03/20 19:18:27 609] tts        527  0  nil  1  
[2023/03/20 19:18:27 610] tts        657  TTS_MSG_GETAUDIO  0  
[2023/03/20 19:18:27 610] tts        485  get audio|use local  
[2023/03/20 19:18:27 610] tts        527  0  nil  1  
[2023/03/20 19:18:27 611] tts        657  TTS_MSG_GETAUDIO  0  
[2023/03/20 19:18:27 611] tts        485  get audio|use local  
[2023/03/20 19:18:27 611] tts        527  0  nil  1  
[2023/03/20 19:18:27 620] tts        657  TTS_MSG_GETAUDIO  0  
[2023/03/20 19:18:27 620] tts        485  get audio|use local  
[2023/03/20 19:18:27 620] tts        527  0  nil  1  
[2023/03/20 19:18:27 621] tts        657  TTS_MSG_GETAUDIO  0  
[2023/03/20 19:18:27 621] tts        485  get audio|use local  
[2023/03/20 19:18:27 621] tts        527  0  nil  1  
[2023/03/20 19:18:27 622] tts        657  TTS_MSG_GETAUDIO  0  
[2023/03/20 19:18:27 622] tts        485  get audio|use local  
[2023/03/20 19:18:27 622] tts        527  0  nil  1  
[2023/03/20 19:18:27 623] tts        657  TTS_MSG_GETAUDIO  0  
[2023/03/20 19:18:27 623] tts        485  get audio|use local  
[2023/03/20 19:18:27 623] tts        527  0  nil  1  
[2023/03/20 19:18:27 624] tts        657  TTS_MSG_GETAUDIO  0  
[2023/03/20 19:18:27 624] tts        485  get audio|use local  
[2023/03/20 19:18:27 624] tts        527  0  nil  1  
[2023/03/20 19:18:27 625] tts        657  TTS_MSG_GETAUDIO  0  
[2023/03/20 19:18:27 625] tts        485  get audio|use local  
[2023/03/20 19:18:27 625] tts        527  0  nil  1  
[2023/03/20 19:18:27 626] tts        657  TTS_MSG_GETAUDIO  0  
[2023/03/20 19:18:27 626] tts        485  get audio|use local  
[2023/03/20 19:18:27 626] tts        527  0  nil  1  
[2023/03/20 19:18:27 642] tts        657  TTS_MSG_GETAUDIO  0  
[2023/03/20 19:18:27 642] tts        485  get audio|use local  
[2023/03/20 19:18:27 642] tts        527  0  nil  1  
[2023/03/20 19:18:27 644] tts        657  TTS_MSG_GETAUDIO  0  
[2023/03/20 19:18:27 644] tts        485  get audio|use local  
[2023/03/20 19:18:27 644] tts        527  0  nil  1  
[2023/03/20 19:18:27 653] tts        657  TTS_MSG_GETAUDIO  0  
[2023/03/20 19:18:27 653] tts        485  get audio|use local  
[2023/03/20 19:18:27 653] tts        527  0  nil  1  
[2023/03/20 19:18:27 654] tts        657  TTS_MSG_GETAUDIO  0  
[2023/03/20 19:18:27 654] tts        485  get audio|use local  
[2023/03/20 19:18:27 654] tts        527  0  nil  1  
[2023/03/20 19:18:27 655] tts        657  TTS_MSG_GETAUDIO  0  
[2023/03/20 19:18:27 655] tts        485  get audio|use local  
[2023/03/20 19:18:27 655] tts        527  0  nil  1  
[2023/03/20 19:18:27 656] tts        657  TTS_MSG_GETAUDIO  0  
[2023/03/20 19:18:27 656] tts        485  get audio|use local  
[2023/03/20 19:18:27 656] tts        527  0  nil  1  
[2023/03/20 19:18:27 657] tts        657  TTS_MSG_GETAUDIO  0  
[2023/03/20 19:18:27 657] tts        485  get audio|use local  
[2023/03/20 19:18:27 657] tts        527  0  nil  1  
[2023/03/20 19:18:27 658] tts        657  TTS_MSG_GETAUDIO  0  
[2023/03/20 19:18:27 658] tts        485  get audio|use local  
[2023/03/20 19:18:27 658] tts        527  0  nil  1  
[2023/03/20 19:18:27 659] tts        657  TTS_MSG_GETAUDIO  0  
[2023/03/20 19:18:27 659] tts        485  get audio|use local  
[2023/03/20 19:18:27 659] tts        527  0  nil  1  
[2023/03/20 19:18:27 660] tts        657  TTS_MSG_GETAUDIO  0  
[2023/03/20 19:18:27 660] tts        485  get audio|use local  
[2023/03/20 19:18:27 660] tts        527  0  nil  1  
[2023/03/20 19:18:27 661] tts        657  TTS_MSG_GETAUDIO  0  
[2023/03/20 19:18:27 661] tts        485  get audio|use local  
[2023/03/20 19:18:27 661] tts        527  0  nil  1  
[2023/03/20 19:18:27 666] tts        657  TTS_MSG_GETAUDIO  0  
[2023/03/20 19:18:27 666] tts        485  get audio|use local  
[2023/03/20 19:18:27 666] tts        527  0  nil  1  
[2023/03/20 19:18:27 667] tts        657  TTS_MSG_GETAUDIO  0  
[2023/03/20 19:18:27 667] tts        485  get audio|use local  
[2023/03/20 19:18:27 668] tts        527  0  nil  1  
[2023/03/20 19:18:27 668] tts        657  TTS_MSG_GETAUDIO  0  
[2023/03/20 19:18:27 668] tts        485  get audio|use local  
[2023/03/20 19:18:27 668] tts        527  0  nil  1  
[2023/03/20 19:18:27 669] tts        657  TTS_MSG_GETAUDIO  0  
[2023/03/20 19:18:27 669] tts        485  get audio|use local  
[2023/03/20 19:18:27 669] tts        527  0  nil  1  
[2023/03/20 19:18:27 682] tts        657  TTS_MSG_GETAUDIO  0  
[2023/03/20 19:18:27 682] tts        485  get audio|use local  
[2023/03/20 19:18:27 683] tts        527  0  nil  1  
[2023/03/20 19:18:27 688] tts        657  TTS_MSG_GETAUDIO  0  
[2023/03/20 19:18:27 688] tts        485  get audio|use local  
[2023/03/20 19:18:27 688] tts        527  0  nil  1  
[2023/03/20 19:18:27 689] tts        657  TTS_MSG_GETAUDIO  0  
[2023/03/20 19:18:27 689] tts        485  get audio|use local  
[2023/03/20 19:18:27 689] tts        527  0  nil  1  
[2023/03/20 19:18:27 690] tts        657  TTS_MSG_GETAUDIO  0  
[2023/03/20 19:18:27 690] tts        485  get audio|use local  
[2023/03/20 19:18:27 690] tts        527  0  nil  1  
[2023/03/20 19:18:27 694] tts        657  TTS_MSG_GETAUDIO  0  
[2023/03/20 19:18:27 694] tts        485  get audio|use local  
[2023/03/20 19:18:27 695] tts        527  0  nil  1  
[2023/03/20 19:18:27 695] tts        657  TTS_MSG_GETAUDIO  0  
[2023/03/20 19:18:27 695] tts        485  get audio|use local  
[2023/03/20 19:18:27 696] tts        527  0  nil  1  
[2023/03/20 19:18:27 696] tts        657  TTS_MSG_GETAUDIO  0  
[2023/03/20 19:18:27 696] tts        485  get audio|use local  
[2023/03/20 19:18:27 696] tts        527  0  nil  1  
[2023/03/20 19:18:27 697] tts        657  TTS_MSG_GETAUDIO  0  
[2023/03/20 19:18:27 697] tts        485  get audio|use local  
[2023/03/20 19:18:27 698] tts        527  0  nil  1  
[2023/03/20 19:18:27 698] tts        657  TTS_MSG_GETAUDIO  0  
[2023/03/20 19:18:27 698] tts        485  get audio|use local  
[2023/03/20 19:18:27 699] tts        527  0  nil  1  
[2023/03/20 19:18:27 699] tts        657  TTS_MSG_GETAUDIO  0  
[2023/03/20 19:18:27 699] tts        485  get audio|use local  
[2023/03/20 19:18:27 700] tts        527  0  nil  1  
[2023/03/20 19:18:27 701] tts        657  TTS_MSG_GETAUDIO  0  
[2023/03/20 19:18:27 701] tts        485  get audio|use local  
[2023/03/20 19:18:27 701] tts        527  0  nil  1  
[2023/03/20 19:18:27 704] tts        657  TTS_MSG_GETAUDIO  0  
[2023/03/20 19:18:27 704] tts        485  get audio|use local  
[2023/03/20 19:18:27 704] tts        527  0  nil  1  
[2023/03/20 19:18:27 705] tts        657  TTS_MSG_GETAUDIO  0  
[2023/03/20 19:18:27 705] tts        485  get audio|use local  
[2023/03/20 19:18:27 705] tts        527  0  nil  1  
[2023/03/20 19:18:27 707] tts        657  TTS_MSG_GETAUDIO  0  
[2023/03/20 19:18:27 707] tts        485  get audio|use local  
[2023/03/20 19:18:27 707] tts        527  0  nil  1  
[2023/03/20 19:18:27 714] tts        657  TTS_MSG_GETAUDIO  0  
[2023/03/20 19:18:27 714] tts        485  get audio|use local  
[2023/03/20 19:18:27 714] tts        527  0  nil  1  
[2023/03/20 19:18:27 715] tts        657  TTS_MSG_GETAUDIO  0  
[2023/03/20 19:18:27 715] tts        485  get audio|use local  
[2023/03/20 19:18:27 715] tts        527  0  nil  1  
[2023/03/20 19:18:27 716] tts        657  TTS_MSG_GETAUDIO  0  
[2023/03/20 19:18:27 716] tts        485  get audio|use local  
[2023/03/20 19:18:27 716] tts        527  0  nil  1  
[2023/03/20 19:18:27 717] tts        657  TTS_MSG_GETAUDIO  0  
[2023/03/20 19:18:27 717] tts        485  get audio|use local  
[2023/03/20 19:18:27 717] tts        527  0  nil  1  
[2023/03/20 19:18:27 720] tts        657  TTS_MSG_GETAUDIO  0  
[2023/03/20 19:18:27 720] tts        485  get audio|use local  
[2023/03/20 19:18:27 720] tts        527  0  nil  1  
[2023/03/20 19:18:27 721] tts        657  TTS_MSG_GETAUDIO  0  
[2023/03/20 19:18:27 721] tts        485  get audio|use local  
[2023/03/20 19:18:27 721] tts        527  0  nil  1  
[2023/03/20 19:18:27 722] tts        657  TTS_MSG_GETAUDIO  0  
[2023/03/20 19:18:27 722] tts        485  get audio|use local  
[2023/03/20 19:18:27 722] tts        527  0  nil  1  
[2023/03/20 19:18:27 726] tts        657  TTS_MSG_GETAUDIO  0  
[2023/03/20 19:18:27 726] tts        485  get audio|use local  
[2023/03/20 19:18:27 727] tts        527  0  nil  1  
[2023/03/20 19:18:27 727] tts        657  TTS_MSG_GETAUDIO  0  
[2023/03/20 19:18:27 727] tts        485  get audio|use local  
[2023/03/20 19:18:27 728] tts        527  0  nil  1  
[2023/03/20 19:18:27 728] tts        657  TTS_MSG_GETAUDIO  0  
[2023/03/20 19:18:27 728] tts        485  get audio|use local  
[2023/03/20 19:18:27 729] tts        527  0  nil  1  
[2023/03/20 19:18:27 729] tts        657  TTS_MSG_GETAUDIO  0  
[2023/03/20 19:18:27 730] tts        485  get audio|use local  
[2023/03/20 19:18:27 730] tts        527  0  nil  1  
[2023/03/20 19:18:27 731] tts        657  TTS_MSG_GETAUDIO  0  
[2023/03/20 19:18:27 731] tts        485  get audio|use local  
[2023/03/20 19:18:27 731] tts        527  0  nil  1  
[2023/03/20 19:18:27 734] tts        657  TTS_MSG_GETAUDIO  0  
[2023/03/20 19:18:27 735] tts        485  get audio|use local  
[2023/03/20 19:18:27 735] tts        527  0  nil  1  
[2023/03/20 19:18:27 736] tts        657  TTS_MSG_GETAUDIO  0  
[2023/03/20 19:18:27 736] tts        485  get audio|use local  
[2023/03/20 19:18:27 736] tts        527  0  nil  1  
[2023/03/20 19:18:27 737] tts        657  TTS_MSG_GETAUDIO  0  
[2023/03/20 19:18:27 737] tts        485  get audio|use local  
[2023/03/20 19:18:27 737] tts        527  0  nil  1  
[2023/03/20 19:18:27 739] tts        657  TTS_MSG_GETAUDIO  0  
[2023/03/20 19:18:27 739] tts        485  get audio|use local  
[2023/03/20 19:18:27 739] tts        527  0  nil  1  
[2023/03/20 19:18:27 741] tts        657  TTS_MSG_GETAUDIO  0  
[2023/03/20 19:18:27 741] tts        485  get audio|use local  
[2023/03/20 19:18:27 741] tts        527  0  nil  1  
[2023/03/20 19:18:27 746] tts        657  TTS_MSG_GETAUDIO  0  
[2023/03/20 19:18:27 746] tts        485  get audio|use local  
[2023/03/20 19:18:27 747] tts        527  0  nil  1  
[2023/03/20 19:18:27 747] tts        657  TTS_MSG_GETAUDIO  0  
[2023/03/20 19:18:27 747] tts        485  get audio|use local  
[2023/03/20 19:18:27 748] tts        527  0  nil  1  
[2023/03/20 19:18:27 748] tts        657  TTS_MSG_GETAUDIO  0  
[2023/03/20 19:18:27 748] tts        485  get audio|use local  
[2023/03/20 19:18:27 748] tts        527  0  nil  1  
[2023/03/20 19:18:27 749] tts        657  TTS_MSG_GETAUDIO  0  
[2023/03/20 19:18:27 749] tts        485  get audio|use local  
[2023/03/20 19:18:27 749] tts        527  0  nil  1  
[2023/03/20 19:18:27 750] tts        657  TTS_MSG_GETAUDIO  0  
[2023/03/20 19:18:27 750] tts        485  get audio|use local  
[2023/03/20 19:18:27 750] tts        527  0  nil  1  
[2023/03/20 19:18:27 754] tts        657  TTS_MSG_GETAUDIO  0  
[2023/03/20 19:18:27 754] tts        485  get audio|use local  
[2023/03/20 19:18:27 755] tts        527  0  nil  1  
[2023/03/20 19:18:27 755] tts        657  TTS_MSG_GETAUDIO  0  
[2023/03/20 19:18:27 755] tts        485  get audio|use local  
[2023/03/20 19:18:27 756] tts        527  0  nil  1  
[2023/03/20 19:18:27 756] tts        657  TTS_MSG_GETAUDIO  0  
[2023/03/20 19:18:27 756] tts        485  get audio|use local  
[2023/03/20 19:18:27 757] tts        527  0  nil  1  
[2023/03/20 19:18:27 757] tts        657  TTS_MSG_GETAUDIO  0  
[2023/03/20 19:18:27 757] tts        485  get audio|use local  
[2023/03/20 19:18:27 758] tts        527  0  nil  1  
[2023/03/20 19:18:27 779] tts        657  TTS_MSG_GETAUDIO  0  
[2023/03/20 19:18:27 779] tts        485  get audio|use local  
[2023/03/20 19:18:27 779] tts        527  0  nil  1  
[2023/03/20 19:18:27 780] tts        657  TTS_MSG_GETAUDIO  0  
[2023/03/20 19:18:27 780] tts        485  get audio|use local  
[2023/03/20 19:18:27 780] tts        527  0  nil  1  
[2023/03/20 19:18:27 781] tts        657  TTS_MSG_GETAUDIO  0  
[2023/03/20 19:18:27 781] tts        485  get audio|use local  
[2023/03/20 19:18:27 781] tts        527  0  nil  1  
[2023/03/20 19:18:27 781] tts        657  TTS_MSG_GETAUDIO  0  
[2023/03/20 19:18:27 782] tts        485  get audio|use local  
[2023/03/20 19:18:27 782] tts        527  0  nil  1  
[2023/03/20 19:18:27 783] tts        657  TTS_MSG_GETAUDIO  0  
[2023/03/20 19:18:27 783] tts        485  get audio|use local  
[2023/03/20 19:18:27 783] tts        527  0  nil  1  
[2023/03/20 19:18:27 784] tts        657  TTS_MSG_GETAUDIO  0  
[2023/03/20 19:18:27 784] tts        485  get audio|use local  
[2023/03/20 19:18:27 784] tts        527  0  nil  1  
[2023/03/20 19:18:27 785] tts        657  TTS_MSG_GETAUDIO  0  
[2023/03/20 19:18:27 785] tts        485  get audio|use local  
[2023/03/20 19:18:27 785] tts        527  0  nil  1  
[2023/03/20 19:18:27 786] tts        657  TTS_MSG_GETAUDIO  0  
[2023/03/20 19:18:27 786] tts        485  get audio|use local  
[2023/03/20 19:18:27 786] tts        527  0  nil  1  
[2023/03/20 19:18:27 788] tts        657  TTS_MSG_GETAUDIO  0  
[2023/03/20 19:18:27 788] tts        485  get audio|use local  
[2023/03/20 19:18:27 788] tts        527  0  nil  1  
[2023/03/20 19:18:27 792] tts        657  TTS_MSG_GETAUDIO  0  
[2023/03/20 19:18:27 794] tts        485  get audio|use local  
[2023/03/20 19:18:27 794] tts        527  0  nil  1  
[2023/03/20 19:18:27 810] tts        657  TTS_MSG_GETAUDIO  0  
[2023/03/20 19:18:27 810] tts        485  get audio|use local  
[2023/03/20 19:18:27 810] tts        527  0  nil  1  
[2023/03/20 19:18:27 816] tts        657  TTS_MSG_GETAUDIO  0  
[2023/03/20 19:18:27 816] tts        485  get audio|use local  
[2023/03/20 19:18:27 816] tts        527  0  nil  1  
[2023/03/20 19:18:27 817] tts        657  TTS_MSG_GETAUDIO  0  
[2023/03/20 19:18:27 817] tts        485  get audio|use local  
[2023/03/20 19:18:27 817] tts        527  0  nil  1  
[2023/03/20 19:18:27 819] tts        657  TTS_MSG_GETAUDIO  0  
[2023/03/20 19:18:27 820] tts        485  get audio|use local  
[2023/03/20 19:18:27 827] tts        527  0  nil  1  
[2023/03/20 19:18:27 827] tts        299  TTS_LOCAL_CB_BEGIN  
[2023/03/20 19:18:27 828] tts        657  TTS_MSG_GETAUDIO  0  
[2023/03/20 19:18:27 828] tts        485  get audio|use local  
[2023/03/20 19:18:27 828] tts        527  0  nil  1  
[2023/03/20 19:18:27 829] tts        657  TTS_MSG_GETAUDIO  0  
[2023/03/20 19:18:27 829] tts        485  get audio|use local  
[2023/03/20 19:18:27 829] tts        527  0  nil  1  
[2023/03/20 19:18:27 830] tts        657  TTS_MSG_GETAUDIO  0  
[2023/03/20 19:18:27 830] tts        485  get audio|use local  
[2023/03/20 19:18:27 830] tts        527  0  nil  1  
[2023/03/20 19:18:27 831] tts        657  TTS_MSG_GETAUDIO  0  
[2023/03/20 19:18:27 831] tts        485  get audio|use local  
[2023/03/20 19:18:27 831] tts        527  0  nil  1  
[2023/03/20 19:18:27 832] tts        657  TTS_MSG_GETAUDIO  0  
[2023/03/20 19:18:27 832] tts        485  get audio|use local  
[2023/03/20 19:18:27 832] tts        527  0  nil  1  
[2023/03/20 19:18:27 833] tts        657  TTS_MSG_GETAUDIO  0  
[2023/03/20 19:18:27 833] tts        485  get audio|use local  
[2023/03/20 19:18:27 833] tts        527  0  nil  1  
[2023/03/20 19:18:27 834] tts        657  TTS_MSG_GETAUDIO  0  
[2023/03/20 19:18:27 834] tts        485  get audio|use local  
[2023/03/20 19:18:27 834] tts        527  0  nil  1  
[2023/03/20 19:18:27 835] tts        657  TTS_MSG_GETAUDIO  0  
[2023/03/20 19:18:27 835] tts        485  get audio|use local  
[2023/03/20 19:18:27 835] tts        527  0  nil  1  
[2023/03/20 19:18:27 836] tts        657  TTS_MSG_GETAUDIO  0  
[2023/03/20 19:18:27 836] tts        485  get audio|use local  
[2023/03/20 19:18:27 837] tts        527  0  nil  1  
[2023/03/20 19:18:27 837] tts        657  TTS_MSG_GETAUDIO  0  
[2023/03/20 19:18:27 837] tts        485  get audio|use local  
[2023/03/20 19:18:27 838] tts        527  0  nil  1  
[2023/03/20 19:18:27 838] tts        657  TTS_MSG_GETAUDIO  0  
[2023/03/20 19:18:27 838] tts        485  get audio|use local  
[2023/03/20 19:18:27 839] tts        527  0  nil  1  
[2023/03/20 19:18:27 839] tts        657  TTS_MSG_GETAUDIO  0  
[2023/03/20 19:18:27 839] tts        485  get audio|use local  
[2023/03/20 19:18:27 839] tts        527  0  nil  1  
[2023/03/20 19:18:27 840] tts        657  TTS_MSG_GETAUDIO  0  
[2023/03/20 19:18:27 840] tts        485  get audio|use local  
[2023/03/20 19:18:27 840] tts        527  0  nil  1  
[2023/03/20 19:18:27 841] tts        657  TTS_MSG_GETAUDIO  0  
[2023/03/20 19:18:27 841] tts        485  get audio|use local  
[2023/03/20 19:18:27 841] tts        527  0  nil  1  
[2023/03/20 19:18:27 842] tts        657  TTS_MSG_GETAUDIO  0  
[2023/03/20 19:18:27 846] tts        485  get audio|use local  
[2023/03/20 19:18:27 846] tts        527  0  nil  1  
[2023/03/20 19:18:27 847] tts        657  TTS_MSG_GETAUDIO  0  
[2023/03/20 19:18:27 847] tts        485  get audio|use local  
[2023/03/20 19:18:27 847] tts        527  0  nil  1  
[2023/03/20 19:18:27 848] tts        657  TTS_MSG_GETAUDIO  0  
[2023/03/20 19:18:27 848] tts        485  get audio|use local  
[2023/03/20 19:18:27 848] tts        527  0  nil  1  
[2023/03/20 19:18:27 854] tts        657  TTS_MSG_GETAUDIO  0  
[2023/03/20 19:18:27 859] tts        485  get audio|use local  
[2023/03/20 19:18:27 859] tts        527  0  nil  1  
[2023/03/20 19:18:27 859] tts        657  TTS_MSG_GETAUDIO  0  
[2023/03/20 19:18:27 860] tts        485  get audio|use local  
[2023/03/20 19:18:27 860] tts        527  0  nil  1  
[2023/03/20 19:18:27 862] tts        657  TTS_MSG_GETAUDIO  0  
[2023/03/20 19:18:27 862] tts        485  get audio|use local  
[2023/03/20 19:18:27 862] tts        527  0  nil  1  
[2023/03/20 19:18:27 863] tts        657  TTS_MSG_GETAUDIO  0  
[2023/03/20 19:18:27 863] tts        485  get audio|use local  
[2023/03/20 19:18:27 863] tts        527  0  nil  1  
[2023/03/20 19:18:27 864] tts        657  TTS_MSG_GETAUDIO  0  
[2023/03/20 19:18:27 864] tts        485  get audio|use local  
[2023/03/20 19:18:27 864] tts        527  0  nil  1  
[2023/03/20 19:18:27 865] tts        657  TTS_MSG_GETAUDIO  0  
[2023/03/20 19:18:27 865] tts        485  get audio|use local  
[2023/03/20 19:18:27 865] tts        527  0  nil  1  
[2023/03/20 19:18:27 865] tts        657  TTS_MSG_GETAUDIO  0  
[2023/03/20 19:18:27 865] tts        485  get audio|use local  
[2023/03/20 19:18:27 866] tts        527  0  nil  1  
[2023/03/20 19:18:27 866] tts        657  TTS_MSG_GETAUDIO  0  
[2023/03/20 19:18:27 866] tts        485  get audio|use local  
[2023/03/20 19:18:27 867] tts        527  0  nil  1  
[2023/03/20 19:18:27 867] tts        657  TTS_MSG_GETAUDIO  0  
[2023/03/20 19:18:27 867] tts        485  get audio|use local  
[2023/03/20 19:18:27 868] tts        527  0  nil  1  
[2023/03/20 19:18:27 868] tts        657  TTS_MSG_GETAUDIO  0  
[2023/03/20 19:18:27 868] tts        485  get audio|use local  
[2023/03/20 19:18:27 868] tts        527  0  nil  1  
[2023/03/20 19:18:27 869] tts        657  TTS_MSG_GETAUDIO  0  
[2023/03/20 19:18:27 869] tts        485  get audio|use local  
[2023/03/20 19:18:27 869] tts        527  0  nil  1  
[2023/03/20 19:18:27 870] tts        657  TTS_MSG_GETAUDIO  0  
[2023/03/20 19:18:27 870] tts        485  get audio|use local  
[2023/03/20 19:18:27 870] tts        527  0  nil  1  
[2023/03/20 19:18:27 871] tts        657  TTS_MSG_GETAUDIO  0  
[2023/03/20 19:18:27 871] tts        485  get audio|use local  
[2023/03/20 19:18:27 871] tts        527  0  nil  1  
[2023/03/20 19:18:27 874] tts        657  TTS_MSG_GETAUDIO  0  
[2023/03/20 19:18:27 874] tts        485  get audio|use local  
[2023/03/20 19:18:27 874] tts        527  0  nil  1  
[2023/03/20 19:18:27 875] tts        657  TTS_MSG_GETAUDIO  0  
[2023/03/20 19:18:27 875] tts        485  get audio|use local  
[2023/03/20 19:18:27 875] tts        527  0  nil  1  
[2023/03/20 19:18:27 876] tts        657  TTS_MSG_GETAUDIO  0  
[2023/03/20 19:18:27 876] tts        485  get audio|use local  
[2023/03/20 19:18:27 876] tts        527  0  nil  1  
[2023/03/20 19:18:27 877] tts        657  TTS_MSG_GETAUDIO  0  
[2023/03/20 19:18:27 877] tts        485  get audio|use local  
[2023/03/20 19:18:27 877] tts        527  0  nil  1  
[2023/03/20 19:18:27 882] tts        657  TTS_MSG_GETAUDIO  0  
[2023/03/20 19:18:27 882] tts        485  get audio|use local  
[2023/03/20 19:18:27 882] tts        527  0  nil  1  
[2023/03/20 19:18:27 883] tts        657  TTS_MSG_GETAUDIO  0  
[2023/03/20 19:18:27 883] tts        485  get audio|use local  
[2023/03/20 19:18:27 883] tts        527  0  nil  1  
[2023/03/20 19:18:27 884] tts        657  TTS_MSG_GETAUDIO  0  
[2023/03/20 19:18:27 884] tts        485  get audio|use local  
[2023/03/20 19:18:27 884] tts        527  0  nil  1  
[2023/03/20 19:18:27 885] tts        657  TTS_MSG_GETAUDIO  0  
[2023/03/20 19:18:27 885] tts        485  get audio|use local  
[2023/03/20 19:18:27 885] tts        527  0  nil  1  
[2023/03/20 19:18:27 885] tts        657  TTS_MSG_GETAUDIO  0  
[2023/03/20 19:18:27 885] tts        485  get audio|use local  
[2023/03/20 19:18:27 886] tts        527  0  nil  1  
[2023/03/20 19:18:27 886] tts        657  TTS_MSG_GETAUDIO  0  
[2023/03/20 19:18:27 886] tts        485  get audio|use local  
[2023/03/20 19:18:27 887] tts        527  0  nil  1  
[2023/03/20 19:18:27 887] tts        657  TTS_MSG_GETAUDIO  0  
[2023/03/20 19:18:27 887] tts        485  get audio|use local  
[2023/03/20 19:18:27 887] tts        527  0  nil  1  
[2023/03/20 19:18:27 888] tts        657  TTS_MSG_GETAUDIO  0  
[2023/03/20 19:18:27 888] tts        485  get audio|use local  
[2023/03/20 19:18:27 888] tts        527  0  nil  1  
[2023/03/20 19:18:27 890] tts        657  TTS_MSG_GETAUDIO  0  
[2023/03/20 19:18:27 890] tts        485  get audio|use local  
[2023/03/20 19:18:27 890] tts        527  0  nil  1  
[2023/03/20 19:18:27 891] tts        657  TTS_MSG_GETAUDIO  0  
[2023/03/20 19:18:27 891] tts        485  get audio|use local  
[2023/03/20 19:18:27 891] tts        527  0  nil  1  
[2023/03/20 19:18:27 902] tts        657  TTS_MSG_GETAUDIO  0  
[2023/03/20 19:18:27 902] tts        485  get audio|use local  
[2023/03/20 19:18:27 902] tts        527  0  nil  1  
[2023/03/20 19:18:27 905] tts        657  TTS_MSG_GETAUDIO  0  
[2023/03/20 19:18:27 905] tts        485  get audio|use local  
[2023/03/20 19:18:27 905] tts        527  0  nil  1  
[2023/03/20 19:18:27 913] tts        657  TTS_MSG_GETAUDIO  0  
[2023/03/20 19:18:27 913] tts        485  get audio|use local  
[2023/03/20 19:18:27 913] tts        527  0  nil  1  
[2023/03/20 19:18:27 914] tts        657  TTS_MSG_GETAUDIO  0  
[2023/03/20 19:18:27 914] tts        485  get audio|use local  
[2023/03/20 19:18:27 914] tts        527  0  nil  1  
[2023/03/20 19:18:27 915] tts        657  TTS_MSG_GETAUDIO  0  
[2023/03/20 19:18:27 915] tts        485  get audio|use local  
[2023/03/20 19:18:27 915] tts        527  0  nil  1  
[2023/03/20 19:18:27 916] tts        657  TTS_MSG_GETAUDIO  0  
[2023/03/20 19:18:27 916] tts        485  get audio|use local  
[2023/03/20 19:18:27 916] tts        527  0  nil  1  
[2023/03/20 19:18:27 917] tts        657  TTS_MSG_GETAUDIO  0  
[2023/03/20 19:18:27 917] tts        485  get audio|use local  
[2023/03/20 19:18:27 917] tts        527  0  nil  1  
[2023/03/20 19:18:27 918] tts        657  TTS_MSG_GETAUDIO  0  
[2023/03/20 19:18:27 918] tts        485  get audio|use local  
[2023/03/20 19:18:27 918] tts        527  0  nil  1  
[2023/03/20 19:18:27 919] tts        657  TTS_MSG_GETAUDIO  0  
[2023/03/20 19:18:27 919] tts        485  get audio|use local  
[2023/03/20 19:18:27 919] tts        527  0  nil  1  
[2023/03/20 19:18:27 919] tts        657  TTS_MSG_GETAUDIO  0  
[2023/03/20 19:18:27 920] tts        485  get audio|use local  
[2023/03/20 19:18:27 920] tts        527  0  nil  1  
[2023/03/20 19:18:27 920] tts        657  TTS_MSG_GETAUDIO  0  
[2023/03/20 19:18:27 920] tts        485  get audio|use local  
[2023/03/20 19:18:27 921] tts        527  0  nil  1  
[2023/03/20 19:18:27 921] tts        657  TTS_MSG_GETAUDIO  0  
[2023/03/20 19:18:27 921] tts        485  get audio|use local  
[2023/03/20 19:18:27 921] tts        527  0  nil  1  
[2023/03/20 19:18:27 922] tts        657  TTS_MSG_GETAUDIO  0  
[2023/03/20 19:18:27 922] tts        485  get audio|use local  
[2023/03/20 19:18:27 922] tts        527  0  nil  1  
[2023/03/20 19:18:27 923] tts        657  TTS_MSG_GETAUDIO  0  
[2023/03/20 19:18:27 923] tts        485  get audio|use local  
[2023/03/20 19:18:27 923] tts        527  0  nil  1  
[2023/03/20 19:18:27 924] tts        657  TTS_MSG_GETAUDIO  0  
[2023/03/20 19:18:27 924] tts        485  get audio|use local  
[2023/03/20 19:18:27 924] tts        527  0  nil  1  
[2023/03/20 19:18:27 925] tts        657  TTS_MSG_GETAUDIO  0  
[2023/03/20 19:18:27 925] tts        485  get audio|use local  
[2023/03/20 19:18:27 925] tts        527  0  nil  1  
[2023/03/20 19:18:27 936] tts        657  TTS_MSG_GETAUDIO  0  
[2023/03/20 19:18:27 936] tts        485  get audio|use local  
[2023/03/20 19:18:27 936] tts        527  0  nil  1  
[2023/03/20 19:18:27 937] tts        657  TTS_MSG_GETAUDIO  0  
[2023/03/20 19:18:27 937] tts        485  get audio|use local  
[2023/03/20 19:18:27 937] tts        527  0  nil  1  
[2023/03/20 19:18:27 938] tts        657  TTS_MSG_GETAUDIO  0  
[2023/03/20 19:18:27 938] tts        485  get audio|use local  
[2023/03/20 19:18:27 938] tts        527  0  nil  1  
[2023/03/20 19:18:27 939] tts        657  TTS_MSG_GETAUDIO  0  
[2023/03/20 19:18:27 939] tts        485  get audio|use local  
[2023/03/20 19:18:27 939] tts        527  0  nil  1  
[2023/03/20 19:18:27 939] tts        657  TTS_MSG_GETAUDIO  0  
[2023/03/20 19:18:27 940] tts        485  get audio|use local  
[2023/03/20 19:18:27 940] tts        527  0  nil  1  
[2023/03/20 19:18:27 940] tts        657  TTS_MSG_GETAUDIO  0  
[2023/03/20 19:18:27 940] tts        485  get audio|use local  
[2023/03/20 19:18:27 940] tts        527  0  nil  1  
[2023/03/20 19:18:27 941] tts        657  TTS_MSG_GETAUDIO  0  
[2023/03/20 19:18:27 941] tts        485  get audio|use local  
[2023/03/20 19:18:27 941] tts        527  0  nil  1  
[2023/03/20 19:18:27 942] tts        657  TTS_MSG_GETAUDIO  0  
[2023/03/20 19:18:27 942] tts        485  get audio|use local  
[2023/03/20 19:18:27 942] tts        527  0  nil  1  
[2023/03/20 19:18:27 943] tts        657  TTS_MSG_GETAUDIO  0  
[2023/03/20 19:18:27 943] tts        485  get audio|use local  
[2023/03/20 19:18:27 943] tts        527  0  nil  1  
[2023/03/20 19:18:27 944] tts        657  TTS_MSG_GETAUDIO  0  
[2023/03/20 19:18:27 944] tts        485  get audio|use local  
[2023/03/20 19:18:27 944] tts        527  0  nil  1  
[2023/03/20 19:18:27 945] tts        657  TTS_MSG_GETAUDIO  0  
[2023/03/20 19:18:27 945] tts        485  get audio|use local  
[2023/03/20 19:18:27 945] tts        527  0  nil  1  
[2023/03/20 19:18:27 945] tts        657  TTS_MSG_GETAUDIO  0  
[2023/03/20 19:18:27 945] tts        485  get audio|use local  
[2023/03/20 19:18:27 946] tts        527  0  nil  1  
[2023/03/20 19:18:27 946] tts        657  TTS_MSG_GETAUDIO  0  
[2023/03/20 19:18:27 946] tts        485  get audio|use local  
[2023/03/20 19:18:27 946] tts        527  0  nil  1  
[2023/03/20 19:18:27 962] tts        657  TTS_MSG_GETAUDIO  0  
[2023/03/20 19:18:27 962] tts        485  get audio|use local  
[2023/03/20 19:18:27 962] tts        527  0  nil  1  
[2023/03/20 19:18:27 963] tts        657  TTS_MSG_GETAUDIO  0  
[2023/03/20 19:18:27 963] tts        485  get audio|use local  
[2023/03/20 19:18:27 963] tts        527  0  nil  1  
[2023/03/20 19:18:27 964] tts        657  TTS_MSG_GETAUDIO  0  
[2023/03/20 19:18:27 964] tts        485  get audio|use local  
[2023/03/20 19:18:27 964] tts        527  0  nil  1  
[2023/03/20 19:18:27 965] tts        657  TTS_MSG_GETAUDIO  0  
[2023/03/20 19:18:27 965] tts        485  get audio|use local  
[2023/03/20 19:18:27 965] tts        527  0  nil  1  
[2023/03/20 19:18:27 965] tts        657  TTS_MSG_GETAUDIO  0  
[2023/03/20 19:18:27 965] tts        485  get audio|use local  
[2023/03/20 19:18:27 966] tts        527  0  nil  1  
[2023/03/20 19:18:27 966] tts        657  TTS_MSG_GETAUDIO  0  
[2023/03/20 19:18:27 966] tts        485  get audio|use local  
[2023/03/20 19:18:27 966] tts        527  0  nil  1  
[2023/03/20 19:18:27 967] tts        657  TTS_MSG_GETAUDIO  0  
[2023/03/20 19:18:27 967] tts        485  get audio|use local  
[2023/03/20 19:18:27 967] tts        527  0  nil  1  
[2023/03/20 19:18:27 968] tts        657  TTS_MSG_GETAUDIO  0  
[2023/03/20 19:18:27 968] tts        485  get audio|use local  
[2023/03/20 19:18:27 968] tts        527  0  nil  1  
[2023/03/20 19:18:27 969] tts        657  TTS_MSG_GETAUDIO  0  
[2023/03/20 19:18:27 969] tts        485  get audio|use local  
[2023/03/20 19:18:27 969] tts        527  0  nil  1  
[2023/03/20 19:18:27 969] tts        657  TTS_MSG_GETAUDIO  0  
[2023/03/20 19:18:27 969] tts        485  get audio|use local  
[2023/03/20 19:18:27 970] tts        527  0  nil  1  
[2023/03/20 19:18:27 970] tts        657  TTS_MSG_GETAUDIO  0  
[2023/03/20 19:18:27 970] tts        485  get audio|use local  
[2023/03/20 19:18:27 970] tts        527  0  nil  1  
[2023/03/20 19:18:27 971] tts        657  TTS_MSG_GETAUDIO  0  
[2023/03/20 19:18:27 971] tts        485  get audio|use local  
[2023/03/20 19:18:27 971] tts        527  0  nil  1  
[2023/03/20 19:18:27 978] tts        657  TTS_MSG_GETAUDIO  0  
[2023/03/20 19:18:27 978] tts        485  get audio|use local  
[2023/03/20 19:18:27 978] tts        527  0  nil  1  
[2023/03/20 19:18:27 979] tts        657  TTS_MSG_GETAUDIO  0  
[2023/03/20 19:18:27 979] tts        485  get audio|use local  
[2023/03/20 19:18:27 979] tts        527  0  nil  1  
[2023/03/20 19:18:28 001] tts        657  TTS_MSG_GETAUDIO  0  
[2023/03/20 19:18:28 001] tts        485  get audio|use local  
[2023/03/20 19:18:28 001] tts        498  local audiolen:  2042  ,ced:  10  
[2023/03/20 19:18:28 002] tts        527  0  udata(6c07f0a8) 1  
[2023/03/20 19:18:28 009] tts        657  TTS_MSG_GETAUDIO  0  
[2023/03/20 19:18:28 009] tts        485  get audio|use local  
[2023/03/20 19:18:28 010] tts        498  local audiolen:  2048  ,ced:  10  
[2023/03/20 19:18:28 010] tts        527  0  udata(6c07e568) 1  
[2023/03/20 19:18:28 014] tts        657  TTS_MSG_GETAUDIO  0  
[2023/03/20 19:18:28 014] tts        485  get audio|use local  
[2023/03/20 19:18:28 014] tts        498  local audiolen:  1974  ,ced:  10  
[2023/03/20 19:18:28 014] tts        527  0  udata(6c07c4d8) 1  
[2023/03/20 19:18:28 021] tts        657  TTS_MSG_GETAUDIO  0  
[2023/03/20 19:18:28 021] tts        485  get audio|use local  
[2023/03/20 19:18:28 022] tts        498  local audiolen:  1968  ,ced:  10  
[2023/03/20 19:18:28 022] tts        527  0  udata(6c07c828) 1  
[2023/03/20 19:18:28 030] tts        657  TTS_MSG_GETAUDIO  0  
[2023/03/20 19:18:28 031] tts        485  get audio|use local  
[2023/03/20 19:18:28 031] tts        498  local audiolen:  1954  ,ced:  10  
[2023/03/20 19:18:28 031] tts        527  0  udata(6c07c878) 1  
[2023/03/20 19:18:28 032] tts        657  TTS_MSG_GETAUDIO  0  
[2023/03/20 19:18:28 032] tts        485  get audio|use local  
[2023/03/20 19:18:28 032] tts        498  local audiolen:  2038  ,ced:  10  
[2023/03/20 19:18:28 032] tts        527  0  udata(6c07d188) 1  
[2023/03/20 19:18:28 040] tts        657  TTS_MSG_GETAUDIO  0  
[2023/03/20 19:18:28 040] tts        485  get audio|use local  
[2023/03/20 19:18:28 040] tts        498  local audiolen:  1970  ,ced:  10  
[2023/03/20 19:18:28 040] tts        527  0  udata(6c07c8c8) 1  
[2023/03/20 19:18:28 042] tts        657  TTS_MSG_GETAUDIO  0  
[2023/03/20 19:18:28 043] tts        485  get audio|use local  
[2023/03/20 19:18:28 043] tts        498  local audiolen:  1986  ,ced:  10  
[2023/03/20 19:18:28 043] tts        527  0  udata(6c0879d8) 1  
[2023/03/20 19:18:28 043] tts        301  0  0  
[2023/03/20 19:18:28 043] tts        312  TTS_LOCAL_CB_END,  2  
[2023/03/20 19:18:28 044] tts        657  TTS_MSG_GETAUDIO  0  
[2023/03/20 19:18:28 044] tts        485  get audio|use local  
[2023/03/20 19:18:28 044] tts        498  local audiolen:  2020  ,ced:  10  
[2023/03/20 19:18:28 045] tts        527  0  udata(6c087bc8) 1  
[2023/03/20 19:18:28 045] tts        657  TTS_MSG_GETAUDIO  0  
[2023/03/20 19:18:28 045] tts        485  get audio|use local  
[2023/03/20 19:18:28 046] tts        498  local audiolen:  2048  ,ced:  10  
[2023/03/20 19:18:28 050] tts        527  0  udata(6c07d2d8) 1  
[2023/03/20 19:18:28 051] tts        657  TTS_MSG_GETAUDIO  0  
[2023/03/20 19:18:28 051] tts        485  get audio|use local  
[2023/03/20 19:18:28 051] tts        498  local audiolen:  1990  ,ced:  10  
[2023/03/20 19:18:28 051] tts        527  0  udata(6c087c18) 1  
[2023/03/20 19:18:28 052] tts        657  TTS_MSG_GETAUDIO  0  
[2023/03/20 19:18:28 052] tts        485  get audio|use local  
[2023/03/20 19:18:28 052] tts        498  local audiolen:  1970  ,ced:  10  
[2023/03/20 19:18:28 052] tts        527  0  udata(6c087c68) 1  
[2023/03/20 19:18:28 053] tts        657  TTS_MSG_GETAUDIO  0  
[2023/03/20 19:18:28 053] tts        485  get audio|use local  
[2023/03/20 19:18:28 053] tts        498  local audiolen:  1878  ,ced:  10  
[2023/03/20 19:18:28 053] tts        527  0  udata(6c087cb8) 1  
[2023/03/20 19:18:28 054] tts        657  TTS_MSG_GETAUDIO  0  
[2023/03/20 19:18:28 054] tts        485  get audio|use local  
[2023/03/20 19:18:28 054] tts        498  local audiolen:  1862  ,ced:  10  
[2023/03/20 19:18:28 054] tts        527  0  udata(6c087d08) 1  
[2023/03/20 19:18:28 055] tts        657  TTS_MSG_GETAUDIO  0  
[2023/03/20 19:18:28 055] tts        485  get audio|use local  
[2023/03/20 19:18:28 055] tts        498  local audiolen:  1900  ,ced:  10  
[2023/03/20 19:18:28 055] tts        527  0  udata(6c07dce8) 1  
[2023/03/20 19:18:28 056] tts        657  TTS_MSG_GETAUDIO  0  
[2023/03/20 19:18:28 056] tts        485  get audio|use local  
[2023/03/20 19:18:28 056] tts        498  local audiolen:  1968  ,ced:  10  
[2023/03/20 19:18:28 056] tts        527  0  udata(6c087d58) 1  
[2023/03/20 19:18:28 057] tts        657  TTS_MSG_GETAUDIO  0  
[2023/03/20 19:18:28 057] tts        485  get audio|use local  
[2023/03/20 19:18:28 057] tts        498  local audiolen:  2044  ,ced:  10  
[2023/03/20 19:18:28 057] tts        527  0  udata(6c087da8) 1  
[2023/03/20 19:18:28 058] tts        657  TTS_MSG_GETAUDIO  0  
[2023/03/20 19:18:28 058] tts        485  get audio|use local  
[2023/03/20 19:18:28 058] tts        498  local audiolen:  1248  ,ced:  10  
[2023/03/20 19:18:28 058] tts        527  0  udata(6c087df8) 2  
[2023/03/20 19:18:28 059] tts        660  TTS_MSG_SSE  
[2023/03/20 19:18:28 070] tts        585  sse|use local  
[2023/03/20 19:18:28 071] tts        603  tts exit  
