============================================================
Time  2023/03/19 19:42:05 400 
============================================================
[2023/03/19 19:42:05 400] tts        676  SYS_MSG_REGCB param0 =  msp_status_cb  param1 =  func(6c014a30) 
[2023/03/19 19:42:05 403] config     43   use general cloud  
[2023/03/19 19:42:05 410] tts_cloud  1417 SYS_MSG_REGCB_CLOUD param0 =   msp_status_cb  param1 =  func(6c014a30) 
[2023/03/19 19:42:05 410] tts        647  TTS_MSG_SSB  
[2023/03/19 19:42:05 410] tts        375  params =  engine_type = local,voice_name=xiaoyan, text_encoding = UTF8, tts_res_path = fo|res/tts/xiaoyan.jet;fo|res/tts/common.jet, sample_rate = 16000, speed = 50, volume = 50, pitch = 50, rdn = 2  
[2023/03/19 19:42:05 410] tts        412  ssb|use local  
[2023/03/19 19:42:05 411] tts        349  local_session_begin  
[2023/03/19 19:42:05 413] tts        654  TTS_MSG_SYN  0  
[2023/03/19 19:42:05 413] tts        451  synth|use local  
[2023/03/19 19:42:05 416] tts        657  TTS_MSG_GETAUDIO  0  
[2023/03/19 19:42:05 416] tts        485  get audio|use local  
[2023/03/19 19:42:05 416] tts        527  0  nil  1  
[2023/03/19 19:42:05 417] tts        657  TTS_MSG_GETAUDIO  0  
[2023/03/19 19:42:05 417] tts        485  get audio|use local  
[2023/03/19 19:42:05 417] tts        527  0  nil  1  
[2023/03/19 19:42:05 418] tts        657  TTS_MSG_GETAUDIO  0  
[2023/03/19 19:42:05 418] tts        485  get audio|use local  
[2023/03/19 19:42:05 418] tts        527  0  nil  1  
[2023/03/19 19:42:05 419] tts        657  TTS_MSG_GETAUDIO  0  
[2023/03/19 19:42:05 419] tts        485  get audio|use local  
[2023/03/19 19:42:05 419] tts        527  0  nil  1  
[2023/03/19 19:42:05 422] tts        657  TTS_MSG_GETAUDIO  0  
[2023/03/19 19:42:05 422] tts        485  get audio|use local  
[2023/03/19 19:42:05 422] tts        527  0  nil  1  
[2023/03/19 19:42:05 424] tts        657  TTS_MSG_GETAUDIO  0  
[2023/03/19 19:42:05 424] tts        485  get audio|use local  
[2023/03/19 19:42:05 424] tts        527  0  nil  1  
[2023/03/19 19:42:05 425] tts        657  TTS_MSG_GETAUDIO  0  
[2023/03/19 19:42:05 425] tts        485  get audio|use local  
[2023/03/19 19:42:05 425] tts        527  0  nil  1  
[2023/03/19 19:42:05 426] tts        657  TTS_MSG_GETAUDIO  0  
[2023/03/19 19:42:05 426] tts        485  get audio|use local  
[2023/03/19 19:42:05 426] tts        527  0  nil  1  
[2023/03/19 19:42:05 426] tts        657  TTS_MSG_GETAUDIO  0  
[2023/03/19 19:42:05 427] tts        485  get audio|use local  
[2023/03/19 19:42:05 427] tts        527  0  nil  1  
[2023/03/19 19:42:05 428] tts        657  TTS_MSG_GETAUDIO  0  
[2023/03/19 19:42:05 428] tts        485  get audio|use local  
[2023/03/19 19:42:05 428] tts        527  0  nil  1  
[2023/03/19 19:42:05 429] tts        657  TTS_MSG_GETAUDIO  0  
[2023/03/19 19:42:05 429] tts        485  get audio|use local  
[2023/03/19 19:42:05 429] tts        527  0  nil  1  
[2023/03/19 19:42:05 430] tts        657  TTS_MSG_GETAUDIO  0  
[2023/03/19 19:42:05 430] tts        485  get audio|use local  
[2023/03/19 19:42:05 430] tts        527  0  nil  1  
[2023/03/19 19:42:05 431] tts        657  TTS_MSG_GETAUDIO  0  
[2023/03/19 19:42:05 431] tts        485  get audio|use local  
[2023/03/19 19:42:05 432] tts        527  0  nil  1  
[2023/03/19 19:42:05 433] tts        657  TTS_MSG_GETAUDIO  0  
[2023/03/19 19:42:05 433] tts        485  get audio|use local  
[2023/03/19 19:42:05 433] tts        527  0  nil  1  
[2023/03/19 19:42:05 434] tts        657  TTS_MSG_GETAUDIO  0  
[2023/03/19 19:42:05 434] tts        485  get audio|use local  
[2023/03/19 19:42:05 434] tts        527  0  nil  1  
[2023/03/19 19:42:05 439] tts        657  TTS_MSG_GETAUDIO  0  
[2023/03/19 19:42:05 439] tts        485  get audio|use local  
[2023/03/19 19:42:05 439] tts        527  0  nil  1  
[2023/03/19 19:42:05 440] tts        657  TTS_MSG_GETAUDIO  0  
[2023/03/19 19:42:05 440] tts        485  get audio|use local  
[2023/03/19 19:42:05 440] tts        527  0  nil  1  
[2023/03/19 19:42:05 441] tts        657  TTS_MSG_GETAUDIO  0  
[2023/03/19 19:42:05 441] tts        485  get audio|use local  
[2023/03/19 19:42:05 442] tts        527  0  nil  1  
[2023/03/19 19:42:05 442] tts        657  TTS_MSG_GETAUDIO  0  
[2023/03/19 19:42:05 443] tts        485  get audio|use local  
[2023/03/19 19:42:05 443] tts        527  0  nil  1  
[2023/03/19 19:42:05 444] tts        657  TTS_MSG_GETAUDIO  0  
[2023/03/19 19:42:05 444] tts        485  get audio|use local  
[2023/03/19 19:42:05 444] tts        527  0  nil  1  
[2023/03/19 19:42:05 445] tts        657  TTS_MSG_GETAUDIO  0  
[2023/03/19 19:42:05 445] tts        485  get audio|use local  
[2023/03/19 19:42:05 445] tts        527  0  nil  1  
[2023/03/19 19:42:05 446] tts        657  TTS_MSG_GETAUDIO  0  
[2023/03/19 19:42:05 446] tts        485  get audio|use local  
[2023/03/19 19:42:05 446] tts        527  0  nil  1  
[2023/03/19 19:42:05 447] tts        657  TTS_MSG_GETAUDIO  0  
[2023/03/19 19:42:05 447] tts        485  get audio|use local  
[2023/03/19 19:42:05 447] tts        527  0  nil  1  
[2023/03/19 19:42:05 449] tts        657  TTS_MSG_GETAUDIO  0  
[2023/03/19 19:42:05 449] tts        485  get audio|use local  
[2023/03/19 19:42:05 450] tts        527  0  nil  1  
[2023/03/19 19:42:05 450] tts        657  TTS_MSG_GETAUDIO  0  
[2023/03/19 19:42:05 450] tts        485  get audio|use local  
[2023/03/19 19:42:05 450] tts        527  0  nil  1  
[2023/03/19 19:42:05 451] tts        657  TTS_MSG_GETAUDIO  0  
[2023/03/19 19:42:05 451] tts        485  get audio|use local  
[2023/03/19 19:42:05 451] tts        527  0  nil  1  
[2023/03/19 19:42:05 452] tts        657  TTS_MSG_GETAUDIO  0  
[2023/03/19 19:42:05 452] tts        485  get audio|use local  
[2023/03/19 19:42:05 452] tts        527  0  nil  1  
[2023/03/19 19:42:05 453] tts        657  TTS_MSG_GETAUDIO  0  
[2023/03/19 19:42:05 453] tts        485  get audio|use local  
[2023/03/19 19:42:05 453] tts        527  0  nil  1  
[2023/03/19 19:42:05 453] tts        657  TTS_MSG_GETAUDIO  0  
[2023/03/19 19:42:05 454] tts        485  get audio|use local  
[2023/03/19 19:42:05 454] tts        527  0  nil  1  
[2023/03/19 19:42:05 454] tts        657  TTS_MSG_GETAUDIO  0  
[2023/03/19 19:42:05 454] tts        485  get audio|use local  
[2023/03/19 19:42:05 454] tts        527  0  nil  1  
[2023/03/19 19:42:05 455] tts        657  TTS_MSG_GETAUDIO  0  
[2023/03/19 19:42:05 455] tts        485  get audio|use local  
[2023/03/19 19:42:05 455] tts        527  0  nil  1  
[2023/03/19 19:42:05 456] tts        657  TTS_MSG_GETAUDIO  0  
[2023/03/19 19:42:05 456] tts        485  get audio|use local  
[2023/03/19 19:42:05 456] tts        527  0  nil  1  
[2023/03/19 19:42:05 457] tts        657  TTS_MSG_GETAUDIO  0  
[2023/03/19 19:42:05 457] tts        485  get audio|use local  
[2023/03/19 19:42:05 458] tts        527  0  nil  1  
[2023/03/19 19:42:05 458] tts        657  TTS_MSG_GETAUDIO  0  
[2023/03/19 19:42:05 459] tts        485  get audio|use local  
[2023/03/19 19:42:05 459] tts        527  0  nil  1  
[2023/03/19 19:42:05 460] tts        657  TTS_MSG_GETAUDIO  0  
[2023/03/19 19:42:05 460] tts        485  get audio|use local  
[2023/03/19 19:42:05 460] tts        527  0  nil  1  
[2023/03/19 19:42:05 461] tts        657  TTS_MSG_GETAUDIO  0  
[2023/03/19 19:42:05 461] tts        485  get audio|use local  
[2023/03/19 19:42:05 461] tts        527  0  nil  1  
[2023/03/19 19:42:05 462] tts        657  TTS_MSG_GETAUDIO  0  
[2023/03/19 19:42:05 462] tts        485  get audio|use local  
[2023/03/19 19:42:05 462] tts        527  0  nil  1  
[2023/03/19 19:42:05 463] tts        657  TTS_MSG_GETAUDIO  0  
[2023/03/19 19:42:05 463] tts        485  get audio|use local  
[2023/03/19 19:42:05 463] tts        527  0  nil  1  
[2023/03/19 19:42:05 464] tts        657  TTS_MSG_GETAUDIO  0  
[2023/03/19 19:42:05 464] tts        485  get audio|use local  
[2023/03/19 19:42:05 464] tts        527  0  nil  1  
[2023/03/19 19:42:05 466] tts        657  TTS_MSG_GETAUDIO  0  
[2023/03/19 19:42:05 466] tts        485  get audio|use local  
[2023/03/19 19:42:05 466] tts        527  0  nil  1  
[2023/03/19 19:42:05 468] tts        657  TTS_MSG_GETAUDIO  0  
[2023/03/19 19:42:05 468] tts        485  get audio|use local  
[2023/03/19 19:42:05 468] tts        527  0  nil  1  
[2023/03/19 19:42:05 469] tts        657  TTS_MSG_GETAUDIO  0  
[2023/03/19 19:42:05 470] tts        485  get audio|use local  
[2023/03/19 19:42:05 470] tts        527  0  nil  1  
[2023/03/19 19:42:05 473] tts        657  TTS_MSG_GETAUDIO  0  
[2023/03/19 19:42:05 473] tts        485  get audio|use local  
[2023/03/19 19:42:05 473] tts        527  0  nil  1  
[2023/03/19 19:42:05 474] tts        657  TTS_MSG_GETAUDIO  0  
[2023/03/19 19:42:05 474] tts        485  get audio|use local  
[2023/03/19 19:42:05 475] tts        527  0  nil  1  
[2023/03/19 19:42:05 476] tts        657  TTS_MSG_GETAUDIO  0  
[2023/03/19 19:42:05 476] tts        485  get audio|use local  
[2023/03/19 19:42:05 476] tts        527  0  nil  1  
[2023/03/19 19:42:05 478] tts        299  TTS_LOCAL_CB_BEGIN  
[2023/03/19 19:42:05 479] tts        657  TTS_MSG_GETAUDIO  0  
[2023/03/19 19:42:05 479] tts        485  get audio|use local  
[2023/03/19 19:42:05 479] tts        527  0  nil  1  
[2023/03/19 19:42:05 480] tts        657  TTS_MSG_GETAUDIO  0  
[2023/03/19 19:42:05 480] tts        485  get audio|use local  
[2023/03/19 19:42:05 480] tts        527  0  nil  1  
[2023/03/19 19:42:05 481] tts        657  TTS_MSG_GETAUDIO  0  
[2023/03/19 19:42:05 481] tts        485  get audio|use local  
[2023/03/19 19:42:05 481] tts        527  0  nil  1  
[2023/03/19 19:42:05 483] tts        657  TTS_MSG_GETAUDIO  0  
[2023/03/19 19:42:05 483] tts        485  get audio|use local  
[2023/03/19 19:42:05 483] tts        527  0  nil  1  
[2023/03/19 19:42:05 492] tts        657  TTS_MSG_GETAUDIO  0  
[2023/03/19 19:42:05 492] tts        485  get audio|use local  
[2023/03/19 19:42:05 492] tts        527  0  nil  1  
[2023/03/19 19:42:05 495] tts        657  TTS_MSG_GETAUDIO  0  
[2023/03/19 19:42:05 495] tts        485  get audio|use local  
[2023/03/19 19:42:05 496] tts        527  0  nil  1  
[2023/03/19 19:42:05 497] tts        657  TTS_MSG_GETAUDIO  0  
[2023/03/19 19:42:05 497] tts        485  get audio|use local  
[2023/03/19 19:42:05 497] tts        527  0  nil  1  
[2023/03/19 19:42:05 499] tts        657  TTS_MSG_GETAUDIO  0  
[2023/03/19 19:42:05 499] tts        485  get audio|use local  
[2023/03/19 19:42:05 499] tts        527  0  nil  1  
[2023/03/19 19:42:05 501] tts        657  TTS_MSG_GETAUDIO  0  
[2023/03/19 19:42:05 501] tts        485  get audio|use local  
[2023/03/19 19:42:05 501] tts        527  0  nil  1  
[2023/03/19 19:42:05 502] tts        657  TTS_MSG_GETAUDIO  0  
[2023/03/19 19:42:05 502] tts        485  get audio|use local  
[2023/03/19 19:42:05 502] tts        527  0  nil  1  
[2023/03/19 19:42:05 503] tts        657  TTS_MSG_GETAUDIO  0  
[2023/03/19 19:42:05 503] tts        485  get audio|use local  
[2023/03/19 19:42:05 503] tts        527  0  nil  1  
[2023/03/19 19:42:05 504] tts        657  TTS_MSG_GETAUDIO  0  
[2023/03/19 19:42:05 504] tts        485  get audio|use local  
[2023/03/19 19:42:05 504] tts        527  0  nil  1  
[2023/03/19 19:42:05 505] tts        657  TTS_MSG_GETAUDIO  0  
[2023/03/19 19:42:05 505] tts        485  get audio|use local  
[2023/03/19 19:42:05 505] tts        527  0  nil  1  
[2023/03/19 19:42:05 506] tts        657  TTS_MSG_GETAUDIO  0  
[2023/03/19 19:42:05 506] tts        485  get audio|use local  
[2023/03/19 19:42:05 506] tts        527  0  nil  1  
[2023/03/19 19:42:05 507] tts        657  TTS_MSG_GETAUDIO  0  
[2023/03/19 19:42:05 507] tts        485  get audio|use local  
[2023/03/19 19:42:05 507] tts        527  0  nil  1  
[2023/03/19 19:42:05 507] tts        657  TTS_MSG_GETAUDIO  0  
[2023/03/19 19:42:05 508] tts        485  get audio|use local  
[2023/03/19 19:42:05 508] tts        527  0  nil  1  
[2023/03/19 19:42:05 508] tts        657  TTS_MSG_GETAUDIO  0  
[2023/03/19 19:42:05 508] tts        485  get audio|use local  
[2023/03/19 19:42:05 508] tts        527  0  nil  1  
[2023/03/19 19:42:05 509] tts        657  TTS_MSG_GETAUDIO  0  
[2023/03/19 19:42:05 509] tts        485  get audio|use local  
[2023/03/19 19:42:05 509] tts        527  0  nil  1  
[2023/03/19 19:42:05 510] tts        657  TTS_MSG_GETAUDIO  0  
[2023/03/19 19:42:05 510] tts        485  get audio|use local  
[2023/03/19 19:42:05 510] tts        527  0  nil  1  
[2023/03/19 19:42:05 511] tts        657  TTS_MSG_GETAUDIO  0  
[2023/03/19 19:42:05 511] tts        485  get audio|use local  
[2023/03/19 19:42:05 511] tts        527  0  nil  1  
[2023/03/19 19:42:05 512] tts        657  TTS_MSG_GETAUDIO  0  
[2023/03/19 19:42:05 512] tts        485  get audio|use local  
[2023/03/19 19:42:05 512] tts        527  0  nil  1  
[2023/03/19 19:42:05 513] tts        657  TTS_MSG_GETAUDIO  0  
[2023/03/19 19:42:05 513] tts        485  get audio|use local  
[2023/03/19 19:42:05 513] tts        527  0  nil  1  
[2023/03/19 19:42:05 513] tts        657  TTS_MSG_GETAUDIO  0  
[2023/03/19 19:42:05 513] tts        485  get audio|use local  
[2023/03/19 19:42:05 514] tts        527  0  nil  1  
[2023/03/19 19:42:05 514] tts        657  TTS_MSG_GETAUDIO  0  
[2023/03/19 19:42:05 514] tts        485  get audio|use local  
[2023/03/19 19:42:05 514] tts        527  0  nil  1  
[2023/03/19 19:42:05 515] tts        657  TTS_MSG_GETAUDIO  0  
[2023/03/19 19:42:05 515] tts        485  get audio|use local  
[2023/03/19 19:42:05 515] tts        527  0  nil  1  
[2023/03/19 19:42:05 516] tts        657  TTS_MSG_GETAUDIO  0  
[2023/03/19 19:42:05 516] tts        485  get audio|use local  
[2023/03/19 19:42:05 516] tts        527  0  nil  1  
[2023/03/19 19:42:05 517] tts        657  TTS_MSG_GETAUDIO  0  
[2023/03/19 19:42:05 517] tts        485  get audio|use local  
[2023/03/19 19:42:05 517] tts        527  0  nil  1  
[2023/03/19 19:42:05 517] tts        657  TTS_MSG_GETAUDIO  0  
[2023/03/19 19:42:05 517] tts        485  get audio|use local  
[2023/03/19 19:42:05 517] tts        527  0  nil  1  
[2023/03/19 19:42:05 518] tts        657  TTS_MSG_GETAUDIO  0  
[2023/03/19 19:42:05 518] tts        485  get audio|use local  
[2023/03/19 19:42:05 518] tts        527  0  nil  1  
[2023/03/19 19:42:05 519] tts        657  TTS_MSG_GETAUDIO  0  
[2023/03/19 19:42:05 519] tts        485  get audio|use local  
[2023/03/19 19:42:05 520] tts        527  0  nil  1  
[2023/03/19 19:42:05 520] tts        657  TTS_MSG_GETAUDIO  0  
[2023/03/19 19:42:05 520] tts        485  get audio|use local  
[2023/03/19 19:42:05 521] tts        527  0  nil  1  
[2023/03/19 19:42:05 525] tts        657  TTS_MSG_GETAUDIO  0  
[2023/03/19 19:42:05 525] tts        485  get audio|use local  
[2023/03/19 19:42:05 525] tts        527  0  nil  1  
[2023/03/19 19:42:05 527] tts        657  TTS_MSG_GETAUDIO  0  
[2023/03/19 19:42:05 528] tts        485  get audio|use local  
[2023/03/19 19:42:05 528] tts        498  local audiolen:  2042  ,ced:  25  
[2023/03/19 19:42:05 528] tts        527  0  udata(6c07ea68) 1  
[2023/03/19 19:42:05 529] tts        657  TTS_MSG_GETAUDIO  0  
[2023/03/19 19:42:05 529] tts        485  get audio|use local  
[2023/03/19 19:42:05 529] tts        498  local audiolen:  2016  ,ced:  25  
[2023/03/19 19:42:05 529] tts        527  0  udata(6c07eab8) 1  
[2023/03/19 19:42:05 530] tts        657  TTS_MSG_GETAUDIO  0  
[2023/03/19 19:42:05 530] tts        485  get audio|use local  
[2023/03/19 19:42:05 530] tts        527  0  nil  1  
[2023/03/19 19:42:05 530] tts        657  TTS_MSG_GETAUDIO  0  
[2023/03/19 19:42:05 530] tts        485  get audio|use local  
[2023/03/19 19:42:05 531] tts        527  0  nil  1  
[2023/03/19 19:42:05 531] tts        657  TTS_MSG_GETAUDIO  0  
[2023/03/19 19:42:05 531] tts        485  get audio|use local  
[2023/03/19 19:42:05 531] tts        527  0  nil  1  
[2023/03/19 19:42:05 532] tts        657  TTS_MSG_GETAUDIO  0  
[2023/03/19 19:42:05 532] tts        485  get audio|use local  
[2023/03/19 19:42:05 532] tts        527  0  nil  1  
[2023/03/19 19:42:05 533] tts        657  TTS_MSG_GETAUDIO  0  
[2023/03/19 19:42:05 533] tts        485  get audio|use local  
[2023/03/19 19:42:05 533] tts        527  0  nil  1  
[2023/03/19 19:42:05 536] tts        657  TTS_MSG_GETAUDIO  0  
[2023/03/19 19:42:05 536] tts        485  get audio|use local  
[2023/03/19 19:42:05 536] tts        527  0  nil  1  
[2023/03/19 19:42:05 537] tts        657  TTS_MSG_GETAUDIO  0  
[2023/03/19 19:42:05 537] tts        485  get audio|use local  
[2023/03/19 19:42:05 537] tts        527  0  nil  1  
[2023/03/19 19:42:05 538] tts        657  TTS_MSG_GETAUDIO  0  
[2023/03/19 19:42:05 538] tts        485  get audio|use local  
[2023/03/19 19:42:05 538] tts        527  0  nil  1  
[2023/03/19 19:42:05 538] tts        657  TTS_MSG_GETAUDIO  0  
[2023/03/19 19:42:05 538] tts        485  get audio|use local  
[2023/03/19 19:42:05 538] tts        527  0  nil  1  
[2023/03/19 19:42:05 540] tts        657  TTS_MSG_GETAUDIO  0  
[2023/03/19 19:42:05 540] tts        485  get audio|use local  
[2023/03/19 19:42:05 541] tts        527  0  nil  1  
[2023/03/19 19:42:05 543] tts        657  TTS_MSG_GETAUDIO  0  
[2023/03/19 19:42:05 544] tts        485  get audio|use local  
[2023/03/19 19:42:05 544] tts        498  local audiolen:  1954  ,ced:  25  
[2023/03/19 19:42:05 544] tts        527  0  udata(6c07ea18) 1  
[2023/03/19 19:42:05 544] tts        657  TTS_MSG_GETAUDIO  0  
[2023/03/19 19:42:05 545] tts        485  get audio|use local  
[2023/03/19 19:42:05 545] tts        498  local audiolen:  2018  ,ced:  25  
[2023/03/19 19:42:05 545] tts        527  0  udata(6c07d428) 1  
[2023/03/19 19:42:05 546] tts        657  TTS_MSG_GETAUDIO  0  
[2023/03/19 19:42:05 546] tts        485  get audio|use local  
[2023/03/19 19:42:05 546] tts        498  local audiolen:  1956  ,ced:  25  
[2023/03/19 19:42:05 546] tts        527  0  udata(6c07d478) 1  
[2023/03/19 19:42:05 547] tts        657  TTS_MSG_GETAUDIO  0  
[2023/03/19 19:42:05 548] tts        485  get audio|use local  
[2023/03/19 19:42:05 548] tts        498  local audiolen:  1898  ,ced:  25  
[2023/03/19 19:42:05 548] tts        527  0  udata(6c07d5c8) 1  
[2023/03/19 19:42:05 549] tts        657  TTS_MSG_GETAUDIO  0  
[2023/03/19 19:42:05 550] tts        485  get audio|use local  
[2023/03/19 19:42:05 550] tts        498  local audiolen:  1998  ,ced:  25  
[2023/03/19 19:42:05 550] tts        527  0  udata(6c07d718) 1  
[2023/03/19 19:42:05 550] tts        657  TTS_MSG_GETAUDIO  0  
[2023/03/19 19:42:05 551] tts        485  get audio|use local  
[2023/03/19 19:42:05 551] tts        498  local audiolen:  2016  ,ced:  25  
[2023/03/19 19:42:05 551] tts        527  0  udata(6c07d768) 1  
[2023/03/19 19:42:05 552] tts        657  TTS_MSG_GETAUDIO  0  
[2023/03/19 19:42:05 552] tts        485  get audio|use local  
[2023/03/19 19:42:05 552] tts        527  0  nil  1  
[2023/03/19 19:42:05 553] tts        657  TTS_MSG_GETAUDIO  0  
[2023/03/19 19:42:05 553] tts        485  get audio|use local  
[2023/03/19 19:42:05 553] tts        527  0  nil  1  
[2023/03/19 19:42:05 554] tts        657  TTS_MSG_GETAUDIO  0  
[2023/03/19 19:42:05 554] tts        485  get audio|use local  
[2023/03/19 19:42:05 554] tts        527  0  nil  1  
[2023/03/19 19:42:05 554] tts        657  TTS_MSG_GETAUDIO  0  
[2023/03/19 19:42:05 554] tts        485  get audio|use local  
[2023/03/19 19:42:05 555] tts        527  0  nil  1  
[2023/03/19 19:42:05 555] tts        657  TTS_MSG_GETAUDIO  0  
[2023/03/19 19:42:05 555] tts        485  get audio|use local  
[2023/03/19 19:42:05 555] tts        527  0  nil  1  
[2023/03/19 19:42:05 556] tts        657  TTS_MSG_GETAUDIO  0  
[2023/03/19 19:42:05 556] tts        485  get audio|use local  
[2023/03/19 19:42:05 556] tts        527  0  nil  1  
[2023/03/19 19:42:05 560] tts        657  TTS_MSG_GETAUDIO  0  
[2023/03/19 19:42:05 561] tts        485  get audio|use local  
[2023/03/19 19:42:05 561] tts        498  local audiolen:  2010  ,ced:  25  
[2023/03/19 19:42:05 561] tts        527  0  udata(6c0876a8) 1  
[2023/03/19 19:42:05 569] tts        657  TTS_MSG_GETAUDIO  0  
[2023/03/19 19:42:05 569] tts        485  get audio|use local  
[2023/03/19 19:42:05 569] tts        498  local audiolen:  2040  ,ced:  25  
[2023/03/19 19:42:05 569] tts        527  0  udata(6c0879f8) 1  
[2023/03/19 19:42:05 574] tts        657  TTS_MSG_GETAUDIO  0  
[2023/03/19 19:42:05 574] tts        485  get audio|use local  
[2023/03/19 19:42:05 574] tts        498  local audiolen:  2008  ,ced:  25  
[2023/03/19 19:42:05 574] tts        527  0  udata(6c087a48) 1  
[2023/03/19 19:42:05 576] tts        657  TTS_MSG_GETAUDIO  0  
[2023/03/19 19:42:05 576] tts        485  get audio|use local  
[2023/03/19 19:42:05 576] tts        498  local audiolen:  1992  ,ced:  25  
[2023/03/19 19:42:05 577] tts        527  0  udata(6c07e318) 1  
[2023/03/19 19:42:05 577] tts        657  TTS_MSG_GETAUDIO  0  
[2023/03/19 19:42:05 578] tts        485  get audio|use local  
[2023/03/19 19:42:05 578] tts        498  local audiolen:  1968  ,ced:  25  
[2023/03/19 19:42:05 578] tts        527  0  udata(6c07caf8) 1  
[2023/03/19 19:42:05 579] tts        657  TTS_MSG_GETAUDIO  0  
[2023/03/19 19:42:05 579] tts        485  get audio|use local  
[2023/03/19 19:42:05 579] tts        498  local audiolen:  1960  ,ced:  25  
[2023/03/19 19:42:05 580] tts        527  0  udata(6c07cc48) 1  
[2023/03/19 19:42:05 580] tts        657  TTS_MSG_GETAUDIO  0  
[2023/03/19 19:42:05 582] tts        485  get audio|use local  
[2023/03/19 19:42:05 582] tts        498  local audiolen:  2014  ,ced:  25  
[2023/03/19 19:42:05 582] tts        527  0  udata(6c07cc98) 1  
[2023/03/19 19:42:05 583] tts        657  TTS_MSG_GETAUDIO  0  
[2023/03/19 19:42:05 583] tts        485  get audio|use local  
[2023/03/19 19:42:05 583] tts        498  local audiolen:  1990  ,ced:  25  
[2023/03/19 19:42:05 583] tts        527  0  udata(6c07cce8) 1  
[2023/03/19 19:42:05 584] tts        657  TTS_MSG_GETAUDIO  0  
[2023/03/19 19:42:05 584] tts        485  get audio|use local  
[2023/03/19 19:42:05 584] tts        498  local audiolen:  2030  ,ced:  25  
[2023/03/19 19:42:05 584] tts        527  0  udata(6c07cd38) 1  
[2023/03/19 19:42:05 585] tts        657  TTS_MSG_GETAUDIO  0  
[2023/03/19 19:42:05 585] tts        485  get audio|use local  
[2023/03/19 19:42:05 585] tts        527  0  nil  1  
[2023/03/19 19:42:05 586] tts        657  TTS_MSG_GETAUDIO  0  
[2023/03/19 19:42:05 586] tts        485  get audio|use local  
[2023/03/19 19:42:05 586] tts        527  0  nil  1  
[2023/03/19 19:42:05 586] tts        657  TTS_MSG_GETAUDIO  0  
[2023/03/19 19:42:05 587] tts        485  get audio|use local  
[2023/03/19 19:42:05 587] tts        527  0  nil  1  
[2023/03/19 19:42:05 587] tts        657  TTS_MSG_GETAUDIO  0  
[2023/03/19 19:42:05 587] tts        485  get audio|use local  
[2023/03/19 19:42:05 588] tts        527  0  nil  1  
[2023/03/19 19:42:05 589] tts        657  TTS_MSG_GETAUDIO  0  
[2023/03/19 19:42:05 589] tts        485  get audio|use local  
[2023/03/19 19:42:05 589] tts        527  0  nil  1  
[2023/03/19 19:42:05 590] tts        657  TTS_MSG_GETAUDIO  0  
[2023/03/19 19:42:05 590] tts        485  get audio|use local  
[2023/03/19 19:42:05 590] tts        498  local audiolen:  1946  ,ced:  25  
[2023/03/19 19:42:05 591] tts        527  0  udata(6c07ce88) 1  
[2023/03/19 19:42:05 591] tts        657  TTS_MSG_GETAUDIO  0  
[2023/03/19 19:42:05 591] tts        485  get audio|use local  
[2023/03/19 19:42:05 591] tts        527  0  nil  1  
[2023/03/19 19:42:05 592] tts        657  TTS_MSG_GETAUDIO  0  
[2023/03/19 19:42:05 592] tts        485  get audio|use local  
[2023/03/19 19:42:05 592] tts        527  0  nil  1  
[2023/03/19 19:42:05 593] tts        657  TTS_MSG_GETAUDIO  0  
[2023/03/19 19:42:05 593] tts        485  get audio|use local  
[2023/03/19 19:42:05 593] tts        527  0  nil  1  
[2023/03/19 19:42:05 594] tts        657  TTS_MSG_GETAUDIO  0  
[2023/03/19 19:42:05 594] tts        485  get audio|use local  
[2023/03/19 19:42:05 594] tts        527  0  nil  1  
[2023/03/19 19:42:05 595] tts        657  TTS_MSG_GETAUDIO  0  
[2023/03/19 19:42:05 595] tts        485  get audio|use local  
[2023/03/19 19:42:05 595] tts        527  0  nil  1  
[2023/03/19 19:42:05 597] tts        657  TTS_MSG_GETAUDIO  0  
[2023/03/19 19:42:05 597] tts        485  get audio|use local  
[2023/03/19 19:42:05 597] tts        498  local audiolen:  1948  ,ced:  25  
[2023/03/19 19:42:05 597] tts        527  0  udata(6c07cfd8) 1  
[2023/03/19 19:42:05 599] tts        657  TTS_MSG_GETAUDIO  0  
[2023/03/19 19:42:05 600] tts        485  get audio|use local  
[2023/03/19 19:42:05 600] tts        498  local audiolen:  1938  ,ced:  25  
[2023/03/19 19:42:05 600] tts        527  0  udata(6c07e468) 1  
[2023/03/19 19:42:05 602] tts        657  TTS_MSG_GETAUDIO  0  
[2023/03/19 19:42:05 602] tts        485  get audio|use local  
[2023/03/19 19:42:05 607] tts        498  local audiolen:  2018  ,ced:  25  
[2023/03/19 19:42:05 609] tts        527  0  udata(6c07e5b8) 1  
[2023/03/19 19:42:05 616] tts        657  TTS_MSG_GETAUDIO  0  
[2023/03/19 19:42:05 616] tts        485  get audio|use local  
[2023/03/19 19:42:05 616] tts        498  local audiolen:  2044  ,ced:  25  
[2023/03/19 19:42:05 616] tts        527  0  udata(6c07e708) 1  
[2023/03/19 19:42:05 617] tts        657  TTS_MSG_GETAUDIO  0  
[2023/03/19 19:42:05 617] tts        485  get audio|use local  
[2023/03/19 19:42:05 617] tts        527  0  nil  1  
[2023/03/19 19:42:05 618] tts        657  TTS_MSG_GETAUDIO  0  
[2023/03/19 19:42:05 618] tts        485  get audio|use local  
[2023/03/19 19:42:05 619] tts        527  0  nil  1  
[2023/03/19 19:42:05 625] tts        657  TTS_MSG_GETAUDIO  0  
[2023/03/19 19:42:05 625] tts        485  get audio|use local  
[2023/03/19 19:42:05 625] tts        527  0  nil  1  
[2023/03/19 19:42:05 629] tts        657  TTS_MSG_GETAUDIO  0  
[2023/03/19 19:42:05 629] tts        485  get audio|use local  
[2023/03/19 19:42:05 629] tts        527  0  nil  1  
[2023/03/19 19:42:05 631] tts        657  TTS_MSG_GETAUDIO  0  
[2023/03/19 19:42:05 631] tts        485  get audio|use local  
[2023/03/19 19:42:05 631] tts        498  local audiolen:  1972  ,ced:  25  
[2023/03/19 19:42:05 631] tts        527  0  udata(6c07c278) 1  
[2023/03/19 19:42:05 633] tts        657  TTS_MSG_GETAUDIO  0  
[2023/03/19 19:42:05 634] tts        485  get audio|use local  
[2023/03/19 19:42:05 634] tts        498  local audiolen:  1988  ,ced:  25  
[2023/03/19 19:42:05 634] tts        527  0  udata(6c07c2c8) 1  
[2023/03/19 19:42:05 635] tts        657  TTS_MSG_GETAUDIO  0  
[2023/03/19 19:42:05 635] tts        485  get audio|use local  
[2023/03/19 19:42:05 635] tts        498  local audiolen:  2016  ,ced:  25  
[2023/03/19 19:42:05 635] tts        527  0  udata(6c07c318) 1  
[2023/03/19 19:42:05 638] tts        657  TTS_MSG_GETAUDIO  0  
[2023/03/19 19:42:05 638] tts        485  get audio|use local  
[2023/03/19 19:42:05 638] tts        527  0  nil  1  
[2023/03/19 19:42:05 639] tts        657  TTS_MSG_GETAUDIO  0  
[2023/03/19 19:42:05 639] tts        485  get audio|use local  
[2023/03/19 19:42:05 640] tts        527  0  nil  1  
[2023/03/19 19:42:05 641] tts        657  TTS_MSG_GETAUDIO  0  
[2023/03/19 19:42:05 641] tts        485  get audio|use local  
[2023/03/19 19:42:05 641] tts        527  0  nil  1  
[2023/03/19 19:42:05 642] tts        657  TTS_MSG_GETAUDIO  0  
[2023/03/19 19:42:05 643] tts        485  get audio|use local  
[2023/03/19 19:42:05 643] tts        527  0  nil  1  
[2023/03/19 19:42:05 644] tts        657  TTS_MSG_GETAUDIO  0  
[2023/03/19 19:42:05 644] tts        485  get audio|use local  
[2023/03/19 19:42:05 644] tts        527  0  nil  1  
[2023/03/19 19:42:05 644] tts        657  TTS_MSG_GETAUDIO  0  
[2023/03/19 19:42:05 645] tts        485  get audio|use local  
[2023/03/19 19:42:05 645] tts        527  0  nil  1  
[2023/03/19 19:42:05 646] tts        657  TTS_MSG_GETAUDIO  0  
[2023/03/19 19:42:05 646] tts        485  get audio|use local  
[2023/03/19 19:42:05 646] tts        527  0  nil  1  
[2023/03/19 19:42:05 649] tts        657  TTS_MSG_GETAUDIO  0  
[2023/03/19 19:42:05 649] tts        485  get audio|use local  
[2023/03/19 19:42:05 649] tts        527  0  nil  1  
[2023/03/19 19:42:05 650] tts        657  TTS_MSG_GETAUDIO  0  
[2023/03/19 19:42:05 650] tts        485  get audio|use local  
[2023/03/19 19:42:05 650] tts        527  0  nil  1  
[2023/03/19 19:42:05 651] tts        657  TTS_MSG_GETAUDIO  0  
[2023/03/19 19:42:05 651] tts        485  get audio|use local  
[2023/03/19 19:42:05 651] tts        527  0  nil  1  
[2023/03/19 19:42:05 652] tts        657  TTS_MSG_GETAUDIO  0  
[2023/03/19 19:42:05 652] tts        485  get audio|use local  
[2023/03/19 19:42:05 652] tts        527  0  nil  1  
[2023/03/19 19:42:05 653] tts        657  TTS_MSG_GETAUDIO  0  
[2023/03/19 19:42:05 653] tts        485  get audio|use local  
[2023/03/19 19:42:05 654] tts        527  0  nil  1  
[2023/03/19 19:42:05 655] tts        657  TTS_MSG_GETAUDIO  0  
[2023/03/19 19:42:05 655] tts        485  get audio|use local  
[2023/03/19 19:42:05 655] tts        527  0  nil  1  
[2023/03/19 19:42:05 658] tts        657  TTS_MSG_GETAUDIO  0  
[2023/03/19 19:42:05 658] tts        485  get audio|use local  
[2023/03/19 19:42:05 658] tts        498  local audiolen:  2038  ,ced:  25  
[2023/03/19 19:42:05 659] tts        527  0  udata(6c07df28) 1  
[2023/03/19 19:42:05 661] tts        657  TTS_MSG_GETAUDIO  0  
[2023/03/19 19:42:05 661] tts        485  get audio|use local  
[2023/03/19 19:42:05 661] tts        498  local audiolen:  2028  ,ced:  25  
[2023/03/19 19:42:05 661] tts        527  0  udata(6c07e178) 1  
[2023/03/19 19:42:05 666] tts        657  TTS_MSG_GETAUDIO  0  
[2023/03/19 19:42:05 666] tts        485  get audio|use local  
[2023/03/19 19:42:05 666] tts        498  local audiolen:  2030  ,ced:  25  
[2023/03/19 19:42:05 666] tts        527  0  udata(6c07c818) 1  
[2023/03/19 19:42:05 667] tts        301  0  0  
[2023/03/19 19:42:05 667] tts        312  TTS_LOCAL_CB_END,  2  
[2023/03/19 19:42:05 668] tts        657  TTS_MSG_GETAUDIO  0  
[2023/03/19 19:42:05 668] tts        485  get audio|use local  
[2023/03/19 19:42:05 668] tts        498  local audiolen:  1912  ,ced:  25  
[2023/03/19 19:42:05 668] tts        527  0  udata(6c087648) 1  
[2023/03/19 19:42:05 669] tts        657  TTS_MSG_GETAUDIO  0  
[2023/03/19 19:42:05 669] tts        485  get audio|use local  
[2023/03/19 19:42:05 669] tts        498  local audiolen:  1954  ,ced:  25  
[2023/03/19 19:42:05 669] tts        527  0  udata(6c07c8b8) 1  
[2023/03/19 19:42:05 669] tts        657  TTS_MSG_GETAUDIO  0  
[2023/03/19 19:42:05 670] tts        485  get audio|use local  
[2023/03/19 19:42:05 670] tts        498  local audiolen:  1954  ,ced:  25  
[2023/03/19 19:42:05 670] tts        527  0  udata(6c07c908) 1  
[2023/03/19 19:42:05 670] tts        657  TTS_MSG_GETAUDIO  0  
[2023/03/19 19:42:05 670] tts        485  get audio|use local  
[2023/03/19 19:42:05 671] tts        498  local audiolen:  1934  ,ced:  25  
[2023/03/19 19:42:05 671] tts        527  0  udata(6c07c958) 1  
[2023/03/19 19:42:05 672] tts        657  TTS_MSG_GETAUDIO  0  
[2023/03/19 19:42:05 672] tts        485  get audio|use local  
[2023/03/19 19:42:05 672] tts        498  local audiolen:  2022  ,ced:  25  
[2023/03/19 19:42:05 672] tts        527  0  udata(6c07c9a8) 1  
[2023/03/19 19:42:05 672] tts        657  TTS_MSG_GETAUDIO  0  
[2023/03/19 19:42:05 673] tts        485  get audio|use local  
[2023/03/19 19:42:05 673] tts        498  local audiolen:  768  ,ced:  25  
[2023/03/19 19:42:05 673] tts        527  0  udata(6c022468) 2  
[2023/03/19 19:42:05 674] tts        660  TTS_MSG_SSE  
[2023/03/19 19:42:05 675] tts        585  sse|use local  
[2023/03/19 19:42:05 676] tts        603  tts exit  
