============================================================
Time  2023/03/19 20:05:57 320 
============================================================
[2023/03/19 20:05:57 320] tts        676  SYS_MSG_REGCB param0 =  msp_status_cb  param1 =  func(98014a30) 
[2023/03/19 20:05:57 325] config     43   use general cloud  
[2023/03/19 20:05:57 337] tts_cloud  1417 SYS_MSG_REGCB_CLOUD param0 =   msp_status_cb  param1 =  func(98014a30) 
[2023/03/19 20:05:57 338] tts        647  TTS_MSG_SSB  
[2023/03/19 20:05:57 338] tts        375  params =  engine_type = local,voice_name=xiaoyan, text_encoding = UTF8, tts_res_path = fo|res/tts/xiaoyan.jet;fo|res/tts/common.jet, sample_rate = 16000, speed = 50, volume = 50, pitch = 50, rdn = 2  
[2023/03/19 20:05:57 338] tts        412  ssb|use local  
[2023/03/19 20:05:57 339] tts        349  local_session_begin  
[2023/03/19 20:05:57 343] tts        654  TTS_MSG_SYN  0  
[2023/03/19 20:05:57 343] tts        451  synth|use local  
[2023/03/19 20:05:57 349] tts        657  TTS_MSG_GETAUDIO  0  
[2023/03/19 20:05:57 349] tts        485  get audio|use local  
[2023/03/19 20:05:57 349] tts        527  0  nil  1  
[2023/03/19 20:05:57 351] tts        657  TTS_MSG_GETAUDIO  0  
[2023/03/19 20:05:57 351] tts        485  get audio|use local  
[2023/03/19 20:05:57 352] tts        527  0  nil  1  
[2023/03/19 20:05:57 352] tts        657  TTS_MSG_GETAUDIO  0  
[2023/03/19 20:05:57 352] tts        485  get audio|use local  
[2023/03/19 20:05:57 352] tts        527  0  nil  1  
[2023/03/19 20:05:57 353] tts        657  TTS_MSG_GETAUDIO  0  
[2023/03/19 20:05:57 353] tts        485  get audio|use local  
[2023/03/19 20:05:57 353] tts        527  0  nil  1  
[2023/03/19 20:05:57 354] tts        657  TTS_MSG_GETAUDIO  0  
[2023/03/19 20:05:57 354] tts        485  get audio|use local  
[2023/03/19 20:05:57 354] tts        527  0  nil  1  
[2023/03/19 20:05:57 355] tts        657  TTS_MSG_GETAUDIO  0  
[2023/03/19 20:05:57 355] tts        485  get audio|use local  
[2023/03/19 20:05:57 355] tts        527  0  nil  1  
[2023/03/19 20:05:57 357] tts        657  TTS_MSG_GETAUDIO  0  
[2023/03/19 20:05:57 357] tts        485  get audio|use local  
[2023/03/19 20:05:57 357] tts        527  0  nil  1  
[2023/03/19 20:05:57 358] tts        657  TTS_MSG_GETAUDIO  0  
[2023/03/19 20:05:57 358] tts        485  get audio|use local  
[2023/03/19 20:05:57 358] tts        527  0  nil  1  
[2023/03/19 20:05:57 359] tts        657  TTS_MSG_GETAUDIO  0  
[2023/03/19 20:05:57 359] tts        485  get audio|use local  
[2023/03/19 20:05:57 359] tts        527  0  nil  1  
[2023/03/19 20:05:57 363] tts        657  TTS_MSG_GETAUDIO  0  
[2023/03/19 20:05:57 363] tts        485  get audio|use local  
[2023/03/19 20:05:57 363] tts        527  0  nil  1  
[2023/03/19 20:05:57 365] tts        657  TTS_MSG_GETAUDIO  0  
[2023/03/19 20:05:57 365] tts        485  get audio|use local  
[2023/03/19 20:05:57 365] tts        527  0  nil  1  
[2023/03/19 20:05:57 367] tts        657  TTS_MSG_GETAUDIO  0  
[2023/03/19 20:05:57 367] tts        485  get audio|use local  
[2023/03/19 20:05:57 367] tts        527  0  nil  1  
[2023/03/19 20:05:57 371] tts        657  TTS_MSG_GETAUDIO  0  
[2023/03/19 20:05:57 371] tts        485  get audio|use local  
[2023/03/19 20:05:57 372] tts        527  0  nil  1  
[2023/03/19 20:05:57 373] tts        657  TTS_MSG_GETAUDIO  0  
[2023/03/19 20:05:57 373] tts        485  get audio|use local  
[2023/03/19 20:05:57 373] tts        527  0  nil  1  
[2023/03/19 20:05:57 375] tts        657  TTS_MSG_GETAUDIO  0  
[2023/03/19 20:05:57 375] tts        485  get audio|use local  
[2023/03/19 20:05:57 375] tts        527  0  nil  1  
[2023/03/19 20:05:57 376] tts        657  TTS_MSG_GETAUDIO  0  
[2023/03/19 20:05:57 376] tts        485  get audio|use local  
[2023/03/19 20:05:57 376] tts        527  0  nil  1  
[2023/03/19 20:05:57 377] tts        657  TTS_MSG_GETAUDIO  0  
[2023/03/19 20:05:57 377] tts        485  get audio|use local  
[2023/03/19 20:05:57 378] tts        527  0  nil  1  
[2023/03/19 20:05:57 379] tts        657  TTS_MSG_GETAUDIO  0  
[2023/03/19 20:05:57 387] tts        485  get audio|use local  
[2023/03/19 20:05:57 387] tts        527  0  nil  1  
[2023/03/19 20:05:57 388] tts        657  TTS_MSG_GETAUDIO  0  
[2023/03/19 20:05:57 388] tts        485  get audio|use local  
[2023/03/19 20:05:57 388] tts        527  0  nil  1  
[2023/03/19 20:05:57 389] tts        657  TTS_MSG_GETAUDIO  0  
[2023/03/19 20:05:57 389] tts        485  get audio|use local  
[2023/03/19 20:05:57 389] tts        527  0  nil  1  
[2023/03/19 20:05:57 390] tts        657  TTS_MSG_GETAUDIO  0  
[2023/03/19 20:05:57 390] tts        485  get audio|use local  
[2023/03/19 20:05:57 390] tts        527  0  nil  1  
[2023/03/19 20:05:57 390] tts        657  TTS_MSG_GETAUDIO  0  
[2023/03/19 20:05:57 391] tts        485  get audio|use local  
[2023/03/19 20:05:57 391] tts        527  0  nil  1  
[2023/03/19 20:05:57 391] tts        657  TTS_MSG_GETAUDIO  0  
[2023/03/19 20:05:57 392] tts        485  get audio|use local  
[2023/03/19 20:05:57 393] tts        527  0  nil  1  
[2023/03/19 20:05:57 393] tts        657  TTS_MSG_GETAUDIO  0  
[2023/03/19 20:05:57 393] tts        485  get audio|use local  
[2023/03/19 20:05:57 394] tts        527  0  nil  1  
[2023/03/19 20:05:57 394] tts        657  TTS_MSG_GETAUDIO  0  
[2023/03/19 20:05:57 394] tts        485  get audio|use local  
[2023/03/19 20:05:57 395] tts        527  0  nil  1  
[2023/03/19 20:05:57 395] tts        657  TTS_MSG_GETAUDIO  0  
[2023/03/19 20:05:57 395] tts        485  get audio|use local  
[2023/03/19 20:05:57 396] tts        527  0  nil  1  
[2023/03/19 20:05:57 396] tts        657  TTS_MSG_GETAUDIO  0  
[2023/03/19 20:05:57 396] tts        485  get audio|use local  
[2023/03/19 20:05:57 397] tts        527  0  nil  1  
[2023/03/19 20:05:57 398] tts        657  TTS_MSG_GETAUDIO  0  
[2023/03/19 20:05:57 398] tts        485  get audio|use local  
[2023/03/19 20:05:57 398] tts        527  0  nil  1  
[2023/03/19 20:05:57 399] tts        657  TTS_MSG_GETAUDIO  0  
[2023/03/19 20:05:57 399] tts        485  get audio|use local  
[2023/03/19 20:05:57 399] tts        527  0  nil  1  
[2023/03/19 20:05:57 405] tts        657  TTS_MSG_GETAUDIO  0  
[2023/03/19 20:05:57 405] tts        485  get audio|use local  
[2023/03/19 20:05:57 406] tts        527  0  nil  1  
[2023/03/19 20:05:57 406] tts        657  TTS_MSG_GETAUDIO  0  
[2023/03/19 20:05:57 406] tts        485  get audio|use local  
[2023/03/19 20:05:57 406] tts        527  0  nil  1  
[2023/03/19 20:05:57 407] tts        657  TTS_MSG_GETAUDIO  0  
[2023/03/19 20:05:57 407] tts        485  get audio|use local  
[2023/03/19 20:05:57 407] tts        527  0  nil  1  
[2023/03/19 20:05:57 408] tts        657  TTS_MSG_GETAUDIO  0  
[2023/03/19 20:05:57 408] tts        485  get audio|use local  
[2023/03/19 20:05:57 408] tts        527  0  nil  1  
[2023/03/19 20:05:57 409] tts        657  TTS_MSG_GETAUDIO  0  
[2023/03/19 20:05:57 409] tts        485  get audio|use local  
[2023/03/19 20:05:57 409] tts        527  0  nil  1  
[2023/03/19 20:05:57 410] tts        657  TTS_MSG_GETAUDIO  0  
[2023/03/19 20:05:57 410] tts        485  get audio|use local  
[2023/03/19 20:05:57 410] tts        527  0  nil  1  
[2023/03/19 20:05:57 411] tts        657  TTS_MSG_GETAUDIO  0  
[2023/03/19 20:05:57 411] tts        485  get audio|use local  
[2023/03/19 20:05:57 411] tts        527  0  nil  1  
[2023/03/19 20:05:57 412] tts        657  TTS_MSG_GETAUDIO  0  
[2023/03/19 20:05:57 412] tts        485  get audio|use local  
[2023/03/19 20:05:57 412] tts        527  0  nil  1  
[2023/03/19 20:05:57 413] tts        657  TTS_MSG_GETAUDIO  0  
[2023/03/19 20:05:57 413] tts        485  get audio|use local  
[2023/03/19 20:05:57 413] tts        527  0  nil  1  
[2023/03/19 20:05:57 414] tts        657  TTS_MSG_GETAUDIO  0  
[2023/03/19 20:05:57 414] tts        485  get audio|use local  
[2023/03/19 20:05:57 414] tts        527  0  nil  1  
[2023/03/19 20:05:57 415] tts        657  TTS_MSG_GETAUDIO  0  
[2023/03/19 20:05:57 415] tts        485  get audio|use local  
[2023/03/19 20:05:57 415] tts        527  0  nil  1  
[2023/03/19 20:05:57 416] tts        657  TTS_MSG_GETAUDIO  0  
[2023/03/19 20:05:57 416] tts        485  get audio|use local  
[2023/03/19 20:05:57 416] tts        527  0  nil  1  
[2023/03/19 20:05:57 417] tts        657  TTS_MSG_GETAUDIO  0  
[2023/03/19 20:05:57 417] tts        485  get audio|use local  
[2023/03/19 20:05:57 417] tts        527  0  nil  1  
[2023/03/19 20:05:57 418] tts        657  TTS_MSG_GETAUDIO  0  
[2023/03/19 20:05:57 418] tts        485  get audio|use local  
[2023/03/19 20:05:57 418] tts        527  0  nil  1  
[2023/03/19 20:05:57 419] tts        657  TTS_MSG_GETAUDIO  0  
[2023/03/19 20:05:57 419] tts        485  get audio|use local  
[2023/03/19 20:05:57 420] tts        527  0  nil  1  
[2023/03/19 20:05:57 420] tts        657  TTS_MSG_GETAUDIO  0  
[2023/03/19 20:05:57 420] tts        485  get audio|use local  
[2023/03/19 20:05:57 421] tts        527  0  nil  1  
[2023/03/19 20:05:57 422] tts        657  TTS_MSG_GETAUDIO  0  
[2023/03/19 20:05:57 422] tts        485  get audio|use local  
[2023/03/19 20:05:57 422] tts        527  0  nil  1  
[2023/03/19 20:05:57 423] tts        657  TTS_MSG_GETAUDIO  0  
[2023/03/19 20:05:57 423] tts        485  get audio|use local  
[2023/03/19 20:05:57 424] tts        527  0  nil  1  
[2023/03/19 20:05:57 424] tts        657  TTS_MSG_GETAUDIO  0  
[2023/03/19 20:05:57 425] tts        485  get audio|use local  
[2023/03/19 20:05:57 425] tts        527  0  nil  1  
[2023/03/19 20:05:57 426] tts        657  TTS_MSG_GETAUDIO  0  
[2023/03/19 20:05:57 426] tts        485  get audio|use local  
[2023/03/19 20:05:57 426] tts        527  0  nil  1  
[2023/03/19 20:05:57 427] tts        657  TTS_MSG_GETAUDIO  0  
[2023/03/19 20:05:57 427] tts        485  get audio|use local  
[2023/03/19 20:05:57 427] tts        527  0  nil  1  
[2023/03/19 20:05:57 428] tts        657  TTS_MSG_GETAUDIO  0  
[2023/03/19 20:05:57 428] tts        485  get audio|use local  
[2023/03/19 20:05:57 428] tts        527  0  nil  1  
[2023/03/19 20:05:57 435] tts        657  TTS_MSG_GETAUDIO  0  
[2023/03/19 20:05:57 436] tts        485  get audio|use local  
[2023/03/19 20:05:57 436] tts        527  0  nil  1  
[2023/03/19 20:05:57 437] tts        657  TTS_MSG_GETAUDIO  0  
[2023/03/19 20:05:57 437] tts        485  get audio|use local  
[2023/03/19 20:05:57 437] tts        527  0  nil  1  
[2023/03/19 20:05:57 438] tts        657  TTS_MSG_GETAUDIO  0  
[2023/03/19 20:05:57 438] tts        485  get audio|use local  
[2023/03/19 20:05:57 438] tts        527  0  nil  1  
[2023/03/19 20:05:57 439] tts        657  TTS_MSG_GETAUDIO  0  
[2023/03/19 20:05:57 439] tts        485  get audio|use local  
[2023/03/19 20:05:57 439] tts        527  0  nil  1  
[2023/03/19 20:05:57 440] tts        657  TTS_MSG_GETAUDIO  0  
[2023/03/19 20:05:57 440] tts        485  get audio|use local  
[2023/03/19 20:05:57 440] tts        527  0  nil  1  
[2023/03/19 20:05:57 441] tts        657  TTS_MSG_GETAUDIO  0  
[2023/03/19 20:05:57 441] tts        485  get audio|use local  
[2023/03/19 20:05:57 441] tts        527  0  nil  1  
[2023/03/19 20:05:57 442] tts        657  TTS_MSG_GETAUDIO  0  
[2023/03/19 20:05:57 443] tts        485  get audio|use local  
[2023/03/19 20:05:57 443] tts        527  0  nil  1  
[2023/03/19 20:05:57 443] tts        657  TTS_MSG_GETAUDIO  0  
[2023/03/19 20:05:57 444] tts        485  get audio|use local  
[2023/03/19 20:05:57 444] tts        527  0  nil  1  
[2023/03/19 20:05:57 445] tts        657  TTS_MSG_GETAUDIO  0  
[2023/03/19 20:05:57 445] tts        485  get audio|use local  
[2023/03/19 20:05:57 445] tts        527  0  nil  1  
[2023/03/19 20:05:57 446] tts        657  TTS_MSG_GETAUDIO  0  
[2023/03/19 20:05:57 446] tts        485  get audio|use local  
[2023/03/19 20:05:57 446] tts        527  0  nil  1  
[2023/03/19 20:05:57 448] tts        657  TTS_MSG_GETAUDIO  0  
[2023/03/19 20:05:57 449] tts        485  get audio|use local  
[2023/03/19 20:05:57 449] tts        527  0  nil  1  
[2023/03/19 20:05:57 450] tts        657  TTS_MSG_GETAUDIO  0  
[2023/03/19 20:05:57 450] tts        485  get audio|use local  
[2023/03/19 20:05:57 450] tts        527  0  nil  1  
[2023/03/19 20:05:57 451] tts        657  TTS_MSG_GETAUDIO  0  
[2023/03/19 20:05:57 452] tts        485  get audio|use local  
[2023/03/19 20:05:57 452] tts        527  0  nil  1  
[2023/03/19 20:05:57 452] tts        657  TTS_MSG_GETAUDIO  0  
[2023/03/19 20:05:57 452] tts        485  get audio|use local  
[2023/03/19 20:05:57 452] tts        527  0  nil  1  
[2023/03/19 20:05:57 455] tts        657  TTS_MSG_GETAUDIO  0  
[2023/03/19 20:05:57 455] tts        485  get audio|use local  
[2023/03/19 20:05:57 455] tts        527  0  nil  1  
[2023/03/19 20:05:57 458] tts        657  TTS_MSG_GETAUDIO  0  
[2023/03/19 20:05:57 458] tts        485  get audio|use local  
[2023/03/19 20:05:57 458] tts        527  0  nil  1  
[2023/03/19 20:05:57 459] tts        657  TTS_MSG_GETAUDIO  0  
[2023/03/19 20:05:57 459] tts        485  get audio|use local  
[2023/03/19 20:05:57 459] tts        527  0  nil  1  
[2023/03/19 20:05:57 459] tts        657  TTS_MSG_GETAUDIO  0  
[2023/03/19 20:05:57 460] tts        485  get audio|use local  
[2023/03/19 20:05:57 460] tts        527  0  nil  1  
[2023/03/19 20:05:57 460] tts        657  TTS_MSG_GETAUDIO  0  
[2023/03/19 20:05:57 460] tts        485  get audio|use local  
[2023/03/19 20:05:57 461] tts        527  0  nil  1  
[2023/03/19 20:05:57 461] tts        657  TTS_MSG_GETAUDIO  0  
[2023/03/19 20:05:57 461] tts        485  get audio|use local  
[2023/03/19 20:05:57 461] tts        527  0  nil  1  
[2023/03/19 20:05:57 462] tts        657  TTS_MSG_GETAUDIO  0  
[2023/03/19 20:05:57 462] tts        485  get audio|use local  
[2023/03/19 20:05:57 462] tts        527  0  nil  1  
[2023/03/19 20:05:57 463] tts        657  TTS_MSG_GETAUDIO  0  
[2023/03/19 20:05:57 464] tts        485  get audio|use local  
[2023/03/19 20:05:57 465] tts        527  0  nil  1  
[2023/03/19 20:05:57 472] tts        657  TTS_MSG_GETAUDIO  0  
[2023/03/19 20:05:57 472] tts        485  get audio|use local  
[2023/03/19 20:05:57 472] tts        527  0  nil  1  
[2023/03/19 20:05:57 475] tts        657  TTS_MSG_GETAUDIO  0  
[2023/03/19 20:05:57 475] tts        485  get audio|use local  
[2023/03/19 20:05:57 475] tts        527  0  nil  1  
[2023/03/19 20:05:57 477] tts        657  TTS_MSG_GETAUDIO  0  
[2023/03/19 20:05:57 477] tts        485  get audio|use local  
[2023/03/19 20:05:57 477] tts        527  0  nil  1  
[2023/03/19 20:05:57 480] tts        657  TTS_MSG_GETAUDIO  0  
[2023/03/19 20:05:57 480] tts        485  get audio|use local  
[2023/03/19 20:05:57 480] tts        527  0  nil  1  
[2023/03/19 20:05:57 482] tts        657  TTS_MSG_GETAUDIO  0  
[2023/03/19 20:05:57 483] tts        485  get audio|use local  
[2023/03/19 20:05:57 483] tts        527  0  nil  1  
[2023/03/19 20:05:57 483] tts        657  TTS_MSG_GETAUDIO  0  
[2023/03/19 20:05:57 484] tts        485  get audio|use local  
[2023/03/19 20:05:57 484] tts        527  0  nil  1  
[2023/03/19 20:05:57 485] tts        657  TTS_MSG_GETAUDIO  0  
[2023/03/19 20:05:57 485] tts        485  get audio|use local  
[2023/03/19 20:05:57 485] tts        527  0  nil  1  
[2023/03/19 20:05:57 486] tts        657  TTS_MSG_GETAUDIO  0  
[2023/03/19 20:05:57 486] tts        485  get audio|use local  
[2023/03/19 20:05:57 486] tts        527  0  nil  1  
[2023/03/19 20:05:57 487] tts        657  TTS_MSG_GETAUDIO  0  
[2023/03/19 20:05:57 487] tts        485  get audio|use local  
[2023/03/19 20:05:57 487] tts        527  0  nil  1  
[2023/03/19 20:05:57 488] tts        657  TTS_MSG_GETAUDIO  0  
[2023/03/19 20:05:57 488] tts        485  get audio|use local  
[2023/03/19 20:05:57 488] tts        527  0  nil  1  
[2023/03/19 20:05:57 489] tts        657  TTS_MSG_GETAUDIO  0  
[2023/03/19 20:05:57 489] tts        485  get audio|use local  
[2023/03/19 20:05:57 489] tts        527  0  nil  1  
[2023/03/19 20:05:57 490] tts        657  TTS_MSG_GETAUDIO  0  
[2023/03/19 20:05:57 490] tts        485  get audio|use local  
[2023/03/19 20:05:57 490] tts        527  0  nil  1  
[2023/03/19 20:05:57 490] tts        657  TTS_MSG_GETAUDIO  0  
[2023/03/19 20:05:57 491] tts        485  get audio|use local  
[2023/03/19 20:05:57 491] tts        527  0  nil  1  
[2023/03/19 20:05:57 491] tts        657  TTS_MSG_GETAUDIO  0  
[2023/03/19 20:05:57 491] tts        485  get audio|use local  
[2023/03/19 20:05:57 492] tts        527  0  nil  1  
[2023/03/19 20:05:57 493] tts        657  TTS_MSG_GETAUDIO  0  
[2023/03/19 20:05:57 493] tts        485  get audio|use local  
[2023/03/19 20:05:57 493] tts        527  0  nil  1  
[2023/03/19 20:05:57 493] tts        657  TTS_MSG_GETAUDIO  0  
[2023/03/19 20:05:57 494] tts        485  get audio|use local  
[2023/03/19 20:05:57 494] tts        527  0  nil  1  
[2023/03/19 20:05:57 495] tts        657  TTS_MSG_GETAUDIO  0  
[2023/03/19 20:05:57 495] tts        485  get audio|use local  
[2023/03/19 20:05:57 496] tts        527  0  nil  1  
[2023/03/19 20:05:57 497] tts        657  TTS_MSG_GETAUDIO  0  
[2023/03/19 20:05:57 497] tts        485  get audio|use local  
[2023/03/19 20:05:57 498] tts        527  0  nil  1  
[2023/03/19 20:05:57 499] tts        657  TTS_MSG_GETAUDIO  0  
[2023/03/19 20:05:57 499] tts        485  get audio|use local  
[2023/03/19 20:05:57 499] tts        527  0  nil  1  
[2023/03/19 20:05:57 501] tts        657  TTS_MSG_GETAUDIO  0  
[2023/03/19 20:05:57 501] tts        485  get audio|use local  
[2023/03/19 20:05:57 501] tts        527  0  nil  1  
[2023/03/19 20:05:57 503] tts        657  TTS_MSG_GETAUDIO  0  
[2023/03/19 20:05:57 503] tts        485  get audio|use local  
[2023/03/19 20:05:57 503] tts        527  0  nil  1  
[2023/03/19 20:05:57 504] tts        657  TTS_MSG_GETAUDIO  0  
[2023/03/19 20:05:57 504] tts        485  get audio|use local  
[2023/03/19 20:05:57 504] tts        527  0  nil  1  
[2023/03/19 20:05:57 506] tts        299  TTS_LOCAL_CB_BEGIN  
[2023/03/19 20:05:57 506] tts        657  TTS_MSG_GETAUDIO  0  
[2023/03/19 20:05:57 506] tts        485  get audio|use local  
[2023/03/19 20:05:57 507] tts        527  0  nil  1  
[2023/03/19 20:05:57 507] tts        657  TTS_MSG_GETAUDIO  0  
[2023/03/19 20:05:57 508] tts        485  get audio|use local  
[2023/03/19 20:05:57 508] tts        527  0  nil  1  
[2023/03/19 20:05:57 508] tts        657  TTS_MSG_GETAUDIO  0  
[2023/03/19 20:05:57 509] tts        485  get audio|use local  
[2023/03/19 20:05:57 509] tts        527  0  nil  1  
[2023/03/19 20:05:57 509] tts        657  TTS_MSG_GETAUDIO  0  
[2023/03/19 20:05:57 509] tts        485  get audio|use local  
[2023/03/19 20:05:57 510] tts        527  0  nil  1  
[2023/03/19 20:05:57 510] tts        657  TTS_MSG_GETAUDIO  0  
[2023/03/19 20:05:57 510] tts        485  get audio|use local  
[2023/03/19 20:05:57 510] tts        527  0  nil  1  
[2023/03/19 20:05:57 511] tts        657  TTS_MSG_GETAUDIO  0  
[2023/03/19 20:05:57 511] tts        485  get audio|use local  
[2023/03/19 20:05:57 511] tts        527  0  nil  1  
[2023/03/19 20:05:57 512] tts        657  TTS_MSG_GETAUDIO  0  
[2023/03/19 20:05:57 512] tts        485  get audio|use local  
[2023/03/19 20:05:57 512] tts        527  0  nil  1  
[2023/03/19 20:05:57 513] tts        657  TTS_MSG_GETAUDIO  0  
[2023/03/19 20:05:57 513] tts        485  get audio|use local  
[2023/03/19 20:05:57 513] tts        527  0  nil  1  
[2023/03/19 20:05:57 514] tts        657  TTS_MSG_GETAUDIO  0  
[2023/03/19 20:05:57 514] tts        485  get audio|use local  
[2023/03/19 20:05:57 514] tts        527  0  nil  1  
[2023/03/19 20:05:57 515] tts        657  TTS_MSG_GETAUDIO  0  
[2023/03/19 20:05:57 515] tts        485  get audio|use local  
[2023/03/19 20:05:57 515] tts        527  0  nil  1  
[2023/03/19 20:05:57 516] tts        657  TTS_MSG_GETAUDIO  0  
[2023/03/19 20:05:57 516] tts        485  get audio|use local  
[2023/03/19 20:05:57 516] tts        527  0  nil  1  
[2023/03/19 20:05:57 517] tts        657  TTS_MSG_GETAUDIO  0  
[2023/03/19 20:05:57 517] tts        485  get audio|use local  
[2023/03/19 20:05:57 517] tts        527  0  nil  1  
[2023/03/19 20:05:57 518] tts        657  TTS_MSG_GETAUDIO  0  
[2023/03/19 20:05:57 518] tts        485  get audio|use local  
[2023/03/19 20:05:57 518] tts        527  0  nil  1  
[2023/03/19 20:05:57 519] tts        657  TTS_MSG_GETAUDIO  0  
[2023/03/19 20:05:57 519] tts        485  get audio|use local  
[2023/03/19 20:05:57 519] tts        527  0  nil  1  
[2023/03/19 20:05:57 520] tts        657  TTS_MSG_GETAUDIO  0  
[2023/03/19 20:05:57 520] tts        485  get audio|use local  
[2023/03/19 20:05:57 520] tts        527  0  nil  1  
[2023/03/19 20:05:57 521] tts        657  TTS_MSG_GETAUDIO  0  
[2023/03/19 20:05:57 521] tts        485  get audio|use local  
[2023/03/19 20:05:57 521] tts        527  0  nil  1  
[2023/03/19 20:05:57 522] tts        657  TTS_MSG_GETAUDIO  0  
[2023/03/19 20:05:57 522] tts        485  get audio|use local  
[2023/03/19 20:05:57 522] tts        527  0  nil  1  
[2023/03/19 20:05:57 523] tts        657  TTS_MSG_GETAUDIO  0  
[2023/03/19 20:05:57 523] tts        485  get audio|use local  
[2023/03/19 20:05:57 523] tts        527  0  nil  1  
[2023/03/19 20:05:57 524] tts        657  TTS_MSG_GETAUDIO  0  
[2023/03/19 20:05:57 524] tts        485  get audio|use local  
[2023/03/19 20:05:57 525] tts        527  0  nil  1  
[2023/03/19 20:05:57 526] tts        657  TTS_MSG_GETAUDIO  0  
[2023/03/19 20:05:57 526] tts        485  get audio|use local  
[2023/03/19 20:05:57 526] tts        527  0  nil  1  
[2023/03/19 20:05:57 527] tts        657  TTS_MSG_GETAUDIO  0  
[2023/03/19 20:05:57 528] tts        485  get audio|use local  
[2023/03/19 20:05:57 528] tts        527  0  nil  1  
[2023/03/19 20:05:57 529] tts        657  TTS_MSG_GETAUDIO  0  
[2023/03/19 20:05:57 529] tts        485  get audio|use local  
[2023/03/19 20:05:57 529] tts        527  0  nil  1  
[2023/03/19 20:05:57 530] tts        657  TTS_MSG_GETAUDIO  0  
[2023/03/19 20:05:57 530] tts        485  get audio|use local  
[2023/03/19 20:05:57 531] tts        527  0  nil  1  
[2023/03/19 20:05:57 532] tts        657  TTS_MSG_GETAUDIO  0  
[2023/03/19 20:05:57 532] tts        485  get audio|use local  
[2023/03/19 20:05:57 532] tts        527  0  nil  1  
[2023/03/19 20:05:57 533] tts        657  TTS_MSG_GETAUDIO  0  
[2023/03/19 20:05:57 533] tts        485  get audio|use local  
[2023/03/19 20:05:57 533] tts        527  0  nil  1  
[2023/03/19 20:05:57 533] tts        657  TTS_MSG_GETAUDIO  0  
[2023/03/19 20:05:57 534] tts        485  get audio|use local  
[2023/03/19 20:05:57 534] tts        527  0  nil  1  
[2023/03/19 20:05:57 534] tts        657  TTS_MSG_GETAUDIO  0  
[2023/03/19 20:05:57 534] tts        485  get audio|use local  
[2023/03/19 20:05:57 535] tts        527  0  nil  1  
[2023/03/19 20:05:57 535] tts        657  TTS_MSG_GETAUDIO  0  
[2023/03/19 20:05:57 535] tts        485  get audio|use local  
[2023/03/19 20:05:57 536] tts        527  0  nil  1  
[2023/03/19 20:05:57 536] tts        657  TTS_MSG_GETAUDIO  0  
[2023/03/19 20:05:57 536] tts        485  get audio|use local  
[2023/03/19 20:05:57 536] tts        527  0  nil  1  
[2023/03/19 20:05:57 537] tts        657  TTS_MSG_GETAUDIO  0  
[2023/03/19 20:05:57 537] tts        485  get audio|use local  
[2023/03/19 20:05:57 537] tts        527  0  nil  1  
[2023/03/19 20:05:57 538] tts        657  TTS_MSG_GETAUDIO  0  
[2023/03/19 20:05:57 538] tts        485  get audio|use local  
[2023/03/19 20:05:57 538] tts        527  0  nil  1  
[2023/03/19 20:05:57 539] tts        657  TTS_MSG_GETAUDIO  0  
[2023/03/19 20:05:57 539] tts        485  get audio|use local  
[2023/03/19 20:05:57 539] tts        527  0  nil  1  
[2023/03/19 20:05:57 540] tts        657  TTS_MSG_GETAUDIO  0  
[2023/03/19 20:05:57 540] tts        485  get audio|use local  
[2023/03/19 20:05:57 540] tts        527  0  nil  1  
[2023/03/19 20:05:57 541] tts        657  TTS_MSG_GETAUDIO  0  
[2023/03/19 20:05:57 541] tts        485  get audio|use local  
[2023/03/19 20:05:57 541] tts        527  0  nil  1  
[2023/03/19 20:05:57 542] tts        657  TTS_MSG_GETAUDIO  0  
[2023/03/19 20:05:57 542] tts        485  get audio|use local  
[2023/03/19 20:05:57 542] tts        527  0  nil  1  
[2023/03/19 20:05:57 543] tts        657  TTS_MSG_GETAUDIO  0  
[2023/03/19 20:05:57 543] tts        485  get audio|use local  
[2023/03/19 20:05:57 543] tts        527  0  nil  1  
[2023/03/19 20:05:57 544] tts        657  TTS_MSG_GETAUDIO  0  
[2023/03/19 20:05:57 544] tts        485  get audio|use local  
[2023/03/19 20:05:57 544] tts        527  0  nil  1  
[2023/03/19 20:05:57 544] tts        657  TTS_MSG_GETAUDIO  0  
[2023/03/19 20:05:57 544] tts        485  get audio|use local  
[2023/03/19 20:05:57 545] tts        527  0  nil  1  
[2023/03/19 20:05:57 545] tts        657  TTS_MSG_GETAUDIO  0  
[2023/03/19 20:05:57 545] tts        485  get audio|use local  
[2023/03/19 20:05:57 545] tts        527  0  nil  1  
[2023/03/19 20:05:57 546] tts        657  TTS_MSG_GETAUDIO  0  
[2023/03/19 20:05:57 546] tts        485  get audio|use local  
[2023/03/19 20:05:57 546] tts        527  0  nil  1  
[2023/03/19 20:05:57 547] tts        657  TTS_MSG_GETAUDIO  0  
[2023/03/19 20:05:57 547] tts        485  get audio|use local  
[2023/03/19 20:05:57 547] tts        527  0  nil  1  
[2023/03/19 20:05:57 548] tts        657  TTS_MSG_GETAUDIO  0  
[2023/03/19 20:05:57 548] tts        485  get audio|use local  
[2023/03/19 20:05:57 548] tts        527  0  nil  1  
[2023/03/19 20:05:57 549] tts        657  TTS_MSG_GETAUDIO  0  
[2023/03/19 20:05:57 549] tts        485  get audio|use local  
[2023/03/19 20:05:57 549] tts        527  0  nil  1  
[2023/03/19 20:05:57 550] tts        657  TTS_MSG_GETAUDIO  0  
[2023/03/19 20:05:57 550] tts        485  get audio|use local  
[2023/03/19 20:05:57 550] tts        527  0  nil  1  
[2023/03/19 20:05:57 551] tts        657  TTS_MSG_GETAUDIO  0  
[2023/03/19 20:05:57 551] tts        485  get audio|use local  
[2023/03/19 20:05:57 551] tts        527  0  nil  1  
[2023/03/19 20:05:57 552] tts        657  TTS_MSG_GETAUDIO  0  
[2023/03/19 20:05:57 552] tts        485  get audio|use local  
[2023/03/19 20:05:57 552] tts        527  0  nil  1  
[2023/03/19 20:05:57 553] tts        657  TTS_MSG_GETAUDIO  0  
[2023/03/19 20:05:57 553] tts        485  get audio|use local  
[2023/03/19 20:05:57 553] tts        527  0  nil  1  
[2023/03/19 20:05:57 554] tts        657  TTS_MSG_GETAUDIO  0  
[2023/03/19 20:05:57 554] tts        485  get audio|use local  
[2023/03/19 20:05:57 555] tts        527  0  nil  1  
[2023/03/19 20:05:57 556] tts        657  TTS_MSG_GETAUDIO  0  
[2023/03/19 20:05:57 556] tts        485  get audio|use local  
[2023/03/19 20:05:57 556] tts        527  0  nil  1  
[2023/03/19 20:05:57 558] tts        657  TTS_MSG_GETAUDIO  0  
[2023/03/19 20:05:57 558] tts        485  get audio|use local  
[2023/03/19 20:05:57 558] tts        527  0  nil  1  
[2023/03/19 20:05:57 559] tts        657  TTS_MSG_GETAUDIO  0  
[2023/03/19 20:05:57 559] tts        485  get audio|use local  
[2023/03/19 20:05:57 560] tts        527  0  nil  1  
[2023/03/19 20:05:57 560] tts        657  TTS_MSG_GETAUDIO  0  
[2023/03/19 20:05:57 561] tts        485  get audio|use local  
[2023/03/19 20:05:57 561] tts        527  0  nil  1  
[2023/03/19 20:05:57 562] tts        657  TTS_MSG_GETAUDIO  0  
[2023/03/19 20:05:57 562] tts        485  get audio|use local  
[2023/03/19 20:05:57 562] tts        527  0  nil  1  
[2023/03/19 20:05:57 563] tts        657  TTS_MSG_GETAUDIO  0  
[2023/03/19 20:05:57 563] tts        485  get audio|use local  
[2023/03/19 20:05:57 563] tts        527  0  nil  1  
[2023/03/19 20:05:57 564] tts        657  TTS_MSG_GETAUDIO  0  
[2023/03/19 20:05:57 564] tts        485  get audio|use local  
[2023/03/19 20:05:57 564] tts        527  0  nil  1  
[2023/03/19 20:05:57 565] tts        657  TTS_MSG_GETAUDIO  0  
[2023/03/19 20:05:57 565] tts        485  get audio|use local  
[2023/03/19 20:05:57 565] tts        527  0  nil  1  
[2023/03/19 20:05:57 566] tts        657  TTS_MSG_GETAUDIO  0  
[2023/03/19 20:05:57 566] tts        485  get audio|use local  
[2023/03/19 20:05:57 567] tts        527  0  nil  1  
[2023/03/19 20:05:57 568] tts        657  TTS_MSG_GETAUDIO  0  
[2023/03/19 20:05:57 568] tts        485  get audio|use local  
[2023/03/19 20:05:57 569] tts        527  0  nil  1  
[2023/03/19 20:05:57 570] tts        657  TTS_MSG_GETAUDIO  0  
[2023/03/19 20:05:57 570] tts        485  get audio|use local  
[2023/03/19 20:05:57 570] tts        527  0  nil  1  
[2023/03/19 20:05:57 572] tts        657  TTS_MSG_GETAUDIO  0  
[2023/03/19 20:05:57 573] tts        485  get audio|use local  
[2023/03/19 20:05:57 575] tts        527  0  nil  1  
[2023/03/19 20:05:57 584] tts        657  TTS_MSG_GETAUDIO  0  
[2023/03/19 20:05:57 584] tts        485  get audio|use local  
[2023/03/19 20:05:57 585] tts        527  0  nil  1  
[2023/03/19 20:05:57 586] tts        657  TTS_MSG_GETAUDIO  0  
[2023/03/19 20:05:57 586] tts        485  get audio|use local  
[2023/03/19 20:05:57 586] tts        527  0  nil  1  
[2023/03/19 20:05:57 587] tts        657  TTS_MSG_GETAUDIO  0  
[2023/03/19 20:05:57 587] tts        485  get audio|use local  
[2023/03/19 20:05:57 587] tts        527  0  nil  1  
[2023/03/19 20:05:57 588] tts        657  TTS_MSG_GETAUDIO  0  
[2023/03/19 20:05:57 588] tts        485  get audio|use local  
[2023/03/19 20:05:57 588] tts        527  0  nil  1  
[2023/03/19 20:05:57 589] tts        657  TTS_MSG_GETAUDIO  0  
[2023/03/19 20:05:57 589] tts        485  get audio|use local  
[2023/03/19 20:05:57 589] tts        527  0  nil  1  
[2023/03/19 20:05:57 590] tts        657  TTS_MSG_GETAUDIO  0  
[2023/03/19 20:05:57 592] tts        485  get audio|use local  
[2023/03/19 20:05:57 592] tts        527  0  nil  1  
[2023/03/19 20:05:57 601] tts        657  TTS_MSG_GETAUDIO  0  
[2023/03/19 20:05:57 601] tts        485  get audio|use local  
[2023/03/19 20:05:57 601] tts        527  0  nil  1  
[2023/03/19 20:05:57 602] tts        657  TTS_MSG_GETAUDIO  0  
[2023/03/19 20:05:57 602] tts        485  get audio|use local  
[2023/03/19 20:05:57 602] tts        527  0  nil  1  
[2023/03/19 20:05:57 603] tts        657  TTS_MSG_GETAUDIO  0  
[2023/03/19 20:05:57 603] tts        485  get audio|use local  
[2023/03/19 20:05:57 603] tts        527  0  nil  1  
[2023/03/19 20:05:57 604] tts        657  TTS_MSG_GETAUDIO  0  
[2023/03/19 20:05:57 604] tts        485  get audio|use local  
[2023/03/19 20:05:57 604] tts        527  0  nil  1  
[2023/03/19 20:05:57 605] tts        657  TTS_MSG_GETAUDIO  0  
[2023/03/19 20:05:57 605] tts        485  get audio|use local  
[2023/03/19 20:05:57 605] tts        527  0  nil  1  
[2023/03/19 20:05:57 609] tts        657  TTS_MSG_GETAUDIO  0  
[2023/03/19 20:05:57 609] tts        485  get audio|use local  
[2023/03/19 20:05:57 609] tts        527  0  nil  1  
[2023/03/19 20:05:57 610] tts        657  TTS_MSG_GETAUDIO  0  
[2023/03/19 20:05:57 610] tts        485  get audio|use local  
[2023/03/19 20:05:57 610] tts        527  0  nil  1  
[2023/03/19 20:05:57 611] tts        657  TTS_MSG_GETAUDIO  0  
[2023/03/19 20:05:57 611] tts        485  get audio|use local  
[2023/03/19 20:05:57 611] tts        527  0  nil  1  
[2023/03/19 20:05:57 613] tts        657  TTS_MSG_GETAUDIO  0  
[2023/03/19 20:05:57 613] tts        485  get audio|use local  
[2023/03/19 20:05:57 613] tts        527  0  nil  1  
[2023/03/19 20:05:57 615] tts        657  TTS_MSG_GETAUDIO  0  
[2023/03/19 20:05:57 615] tts        485  get audio|use local  
[2023/03/19 20:05:57 615] tts        527  0  nil  1  
[2023/03/19 20:05:57 617] tts        657  TTS_MSG_GETAUDIO  0  
[2023/03/19 20:05:57 617] tts        485  get audio|use local  
[2023/03/19 20:05:57 617] tts        527  0  nil  1  
[2023/03/19 20:05:57 618] tts        657  TTS_MSG_GETAUDIO  0  
[2023/03/19 20:05:57 618] tts        485  get audio|use local  
[2023/03/19 20:05:57 618] tts        527  0  nil  1  
[2023/03/19 20:05:57 618] tts        657  TTS_MSG_GETAUDIO  0  
[2023/03/19 20:05:57 619] tts        485  get audio|use local  
[2023/03/19 20:05:57 619] tts        527  0  nil  1  
[2023/03/19 20:05:57 619] tts        657  TTS_MSG_GETAUDIO  0  
[2023/03/19 20:05:57 620] tts        485  get audio|use local  
[2023/03/19 20:05:57 620] tts        527  0  nil  1  
[2023/03/19 20:05:57 620] tts        657  TTS_MSG_GETAUDIO  0  
[2023/03/19 20:05:57 620] tts        485  get audio|use local  
[2023/03/19 20:05:57 621] tts        527  0  nil  1  
[2023/03/19 20:05:57 621] tts        657  TTS_MSG_GETAUDIO  0  
[2023/03/19 20:05:57 621] tts        485  get audio|use local  
[2023/03/19 20:05:57 622] tts        527  0  nil  1  
[2023/03/19 20:05:57 623] tts        657  TTS_MSG_GETAUDIO  0  
[2023/03/19 20:05:57 623] tts        485  get audio|use local  
[2023/03/19 20:05:57 623] tts        527  0  nil  1  
[2023/03/19 20:05:57 626] tts        657  TTS_MSG_GETAUDIO  0  
[2023/03/19 20:05:57 626] tts        485  get audio|use local  
[2023/03/19 20:05:57 626] tts        527  0  nil  1  
[2023/03/19 20:05:57 628] tts        657  TTS_MSG_GETAUDIO  0  
[2023/03/19 20:05:57 628] tts        485  get audio|use local  
[2023/03/19 20:05:57 629] tts        527  0  nil  1  
[2023/03/19 20:05:57 629] tts        657  TTS_MSG_GETAUDIO  0  
[2023/03/19 20:05:57 629] tts        485  get audio|use local  
[2023/03/19 20:05:57 630] tts        527  0  nil  1  
[2023/03/19 20:05:57 631] tts        657  TTS_MSG_GETAUDIO  0  
[2023/03/19 20:05:57 631] tts        485  get audio|use local  
[2023/03/19 20:05:57 631] tts        527  0  nil  1  
[2023/03/19 20:05:57 631] tts        657  TTS_MSG_GETAUDIO  0  
[2023/03/19 20:05:57 632] tts        485  get audio|use local  
[2023/03/19 20:05:57 632] tts        527  0  nil  1  
[2023/03/19 20:05:57 632] tts        657  TTS_MSG_GETAUDIO  0  
[2023/03/19 20:05:57 632] tts        485  get audio|use local  
[2023/03/19 20:05:57 632] tts        527  0  nil  1  
[2023/03/19 20:05:57 633] tts        657  TTS_MSG_GETAUDIO  0  
[2023/03/19 20:05:57 633] tts        485  get audio|use local  
[2023/03/19 20:05:57 633] tts        527  0  nil  1  
[2023/03/19 20:05:57 634] tts        657  TTS_MSG_GETAUDIO  0  
[2023/03/19 20:05:57 634] tts        485  get audio|use local  
[2023/03/19 20:05:57 634] tts        527  0  nil  1  
[2023/03/19 20:05:57 635] tts        657  TTS_MSG_GETAUDIO  0  
[2023/03/19 20:05:57 635] tts        485  get audio|use local  
[2023/03/19 20:05:57 635] tts        527  0  nil  1  
[2023/03/19 20:05:57 636] tts        657  TTS_MSG_GETAUDIO  0  
[2023/03/19 20:05:57 636] tts        485  get audio|use local  
[2023/03/19 20:05:57 636] tts        527  0  nil  1  
[2023/03/19 20:05:57 637] tts        657  TTS_MSG_GETAUDIO  0  
[2023/03/19 20:05:57 637] tts        485  get audio|use local  
[2023/03/19 20:05:57 637] tts        527  0  nil  1  
[2023/03/19 20:05:57 638] tts        657  TTS_MSG_GETAUDIO  0  
[2023/03/19 20:05:57 638] tts        485  get audio|use local  
[2023/03/19 20:05:57 638] tts        527  0  nil  1  
[2023/03/19 20:05:57 639] tts        657  TTS_MSG_GETAUDIO  0  
[2023/03/19 20:05:57 639] tts        485  get audio|use local  
[2023/03/19 20:05:57 639] tts        527  0  nil  1  
[2023/03/19 20:05:57 640] tts        657  TTS_MSG_GETAUDIO  0  
[2023/03/19 20:05:57 640] tts        485  get audio|use local  
[2023/03/19 20:05:57 640] tts        527  0  nil  1  
[2023/03/19 20:05:57 641] tts        657  TTS_MSG_GETAUDIO  0  
[2023/03/19 20:05:57 642] tts        485  get audio|use local  
[2023/03/19 20:05:57 642] tts        527  0  nil  1  
[2023/03/19 20:05:57 643] tts        657  TTS_MSG_GETAUDIO  0  
[2023/03/19 20:05:57 643] tts        485  get audio|use local  
[2023/03/19 20:05:57 643] tts        527  0  nil  1  
[2023/03/19 20:05:57 644] tts        657  TTS_MSG_GETAUDIO  0  
[2023/03/19 20:05:57 644] tts        485  get audio|use local  
[2023/03/19 20:05:57 644] tts        527  0  nil  1  
[2023/03/19 20:05:57 645] tts        657  TTS_MSG_GETAUDIO  0  
[2023/03/19 20:05:57 645] tts        485  get audio|use local  
[2023/03/19 20:05:57 645] tts        527  0  nil  1  
[2023/03/19 20:05:57 646] tts        657  TTS_MSG_GETAUDIO  0  
[2023/03/19 20:05:57 646] tts        485  get audio|use local  
[2023/03/19 20:05:57 646] tts        527  0  nil  1  
[2023/03/19 20:05:57 647] tts        657  TTS_MSG_GETAUDIO  0  
[2023/03/19 20:05:57 647] tts        485  get audio|use local  
[2023/03/19 20:05:57 647] tts        527  0  nil  1  
[2023/03/19 20:05:57 648] tts        657  TTS_MSG_GETAUDIO  0  
[2023/03/19 20:05:57 649] tts        485  get audio|use local  
[2023/03/19 20:05:57 650] tts        527  0  nil  1  
[2023/03/19 20:05:57 650] tts        657  TTS_MSG_GETAUDIO  0  
[2023/03/19 20:05:57 650] tts        485  get audio|use local  
[2023/03/19 20:05:57 650] tts        527  0  nil  1  
[2023/03/19 20:05:57 651] tts        657  TTS_MSG_GETAUDIO  0  
[2023/03/19 20:05:57 651] tts        485  get audio|use local  
[2023/03/19 20:05:57 651] tts        527  0  nil  1  
[2023/03/19 20:05:57 652] tts        657  TTS_MSG_GETAUDIO  0  
[2023/03/19 20:05:57 652] tts        485  get audio|use local  
[2023/03/19 20:05:57 652] tts        527  0  nil  1  
[2023/03/19 20:05:57 653] tts        657  TTS_MSG_GETAUDIO  0  
[2023/03/19 20:05:57 653] tts        485  get audio|use local  
[2023/03/19 20:05:57 653] tts        527  0  nil  1  
[2023/03/19 20:05:57 654] tts        657  TTS_MSG_GETAUDIO  0  
[2023/03/19 20:05:57 654] tts        485  get audio|use local  
[2023/03/19 20:05:57 654] tts        527  0  nil  1  
[2023/03/19 20:05:57 654] tts        657  TTS_MSG_GETAUDIO  0  
[2023/03/19 20:05:57 654] tts        485  get audio|use local  
[2023/03/19 20:05:57 655] tts        527  0  nil  1  
[2023/03/19 20:05:57 655] tts        657  TTS_MSG_GETAUDIO  0  
[2023/03/19 20:05:57 656] tts        485  get audio|use local  
[2023/03/19 20:05:57 656] tts        527  0  nil  1  
[2023/03/19 20:05:57 656] tts        657  TTS_MSG_GETAUDIO  0  
[2023/03/19 20:05:57 656] tts        485  get audio|use local  
[2023/03/19 20:05:57 657] tts        527  0  nil  1  
[2023/03/19 20:05:57 657] tts        657  TTS_MSG_GETAUDIO  0  
[2023/03/19 20:05:57 657] tts        485  get audio|use local  
[2023/03/19 20:05:57 657] tts        527  0  nil  1  
[2023/03/19 20:05:57 658] tts        657  TTS_MSG_GETAUDIO  0  
[2023/03/19 20:05:57 658] tts        485  get audio|use local  
[2023/03/19 20:05:57 658] tts        527  0  nil  1  
[2023/03/19 20:05:57 659] tts        657  TTS_MSG_GETAUDIO  0  
[2023/03/19 20:05:57 659] tts        485  get audio|use local  
[2023/03/19 20:05:57 659] tts        527  0  nil  1  
[2023/03/19 20:05:57 660] tts        657  TTS_MSG_GETAUDIO  0  
[2023/03/19 20:05:57 660] tts        485  get audio|use local  
[2023/03/19 20:05:57 660] tts        527  0  nil  1  
[2023/03/19 20:05:57 661] tts        657  TTS_MSG_GETAUDIO  0  
[2023/03/19 20:05:57 661] tts        485  get audio|use local  
[2023/03/19 20:05:57 661] tts        527  0  nil  1  
[2023/03/19 20:05:57 662] tts        657  TTS_MSG_GETAUDIO  0  
[2023/03/19 20:05:57 662] tts        485  get audio|use local  
[2023/03/19 20:05:57 662] tts        527  0  nil  1  
[2023/03/19 20:05:57 663] tts        657  TTS_MSG_GETAUDIO  0  
[2023/03/19 20:05:57 663] tts        485  get audio|use local  
[2023/03/19 20:05:57 663] tts        527  0  nil  1  
[2023/03/19 20:05:57 664] tts        657  TTS_MSG_GETAUDIO  0  
[2023/03/19 20:05:57 664] tts        485  get audio|use local  
[2023/03/19 20:05:57 664] tts        527  0  nil  1  
[2023/03/19 20:05:57 665] tts        657  TTS_MSG_GETAUDIO  0  
[2023/03/19 20:05:57 665] tts        485  get audio|use local  
[2023/03/19 20:05:57 665] tts        527  0  nil  1  
[2023/03/19 20:05:57 666] tts        657  TTS_MSG_GETAUDIO  0  
[2023/03/19 20:05:57 666] tts        485  get audio|use local  
[2023/03/19 20:05:57 666] tts        527  0  nil  1  
[2023/03/19 20:05:57 668] tts        657  TTS_MSG_GETAUDIO  0  
[2023/03/19 20:05:57 668] tts        485  get audio|use local  
[2023/03/19 20:05:57 669] tts        527  0  nil  1  
[2023/03/19 20:05:57 669] tts        657  TTS_MSG_GETAUDIO  0  
[2023/03/19 20:05:57 669] tts        485  get audio|use local  
[2023/03/19 20:05:57 669] tts        527  0  nil  1  
[2023/03/19 20:05:57 670] tts        657  TTS_MSG_GETAUDIO  0  
[2023/03/19 20:05:57 670] tts        485  get audio|use local  
[2023/03/19 20:05:57 670] tts        527  0  nil  1  
[2023/03/19 20:05:57 671] tts        657  TTS_MSG_GETAUDIO  0  
[2023/03/19 20:05:57 671] tts        485  get audio|use local  
[2023/03/19 20:05:57 671] tts        527  0  nil  1  
[2023/03/19 20:05:57 672] tts        657  TTS_MSG_GETAUDIO  0  
[2023/03/19 20:05:57 672] tts        485  get audio|use local  
[2023/03/19 20:05:57 672] tts        527  0  nil  1  
[2023/03/19 20:05:57 673] tts        657  TTS_MSG_GETAUDIO  0  
[2023/03/19 20:05:57 673] tts        485  get audio|use local  
[2023/03/19 20:05:57 673] tts        527  0  nil  1  
[2023/03/19 20:05:57 674] tts        657  TTS_MSG_GETAUDIO  0  
[2023/03/19 20:05:57 674] tts        485  get audio|use local  
[2023/03/19 20:05:57 674] tts        527  0  nil  1  
[2023/03/19 20:05:57 675] tts        657  TTS_MSG_GETAUDIO  0  
[2023/03/19 20:05:57 675] tts        485  get audio|use local  
[2023/03/19 20:05:57 675] tts        527  0  nil  1  
[2023/03/19 20:05:57 676] tts        657  TTS_MSG_GETAUDIO  0  
[2023/03/19 20:05:57 676] tts        485  get audio|use local  
[2023/03/19 20:05:57 677] tts        527  0  nil  1  
[2023/03/19 20:05:57 677] tts        657  TTS_MSG_GETAUDIO  0  
[2023/03/19 20:05:57 677] tts        485  get audio|use local  
[2023/03/19 20:05:57 677] tts        527  0  nil  1  
[2023/03/19 20:05:57 678] tts        657  TTS_MSG_GETAUDIO  0  
[2023/03/19 20:05:57 678] tts        485  get audio|use local  
[2023/03/19 20:05:57 678] tts        527  0  nil  1  
[2023/03/19 20:05:57 679] tts        657  TTS_MSG_GETAUDIO  0  
[2023/03/19 20:05:57 679] tts        485  get audio|use local  
[2023/03/19 20:05:57 679] tts        527  0  nil  1  
[2023/03/19 20:05:57 680] tts        657  TTS_MSG_GETAUDIO  0  
[2023/03/19 20:05:57 681] tts        485  get audio|use local  
[2023/03/19 20:05:57 681] tts        527  0  nil  1  
[2023/03/19 20:05:57 682] tts        657  TTS_MSG_GETAUDIO  0  
[2023/03/19 20:05:57 682] tts        485  get audio|use local  
[2023/03/19 20:05:57 682] tts        527  0  nil  1  
[2023/03/19 20:05:57 683] tts        657  TTS_MSG_GETAUDIO  0  
[2023/03/19 20:05:57 683] tts        485  get audio|use local  
[2023/03/19 20:05:57 683] tts        527  0  nil  1  
[2023/03/19 20:05:57 719] tts        301  0  0  
[2023/03/19 20:05:57 723] tts        312  TTS_LOCAL_CB_END,  2  
[2023/03/19 20:05:57 724] tts        657  TTS_MSG_GETAUDIO  0  
[2023/03/19 20:05:57 724] tts        485  get audio|use local  
[2023/03/19 20:05:57 725] tts        498  local audiolen:  2042  ,ced:  6  
[2023/03/19 20:05:57 725] tts        527  0  udata(9807cc08) 1  
[2023/03/19 20:05:57 726] tts        657  TTS_MSG_GETAUDIO  0  
[2023/03/19 20:05:57 726] tts        485  get audio|use local  
[2023/03/19 20:05:57 726] tts        498  local audiolen:  2016  ,ced:  6  
[2023/03/19 20:05:57 727] tts        527  0  udata(9807cc58) 1  
[2023/03/19 20:05:57 728] tts        657  TTS_MSG_GETAUDIO  0  
[2023/03/19 20:05:57 729] tts        485  get audio|use local  
[2023/03/19 20:05:57 729] tts        498  local audiolen:  2014  ,ced:  6  
[2023/03/19 20:05:57 729] tts        527  0  udata(9807cca8) 1  
[2023/03/19 20:05:57 731] tts        657  TTS_MSG_GETAUDIO  0  
[2023/03/19 20:05:57 731] tts        485  get audio|use local  
[2023/03/19 20:05:57 731] tts        498  local audiolen:  2016  ,ced:  6  
[2023/03/19 20:05:57 731] tts        527  0  udata(9807ccf8) 1  
[2023/03/19 20:05:57 733] tts        657  TTS_MSG_GETAUDIO  0  
[2023/03/19 20:05:57 733] tts        485  get audio|use local  
[2023/03/19 20:05:57 734] tts        498  local audiolen:  2012  ,ced:  6  
[2023/03/19 20:05:57 734] tts        527  0  udata(9807cd48) 1  
[2023/03/19 20:05:57 735] tts        657  TTS_MSG_GETAUDIO  0  
[2023/03/19 20:05:57 735] tts        485  get audio|use local  
[2023/03/19 20:05:57 735] tts        498  local audiolen:  1900  ,ced:  6  
[2023/03/19 20:05:57 736] tts        527  0  udata(98087a58) 1  
[2023/03/19 20:05:57 737] tts        657  TTS_MSG_GETAUDIO  0  
[2023/03/19 20:05:57 737] tts        485  get audio|use local  
[2023/03/19 20:05:57 738] tts        498  local audiolen:  2034  ,ced:  6  
[2023/03/19 20:05:57 738] tts        527  0  udata(98087aa8) 1  
[2023/03/19 20:05:57 739] tts        657  TTS_MSG_GETAUDIO  0  
[2023/03/19 20:05:57 739] tts        485  get audio|use local  
[2023/03/19 20:05:57 739] tts        498  local audiolen:  1988  ,ced:  6  
[2023/03/19 20:05:57 739] tts        527  0  udata(98087af8) 1  
[2023/03/19 20:05:57 744] tts        657  TTS_MSG_GETAUDIO  0  
[2023/03/19 20:05:57 744] tts        485  get audio|use local  
[2023/03/19 20:05:57 744] tts        498  local audiolen:  1932  ,ced:  6  
[2023/03/19 20:05:57 744] tts        527  0  udata(98087b48) 1  
[2023/03/19 20:05:57 745] tts        657  TTS_MSG_GETAUDIO  0  
[2023/03/19 20:05:57 746] tts        485  get audio|use local  
[2023/03/19 20:05:57 746] tts        498  local audiolen:  2030  ,ced:  6  
[2023/03/19 20:05:57 746] tts        527  0  udata(98087b98) 1  
[2023/03/19 20:05:57 747] tts        657  TTS_MSG_GETAUDIO  0  
[2023/03/19 20:05:57 747] tts        485  get audio|use local  
[2023/03/19 20:05:57 747] tts        498  local audiolen:  1996  ,ced:  6  
[2023/03/19 20:05:57 747] tts        527  0  udata(98087be8) 1  
[2023/03/19 20:05:57 748] tts        657  TTS_MSG_GETAUDIO  0  
[2023/03/19 20:05:57 748] tts        485  get audio|use local  
[2023/03/19 20:05:57 748] tts        498  local audiolen:  1536  ,ced:  6  
[2023/03/19 20:05:57 748] tts        527  0  udata(980878e8) 2  
[2023/03/19 20:05:57 750] tts        660  TTS_MSG_SSE  
[2023/03/19 20:05:57 751] tts        585  sse|use local  
[2023/03/19 20:05:57 752] tts        603  tts exit  
