============================================================
Time  2023/03/19 20:24:12 868 
============================================================
[2023/03/19 20:24:12 868] tts        676  SYS_MSG_REGCB param0 =  msp_status_cb  param1 =  func(8c014a30) 
[2023/03/19 20:24:12 871] config     43   use general cloud  
[2023/03/19 20:24:12 884] tts_cloud  1417 SYS_MSG_REGCB_CLOUD param0 =   msp_status_cb  param1 =  func(8c014a30) 
[2023/03/19 20:24:12 884] tts        647  TTS_MSG_SSB  
[2023/03/19 20:24:12 884] tts        375  params =  engine_type = local,voice_name=xiaoyan, text_encoding = UTF8, tts_res_path = fo|res/tts/xiaoyan.jet;fo|res/tts/common.jet, sample_rate = 16000, speed = 50, volume = 50, pitch = 50, rdn = 2  
[2023/03/19 20:24:12 885] tts        412  ssb|use local  
[2023/03/19 20:24:12 885] tts        349  local_session_begin  
[2023/03/19 20:24:12 902] tts        654  TTS_MSG_SYN  0  
[2023/03/19 20:24:12 902] tts        451  synth|use local  
[2023/03/19 20:24:12 911] tts        657  TTS_MSG_GETAUDIO  0  
[2023/03/19 20:24:12 911] tts        485  get audio|use local  
[2023/03/19 20:24:12 911] tts        527  0  nil  1  
[2023/03/19 20:24:12 914] tts        657  TTS_MSG_GETAUDIO  0  
[2023/03/19 20:24:12 914] tts        485  get audio|use local  
[2023/03/19 20:24:12 914] tts        527  0  nil  1  
[2023/03/19 20:24:12 915] tts        657  TTS_MSG_GETAUDIO  0  
[2023/03/19 20:24:12 915] tts        485  get audio|use local  
[2023/03/19 20:24:12 916] tts        527  0  nil  1  
[2023/03/19 20:24:12 918] tts        657  TTS_MSG_GETAUDIO  0  
[2023/03/19 20:24:12 918] tts        485  get audio|use local  
[2023/03/19 20:24:12 918] tts        527  0  nil  1  
[2023/03/19 20:24:12 920] tts        657  TTS_MSG_GETAUDIO  0  
[2023/03/19 20:24:12 920] tts        485  get audio|use local  
[2023/03/19 20:24:12 920] tts        527  0  nil  1  
[2023/03/19 20:24:12 923] tts        657  TTS_MSG_GETAUDIO  0  
[2023/03/19 20:24:12 923] tts        485  get audio|use local  
[2023/03/19 20:24:12 923] tts        527  0  nil  1  
[2023/03/19 20:24:12 925] tts        657  TTS_MSG_GETAUDIO  0  
[2023/03/19 20:24:12 925] tts        485  get audio|use local  
[2023/03/19 20:24:12 925] tts        527  0  nil  1  
[2023/03/19 20:24:12 928] tts        657  TTS_MSG_GETAUDIO  0  
[2023/03/19 20:24:12 928] tts        485  get audio|use local  
[2023/03/19 20:24:12 928] tts        527  0  nil  1  
[2023/03/19 20:24:12 929] tts        657  TTS_MSG_GETAUDIO  0  
[2023/03/19 20:24:12 930] tts        485  get audio|use local  
[2023/03/19 20:24:12 930] tts        527  0  nil  1  
[2023/03/19 20:24:12 931] tts        657  TTS_MSG_GETAUDIO  0  
[2023/03/19 20:24:12 931] tts        485  get audio|use local  
[2023/03/19 20:24:12 931] tts        527  0  nil  1  
[2023/03/19 20:24:12 934] tts        657  TTS_MSG_GETAUDIO  0  
[2023/03/19 20:24:12 934] tts        485  get audio|use local  
[2023/03/19 20:24:12 934] tts        527  0  nil  1  
[2023/03/19 20:24:12 936] tts        657  TTS_MSG_GETAUDIO  0  
[2023/03/19 20:24:12 936] tts        485  get audio|use local  
[2023/03/19 20:24:12 936] tts        527  0  nil  1  
[2023/03/19 20:24:12 939] tts        657  TTS_MSG_GETAUDIO  0  
[2023/03/19 20:24:12 939] tts        485  get audio|use local  
[2023/03/19 20:24:12 940] tts        527  0  nil  1  
[2023/03/19 20:24:12 942] tts        657  TTS_MSG_GETAUDIO  0  
[2023/03/19 20:24:12 942] tts        485  get audio|use local  
[2023/03/19 20:24:12 942] tts        527  0  nil  1  
[2023/03/19 20:24:12 943] tts        657  TTS_MSG_GETAUDIO  0  
[2023/03/19 20:24:12 943] tts        485  get audio|use local  
[2023/03/19 20:24:12 943] tts        527  0  nil  1  
[2023/03/19 20:24:12 946] tts        657  TTS_MSG_GETAUDIO  0  
[2023/03/19 20:24:12 946] tts        485  get audio|use local  
[2023/03/19 20:24:12 947] tts        527  0  nil  1  
[2023/03/19 20:24:12 948] tts        657  TTS_MSG_GETAUDIO  0  
[2023/03/19 20:24:12 948] tts        485  get audio|use local  
[2023/03/19 20:24:12 948] tts        527  0  nil  1  
[2023/03/19 20:24:12 949] tts        657  TTS_MSG_GETAUDIO  0  
[2023/03/19 20:24:12 950] tts        485  get audio|use local  
[2023/03/19 20:24:12 950] tts        527  0  nil  1  
[2023/03/19 20:24:12 952] tts        657  TTS_MSG_GETAUDIO  0  
[2023/03/19 20:24:12 953] tts        485  get audio|use local  
[2023/03/19 20:24:12 953] tts        527  0  nil  1  
[2023/03/19 20:24:12 954] tts        657  TTS_MSG_GETAUDIO  0  
[2023/03/19 20:24:12 954] tts        485  get audio|use local  
[2023/03/19 20:24:12 954] tts        527  0  nil  1  
[2023/03/19 20:24:12 957] tts        657  TTS_MSG_GETAUDIO  0  
[2023/03/19 20:24:12 957] tts        485  get audio|use local  
[2023/03/19 20:24:12 958] tts        527  0  nil  1  
[2023/03/19 20:24:12 959] tts        657  TTS_MSG_GETAUDIO  0  
[2023/03/19 20:24:12 959] tts        485  get audio|use local  
[2023/03/19 20:24:12 959] tts        527  0  nil  1  
[2023/03/19 20:24:12 960] tts        657  TTS_MSG_GETAUDIO  0  
[2023/03/19 20:24:12 961] tts        485  get audio|use local  
[2023/03/19 20:24:12 961] tts        527  0  nil  1  
[2023/03/19 20:24:12 963] tts        657  TTS_MSG_GETAUDIO  0  
[2023/03/19 20:24:12 963] tts        485  get audio|use local  
[2023/03/19 20:24:12 964] tts        527  0  nil  1  
[2023/03/19 20:24:12 965] tts        657  TTS_MSG_GETAUDIO  0  
[2023/03/19 20:24:12 965] tts        485  get audio|use local  
[2023/03/19 20:24:12 965] tts        527  0  nil  1  
[2023/03/19 20:24:12 966] tts        657  TTS_MSG_GETAUDIO  0  
[2023/03/19 20:24:12 967] tts        485  get audio|use local  
[2023/03/19 20:24:12 967] tts        527  0  nil  1  
[2023/03/19 20:24:12 969] tts        657  TTS_MSG_GETAUDIO  0  
[2023/03/19 20:24:12 969] tts        485  get audio|use local  
[2023/03/19 20:24:12 969] tts        527  0  nil  1  
[2023/03/19 20:24:12 971] tts        657  TTS_MSG_GETAUDIO  0  
[2023/03/19 20:24:12 971] tts        485  get audio|use local  
[2023/03/19 20:24:12 971] tts        527  0  nil  1  
[2023/03/19 20:24:12 974] tts        657  TTS_MSG_GETAUDIO  0  
[2023/03/19 20:24:12 974] tts        485  get audio|use local  
[2023/03/19 20:24:12 974] tts        527  0  nil  1  
[2023/03/19 20:24:12 975] tts        657  TTS_MSG_GETAUDIO  0  
[2023/03/19 20:24:12 975] tts        485  get audio|use local  
[2023/03/19 20:24:12 975] tts        527  0  nil  1  
[2023/03/19 20:24:12 980] tts        657  TTS_MSG_GETAUDIO  0  
[2023/03/19 20:24:12 980] tts        485  get audio|use local  
[2023/03/19 20:24:12 980] tts        527  0  nil  1  
[2023/03/19 20:24:12 980] tts        657  TTS_MSG_GETAUDIO  0  
[2023/03/19 20:24:12 981] tts        485  get audio|use local  
[2023/03/19 20:24:12 981] tts        527  0  nil  1  
[2023/03/19 20:24:12 982] tts        657  TTS_MSG_GETAUDIO  0  
[2023/03/19 20:24:12 982] tts        485  get audio|use local  
[2023/03/19 20:24:12 982] tts        527  0  nil  1  
[2023/03/19 20:24:12 983] tts        657  TTS_MSG_GETAUDIO  0  
[2023/03/19 20:24:12 984] tts        485  get audio|use local  
[2023/03/19 20:24:12 984] tts        527  0  nil  1  
[2023/03/19 20:24:12 985] tts        657  TTS_MSG_GETAUDIO  0  
[2023/03/19 20:24:12 985] tts        485  get audio|use local  
[2023/03/19 20:24:12 985] tts        527  0  nil  1  
[2023/03/19 20:24:12 986] tts        657  TTS_MSG_GETAUDIO  0  
[2023/03/19 20:24:12 986] tts        485  get audio|use local  
[2023/03/19 20:24:12 987] tts        527  0  nil  1  
[2023/03/19 20:24:12 988] tts        657  TTS_MSG_GETAUDIO  0  
[2023/03/19 20:24:12 988] tts        485  get audio|use local  
[2023/03/19 20:24:12 988] tts        527  0  nil  1  
[2023/03/19 20:24:12 989] tts        657  TTS_MSG_GETAUDIO  0  
[2023/03/19 20:24:12 989] tts        485  get audio|use local  
[2023/03/19 20:24:12 989] tts        527  0  nil  1  
[2023/03/19 20:24:12 990] tts        657  TTS_MSG_GETAUDIO  0  
[2023/03/19 20:24:12 990] tts        485  get audio|use local  
[2023/03/19 20:24:12 990] tts        527  0  nil  1  
[2023/03/19 20:24:12 992] tts        657  TTS_MSG_GETAUDIO  0  
[2023/03/19 20:24:12 992] tts        485  get audio|use local  
[2023/03/19 20:24:12 992] tts        527  0  nil  1  
[2023/03/19 20:24:12 993] tts        657  TTS_MSG_GETAUDIO  0  
[2023/03/19 20:24:12 993] tts        485  get audio|use local  
[2023/03/19 20:24:12 993] tts        527  0  nil  1  
[2023/03/19 20:24:12 994] tts        657  TTS_MSG_GETAUDIO  0  
[2023/03/19 20:24:12 995] tts        485  get audio|use local  
[2023/03/19 20:24:12 995] tts        527  0  nil  1  
[2023/03/19 20:24:13 007] tts        657  TTS_MSG_GETAUDIO  0  
[2023/03/19 20:24:13 007] tts        485  get audio|use local  
[2023/03/19 20:24:13 007] tts        527  0  nil  1  
[2023/03/19 20:24:13 009] tts        657  TTS_MSG_GETAUDIO  0  
[2023/03/19 20:24:13 010] tts        485  get audio|use local  
[2023/03/19 20:24:13 010] tts        527  0  nil  1  
[2023/03/19 20:24:13 012] tts        657  TTS_MSG_GETAUDIO  0  
[2023/03/19 20:24:13 012] tts        485  get audio|use local  
[2023/03/19 20:24:13 015] tts        527  0  nil  1  
[2023/03/19 20:24:13 016] tts        657  TTS_MSG_GETAUDIO  0  
[2023/03/19 20:24:13 016] tts        485  get audio|use local  
[2023/03/19 20:24:13 016] tts        527  0  nil  1  
[2023/03/19 20:24:13 017] tts        657  TTS_MSG_GETAUDIO  0  
[2023/03/19 20:24:13 017] tts        485  get audio|use local  
[2023/03/19 20:24:13 017] tts        527  0  nil  1  
[2023/03/19 20:24:13 019] tts        657  TTS_MSG_GETAUDIO  0  
[2023/03/19 20:24:13 019] tts        485  get audio|use local  
[2023/03/19 20:24:13 019] tts        527  0  nil  1  
[2023/03/19 20:24:13 020] tts        657  TTS_MSG_GETAUDIO  0  
[2023/03/19 20:24:13 020] tts        485  get audio|use local  
[2023/03/19 20:24:13 020] tts        527  0  nil  1  
[2023/03/19 20:24:13 022] tts        657  TTS_MSG_GETAUDIO  0  
[2023/03/19 20:24:13 022] tts        485  get audio|use local  
[2023/03/19 20:24:13 022] tts        527  0  nil  1  
[2023/03/19 20:24:13 056] tts        657  TTS_MSG_GETAUDIO  0  
[2023/03/19 20:24:13 056] tts        485  get audio|use local  
[2023/03/19 20:24:13 056] tts        527  0  nil  1  
[2023/03/19 20:24:13 056] tts        299  TTS_LOCAL_CB_BEGIN  
[2023/03/19 20:24:13 068] tts        657  TTS_MSG_GETAUDIO  0  
[2023/03/19 20:24:13 068] tts        485  get audio|use local  
[2023/03/19 20:24:13 068] tts        527  0  nil  1  
[2023/03/19 20:24:13 069] tts        657  TTS_MSG_GETAUDIO  0  
[2023/03/19 20:24:13 070] tts        485  get audio|use local  
[2023/03/19 20:24:13 070] tts        527  0  nil  1  
[2023/03/19 20:24:13 071] tts        657  TTS_MSG_GETAUDIO  0  
[2023/03/19 20:24:13 071] tts        485  get audio|use local  
[2023/03/19 20:24:13 072] tts        527  0  nil  1  
[2023/03/19 20:24:13 073] tts        657  TTS_MSG_GETAUDIO  0  
[2023/03/19 20:24:13 073] tts        485  get audio|use local  
[2023/03/19 20:24:13 074] tts        527  0  nil  1  
[2023/03/19 20:24:13 074] tts        657  TTS_MSG_GETAUDIO  0  
[2023/03/19 20:24:13 075] tts        485  get audio|use local  
[2023/03/19 20:24:13 075] tts        527  0  nil  1  
[2023/03/19 20:24:13 087] tts        657  TTS_MSG_GETAUDIO  0  
[2023/03/19 20:24:13 087] tts        485  get audio|use local  
[2023/03/19 20:24:13 088] tts        527  0  nil  1  
[2023/03/19 20:24:13 092] tts        301  0  0  
[2023/03/19 20:24:13 092] tts        312  TTS_LOCAL_CB_END,  2  
[2023/03/19 20:24:13 092] tts        657  TTS_MSG_GETAUDIO  0  
[2023/03/19 20:24:13 092] tts        485  get audio|use local  
[2023/03/19 20:24:13 092] tts        498  local audiolen:  2042  ,ced:  6  
[2023/03/19 20:24:13 093] tts        527  0  udata(8c087878) 1  
[2023/03/19 20:24:13 093] tts        657  TTS_MSG_GETAUDIO  0  
[2023/03/19 20:24:13 093] tts        485  get audio|use local  
[2023/03/19 20:24:13 093] tts        498  local audiolen:  1982  ,ced:  6  
[2023/03/19 20:24:13 094] tts        527  0  udata(8c0878c8) 1  
[2023/03/19 20:24:13 095] tts        657  TTS_MSG_GETAUDIO  0  
[2023/03/19 20:24:13 095] tts        485  get audio|use local  
[2023/03/19 20:24:13 095] tts        498  local audiolen:  1934  ,ced:  6  
[2023/03/19 20:24:13 095] tts        527  0  udata(8c087918) 1  
[2023/03/19 20:24:13 097] tts        657  TTS_MSG_GETAUDIO  0  
[2023/03/19 20:24:13 097] tts        485  get audio|use local  
[2023/03/19 20:24:13 097] tts        498  local audiolen:  2002  ,ced:  6  
[2023/03/19 20:24:13 097] tts        527  0  udata(8c087968) 1  
[2023/03/19 20:24:13 098] tts        657  TTS_MSG_GETAUDIO  0  
[2023/03/19 20:24:13 098] tts        485  get audio|use local  
[2023/03/19 20:24:13 098] tts        498  local audiolen:  2018  ,ced:  6  
[2023/03/19 20:24:13 098] tts        527  0  udata(8c0879b8) 1  
[2023/03/19 20:24:13 100] tts        657  TTS_MSG_GETAUDIO  0  
[2023/03/19 20:24:13 100] tts        485  get audio|use local  
[2023/03/19 20:24:13 100] tts        498  local audiolen:  2014  ,ced:  6  
[2023/03/19 20:24:13 100] tts        527  0  udata(8c087a08) 1  
[2023/03/19 20:24:13 101] tts        657  TTS_MSG_GETAUDIO  0  
[2023/03/19 20:24:13 101] tts        485  get audio|use local  
[2023/03/19 20:24:13 101] tts        498  local audiolen:  1940  ,ced:  6  
[2023/03/19 20:24:13 101] tts        527  0  udata(8c087a58) 1  
[2023/03/19 20:24:13 102] tts        657  TTS_MSG_GETAUDIO  0  
[2023/03/19 20:24:13 102] tts        485  get audio|use local  
[2023/03/19 20:24:13 103] tts        498  local audiolen:  1926  ,ced:  6  
[2023/03/19 20:24:13 103] tts        527  0  udata(8c087aa8) 1  
[2023/03/19 20:24:13 104] tts        657  TTS_MSG_GETAUDIO  0  
[2023/03/19 20:24:13 104] tts        485  get audio|use local  
[2023/03/19 20:24:13 104] tts        498  local audiolen:  2024  ,ced:  6  
[2023/03/19 20:24:13 104] tts        527  0  udata(8c087af8) 1  
[2023/03/19 20:24:13 105] tts        657  TTS_MSG_GETAUDIO  0  
[2023/03/19 20:24:13 105] tts        485  get audio|use local  
[2023/03/19 20:24:13 105] tts        498  local audiolen:  2032  ,ced:  6  
[2023/03/19 20:24:13 105] tts        527  0  udata(8c087b48) 1  
[2023/03/19 20:24:13 108] tts        657  TTS_MSG_GETAUDIO  0  
[2023/03/19 20:24:13 108] tts        485  get audio|use local  
[2023/03/19 20:24:13 108] tts        498  local audiolen:  1536  ,ced:  6  
[2023/03/19 20:24:13 108] tts        527  0  udata(8c087b98) 2  
[2023/03/19 20:24:13 113] tts        660  TTS_MSG_SSE  
[2023/03/19 20:24:13 115] tts        585  sse|use local  
[2023/03/19 20:24:13 116] tts        603  tts exit  
[2023/03/19 20:24:13 126] tts        667  SYS_MSG_UNLOAD  
