============================================================
Time  2023/05/06 19:35:13 163 
============================================================
[2023/05/06 19:35:13 164] tts        676  SYS_MSG_REGCB param0 =  msp_status_cb  param1 =  func(58014a30) 
[2023/05/06 19:35:13 166] config     43   use general cloud  
[2023/05/06 19:35:13 172] tts_cloud  1417 SYS_MSG_REGCB_CLOUD param0 =   msp_status_cb  param1 =  func(58014a30) 
[2023/05/06 19:35:13 172] tts        647  TTS_MSG_SSB  
[2023/05/06 19:35:13 173] tts        375  params =  engine_type = local,voice_name=xiaoyan, text_encoding = UTF8, tts_res_path = fo|res/tts/xiaoyan.jet;fo|res/tts/common.jet, sample_rate = 16000, speed = 80, volume = 50, pitch = 50, rdn = 2  
[2023/05/06 19:35:13 173] tts        412  ssb|use local  
[2023/05/06 19:35:13 173] tts        349  local_session_begin  
[2023/05/06 19:35:13 176] tts        654  TTS_MSG_SYN  0  
[2023/05/06 19:35:13 176] tts        451  synth|use local  
[2023/05/06 19:35:13 177] tts        657  TTS_MSG_GETAUDIO  0  
[2023/05/06 19:35:13 177] tts        485  get audio|use local  
[2023/05/06 19:35:13 177] tts        527  0  nil  1  
[2023/05/06 19:35:13 178] tts        657  TTS_MSG_GETAUDIO  0  
[2023/05/06 19:35:13 178] tts        485  get audio|use local  
[2023/05/06 19:35:13 178] tts        527  0  nil  1  
[2023/05/06 19:35:13 179] tts        657  TTS_MSG_GETAUDIO  0  
[2023/05/06 19:35:13 179] tts        485  get audio|use local  
[2023/05/06 19:35:13 180] tts        527  0  nil  1  
[2023/05/06 19:35:13 181] tts        657  TTS_MSG_GETAUDIO  0  
[2023/05/06 19:35:13 181] tts        485  get audio|use local  
[2023/05/06 19:35:13 181] tts        527  0  nil  1  
[2023/05/06 19:35:13 181] tts        657  TTS_MSG_GETAUDIO  0  
[2023/05/06 19:35:13 182] tts        485  get audio|use local  
[2023/05/06 19:35:13 182] tts        527  0  nil  1  
[2023/05/06 19:35:13 182] tts        657  TTS_MSG_GETAUDIO  0  
[2023/05/06 19:35:13 182] tts        485  get audio|use local  
[2023/05/06 19:35:13 183] tts        527  0  nil  1  
[2023/05/06 19:35:13 183] tts        657  TTS_MSG_GETAUDIO  0  
[2023/05/06 19:35:13 183] tts        485  get audio|use local  
[2023/05/06 19:35:13 183] tts        527  0  nil  1  
[2023/05/06 19:35:13 184] tts        657  TTS_MSG_GETAUDIO  0  
[2023/05/06 19:35:13 184] tts        485  get audio|use local  
[2023/05/06 19:35:13 184] tts        527  0  nil  1  
[2023/05/06 19:35:13 185] tts        657  TTS_MSG_GETAUDIO  0  
[2023/05/06 19:35:13 185] tts        485  get audio|use local  
[2023/05/06 19:35:13 185] tts        527  0  nil  1  
[2023/05/06 19:35:13 186] tts        657  TTS_MSG_GETAUDIO  0  
[2023/05/06 19:35:13 186] tts        485  get audio|use local  
[2023/05/06 19:35:13 186] tts        527  0  nil  1  
[2023/05/06 19:35:13 187] tts        657  TTS_MSG_GETAUDIO  0  
[2023/05/06 19:35:13 187] tts        485  get audio|use local  
[2023/05/06 19:35:13 187] tts        527  0  nil  1  
[2023/05/06 19:35:13 188] tts        657  TTS_MSG_GETAUDIO  0  
[2023/05/06 19:35:13 188] tts        485  get audio|use local  
[2023/05/06 19:35:13 189] tts        527  0  nil  1  
[2023/05/06 19:35:13 190] tts        657  TTS_MSG_GETAUDIO  0  
[2023/05/06 19:35:13 190] tts        485  get audio|use local  
[2023/05/06 19:35:13 190] tts        527  0  nil  1  
[2023/05/06 19:35:13 191] tts        657  TTS_MSG_GETAUDIO  0  
[2023/05/06 19:35:13 191] tts        485  get audio|use local  
[2023/05/06 19:35:13 191] tts        527  0  nil  1  
[2023/05/06 19:35:13 192] tts        657  TTS_MSG_GETAUDIO  0  
[2023/05/06 19:35:13 192] tts        485  get audio|use local  
[2023/05/06 19:35:13 192] tts        527  0  nil  1  
[2023/05/06 19:35:13 193] tts        657  TTS_MSG_GETAUDIO  0  
[2023/05/06 19:35:13 193] tts        485  get audio|use local  
[2023/05/06 19:35:13 193] tts        527  0  nil  1  
[2023/05/06 19:35:13 194] tts        657  TTS_MSG_GETAUDIO  0  
[2023/05/06 19:35:13 194] tts        485  get audio|use local  
[2023/05/06 19:35:13 194] tts        527  0  nil  1  
[2023/05/06 19:35:13 195] tts        657  TTS_MSG_GETAUDIO  0  
[2023/05/06 19:35:13 195] tts        485  get audio|use local  
[2023/05/06 19:35:13 195] tts        527  0  nil  1  
[2023/05/06 19:35:13 196] tts        657  TTS_MSG_GETAUDIO  0  
[2023/05/06 19:35:13 196] tts        485  get audio|use local  
[2023/05/06 19:35:13 196] tts        527  0  nil  1  
[2023/05/06 19:35:13 197] tts        657  TTS_MSG_GETAUDIO  0  
[2023/05/06 19:35:13 197] tts        485  get audio|use local  
[2023/05/06 19:35:13 197] tts        527  0  nil  1  
[2023/05/06 19:35:13 198] tts        657  TTS_MSG_GETAUDIO  0  
[2023/05/06 19:35:13 198] tts        485  get audio|use local  
[2023/05/06 19:35:13 198] tts        527  0  nil  1  
[2023/05/06 19:35:13 199] tts        657  TTS_MSG_GETAUDIO  0  
[2023/05/06 19:35:13 199] tts        485  get audio|use local  
[2023/05/06 19:35:13 199] tts        527  0  nil  1  
[2023/05/06 19:35:13 200] tts        657  TTS_MSG_GETAUDIO  0  
[2023/05/06 19:35:13 200] tts        485  get audio|use local  
[2023/05/06 19:35:13 201] tts        527  0  nil  1  
[2023/05/06 19:35:13 201] tts        657  TTS_MSG_GETAUDIO  0  
[2023/05/06 19:35:13 202] tts        485  get audio|use local  
[2023/05/06 19:35:13 202] tts        527  0  nil  1  
[2023/05/06 19:35:13 203] tts        657  TTS_MSG_GETAUDIO  0  
[2023/05/06 19:35:13 203] tts        485  get audio|use local  
[2023/05/06 19:35:13 203] tts        527  0  nil  1  
[2023/05/06 19:35:13 204] tts        657  TTS_MSG_GETAUDIO  0  
[2023/05/06 19:35:13 204] tts        485  get audio|use local  
[2023/05/06 19:35:13 204] tts        527  0  nil  1  
[2023/05/06 19:35:13 205] tts        657  TTS_MSG_GETAUDIO  0  
[2023/05/06 19:35:13 205] tts        485  get audio|use local  
[2023/05/06 19:35:13 205] tts        527  0  nil  1  
[2023/05/06 19:35:13 206] tts        657  TTS_MSG_GETAUDIO  0  
[2023/05/06 19:35:13 206] tts        485  get audio|use local  
[2023/05/06 19:35:13 206] tts        527  0  nil  1  
[2023/05/06 19:35:13 207] tts        657  TTS_MSG_GETAUDIO  0  
[2023/05/06 19:35:13 207] tts        485  get audio|use local  
[2023/05/06 19:35:13 207] tts        527  0  nil  1  
[2023/05/06 19:35:13 207] tts        657  TTS_MSG_GETAUDIO  0  
[2023/05/06 19:35:13 207] tts        485  get audio|use local  
[2023/05/06 19:35:13 207] tts        527  0  nil  1  
[2023/05/06 19:35:13 208] tts        657  TTS_MSG_GETAUDIO  0  
[2023/05/06 19:35:13 208] tts        485  get audio|use local  
[2023/05/06 19:35:13 208] tts        527  0  nil  1  
[2023/05/06 19:35:13 209] tts        657  TTS_MSG_GETAUDIO  0  
[2023/05/06 19:35:13 209] tts        485  get audio|use local  
[2023/05/06 19:35:13 209] tts        527  0  nil  1  
[2023/05/06 19:35:13 217] tts        657  TTS_MSG_GETAUDIO  0  
[2023/05/06 19:35:13 217] tts        485  get audio|use local  
[2023/05/06 19:35:13 217] tts        527  0  nil  1  
[2023/05/06 19:35:13 218] tts        657  TTS_MSG_GETAUDIO  0  
[2023/05/06 19:35:13 219] tts        485  get audio|use local  
[2023/05/06 19:35:13 219] tts        527  0  nil  1  
[2023/05/06 19:35:13 222] tts        657  TTS_MSG_GETAUDIO  0  
[2023/05/06 19:35:13 222] tts        485  get audio|use local  
[2023/05/06 19:35:13 222] tts        527  0  nil  1  
[2023/05/06 19:35:13 224] tts        657  TTS_MSG_GETAUDIO  0  
[2023/05/06 19:35:13 225] tts        485  get audio|use local  
[2023/05/06 19:35:13 225] tts        527  0  nil  1  
[2023/05/06 19:35:13 226] tts        299  TTS_LOCAL_CB_BEGIN  
[2023/05/06 19:35:13 228] tts        657  TTS_MSG_GETAUDIO  0  
[2023/05/06 19:35:13 228] tts        485  get audio|use local  
[2023/05/06 19:35:13 228] tts        527  0  nil  1  
[2023/05/06 19:35:13 229] tts        657  TTS_MSG_GETAUDIO  0  
[2023/05/06 19:35:13 229] tts        485  get audio|use local  
[2023/05/06 19:35:13 229] tts        527  0  nil  1  
[2023/05/06 19:35:13 237] tts        657  TTS_MSG_GETAUDIO  0  
[2023/05/06 19:35:13 237] tts        485  get audio|use local  
[2023/05/06 19:35:13 237] tts        527  0  nil  1  
[2023/05/06 19:35:13 238] tts        657  TTS_MSG_GETAUDIO  0  
[2023/05/06 19:35:13 238] tts        485  get audio|use local  
[2023/05/06 19:35:13 238] tts        527  0  nil  1  
[2023/05/06 19:35:13 243] tts        657  TTS_MSG_GETAUDIO  0  
[2023/05/06 19:35:13 243] tts        485  get audio|use local  
[2023/05/06 19:35:13 243] tts        498  local audiolen:  2024  ,ced:  12  
[2023/05/06 19:35:13 243] tts        527  0  udata(5807f4d8) 1  
[2023/05/06 19:35:13 249] tts        657  TTS_MSG_GETAUDIO  0  
[2023/05/06 19:35:13 249] tts        485  get audio|use local  
[2023/05/06 19:35:13 249] tts        498  local audiolen:  2020  ,ced:  12  
[2023/05/06 19:35:13 249] tts        527  0  udata(5807c658) 1  
[2023/05/06 19:35:13 250] tts        657  TTS_MSG_GETAUDIO  0  
[2023/05/06 19:35:13 250] tts        485  get audio|use local  
[2023/05/06 19:35:13 250] tts        498  local audiolen:  2046  ,ced:  12  
[2023/05/06 19:35:13 250] tts        527  0  udata(5807c6a8) 1  
[2023/05/06 19:35:13 251] tts        657  TTS_MSG_GETAUDIO  0  
[2023/05/06 19:35:13 251] tts        485  get audio|use local  
[2023/05/06 19:35:13 251] tts        527  0  nil  1  
[2023/05/06 19:35:13 252] tts        657  TTS_MSG_GETAUDIO  0  
[2023/05/06 19:35:13 252] tts        485  get audio|use local  
[2023/05/06 19:35:13 252] tts        527  0  nil  1  
[2023/05/06 19:35:13 252] tts        657  TTS_MSG_GETAUDIO  0  
[2023/05/06 19:35:13 252] tts        485  get audio|use local  
[2023/05/06 19:35:13 253] tts        527  0  nil  1  
[2023/05/06 19:35:13 253] tts        657  TTS_MSG_GETAUDIO  0  
[2023/05/06 19:35:13 253] tts        485  get audio|use local  
[2023/05/06 19:35:13 253] tts        527  0  nil  1  
[2023/05/06 19:35:13 254] tts        657  TTS_MSG_GETAUDIO  0  
[2023/05/06 19:35:13 254] tts        485  get audio|use local  
[2023/05/06 19:35:13 254] tts        527  0  nil  1  
[2023/05/06 19:35:13 255] tts        657  TTS_MSG_GETAUDIO  0  
[2023/05/06 19:35:13 255] tts        485  get audio|use local  
[2023/05/06 19:35:13 255] tts        527  0  nil  1  
[2023/05/06 19:35:13 255] tts        657  TTS_MSG_GETAUDIO  0  
[2023/05/06 19:35:13 255] tts        485  get audio|use local  
[2023/05/06 19:35:13 256] tts        527  0  nil  1  
[2023/05/06 19:35:13 256] tts        657  TTS_MSG_GETAUDIO  0  
[2023/05/06 19:35:13 256] tts        485  get audio|use local  
[2023/05/06 19:35:13 256] tts        527  0  nil  1  
[2023/05/06 19:35:13 257] tts        657  TTS_MSG_GETAUDIO  0  
[2023/05/06 19:35:13 257] tts        485  get audio|use local  
[2023/05/06 19:35:13 257] tts        527  0  nil  1  
[2023/05/06 19:35:13 258] tts        657  TTS_MSG_GETAUDIO  0  
[2023/05/06 19:35:13 258] tts        485  get audio|use local  
[2023/05/06 19:35:13 258] tts        527  0  nil  1  
[2023/05/06 19:35:13 258] tts        657  TTS_MSG_GETAUDIO  0  
[2023/05/06 19:35:13 258] tts        485  get audio|use local  
[2023/05/06 19:35:13 258] tts        527  0  nil  1  
[2023/05/06 19:35:13 259] tts        657  TTS_MSG_GETAUDIO  0  
[2023/05/06 19:35:13 259] tts        485  get audio|use local  
[2023/05/06 19:35:13 259] tts        527  0  nil  1  
[2023/05/06 19:35:13 260] tts        657  TTS_MSG_GETAUDIO  0  
[2023/05/06 19:35:13 260] tts        485  get audio|use local  
[2023/05/06 19:35:13 260] tts        527  0  nil  1  
[2023/05/06 19:35:13 260] tts        657  TTS_MSG_GETAUDIO  0  
[2023/05/06 19:35:13 260] tts        485  get audio|use local  
[2023/05/06 19:35:13 261] tts        527  0  nil  1  
[2023/05/06 19:35:13 261] tts        657  TTS_MSG_GETAUDIO  0  
[2023/05/06 19:35:13 261] tts        485  get audio|use local  
[2023/05/06 19:35:13 261] tts        527  0  nil  1  
[2023/05/06 19:35:13 262] tts        657  TTS_MSG_GETAUDIO  0  
[2023/05/06 19:35:13 262] tts        485  get audio|use local  
[2023/05/06 19:35:13 262] tts        527  0  nil  1  
[2023/05/06 19:35:13 263] tts        657  TTS_MSG_GETAUDIO  0  
[2023/05/06 19:35:13 263] tts        485  get audio|use local  
[2023/05/06 19:35:13 263] tts        527  0  nil  1  
[2023/05/06 19:35:13 264] tts        657  TTS_MSG_GETAUDIO  0  
[2023/05/06 19:35:13 264] tts        485  get audio|use local  
[2023/05/06 19:35:13 264] tts        527  0  nil  1  
[2023/05/06 19:35:13 265] tts        657  TTS_MSG_GETAUDIO  0  
[2023/05/06 19:35:13 265] tts        485  get audio|use local  
[2023/05/06 19:35:13 265] tts        527  0  nil  1  
[2023/05/06 19:35:13 265] tts        657  TTS_MSG_GETAUDIO  0  
[2023/05/06 19:35:13 266] tts        485  get audio|use local  
[2023/05/06 19:35:13 266] tts        527  0  nil  1  
[2023/05/06 19:35:13 266] tts        657  TTS_MSG_GETAUDIO  0  
[2023/05/06 19:35:13 266] tts        485  get audio|use local  
[2023/05/06 19:35:13 266] tts        527  0  nil  1  
[2023/05/06 19:35:13 268] tts        657  TTS_MSG_GETAUDIO  0  
[2023/05/06 19:35:13 269] tts        485  get audio|use local  
[2023/05/06 19:35:13 269] tts        527  0  nil  1  
[2023/05/06 19:35:13 270] tts        657  TTS_MSG_GETAUDIO  0  
[2023/05/06 19:35:13 270] tts        485  get audio|use local  
[2023/05/06 19:35:13 270] tts        498  local audiolen:  2002  ,ced:  12  
[2023/05/06 19:35:13 271] tts        527  0  udata(5807c6f8) 1  
[2023/05/06 19:35:13 276] tts        301  0  0  
[2023/05/06 19:35:13 277] tts        312  TTS_LOCAL_CB_END,  2  
[2023/05/06 19:35:13 277] tts        657  TTS_MSG_GETAUDIO  0  
[2023/05/06 19:35:13 278] tts        485  get audio|use local  
[2023/05/06 19:35:13 278] tts        498  local audiolen:  1928  ,ced:  12  
[2023/05/06 19:35:13 278] tts        527  0  udata(5807deb8) 1  
[2023/05/06 19:35:13 278] tts        657  TTS_MSG_GETAUDIO  0  
[2023/05/06 19:35:13 279] tts        485  get audio|use local  
[2023/05/06 19:35:13 279] tts        498  local audiolen:  1882  ,ced:  12  
[2023/05/06 19:35:13 279] tts        527  0  udata(5807d2c8) 1  
[2023/05/06 19:35:13 279] tts        657  TTS_MSG_GETAUDIO  0  
[2023/05/06 19:35:13 279] tts        485  get audio|use local  
[2023/05/06 19:35:13 280] tts        498  local audiolen:  2004  ,ced:  12  
[2023/05/06 19:35:13 280] tts        527  0  udata(5807ed88) 1  
[2023/05/06 19:35:13 280] tts        657  TTS_MSG_GETAUDIO  0  
[2023/05/06 19:35:13 280] tts        485  get audio|use local  
[2023/05/06 19:35:13 280] tts        498  local audiolen:  1962  ,ced:  12  
[2023/05/06 19:35:13 281] tts        527  0  udata(5807edd8) 1  
[2023/05/06 19:35:13 281] tts        657  TTS_MSG_GETAUDIO  0  
[2023/05/06 19:35:13 281] tts        485  get audio|use local  
[2023/05/06 19:35:13 282] tts        498  local audiolen:  2006  ,ced:  12  
[2023/05/06 19:35:13 282] tts        527  0  udata(5807ee28) 1  
[2023/05/06 19:35:13 282] tts        657  TTS_MSG_GETAUDIO  0  
[2023/05/06 19:35:13 282] tts        485  get audio|use local  
[2023/05/06 19:35:13 283] tts        498  local audiolen:  1970  ,ced:  12  
[2023/05/06 19:35:13 283] tts        527  0  udata(5807ee78) 1  
[2023/05/06 19:35:13 283] tts        657  TTS_MSG_GETAUDIO  0  
[2023/05/06 19:35:13 283] tts        485  get audio|use local  
[2023/05/06 19:35:13 283] tts        498  local audiolen:  1962  ,ced:  12  
[2023/05/06 19:35:13 283] tts        527  0  udata(5807eec8) 1  
[2023/05/06 19:35:13 284] tts        657  TTS_MSG_GETAUDIO  0  
[2023/05/06 19:35:13 284] tts        485  get audio|use local  
[2023/05/06 19:35:13 284] tts        498  local audiolen:  672  ,ced:  12  
[2023/05/06 19:35:13 284] tts        527  0  udata(5807f1c8) 2  
[2023/05/06 19:35:13 287] tts        660  TTS_MSG_SSE  
[2023/05/06 19:35:13 288] tts        585  sse|use local  
[2023/05/06 19:35:13 289] tts        603  tts exit  
