============================================================
Time  2023/03/20 19:23:01 756 
============================================================
[2023/03/20 19:23:01 756] tts        676  SYS_MSG_REGCB param0 =  msp_status_cb  param1 =  func(94014a30) 
[2023/03/20 19:23:01 760] config     43   use general cloud  
[2023/03/20 19:23:01 767] tts_cloud  1417 SYS_MSG_REGCB_CLOUD param0 =   msp_status_cb  param1 =  func(94014a30) 
[2023/03/20 19:23:01 768] tts        647  TTS_MSG_SSB  
[2023/03/20 19:23:01 768] tts        375  params =  engine_type = local,voice_name=xiaoyan, text_encoding = UTF8, tts_res_path = fo|res/tts/xiaoyan.jet;fo|res/tts/common.jet, sample_rate = 16000, speed = 50, volume = 50, pitch = 50, rdn = 2  
[2023/03/20 19:23:01 768] tts        412  ssb|use local  
[2023/03/20 19:23:01 768] tts        349  local_session_begin  
[2023/03/20 19:23:01 776] tts        654  TTS_MSG_SYN  0  
[2023/03/20 19:23:01 776] tts        451  synth|use local  
[2023/03/20 19:23:01 778] tts        657  TTS_MSG_GETAUDIO  0  
[2023/03/20 19:23:01 778] tts        485  get audio|use local  
[2023/03/20 19:23:01 779] tts        527  0  nil  1  
[2023/03/20 19:23:01 781] tts        657  TTS_MSG_GETAUDIO  0  
[2023/03/20 19:23:01 781] tts        485  get audio|use local  
[2023/03/20 19:23:01 781] tts        527  0  nil  1  
[2023/03/20 19:23:01 782] tts        657  TTS_MSG_GETAUDIO  0  
[2023/03/20 19:23:01 782] tts        485  get audio|use local  
[2023/03/20 19:23:01 782] tts        527  0  nil  1  
[2023/03/20 19:23:01 783] tts        657  TTS_MSG_GETAUDIO  0  
[2023/03/20 19:23:01 783] tts        485  get audio|use local  
[2023/03/20 19:23:01 783] tts        527  0  nil  1  
[2023/03/20 19:23:01 790] tts        657  TTS_MSG_GETAUDIO  0  
[2023/03/20 19:23:01 790] tts        485  get audio|use local  
[2023/03/20 19:23:01 790] tts        527  0  nil  1  
[2023/03/20 19:23:01 791] tts        657  TTS_MSG_GETAUDIO  0  
[2023/03/20 19:23:01 791] tts        485  get audio|use local  
[2023/03/20 19:23:01 791] tts        527  0  nil  1  
[2023/03/20 19:23:01 798] tts        657  TTS_MSG_GETAUDIO  0  
[2023/03/20 19:23:01 798] tts        485  get audio|use local  
[2023/03/20 19:23:01 798] tts        527  0  nil  1  
[2023/03/20 19:23:01 799] tts        657  TTS_MSG_GETAUDIO  0  
[2023/03/20 19:23:01 799] tts        485  get audio|use local  
[2023/03/20 19:23:01 799] tts        527  0  nil  1  
[2023/03/20 19:23:01 800] tts        657  TTS_MSG_GETAUDIO  0  
[2023/03/20 19:23:01 800] tts        485  get audio|use local  
[2023/03/20 19:23:01 800] tts        527  0  nil  1  
[2023/03/20 19:23:01 801] tts        657  TTS_MSG_GETAUDIO  0  
[2023/03/20 19:23:01 801] tts        485  get audio|use local  
[2023/03/20 19:23:01 801] tts        527  0  nil  1  
[2023/03/20 19:23:01 802] tts        657  TTS_MSG_GETAUDIO  0  
[2023/03/20 19:23:01 803] tts        485  get audio|use local  
[2023/03/20 19:23:01 803] tts        527  0  nil  1  
[2023/03/20 19:23:01 803] tts        657  TTS_MSG_GETAUDIO  0  
[2023/03/20 19:23:01 803] tts        485  get audio|use local  
[2023/03/20 19:23:01 804] tts        527  0  nil  1  
[2023/03/20 19:23:01 804] tts        657  TTS_MSG_GETAUDIO  0  
[2023/03/20 19:23:01 804] tts        485  get audio|use local  
[2023/03/20 19:23:01 805] tts        527  0  nil  1  
[2023/03/20 19:23:01 805] tts        657  TTS_MSG_GETAUDIO  0  
[2023/03/20 19:23:01 805] tts        485  get audio|use local  
[2023/03/20 19:23:01 805] tts        527  0  nil  1  
[2023/03/20 19:23:01 806] tts        657  TTS_MSG_GETAUDIO  0  
[2023/03/20 19:23:01 806] tts        485  get audio|use local  
[2023/03/20 19:23:01 806] tts        527  0  nil  1  
[2023/03/20 19:23:01 807] tts        657  TTS_MSG_GETAUDIO  0  
[2023/03/20 19:23:01 807] tts        485  get audio|use local  
[2023/03/20 19:23:01 807] tts        527  0  nil  1  
[2023/03/20 19:23:01 808] tts        657  TTS_MSG_GETAUDIO  0  
[2023/03/20 19:23:01 808] tts        485  get audio|use local  
[2023/03/20 19:23:01 808] tts        527  0  nil  1  
[2023/03/20 19:23:01 819] tts        657  TTS_MSG_GETAUDIO  0  
[2023/03/20 19:23:01 819] tts        485  get audio|use local  
[2023/03/20 19:23:01 819] tts        527  0  nil  1  
[2023/03/20 19:23:01 820] tts        657  TTS_MSG_GETAUDIO  0  
[2023/03/20 19:23:01 820] tts        485  get audio|use local  
[2023/03/20 19:23:01 821] tts        527  0  nil  1  
[2023/03/20 19:23:01 825] tts        657  TTS_MSG_GETAUDIO  0  
[2023/03/20 19:23:01 825] tts        485  get audio|use local  
[2023/03/20 19:23:01 825] tts        527  0  nil  1  
[2023/03/20 19:23:01 826] tts        657  TTS_MSG_GETAUDIO  0  
[2023/03/20 19:23:01 826] tts        485  get audio|use local  
[2023/03/20 19:23:01 826] tts        527  0  nil  1  
[2023/03/20 19:23:01 827] tts        657  TTS_MSG_GETAUDIO  0  
[2023/03/20 19:23:01 827] tts        485  get audio|use local  
[2023/03/20 19:23:01 827] tts        527  0  nil  1  
[2023/03/20 19:23:01 828] tts        657  TTS_MSG_GETAUDIO  0  
[2023/03/20 19:23:01 828] tts        485  get audio|use local  
[2023/03/20 19:23:01 828] tts        527  0  nil  1  
[2023/03/20 19:23:01 829] tts        657  TTS_MSG_GETAUDIO  0  
[2023/03/20 19:23:01 829] tts        485  get audio|use local  
[2023/03/20 19:23:01 829] tts        527  0  nil  1  
[2023/03/20 19:23:01 830] tts        657  TTS_MSG_GETAUDIO  0  
[2023/03/20 19:23:01 830] tts        485  get audio|use local  
[2023/03/20 19:23:01 830] tts        527  0  nil  1  
[2023/03/20 19:23:01 831] tts        657  TTS_MSG_GETAUDIO  0  
[2023/03/20 19:23:01 831] tts        485  get audio|use local  
[2023/03/20 19:23:01 831] tts        527  0  nil  1  
[2023/03/20 19:23:01 832] tts        657  TTS_MSG_GETAUDIO  0  
[2023/03/20 19:23:01 832] tts        485  get audio|use local  
[2023/03/20 19:23:01 832] tts        527  0  nil  1  
[2023/03/20 19:23:01 832] tts        657  TTS_MSG_GETAUDIO  0  
[2023/03/20 19:23:01 833] tts        485  get audio|use local  
[2023/03/20 19:23:01 833] tts        527  0  nil  1  
[2023/03/20 19:23:01 833] tts        657  TTS_MSG_GETAUDIO  0  
[2023/03/20 19:23:01 833] tts        485  get audio|use local  
[2023/03/20 19:23:01 834] tts        527  0  nil  1  
[2023/03/20 19:23:01 835] tts        657  TTS_MSG_GETAUDIO  0  
[2023/03/20 19:23:01 835] tts        485  get audio|use local  
[2023/03/20 19:23:01 835] tts        527  0  nil  1  
[2023/03/20 19:23:01 864] tts        657  TTS_MSG_GETAUDIO  0  
[2023/03/20 19:23:01 864] tts        485  get audio|use local  
[2023/03/20 19:23:01 864] tts        527  0  nil  1  
[2023/03/20 19:23:01 866] tts        657  TTS_MSG_GETAUDIO  0  
[2023/03/20 19:23:01 866] tts        485  get audio|use local  
[2023/03/20 19:23:01 866] tts        527  0  nil  1  
[2023/03/20 19:23:01 867] tts        657  TTS_MSG_GETAUDIO  0  
[2023/03/20 19:23:01 867] tts        485  get audio|use local  
[2023/03/20 19:23:01 867] tts        527  0  nil  1  
[2023/03/20 19:23:01 868] tts        657  TTS_MSG_GETAUDIO  0  
[2023/03/20 19:23:01 868] tts        485  get audio|use local  
[2023/03/20 19:23:01 868] tts        527  0  nil  1  
[2023/03/20 19:23:01 869] tts        657  TTS_MSG_GETAUDIO  0  
[2023/03/20 19:23:01 869] tts        485  get audio|use local  
[2023/03/20 19:23:01 870] tts        527  0  nil  1  
[2023/03/20 19:23:01 871] tts        657  TTS_MSG_GETAUDIO  0  
[2023/03/20 19:23:01 871] tts        485  get audio|use local  
[2023/03/20 19:23:01 871] tts        527  0  nil  1  
[2023/03/20 19:23:01 872] tts        657  TTS_MSG_GETAUDIO  0  
[2023/03/20 19:23:01 872] tts        485  get audio|use local  
[2023/03/20 19:23:01 872] tts        527  0  nil  1  
[2023/03/20 19:23:01 873] tts        657  TTS_MSG_GETAUDIO  0  
[2023/03/20 19:23:01 873] tts        485  get audio|use local  
[2023/03/20 19:23:01 873] tts        527  0  nil  1  
[2023/03/20 19:23:01 874] tts        657  TTS_MSG_GETAUDIO  0  
[2023/03/20 19:23:01 876] tts        485  get audio|use local  
[2023/03/20 19:23:01 877] tts        527  0  nil  1  
[2023/03/20 19:23:01 877] tts        657  TTS_MSG_GETAUDIO  0  
[2023/03/20 19:23:01 877] tts        485  get audio|use local  
[2023/03/20 19:23:01 878] tts        527  0  nil  1  
[2023/03/20 19:23:01 878] tts        657  TTS_MSG_GETAUDIO  0  
[2023/03/20 19:23:01 878] tts        485  get audio|use local  
[2023/03/20 19:23:01 879] tts        527  0  nil  1  
[2023/03/20 19:23:01 879] tts        657  TTS_MSG_GETAUDIO  0  
[2023/03/20 19:23:01 879] tts        485  get audio|use local  
[2023/03/20 19:23:01 880] tts        527  0  nil  1  
[2023/03/20 19:23:01 880] tts        657  TTS_MSG_GETAUDIO  0  
[2023/03/20 19:23:01 880] tts        485  get audio|use local  
[2023/03/20 19:23:01 880] tts        527  0  nil  1  
[2023/03/20 19:23:01 881] tts        657  TTS_MSG_GETAUDIO  0  
[2023/03/20 19:23:01 881] tts        485  get audio|use local  
[2023/03/20 19:23:01 881] tts        527  0  nil  1  
[2023/03/20 19:23:01 883] tts        657  TTS_MSG_GETAUDIO  0  
[2023/03/20 19:23:01 884] tts        485  get audio|use local  
[2023/03/20 19:23:01 884] tts        527  0  nil  1  
[2023/03/20 19:23:01 885] tts        657  TTS_MSG_GETAUDIO  0  
[2023/03/20 19:23:01 885] tts        485  get audio|use local  
[2023/03/20 19:23:01 885] tts        527  0  nil  1  
[2023/03/20 19:23:01 898] tts        657  TTS_MSG_GETAUDIO  0  
[2023/03/20 19:23:01 898] tts        485  get audio|use local  
[2023/03/20 19:23:01 899] tts        527  0  nil  1  
[2023/03/20 19:23:01 904] tts        657  TTS_MSG_GETAUDIO  0  
[2023/03/20 19:23:01 904] tts        485  get audio|use local  
[2023/03/20 19:23:01 908] tts        527  0  nil  1  
[2023/03/20 19:23:01 913] tts        657  TTS_MSG_GETAUDIO  0  
[2023/03/20 19:23:01 913] tts        485  get audio|use local  
[2023/03/20 19:23:01 913] tts        527  0  nil  1  
[2023/03/20 19:23:01 914] tts        657  TTS_MSG_GETAUDIO  0  
[2023/03/20 19:23:01 914] tts        485  get audio|use local  
[2023/03/20 19:23:01 915] tts        527  0  nil  1  
[2023/03/20 19:23:01 915] tts        657  TTS_MSG_GETAUDIO  0  
[2023/03/20 19:23:01 915] tts        485  get audio|use local  
[2023/03/20 19:23:01 916] tts        527  0  nil  1  
[2023/03/20 19:23:01 918] tts        657  TTS_MSG_GETAUDIO  0  
[2023/03/20 19:23:01 918] tts        485  get audio|use local  
[2023/03/20 19:23:01 918] tts        527  0  nil  1  
[2023/03/20 19:23:01 920] tts        657  TTS_MSG_GETAUDIO  0  
[2023/03/20 19:23:01 920] tts        485  get audio|use local  
[2023/03/20 19:23:01 920] tts        527  0  nil  1  
[2023/03/20 19:23:01 921] tts        657  TTS_MSG_GETAUDIO  0  
[2023/03/20 19:23:01 921] tts        485  get audio|use local  
[2023/03/20 19:23:01 921] tts        527  0  nil  1  
[2023/03/20 19:23:01 922] tts        657  TTS_MSG_GETAUDIO  0  
[2023/03/20 19:23:01 922] tts        485  get audio|use local  
[2023/03/20 19:23:01 922] tts        527  0  nil  1  
[2023/03/20 19:23:01 922] tts        657  TTS_MSG_GETAUDIO  0  
[2023/03/20 19:23:01 923] tts        485  get audio|use local  
[2023/03/20 19:23:01 923] tts        527  0  nil  1  
[2023/03/20 19:23:01 923] tts        657  TTS_MSG_GETAUDIO  0  
[2023/03/20 19:23:01 923] tts        485  get audio|use local  
[2023/03/20 19:23:01 923] tts        527  0  nil  1  
[2023/03/20 19:23:01 924] tts        657  TTS_MSG_GETAUDIO  0  
[2023/03/20 19:23:01 924] tts        485  get audio|use local  
[2023/03/20 19:23:01 924] tts        527  0  nil  1  
[2023/03/20 19:23:01 925] tts        657  TTS_MSG_GETAUDIO  0  
[2023/03/20 19:23:01 925] tts        485  get audio|use local  
[2023/03/20 19:23:01 925] tts        527  0  nil  1  
[2023/03/20 19:23:01 926] tts        657  TTS_MSG_GETAUDIO  0  
[2023/03/20 19:23:01 926] tts        485  get audio|use local  
[2023/03/20 19:23:01 926] tts        527  0  nil  1  
[2023/03/20 19:23:01 927] tts        657  TTS_MSG_GETAUDIO  0  
[2023/03/20 19:23:01 927] tts        485  get audio|use local  
[2023/03/20 19:23:01 927] tts        527  0  nil  1  
[2023/03/20 19:23:01 927] tts        657  TTS_MSG_GETAUDIO  0  
[2023/03/20 19:23:01 927] tts        485  get audio|use local  
[2023/03/20 19:23:01 928] tts        527  0  nil  1  
[2023/03/20 19:23:01 928] tts        657  TTS_MSG_GETAUDIO  0  
[2023/03/20 19:23:01 928] tts        485  get audio|use local  
[2023/03/20 19:23:01 928] tts        527  0  nil  1  
[2023/03/20 19:23:01 929] tts        657  TTS_MSG_GETAUDIO  0  
[2023/03/20 19:23:01 929] tts        485  get audio|use local  
[2023/03/20 19:23:01 929] tts        527  0  nil  1  
[2023/03/20 19:23:01 934] tts        299  TTS_LOCAL_CB_BEGIN  
[2023/03/20 19:23:01 939] tts        657  TTS_MSG_GETAUDIO  0  
[2023/03/20 19:23:01 939] tts        485  get audio|use local  
[2023/03/20 19:23:01 939] tts        498  local audiolen:  2042  ,ced:  6  
[2023/03/20 19:23:01 946] tts        527  0  udata(9407dbd8) 1  
[2023/03/20 19:23:01 947] tts        301  0  0  
[2023/03/20 19:23:01 947] tts        312  TTS_LOCAL_CB_END,  2  
[2023/03/20 19:23:01 948] tts        657  TTS_MSG_GETAUDIO  0  
[2023/03/20 19:23:01 948] tts        485  get audio|use local  
[2023/03/20 19:23:01 948] tts        498  local audiolen:  2016  ,ced:  6  
[2023/03/20 19:23:01 948] tts        527  0  udata(9407c6d8) 1  
[2023/03/20 19:23:01 949] tts        657  TTS_MSG_GETAUDIO  0  
[2023/03/20 19:23:01 949] tts        485  get audio|use local  
[2023/03/20 19:23:01 949] tts        498  local audiolen:  1992  ,ced:  6  
[2023/03/20 19:23:01 949] tts        527  0  udata(9407c728) 1  
[2023/03/20 19:23:01 950] tts        657  TTS_MSG_GETAUDIO  0  
[2023/03/20 19:23:01 950] tts        485  get audio|use local  
[2023/03/20 19:23:01 950] tts        498  local audiolen:  1996  ,ced:  6  
[2023/03/20 19:23:01 950] tts        527  0  udata(9407c778) 1  
[2023/03/20 19:23:01 951] tts        657  TTS_MSG_GETAUDIO  0  
[2023/03/20 19:23:01 951] tts        485  get audio|use local  
[2023/03/20 19:23:01 951] tts        498  local audiolen:  1966  ,ced:  6  
[2023/03/20 19:23:01 951] tts        527  0  udata(9407ed28) 1  
[2023/03/20 19:23:01 952] tts        657  TTS_MSG_GETAUDIO  0  
[2023/03/20 19:23:01 952] tts        485  get audio|use local  
[2023/03/20 19:23:01 952] tts        498  local audiolen:  1902  ,ced:  6  
[2023/03/20 19:23:01 952] tts        527  0  udata(9407c7c8) 1  
[2023/03/20 19:23:01 953] tts        657  TTS_MSG_GETAUDIO  0  
[2023/03/20 19:23:01 953] tts        485  get audio|use local  
[2023/03/20 19:23:01 953] tts        498  local audiolen:  1928  ,ced:  6  
[2023/03/20 19:23:01 953] tts        527  0  udata(9407c818) 1  
[2023/03/20 19:23:01 954] tts        657  TTS_MSG_GETAUDIO  0  
[2023/03/20 19:23:01 954] tts        485  get audio|use local  
[2023/03/20 19:23:01 954] tts        498  local audiolen:  1942  ,ced:  6  
[2023/03/20 19:23:01 954] tts        527  0  udata(9407c868) 1  
[2023/03/20 19:23:01 955] tts        657  TTS_MSG_GETAUDIO  0  
[2023/03/20 19:23:01 955] tts        485  get audio|use local  
[2023/03/20 19:23:01 955] tts        498  local audiolen:  2032  ,ced:  6  
[2023/03/20 19:23:01 955] tts        527  0  udata(9407d0b8) 1  
[2023/03/20 19:23:01 955] tts        657  TTS_MSG_GETAUDIO  0  
[2023/03/20 19:23:01 956] tts        485  get audio|use local  
[2023/03/20 19:23:01 956] tts        498  local audiolen:  2028  ,ced:  6  
[2023/03/20 19:23:01 956] tts        527  0  udata(9407d108) 1  
[2023/03/20 19:23:01 956] tts        657  TTS_MSG_GETAUDIO  0  
[2023/03/20 19:23:01 957] tts        485  get audio|use local  
[2023/03/20 19:23:01 957] tts        498  local audiolen:  960  ,ced:  6  
[2023/03/20 19:23:01 957] tts        527  0  udata(9407e938) 2  
[2023/03/20 19:23:01 959] tts        660  TTS_MSG_SSE  
[2023/03/20 19:23:01 960] tts        585  sse|use local  
[2023/03/20 19:23:01 961] tts        603  tts exit  
