============================================================
Time  2023/05/06 20:08:05 809 
============================================================
[2023/05/06 20:08:05 809] tts        676  SYS_MSG_REGCB param0 =  msp_status_cb  param1 =  func(8c014a30) 
[2023/05/06 20:08:05 812] config     43   use general cloud  
[2023/05/06 20:08:05 818] tts_cloud  1417 SYS_MSG_REGCB_CLOUD param0 =   msp_status_cb  param1 =  func(8c014a30) 
[2023/05/06 20:08:05 819] tts        647  TTS_MSG_SSB  
[2023/05/06 20:08:05 819] tts        375  params =  engine_type = local,voice_name=xiaoyan, text_encoding = UTF8, tts_res_path = fo|res/tts/xiaoyan.jet;fo|res/tts/common.jet, sample_rate = 16000, speed = 80, volume = 50, pitch = 50, rdn = 2  
[2023/05/06 20:08:05 819] tts        412  ssb|use local  
[2023/05/06 20:08:05 819] tts        349  local_session_begin  
[2023/05/06 20:08:05 824] tts        654  TTS_MSG_SYN  0  
[2023/05/06 20:08:05 824] tts        451  synth|use local  
[2023/05/06 20:08:05 825] tts        657  TTS_MSG_GETAUDIO  0  
[2023/05/06 20:08:05 825] tts        485  get audio|use local  
[2023/05/06 20:08:05 825] tts        527  0  nil  1  
[2023/05/06 20:08:05 826] tts        657  TTS_MSG_GETAUDIO  0  
[2023/05/06 20:08:05 826] tts        485  get audio|use local  
[2023/05/06 20:08:05 826] tts        527  0  nil  1  
[2023/05/06 20:08:05 827] tts        657  TTS_MSG_GETAUDIO  0  
[2023/05/06 20:08:05 827] tts        485  get audio|use local  
[2023/05/06 20:08:05 827] tts        527  0  nil  1  
[2023/05/06 20:08:05 828] tts        657  TTS_MSG_GETAUDIO  0  
[2023/05/06 20:08:05 828] tts        485  get audio|use local  
[2023/05/06 20:08:05 828] tts        527  0  nil  1  
[2023/05/06 20:08:05 829] tts        657  TTS_MSG_GETAUDIO  0  
[2023/05/06 20:08:05 829] tts        485  get audio|use local  
[2023/05/06 20:08:05 829] tts        527  0  nil  1  
[2023/05/06 20:08:05 830] tts        657  TTS_MSG_GETAUDIO  0  
[2023/05/06 20:08:05 830] tts        485  get audio|use local  
[2023/05/06 20:08:05 830] tts        527  0  nil  1  
[2023/05/06 20:08:05 831] tts        657  TTS_MSG_GETAUDIO  0  
[2023/05/06 20:08:05 831] tts        485  get audio|use local  
[2023/05/06 20:08:05 831] tts        527  0  nil  1  
[2023/05/06 20:08:05 832] tts        657  TTS_MSG_GETAUDIO  0  
[2023/05/06 20:08:05 832] tts        485  get audio|use local  
[2023/05/06 20:08:05 832] tts        527  0  nil  1  
[2023/05/06 20:08:05 833] tts        657  TTS_MSG_GETAUDIO  0  
[2023/05/06 20:08:05 833] tts        485  get audio|use local  
[2023/05/06 20:08:05 833] tts        527  0  nil  1  
[2023/05/06 20:08:05 834] tts        657  TTS_MSG_GETAUDIO  0  
[2023/05/06 20:08:05 834] tts        485  get audio|use local  
[2023/05/06 20:08:05 834] tts        527  0  nil  1  
[2023/05/06 20:08:05 835] tts        657  TTS_MSG_GETAUDIO  0  
[2023/05/06 20:08:05 835] tts        485  get audio|use local  
[2023/05/06 20:08:05 835] tts        527  0  nil  1  
[2023/05/06 20:08:05 836] tts        657  TTS_MSG_GETAUDIO  0  
[2023/05/06 20:08:05 837] tts        485  get audio|use local  
[2023/05/06 20:08:05 837] tts        527  0  nil  1  
[2023/05/06 20:08:05 838] tts        657  TTS_MSG_GETAUDIO  0  
[2023/05/06 20:08:05 838] tts        485  get audio|use local  
[2023/05/06 20:08:05 838] tts        527  0  nil  1  
[2023/05/06 20:08:05 839] tts        657  TTS_MSG_GETAUDIO  0  
[2023/05/06 20:08:05 839] tts        485  get audio|use local  
[2023/05/06 20:08:05 839] tts        527  0  nil  1  
[2023/05/06 20:08:05 840] tts        657  TTS_MSG_GETAUDIO  0  
[2023/05/06 20:08:05 840] tts        485  get audio|use local  
[2023/05/06 20:08:05 840] tts        527  0  nil  1  
[2023/05/06 20:08:05 841] tts        657  TTS_MSG_GETAUDIO  0  
[2023/05/06 20:08:05 841] tts        485  get audio|use local  
[2023/05/06 20:08:05 841] tts        527  0  nil  1  
[2023/05/06 20:08:05 842] tts        657  TTS_MSG_GETAUDIO  0  
[2023/05/06 20:08:05 842] tts        485  get audio|use local  
[2023/05/06 20:08:05 842] tts        527  0  nil  1  
[2023/05/06 20:08:05 843] tts        657  TTS_MSG_GETAUDIO  0  
[2023/05/06 20:08:05 843] tts        485  get audio|use local  
[2023/05/06 20:08:05 843] tts        527  0  nil  1  
[2023/05/06 20:08:05 844] tts        657  TTS_MSG_GETAUDIO  0  
[2023/05/06 20:08:05 844] tts        485  get audio|use local  
[2023/05/06 20:08:05 844] tts        527  0  nil  1  
[2023/05/06 20:08:05 845] tts        657  TTS_MSG_GETAUDIO  0  
[2023/05/06 20:08:05 845] tts        485  get audio|use local  
[2023/05/06 20:08:05 845] tts        527  0  nil  1  
[2023/05/06 20:08:05 846] tts        657  TTS_MSG_GETAUDIO  0  
[2023/05/06 20:08:05 846] tts        485  get audio|use local  
[2023/05/06 20:08:05 846] tts        527  0  nil  1  
[2023/05/06 20:08:05 847] tts        657  TTS_MSG_GETAUDIO  0  
[2023/05/06 20:08:05 847] tts        485  get audio|use local  
[2023/05/06 20:08:05 847] tts        527  0  nil  1  
[2023/05/06 20:08:05 848] tts        657  TTS_MSG_GETAUDIO  0  
[2023/05/06 20:08:05 848] tts        485  get audio|use local  
[2023/05/06 20:08:05 848] tts        527  0  nil  1  
[2023/05/06 20:08:05 849] tts        657  TTS_MSG_GETAUDIO  0  
[2023/05/06 20:08:05 849] tts        485  get audio|use local  
[2023/05/06 20:08:05 849] tts        527  0  nil  1  
[2023/05/06 20:08:05 850] tts        657  TTS_MSG_GETAUDIO  0  
[2023/05/06 20:08:05 850] tts        485  get audio|use local  
[2023/05/06 20:08:05 850] tts        527  0  nil  1  
[2023/05/06 20:08:05 851] tts        657  TTS_MSG_GETAUDIO  0  
[2023/05/06 20:08:05 851] tts        485  get audio|use local  
[2023/05/06 20:08:05 851] tts        527  0  nil  1  
[2023/05/06 20:08:05 852] tts        657  TTS_MSG_GETAUDIO  0  
[2023/05/06 20:08:05 852] tts        485  get audio|use local  
[2023/05/06 20:08:05 852] tts        527  0  nil  1  
[2023/05/06 20:08:05 853] tts        657  TTS_MSG_GETAUDIO  0  
[2023/05/06 20:08:05 853] tts        485  get audio|use local  
[2023/05/06 20:08:05 853] tts        527  0  nil  1  
[2023/05/06 20:08:05 854] tts        657  TTS_MSG_GETAUDIO  0  
[2023/05/06 20:08:05 854] tts        485  get audio|use local  
[2023/05/06 20:08:05 854] tts        527  0  nil  1  
[2023/05/06 20:08:05 855] tts        657  TTS_MSG_GETAUDIO  0  
[2023/05/06 20:08:05 855] tts        485  get audio|use local  
[2023/05/06 20:08:05 855] tts        527  0  nil  1  
[2023/05/06 20:08:05 856] tts        657  TTS_MSG_GETAUDIO  0  
[2023/05/06 20:08:05 856] tts        485  get audio|use local  
[2023/05/06 20:08:05 856] tts        527  0  nil  1  
[2023/05/06 20:08:05 857] tts        657  TTS_MSG_GETAUDIO  0  
[2023/05/06 20:08:05 857] tts        485  get audio|use local  
[2023/05/06 20:08:05 857] tts        527  0  nil  1  
[2023/05/06 20:08:05 858] tts        657  TTS_MSG_GETAUDIO  0  
[2023/05/06 20:08:05 858] tts        485  get audio|use local  
[2023/05/06 20:08:05 858] tts        527  0  nil  1  
[2023/05/06 20:08:05 859] tts        657  TTS_MSG_GETAUDIO  0  
[2023/05/06 20:08:05 859] tts        485  get audio|use local  
[2023/05/06 20:08:05 859] tts        527  0  nil  1  
[2023/05/06 20:08:05 860] tts        657  TTS_MSG_GETAUDIO  0  
[2023/05/06 20:08:05 860] tts        485  get audio|use local  
[2023/05/06 20:08:05 860] tts        527  0  nil  1  
[2023/05/06 20:08:05 861] tts        657  TTS_MSG_GETAUDIO  0  
[2023/05/06 20:08:05 861] tts        485  get audio|use local  
[2023/05/06 20:08:05 862] tts        527  0  nil  1  
[2023/05/06 20:08:05 862] tts        657  TTS_MSG_GETAUDIO  0  
[2023/05/06 20:08:05 862] tts        485  get audio|use local  
[2023/05/06 20:08:05 863] tts        527  0  nil  1  
[2023/05/06 20:08:05 863] tts        657  TTS_MSG_GETAUDIO  0  
[2023/05/06 20:08:05 864] tts        485  get audio|use local  
[2023/05/06 20:08:05 864] tts        527  0  nil  1  
[2023/05/06 20:08:05 865] tts        657  TTS_MSG_GETAUDIO  0  
[2023/05/06 20:08:05 865] tts        485  get audio|use local  
[2023/05/06 20:08:05 865] tts        527  0  nil  1  
[2023/05/06 20:08:05 866] tts        657  TTS_MSG_GETAUDIO  0  
[2023/05/06 20:08:05 866] tts        485  get audio|use local  
[2023/05/06 20:08:05 866] tts        527  0  nil  1  
[2023/05/06 20:08:05 869] tts        657  TTS_MSG_GETAUDIO  0  
[2023/05/06 20:08:05 869] tts        485  get audio|use local  
[2023/05/06 20:08:05 870] tts        527  0  nil  1  
[2023/05/06 20:08:05 871] tts        657  TTS_MSG_GETAUDIO  0  
[2023/05/06 20:08:05 871] tts        485  get audio|use local  
[2023/05/06 20:08:05 872] tts        527  0  nil  1  
[2023/05/06 20:08:05 873] tts        657  TTS_MSG_GETAUDIO  0  
[2023/05/06 20:08:05 873] tts        485  get audio|use local  
[2023/05/06 20:08:05 873] tts        527  0  nil  1  
[2023/05/06 20:08:05 875] tts        657  TTS_MSG_GETAUDIO  0  
[2023/05/06 20:08:05 875] tts        485  get audio|use local  
[2023/05/06 20:08:05 875] tts        527  0  nil  1  
[2023/05/06 20:08:05 876] tts        299  TTS_LOCAL_CB_BEGIN  
[2023/05/06 20:08:05 876] tts        657  TTS_MSG_GETAUDIO  0  
[2023/05/06 20:08:05 876] tts        485  get audio|use local  
[2023/05/06 20:08:05 876] tts        527  0  nil  1  
[2023/05/06 20:08:05 877] tts        657  TTS_MSG_GETAUDIO  0  
[2023/05/06 20:08:05 877] tts        485  get audio|use local  
[2023/05/06 20:08:05 877] tts        527  0  nil  1  
[2023/05/06 20:08:05 878] tts        657  TTS_MSG_GETAUDIO  0  
[2023/05/06 20:08:05 878] tts        485  get audio|use local  
[2023/05/06 20:08:05 878] tts        527  0  nil  1  
[2023/05/06 20:08:05 879] tts        657  TTS_MSG_GETAUDIO  0  
[2023/05/06 20:08:05 879] tts        485  get audio|use local  
[2023/05/06 20:08:05 880] tts        527  0  nil  1  
[2023/05/06 20:08:05 882] tts        657  TTS_MSG_GETAUDIO  0  
[2023/05/06 20:08:05 882] tts        485  get audio|use local  
[2023/05/06 20:08:05 882] tts        498  local audiolen:  1880  ,ced:  3  
[2023/05/06 20:08:05 882] tts        527  0  udata(8c07ea78) 1  
[2023/05/06 20:08:05 885] tts        657  TTS_MSG_GETAUDIO  0  
[2023/05/06 20:08:05 885] tts        485  get audio|use local  
[2023/05/06 20:08:05 885] tts        498  local audiolen:  2026  ,ced:  3  
[2023/05/06 20:08:05 885] tts        527  0  udata(8c087778) 1  
[2023/05/06 20:08:05 885] tts        301  0  0  
[2023/05/06 20:08:05 886] tts        312  TTS_LOCAL_CB_END,  2  
[2023/05/06 20:08:05 886] tts        657  TTS_MSG_GETAUDIO  0  
[2023/05/06 20:08:05 886] tts        485  get audio|use local  
[2023/05/06 20:08:05 886] tts        498  local audiolen:  2036  ,ced:  3  
[2023/05/06 20:08:05 886] tts        527  0  udata(8c087968) 1  
[2023/05/06 20:08:05 887] tts        657  TTS_MSG_GETAUDIO  0  
[2023/05/06 20:08:05 887] tts        485  get audio|use local  
[2023/05/06 20:08:05 887] tts        498  local audiolen:  1986  ,ced:  3  
[2023/05/06 20:08:05 887] tts        527  0  udata(8c0879b8) 1  
[2023/05/06 20:08:05 888] tts        657  TTS_MSG_GETAUDIO  0  
[2023/05/06 20:08:05 888] tts        485  get audio|use local  
[2023/05/06 20:08:05 888] tts        498  local audiolen:  1446  ,ced:  3  
[2023/05/06 20:08:05 888] tts        527  0  udata(8c087378) 2  
[2023/05/06 20:08:05 889] tts        660  TTS_MSG_SSE  
[2023/05/06 20:08:05 890] tts        585  sse|use local  
[2023/05/06 20:08:05 891] tts        603  tts exit  
