============================================================
Time  2023/05/06 19:49:25 765 
============================================================
[2023/05/06 19:49:25 765] tts        676  SYS_MSG_REGCB param0 =  msp_status_cb  param1 =  func(8c014a30) 
[2023/05/06 19:49:25 768] config     43   use general cloud  
[2023/05/06 19:49:25 773] tts_cloud  1417 SYS_MSG_REGCB_CLOUD param0 =   msp_status_cb  param1 =  func(8c014a30) 
[2023/05/06 19:49:25 774] tts        647  TTS_MSG_SSB  
[2023/05/06 19:49:25 774] tts        375  params =  engine_type = local,voice_name=xiaoyan, text_encoding = UTF8, tts_res_path = fo|res/tts/xiaoyan.jet;fo|res/tts/common.jet, sample_rate = 16000, speed = 80, volume = 50, pitch = 50, rdn = 2  
[2023/05/06 19:49:25 774] tts        412  ssb|use local  
[2023/05/06 19:49:25 774] tts        349  local_session_begin  
[2023/05/06 19:49:25 777] tts        654  TTS_MSG_SYN  0  
[2023/05/06 19:49:25 777] tts        451  synth|use local  
[2023/05/06 19:49:25 778] tts        657  TTS_MSG_GETAUDIO  0  
[2023/05/06 19:49:25 778] tts        485  get audio|use local  
[2023/05/06 19:49:25 778] tts        527  0  nil  1  
[2023/05/06 19:49:25 779] tts        657  TTS_MSG_GETAUDIO  0  
[2023/05/06 19:49:25 780] tts        485  get audio|use local  
[2023/05/06 19:49:25 780] tts        527  0  nil  1  
[2023/05/06 19:49:25 781] tts        657  TTS_MSG_GETAUDIO  0  
[2023/05/06 19:49:25 781] tts        485  get audio|use local  
[2023/05/06 19:49:25 781] tts        527  0  nil  1  
[2023/05/06 19:49:25 782] tts        657  TTS_MSG_GETAUDIO  0  
[2023/05/06 19:49:25 782] tts        485  get audio|use local  
[2023/05/06 19:49:25 782] tts        527  0  nil  1  
[2023/05/06 19:49:25 783] tts        657  TTS_MSG_GETAUDIO  0  
[2023/05/06 19:49:25 783] tts        485  get audio|use local  
[2023/05/06 19:49:25 783] tts        527  0  nil  1  
[2023/05/06 19:49:25 784] tts        657  TTS_MSG_GETAUDIO  0  
[2023/05/06 19:49:25 784] tts        485  get audio|use local  
[2023/05/06 19:49:25 784] tts        527  0  nil  1  
[2023/05/06 19:49:25 785] tts        657  TTS_MSG_GETAUDIO  0  
[2023/05/06 19:49:25 785] tts        485  get audio|use local  
[2023/05/06 19:49:25 785] tts        527  0  nil  1  
[2023/05/06 19:49:25 786] tts        657  TTS_MSG_GETAUDIO  0  
[2023/05/06 19:49:25 786] tts        485  get audio|use local  
[2023/05/06 19:49:25 786] tts        527  0  nil  1  
[2023/05/06 19:49:25 787] tts        657  TTS_MSG_GETAUDIO  0  
[2023/05/06 19:49:25 787] tts        485  get audio|use local  
[2023/05/06 19:49:25 787] tts        527  0  nil  1  
[2023/05/06 19:49:25 788] tts        657  TTS_MSG_GETAUDIO  0  
[2023/05/06 19:49:25 788] tts        485  get audio|use local  
[2023/05/06 19:49:25 788] tts        527  0  nil  1  
[2023/05/06 19:49:25 789] tts        657  TTS_MSG_GETAUDIO  0  
[2023/05/06 19:49:25 789] tts        485  get audio|use local  
[2023/05/06 19:49:25 790] tts        527  0  nil  1  
[2023/05/06 19:49:25 790] tts        657  TTS_MSG_GETAUDIO  0  
[2023/05/06 19:49:25 790] tts        485  get audio|use local  
[2023/05/06 19:49:25 791] tts        527  0  nil  1  
[2023/05/06 19:49:25 791] tts        657  TTS_MSG_GETAUDIO  0  
[2023/05/06 19:49:25 791] tts        485  get audio|use local  
[2023/05/06 19:49:25 792] tts        527  0  nil  1  
[2023/05/06 19:49:25 792] tts        657  TTS_MSG_GETAUDIO  0  
[2023/05/06 19:49:25 792] tts        485  get audio|use local  
[2023/05/06 19:49:25 793] tts        527  0  nil  1  
[2023/05/06 19:49:25 793] tts        657  TTS_MSG_GETAUDIO  0  
[2023/05/06 19:49:25 793] tts        485  get audio|use local  
[2023/05/06 19:49:25 794] tts        527  0  nil  1  
[2023/05/06 19:49:25 795] tts        657  TTS_MSG_GETAUDIO  0  
[2023/05/06 19:49:25 795] tts        485  get audio|use local  
[2023/05/06 19:49:25 795] tts        527  0  nil  1  
[2023/05/06 19:49:25 795] tts        657  TTS_MSG_GETAUDIO  0  
[2023/05/06 19:49:25 795] tts        485  get audio|use local  
[2023/05/06 19:49:25 796] tts        527  0  nil  1  
[2023/05/06 19:49:25 796] tts        657  TTS_MSG_GETAUDIO  0  
[2023/05/06 19:49:25 796] tts        485  get audio|use local  
[2023/05/06 19:49:25 797] tts        527  0  nil  1  
[2023/05/06 19:49:25 797] tts        657  TTS_MSG_GETAUDIO  0  
[2023/05/06 19:49:25 798] tts        485  get audio|use local  
[2023/05/06 19:49:25 798] tts        527  0  nil  1  
[2023/05/06 19:49:25 798] tts        657  TTS_MSG_GETAUDIO  0  
[2023/05/06 19:49:25 799] tts        485  get audio|use local  
[2023/05/06 19:49:25 799] tts        527  0  nil  1  
[2023/05/06 19:49:25 799] tts        657  TTS_MSG_GETAUDIO  0  
[2023/05/06 19:49:25 800] tts        485  get audio|use local  
[2023/05/06 19:49:25 800] tts        527  0  nil  1  
[2023/05/06 19:49:25 800] tts        657  TTS_MSG_GETAUDIO  0  
[2023/05/06 19:49:25 800] tts        485  get audio|use local  
[2023/05/06 19:49:25 800] tts        527  0  nil  1  
[2023/05/06 19:49:25 801] tts        657  TTS_MSG_GETAUDIO  0  
[2023/05/06 19:49:25 801] tts        485  get audio|use local  
[2023/05/06 19:49:25 802] tts        527  0  nil  1  
[2023/05/06 19:49:25 802] tts        657  TTS_MSG_GETAUDIO  0  
[2023/05/06 19:49:25 802] tts        485  get audio|use local  
[2023/05/06 19:49:25 802] tts        527  0  nil  1  
[2023/05/06 19:49:25 803] tts        657  TTS_MSG_GETAUDIO  0  
[2023/05/06 19:49:25 803] tts        485  get audio|use local  
[2023/05/06 19:49:25 804] tts        527  0  nil  1  
[2023/05/06 19:49:25 804] tts        657  TTS_MSG_GETAUDIO  0  
[2023/05/06 19:49:25 804] tts        485  get audio|use local  
[2023/05/06 19:49:25 804] tts        527  0  nil  1  
[2023/05/06 19:49:25 805] tts        657  TTS_MSG_GETAUDIO  0  
[2023/05/06 19:49:25 805] tts        485  get audio|use local  
[2023/05/06 19:49:25 805] tts        527  0  nil  1  
[2023/05/06 19:49:25 806] tts        657  TTS_MSG_GETAUDIO  0  
[2023/05/06 19:49:25 806] tts        485  get audio|use local  
[2023/05/06 19:49:25 806] tts        527  0  nil  1  
[2023/05/06 19:49:25 806] tts        657  TTS_MSG_GETAUDIO  0  
[2023/05/06 19:49:25 807] tts        485  get audio|use local  
[2023/05/06 19:49:25 807] tts        527  0  nil  1  
[2023/05/06 19:49:25 807] tts        657  TTS_MSG_GETAUDIO  0  
[2023/05/06 19:49:25 807] tts        485  get audio|use local  
[2023/05/06 19:49:25 807] tts        527  0  nil  1  
[2023/05/06 19:49:25 808] tts        657  TTS_MSG_GETAUDIO  0  
[2023/05/06 19:49:25 808] tts        485  get audio|use local  
[2023/05/06 19:49:25 808] tts        527  0  nil  1  
[2023/05/06 19:49:25 809] tts        657  TTS_MSG_GETAUDIO  0  
[2023/05/06 19:49:25 809] tts        485  get audio|use local  
[2023/05/06 19:49:25 809] tts        527  0  nil  1  
[2023/05/06 19:49:25 810] tts        657  TTS_MSG_GETAUDIO  0  
[2023/05/06 19:49:25 810] tts        485  get audio|use local  
[2023/05/06 19:49:25 810] tts        527  0  nil  1  
[2023/05/06 19:49:25 811] tts        657  TTS_MSG_GETAUDIO  0  
[2023/05/06 19:49:25 811] tts        485  get audio|use local  
[2023/05/06 19:49:25 811] tts        527  0  nil  1  
[2023/05/06 19:49:25 811] tts        657  TTS_MSG_GETAUDIO  0  
[2023/05/06 19:49:25 812] tts        485  get audio|use local  
[2023/05/06 19:49:25 812] tts        527  0  nil  1  
[2023/05/06 19:49:25 812] tts        657  TTS_MSG_GETAUDIO  0  
[2023/05/06 19:49:25 812] tts        485  get audio|use local  
[2023/05/06 19:49:25 813] tts        527  0  nil  1  
[2023/05/06 19:49:25 813] tts        657  TTS_MSG_GETAUDIO  0  
[2023/05/06 19:49:25 814] tts        485  get audio|use local  
[2023/05/06 19:49:25 814] tts        527  0  nil  1  
[2023/05/06 19:49:25 815] tts        657  TTS_MSG_GETAUDIO  0  
[2023/05/06 19:49:25 815] tts        485  get audio|use local  
[2023/05/06 19:49:25 815] tts        527  0  nil  1  
[2023/05/06 19:49:25 816] tts        657  TTS_MSG_GETAUDIO  0  
[2023/05/06 19:49:25 816] tts        485  get audio|use local  
[2023/05/06 19:49:25 816] tts        527  0  nil  1  
[2023/05/06 19:49:25 817] tts        657  TTS_MSG_GETAUDIO  0  
[2023/05/06 19:49:25 817] tts        485  get audio|use local  
[2023/05/06 19:49:25 817] tts        527  0  nil  1  
[2023/05/06 19:49:25 818] tts        657  TTS_MSG_GETAUDIO  0  
[2023/05/06 19:49:25 818] tts        485  get audio|use local  
[2023/05/06 19:49:25 818] tts        527  0  nil  1  
[2023/05/06 19:49:25 820] tts        657  TTS_MSG_GETAUDIO  0  
[2023/05/06 19:49:25 820] tts        485  get audio|use local  
[2023/05/06 19:49:25 820] tts        527  0  nil  1  
[2023/05/06 19:49:25 822] tts        657  TTS_MSG_GETAUDIO  0  
[2023/05/06 19:49:25 822] tts        485  get audio|use local  
[2023/05/06 19:49:25 822] tts        527  0  nil  1  
[2023/05/06 19:49:25 823] tts        657  TTS_MSG_GETAUDIO  0  
[2023/05/06 19:49:25 823] tts        485  get audio|use local  
[2023/05/06 19:49:25 823] tts        527  0  nil  1  
[2023/05/06 19:49:25 824] tts        657  TTS_MSG_GETAUDIO  0  
[2023/05/06 19:49:25 825] tts        485  get audio|use local  
[2023/05/06 19:49:25 825] tts        527  0  nil  1  
[2023/05/06 19:49:25 826] tts        657  TTS_MSG_GETAUDIO  0  
[2023/05/06 19:49:25 826] tts        485  get audio|use local  
[2023/05/06 19:49:25 826] tts        527  0  nil  1  
[2023/05/06 19:49:25 827] tts        657  TTS_MSG_GETAUDIO  0  
[2023/05/06 19:49:25 827] tts        485  get audio|use local  
[2023/05/06 19:49:25 827] tts        527  0  nil  1  
[2023/05/06 19:49:25 828] tts        657  TTS_MSG_GETAUDIO  0  
[2023/05/06 19:49:25 829] tts        485  get audio|use local  
[2023/05/06 19:49:25 829] tts        527  0  nil  1  
[2023/05/06 19:49:25 829] tts        299  TTS_LOCAL_CB_BEGIN  
[2023/05/06 19:49:25 830] tts        657  TTS_MSG_GETAUDIO  0  
[2023/05/06 19:49:25 830] tts        485  get audio|use local  
[2023/05/06 19:49:25 830] tts        527  0  nil  1  
[2023/05/06 19:49:25 831] tts        657  TTS_MSG_GETAUDIO  0  
[2023/05/06 19:49:25 831] tts        485  get audio|use local  
[2023/05/06 19:49:25 831] tts        527  0  nil  1  
[2023/05/06 19:49:25 832] tts        657  TTS_MSG_GETAUDIO  0  
[2023/05/06 19:49:25 832] tts        485  get audio|use local  
[2023/05/06 19:49:25 832] tts        527  0  nil  1  
[2023/05/06 19:49:25 834] tts        657  TTS_MSG_GETAUDIO  0  
[2023/05/06 19:49:25 834] tts        485  get audio|use local  
[2023/05/06 19:49:25 834] tts        498  local audiolen:  2024  ,ced:  6  
[2023/05/06 19:49:25 834] tts        527  0  udata(8c07f458) 1  
[2023/05/06 19:49:25 840] tts        657  TTS_MSG_GETAUDIO  0  
[2023/05/06 19:49:25 840] tts        485  get audio|use local  
[2023/05/06 19:49:25 840] tts        498  local audiolen:  2016  ,ced:  6  
[2023/05/06 19:49:25 840] tts        527  0  udata(8c07c638) 1  
[2023/05/06 19:49:25 841] tts        301  0  0  
[2023/05/06 19:49:25 841] tts        312  TTS_LOCAL_CB_END,  2  
[2023/05/06 19:49:25 841] tts        657  TTS_MSG_GETAUDIO  0  
[2023/05/06 19:49:25 841] tts        485  get audio|use local  
[2023/05/06 19:49:25 841] tts        498  local audiolen:  2014  ,ced:  6  
[2023/05/06 19:49:25 842] tts        527  0  udata(8c07c828) 1  
[2023/05/06 19:49:25 842] tts        657  TTS_MSG_GETAUDIO  0  
[2023/05/06 19:49:25 842] tts        485  get audio|use local  
[2023/05/06 19:49:25 842] tts        498  local audiolen:  1940  ,ced:  6  
[2023/05/06 19:49:25 842] tts        527  0  udata(8c07c878) 1  
[2023/05/06 19:49:25 843] tts        657  TTS_MSG_GETAUDIO  0  
[2023/05/06 19:49:25 843] tts        485  get audio|use local  
[2023/05/06 19:49:25 843] tts        498  local audiolen:  1968  ,ced:  6  
[2023/05/06 19:49:25 843] tts        527  0  udata(8c07c8c8) 1  
[2023/05/06 19:49:25 844] tts        657  TTS_MSG_GETAUDIO  0  
[2023/05/06 19:49:25 844] tts        485  get audio|use local  
[2023/05/06 19:49:25 844] tts        498  local audiolen:  1946  ,ced:  6  
[2023/05/06 19:49:25 844] tts        527  0  udata(8c07c918) 1  
[2023/05/06 19:49:25 845] tts        657  TTS_MSG_GETAUDIO  0  
[2023/05/06 19:49:25 845] tts        485  get audio|use local  
[2023/05/06 19:49:25 845] tts        498  local audiolen:  1902  ,ced:  6  
[2023/05/06 19:49:25 845] tts        527  0  udata(8c07c968) 1  
[2023/05/06 19:49:25 845] tts        657  TTS_MSG_GETAUDIO  0  
[2023/05/06 19:49:25 846] tts        485  get audio|use local  
[2023/05/06 19:49:25 846] tts        498  local audiolen:  1106  ,ced:  6  
[2023/05/06 19:49:25 846] tts        527  0  udata(8c07c9b8) 2  
[2023/05/06 19:49:25 847] tts        660  TTS_MSG_SSE  
[2023/05/06 19:49:25 848] tts        585  sse|use local  
[2023/05/06 19:49:25 849] tts        603  tts exit  
