============================================================
Time  2023/03/19 19:52:21 333 
============================================================
[2023/03/19 19:52:21 333] tts        676  SYS_MSG_REGCB param0 =  msp_status_cb  param1 =  func(78014a30) 
[2023/03/19 19:52:21 336] config     43   use general cloud  
[2023/03/19 19:52:21 346] tts_cloud  1417 SYS_MSG_REGCB_CLOUD param0 =   msp_status_cb  param1 =  func(78014a30) 
[2023/03/19 19:52:21 346] tts        647  TTS_MSG_SSB  
[2023/03/19 19:52:21 347] tts        375  params =  engine_type = local,voice_name=xiaoyan, text_encoding = UTF8, tts_res_path = fo|res/tts/xiaoyan.jet;fo|res/tts/common.jet, sample_rate = 16000, speed = 50, volume = 50, pitch = 50, rdn = 2  
[2023/03/19 19:52:21 347] tts        412  ssb|use local  
[2023/03/19 19:52:21 347] tts        349  local_session_begin  
[2023/03/19 19:52:21 350] tts        654  TTS_MSG_SYN  0  
[2023/03/19 19:52:21 350] tts        451  synth|use local  
[2023/03/19 19:52:21 359] tts        657  TTS_MSG_GETAUDIO  0  
[2023/03/19 19:52:21 360] tts        485  get audio|use local  
[2023/03/19 19:52:21 360] tts        527  0  nil  1  
[2023/03/19 19:52:21 361] tts        657  TTS_MSG_GETAUDIO  0  
[2023/03/19 19:52:21 361] tts        485  get audio|use local  
[2023/03/19 19:52:21 361] tts        527  0  nil  1  
[2023/03/19 19:52:21 363] tts        657  TTS_MSG_GETAUDIO  0  
[2023/03/19 19:52:21 363] tts        485  get audio|use local  
[2023/03/19 19:52:21 364] tts        527  0  nil  1  
[2023/03/19 19:52:21 365] tts        657  TTS_MSG_GETAUDIO  0  
[2023/03/19 19:52:21 365] tts        485  get audio|use local  
[2023/03/19 19:52:21 365] tts        527  0  nil  1  
[2023/03/19 19:52:21 366] tts        657  TTS_MSG_GETAUDIO  0  
[2023/03/19 19:52:21 366] tts        485  get audio|use local  
[2023/03/19 19:52:21 366] tts        527  0  nil  1  
[2023/03/19 19:52:21 368] tts        657  TTS_MSG_GETAUDIO  0  
[2023/03/19 19:52:21 368] tts        485  get audio|use local  
[2023/03/19 19:52:21 368] tts        527  0  nil  1  
[2023/03/19 19:52:21 371] tts        657  TTS_MSG_GETAUDIO  0  
[2023/03/19 19:52:21 371] tts        485  get audio|use local  
[2023/03/19 19:52:21 371] tts        527  0  nil  1  
[2023/03/19 19:52:21 372] tts        657  TTS_MSG_GETAUDIO  0  
[2023/03/19 19:52:21 372] tts        485  get audio|use local  
[2023/03/19 19:52:21 372] tts        527  0  nil  1  
[2023/03/19 19:52:21 373] tts        657  TTS_MSG_GETAUDIO  0  
[2023/03/19 19:52:21 373] tts        485  get audio|use local  
[2023/03/19 19:52:21 373] tts        527  0  nil  1  
[2023/03/19 19:52:21 374] tts        657  TTS_MSG_GETAUDIO  0  
[2023/03/19 19:52:21 374] tts        485  get audio|use local  
[2023/03/19 19:52:21 374] tts        527  0  nil  1  
[2023/03/19 19:52:21 375] tts        657  TTS_MSG_GETAUDIO  0  
[2023/03/19 19:52:21 375] tts        485  get audio|use local  
[2023/03/19 19:52:21 375] tts        527  0  nil  1  
[2023/03/19 19:52:21 376] tts        657  TTS_MSG_GETAUDIO  0  
[2023/03/19 19:52:21 376] tts        485  get audio|use local  
[2023/03/19 19:52:21 376] tts        527  0  nil  1  
[2023/03/19 19:52:21 377] tts        657  TTS_MSG_GETAUDIO  0  
[2023/03/19 19:52:21 377] tts        485  get audio|use local  
[2023/03/19 19:52:21 377] tts        527  0  nil  1  
[2023/03/19 19:52:21 378] tts        657  TTS_MSG_GETAUDIO  0  
[2023/03/19 19:52:21 379] tts        485  get audio|use local  
[2023/03/19 19:52:21 379] tts        527  0  nil  1  
[2023/03/19 19:52:21 380] tts        657  TTS_MSG_GETAUDIO  0  
[2023/03/19 19:52:21 380] tts        485  get audio|use local  
[2023/03/19 19:52:21 380] tts        527  0  nil  1  
[2023/03/19 19:52:21 382] tts        657  TTS_MSG_GETAUDIO  0  
[2023/03/19 19:52:21 382] tts        485  get audio|use local  
[2023/03/19 19:52:21 382] tts        527  0  nil  1  
[2023/03/19 19:52:21 383] tts        657  TTS_MSG_GETAUDIO  0  
[2023/03/19 19:52:21 383] tts        485  get audio|use local  
[2023/03/19 19:52:21 383] tts        527  0  nil  1  
[2023/03/19 19:52:21 385] tts        657  TTS_MSG_GETAUDIO  0  
[2023/03/19 19:52:21 386] tts        485  get audio|use local  
[2023/03/19 19:52:21 386] tts        527  0  nil  1  
[2023/03/19 19:52:21 387] tts        657  TTS_MSG_GETAUDIO  0  
[2023/03/19 19:52:21 387] tts        485  get audio|use local  
[2023/03/19 19:52:21 387] tts        527  0  nil  1  
[2023/03/19 19:52:21 390] tts        657  TTS_MSG_GETAUDIO  0  
[2023/03/19 19:52:21 390] tts        485  get audio|use local  
[2023/03/19 19:52:21 390] tts        527  0  nil  1  
[2023/03/19 19:52:21 399] tts        657  TTS_MSG_GETAUDIO  0  
[2023/03/19 19:52:21 399] tts        485  get audio|use local  
[2023/03/19 19:52:21 400] tts        527  0  nil  1  
[2023/03/19 19:52:21 400] tts        657  TTS_MSG_GETAUDIO  0  
[2023/03/19 19:52:21 400] tts        485  get audio|use local  
[2023/03/19 19:52:21 400] tts        527  0  nil  1  
[2023/03/19 19:52:21 401] tts        657  TTS_MSG_GETAUDIO  0  
[2023/03/19 19:52:21 401] tts        485  get audio|use local  
[2023/03/19 19:52:21 401] tts        527  0  nil  1  
[2023/03/19 19:52:21 402] tts        657  TTS_MSG_GETAUDIO  0  
[2023/03/19 19:52:21 402] tts        485  get audio|use local  
[2023/03/19 19:52:21 402] tts        527  0  nil  1  
[2023/03/19 19:52:21 403] tts        657  TTS_MSG_GETAUDIO  0  
[2023/03/19 19:52:21 403] tts        485  get audio|use local  
[2023/03/19 19:52:21 403] tts        527  0  nil  1  
[2023/03/19 19:52:21 408] tts        657  TTS_MSG_GETAUDIO  0  
[2023/03/19 19:52:21 409] tts        485  get audio|use local  
[2023/03/19 19:52:21 409] tts        527  0  nil  1  
[2023/03/19 19:52:21 409] tts        657  TTS_MSG_GETAUDIO  0  
[2023/03/19 19:52:21 409] tts        485  get audio|use local  
[2023/03/19 19:52:21 410] tts        527  0  nil  1  
[2023/03/19 19:52:21 410] tts        657  TTS_MSG_GETAUDIO  0  
[2023/03/19 19:52:21 410] tts        485  get audio|use local  
[2023/03/19 19:52:21 410] tts        527  0  nil  1  
[2023/03/19 19:52:21 411] tts        657  TTS_MSG_GETAUDIO  0  
[2023/03/19 19:52:21 411] tts        485  get audio|use local  
[2023/03/19 19:52:21 411] tts        527  0  nil  1  
[2023/03/19 19:52:21 412] tts        657  TTS_MSG_GETAUDIO  0  
[2023/03/19 19:52:21 412] tts        485  get audio|use local  
[2023/03/19 19:52:21 412] tts        527  0  nil  1  
[2023/03/19 19:52:21 413] tts        657  TTS_MSG_GETAUDIO  0  
[2023/03/19 19:52:21 413] tts        485  get audio|use local  
[2023/03/19 19:52:21 413] tts        527  0  nil  1  
[2023/03/19 19:52:21 413] tts        657  TTS_MSG_GETAUDIO  0  
[2023/03/19 19:52:21 413] tts        485  get audio|use local  
[2023/03/19 19:52:21 414] tts        527  0  nil  1  
[2023/03/19 19:52:21 414] tts        657  TTS_MSG_GETAUDIO  0  
[2023/03/19 19:52:21 414] tts        485  get audio|use local  
[2023/03/19 19:52:21 414] tts        527  0  nil  1  
[2023/03/19 19:52:21 415] tts        657  TTS_MSG_GETAUDIO  0  
[2023/03/19 19:52:21 415] tts        485  get audio|use local  
[2023/03/19 19:52:21 415] tts        527  0  nil  1  
[2023/03/19 19:52:21 416] tts        657  TTS_MSG_GETAUDIO  0  
[2023/03/19 19:52:21 416] tts        485  get audio|use local  
[2023/03/19 19:52:21 416] tts        527  0  nil  1  
[2023/03/19 19:52:21 417] tts        657  TTS_MSG_GETAUDIO  0  
[2023/03/19 19:52:21 417] tts        485  get audio|use local  
[2023/03/19 19:52:21 417] tts        527  0  nil  1  
[2023/03/19 19:52:21 417] tts        657  TTS_MSG_GETAUDIO  0  
[2023/03/19 19:52:21 417] tts        485  get audio|use local  
[2023/03/19 19:52:21 418] tts        527  0  nil  1  
[2023/03/19 19:52:21 418] tts        657  TTS_MSG_GETAUDIO  0  
[2023/03/19 19:52:21 418] tts        485  get audio|use local  
[2023/03/19 19:52:21 419] tts        527  0  nil  1  
[2023/03/19 19:52:21 419] tts        657  TTS_MSG_GETAUDIO  0  
[2023/03/19 19:52:21 419] tts        485  get audio|use local  
[2023/03/19 19:52:21 419] tts        527  0  nil  1  
[2023/03/19 19:52:21 420] tts        657  TTS_MSG_GETAUDIO  0  
[2023/03/19 19:52:21 420] tts        485  get audio|use local  
[2023/03/19 19:52:21 420] tts        527  0  nil  1  
[2023/03/19 19:52:21 421] tts        657  TTS_MSG_GETAUDIO  0  
[2023/03/19 19:52:21 421] tts        485  get audio|use local  
[2023/03/19 19:52:21 421] tts        527  0  nil  1  
[2023/03/19 19:52:21 422] tts        657  TTS_MSG_GETAUDIO  0  
[2023/03/19 19:52:21 422] tts        485  get audio|use local  
[2023/03/19 19:52:21 422] tts        527  0  nil  1  
[2023/03/19 19:52:21 422] tts        657  TTS_MSG_GETAUDIO  0  
[2023/03/19 19:52:21 422] tts        485  get audio|use local  
[2023/03/19 19:52:21 423] tts        527  0  nil  1  
[2023/03/19 19:52:21 423] tts        657  TTS_MSG_GETAUDIO  0  
[2023/03/19 19:52:21 423] tts        485  get audio|use local  
[2023/03/19 19:52:21 423] tts        527  0  nil  1  
[2023/03/19 19:52:21 424] tts        657  TTS_MSG_GETAUDIO  0  
[2023/03/19 19:52:21 424] tts        485  get audio|use local  
[2023/03/19 19:52:21 424] tts        527  0  nil  1  
[2023/03/19 19:52:21 425] tts        657  TTS_MSG_GETAUDIO  0  
[2023/03/19 19:52:21 425] tts        485  get audio|use local  
[2023/03/19 19:52:21 425] tts        527  0  nil  1  
[2023/03/19 19:52:21 426] tts        657  TTS_MSG_GETAUDIO  0  
[2023/03/19 19:52:21 426] tts        485  get audio|use local  
[2023/03/19 19:52:21 426] tts        527  0  nil  1  
[2023/03/19 19:52:21 426] tts        657  TTS_MSG_GETAUDIO  0  
[2023/03/19 19:52:21 427] tts        485  get audio|use local  
[2023/03/19 19:52:21 427] tts        527  0  nil  1  
[2023/03/19 19:52:21 428] tts        657  TTS_MSG_GETAUDIO  0  
[2023/03/19 19:52:21 428] tts        485  get audio|use local  
[2023/03/19 19:52:21 428] tts        527  0  nil  1  
[2023/03/19 19:52:21 428] tts        657  TTS_MSG_GETAUDIO  0  
[2023/03/19 19:52:21 429] tts        485  get audio|use local  
[2023/03/19 19:52:21 429] tts        527  0  nil  1  
[2023/03/19 19:52:21 429] tts        657  TTS_MSG_GETAUDIO  0  
[2023/03/19 19:52:21 429] tts        485  get audio|use local  
[2023/03/19 19:52:21 430] tts        527  0  nil  1  
[2023/03/19 19:52:21 430] tts        657  TTS_MSG_GETAUDIO  0  
[2023/03/19 19:52:21 430] tts        485  get audio|use local  
[2023/03/19 19:52:21 430] tts        527  0  nil  1  
[2023/03/19 19:52:21 431] tts        657  TTS_MSG_GETAUDIO  0  
[2023/03/19 19:52:21 431] tts        485  get audio|use local  
[2023/03/19 19:52:21 431] tts        527  0  nil  1  
[2023/03/19 19:52:21 432] tts        657  TTS_MSG_GETAUDIO  0  
[2023/03/19 19:52:21 432] tts        485  get audio|use local  
[2023/03/19 19:52:21 432] tts        527  0  nil  1  
[2023/03/19 19:52:21 433] tts        657  TTS_MSG_GETAUDIO  0  
[2023/03/19 19:52:21 433] tts        485  get audio|use local  
[2023/03/19 19:52:21 433] tts        527  0  nil  1  
[2023/03/19 19:52:21 434] tts        657  TTS_MSG_GETAUDIO  0  
[2023/03/19 19:52:21 434] tts        485  get audio|use local  
[2023/03/19 19:52:21 434] tts        527  0  nil  1  
[2023/03/19 19:52:21 435] tts        657  TTS_MSG_GETAUDIO  0  
[2023/03/19 19:52:21 435] tts        485  get audio|use local  
[2023/03/19 19:52:21 435] tts        527  0  nil  1  
[2023/03/19 19:52:21 437] tts        657  TTS_MSG_GETAUDIO  0  
[2023/03/19 19:52:21 437] tts        485  get audio|use local  
[2023/03/19 19:52:21 437] tts        527  0  nil  1  
[2023/03/19 19:52:21 438] tts        657  TTS_MSG_GETAUDIO  0  
[2023/03/19 19:52:21 438] tts        485  get audio|use local  
[2023/03/19 19:52:21 438] tts        527  0  nil  1  
[2023/03/19 19:52:21 439] tts        657  TTS_MSG_GETAUDIO  0  
[2023/03/19 19:52:21 439] tts        485  get audio|use local  
[2023/03/19 19:52:21 439] tts        527  0  nil  1  
[2023/03/19 19:52:21 440] tts        657  TTS_MSG_GETAUDIO  0  
[2023/03/19 19:52:21 440] tts        485  get audio|use local  
[2023/03/19 19:52:21 440] tts        527  0  nil  1  
[2023/03/19 19:52:21 441] tts        657  TTS_MSG_GETAUDIO  0  
[2023/03/19 19:52:21 441] tts        485  get audio|use local  
[2023/03/19 19:52:21 441] tts        527  0  nil  1  
[2023/03/19 19:52:21 441] tts        657  TTS_MSG_GETAUDIO  0  
[2023/03/19 19:52:21 441] tts        485  get audio|use local  
[2023/03/19 19:52:21 442] tts        527  0  nil  1  
[2023/03/19 19:52:21 442] tts        657  TTS_MSG_GETAUDIO  0  
[2023/03/19 19:52:21 442] tts        485  get audio|use local  
[2023/03/19 19:52:21 442] tts        527  0  nil  1  
[2023/03/19 19:52:21 443] tts        657  TTS_MSG_GETAUDIO  0  
[2023/03/19 19:52:21 443] tts        485  get audio|use local  
[2023/03/19 19:52:21 443] tts        527  0  nil  1  
[2023/03/19 19:52:21 444] tts        657  TTS_MSG_GETAUDIO  0  
[2023/03/19 19:52:21 444] tts        485  get audio|use local  
[2023/03/19 19:52:21 444] tts        527  0  nil  1  
[2023/03/19 19:52:21 445] tts        657  TTS_MSG_GETAUDIO  0  
[2023/03/19 19:52:21 445] tts        485  get audio|use local  
[2023/03/19 19:52:21 445] tts        527  0  nil  1  
[2023/03/19 19:52:21 445] tts        657  TTS_MSG_GETAUDIO  0  
[2023/03/19 19:52:21 445] tts        485  get audio|use local  
[2023/03/19 19:52:21 445] tts        527  0  nil  1  
[2023/03/19 19:52:21 446] tts        657  TTS_MSG_GETAUDIO  0  
[2023/03/19 19:52:21 446] tts        485  get audio|use local  
[2023/03/19 19:52:21 446] tts        527  0  nil  1  
[2023/03/19 19:52:21 447] tts        657  TTS_MSG_GETAUDIO  0  
[2023/03/19 19:52:21 447] tts        485  get audio|use local  
[2023/03/19 19:52:21 447] tts        527  0  nil  1  
[2023/03/19 19:52:21 448] tts        657  TTS_MSG_GETAUDIO  0  
[2023/03/19 19:52:21 449] tts        485  get audio|use local  
[2023/03/19 19:52:21 449] tts        527  0  nil  1  
[2023/03/19 19:52:21 449] tts        657  TTS_MSG_GETAUDIO  0  
[2023/03/19 19:52:21 449] tts        485  get audio|use local  
[2023/03/19 19:52:21 450] tts        527  0  nil  1  
[2023/03/19 19:52:21 450] tts        657  TTS_MSG_GETAUDIO  0  
[2023/03/19 19:52:21 450] tts        485  get audio|use local  
[2023/03/19 19:52:21 450] tts        527  0  nil  1  
[2023/03/19 19:52:21 453] tts        657  TTS_MSG_GETAUDIO  0  
[2023/03/19 19:52:21 453] tts        485  get audio|use local  
[2023/03/19 19:52:21 453] tts        527  0  nil  1  
[2023/03/19 19:52:21 454] tts        657  TTS_MSG_GETAUDIO  0  
[2023/03/19 19:52:21 454] tts        485  get audio|use local  
[2023/03/19 19:52:21 454] tts        527  0  nil  1  
[2023/03/19 19:52:21 456] tts        657  TTS_MSG_GETAUDIO  0  
[2023/03/19 19:52:21 456] tts        485  get audio|use local  
[2023/03/19 19:52:21 456] tts        527  0  nil  1  
[2023/03/19 19:52:21 457] tts        657  TTS_MSG_GETAUDIO  0  
[2023/03/19 19:52:21 458] tts        485  get audio|use local  
[2023/03/19 19:52:21 458] tts        527  0  nil  1  
[2023/03/19 19:52:21 459] tts        657  TTS_MSG_GETAUDIO  0  
[2023/03/19 19:52:21 459] tts        485  get audio|use local  
[2023/03/19 19:52:21 459] tts        527  0  nil  1  
[2023/03/19 19:52:21 460] tts        657  TTS_MSG_GETAUDIO  0  
[2023/03/19 19:52:21 461] tts        485  get audio|use local  
[2023/03/19 19:52:21 461] tts        527  0  nil  1  
[2023/03/19 19:52:21 465] tts        657  TTS_MSG_GETAUDIO  0  
[2023/03/19 19:52:21 465] tts        485  get audio|use local  
[2023/03/19 19:52:21 465] tts        527  0  nil  1  
[2023/03/19 19:52:21 472] tts        657  TTS_MSG_GETAUDIO  0  
[2023/03/19 19:52:21 472] tts        485  get audio|use local  
[2023/03/19 19:52:21 472] tts        527  0  nil  1  
[2023/03/19 19:52:21 473] tts        657  TTS_MSG_GETAUDIO  0  
[2023/03/19 19:52:21 473] tts        485  get audio|use local  
[2023/03/19 19:52:21 473] tts        527  0  nil  1  
[2023/03/19 19:52:21 474] tts        657  TTS_MSG_GETAUDIO  0  
[2023/03/19 19:52:21 475] tts        485  get audio|use local  
[2023/03/19 19:52:21 475] tts        527  0  nil  1  
[2023/03/19 19:52:21 477] tts        657  TTS_MSG_GETAUDIO  0  
[2023/03/19 19:52:21 478] tts        485  get audio|use local  
[2023/03/19 19:52:21 478] tts        527  0  nil  1  
[2023/03/19 19:52:21 479] tts        299  TTS_LOCAL_CB_BEGIN  
[2023/03/19 19:52:21 479] tts        657  TTS_MSG_GETAUDIO  0  
[2023/03/19 19:52:21 479] tts        485  get audio|use local  
[2023/03/19 19:52:21 480] tts        527  0  nil  1  
[2023/03/19 19:52:21 480] tts        657  TTS_MSG_GETAUDIO  0  
[2023/03/19 19:52:21 480] tts        485  get audio|use local  
[2023/03/19 19:52:21 480] tts        527  0  nil  1  
[2023/03/19 19:52:21 484] tts        657  TTS_MSG_GETAUDIO  0  
[2023/03/19 19:52:21 484] tts        485  get audio|use local  
[2023/03/19 19:52:21 484] tts        527  0  nil  1  
[2023/03/19 19:52:21 490] tts        657  TTS_MSG_GETAUDIO  0  
[2023/03/19 19:52:21 490] tts        485  get audio|use local  
[2023/03/19 19:52:21 490] tts        527  0  nil  1  
[2023/03/19 19:52:21 491] tts        657  TTS_MSG_GETAUDIO  0  
[2023/03/19 19:52:21 491] tts        485  get audio|use local  
[2023/03/19 19:52:21 491] tts        527  0  nil  1  
[2023/03/19 19:52:21 496] tts        657  TTS_MSG_GETAUDIO  0  
[2023/03/19 19:52:21 497] tts        485  get audio|use local  
[2023/03/19 19:52:21 497] tts        527  0  nil  1  
[2023/03/19 19:52:21 497] tts        657  TTS_MSG_GETAUDIO  0  
[2023/03/19 19:52:21 497] tts        485  get audio|use local  
[2023/03/19 19:52:21 497] tts        527  0  nil  1  
[2023/03/19 19:52:21 498] tts        657  TTS_MSG_GETAUDIO  0  
[2023/03/19 19:52:21 498] tts        485  get audio|use local  
[2023/03/19 19:52:21 499] tts        527  0  nil  1  
[2023/03/19 19:52:21 501] tts        657  TTS_MSG_GETAUDIO  0  
[2023/03/19 19:52:21 501] tts        485  get audio|use local  
[2023/03/19 19:52:21 501] tts        527  0  nil  1  
[2023/03/19 19:52:21 502] tts        657  TTS_MSG_GETAUDIO  0  
[2023/03/19 19:52:21 502] tts        485  get audio|use local  
[2023/03/19 19:52:21 502] tts        527  0  nil  1  
[2023/03/19 19:52:21 503] tts        657  TTS_MSG_GETAUDIO  0  
[2023/03/19 19:52:21 504] tts        485  get audio|use local  
[2023/03/19 19:52:21 504] tts        527  0  nil  1  
[2023/03/19 19:52:21 508] tts        657  TTS_MSG_GETAUDIO  0  
[2023/03/19 19:52:21 508] tts        485  get audio|use local  
[2023/03/19 19:52:21 508] tts        527  0  nil  1  
[2023/03/19 19:52:21 509] tts        657  TTS_MSG_GETAUDIO  0  
[2023/03/19 19:52:21 509] tts        485  get audio|use local  
[2023/03/19 19:52:21 509] tts        527  0  nil  1  
[2023/03/19 19:52:21 510] tts        657  TTS_MSG_GETAUDIO  0  
[2023/03/19 19:52:21 510] tts        485  get audio|use local  
[2023/03/19 19:52:21 511] tts        527  0  nil  1  
[2023/03/19 19:52:21 511] tts        657  TTS_MSG_GETAUDIO  0  
[2023/03/19 19:52:21 511] tts        485  get audio|use local  
[2023/03/19 19:52:21 511] tts        527  0  nil  1  
[2023/03/19 19:52:21 512] tts        657  TTS_MSG_GETAUDIO  0  
[2023/03/19 19:52:21 512] tts        485  get audio|use local  
[2023/03/19 19:52:21 512] tts        527  0  nil  1  
[2023/03/19 19:52:21 513] tts        657  TTS_MSG_GETAUDIO  0  
[2023/03/19 19:52:21 513] tts        485  get audio|use local  
[2023/03/19 19:52:21 513] tts        527  0  nil  1  
[2023/03/19 19:52:21 514] tts        657  TTS_MSG_GETAUDIO  0  
[2023/03/19 19:52:21 514] tts        485  get audio|use local  
[2023/03/19 19:52:21 514] tts        527  0  nil  1  
[2023/03/19 19:52:21 515] tts        657  TTS_MSG_GETAUDIO  0  
[2023/03/19 19:52:21 515] tts        485  get audio|use local  
[2023/03/19 19:52:21 515] tts        527  0  nil  1  
[2023/03/19 19:52:21 516] tts        657  TTS_MSG_GETAUDIO  0  
[2023/03/19 19:52:21 516] tts        485  get audio|use local  
[2023/03/19 19:52:21 516] tts        527  0  nil  1  
[2023/03/19 19:52:21 516] tts        657  TTS_MSG_GETAUDIO  0  
[2023/03/19 19:52:21 517] tts        485  get audio|use local  
[2023/03/19 19:52:21 517] tts        527  0  nil  1  
[2023/03/19 19:52:21 517] tts        657  TTS_MSG_GETAUDIO  0  
[2023/03/19 19:52:21 518] tts        485  get audio|use local  
[2023/03/19 19:52:21 518] tts        527  0  nil  1  
[2023/03/19 19:52:21 518] tts        657  TTS_MSG_GETAUDIO  0  
[2023/03/19 19:52:21 519] tts        485  get audio|use local  
[2023/03/19 19:52:21 519] tts        527  0  nil  1  
[2023/03/19 19:52:21 520] tts        657  TTS_MSG_GETAUDIO  0  
[2023/03/19 19:52:21 520] tts        485  get audio|use local  
[2023/03/19 19:52:21 520] tts        527  0  nil  1  
[2023/03/19 19:52:21 521] tts        657  TTS_MSG_GETAUDIO  0  
[2023/03/19 19:52:21 521] tts        485  get audio|use local  
[2023/03/19 19:52:21 521] tts        527  0  nil  1  
[2023/03/19 19:52:21 521] tts        657  TTS_MSG_GETAUDIO  0  
[2023/03/19 19:52:21 521] tts        485  get audio|use local  
[2023/03/19 19:52:21 521] tts        527  0  nil  1  
[2023/03/19 19:52:21 522] tts        657  TTS_MSG_GETAUDIO  0  
[2023/03/19 19:52:21 522] tts        485  get audio|use local  
[2023/03/19 19:52:21 522] tts        527  0  nil  1  
[2023/03/19 19:52:21 523] tts        657  TTS_MSG_GETAUDIO  0  
[2023/03/19 19:52:21 524] tts        485  get audio|use local  
[2023/03/19 19:52:21 524] tts        527  0  nil  1  
[2023/03/19 19:52:21 527] tts        657  TTS_MSG_GETAUDIO  0  
[2023/03/19 19:52:21 528] tts        485  get audio|use local  
[2023/03/19 19:52:21 528] tts        527  0  nil  1  
[2023/03/19 19:52:21 530] tts        657  TTS_MSG_GETAUDIO  0  
[2023/03/19 19:52:21 530] tts        485  get audio|use local  
[2023/03/19 19:52:21 530] tts        527  0  nil  1  
[2023/03/19 19:52:21 531] tts        657  TTS_MSG_GETAUDIO  0  
[2023/03/19 19:52:21 531] tts        485  get audio|use local  
[2023/03/19 19:52:21 531] tts        527  0  nil  1  
[2023/03/19 19:52:21 532] tts        657  TTS_MSG_GETAUDIO  0  
[2023/03/19 19:52:21 532] tts        485  get audio|use local  
[2023/03/19 19:52:21 532] tts        527  0  nil  1  
[2023/03/19 19:52:21 533] tts        657  TTS_MSG_GETAUDIO  0  
[2023/03/19 19:52:21 533] tts        485  get audio|use local  
[2023/03/19 19:52:21 533] tts        527  0  nil  1  
[2023/03/19 19:52:21 534] tts        657  TTS_MSG_GETAUDIO  0  
[2023/03/19 19:52:21 534] tts        485  get audio|use local  
[2023/03/19 19:52:21 534] tts        527  0  nil  1  
[2023/03/19 19:52:21 534] tts        657  TTS_MSG_GETAUDIO  0  
[2023/03/19 19:52:21 534] tts        485  get audio|use local  
[2023/03/19 19:52:21 534] tts        527  0  nil  1  
[2023/03/19 19:52:21 535] tts        657  TTS_MSG_GETAUDIO  0  
[2023/03/19 19:52:21 535] tts        485  get audio|use local  
[2023/03/19 19:52:21 535] tts        527  0  nil  1  
[2023/03/19 19:52:21 536] tts        657  TTS_MSG_GETAUDIO  0  
[2023/03/19 19:52:21 536] tts        485  get audio|use local  
[2023/03/19 19:52:21 536] tts        527  0  nil  1  
[2023/03/19 19:52:21 537] tts        657  TTS_MSG_GETAUDIO  0  
[2023/03/19 19:52:21 537] tts        485  get audio|use local  
[2023/03/19 19:52:21 537] tts        527  0  nil  1  
[2023/03/19 19:52:21 537] tts        657  TTS_MSG_GETAUDIO  0  
[2023/03/19 19:52:21 537] tts        485  get audio|use local  
[2023/03/19 19:52:21 537] tts        527  0  nil  1  
[2023/03/19 19:52:21 538] tts        657  TTS_MSG_GETAUDIO  0  
[2023/03/19 19:52:21 538] tts        485  get audio|use local  
[2023/03/19 19:52:21 538] tts        527  0  nil  1  
[2023/03/19 19:52:21 539] tts        657  TTS_MSG_GETAUDIO  0  
[2023/03/19 19:52:21 539] tts        485  get audio|use local  
[2023/03/19 19:52:21 539] tts        527  0  nil  1  
[2023/03/19 19:52:21 540] tts        657  TTS_MSG_GETAUDIO  0  
[2023/03/19 19:52:21 540] tts        485  get audio|use local  
[2023/03/19 19:52:21 540] tts        527  0  nil  1  
[2023/03/19 19:52:21 540] tts        657  TTS_MSG_GETAUDIO  0  
[2023/03/19 19:52:21 540] tts        485  get audio|use local  
[2023/03/19 19:52:21 540] tts        527  0  nil  1  
[2023/03/19 19:52:21 541] tts        657  TTS_MSG_GETAUDIO  0  
[2023/03/19 19:52:21 541] tts        485  get audio|use local  
[2023/03/19 19:52:21 541] tts        527  0  nil  1  
[2023/03/19 19:52:21 542] tts        657  TTS_MSG_GETAUDIO  0  
[2023/03/19 19:52:21 543] tts        485  get audio|use local  
[2023/03/19 19:52:21 543] tts        527  0  nil  1  
[2023/03/19 19:52:21 543] tts        657  TTS_MSG_GETAUDIO  0  
[2023/03/19 19:52:21 543] tts        485  get audio|use local  
[2023/03/19 19:52:21 544] tts        527  0  nil  1  
[2023/03/19 19:52:21 544] tts        657  TTS_MSG_GETAUDIO  0  
[2023/03/19 19:52:21 544] tts        485  get audio|use local  
[2023/03/19 19:52:21 544] tts        527  0  nil  1  
[2023/03/19 19:52:21 545] tts        657  TTS_MSG_GETAUDIO  0  
[2023/03/19 19:52:21 545] tts        485  get audio|use local  
[2023/03/19 19:52:21 546] tts        527  0  nil  1  
[2023/03/19 19:52:21 546] tts        657  TTS_MSG_GETAUDIO  0  
[2023/03/19 19:52:21 546] tts        485  get audio|use local  
[2023/03/19 19:52:21 546] tts        527  0  nil  1  
[2023/03/19 19:52:21 547] tts        657  TTS_MSG_GETAUDIO  0  
[2023/03/19 19:52:21 547] tts        485  get audio|use local  
[2023/03/19 19:52:21 547] tts        527  0  nil  1  
[2023/03/19 19:52:21 548] tts        657  TTS_MSG_GETAUDIO  0  
[2023/03/19 19:52:21 549] tts        485  get audio|use local  
[2023/03/19 19:52:21 549] tts        527  0  nil  1  
[2023/03/19 19:52:21 549] tts        657  TTS_MSG_GETAUDIO  0  
[2023/03/19 19:52:21 549] tts        485  get audio|use local  
[2023/03/19 19:52:21 549] tts        527  0  nil  1  
[2023/03/19 19:52:21 550] tts        657  TTS_MSG_GETAUDIO  0  
[2023/03/19 19:52:21 550] tts        485  get audio|use local  
[2023/03/19 19:52:21 550] tts        527  0  nil  1  
[2023/03/19 19:52:21 551] tts        657  TTS_MSG_GETAUDIO  0  
[2023/03/19 19:52:21 551] tts        485  get audio|use local  
[2023/03/19 19:52:21 551] tts        527  0  nil  1  
[2023/03/19 19:52:21 552] tts        657  TTS_MSG_GETAUDIO  0  
[2023/03/19 19:52:21 552] tts        485  get audio|use local  
[2023/03/19 19:52:21 552] tts        527  0  nil  1  
[2023/03/19 19:52:21 552] tts        657  TTS_MSG_GETAUDIO  0  
[2023/03/19 19:52:21 552] tts        485  get audio|use local  
[2023/03/19 19:52:21 553] tts        527  0  nil  1  
[2023/03/19 19:52:21 553] tts        657  TTS_MSG_GETAUDIO  0  
[2023/03/19 19:52:21 553] tts        485  get audio|use local  
[2023/03/19 19:52:21 553] tts        527  0  nil  1  
[2023/03/19 19:52:21 554] tts        657  TTS_MSG_GETAUDIO  0  
[2023/03/19 19:52:21 554] tts        485  get audio|use local  
[2023/03/19 19:52:21 554] tts        527  0  nil  1  
[2023/03/19 19:52:21 555] tts        657  TTS_MSG_GETAUDIO  0  
[2023/03/19 19:52:21 555] tts        485  get audio|use local  
[2023/03/19 19:52:21 555] tts        527  0  nil  1  
[2023/03/19 19:52:21 555] tts        657  TTS_MSG_GETAUDIO  0  
[2023/03/19 19:52:21 556] tts        485  get audio|use local  
[2023/03/19 19:52:21 556] tts        527  0  nil  1  
[2023/03/19 19:52:21 556] tts        657  TTS_MSG_GETAUDIO  0  
[2023/03/19 19:52:21 556] tts        485  get audio|use local  
[2023/03/19 19:52:21 556] tts        527  0  nil  1  
[2023/03/19 19:52:21 557] tts        657  TTS_MSG_GETAUDIO  0  
[2023/03/19 19:52:21 557] tts        485  get audio|use local  
[2023/03/19 19:52:21 557] tts        527  0  nil  1  
[2023/03/19 19:52:21 558] tts        657  TTS_MSG_GETAUDIO  0  
[2023/03/19 19:52:21 558] tts        485  get audio|use local  
[2023/03/19 19:52:21 558] tts        527  0  nil  1  
[2023/03/19 19:52:21 561] tts        657  TTS_MSG_GETAUDIO  0  
[2023/03/19 19:52:21 562] tts        485  get audio|use local  
[2023/03/19 19:52:21 562] tts        527  0  nil  1  
[2023/03/19 19:52:21 567] tts        657  TTS_MSG_GETAUDIO  0  
[2023/03/19 19:52:21 567] tts        485  get audio|use local  
[2023/03/19 19:52:21 567] tts        527  0  nil  1  
[2023/03/19 19:52:21 568] tts        657  TTS_MSG_GETAUDIO  0  
[2023/03/19 19:52:21 568] tts        485  get audio|use local  
[2023/03/19 19:52:21 569] tts        527  0  nil  1  
[2023/03/19 19:52:21 570] tts        657  TTS_MSG_GETAUDIO  0  
[2023/03/19 19:52:21 570] tts        485  get audio|use local  
[2023/03/19 19:52:21 570] tts        527  0  nil  1  
[2023/03/19 19:52:21 571] tts        657  TTS_MSG_GETAUDIO  0  
[2023/03/19 19:52:21 571] tts        485  get audio|use local  
[2023/03/19 19:52:21 571] tts        527  0  nil  1  
[2023/03/19 19:52:21 572] tts        657  TTS_MSG_GETAUDIO  0  
[2023/03/19 19:52:21 572] tts        485  get audio|use local  
[2023/03/19 19:52:21 573] tts        527  0  nil  1  
[2023/03/19 19:52:21 573] tts        657  TTS_MSG_GETAUDIO  0  
[2023/03/19 19:52:21 573] tts        485  get audio|use local  
[2023/03/19 19:52:21 573] tts        527  0  nil  1  
[2023/03/19 19:52:21 576] tts        657  TTS_MSG_GETAUDIO  0  
[2023/03/19 19:52:21 576] tts        485  get audio|use local  
[2023/03/19 19:52:21 576] tts        527  0  nil  1  
[2023/03/19 19:52:21 577] tts        657  TTS_MSG_GETAUDIO  0  
[2023/03/19 19:52:21 577] tts        485  get audio|use local  
[2023/03/19 19:52:21 577] tts        527  0  nil  1  
[2023/03/19 19:52:21 579] tts        657  TTS_MSG_GETAUDIO  0  
[2023/03/19 19:52:21 579] tts        485  get audio|use local  
[2023/03/19 19:52:21 580] tts        527  0  nil  1  
[2023/03/19 19:52:21 580] tts        657  TTS_MSG_GETAUDIO  0  
[2023/03/19 19:52:21 580] tts        485  get audio|use local  
[2023/03/19 19:52:21 580] tts        527  0  nil  1  
[2023/03/19 19:52:21 581] tts        657  TTS_MSG_GETAUDIO  0  
[2023/03/19 19:52:21 581] tts        485  get audio|use local  
[2023/03/19 19:52:21 581] tts        527  0  nil  1  
[2023/03/19 19:52:21 582] tts        657  TTS_MSG_GETAUDIO  0  
[2023/03/19 19:52:21 582] tts        485  get audio|use local  
[2023/03/19 19:52:21 582] tts        527  0  nil  1  
[2023/03/19 19:52:21 584] tts        657  TTS_MSG_GETAUDIO  0  
[2023/03/19 19:52:21 584] tts        485  get audio|use local  
[2023/03/19 19:52:21 584] tts        527  0  nil  1  
[2023/03/19 19:52:21 585] tts        657  TTS_MSG_GETAUDIO  0  
[2023/03/19 19:52:21 585] tts        485  get audio|use local  
[2023/03/19 19:52:21 585] tts        527  0  nil  1  
[2023/03/19 19:52:21 586] tts        657  TTS_MSG_GETAUDIO  0  
[2023/03/19 19:52:21 586] tts        485  get audio|use local  
[2023/03/19 19:52:21 586] tts        527  0  nil  1  
[2023/03/19 19:52:21 586] tts        657  TTS_MSG_GETAUDIO  0  
[2023/03/19 19:52:21 587] tts        485  get audio|use local  
[2023/03/19 19:52:21 587] tts        527  0  nil  1  
[2023/03/19 19:52:21 587] tts        657  TTS_MSG_GETAUDIO  0  
[2023/03/19 19:52:21 587] tts        485  get audio|use local  
[2023/03/19 19:52:21 588] tts        527  0  nil  1  
[2023/03/19 19:52:21 588] tts        657  TTS_MSG_GETAUDIO  0  
[2023/03/19 19:52:21 588] tts        485  get audio|use local  
[2023/03/19 19:52:21 588] tts        527  0  nil  1  
[2023/03/19 19:52:21 589] tts        657  TTS_MSG_GETAUDIO  0  
[2023/03/19 19:52:21 589] tts        485  get audio|use local  
[2023/03/19 19:52:21 589] tts        527  0  nil  1  
[2023/03/19 19:52:21 590] tts        657  TTS_MSG_GETAUDIO  0  
[2023/03/19 19:52:21 590] tts        485  get audio|use local  
[2023/03/19 19:52:21 590] tts        527  0  nil  1  
[2023/03/19 19:52:21 591] tts        657  TTS_MSG_GETAUDIO  0  
[2023/03/19 19:52:21 591] tts        485  get audio|use local  
[2023/03/19 19:52:21 591] tts        527  0  nil  1  
[2023/03/19 19:52:21 592] tts        657  TTS_MSG_GETAUDIO  0  
[2023/03/19 19:52:21 592] tts        485  get audio|use local  
[2023/03/19 19:52:21 592] tts        527  0  nil  1  
[2023/03/19 19:52:21 593] tts        657  TTS_MSG_GETAUDIO  0  
[2023/03/19 19:52:21 593] tts        485  get audio|use local  
[2023/03/19 19:52:21 593] tts        527  0  nil  1  
[2023/03/19 19:52:21 606] tts        657  TTS_MSG_GETAUDIO  0  
[2023/03/19 19:52:21 607] tts        485  get audio|use local  
[2023/03/19 19:52:21 607] tts        527  0  nil  1  
[2023/03/19 19:52:21 608] tts        657  TTS_MSG_GETAUDIO  0  
[2023/03/19 19:52:21 608] tts        485  get audio|use local  
[2023/03/19 19:52:21 608] tts        527  0  nil  1  
[2023/03/19 19:52:21 609] tts        657  TTS_MSG_GETAUDIO  0  
[2023/03/19 19:52:21 609] tts        485  get audio|use local  
[2023/03/19 19:52:21 609] tts        527  0  nil  1  
[2023/03/19 19:52:21 610] tts        657  TTS_MSG_GETAUDIO  0  
[2023/03/19 19:52:21 610] tts        485  get audio|use local  
[2023/03/19 19:52:21 611] tts        527  0  nil  1  
[2023/03/19 19:52:21 612] tts        657  TTS_MSG_GETAUDIO  0  
[2023/03/19 19:52:21 612] tts        485  get audio|use local  
[2023/03/19 19:52:21 612] tts        527  0  nil  1  
[2023/03/19 19:52:21 619] tts        657  TTS_MSG_GETAUDIO  0  
[2023/03/19 19:52:21 620] tts        485  get audio|use local  
[2023/03/19 19:52:21 620] tts        527  0  nil  1  
[2023/03/19 19:52:21 626] tts        657  TTS_MSG_GETAUDIO  0  
[2023/03/19 19:52:21 626] tts        485  get audio|use local  
[2023/03/19 19:52:21 626] tts        527  0  nil  1  
[2023/03/19 19:52:21 627] tts        657  TTS_MSG_GETAUDIO  0  
[2023/03/19 19:52:21 628] tts        485  get audio|use local  
[2023/03/19 19:52:21 629] tts        527  0  nil  1  
[2023/03/19 19:52:21 630] tts        657  TTS_MSG_GETAUDIO  0  
[2023/03/19 19:52:21 631] tts        485  get audio|use local  
[2023/03/19 19:52:21 631] tts        527  0  nil  1  
[2023/03/19 19:52:21 632] tts        657  TTS_MSG_GETAUDIO  0  
[2023/03/19 19:52:21 632] tts        485  get audio|use local  
[2023/03/19 19:52:21 632] tts        527  0  nil  1  
[2023/03/19 19:52:21 633] tts        657  TTS_MSG_GETAUDIO  0  
[2023/03/19 19:52:21 634] tts        485  get audio|use local  
[2023/03/19 19:52:21 634] tts        527  0  nil  1  
[2023/03/19 19:52:21 635] tts        657  TTS_MSG_GETAUDIO  0  
[2023/03/19 19:52:21 635] tts        485  get audio|use local  
[2023/03/19 19:52:21 635] tts        527  0  nil  1  
[2023/03/19 19:52:21 636] tts        657  TTS_MSG_GETAUDIO  0  
[2023/03/19 19:52:21 636] tts        485  get audio|use local  
[2023/03/19 19:52:21 636] tts        527  0  nil  1  
[2023/03/19 19:52:21 637] tts        657  TTS_MSG_GETAUDIO  0  
[2023/03/19 19:52:21 637] tts        485  get audio|use local  
[2023/03/19 19:52:21 637] tts        527  0  nil  1  
[2023/03/19 19:52:21 638] tts        657  TTS_MSG_GETAUDIO  0  
[2023/03/19 19:52:21 638] tts        485  get audio|use local  
[2023/03/19 19:52:21 638] tts        527  0  nil  1  
[2023/03/19 19:52:21 639] tts        657  TTS_MSG_GETAUDIO  0  
[2023/03/19 19:52:21 639] tts        485  get audio|use local  
[2023/03/19 19:52:21 639] tts        527  0  nil  1  
[2023/03/19 19:52:21 640] tts        657  TTS_MSG_GETAUDIO  0  
[2023/03/19 19:52:21 640] tts        485  get audio|use local  
[2023/03/19 19:52:21 640] tts        527  0  nil  1  
[2023/03/19 19:52:21 641] tts        657  TTS_MSG_GETAUDIO  0  
[2023/03/19 19:52:21 641] tts        485  get audio|use local  
[2023/03/19 19:52:21 641] tts        527  0  nil  1  
[2023/03/19 19:52:21 644] tts        657  TTS_MSG_GETAUDIO  0  
[2023/03/19 19:52:21 644] tts        485  get audio|use local  
[2023/03/19 19:52:21 644] tts        527  0  nil  1  
[2023/03/19 19:52:21 645] tts        657  TTS_MSG_GETAUDIO  0  
[2023/03/19 19:52:21 645] tts        485  get audio|use local  
[2023/03/19 19:52:21 645] tts        527  0  nil  1  
[2023/03/19 19:52:21 646] tts        657  TTS_MSG_GETAUDIO  0  
[2023/03/19 19:52:21 646] tts        485  get audio|use local  
[2023/03/19 19:52:21 646] tts        527  0  nil  1  
[2023/03/19 19:52:21 647] tts        657  TTS_MSG_GETAUDIO  0  
[2023/03/19 19:52:21 647] tts        485  get audio|use local  
[2023/03/19 19:52:21 647] tts        527  0  nil  1  
[2023/03/19 19:52:21 648] tts        657  TTS_MSG_GETAUDIO  0  
[2023/03/19 19:52:21 648] tts        485  get audio|use local  
[2023/03/19 19:52:21 648] tts        527  0  nil  1  
[2023/03/19 19:52:21 649] tts        657  TTS_MSG_GETAUDIO  0  
[2023/03/19 19:52:21 649] tts        485  get audio|use local  
[2023/03/19 19:52:21 649] tts        527  0  nil  1  
[2023/03/19 19:52:21 650] tts        657  TTS_MSG_GETAUDIO  0  
[2023/03/19 19:52:21 650] tts        485  get audio|use local  
[2023/03/19 19:52:21 650] tts        527  0  nil  1  
[2023/03/19 19:52:21 650] tts        657  TTS_MSG_GETAUDIO  0  
[2023/03/19 19:52:21 650] tts        485  get audio|use local  
[2023/03/19 19:52:21 651] tts        527  0  nil  1  
[2023/03/19 19:52:21 651] tts        657  TTS_MSG_GETAUDIO  0  
[2023/03/19 19:52:21 651] tts        485  get audio|use local  
[2023/03/19 19:52:21 651] tts        527  0  nil  1  
[2023/03/19 19:52:21 652] tts        657  TTS_MSG_GETAUDIO  0  
[2023/03/19 19:52:21 652] tts        485  get audio|use local  
[2023/03/19 19:52:21 652] tts        527  0  nil  1  
[2023/03/19 19:52:21 653] tts        657  TTS_MSG_GETAUDIO  0  
[2023/03/19 19:52:21 653] tts        485  get audio|use local  
[2023/03/19 19:52:21 653] tts        527  0  nil  1  
[2023/03/19 19:52:21 654] tts        657  TTS_MSG_GETAUDIO  0  
[2023/03/19 19:52:21 654] tts        485  get audio|use local  
[2023/03/19 19:52:21 654] tts        527  0  nil  1  
[2023/03/19 19:52:21 655] tts        657  TTS_MSG_GETAUDIO  0  
[2023/03/19 19:52:21 655] tts        485  get audio|use local  
[2023/03/19 19:52:21 655] tts        527  0  nil  1  
[2023/03/19 19:52:21 655] tts        657  TTS_MSG_GETAUDIO  0  
[2023/03/19 19:52:21 655] tts        485  get audio|use local  
[2023/03/19 19:52:21 656] tts        527  0  nil  1  
[2023/03/19 19:52:21 656] tts        657  TTS_MSG_GETAUDIO  0  
[2023/03/19 19:52:21 656] tts        485  get audio|use local  
[2023/03/19 19:52:21 656] tts        527  0  nil  1  
[2023/03/19 19:52:21 657] tts        657  TTS_MSG_GETAUDIO  0  
[2023/03/19 19:52:21 657] tts        485  get audio|use local  
[2023/03/19 19:52:21 657] tts        527  0  nil  1  
[2023/03/19 19:52:21 658] tts        657  TTS_MSG_GETAUDIO  0  
[2023/03/19 19:52:21 658] tts        485  get audio|use local  
[2023/03/19 19:52:21 658] tts        527  0  nil  1  
[2023/03/19 19:52:21 658] tts        657  TTS_MSG_GETAUDIO  0  
[2023/03/19 19:52:21 658] tts        485  get audio|use local  
[2023/03/19 19:52:21 658] tts        527  0  nil  1  
[2023/03/19 19:52:21 659] tts        657  TTS_MSG_GETAUDIO  0  
[2023/03/19 19:52:21 659] tts        485  get audio|use local  
[2023/03/19 19:52:21 659] tts        527  0  nil  1  
[2023/03/19 19:52:21 660] tts        657  TTS_MSG_GETAUDIO  0  
[2023/03/19 19:52:21 660] tts        485  get audio|use local  
[2023/03/19 19:52:21 660] tts        527  0  nil  1  
[2023/03/19 19:52:21 660] tts        657  TTS_MSG_GETAUDIO  0  
[2023/03/19 19:52:21 661] tts        485  get audio|use local  
[2023/03/19 19:52:21 661] tts        527  0  nil  1  
[2023/03/19 19:52:21 661] tts        657  TTS_MSG_GETAUDIO  0  
[2023/03/19 19:52:21 662] tts        485  get audio|use local  
[2023/03/19 19:52:21 662] tts        527  0  nil  1  
[2023/03/19 19:52:21 662] tts        657  TTS_MSG_GETAUDIO  0  
[2023/03/19 19:52:21 662] tts        485  get audio|use local  
[2023/03/19 19:52:21 662] tts        527  0  nil  1  
[2023/03/19 19:52:21 663] tts        657  TTS_MSG_GETAUDIO  0  
[2023/03/19 19:52:21 663] tts        485  get audio|use local  
[2023/03/19 19:52:21 663] tts        527  0  nil  1  
[2023/03/19 19:52:21 664] tts        657  TTS_MSG_GETAUDIO  0  
[2023/03/19 19:52:21 664] tts        485  get audio|use local  
[2023/03/19 19:52:21 664] tts        527  0  nil  1  
[2023/03/19 19:52:21 671] tts        657  TTS_MSG_GETAUDIO  0  
[2023/03/19 19:52:21 671] tts        485  get audio|use local  
[2023/03/19 19:52:21 671] tts        498  local audiolen:  2008  ,ced:  3  
[2023/03/19 19:52:21 672] tts        527  0  udata(78087998) 1  
[2023/03/19 19:52:21 679] tts        301  0  0  
[2023/03/19 19:52:21 679] tts        312  TTS_LOCAL_CB_END,  2  
[2023/03/19 19:52:21 679] tts        657  TTS_MSG_GETAUDIO  0  
[2023/03/19 19:52:21 679] tts        485  get audio|use local  
[2023/03/19 19:52:21 680] tts        498  local audiolen:  1956  ,ced:  3  
[2023/03/19 19:52:21 680] tts        527  0  udata(7807c8b8) 1  
[2023/03/19 19:52:21 681] tts        657  TTS_MSG_GETAUDIO  0  
[2023/03/19 19:52:21 681] tts        485  get audio|use local  
[2023/03/19 19:52:21 681] tts        498  local audiolen:  1938  ,ced:  3  
[2023/03/19 19:52:21 681] tts        527  0  udata(7807c908) 1  
[2023/03/19 19:52:21 682] tts        657  TTS_MSG_GETAUDIO  0  
[2023/03/19 19:52:21 682] tts        485  get audio|use local  
[2023/03/19 19:52:21 682] tts        498  local audiolen:  2034  ,ced:  3  
[2023/03/19 19:52:21 682] tts        527  0  udata(7807c958) 1  
[2023/03/19 19:52:21 682] tts        657  TTS_MSG_GETAUDIO  0  
[2023/03/19 19:52:21 682] tts        485  get audio|use local  
[2023/03/19 19:52:21 683] tts        498  local audiolen:  2030  ,ced:  3  
[2023/03/19 19:52:21 683] tts        527  0  udata(7807c9a8) 1  
[2023/03/19 19:52:21 683] tts        657  TTS_MSG_GETAUDIO  0  
[2023/03/19 19:52:21 683] tts        485  get audio|use local  
[2023/03/19 19:52:21 684] tts        498  local audiolen:  2018  ,ced:  3  
[2023/03/19 19:52:21 684] tts        527  0  udata(7807c9f8) 1  
[2023/03/19 19:52:21 684] tts        657  TTS_MSG_GETAUDIO  0  
[2023/03/19 19:52:21 684] tts        485  get audio|use local  
[2023/03/19 19:52:21 684] tts        498  local audiolen:  1968  ,ced:  3  
[2023/03/19 19:52:21 684] tts        527  0  udata(7807ca48) 1  
[2023/03/19 19:52:21 685] tts        657  TTS_MSG_GETAUDIO  0  
[2023/03/19 19:52:21 685] tts        485  get audio|use local  
[2023/03/19 19:52:21 685] tts        498  local audiolen:  960  ,ced:  3  
[2023/03/19 19:52:21 685] tts        527  0  udata(7807daa8) 2  
[2023/03/19 19:52:21 687] tts        660  TTS_MSG_SSE  
[2023/03/19 19:52:21 688] tts        585  sse|use local  
[2023/03/19 19:52:21 689] tts        603  tts exit  
