============================================================
Time  2023/05/06 20:05:31 122 
============================================================
[2023/05/06 20:05:31 122] tts        676  SYS_MSG_REGCB param0 =  msp_status_cb  param1 =  func(98014a30) 
[2023/05/06 20:05:31 125] config     43   use general cloud  
[2023/05/06 20:05:31 130] tts_cloud  1417 SYS_MSG_REGCB_CLOUD param0 =   msp_status_cb  param1 =  func(98014a30) 
[2023/05/06 20:05:31 131] tts        647  TTS_MSG_SSB  
[2023/05/06 20:05:31 131] tts        375  params =  engine_type = local,voice_name=xiaoyan, text_encoding = UTF8, tts_res_path = fo|res/tts/xiaoyan.jet;fo|res/tts/common.jet, sample_rate = 16000, speed = 80, volume = 50, pitch = 50, rdn = 2  
[2023/05/06 20:05:31 131] tts        412  ssb|use local  
[2023/05/06 20:05:31 131] tts        349  local_session_begin  
[2023/05/06 20:05:31 134] tts        654  TTS_MSG_SYN  0  
[2023/05/06 20:05:31 134] tts        451  synth|use local  
[2023/05/06 20:05:31 136] tts        657  TTS_MSG_GETAUDIO  0  
[2023/05/06 20:05:31 136] tts        485  get audio|use local  
[2023/05/06 20:05:31 136] tts        527  0  nil  1  
[2023/05/06 20:05:31 136] tts        657  TTS_MSG_GETAUDIO  0  
[2023/05/06 20:05:31 136] tts        485  get audio|use local  
[2023/05/06 20:05:31 136] tts        527  0  nil  1  
[2023/05/06 20:05:31 139] tts        657  TTS_MSG_GETAUDIO  0  
[2023/05/06 20:05:31 139] tts        485  get audio|use local  
[2023/05/06 20:05:31 139] tts        527  0  nil  1  
[2023/05/06 20:05:31 139] tts        657  TTS_MSG_GETAUDIO  0  
[2023/05/06 20:05:31 140] tts        485  get audio|use local  
[2023/05/06 20:05:31 140] tts        527  0  nil  1  
[2023/05/06 20:05:31 140] tts        657  TTS_MSG_GETAUDIO  0  
[2023/05/06 20:05:31 141] tts        485  get audio|use local  
[2023/05/06 20:05:31 141] tts        527  0  nil  1  
[2023/05/06 20:05:31 141] tts        657  TTS_MSG_GETAUDIO  0  
[2023/05/06 20:05:31 142] tts        485  get audio|use local  
[2023/05/06 20:05:31 142] tts        527  0  nil  1  
[2023/05/06 20:05:31 142] tts        657  TTS_MSG_GETAUDIO  0  
[2023/05/06 20:05:31 142] tts        485  get audio|use local  
[2023/05/06 20:05:31 143] tts        527  0  nil  1  
[2023/05/06 20:05:31 143] tts        657  TTS_MSG_GETAUDIO  0  
[2023/05/06 20:05:31 143] tts        485  get audio|use local  
[2023/05/06 20:05:31 143] tts        527  0  nil  1  
[2023/05/06 20:05:31 144] tts        657  TTS_MSG_GETAUDIO  0  
[2023/05/06 20:05:31 144] tts        485  get audio|use local  
[2023/05/06 20:05:31 144] tts        527  0  nil  1  
[2023/05/06 20:05:31 145] tts        657  TTS_MSG_GETAUDIO  0  
[2023/05/06 20:05:31 146] tts        485  get audio|use local  
[2023/05/06 20:05:31 146] tts        527  0  nil  1  
[2023/05/06 20:05:31 147] tts        657  TTS_MSG_GETAUDIO  0  
[2023/05/06 20:05:31 147] tts        485  get audio|use local  
[2023/05/06 20:05:31 147] tts        527  0  nil  1  
[2023/05/06 20:05:31 148] tts        657  TTS_MSG_GETAUDIO  0  
[2023/05/06 20:05:31 148] tts        485  get audio|use local  
[2023/05/06 20:05:31 148] tts        527  0  nil  1  
[2023/05/06 20:05:31 149] tts        657  TTS_MSG_GETAUDIO  0  
[2023/05/06 20:05:31 149] tts        485  get audio|use local  
[2023/05/06 20:05:31 149] tts        527  0  nil  1  
[2023/05/06 20:05:31 150] tts        657  TTS_MSG_GETAUDIO  0  
[2023/05/06 20:05:31 150] tts        485  get audio|use local  
[2023/05/06 20:05:31 150] tts        527  0  nil  1  
[2023/05/06 20:05:31 151] tts        657  TTS_MSG_GETAUDIO  0  
[2023/05/06 20:05:31 151] tts        485  get audio|use local  
[2023/05/06 20:05:31 151] tts        527  0  nil  1  
[2023/05/06 20:05:31 152] tts        657  TTS_MSG_GETAUDIO  0  
[2023/05/06 20:05:31 152] tts        485  get audio|use local  
[2023/05/06 20:05:31 152] tts        527  0  nil  1  
[2023/05/06 20:05:31 153] tts        657  TTS_MSG_GETAUDIO  0  
[2023/05/06 20:05:31 153] tts        485  get audio|use local  
[2023/05/06 20:05:31 153] tts        527  0  nil  1  
[2023/05/06 20:05:31 154] tts        657  TTS_MSG_GETAUDIO  0  
[2023/05/06 20:05:31 154] tts        485  get audio|use local  
[2023/05/06 20:05:31 154] tts        527  0  nil  1  
[2023/05/06 20:05:31 155] tts        657  TTS_MSG_GETAUDIO  0  
[2023/05/06 20:05:31 155] tts        485  get audio|use local  
[2023/05/06 20:05:31 155] tts        527  0  nil  1  
[2023/05/06 20:05:31 156] tts        657  TTS_MSG_GETAUDIO  0  
[2023/05/06 20:05:31 156] tts        485  get audio|use local  
[2023/05/06 20:05:31 156] tts        527  0  nil  1  
[2023/05/06 20:05:31 157] tts        657  TTS_MSG_GETAUDIO  0  
[2023/05/06 20:05:31 157] tts        485  get audio|use local  
[2023/05/06 20:05:31 157] tts        527  0  nil  1  
[2023/05/06 20:05:31 158] tts        657  TTS_MSG_GETAUDIO  0  
[2023/05/06 20:05:31 158] tts        485  get audio|use local  
[2023/05/06 20:05:31 158] tts        527  0  nil  1  
[2023/05/06 20:05:31 159] tts        657  TTS_MSG_GETAUDIO  0  
[2023/05/06 20:05:31 159] tts        485  get audio|use local  
[2023/05/06 20:05:31 159] tts        527  0  nil  1  
[2023/05/06 20:05:31 160] tts        657  TTS_MSG_GETAUDIO  0  
[2023/05/06 20:05:31 160] tts        485  get audio|use local  
[2023/05/06 20:05:31 160] tts        527  0  nil  1  
[2023/05/06 20:05:31 161] tts        657  TTS_MSG_GETAUDIO  0  
[2023/05/06 20:05:31 161] tts        485  get audio|use local  
[2023/05/06 20:05:31 161] tts        527  0  nil  1  
[2023/05/06 20:05:31 161] tts        657  TTS_MSG_GETAUDIO  0  
[2023/05/06 20:05:31 162] tts        485  get audio|use local  
[2023/05/06 20:05:31 162] tts        527  0  nil  1  
[2023/05/06 20:05:31 162] tts        657  TTS_MSG_GETAUDIO  0  
[2023/05/06 20:05:31 162] tts        485  get audio|use local  
[2023/05/06 20:05:31 162] tts        527  0  nil  1  
[2023/05/06 20:05:31 163] tts        657  TTS_MSG_GETAUDIO  0  
[2023/05/06 20:05:31 163] tts        485  get audio|use local  
[2023/05/06 20:05:31 163] tts        527  0  nil  1  
[2023/05/06 20:05:31 165] tts        657  TTS_MSG_GETAUDIO  0  
[2023/05/06 20:05:31 165] tts        485  get audio|use local  
[2023/05/06 20:05:31 165] tts        527  0  nil  1  
[2023/05/06 20:05:31 166] tts        657  TTS_MSG_GETAUDIO  0  
[2023/05/06 20:05:31 166] tts        485  get audio|use local  
[2023/05/06 20:05:31 166] tts        527  0  nil  1  
[2023/05/06 20:05:31 167] tts        657  TTS_MSG_GETAUDIO  0  
[2023/05/06 20:05:31 167] tts        485  get audio|use local  
[2023/05/06 20:05:31 167] tts        527  0  nil  1  
[2023/05/06 20:05:31 168] tts        657  TTS_MSG_GETAUDIO  0  
[2023/05/06 20:05:31 168] tts        485  get audio|use local  
[2023/05/06 20:05:31 168] tts        527  0  nil  1  
[2023/05/06 20:05:31 168] tts        657  TTS_MSG_GETAUDIO  0  
[2023/05/06 20:05:31 169] tts        485  get audio|use local  
[2023/05/06 20:05:31 169] tts        527  0  nil  1  
[2023/05/06 20:05:31 170] tts        657  TTS_MSG_GETAUDIO  0  
[2023/05/06 20:05:31 170] tts        485  get audio|use local  
[2023/05/06 20:05:31 170] tts        527  0  nil  1  
[2023/05/06 20:05:31 170] tts        657  TTS_MSG_GETAUDIO  0  
[2023/05/06 20:05:31 171] tts        485  get audio|use local  
[2023/05/06 20:05:31 171] tts        527  0  nil  1  
[2023/05/06 20:05:31 171] tts        657  TTS_MSG_GETAUDIO  0  
[2023/05/06 20:05:31 172] tts        485  get audio|use local  
[2023/05/06 20:05:31 172] tts        527  0  nil  1  
[2023/05/06 20:05:31 172] tts        657  TTS_MSG_GETAUDIO  0  
[2023/05/06 20:05:31 173] tts        485  get audio|use local  
[2023/05/06 20:05:31 173] tts        527  0  nil  1  
[2023/05/06 20:05:31 174] tts        657  TTS_MSG_GETAUDIO  0  
[2023/05/06 20:05:31 174] tts        485  get audio|use local  
[2023/05/06 20:05:31 174] tts        527  0  nil  1  
[2023/05/06 20:05:31 175] tts        657  TTS_MSG_GETAUDIO  0  
[2023/05/06 20:05:31 175] tts        485  get audio|use local  
[2023/05/06 20:05:31 175] tts        527  0  nil  1  
[2023/05/06 20:05:31 177] tts        657  TTS_MSG_GETAUDIO  0  
[2023/05/06 20:05:31 177] tts        485  get audio|use local  
[2023/05/06 20:05:31 178] tts        527  0  nil  1  
[2023/05/06 20:05:31 179] tts        657  TTS_MSG_GETAUDIO  0  
[2023/05/06 20:05:31 179] tts        485  get audio|use local  
[2023/05/06 20:05:31 179] tts        527  0  nil  1  
[2023/05/06 20:05:31 180] tts        657  TTS_MSG_GETAUDIO  0  
[2023/05/06 20:05:31 180] tts        485  get audio|use local  
[2023/05/06 20:05:31 180] tts        527  0  nil  1  
[2023/05/06 20:05:31 181] tts        657  TTS_MSG_GETAUDIO  0  
[2023/05/06 20:05:31 181] tts        485  get audio|use local  
[2023/05/06 20:05:31 182] tts        527  0  nil  1  
[2023/05/06 20:05:31 183] tts        657  TTS_MSG_GETAUDIO  0  
[2023/05/06 20:05:31 183] tts        485  get audio|use local  
[2023/05/06 20:05:31 183] tts        527  0  nil  1  
[2023/05/06 20:05:31 185] tts        657  TTS_MSG_GETAUDIO  0  
[2023/05/06 20:05:31 185] tts        485  get audio|use local  
[2023/05/06 20:05:31 186] tts        527  0  nil  1  
[2023/05/06 20:05:31 187] tts        657  TTS_MSG_GETAUDIO  0  
[2023/05/06 20:05:31 187] tts        485  get audio|use local  
[2023/05/06 20:05:31 187] tts        527  0  nil  1  
[2023/05/06 20:05:31 189] tts        657  TTS_MSG_GETAUDIO  0  
[2023/05/06 20:05:31 190] tts        485  get audio|use local  
[2023/05/06 20:05:31 190] tts        527  0  nil  1  
[2023/05/06 20:05:31 191] tts        657  TTS_MSG_GETAUDIO  0  
[2023/05/06 20:05:31 191] tts        485  get audio|use local  
[2023/05/06 20:05:31 191] tts        527  0  nil  1  
[2023/05/06 20:05:31 192] tts        657  TTS_MSG_GETAUDIO  0  
[2023/05/06 20:05:31 192] tts        485  get audio|use local  
[2023/05/06 20:05:31 192] tts        527  0  nil  1  
[2023/05/06 20:05:31 197] tts        657  TTS_MSG_GETAUDIO  0  
[2023/05/06 20:05:31 198] tts        485  get audio|use local  
[2023/05/06 20:05:31 198] tts        527  0  nil  1  
[2023/05/06 20:05:31 199] tts        299  TTS_LOCAL_CB_BEGIN  
[2023/05/06 20:05:31 201] tts        657  TTS_MSG_GETAUDIO  0  
[2023/05/06 20:05:31 202] tts        485  get audio|use local  
[2023/05/06 20:05:31 202] tts        527  0  nil  1  
[2023/05/06 20:05:31 203] tts        657  TTS_MSG_GETAUDIO  0  
[2023/05/06 20:05:31 203] tts        485  get audio|use local  
[2023/05/06 20:05:31 203] tts        527  0  nil  1  
[2023/05/06 20:05:31 204] tts        657  TTS_MSG_GETAUDIO  0  
[2023/05/06 20:05:31 204] tts        485  get audio|use local  
[2023/05/06 20:05:31 204] tts        527  0  nil  1  
[2023/05/06 20:05:31 204] tts        657  TTS_MSG_GETAUDIO  0  
[2023/05/06 20:05:31 205] tts        485  get audio|use local  
[2023/05/06 20:05:31 205] tts        527  0  nil  1  
[2023/05/06 20:05:31 206] tts        657  TTS_MSG_GETAUDIO  0  
[2023/05/06 20:05:31 206] tts        485  get audio|use local  
[2023/05/06 20:05:31 206] tts        527  0  nil  1  
[2023/05/06 20:05:31 206] tts        657  TTS_MSG_GETAUDIO  0  
[2023/05/06 20:05:31 206] tts        485  get audio|use local  
[2023/05/06 20:05:31 206] tts        527  0  nil  1  
[2023/05/06 20:05:31 207] tts        657  TTS_MSG_GETAUDIO  0  
[2023/05/06 20:05:31 207] tts        485  get audio|use local  
[2023/05/06 20:05:31 207] tts        527  0  nil  1  
[2023/05/06 20:05:31 208] tts        657  TTS_MSG_GETAUDIO  0  
[2023/05/06 20:05:31 208] tts        485  get audio|use local  
[2023/05/06 20:05:31 208] tts        527  0  nil  1  
[2023/05/06 20:05:31 208] tts        657  TTS_MSG_GETAUDIO  0  
[2023/05/06 20:05:31 208] tts        485  get audio|use local  
[2023/05/06 20:05:31 209] tts        527  0  nil  1  
[2023/05/06 20:05:31 209] tts        657  TTS_MSG_GETAUDIO  0  
[2023/05/06 20:05:31 209] tts        485  get audio|use local  
[2023/05/06 20:05:31 209] tts        527  0  nil  1  
[2023/05/06 20:05:31 210] tts        657  TTS_MSG_GETAUDIO  0  
[2023/05/06 20:05:31 210] tts        485  get audio|use local  
[2023/05/06 20:05:31 210] tts        527  0  nil  1  
[2023/05/06 20:05:31 211] tts        657  TTS_MSG_GETAUDIO  0  
[2023/05/06 20:05:31 211] tts        485  get audio|use local  
[2023/05/06 20:05:31 211] tts        527  0  nil  1  
[2023/05/06 20:05:31 211] tts        657  TTS_MSG_GETAUDIO  0  
[2023/05/06 20:05:31 211] tts        485  get audio|use local  
[2023/05/06 20:05:31 211] tts        527  0  nil  1  
[2023/05/06 20:05:31 212] tts        657  TTS_MSG_GETAUDIO  0  
[2023/05/06 20:05:31 212] tts        485  get audio|use local  
[2023/05/06 20:05:31 212] tts        527  0  nil  1  
[2023/05/06 20:05:31 213] tts        657  TTS_MSG_GETAUDIO  0  
[2023/05/06 20:05:31 213] tts        485  get audio|use local  
[2023/05/06 20:05:31 213] tts        527  0  nil  1  
[2023/05/06 20:05:31 213] tts        657  TTS_MSG_GETAUDIO  0  
[2023/05/06 20:05:31 213] tts        485  get audio|use local  
[2023/05/06 20:05:31 214] tts        527  0  nil  1  
[2023/05/06 20:05:31 214] tts        657  TTS_MSG_GETAUDIO  0  
[2023/05/06 20:05:31 214] tts        485  get audio|use local  
[2023/05/06 20:05:31 214] tts        527  0  nil  1  
[2023/05/06 20:05:31 215] tts        657  TTS_MSG_GETAUDIO  0  
[2023/05/06 20:05:31 215] tts        485  get audio|use local  
[2023/05/06 20:05:31 215] tts        527  0  nil  1  
[2023/05/06 20:05:31 215] tts        657  TTS_MSG_GETAUDIO  0  
[2023/05/06 20:05:31 216] tts        485  get audio|use local  
[2023/05/06 20:05:31 216] tts        527  0  nil  1  
[2023/05/06 20:05:31 216] tts        657  TTS_MSG_GETAUDIO  0  
[2023/05/06 20:05:31 216] tts        485  get audio|use local  
[2023/05/06 20:05:31 216] tts        527  0  nil  1  
[2023/05/06 20:05:31 217] tts        657  TTS_MSG_GETAUDIO  0  
[2023/05/06 20:05:31 217] tts        485  get audio|use local  
[2023/05/06 20:05:31 217] tts        527  0  nil  1  
[2023/05/06 20:05:31 218] tts        657  TTS_MSG_GETAUDIO  0  
[2023/05/06 20:05:31 218] tts        485  get audio|use local  
[2023/05/06 20:05:31 218] tts        527  0  nil  1  
[2023/05/06 20:05:31 220] tts        657  TTS_MSG_GETAUDIO  0  
[2023/05/06 20:05:31 220] tts        485  get audio|use local  
[2023/05/06 20:05:31 220] tts        527  0  nil  1  
[2023/05/06 20:05:31 221] tts        657  TTS_MSG_GETAUDIO  0  
[2023/05/06 20:05:31 222] tts        485  get audio|use local  
[2023/05/06 20:05:31 222] tts        498  local audiolen:  2022  ,ced:  3  
[2023/05/06 20:05:31 222] tts        527  0  udata(9806a4b8) 1  
[2023/05/06 20:05:31 224] tts        301  0  0  
[2023/05/06 20:05:31 225] tts        312  TTS_LOCAL_CB_END,  2  
[2023/05/06 20:05:31 225] tts        657  TTS_MSG_GETAUDIO  0  
[2023/05/06 20:05:31 226] tts        485  get audio|use local  
[2023/05/06 20:05:31 226] tts        498  local audiolen:  1984  ,ced:  3  
[2023/05/06 20:05:31 227] tts        527  0  udata(98087a98) 1  
[2023/05/06 20:05:31 227] tts        657  TTS_MSG_GETAUDIO  0  
[2023/05/06 20:05:31 227] tts        485  get audio|use local  
[2023/05/06 20:05:31 227] tts        498  local audiolen:  1900  ,ced:  3  
[2023/05/06 20:05:31 227] tts        527  0  udata(98087678) 1  
[2023/05/06 20:05:31 228] tts        657  TTS_MSG_GETAUDIO  0  
[2023/05/06 20:05:31 228] tts        485  get audio|use local  
[2023/05/06 20:05:31 228] tts        498  local audiolen:  1912  ,ced:  3  
[2023/05/06 20:05:31 228] tts        527  0  udata(98087ae8) 1  
[2023/05/06 20:05:31 229] tts        657  TTS_MSG_GETAUDIO  0  
[2023/05/06 20:05:31 229] tts        485  get audio|use local  
[2023/05/06 20:05:31 229] tts        498  local audiolen:  1672  ,ced:  3  
[2023/05/06 20:05:31 229] tts        527  0  udata(9807c878) 2  
[2023/05/06 20:05:31 231] tts        660  TTS_MSG_SSE  
[2023/05/06 20:05:31 231] tts        585  sse|use local  
[2023/05/06 20:05:31 233] tts        603  tts exit  
