============================================================
Time  2023/03/19 20:00:11 702 
============================================================
[2023/03/19 20:00:11 704] tts        676  SYS_MSG_REGCB param0 =  msp_status_cb  param1 =  func(74014a30) 
[2023/03/19 20:00:11 709] config     43   use general cloud  
[2023/03/19 20:00:11 715] tts_cloud  1417 SYS_MSG_REGCB_CLOUD param0 =   msp_status_cb  param1 =  func(74014a30) 
[2023/03/19 20:00:11 715] tts        647  TTS_MSG_SSB  
[2023/03/19 20:00:11 715] tts        375  params =  engine_type = local,voice_name=xiaoyan, text_encoding = UTF8, tts_res_path = fo|res/tts/xiaoyan.jet;fo|res/tts/common.jet, sample_rate = 16000, speed = 50, volume = 50, pitch = 50, rdn = 2  
[2023/03/19 20:00:11 716] tts        412  ssb|use local  
[2023/03/19 20:00:11 716] tts        349  local_session_begin  
[2023/03/19 20:00:11 720] tts        654  TTS_MSG_SYN  0  
[2023/03/19 20:00:11 720] tts        451  synth|use local  
[2023/03/19 20:00:11 722] tts        657  TTS_MSG_GETAUDIO  0  
[2023/03/19 20:00:11 723] tts        485  get audio|use local  
[2023/03/19 20:00:11 723] tts        527  0  nil  1  
[2023/03/19 20:00:11 724] tts        657  TTS_MSG_GETAUDIO  0  
[2023/03/19 20:00:11 724] tts        485  get audio|use local  
[2023/03/19 20:00:11 724] tts        527  0  nil  1  
[2023/03/19 20:00:11 725] tts        657  TTS_MSG_GETAUDIO  0  
[2023/03/19 20:00:11 725] tts        485  get audio|use local  
[2023/03/19 20:00:11 725] tts        527  0  nil  1  
[2023/03/19 20:00:11 726] tts        657  TTS_MSG_GETAUDIO  0  
[2023/03/19 20:00:11 726] tts        485  get audio|use local  
[2023/03/19 20:00:11 726] tts        527  0  nil  1  
[2023/03/19 20:00:11 727] tts        657  TTS_MSG_GETAUDIO  0  
[2023/03/19 20:00:11 727] tts        485  get audio|use local  
[2023/03/19 20:00:11 727] tts        527  0  nil  1  
[2023/03/19 20:00:11 728] tts        657  TTS_MSG_GETAUDIO  0  
[2023/03/19 20:00:11 728] tts        485  get audio|use local  
[2023/03/19 20:00:11 728] tts        527  0  nil  1  
[2023/03/19 20:00:11 729] tts        657  TTS_MSG_GETAUDIO  0  
[2023/03/19 20:00:11 729] tts        485  get audio|use local  
[2023/03/19 20:00:11 729] tts        527  0  nil  1  
[2023/03/19 20:00:11 730] tts        657  TTS_MSG_GETAUDIO  0  
[2023/03/19 20:00:11 730] tts        485  get audio|use local  
[2023/03/19 20:00:11 730] tts        527  0  nil  1  
[2023/03/19 20:00:11 731] tts        657  TTS_MSG_GETAUDIO  0  
[2023/03/19 20:00:11 731] tts        485  get audio|use local  
[2023/03/19 20:00:11 731] tts        527  0  nil  1  
[2023/03/19 20:00:11 732] tts        657  TTS_MSG_GETAUDIO  0  
[2023/03/19 20:00:11 732] tts        485  get audio|use local  
[2023/03/19 20:00:11 732] tts        527  0  nil  1  
[2023/03/19 20:00:11 733] tts        657  TTS_MSG_GETAUDIO  0  
[2023/03/19 20:00:11 733] tts        485  get audio|use local  
[2023/03/19 20:00:11 733] tts        527  0  nil  1  
[2023/03/19 20:00:11 734] tts        657  TTS_MSG_GETAUDIO  0  
[2023/03/19 20:00:11 734] tts        485  get audio|use local  
[2023/03/19 20:00:11 735] tts        527  0  nil  1  
[2023/03/19 20:00:11 736] tts        657  TTS_MSG_GETAUDIO  0  
[2023/03/19 20:00:11 736] tts        485  get audio|use local  
[2023/03/19 20:00:11 736] tts        527  0  nil  1  
[2023/03/19 20:00:11 737] tts        657  TTS_MSG_GETAUDIO  0  
[2023/03/19 20:00:11 737] tts        485  get audio|use local  
[2023/03/19 20:00:11 737] tts        527  0  nil  1  
[2023/03/19 20:00:11 738] tts        657  TTS_MSG_GETAUDIO  0  
[2023/03/19 20:00:11 738] tts        485  get audio|use local  
[2023/03/19 20:00:11 738] tts        527  0  nil  1  
[2023/03/19 20:00:11 739] tts        657  TTS_MSG_GETAUDIO  0  
[2023/03/19 20:00:11 739] tts        485  get audio|use local  
[2023/03/19 20:00:11 739] tts        527  0  nil  1  
[2023/03/19 20:00:11 742] tts        657  TTS_MSG_GETAUDIO  0  
[2023/03/19 20:00:11 742] tts        485  get audio|use local  
[2023/03/19 20:00:11 742] tts        527  0  nil  1  
[2023/03/19 20:00:11 743] tts        657  TTS_MSG_GETAUDIO  0  
[2023/03/19 20:00:11 743] tts        485  get audio|use local  
[2023/03/19 20:00:11 743] tts        527  0  nil  1  
[2023/03/19 20:00:11 744] tts        657  TTS_MSG_GETAUDIO  0  
[2023/03/19 20:00:11 744] tts        485  get audio|use local  
[2023/03/19 20:00:11 744] tts        527  0  nil  1  
[2023/03/19 20:00:11 745] tts        657  TTS_MSG_GETAUDIO  0  
[2023/03/19 20:00:11 745] tts        485  get audio|use local  
[2023/03/19 20:00:11 746] tts        527  0  nil  1  
[2023/03/19 20:00:11 746] tts        657  TTS_MSG_GETAUDIO  0  
[2023/03/19 20:00:11 747] tts        485  get audio|use local  
[2023/03/19 20:00:11 747] tts        527  0  nil  1  
[2023/03/19 20:00:11 748] tts        657  TTS_MSG_GETAUDIO  0  
[2023/03/19 20:00:11 748] tts        485  get audio|use local  
[2023/03/19 20:00:11 748] tts        527  0  nil  1  
[2023/03/19 20:00:11 749] tts        657  TTS_MSG_GETAUDIO  0  
[2023/03/19 20:00:11 749] tts        485  get audio|use local  
[2023/03/19 20:00:11 749] tts        527  0  nil  1  
[2023/03/19 20:00:11 749] tts        657  TTS_MSG_GETAUDIO  0  
[2023/03/19 20:00:11 749] tts        485  get audio|use local  
[2023/03/19 20:00:11 750] tts        527  0  nil  1  
[2023/03/19 20:00:11 750] tts        657  TTS_MSG_GETAUDIO  0  
[2023/03/19 20:00:11 751] tts        485  get audio|use local  
[2023/03/19 20:00:11 751] tts        527  0  nil  1  
[2023/03/19 20:00:11 752] tts        657  TTS_MSG_GETAUDIO  0  
[2023/03/19 20:00:11 752] tts        485  get audio|use local  
[2023/03/19 20:00:11 752] tts        527  0  nil  1  
[2023/03/19 20:00:11 752] tts        657  TTS_MSG_GETAUDIO  0  
[2023/03/19 20:00:11 753] tts        485  get audio|use local  
[2023/03/19 20:00:11 753] tts        527  0  nil  1  
[2023/03/19 20:00:11 754] tts        657  TTS_MSG_GETAUDIO  0  
[2023/03/19 20:00:11 754] tts        485  get audio|use local  
[2023/03/19 20:00:11 754] tts        527  0  nil  1  
[2023/03/19 20:00:11 755] tts        657  TTS_MSG_GETAUDIO  0  
[2023/03/19 20:00:11 755] tts        485  get audio|use local  
[2023/03/19 20:00:11 755] tts        527  0  nil  1  
[2023/03/19 20:00:11 757] tts        657  TTS_MSG_GETAUDIO  0  
[2023/03/19 20:00:11 757] tts        485  get audio|use local  
[2023/03/19 20:00:11 758] tts        527  0  nil  1  
[2023/03/19 20:00:11 758] tts        657  TTS_MSG_GETAUDIO  0  
[2023/03/19 20:00:11 759] tts        485  get audio|use local  
[2023/03/19 20:00:11 759] tts        527  0  nil  1  
[2023/03/19 20:00:11 759] tts        657  TTS_MSG_GETAUDIO  0  
[2023/03/19 20:00:11 759] tts        485  get audio|use local  
[2023/03/19 20:00:11 759] tts        527  0  nil  1  
[2023/03/19 20:00:11 760] tts        657  TTS_MSG_GETAUDIO  0  
[2023/03/19 20:00:11 760] tts        485  get audio|use local  
[2023/03/19 20:00:11 760] tts        527  0  nil  1  
[2023/03/19 20:00:11 761] tts        657  TTS_MSG_GETAUDIO  0  
[2023/03/19 20:00:11 761] tts        485  get audio|use local  
[2023/03/19 20:00:11 761] tts        527  0  nil  1  
[2023/03/19 20:00:11 762] tts        657  TTS_MSG_GETAUDIO  0  
[2023/03/19 20:00:11 762] tts        485  get audio|use local  
[2023/03/19 20:00:11 762] tts        527  0  nil  1  
[2023/03/19 20:00:11 763] tts        657  TTS_MSG_GETAUDIO  0  
[2023/03/19 20:00:11 763] tts        485  get audio|use local  
[2023/03/19 20:00:11 763] tts        527  0  nil  1  
[2023/03/19 20:00:11 764] tts        657  TTS_MSG_GETAUDIO  0  
[2023/03/19 20:00:11 764] tts        485  get audio|use local  
[2023/03/19 20:00:11 764] tts        527  0  nil  1  
[2023/03/19 20:00:11 764] tts        657  TTS_MSG_GETAUDIO  0  
[2023/03/19 20:00:11 765] tts        485  get audio|use local  
[2023/03/19 20:00:11 765] tts        527  0  nil  1  
[2023/03/19 20:00:11 765] tts        657  TTS_MSG_GETAUDIO  0  
[2023/03/19 20:00:11 765] tts        485  get audio|use local  
[2023/03/19 20:00:11 765] tts        527  0  nil  1  
[2023/03/19 20:00:11 766] tts        657  TTS_MSG_GETAUDIO  0  
[2023/03/19 20:00:11 766] tts        485  get audio|use local  
[2023/03/19 20:00:11 766] tts        527  0  nil  1  
[2023/03/19 20:00:11 767] tts        657  TTS_MSG_GETAUDIO  0  
[2023/03/19 20:00:11 767] tts        485  get audio|use local  
[2023/03/19 20:00:11 767] tts        527  0  nil  1  
[2023/03/19 20:00:11 768] tts        657  TTS_MSG_GETAUDIO  0  
[2023/03/19 20:00:11 768] tts        485  get audio|use local  
[2023/03/19 20:00:11 768] tts        527  0  nil  1  
[2023/03/19 20:00:11 769] tts        657  TTS_MSG_GETAUDIO  0  
[2023/03/19 20:00:11 769] tts        485  get audio|use local  
[2023/03/19 20:00:11 769] tts        527  0  nil  1  
[2023/03/19 20:00:11 770] tts        657  TTS_MSG_GETAUDIO  0  
[2023/03/19 20:00:11 770] tts        485  get audio|use local  
[2023/03/19 20:00:11 770] tts        527  0  nil  1  
[2023/03/19 20:00:11 771] tts        657  TTS_MSG_GETAUDIO  0  
[2023/03/19 20:00:11 771] tts        485  get audio|use local  
[2023/03/19 20:00:11 771] tts        527  0  nil  1  
[2023/03/19 20:00:11 772] tts        657  TTS_MSG_GETAUDIO  0  
[2023/03/19 20:00:11 772] tts        485  get audio|use local  
[2023/03/19 20:00:11 772] tts        527  0  nil  1  
[2023/03/19 20:00:11 773] tts        657  TTS_MSG_GETAUDIO  0  
[2023/03/19 20:00:11 773] tts        485  get audio|use local  
[2023/03/19 20:00:11 773] tts        527  0  nil  1  
[2023/03/19 20:00:11 774] tts        657  TTS_MSG_GETAUDIO  0  
[2023/03/19 20:00:11 774] tts        485  get audio|use local  
[2023/03/19 20:00:11 774] tts        527  0  nil  1  
[2023/03/19 20:00:11 775] tts        657  TTS_MSG_GETAUDIO  0  
[2023/03/19 20:00:11 776] tts        485  get audio|use local  
[2023/03/19 20:00:11 776] tts        527  0  nil  1  
[2023/03/19 20:00:11 777] tts        657  TTS_MSG_GETAUDIO  0  
[2023/03/19 20:00:11 777] tts        485  get audio|use local  
[2023/03/19 20:00:11 777] tts        527  0  nil  1  
[2023/03/19 20:00:11 778] tts        657  TTS_MSG_GETAUDIO  0  
[2023/03/19 20:00:11 778] tts        485  get audio|use local  
[2023/03/19 20:00:11 778] tts        527  0  nil  1  
[2023/03/19 20:00:11 778] tts        657  TTS_MSG_GETAUDIO  0  
[2023/03/19 20:00:11 779] tts        485  get audio|use local  
[2023/03/19 20:00:11 779] tts        527  0  nil  1  
[2023/03/19 20:00:11 780] tts        657  TTS_MSG_GETAUDIO  0  
[2023/03/19 20:00:11 780] tts        485  get audio|use local  
[2023/03/19 20:00:11 780] tts        527  0  nil  1  
[2023/03/19 20:00:11 781] tts        657  TTS_MSG_GETAUDIO  0  
[2023/03/19 20:00:11 781] tts        485  get audio|use local  
[2023/03/19 20:00:11 781] tts        527  0  nil  1  
[2023/03/19 20:00:11 782] tts        657  TTS_MSG_GETAUDIO  0  
[2023/03/19 20:00:11 782] tts        485  get audio|use local  
[2023/03/19 20:00:11 782] tts        527  0  nil  1  
[2023/03/19 20:00:11 783] tts        657  TTS_MSG_GETAUDIO  0  
[2023/03/19 20:00:11 783] tts        485  get audio|use local  
[2023/03/19 20:00:11 783] tts        527  0  nil  1  
[2023/03/19 20:00:11 784] tts        657  TTS_MSG_GETAUDIO  0  
[2023/03/19 20:00:11 784] tts        485  get audio|use local  
[2023/03/19 20:00:11 790] tts        527  0  nil  1  
[2023/03/19 20:00:11 797] tts        657  TTS_MSG_GETAUDIO  0  
[2023/03/19 20:00:11 797] tts        485  get audio|use local  
[2023/03/19 20:00:11 797] tts        527  0  nil  1  
[2023/03/19 20:00:11 798] tts        657  TTS_MSG_GETAUDIO  0  
[2023/03/19 20:00:11 798] tts        485  get audio|use local  
[2023/03/19 20:00:11 798] tts        527  0  nil  1  
[2023/03/19 20:00:11 799] tts        657  TTS_MSG_GETAUDIO  0  
[2023/03/19 20:00:11 799] tts        485  get audio|use local  
[2023/03/19 20:00:11 799] tts        527  0  nil  1  
[2023/03/19 20:00:11 800] tts        657  TTS_MSG_GETAUDIO  0  
[2023/03/19 20:00:11 800] tts        485  get audio|use local  
[2023/03/19 20:00:11 801] tts        527  0  nil  1  
[2023/03/19 20:00:11 802] tts        299  TTS_LOCAL_CB_BEGIN  
[2023/03/19 20:00:11 805] tts        657  TTS_MSG_GETAUDIO  0  
[2023/03/19 20:00:11 805] tts        485  get audio|use local  
[2023/03/19 20:00:11 805] tts        527  0  nil  1  
[2023/03/19 20:00:11 806] tts        657  TTS_MSG_GETAUDIO  0  
[2023/03/19 20:00:11 806] tts        485  get audio|use local  
[2023/03/19 20:00:11 806] tts        527  0  nil  1  
[2023/03/19 20:00:11 807] tts        657  TTS_MSG_GETAUDIO  0  
[2023/03/19 20:00:11 807] tts        485  get audio|use local  
[2023/03/19 20:00:11 808] tts        527  0  nil  1  
[2023/03/19 20:00:11 809] tts        657  TTS_MSG_GETAUDIO  0  
[2023/03/19 20:00:11 809] tts        485  get audio|use local  
[2023/03/19 20:00:11 810] tts        527  0  nil  1  
[2023/03/19 20:00:11 817] tts        657  TTS_MSG_GETAUDIO  0  
[2023/03/19 20:00:11 817] tts        485  get audio|use local  
[2023/03/19 20:00:11 817] tts        527  0  nil  1  
[2023/03/19 20:00:11 818] tts        657  TTS_MSG_GETAUDIO  0  
[2023/03/19 20:00:11 818] tts        485  get audio|use local  
[2023/03/19 20:00:11 818] tts        527  0  nil  1  
[2023/03/19 20:00:11 820] tts        657  TTS_MSG_GETAUDIO  0  
[2023/03/19 20:00:11 820] tts        485  get audio|use local  
[2023/03/19 20:00:11 820] tts        527  0  nil  1  
[2023/03/19 20:00:11 821] tts        657  TTS_MSG_GETAUDIO  0  
[2023/03/19 20:00:11 823] tts        485  get audio|use local  
[2023/03/19 20:00:11 823] tts        527  0  nil  1  
[2023/03/19 20:00:11 828] tts        657  TTS_MSG_GETAUDIO  0  
[2023/03/19 20:00:11 828] tts        485  get audio|use local  
[2023/03/19 20:00:11 828] tts        527  0  nil  1  
[2023/03/19 20:00:11 829] tts        657  TTS_MSG_GETAUDIO  0  
[2023/03/19 20:00:11 829] tts        485  get audio|use local  
[2023/03/19 20:00:11 829] tts        527  0  nil  1  
[2023/03/19 20:00:11 830] tts        657  TTS_MSG_GETAUDIO  0  
[2023/03/19 20:00:11 830] tts        485  get audio|use local  
[2023/03/19 20:00:11 830] tts        527  0  nil  1  
[2023/03/19 20:00:11 831] tts        657  TTS_MSG_GETAUDIO  0  
[2023/03/19 20:00:11 831] tts        485  get audio|use local  
[2023/03/19 20:00:11 831] tts        527  0  nil  1  
[2023/03/19 20:00:11 833] tts        657  TTS_MSG_GETAUDIO  0  
[2023/03/19 20:00:11 833] tts        485  get audio|use local  
[2023/03/19 20:00:11 833] tts        527  0  nil  1  
[2023/03/19 20:00:11 833] tts        657  TTS_MSG_GETAUDIO  0  
[2023/03/19 20:00:11 834] tts        485  get audio|use local  
[2023/03/19 20:00:11 834] tts        527  0  nil  1  
[2023/03/19 20:00:11 834] tts        657  TTS_MSG_GETAUDIO  0  
[2023/03/19 20:00:11 835] tts        485  get audio|use local  
[2023/03/19 20:00:11 835] tts        527  0  nil  1  
[2023/03/19 20:00:11 835] tts        657  TTS_MSG_GETAUDIO  0  
[2023/03/19 20:00:11 835] tts        485  get audio|use local  
[2023/03/19 20:00:11 836] tts        527  0  nil  1  
[2023/03/19 20:00:11 836] tts        657  TTS_MSG_GETAUDIO  0  
[2023/03/19 20:00:11 836] tts        485  get audio|use local  
[2023/03/19 20:00:11 836] tts        527  0  nil  1  
[2023/03/19 20:00:11 837] tts        657  TTS_MSG_GETAUDIO  0  
[2023/03/19 20:00:11 837] tts        485  get audio|use local  
[2023/03/19 20:00:11 837] tts        527  0  nil  1  
[2023/03/19 20:00:11 838] tts        657  TTS_MSG_GETAUDIO  0  
[2023/03/19 20:00:11 838] tts        485  get audio|use local  
[2023/03/19 20:00:11 838] tts        527  0  nil  1  
[2023/03/19 20:00:11 839] tts        657  TTS_MSG_GETAUDIO  0  
[2023/03/19 20:00:11 839] tts        485  get audio|use local  
[2023/03/19 20:00:11 839] tts        527  0  nil  1  
[2023/03/19 20:00:11 840] tts        657  TTS_MSG_GETAUDIO  0  
[2023/03/19 20:00:11 840] tts        485  get audio|use local  
[2023/03/19 20:00:11 840] tts        527  0  nil  1  
[2023/03/19 20:00:11 840] tts        657  TTS_MSG_GETAUDIO  0  
[2023/03/19 20:00:11 840] tts        485  get audio|use local  
[2023/03/19 20:00:11 841] tts        527  0  nil  1  
[2023/03/19 20:00:11 841] tts        657  TTS_MSG_GETAUDIO  0  
[2023/03/19 20:00:11 841] tts        485  get audio|use local  
[2023/03/19 20:00:11 841] tts        527  0  nil  1  
[2023/03/19 20:00:11 842] tts        657  TTS_MSG_GETAUDIO  0  
[2023/03/19 20:00:11 842] tts        485  get audio|use local  
[2023/03/19 20:00:11 842] tts        527  0  nil  1  
[2023/03/19 20:00:11 843] tts        657  TTS_MSG_GETAUDIO  0  
[2023/03/19 20:00:11 843] tts        485  get audio|use local  
[2023/03/19 20:00:11 843] tts        527  0  nil  1  
[2023/03/19 20:00:11 844] tts        657  TTS_MSG_GETAUDIO  0  
[2023/03/19 20:00:11 844] tts        485  get audio|use local  
[2023/03/19 20:00:11 844] tts        527  0  nil  1  
[2023/03/19 20:00:11 845] tts        657  TTS_MSG_GETAUDIO  0  
[2023/03/19 20:00:11 845] tts        485  get audio|use local  
[2023/03/19 20:00:11 845] tts        527  0  nil  1  
[2023/03/19 20:00:11 846] tts        657  TTS_MSG_GETAUDIO  0  
[2023/03/19 20:00:11 846] tts        485  get audio|use local  
[2023/03/19 20:00:11 846] tts        527  0  nil  1  
[2023/03/19 20:00:11 847] tts        657  TTS_MSG_GETAUDIO  0  
[2023/03/19 20:00:11 847] tts        485  get audio|use local  
[2023/03/19 20:00:11 847] tts        527  0  nil  1  
[2023/03/19 20:00:11 848] tts        657  TTS_MSG_GETAUDIO  0  
[2023/03/19 20:00:11 848] tts        485  get audio|use local  
[2023/03/19 20:00:11 848] tts        527  0  nil  1  
[2023/03/19 20:00:11 850] tts        657  TTS_MSG_GETAUDIO  0  
[2023/03/19 20:00:11 850] tts        485  get audio|use local  
[2023/03/19 20:00:11 850] tts        527  0  nil  1  
[2023/03/19 20:00:11 853] tts        657  TTS_MSG_GETAUDIO  0  
[2023/03/19 20:00:11 853] tts        485  get audio|use local  
[2023/03/19 20:00:11 853] tts        527  0  nil  1  
[2023/03/19 20:00:11 854] tts        657  TTS_MSG_GETAUDIO  0  
[2023/03/19 20:00:11 854] tts        485  get audio|use local  
[2023/03/19 20:00:11 854] tts        527  0  nil  1  
[2023/03/19 20:00:11 855] tts        657  TTS_MSG_GETAUDIO  0  
[2023/03/19 20:00:11 855] tts        485  get audio|use local  
[2023/03/19 20:00:11 855] tts        527  0  nil  1  
[2023/03/19 20:00:11 856] tts        657  TTS_MSG_GETAUDIO  0  
[2023/03/19 20:00:11 856] tts        485  get audio|use local  
[2023/03/19 20:00:11 856] tts        527  0  nil  1  
[2023/03/19 20:00:11 857] tts        657  TTS_MSG_GETAUDIO  0  
[2023/03/19 20:00:11 857] tts        485  get audio|use local  
[2023/03/19 20:00:11 857] tts        527  0  nil  1  
[2023/03/19 20:00:11 858] tts        657  TTS_MSG_GETAUDIO  0  
[2023/03/19 20:00:11 858] tts        485  get audio|use local  
[2023/03/19 20:00:11 858] tts        527  0  nil  1  
[2023/03/19 20:00:11 859] tts        657  TTS_MSG_GETAUDIO  0  
[2023/03/19 20:00:11 859] tts        485  get audio|use local  
[2023/03/19 20:00:11 859] tts        527  0  nil  1  
[2023/03/19 20:00:11 860] tts        657  TTS_MSG_GETAUDIO  0  
[2023/03/19 20:00:11 860] tts        485  get audio|use local  
[2023/03/19 20:00:11 860] tts        527  0  nil  1  
[2023/03/19 20:00:11 861] tts        657  TTS_MSG_GETAUDIO  0  
[2023/03/19 20:00:11 861] tts        485  get audio|use local  
[2023/03/19 20:00:11 861] tts        527  0  nil  1  
[2023/03/19 20:00:11 862] tts        657  TTS_MSG_GETAUDIO  0  
[2023/03/19 20:00:11 862] tts        485  get audio|use local  
[2023/03/19 20:00:11 862] tts        527  0  nil  1  
[2023/03/19 20:00:11 863] tts        657  TTS_MSG_GETAUDIO  0  
[2023/03/19 20:00:11 863] tts        485  get audio|use local  
[2023/03/19 20:00:11 863] tts        527  0  nil  1  
[2023/03/19 20:00:11 863] tts        657  TTS_MSG_GETAUDIO  0  
[2023/03/19 20:00:11 864] tts        485  get audio|use local  
[2023/03/19 20:00:11 864] tts        527  0  nil  1  
[2023/03/19 20:00:11 864] tts        657  TTS_MSG_GETAUDIO  0  
[2023/03/19 20:00:11 864] tts        485  get audio|use local  
[2023/03/19 20:00:11 864] tts        527  0  nil  1  
[2023/03/19 20:00:11 865] tts        657  TTS_MSG_GETAUDIO  0  
[2023/03/19 20:00:11 865] tts        485  get audio|use local  
[2023/03/19 20:00:11 866] tts        527  0  nil  1  
[2023/03/19 20:00:11 866] tts        657  TTS_MSG_GETAUDIO  0  
[2023/03/19 20:00:11 867] tts        485  get audio|use local  
[2023/03/19 20:00:11 867] tts        527  0  nil  1  
[2023/03/19 20:00:11 867] tts        657  TTS_MSG_GETAUDIO  0  
[2023/03/19 20:00:11 868] tts        485  get audio|use local  
[2023/03/19 20:00:11 868] tts        527  0  nil  1  
[2023/03/19 20:00:11 868] tts        657  TTS_MSG_GETAUDIO  0  
[2023/03/19 20:00:11 868] tts        485  get audio|use local  
[2023/03/19 20:00:11 868] tts        527  0  nil  1  
[2023/03/19 20:00:11 869] tts        657  TTS_MSG_GETAUDIO  0  
[2023/03/19 20:00:11 869] tts        485  get audio|use local  
[2023/03/19 20:00:11 870] tts        527  0  nil  1  
[2023/03/19 20:00:11 871] tts        657  TTS_MSG_GETAUDIO  0  
[2023/03/19 20:00:11 871] tts        485  get audio|use local  
[2023/03/19 20:00:11 871] tts        527  0  nil  1  
[2023/03/19 20:00:11 872] tts        657  TTS_MSG_GETAUDIO  0  
[2023/03/19 20:00:11 872] tts        485  get audio|use local  
[2023/03/19 20:00:11 872] tts        527  0  nil  1  
[2023/03/19 20:00:11 873] tts        657  TTS_MSG_GETAUDIO  0  
[2023/03/19 20:00:11 873] tts        485  get audio|use local  
[2023/03/19 20:00:11 873] tts        527  0  nil  1  
[2023/03/19 20:00:11 874] tts        657  TTS_MSG_GETAUDIO  0  
[2023/03/19 20:00:11 874] tts        485  get audio|use local  
[2023/03/19 20:00:11 874] tts        527  0  nil  1  
[2023/03/19 20:00:11 875] tts        657  TTS_MSG_GETAUDIO  0  
[2023/03/19 20:00:11 875] tts        485  get audio|use local  
[2023/03/19 20:00:11 875] tts        527  0  nil  1  
[2023/03/19 20:00:11 876] tts        657  TTS_MSG_GETAUDIO  0  
[2023/03/19 20:00:11 876] tts        485  get audio|use local  
[2023/03/19 20:00:11 876] tts        527  0  nil  1  
[2023/03/19 20:00:11 877] tts        657  TTS_MSG_GETAUDIO  0  
[2023/03/19 20:00:11 877] tts        485  get audio|use local  
[2023/03/19 20:00:11 877] tts        527  0  nil  1  
[2023/03/19 20:00:11 877] tts        657  TTS_MSG_GETAUDIO  0  
[2023/03/19 20:00:11 877] tts        485  get audio|use local  
[2023/03/19 20:00:11 878] tts        527  0  nil  1  
[2023/03/19 20:00:11 878] tts        657  TTS_MSG_GETAUDIO  0  
[2023/03/19 20:00:11 878] tts        485  get audio|use local  
[2023/03/19 20:00:11 878] tts        527  0  nil  1  
[2023/03/19 20:00:11 879] tts        657  TTS_MSG_GETAUDIO  0  
[2023/03/19 20:00:11 879] tts        485  get audio|use local  
[2023/03/19 20:00:11 879] tts        527  0  nil  1  
[2023/03/19 20:00:11 880] tts        657  TTS_MSG_GETAUDIO  0  
[2023/03/19 20:00:11 880] tts        485  get audio|use local  
[2023/03/19 20:00:11 880] tts        527  0  nil  1  
[2023/03/19 20:00:11 880] tts        657  TTS_MSG_GETAUDIO  0  
[2023/03/19 20:00:11 880] tts        485  get audio|use local  
[2023/03/19 20:00:11 880] tts        527  0  nil  1  
[2023/03/19 20:00:11 881] tts        657  TTS_MSG_GETAUDIO  0  
[2023/03/19 20:00:11 881] tts        485  get audio|use local  
[2023/03/19 20:00:11 881] tts        527  0  nil  1  
[2023/03/19 20:00:11 882] tts        657  TTS_MSG_GETAUDIO  0  
[2023/03/19 20:00:11 882] tts        485  get audio|use local  
[2023/03/19 20:00:11 882] tts        527  0  nil  1  
[2023/03/19 20:00:11 883] tts        657  TTS_MSG_GETAUDIO  0  
[2023/03/19 20:00:11 883] tts        485  get audio|use local  
[2023/03/19 20:00:11 883] tts        527  0  nil  1  
[2023/03/19 20:00:11 885] tts        657  TTS_MSG_GETAUDIO  0  
[2023/03/19 20:00:11 885] tts        485  get audio|use local  
[2023/03/19 20:00:11 886] tts        527  0  nil  1  
[2023/03/19 20:00:11 886] tts        657  TTS_MSG_GETAUDIO  0  
[2023/03/19 20:00:11 887] tts        485  get audio|use local  
[2023/03/19 20:00:11 887] tts        527  0  nil  1  
[2023/03/19 20:00:11 887] tts        657  TTS_MSG_GETAUDIO  0  
[2023/03/19 20:00:11 888] tts        485  get audio|use local  
[2023/03/19 20:00:11 888] tts        527  0  nil  1  
[2023/03/19 20:00:11 888] tts        657  TTS_MSG_GETAUDIO  0  
[2023/03/19 20:00:11 888] tts        485  get audio|use local  
[2023/03/19 20:00:11 888] tts        527  0  nil  1  
[2023/03/19 20:00:11 889] tts        657  TTS_MSG_GETAUDIO  0  
[2023/03/19 20:00:11 889] tts        485  get audio|use local  
[2023/03/19 20:00:11 889] tts        527  0  nil  1  
[2023/03/19 20:00:11 890] tts        657  TTS_MSG_GETAUDIO  0  
[2023/03/19 20:00:11 890] tts        485  get audio|use local  
[2023/03/19 20:00:11 890] tts        527  0  nil  1  
[2023/03/19 20:00:11 891] tts        657  TTS_MSG_GETAUDIO  0  
[2023/03/19 20:00:11 891] tts        485  get audio|use local  
[2023/03/19 20:00:11 891] tts        527  0  nil  1  
[2023/03/19 20:00:11 892] tts        657  TTS_MSG_GETAUDIO  0  
[2023/03/19 20:00:11 892] tts        485  get audio|use local  
[2023/03/19 20:00:11 892] tts        527  0  nil  1  
[2023/03/19 20:00:11 892] tts        657  TTS_MSG_GETAUDIO  0  
[2023/03/19 20:00:11 892] tts        485  get audio|use local  
[2023/03/19 20:00:11 893] tts        527  0  nil  1  
[2023/03/19 20:00:11 894] tts        657  TTS_MSG_GETAUDIO  0  
[2023/03/19 20:00:11 894] tts        485  get audio|use local  
[2023/03/19 20:00:11 894] tts        527  0  nil  1  
[2023/03/19 20:00:11 895] tts        657  TTS_MSG_GETAUDIO  0  
[2023/03/19 20:00:11 895] tts        485  get audio|use local  
[2023/03/19 20:00:11 895] tts        527  0  nil  1  
[2023/03/19 20:00:11 896] tts        657  TTS_MSG_GETAUDIO  0  
[2023/03/19 20:00:11 896] tts        485  get audio|use local  
[2023/03/19 20:00:11 896] tts        527  0  nil  1  
[2023/03/19 20:00:11 897] tts        657  TTS_MSG_GETAUDIO  0  
[2023/03/19 20:00:11 897] tts        485  get audio|use local  
[2023/03/19 20:00:11 897] tts        527  0  nil  1  
[2023/03/19 20:00:11 898] tts        657  TTS_MSG_GETAUDIO  0  
[2023/03/19 20:00:11 898] tts        485  get audio|use local  
[2023/03/19 20:00:11 898] tts        527  0  nil  1  
[2023/03/19 20:00:11 899] tts        657  TTS_MSG_GETAUDIO  0  
[2023/03/19 20:00:11 900] tts        485  get audio|use local  
[2023/03/19 20:00:11 900] tts        527  0  nil  1  
[2023/03/19 20:00:11 900] tts        657  TTS_MSG_GETAUDIO  0  
[2023/03/19 20:00:11 900] tts        485  get audio|use local  
[2023/03/19 20:00:11 900] tts        527  0  nil  1  
[2023/03/19 20:00:11 901] tts        657  TTS_MSG_GETAUDIO  0  
[2023/03/19 20:00:11 901] tts        485  get audio|use local  
[2023/03/19 20:00:11 901] tts        527  0  nil  1  
[2023/03/19 20:00:11 902] tts        657  TTS_MSG_GETAUDIO  0  
[2023/03/19 20:00:11 902] tts        485  get audio|use local  
[2023/03/19 20:00:11 902] tts        527  0  nil  1  
[2023/03/19 20:00:11 903] tts        657  TTS_MSG_GETAUDIO  0  
[2023/03/19 20:00:11 903] tts        485  get audio|use local  
[2023/03/19 20:00:11 903] tts        527  0  nil  1  
[2023/03/19 20:00:11 906] tts        657  TTS_MSG_GETAUDIO  0  
[2023/03/19 20:00:11 906] tts        485  get audio|use local  
[2023/03/19 20:00:11 906] tts        527  0  nil  1  
[2023/03/19 20:00:11 907] tts        657  TTS_MSG_GETAUDIO  0  
[2023/03/19 20:00:11 907] tts        485  get audio|use local  
[2023/03/19 20:00:11 907] tts        527  0  nil  1  
[2023/03/19 20:00:11 909] tts        657  TTS_MSG_GETAUDIO  0  
[2023/03/19 20:00:11 910] tts        485  get audio|use local  
[2023/03/19 20:00:11 910] tts        527  0  nil  1  
[2023/03/19 20:00:11 914] tts        657  TTS_MSG_GETAUDIO  0  
[2023/03/19 20:00:11 915] tts        485  get audio|use local  
[2023/03/19 20:00:11 915] tts        527  0  nil  1  
[2023/03/19 20:00:11 916] tts        657  TTS_MSG_GETAUDIO  0  
[2023/03/19 20:00:11 916] tts        485  get audio|use local  
[2023/03/19 20:00:11 916] tts        527  0  nil  1  
[2023/03/19 20:00:11 917] tts        657  TTS_MSG_GETAUDIO  0  
[2023/03/19 20:00:11 917] tts        485  get audio|use local  
[2023/03/19 20:00:11 917] tts        527  0  nil  1  
[2023/03/19 20:00:11 919] tts        657  TTS_MSG_GETAUDIO  0  
[2023/03/19 20:00:11 919] tts        485  get audio|use local  
[2023/03/19 20:00:11 919] tts        527  0  nil  1  
[2023/03/19 20:00:11 920] tts        657  TTS_MSG_GETAUDIO  0  
[2023/03/19 20:00:11 920] tts        485  get audio|use local  
[2023/03/19 20:00:11 920] tts        527  0  nil  1  
[2023/03/19 20:00:11 921] tts        657  TTS_MSG_GETAUDIO  0  
[2023/03/19 20:00:11 921] tts        485  get audio|use local  
[2023/03/19 20:00:11 921] tts        527  0  nil  1  
[2023/03/19 20:00:11 922] tts        657  TTS_MSG_GETAUDIO  0  
[2023/03/19 20:00:11 922] tts        485  get audio|use local  
[2023/03/19 20:00:11 922] tts        527  0  nil  1  
[2023/03/19 20:00:11 922] tts        657  TTS_MSG_GETAUDIO  0  
[2023/03/19 20:00:11 923] tts        485  get audio|use local  
[2023/03/19 20:00:11 923] tts        527  0  nil  1  
[2023/03/19 20:00:11 923] tts        657  TTS_MSG_GETAUDIO  0  
[2023/03/19 20:00:11 923] tts        485  get audio|use local  
[2023/03/19 20:00:11 924] tts        527  0  nil  1  
[2023/03/19 20:00:11 924] tts        657  TTS_MSG_GETAUDIO  0  
[2023/03/19 20:00:11 924] tts        485  get audio|use local  
[2023/03/19 20:00:11 925] tts        527  0  nil  1  
[2023/03/19 20:00:11 925] tts        657  TTS_MSG_GETAUDIO  0  
[2023/03/19 20:00:11 925] tts        485  get audio|use local  
[2023/03/19 20:00:11 925] tts        527  0  nil  1  
[2023/03/19 20:00:11 926] tts        657  TTS_MSG_GETAUDIO  0  
[2023/03/19 20:00:11 926] tts        485  get audio|use local  
[2023/03/19 20:00:11 926] tts        527  0  nil  1  
[2023/03/19 20:00:11 927] tts        657  TTS_MSG_GETAUDIO  0  
[2023/03/19 20:00:11 927] tts        485  get audio|use local  
[2023/03/19 20:00:11 927] tts        527  0  nil  1  
[2023/03/19 20:00:11 928] tts        657  TTS_MSG_GETAUDIO  0  
[2023/03/19 20:00:11 928] tts        485  get audio|use local  
[2023/03/19 20:00:11 928] tts        527  0  nil  1  
[2023/03/19 20:00:11 931] tts        657  TTS_MSG_GETAUDIO  0  
[2023/03/19 20:00:11 931] tts        485  get audio|use local  
[2023/03/19 20:00:11 931] tts        527  0  nil  1  
[2023/03/19 20:00:11 932] tts        657  TTS_MSG_GETAUDIO  0  
[2023/03/19 20:00:11 933] tts        485  get audio|use local  
[2023/03/19 20:00:11 933] tts        527  0  nil  1  
[2023/03/19 20:00:11 934] tts        657  TTS_MSG_GETAUDIO  0  
[2023/03/19 20:00:11 934] tts        485  get audio|use local  
[2023/03/19 20:00:11 934] tts        527  0  nil  1  
[2023/03/19 20:00:11 939] tts        657  TTS_MSG_GETAUDIO  0  
[2023/03/19 20:00:11 939] tts        485  get audio|use local  
[2023/03/19 20:00:11 939] tts        527  0  nil  1  
[2023/03/19 20:00:11 940] tts        657  TTS_MSG_GETAUDIO  0  
[2023/03/19 20:00:11 945] tts        485  get audio|use local  
[2023/03/19 20:00:11 951] tts        527  0  nil  1  
[2023/03/19 20:00:11 967] tts        657  TTS_MSG_GETAUDIO  0  
[2023/03/19 20:00:11 967] tts        485  get audio|use local  
[2023/03/19 20:00:11 967] tts        498  local audiolen:  2042  ,ced:  3  
[2023/03/19 20:00:11 967] tts        527  0  udata(7407f6b8) 1  
[2023/03/19 20:00:11 971] tts        657  TTS_MSG_GETAUDIO  0  
[2023/03/19 20:00:11 972] tts        485  get audio|use local  
[2023/03/19 20:00:11 972] tts        498  local audiolen:  2016  ,ced:  3  
[2023/03/19 20:00:11 972] tts        527  0  udata(7407cc28) 1  
[2023/03/19 20:00:11 975] tts        657  TTS_MSG_GETAUDIO  0  
[2023/03/19 20:00:11 975] tts        485  get audio|use local  
[2023/03/19 20:00:11 975] tts        498  local audiolen:  2014  ,ced:  3  
[2023/03/19 20:00:11 975] tts        527  0  udata(7407cc78) 1  
[2023/03/19 20:00:11 976] tts        657  TTS_MSG_GETAUDIO  0  
[2023/03/19 20:00:11 976] tts        485  get audio|use local  
[2023/03/19 20:00:11 976] tts        498  local audiolen:  2016  ,ced:  3  
[2023/03/19 20:00:11 976] tts        527  0  udata(7407ccc8) 1  
[2023/03/19 20:00:11 979] tts        657  TTS_MSG_GETAUDIO  0  
[2023/03/19 20:00:11 979] tts        485  get audio|use local  
[2023/03/19 20:00:11 980] tts        498  local audiolen:  2008  ,ced:  3  
[2023/03/19 20:00:11 980] tts        527  0  udata(7407cd18) 1  
[2023/03/19 20:00:11 981] tts        657  TTS_MSG_GETAUDIO  0  
[2023/03/19 20:00:11 982] tts        485  get audio|use local  
[2023/03/19 20:00:11 982] tts        498  local audiolen:  2000  ,ced:  3  
[2023/03/19 20:00:11 983] tts        527  0  udata(7407cd68) 1  
[2023/03/19 20:00:11 985] tts        657  TTS_MSG_GETAUDIO  0  
[2023/03/19 20:00:11 985] tts        485  get audio|use local  
[2023/03/19 20:00:11 985] tts        498  local audiolen:  2004  ,ced:  3  
[2023/03/19 20:00:11 985] tts        527  0  udata(7407d0b8) 1  
[2023/03/19 20:00:11 988] tts        657  TTS_MSG_GETAUDIO  0  
[2023/03/19 20:00:11 988] tts        485  get audio|use local  
[2023/03/19 20:00:11 988] tts        498  local audiolen:  2004  ,ced:  3  
[2023/03/19 20:00:11 988] tts        527  0  udata(74022108) 1  
[2023/03/19 20:00:11 989] tts        657  TTS_MSG_GETAUDIO  0  
[2023/03/19 20:00:11 989] tts        485  get audio|use local  
[2023/03/19 20:00:11 990] tts        498  local audiolen:  1984  ,ced:  3  
[2023/03/19 20:00:11 990] tts        527  0  udata(74022158) 1  
[2023/03/19 20:00:11 990] tts        301  0  0  
[2023/03/19 20:00:11 990] tts        312  TTS_LOCAL_CB_END,  2  
[2023/03/19 20:00:11 991] tts        657  TTS_MSG_GETAUDIO  0  
[2023/03/19 20:00:11 991] tts        485  get audio|use local  
[2023/03/19 20:00:11 991] tts        498  local audiolen:  1948  ,ced:  3  
[2023/03/19 20:00:11 991] tts        527  0  udata(74022348) 1  
[2023/03/19 20:00:11 992] tts        657  TTS_MSG_GETAUDIO  0  
[2023/03/19 20:00:11 992] tts        485  get audio|use local  
[2023/03/19 20:00:11 992] tts        498  local audiolen:  2006  ,ced:  3  
[2023/03/19 20:00:11 992] tts        527  0  udata(74022398) 1  
[2023/03/19 20:00:11 992] tts        657  TTS_MSG_GETAUDIO  0  
[2023/03/19 20:00:11 993] tts        485  get audio|use local  
[2023/03/19 20:00:11 993] tts        498  local audiolen:  672  ,ced:  3  
[2023/03/19 20:00:11 993] tts        527  0  udata(7407c3c8) 2  
[2023/03/19 20:00:11 994] tts        660  TTS_MSG_SSE  
[2023/03/19 20:00:11 996] tts        585  sse|use local  
[2023/03/19 20:00:11 999] tts        603  tts exit  
