============================================================
Time  2023/03/19 19:40:35 566 
============================================================
[2023/03/19 19:40:35 566] tts        676  SYS_MSG_REGCB param0 =  msp_status_cb  param1 =  func(80014a30) 
[2023/03/19 19:40:35 569] config     43   use general cloud  
[2023/03/19 19:40:35 575] tts_cloud  1417 SYS_MSG_REGCB_CLOUD param0 =   msp_status_cb  param1 =  func(80014a30) 
[2023/03/19 19:40:35 575] tts        647  TTS_MSG_SSB  
[2023/03/19 19:40:35 575] tts        375  params =  engine_type = local,voice_name=xiaoyan, text_encoding = UTF8, tts_res_path = fo|res/tts/xiaoyan.jet;fo|res/tts/common.jet, sample_rate = 16000, speed = 50, volume = 50, pitch = 50, rdn = 2  
[2023/03/19 19:40:35 575] tts        412  ssb|use local  
[2023/03/19 19:40:35 576] tts        349  local_session_begin  
[2023/03/19 19:40:35 578] tts        654  TTS_MSG_SYN  0  
[2023/03/19 19:40:35 578] tts        451  synth|use local  
[2023/03/19 19:40:35 580] tts        657  TTS_MSG_GETAUDIO  0  
[2023/03/19 19:40:35 580] tts        485  get audio|use local  
[2023/03/19 19:40:35 580] tts        527  0  nil  1  
[2023/03/19 19:40:35 581] tts        657  TTS_MSG_GETAUDIO  0  
[2023/03/19 19:40:35 581] tts        485  get audio|use local  
[2023/03/19 19:40:35 581] tts        527  0  nil  1  
[2023/03/19 19:40:35 588] tts        657  TTS_MSG_GETAUDIO  0  
[2023/03/19 19:40:35 588] tts        485  get audio|use local  
[2023/03/19 19:40:35 588] tts        527  0  nil  1  
[2023/03/19 19:40:35 588] tts        657  TTS_MSG_GETAUDIO  0  
[2023/03/19 19:40:35 589] tts        485  get audio|use local  
[2023/03/19 19:40:35 589] tts        527  0  nil  1  
[2023/03/19 19:40:35 589] tts        657  TTS_MSG_GETAUDIO  0  
[2023/03/19 19:40:35 590] tts        485  get audio|use local  
[2023/03/19 19:40:35 590] tts        527  0  nil  1  
[2023/03/19 19:40:35 591] tts        657  TTS_MSG_GETAUDIO  0  
[2023/03/19 19:40:35 591] tts        485  get audio|use local  
[2023/03/19 19:40:35 591] tts        527  0  nil  1  
[2023/03/19 19:40:35 592] tts        657  TTS_MSG_GETAUDIO  0  
[2023/03/19 19:40:35 592] tts        485  get audio|use local  
[2023/03/19 19:40:35 592] tts        527  0  nil  1  
[2023/03/19 19:40:35 593] tts        657  TTS_MSG_GETAUDIO  0  
[2023/03/19 19:40:35 593] tts        485  get audio|use local  
[2023/03/19 19:40:35 593] tts        527  0  nil  1  
[2023/03/19 19:40:35 596] tts        657  TTS_MSG_GETAUDIO  0  
[2023/03/19 19:40:35 596] tts        485  get audio|use local  
[2023/03/19 19:40:35 597] tts        527  0  nil  1  
[2023/03/19 19:40:35 597] tts        657  TTS_MSG_GETAUDIO  0  
[2023/03/19 19:40:35 597] tts        485  get audio|use local  
[2023/03/19 19:40:35 598] tts        527  0  nil  1  
[2023/03/19 19:40:35 599] tts        657  TTS_MSG_GETAUDIO  0  
[2023/03/19 19:40:35 599] tts        485  get audio|use local  
[2023/03/19 19:40:35 599] tts        527  0  nil  1  
[2023/03/19 19:40:35 600] tts        657  TTS_MSG_GETAUDIO  0  
[2023/03/19 19:40:35 600] tts        485  get audio|use local  
[2023/03/19 19:40:35 600] tts        527  0  nil  1  
[2023/03/19 19:40:35 601] tts        657  TTS_MSG_GETAUDIO  0  
[2023/03/19 19:40:35 601] tts        485  get audio|use local  
[2023/03/19 19:40:35 601] tts        527  0  nil  1  
[2023/03/19 19:40:35 602] tts        657  TTS_MSG_GETAUDIO  0  
[2023/03/19 19:40:35 602] tts        485  get audio|use local  
[2023/03/19 19:40:35 602] tts        527  0  nil  1  
[2023/03/19 19:40:35 602] tts        657  TTS_MSG_GETAUDIO  0  
[2023/03/19 19:40:35 603] tts        485  get audio|use local  
[2023/03/19 19:40:35 603] tts        527  0  nil  1  
[2023/03/19 19:40:35 604] tts        657  TTS_MSG_GETAUDIO  0  
[2023/03/19 19:40:35 604] tts        485  get audio|use local  
[2023/03/19 19:40:35 604] tts        527  0  nil  1  
[2023/03/19 19:40:35 605] tts        657  TTS_MSG_GETAUDIO  0  
[2023/03/19 19:40:35 605] tts        485  get audio|use local  
[2023/03/19 19:40:35 605] tts        527  0  nil  1  
[2023/03/19 19:40:35 606] tts        657  TTS_MSG_GETAUDIO  0  
[2023/03/19 19:40:35 606] tts        485  get audio|use local  
[2023/03/19 19:40:35 606] tts        527  0  nil  1  
[2023/03/19 19:40:35 607] tts        657  TTS_MSG_GETAUDIO  0  
[2023/03/19 19:40:35 607] tts        485  get audio|use local  
[2023/03/19 19:40:35 607] tts        527  0  nil  1  
[2023/03/19 19:40:35 608] tts        657  TTS_MSG_GETAUDIO  0  
[2023/03/19 19:40:35 608] tts        485  get audio|use local  
[2023/03/19 19:40:35 608] tts        527  0  nil  1  
[2023/03/19 19:40:35 609] tts        657  TTS_MSG_GETAUDIO  0  
[2023/03/19 19:40:35 609] tts        485  get audio|use local  
[2023/03/19 19:40:35 609] tts        527  0  nil  1  
[2023/03/19 19:40:35 610] tts        657  TTS_MSG_GETAUDIO  0  
[2023/03/19 19:40:35 610] tts        485  get audio|use local  
[2023/03/19 19:40:35 610] tts        527  0  nil  1  
[2023/03/19 19:40:35 611] tts        657  TTS_MSG_GETAUDIO  0  
[2023/03/19 19:40:35 611] tts        485  get audio|use local  
[2023/03/19 19:40:35 611] tts        527  0  nil  1  
[2023/03/19 19:40:35 612] tts        657  TTS_MSG_GETAUDIO  0  
[2023/03/19 19:40:35 612] tts        485  get audio|use local  
[2023/03/19 19:40:35 612] tts        527  0  nil  1  
[2023/03/19 19:40:35 613] tts        657  TTS_MSG_GETAUDIO  0  
[2023/03/19 19:40:35 613] tts        485  get audio|use local  
[2023/03/19 19:40:35 613] tts        527  0  nil  1  
[2023/03/19 19:40:35 614] tts        657  TTS_MSG_GETAUDIO  0  
[2023/03/19 19:40:35 614] tts        485  get audio|use local  
[2023/03/19 19:40:35 614] tts        527  0  nil  1  
[2023/03/19 19:40:35 615] tts        657  TTS_MSG_GETAUDIO  0  
[2023/03/19 19:40:35 615] tts        485  get audio|use local  
[2023/03/19 19:40:35 615] tts        527  0  nil  1  
[2023/03/19 19:40:35 616] tts        657  TTS_MSG_GETAUDIO  0  
[2023/03/19 19:40:35 616] tts        485  get audio|use local  
[2023/03/19 19:40:35 616] tts        527  0  nil  1  
[2023/03/19 19:40:35 617] tts        657  TTS_MSG_GETAUDIO  0  
[2023/03/19 19:40:35 617] tts        485  get audio|use local  
[2023/03/19 19:40:35 617] tts        527  0  nil  1  
[2023/03/19 19:40:35 618] tts        657  TTS_MSG_GETAUDIO  0  
[2023/03/19 19:40:35 618] tts        485  get audio|use local  
[2023/03/19 19:40:35 618] tts        527  0  nil  1  
[2023/03/19 19:40:35 618] tts        657  TTS_MSG_GETAUDIO  0  
[2023/03/19 19:40:35 618] tts        485  get audio|use local  
[2023/03/19 19:40:35 619] tts        527  0  nil  1  
[2023/03/19 19:40:35 619] tts        657  TTS_MSG_GETAUDIO  0  
[2023/03/19 19:40:35 619] tts        485  get audio|use local  
[2023/03/19 19:40:35 620] tts        527  0  nil  1  
[2023/03/19 19:40:35 620] tts        657  TTS_MSG_GETAUDIO  0  
[2023/03/19 19:40:35 620] tts        485  get audio|use local  
[2023/03/19 19:40:35 620] tts        527  0  nil  1  
[2023/03/19 19:40:35 621] tts        657  TTS_MSG_GETAUDIO  0  
[2023/03/19 19:40:35 621] tts        485  get audio|use local  
[2023/03/19 19:40:35 621] tts        527  0  nil  1  
[2023/03/19 19:40:35 622] tts        657  TTS_MSG_GETAUDIO  0  
[2023/03/19 19:40:35 622] tts        485  get audio|use local  
[2023/03/19 19:40:35 622] tts        527  0  nil  1  
[2023/03/19 19:40:35 622] tts        657  TTS_MSG_GETAUDIO  0  
[2023/03/19 19:40:35 623] tts        485  get audio|use local  
[2023/03/19 19:40:35 623] tts        527  0  nil  1  
[2023/03/19 19:40:35 623] tts        657  TTS_MSG_GETAUDIO  0  
[2023/03/19 19:40:35 623] tts        485  get audio|use local  
[2023/03/19 19:40:35 624] tts        527  0  nil  1  
[2023/03/19 19:40:35 624] tts        657  TTS_MSG_GETAUDIO  0  
[2023/03/19 19:40:35 624] tts        485  get audio|use local  
[2023/03/19 19:40:35 624] tts        527  0  nil  1  
[2023/03/19 19:40:35 625] tts        657  TTS_MSG_GETAUDIO  0  
[2023/03/19 19:40:35 625] tts        485  get audio|use local  
[2023/03/19 19:40:35 625] tts        527  0  nil  1  
[2023/03/19 19:40:35 626] tts        657  TTS_MSG_GETAUDIO  0  
[2023/03/19 19:40:35 626] tts        485  get audio|use local  
[2023/03/19 19:40:35 626] tts        527  0  nil  1  
[2023/03/19 19:40:35 627] tts        657  TTS_MSG_GETAUDIO  0  
[2023/03/19 19:40:35 627] tts        485  get audio|use local  
[2023/03/19 19:40:35 627] tts        527  0  nil  1  
[2023/03/19 19:40:35 628] tts        657  TTS_MSG_GETAUDIO  0  
[2023/03/19 19:40:35 628] tts        485  get audio|use local  
[2023/03/19 19:40:35 628] tts        527  0  nil  1  
[2023/03/19 19:40:35 629] tts        657  TTS_MSG_GETAUDIO  0  
[2023/03/19 19:40:35 629] tts        485  get audio|use local  
[2023/03/19 19:40:35 629] tts        527  0  nil  1  
[2023/03/19 19:40:35 630] tts        657  TTS_MSG_GETAUDIO  0  
[2023/03/19 19:40:35 630] tts        485  get audio|use local  
[2023/03/19 19:40:35 630] tts        527  0  nil  1  
[2023/03/19 19:40:35 631] tts        657  TTS_MSG_GETAUDIO  0  
[2023/03/19 19:40:35 631] tts        485  get audio|use local  
[2023/03/19 19:40:35 631] tts        527  0  nil  1  
[2023/03/19 19:40:35 632] tts        657  TTS_MSG_GETAUDIO  0  
[2023/03/19 19:40:35 632] tts        485  get audio|use local  
[2023/03/19 19:40:35 632] tts        527  0  nil  1  
[2023/03/19 19:40:35 633] tts        657  TTS_MSG_GETAUDIO  0  
[2023/03/19 19:40:35 633] tts        485  get audio|use local  
[2023/03/19 19:40:35 633] tts        527  0  nil  1  
[2023/03/19 19:40:35 634] tts        657  TTS_MSG_GETAUDIO  0  
[2023/03/19 19:40:35 634] tts        485  get audio|use local  
[2023/03/19 19:40:35 634] tts        527  0  nil  1  
[2023/03/19 19:40:35 635] tts        657  TTS_MSG_GETAUDIO  0  
[2023/03/19 19:40:35 635] tts        485  get audio|use local  
[2023/03/19 19:40:35 635] tts        527  0  nil  1  
[2023/03/19 19:40:35 636] tts        657  TTS_MSG_GETAUDIO  0  
[2023/03/19 19:40:35 636] tts        485  get audio|use local  
[2023/03/19 19:40:35 636] tts        527  0  nil  1  
[2023/03/19 19:40:35 637] tts        657  TTS_MSG_GETAUDIO  0  
[2023/03/19 19:40:35 637] tts        485  get audio|use local  
[2023/03/19 19:40:35 637] tts        527  0  nil  1  
[2023/03/19 19:40:35 638] tts        657  TTS_MSG_GETAUDIO  0  
[2023/03/19 19:40:35 639] tts        485  get audio|use local  
[2023/03/19 19:40:35 639] tts        527  0  nil  1  
[2023/03/19 19:40:35 640] tts        657  TTS_MSG_GETAUDIO  0  
[2023/03/19 19:40:35 640] tts        485  get audio|use local  
[2023/03/19 19:40:35 641] tts        527  0  nil  1  
[2023/03/19 19:40:35 642] tts        657  TTS_MSG_GETAUDIO  0  
[2023/03/19 19:40:35 642] tts        485  get audio|use local  
[2023/03/19 19:40:35 642] tts        527  0  nil  1  
[2023/03/19 19:40:35 643] tts        657  TTS_MSG_GETAUDIO  0  
[2023/03/19 19:40:35 643] tts        485  get audio|use local  
[2023/03/19 19:40:35 644] tts        527  0  nil  1  
[2023/03/19 19:40:35 645] tts        657  TTS_MSG_GETAUDIO  0  
[2023/03/19 19:40:35 645] tts        485  get audio|use local  
[2023/03/19 19:40:35 647] tts        527  0  nil  1  
[2023/03/19 19:40:35 648] tts        657  TTS_MSG_GETAUDIO  0  
[2023/03/19 19:40:35 648] tts        485  get audio|use local  
[2023/03/19 19:40:35 649] tts        527  0  nil  1  
[2023/03/19 19:40:35 652] tts        299  TTS_LOCAL_CB_BEGIN  
[2023/03/19 19:40:35 652] tts        657  TTS_MSG_GETAUDIO  0  
[2023/03/19 19:40:35 652] tts        485  get audio|use local  
[2023/03/19 19:40:35 652] tts        527  0  nil  1  
[2023/03/19 19:40:35 653] tts        657  TTS_MSG_GETAUDIO  0  
[2023/03/19 19:40:35 653] tts        485  get audio|use local  
[2023/03/19 19:40:35 653] tts        527  0  nil  1  
[2023/03/19 19:40:35 654] tts        657  TTS_MSG_GETAUDIO  0  
[2023/03/19 19:40:35 654] tts        485  get audio|use local  
[2023/03/19 19:40:35 654] tts        527  0  nil  1  
[2023/03/19 19:40:35 655] tts        657  TTS_MSG_GETAUDIO  0  
[2023/03/19 19:40:35 655] tts        485  get audio|use local  
[2023/03/19 19:40:35 655] tts        527  0  nil  1  
[2023/03/19 19:40:35 656] tts        657  TTS_MSG_GETAUDIO  0  
[2023/03/19 19:40:35 656] tts        485  get audio|use local  
[2023/03/19 19:40:35 656] tts        527  0  nil  1  
[2023/03/19 19:40:35 657] tts        657  TTS_MSG_GETAUDIO  0  
[2023/03/19 19:40:35 657] tts        485  get audio|use local  
[2023/03/19 19:40:35 657] tts        527  0  nil  1  
[2023/03/19 19:40:35 660] tts        657  TTS_MSG_GETAUDIO  0  
[2023/03/19 19:40:35 660] tts        485  get audio|use local  
[2023/03/19 19:40:35 660] tts        527  0  nil  1  
[2023/03/19 19:40:35 661] tts        657  TTS_MSG_GETAUDIO  0  
[2023/03/19 19:40:35 661] tts        485  get audio|use local  
[2023/03/19 19:40:35 661] tts        527  0  nil  1  
[2023/03/19 19:40:35 662] tts        657  TTS_MSG_GETAUDIO  0  
[2023/03/19 19:40:35 662] tts        485  get audio|use local  
[2023/03/19 19:40:35 662] tts        527  0  nil  1  
[2023/03/19 19:40:35 662] tts        657  TTS_MSG_GETAUDIO  0  
[2023/03/19 19:40:35 662] tts        485  get audio|use local  
[2023/03/19 19:40:35 663] tts        527  0  nil  1  
[2023/03/19 19:40:35 663] tts        657  TTS_MSG_GETAUDIO  0  
[2023/03/19 19:40:35 663] tts        485  get audio|use local  
[2023/03/19 19:40:35 663] tts        527  0  nil  1  
[2023/03/19 19:40:35 664] tts        657  TTS_MSG_GETAUDIO  0  
[2023/03/19 19:40:35 664] tts        485  get audio|use local  
[2023/03/19 19:40:35 664] tts        527  0  nil  1  
[2023/03/19 19:40:35 665] tts        657  TTS_MSG_GETAUDIO  0  
[2023/03/19 19:40:35 665] tts        485  get audio|use local  
[2023/03/19 19:40:35 665] tts        527  0  nil  1  
[2023/03/19 19:40:35 666] tts        657  TTS_MSG_GETAUDIO  0  
[2023/03/19 19:40:35 666] tts        485  get audio|use local  
[2023/03/19 19:40:35 666] tts        527  0  nil  1  
[2023/03/19 19:40:35 666] tts        657  TTS_MSG_GETAUDIO  0  
[2023/03/19 19:40:35 666] tts        485  get audio|use local  
[2023/03/19 19:40:35 666] tts        527  0  nil  1  
[2023/03/19 19:40:35 667] tts        657  TTS_MSG_GETAUDIO  0  
[2023/03/19 19:40:35 667] tts        485  get audio|use local  
[2023/03/19 19:40:35 667] tts        527  0  nil  1  
[2023/03/19 19:40:35 668] tts        657  TTS_MSG_GETAUDIO  0  
[2023/03/19 19:40:35 668] tts        485  get audio|use local  
[2023/03/19 19:40:35 668] tts        527  0  nil  1  
[2023/03/19 19:40:35 669] tts        657  TTS_MSG_GETAUDIO  0  
[2023/03/19 19:40:35 669] tts        485  get audio|use local  
[2023/03/19 19:40:35 669] tts        527  0  nil  1  
[2023/03/19 19:40:35 670] tts        657  TTS_MSG_GETAUDIO  0  
[2023/03/19 19:40:35 670] tts        485  get audio|use local  
[2023/03/19 19:40:35 670] tts        527  0  nil  1  
[2023/03/19 19:40:35 670] tts        657  TTS_MSG_GETAUDIO  0  
[2023/03/19 19:40:35 671] tts        485  get audio|use local  
[2023/03/19 19:40:35 671] tts        527  0  nil  1  
[2023/03/19 19:40:35 671] tts        657  TTS_MSG_GETAUDIO  0  
[2023/03/19 19:40:35 671] tts        485  get audio|use local  
[2023/03/19 19:40:35 671] tts        527  0  nil  1  
[2023/03/19 19:40:35 672] tts        657  TTS_MSG_GETAUDIO  0  
[2023/03/19 19:40:35 672] tts        485  get audio|use local  
[2023/03/19 19:40:35 672] tts        527  0  nil  1  
[2023/03/19 19:40:35 673] tts        657  TTS_MSG_GETAUDIO  0  
[2023/03/19 19:40:35 673] tts        485  get audio|use local  
[2023/03/19 19:40:35 673] tts        527  0  nil  1  
[2023/03/19 19:40:35 673] tts        657  TTS_MSG_GETAUDIO  0  
[2023/03/19 19:40:35 673] tts        485  get audio|use local  
[2023/03/19 19:40:35 674] tts        527  0  nil  1  
[2023/03/19 19:40:35 674] tts        657  TTS_MSG_GETAUDIO  0  
[2023/03/19 19:40:35 674] tts        485  get audio|use local  
[2023/03/19 19:40:35 674] tts        527  0  nil  1  
[2023/03/19 19:40:35 675] tts        657  TTS_MSG_GETAUDIO  0  
[2023/03/19 19:40:35 675] tts        485  get audio|use local  
[2023/03/19 19:40:35 675] tts        527  0  nil  1  
[2023/03/19 19:40:35 676] tts        657  TTS_MSG_GETAUDIO  0  
[2023/03/19 19:40:35 676] tts        485  get audio|use local  
[2023/03/19 19:40:35 676] tts        527  0  nil  1  
[2023/03/19 19:40:35 677] tts        657  TTS_MSG_GETAUDIO  0  
[2023/03/19 19:40:35 677] tts        485  get audio|use local  
[2023/03/19 19:40:35 677] tts        527  0  nil  1  
[2023/03/19 19:40:35 678] tts        657  TTS_MSG_GETAUDIO  0  
[2023/03/19 19:40:35 678] tts        485  get audio|use local  
[2023/03/19 19:40:35 678] tts        527  0  nil  1  
[2023/03/19 19:40:35 679] tts        657  TTS_MSG_GETAUDIO  0  
[2023/03/19 19:40:35 679] tts        485  get audio|use local  
[2023/03/19 19:40:35 679] tts        527  0  nil  1  
[2023/03/19 19:40:35 679] tts        657  TTS_MSG_GETAUDIO  0  
[2023/03/19 19:40:35 679] tts        485  get audio|use local  
[2023/03/19 19:40:35 680] tts        527  0  nil  1  
[2023/03/19 19:40:35 680] tts        657  TTS_MSG_GETAUDIO  0  
[2023/03/19 19:40:35 680] tts        485  get audio|use local  
[2023/03/19 19:40:35 680] tts        527  0  nil  1  
[2023/03/19 19:40:35 681] tts        657  TTS_MSG_GETAUDIO  0  
[2023/03/19 19:40:35 681] tts        485  get audio|use local  
[2023/03/19 19:40:35 681] tts        527  0  nil  1  
[2023/03/19 19:40:35 681] tts        657  TTS_MSG_GETAUDIO  0  
[2023/03/19 19:40:35 682] tts        485  get audio|use local  
[2023/03/19 19:40:35 682] tts        527  0  nil  1  
[2023/03/19 19:40:35 682] tts        657  TTS_MSG_GETAUDIO  0  
[2023/03/19 19:40:35 682] tts        485  get audio|use local  
[2023/03/19 19:40:35 682] tts        527  0  nil  1  
[2023/03/19 19:40:35 683] tts        657  TTS_MSG_GETAUDIO  0  
[2023/03/19 19:40:35 683] tts        485  get audio|use local  
[2023/03/19 19:40:35 683] tts        527  0  nil  1  
[2023/03/19 19:40:35 684] tts        657  TTS_MSG_GETAUDIO  0  
[2023/03/19 19:40:35 684] tts        485  get audio|use local  
[2023/03/19 19:40:35 684] tts        527  0  nil  1  
[2023/03/19 19:40:35 684] tts        657  TTS_MSG_GETAUDIO  0  
[2023/03/19 19:40:35 684] tts        485  get audio|use local  
[2023/03/19 19:40:35 684] tts        527  0  nil  1  
[2023/03/19 19:40:35 685] tts        657  TTS_MSG_GETAUDIO  0  
[2023/03/19 19:40:35 685] tts        485  get audio|use local  
[2023/03/19 19:40:35 685] tts        527  0  nil  1  
[2023/03/19 19:40:35 686] tts        657  TTS_MSG_GETAUDIO  0  
[2023/03/19 19:40:35 686] tts        485  get audio|use local  
[2023/03/19 19:40:35 686] tts        527  0  nil  1  
[2023/03/19 19:40:35 687] tts        657  TTS_MSG_GETAUDIO  0  
[2023/03/19 19:40:35 687] tts        485  get audio|use local  
[2023/03/19 19:40:35 687] tts        527  0  nil  1  
[2023/03/19 19:40:35 687] tts        657  TTS_MSG_GETAUDIO  0  
[2023/03/19 19:40:35 687] tts        485  get audio|use local  
[2023/03/19 19:40:35 688] tts        527  0  nil  1  
[2023/03/19 19:40:35 688] tts        657  TTS_MSG_GETAUDIO  0  
[2023/03/19 19:40:35 688] tts        485  get audio|use local  
[2023/03/19 19:40:35 688] tts        527  0  nil  1  
[2023/03/19 19:40:35 689] tts        657  TTS_MSG_GETAUDIO  0  
[2023/03/19 19:40:35 689] tts        485  get audio|use local  
[2023/03/19 19:40:35 689] tts        527  0  nil  1  
[2023/03/19 19:40:35 689] tts        657  TTS_MSG_GETAUDIO  0  
[2023/03/19 19:40:35 689] tts        485  get audio|use local  
[2023/03/19 19:40:35 690] tts        527  0  nil  1  
[2023/03/19 19:40:35 690] tts        657  TTS_MSG_GETAUDIO  0  
[2023/03/19 19:40:35 690] tts        485  get audio|use local  
[2023/03/19 19:40:35 690] tts        527  0  nil  1  
[2023/03/19 19:40:35 691] tts        657  TTS_MSG_GETAUDIO  0  
[2023/03/19 19:40:35 691] tts        485  get audio|use local  
[2023/03/19 19:40:35 691] tts        527  0  nil  1  
[2023/03/19 19:40:35 692] tts        657  TTS_MSG_GETAUDIO  0  
[2023/03/19 19:40:35 692] tts        485  get audio|use local  
[2023/03/19 19:40:35 692] tts        527  0  nil  1  
[2023/03/19 19:40:35 693] tts        657  TTS_MSG_GETAUDIO  0  
[2023/03/19 19:40:35 693] tts        485  get audio|use local  
[2023/03/19 19:40:35 693] tts        527  0  nil  1  
[2023/03/19 19:40:35 693] tts        657  TTS_MSG_GETAUDIO  0  
[2023/03/19 19:40:35 693] tts        485  get audio|use local  
[2023/03/19 19:40:35 694] tts        527  0  nil  1  
[2023/03/19 19:40:35 694] tts        657  TTS_MSG_GETAUDIO  0  
[2023/03/19 19:40:35 694] tts        485  get audio|use local  
[2023/03/19 19:40:35 694] tts        527  0  nil  1  
[2023/03/19 19:40:35 695] tts        657  TTS_MSG_GETAUDIO  0  
[2023/03/19 19:40:35 695] tts        485  get audio|use local  
[2023/03/19 19:40:35 695] tts        527  0  nil  1  
[2023/03/19 19:40:35 696] tts        657  TTS_MSG_GETAUDIO  0  
[2023/03/19 19:40:35 696] tts        485  get audio|use local  
[2023/03/19 19:40:35 696] tts        527  0  nil  1  
[2023/03/19 19:40:35 697] tts        657  TTS_MSG_GETAUDIO  0  
[2023/03/19 19:40:35 697] tts        485  get audio|use local  
[2023/03/19 19:40:35 697] tts        527  0  nil  1  
[2023/03/19 19:40:35 697] tts        657  TTS_MSG_GETAUDIO  0  
[2023/03/19 19:40:35 697] tts        485  get audio|use local  
[2023/03/19 19:40:35 698] tts        527  0  nil  1  
[2023/03/19 19:40:35 698] tts        657  TTS_MSG_GETAUDIO  0  
[2023/03/19 19:40:35 698] tts        485  get audio|use local  
[2023/03/19 19:40:35 698] tts        527  0  nil  1  
[2023/03/19 19:40:35 699] tts        657  TTS_MSG_GETAUDIO  0  
[2023/03/19 19:40:35 699] tts        485  get audio|use local  
[2023/03/19 19:40:35 699] tts        527  0  nil  1  
[2023/03/19 19:40:35 700] tts        657  TTS_MSG_GETAUDIO  0  
[2023/03/19 19:40:35 700] tts        485  get audio|use local  
[2023/03/19 19:40:35 700] tts        527  0  nil  1  
[2023/03/19 19:40:35 701] tts        657  TTS_MSG_GETAUDIO  0  
[2023/03/19 19:40:35 701] tts        485  get audio|use local  
[2023/03/19 19:40:35 701] tts        527  0  nil  1  
[2023/03/19 19:40:35 701] tts        657  TTS_MSG_GETAUDIO  0  
[2023/03/19 19:40:35 701] tts        485  get audio|use local  
[2023/03/19 19:40:35 702] tts        527  0  nil  1  
[2023/03/19 19:40:35 702] tts        657  TTS_MSG_GETAUDIO  0  
[2023/03/19 19:40:35 702] tts        485  get audio|use local  
[2023/03/19 19:40:35 702] tts        527  0  nil  1  
[2023/03/19 19:40:35 703] tts        657  TTS_MSG_GETAUDIO  0  
[2023/03/19 19:40:35 703] tts        485  get audio|use local  
[2023/03/19 19:40:35 703] tts        527  0  nil  1  
[2023/03/19 19:40:35 704] tts        657  TTS_MSG_GETAUDIO  0  
[2023/03/19 19:40:35 704] tts        485  get audio|use local  
[2023/03/19 19:40:35 704] tts        527  0  nil  1  
[2023/03/19 19:40:35 704] tts        657  TTS_MSG_GETAUDIO  0  
[2023/03/19 19:40:35 704] tts        485  get audio|use local  
[2023/03/19 19:40:35 705] tts        527  0  nil  1  
[2023/03/19 19:40:35 705] tts        657  TTS_MSG_GETAUDIO  0  
[2023/03/19 19:40:35 705] tts        485  get audio|use local  
[2023/03/19 19:40:35 705] tts        527  0  nil  1  
[2023/03/19 19:40:35 706] tts        657  TTS_MSG_GETAUDIO  0  
[2023/03/19 19:40:35 706] tts        485  get audio|use local  
[2023/03/19 19:40:35 706] tts        527  0  nil  1  
[2023/03/19 19:40:35 706] tts        657  TTS_MSG_GETAUDIO  0  
[2023/03/19 19:40:35 707] tts        485  get audio|use local  
[2023/03/19 19:40:35 707] tts        527  0  nil  1  
[2023/03/19 19:40:35 707] tts        657  TTS_MSG_GETAUDIO  0  
[2023/03/19 19:40:35 707] tts        485  get audio|use local  
[2023/03/19 19:40:35 707] tts        527  0  nil  1  
[2023/03/19 19:40:35 708] tts        657  TTS_MSG_GETAUDIO  0  
[2023/03/19 19:40:35 708] tts        485  get audio|use local  
[2023/03/19 19:40:35 708] tts        527  0  nil  1  
[2023/03/19 19:40:35 709] tts        657  TTS_MSG_GETAUDIO  0  
[2023/03/19 19:40:35 709] tts        485  get audio|use local  
[2023/03/19 19:40:35 709] tts        527  0  nil  1  
[2023/03/19 19:40:35 709] tts        657  TTS_MSG_GETAUDIO  0  
[2023/03/19 19:40:35 709] tts        485  get audio|use local  
[2023/03/19 19:40:35 710] tts        527  0  nil  1  
[2023/03/19 19:40:35 710] tts        657  TTS_MSG_GETAUDIO  0  
[2023/03/19 19:40:35 710] tts        485  get audio|use local  
[2023/03/19 19:40:35 710] tts        527  0  nil  1  
[2023/03/19 19:40:35 711] tts        657  TTS_MSG_GETAUDIO  0  
[2023/03/19 19:40:35 711] tts        485  get audio|use local  
[2023/03/19 19:40:35 711] tts        527  0  nil  1  
[2023/03/19 19:40:35 712] tts        657  TTS_MSG_GETAUDIO  0  
[2023/03/19 19:40:35 712] tts        485  get audio|use local  
[2023/03/19 19:40:35 712] tts        527  0  nil  1  
[2023/03/19 19:40:35 713] tts        657  TTS_MSG_GETAUDIO  0  
[2023/03/19 19:40:35 713] tts        485  get audio|use local  
[2023/03/19 19:40:35 713] tts        527  0  nil  1  
[2023/03/19 19:40:35 713] tts        657  TTS_MSG_GETAUDIO  0  
[2023/03/19 19:40:35 713] tts        485  get audio|use local  
[2023/03/19 19:40:35 714] tts        527  0  nil  1  
[2023/03/19 19:40:35 714] tts        657  TTS_MSG_GETAUDIO  0  
[2023/03/19 19:40:35 714] tts        485  get audio|use local  
[2023/03/19 19:40:35 714] tts        527  0  nil  1  
[2023/03/19 19:40:35 715] tts        657  TTS_MSG_GETAUDIO  0  
[2023/03/19 19:40:35 715] tts        485  get audio|use local  
[2023/03/19 19:40:35 715] tts        527  0  nil  1  
[2023/03/19 19:40:35 715] tts        657  TTS_MSG_GETAUDIO  0  
[2023/03/19 19:40:35 716] tts        485  get audio|use local  
[2023/03/19 19:40:35 716] tts        527  0  nil  1  
[2023/03/19 19:40:35 716] tts        657  TTS_MSG_GETAUDIO  0  
[2023/03/19 19:40:35 716] tts        485  get audio|use local  
[2023/03/19 19:40:35 716] tts        527  0  nil  1  
[2023/03/19 19:40:35 717] tts        657  TTS_MSG_GETAUDIO  0  
[2023/03/19 19:40:35 717] tts        485  get audio|use local  
[2023/03/19 19:40:35 717] tts        527  0  nil  1  
[2023/03/19 19:40:35 718] tts        657  TTS_MSG_GETAUDIO  0  
[2023/03/19 19:40:35 718] tts        485  get audio|use local  
[2023/03/19 19:40:35 718] tts        527  0  nil  1  
[2023/03/19 19:40:35 718] tts        657  TTS_MSG_GETAUDIO  0  
[2023/03/19 19:40:35 718] tts        485  get audio|use local  
[2023/03/19 19:40:35 719] tts        527  0  nil  1  
[2023/03/19 19:40:35 719] tts        657  TTS_MSG_GETAUDIO  0  
[2023/03/19 19:40:35 719] tts        485  get audio|use local  
[2023/03/19 19:40:35 719] tts        527  0  nil  1  
[2023/03/19 19:40:35 720] tts        657  TTS_MSG_GETAUDIO  0  
[2023/03/19 19:40:35 720] tts        485  get audio|use local  
[2023/03/19 19:40:35 720] tts        527  0  nil  1  
[2023/03/19 19:40:35 721] tts        657  TTS_MSG_GETAUDIO  0  
[2023/03/19 19:40:35 721] tts        485  get audio|use local  
[2023/03/19 19:40:35 721] tts        527  0  nil  1  
[2023/03/19 19:40:35 722] tts        657  TTS_MSG_GETAUDIO  0  
[2023/03/19 19:40:35 722] tts        485  get audio|use local  
[2023/03/19 19:40:35 722] tts        527  0  nil  1  
[2023/03/19 19:40:35 722] tts        657  TTS_MSG_GETAUDIO  0  
[2023/03/19 19:40:35 722] tts        485  get audio|use local  
[2023/03/19 19:40:35 722] tts        527  0  nil  1  
[2023/03/19 19:40:35 723] tts        657  TTS_MSG_GETAUDIO  0  
[2023/03/19 19:40:35 723] tts        485  get audio|use local  
[2023/03/19 19:40:35 723] tts        527  0  nil  1  
[2023/03/19 19:40:35 724] tts        657  TTS_MSG_GETAUDIO  0  
[2023/03/19 19:40:35 724] tts        485  get audio|use local  
[2023/03/19 19:40:35 725] tts        527  0  nil  1  
[2023/03/19 19:40:35 725] tts        657  TTS_MSG_GETAUDIO  0  
[2023/03/19 19:40:35 725] tts        485  get audio|use local  
[2023/03/19 19:40:35 725] tts        527  0  nil  1  
[2023/03/19 19:40:35 726] tts        657  TTS_MSG_GETAUDIO  0  
[2023/03/19 19:40:35 727] tts        485  get audio|use local  
[2023/03/19 19:40:35 727] tts        527  0  nil  1  
[2023/03/19 19:40:35 727] tts        657  TTS_MSG_GETAUDIO  0  
[2023/03/19 19:40:35 727] tts        485  get audio|use local  
[2023/03/19 19:40:35 728] tts        527  0  nil  1  
[2023/03/19 19:40:35 728] tts        657  TTS_MSG_GETAUDIO  0  
[2023/03/19 19:40:35 728] tts        485  get audio|use local  
[2023/03/19 19:40:35 728] tts        527  0  nil  1  
[2023/03/19 19:40:35 729] tts        657  TTS_MSG_GETAUDIO  0  
[2023/03/19 19:40:35 729] tts        485  get audio|use local  
[2023/03/19 19:40:35 729] tts        527  0  nil  1  
[2023/03/19 19:40:35 730] tts        657  TTS_MSG_GETAUDIO  0  
[2023/03/19 19:40:35 730] tts        485  get audio|use local  
[2023/03/19 19:40:35 730] tts        527  0  nil  1  
[2023/03/19 19:40:35 731] tts        657  TTS_MSG_GETAUDIO  0  
[2023/03/19 19:40:35 731] tts        485  get audio|use local  
[2023/03/19 19:40:35 731] tts        527  0  nil  1  
[2023/03/19 19:40:35 732] tts        657  TTS_MSG_GETAUDIO  0  
[2023/03/19 19:40:35 732] tts        485  get audio|use local  
[2023/03/19 19:40:35 732] tts        527  0  nil  1  
[2023/03/19 19:40:35 733] tts        657  TTS_MSG_GETAUDIO  0  
[2023/03/19 19:40:35 733] tts        485  get audio|use local  
[2023/03/19 19:40:35 733] tts        527  0  nil  1  
[2023/03/19 19:40:35 733] tts        657  TTS_MSG_GETAUDIO  0  
[2023/03/19 19:40:35 733] tts        485  get audio|use local  
[2023/03/19 19:40:35 734] tts        527  0  nil  1  
[2023/03/19 19:40:35 734] tts        657  TTS_MSG_GETAUDIO  0  
[2023/03/19 19:40:35 734] tts        485  get audio|use local  
[2023/03/19 19:40:35 735] tts        527  0  nil  1  
[2023/03/19 19:40:35 735] tts        657  TTS_MSG_GETAUDIO  0  
[2023/03/19 19:40:35 736] tts        485  get audio|use local  
[2023/03/19 19:40:35 736] tts        527  0  nil  1  
[2023/03/19 19:40:35 736] tts        657  TTS_MSG_GETAUDIO  0  
[2023/03/19 19:40:35 736] tts        485  get audio|use local  
[2023/03/19 19:40:35 736] tts        527  0  nil  1  
[2023/03/19 19:40:35 737] tts        657  TTS_MSG_GETAUDIO  0  
[2023/03/19 19:40:35 737] tts        485  get audio|use local  
[2023/03/19 19:40:35 737] tts        527  0  nil  1  
[2023/03/19 19:40:35 738] tts        657  TTS_MSG_GETAUDIO  0  
[2023/03/19 19:40:35 738] tts        485  get audio|use local  
[2023/03/19 19:40:35 738] tts        527  0  nil  1  
[2023/03/19 19:40:35 739] tts        657  TTS_MSG_GETAUDIO  0  
[2023/03/19 19:40:35 739] tts        485  get audio|use local  
[2023/03/19 19:40:35 739] tts        527  0  nil  1  
[2023/03/19 19:40:35 739] tts        657  TTS_MSG_GETAUDIO  0  
[2023/03/19 19:40:35 739] tts        485  get audio|use local  
[2023/03/19 19:40:35 740] tts        527  0  nil  1  
[2023/03/19 19:40:35 740] tts        657  TTS_MSG_GETAUDIO  0  
[2023/03/19 19:40:35 740] tts        485  get audio|use local  
[2023/03/19 19:40:35 740] tts        527  0  nil  1  
[2023/03/19 19:40:35 741] tts        657  TTS_MSG_GETAUDIO  0  
[2023/03/19 19:40:35 741] tts        485  get audio|use local  
[2023/03/19 19:40:35 741] tts        527  0  nil  1  
[2023/03/19 19:40:35 742] tts        657  TTS_MSG_GETAUDIO  0  
[2023/03/19 19:40:35 742] tts        485  get audio|use local  
[2023/03/19 19:40:35 742] tts        527  0  nil  1  
[2023/03/19 19:40:35 742] tts        657  TTS_MSG_GETAUDIO  0  
[2023/03/19 19:40:35 743] tts        485  get audio|use local  
[2023/03/19 19:40:35 743] tts        527  0  nil  1  
[2023/03/19 19:40:35 743] tts        657  TTS_MSG_GETAUDIO  0  
[2023/03/19 19:40:35 743] tts        485  get audio|use local  
[2023/03/19 19:40:35 744] tts        527  0  nil  1  
[2023/03/19 19:40:35 744] tts        657  TTS_MSG_GETAUDIO  0  
[2023/03/19 19:40:35 744] tts        485  get audio|use local  
[2023/03/19 19:40:35 744] tts        527  0  nil  1  
[2023/03/19 19:40:35 746] tts        657  TTS_MSG_GETAUDIO  0  
[2023/03/19 19:40:35 746] tts        485  get audio|use local  
[2023/03/19 19:40:35 746] tts        527  0  nil  1  
[2023/03/19 19:40:35 747] tts        657  TTS_MSG_GETAUDIO  0  
[2023/03/19 19:40:35 747] tts        485  get audio|use local  
[2023/03/19 19:40:35 747] tts        527  0  nil  1  
[2023/03/19 19:40:35 748] tts        657  TTS_MSG_GETAUDIO  0  
[2023/03/19 19:40:35 748] tts        485  get audio|use local  
[2023/03/19 19:40:35 748] tts        527  0  nil  1  
[2023/03/19 19:40:35 748] tts        657  TTS_MSG_GETAUDIO  0  
[2023/03/19 19:40:35 748] tts        485  get audio|use local  
[2023/03/19 19:40:35 748] tts        527  0  nil  1  
[2023/03/19 19:40:35 749] tts        657  TTS_MSG_GETAUDIO  0  
[2023/03/19 19:40:35 749] tts        485  get audio|use local  
[2023/03/19 19:40:35 749] tts        527  0  nil  1  
[2023/03/19 19:40:35 750] tts        657  TTS_MSG_GETAUDIO  0  
[2023/03/19 19:40:35 750] tts        485  get audio|use local  
[2023/03/19 19:40:35 750] tts        527  0  nil  1  
[2023/03/19 19:40:35 750] tts        657  TTS_MSG_GETAUDIO  0  
[2023/03/19 19:40:35 751] tts        485  get audio|use local  
[2023/03/19 19:40:35 751] tts        527  0  nil  1  
[2023/03/19 19:40:35 751] tts        657  TTS_MSG_GETAUDIO  0  
[2023/03/19 19:40:35 751] tts        485  get audio|use local  
[2023/03/19 19:40:35 751] tts        527  0  nil  1  
[2023/03/19 19:40:35 752] tts        657  TTS_MSG_GETAUDIO  0  
[2023/03/19 19:40:35 752] tts        485  get audio|use local  
[2023/03/19 19:40:35 752] tts        527  0  nil  1  
[2023/03/19 19:40:35 753] tts        657  TTS_MSG_GETAUDIO  0  
[2023/03/19 19:40:35 753] tts        485  get audio|use local  
[2023/03/19 19:40:35 753] tts        527  0  nil  1  
[2023/03/19 19:40:35 753] tts        657  TTS_MSG_GETAUDIO  0  
[2023/03/19 19:40:35 753] tts        485  get audio|use local  
[2023/03/19 19:40:35 753] tts        527  0  nil  1  
[2023/03/19 19:40:35 754] tts        657  TTS_MSG_GETAUDIO  0  
[2023/03/19 19:40:35 754] tts        485  get audio|use local  
[2023/03/19 19:40:35 754] tts        527  0  nil  1  
[2023/03/19 19:40:35 755] tts        657  TTS_MSG_GETAUDIO  0  
[2023/03/19 19:40:35 755] tts        485  get audio|use local  
[2023/03/19 19:40:35 755] tts        527  0  nil  1  
[2023/03/19 19:40:35 755] tts        657  TTS_MSG_GETAUDIO  0  
[2023/03/19 19:40:35 756] tts        485  get audio|use local  
[2023/03/19 19:40:35 756] tts        527  0  nil  1  
[2023/03/19 19:40:35 756] tts        657  TTS_MSG_GETAUDIO  0  
[2023/03/19 19:40:35 757] tts        485  get audio|use local  
[2023/03/19 19:40:35 757] tts        527  0  nil  1  
[2023/03/19 19:40:35 758] tts        657  TTS_MSG_GETAUDIO  0  
[2023/03/19 19:40:35 758] tts        485  get audio|use local  
[2023/03/19 19:40:35 758] tts        527  0  nil  1  
[2023/03/19 19:40:35 759] tts        657  TTS_MSG_GETAUDIO  0  
[2023/03/19 19:40:35 759] tts        485  get audio|use local  
[2023/03/19 19:40:35 759] tts        527  0  nil  1  
[2023/03/19 19:40:35 760] tts        657  TTS_MSG_GETAUDIO  0  
[2023/03/19 19:40:35 760] tts        485  get audio|use local  
[2023/03/19 19:40:35 760] tts        527  0  nil  1  
[2023/03/19 19:40:35 761] tts        657  TTS_MSG_GETAUDIO  0  
[2023/03/19 19:40:35 761] tts        485  get audio|use local  
[2023/03/19 19:40:35 761] tts        527  0  nil  1  
[2023/03/19 19:40:35 761] tts        657  TTS_MSG_GETAUDIO  0  
[2023/03/19 19:40:35 761] tts        485  get audio|use local  
[2023/03/19 19:40:35 762] tts        527  0  nil  1  
[2023/03/19 19:40:35 762] tts        657  TTS_MSG_GETAUDIO  0  
[2023/03/19 19:40:35 762] tts        485  get audio|use local  
[2023/03/19 19:40:35 762] tts        527  0  nil  1  
[2023/03/19 19:40:35 763] tts        657  TTS_MSG_GETAUDIO  0  
[2023/03/19 19:40:35 763] tts        485  get audio|use local  
[2023/03/19 19:40:35 763] tts        527  0  nil  1  
[2023/03/19 19:40:35 764] tts        657  TTS_MSG_GETAUDIO  0  
[2023/03/19 19:40:35 764] tts        485  get audio|use local  
[2023/03/19 19:40:35 765] tts        527  0  nil  1  
[2023/03/19 19:40:35 765] tts        657  TTS_MSG_GETAUDIO  0  
[2023/03/19 19:40:35 765] tts        485  get audio|use local  
[2023/03/19 19:40:35 765] tts        527  0  nil  1  
[2023/03/19 19:40:35 766] tts        657  TTS_MSG_GETAUDIO  0  
[2023/03/19 19:40:35 766] tts        485  get audio|use local  
[2023/03/19 19:40:35 766] tts        527  0  nil  1  
[2023/03/19 19:40:35 767] tts        657  TTS_MSG_GETAUDIO  0  
[2023/03/19 19:40:35 767] tts        485  get audio|use local  
[2023/03/19 19:40:35 767] tts        527  0  nil  1  
[2023/03/19 19:40:35 767] tts        657  TTS_MSG_GETAUDIO  0  
[2023/03/19 19:40:35 768] tts        485  get audio|use local  
[2023/03/19 19:40:35 768] tts        527  0  nil  1  
[2023/03/19 19:40:35 768] tts        657  TTS_MSG_GETAUDIO  0  
[2023/03/19 19:40:35 768] tts        485  get audio|use local  
[2023/03/19 19:40:35 768] tts        527  0  nil  1  
[2023/03/19 19:40:35 769] tts        657  TTS_MSG_GETAUDIO  0  
[2023/03/19 19:40:35 769] tts        485  get audio|use local  
[2023/03/19 19:40:35 769] tts        527  0  nil  1  
[2023/03/19 19:40:35 770] tts        657  TTS_MSG_GETAUDIO  0  
[2023/03/19 19:40:35 770] tts        485  get audio|use local  
[2023/03/19 19:40:35 770] tts        527  0  nil  1  
[2023/03/19 19:40:35 770] tts        657  TTS_MSG_GETAUDIO  0  
[2023/03/19 19:40:35 770] tts        485  get audio|use local  
[2023/03/19 19:40:35 770] tts        527  0  nil  1  
[2023/03/19 19:40:35 771] tts        657  TTS_MSG_GETAUDIO  0  
[2023/03/19 19:40:35 771] tts        485  get audio|use local  
[2023/03/19 19:40:35 771] tts        527  0  nil  1  
[2023/03/19 19:40:35 772] tts        657  TTS_MSG_GETAUDIO  0  
[2023/03/19 19:40:35 772] tts        485  get audio|use local  
[2023/03/19 19:40:35 772] tts        527  0  nil  1  
[2023/03/19 19:40:35 773] tts        657  TTS_MSG_GETAUDIO  0  
[2023/03/19 19:40:35 773] tts        485  get audio|use local  
[2023/03/19 19:40:35 773] tts        527  0  nil  1  
[2023/03/19 19:40:35 773] tts        657  TTS_MSG_GETAUDIO  0  
[2023/03/19 19:40:35 774] tts        485  get audio|use local  
[2023/03/19 19:40:35 774] tts        527  0  nil  1  
[2023/03/19 19:40:35 774] tts        657  TTS_MSG_GETAUDIO  0  
[2023/03/19 19:40:35 774] tts        485  get audio|use local  
[2023/03/19 19:40:35 774] tts        527  0  nil  1  
[2023/03/19 19:40:35 775] tts        657  TTS_MSG_GETAUDIO  0  
[2023/03/19 19:40:35 775] tts        485  get audio|use local  
[2023/03/19 19:40:35 775] tts        527  0  nil  1  
[2023/03/19 19:40:35 776] tts        657  TTS_MSG_GETAUDIO  0  
[2023/03/19 19:40:35 776] tts        485  get audio|use local  
[2023/03/19 19:40:35 776] tts        527  0  nil  1  
[2023/03/19 19:40:35 776] tts        657  TTS_MSG_GETAUDIO  0  
[2023/03/19 19:40:35 776] tts        485  get audio|use local  
[2023/03/19 19:40:35 777] tts        527  0  nil  1  
[2023/03/19 19:40:35 777] tts        657  TTS_MSG_GETAUDIO  0  
[2023/03/19 19:40:35 777] tts        485  get audio|use local  
[2023/03/19 19:40:35 777] tts        527  0  nil  1  
[2023/03/19 19:40:35 778] tts        657  TTS_MSG_GETAUDIO  0  
[2023/03/19 19:40:35 778] tts        485  get audio|use local  
[2023/03/19 19:40:35 778] tts        527  0  nil  1  
[2023/03/19 19:40:35 779] tts        657  TTS_MSG_GETAUDIO  0  
[2023/03/19 19:40:35 779] tts        485  get audio|use local  
[2023/03/19 19:40:35 779] tts        527  0  nil  1  
[2023/03/19 19:40:35 779] tts        657  TTS_MSG_GETAUDIO  0  
[2023/03/19 19:40:35 779] tts        485  get audio|use local  
[2023/03/19 19:40:35 779] tts        527  0  nil  1  
[2023/03/19 19:40:35 780] tts        657  TTS_MSG_GETAUDIO  0  
[2023/03/19 19:40:35 780] tts        485  get audio|use local  
[2023/03/19 19:40:35 780] tts        527  0  nil  1  
[2023/03/19 19:40:35 781] tts        657  TTS_MSG_GETAUDIO  0  
[2023/03/19 19:40:35 781] tts        485  get audio|use local  
[2023/03/19 19:40:35 781] tts        527  0  nil  1  
[2023/03/19 19:40:35 782] tts        657  TTS_MSG_GETAUDIO  0  
[2023/03/19 19:40:35 782] tts        485  get audio|use local  
[2023/03/19 19:40:35 782] tts        527  0  nil  1  
[2023/03/19 19:40:35 782] tts        657  TTS_MSG_GETAUDIO  0  
[2023/03/19 19:40:35 782] tts        485  get audio|use local  
[2023/03/19 19:40:35 783] tts        527  0  nil  1  
[2023/03/19 19:40:35 783] tts        657  TTS_MSG_GETAUDIO  0  
[2023/03/19 19:40:35 783] tts        485  get audio|use local  
[2023/03/19 19:40:35 783] tts        527  0  nil  1  
[2023/03/19 19:40:35 784] tts        657  TTS_MSG_GETAUDIO  0  
[2023/03/19 19:40:35 784] tts        485  get audio|use local  
[2023/03/19 19:40:35 784] tts        527  0  nil  1  
[2023/03/19 19:40:35 785] tts        657  TTS_MSG_GETAUDIO  0  
[2023/03/19 19:40:35 785] tts        485  get audio|use local  
[2023/03/19 19:40:35 785] tts        527  0  nil  1  
[2023/03/19 19:40:35 785] tts        657  TTS_MSG_GETAUDIO  0  
[2023/03/19 19:40:35 785] tts        485  get audio|use local  
[2023/03/19 19:40:35 785] tts        527  0  nil  1  
[2023/03/19 19:40:35 786] tts        657  TTS_MSG_GETAUDIO  0  
[2023/03/19 19:40:35 786] tts        485  get audio|use local  
[2023/03/19 19:40:35 786] tts        527  0  nil  1  
[2023/03/19 19:40:35 787] tts        657  TTS_MSG_GETAUDIO  0  
[2023/03/19 19:40:35 787] tts        485  get audio|use local  
[2023/03/19 19:40:35 787] tts        527  0  nil  1  
[2023/03/19 19:40:35 788] tts        657  TTS_MSG_GETAUDIO  0  
[2023/03/19 19:40:35 788] tts        485  get audio|use local  
[2023/03/19 19:40:35 788] tts        527  0  nil  1  
[2023/03/19 19:40:35 788] tts        657  TTS_MSG_GETAUDIO  0  
[2023/03/19 19:40:35 788] tts        485  get audio|use local  
[2023/03/19 19:40:35 789] tts        527  0  nil  1  
[2023/03/19 19:40:35 789] tts        657  TTS_MSG_GETAUDIO  0  
[2023/03/19 19:40:35 789] tts        485  get audio|use local  
[2023/03/19 19:40:35 789] tts        527  0  nil  1  
[2023/03/19 19:40:35 790] tts        657  TTS_MSG_GETAUDIO  0  
[2023/03/19 19:40:35 790] tts        485  get audio|use local  
[2023/03/19 19:40:35 790] tts        527  0  nil  1  
[2023/03/19 19:40:35 791] tts        657  TTS_MSG_GETAUDIO  0  
[2023/03/19 19:40:35 791] tts        485  get audio|use local  
[2023/03/19 19:40:35 791] tts        527  0  nil  1  
[2023/03/19 19:40:35 791] tts        657  TTS_MSG_GETAUDIO  0  
[2023/03/19 19:40:35 792] tts        485  get audio|use local  
[2023/03/19 19:40:35 792] tts        527  0  nil  1  
[2023/03/19 19:40:35 792] tts        657  TTS_MSG_GETAUDIO  0  
[2023/03/19 19:40:35 793] tts        485  get audio|use local  
[2023/03/19 19:40:35 793] tts        527  0  nil  1  
[2023/03/19 19:40:35 795] tts        657  TTS_MSG_GETAUDIO  0  
[2023/03/19 19:40:35 795] tts        485  get audio|use local  
[2023/03/19 19:40:35 795] tts        498  local audiolen:  2042  ,ced:  25  
[2023/03/19 19:40:35 795] tts        527  0  udata(8007ea78) 1  
[2023/03/19 19:40:35 798] tts        657  TTS_MSG_GETAUDIO  0  
[2023/03/19 19:40:35 798] tts        485  get audio|use local  
[2023/03/19 19:40:35 798] tts        498  local audiolen:  2016  ,ced:  25  
[2023/03/19 19:40:35 798] tts        527  0  udata(8007ece8) 1  
[2023/03/19 19:40:35 798] tts        657  TTS_MSG_GETAUDIO  0  
[2023/03/19 19:40:35 799] tts        485  get audio|use local  
[2023/03/19 19:40:35 799] tts        498  local audiolen:  2014  ,ced:  25  
[2023/03/19 19:40:35 799] tts        527  0  udata(8007ed38) 1  
[2023/03/19 19:40:35 799] tts        657  TTS_MSG_GETAUDIO  0  
[2023/03/19 19:40:35 799] tts        485  get audio|use local  
[2023/03/19 19:40:35 800] tts        527  0  nil  1  
[2023/03/19 19:40:35 800] tts        657  TTS_MSG_GETAUDIO  0  
[2023/03/19 19:40:35 800] tts        485  get audio|use local  
[2023/03/19 19:40:35 800] tts        527  0  nil  1  
[2023/03/19 19:40:35 801] tts        657  TTS_MSG_GETAUDIO  0  
[2023/03/19 19:40:35 801] tts        485  get audio|use local  
[2023/03/19 19:40:35 801] tts        527  0  nil  1  
[2023/03/19 19:40:35 802] tts        657  TTS_MSG_GETAUDIO  0  
[2023/03/19 19:40:35 802] tts        485  get audio|use local  
[2023/03/19 19:40:35 802] tts        527  0  nil  1  
[2023/03/19 19:40:35 802] tts        657  TTS_MSG_GETAUDIO  0  
[2023/03/19 19:40:35 802] tts        485  get audio|use local  
[2023/03/19 19:40:35 803] tts        527  0  nil  1  
[2023/03/19 19:40:35 804] tts        657  TTS_MSG_GETAUDIO  0  
[2023/03/19 19:40:35 804] tts        485  get audio|use local  
[2023/03/19 19:40:35 804] tts        527  0  nil  1  
[2023/03/19 19:40:35 805] tts        657  TTS_MSG_GETAUDIO  0  
[2023/03/19 19:40:35 805] tts        485  get audio|use local  
[2023/03/19 19:40:35 805] tts        527  0  nil  1  
[2023/03/19 19:40:35 805] tts        657  TTS_MSG_GETAUDIO  0  
[2023/03/19 19:40:35 805] tts        485  get audio|use local  
[2023/03/19 19:40:35 806] tts        527  0  nil  1  
[2023/03/19 19:40:35 806] tts        657  TTS_MSG_GETAUDIO  0  
[2023/03/19 19:40:35 806] tts        485  get audio|use local  
[2023/03/19 19:40:35 806] tts        527  0  nil  1  
[2023/03/19 19:40:35 807] tts        657  TTS_MSG_GETAUDIO  0  
[2023/03/19 19:40:35 807] tts        485  get audio|use local  
[2023/03/19 19:40:35 807] tts        527  0  nil  1  
[2023/03/19 19:40:35 808] tts        657  TTS_MSG_GETAUDIO  0  
[2023/03/19 19:40:35 808] tts        485  get audio|use local  
[2023/03/19 19:40:35 808] tts        527  0  nil  1  
[2023/03/19 19:40:35 809] tts        657  TTS_MSG_GETAUDIO  0  
[2023/03/19 19:40:35 809] tts        485  get audio|use local  
[2023/03/19 19:40:35 809] tts        527  0  nil  1  
[2023/03/19 19:40:35 809] tts        657  TTS_MSG_GETAUDIO  0  
[2023/03/19 19:40:35 809] tts        485  get audio|use local  
[2023/03/19 19:40:35 810] tts        527  0  nil  1  
[2023/03/19 19:40:35 810] tts        657  TTS_MSG_GETAUDIO  0  
[2023/03/19 19:40:35 810] tts        485  get audio|use local  
[2023/03/19 19:40:35 810] tts        527  0  nil  1  
[2023/03/19 19:40:35 811] tts        657  TTS_MSG_GETAUDIO  0  
[2023/03/19 19:40:35 811] tts        485  get audio|use local  
[2023/03/19 19:40:35 811] tts        527  0  nil  1  
[2023/03/19 19:40:35 812] tts        657  TTS_MSG_GETAUDIO  0  
[2023/03/19 19:40:35 812] tts        485  get audio|use local  
[2023/03/19 19:40:35 812] tts        527  0  nil  1  
[2023/03/19 19:40:35 812] tts        657  TTS_MSG_GETAUDIO  0  
[2023/03/19 19:40:35 812] tts        485  get audio|use local  
[2023/03/19 19:40:35 813] tts        527  0  nil  1  
[2023/03/19 19:40:35 813] tts        657  TTS_MSG_GETAUDIO  0  
[2023/03/19 19:40:35 813] tts        485  get audio|use local  
[2023/03/19 19:40:35 813] tts        527  0  nil  1  
[2023/03/19 19:40:35 814] tts        657  TTS_MSG_GETAUDIO  0  
[2023/03/19 19:40:35 814] tts        485  get audio|use local  
[2023/03/19 19:40:35 814] tts        527  0  nil  1  
[2023/03/19 19:40:35 814] tts        657  TTS_MSG_GETAUDIO  0  
[2023/03/19 19:40:35 815] tts        485  get audio|use local  
[2023/03/19 19:40:35 815] tts        527  0  nil  1  
[2023/03/19 19:40:35 815] tts        657  TTS_MSG_GETAUDIO  0  
[2023/03/19 19:40:35 815] tts        485  get audio|use local  
[2023/03/19 19:40:35 815] tts        527  0  nil  1  
[2023/03/19 19:40:35 816] tts        657  TTS_MSG_GETAUDIO  0  
[2023/03/19 19:40:35 816] tts        485  get audio|use local  
[2023/03/19 19:40:35 816] tts        527  0  nil  1  
[2023/03/19 19:40:35 817] tts        657  TTS_MSG_GETAUDIO  0  
[2023/03/19 19:40:35 817] tts        485  get audio|use local  
[2023/03/19 19:40:35 817] tts        527  0  nil  1  
[2023/03/19 19:40:35 818] tts        657  TTS_MSG_GETAUDIO  0  
[2023/03/19 19:40:35 818] tts        485  get audio|use local  
[2023/03/19 19:40:35 818] tts        527  0  nil  1  
[2023/03/19 19:40:35 818] tts        657  TTS_MSG_GETAUDIO  0  
[2023/03/19 19:40:35 818] tts        485  get audio|use local  
[2023/03/19 19:40:35 818] tts        527  0  nil  1  
[2023/03/19 19:40:35 819] tts        657  TTS_MSG_GETAUDIO  0  
[2023/03/19 19:40:35 819] tts        485  get audio|use local  
[2023/03/19 19:40:35 819] tts        527  0  nil  1  
[2023/03/19 19:40:35 820] tts        657  TTS_MSG_GETAUDIO  0  
[2023/03/19 19:40:35 820] tts        485  get audio|use local  
[2023/03/19 19:40:35 820] tts        527  0  nil  1  
[2023/03/19 19:40:35 821] tts        657  TTS_MSG_GETAUDIO  0  
[2023/03/19 19:40:35 821] tts        485  get audio|use local  
[2023/03/19 19:40:35 821] tts        527  0  nil  1  
[2023/03/19 19:40:35 821] tts        657  TTS_MSG_GETAUDIO  0  
[2023/03/19 19:40:35 821] tts        485  get audio|use local  
[2023/03/19 19:40:35 822] tts        527  0  nil  1  
[2023/03/19 19:40:35 822] tts        657  TTS_MSG_GETAUDIO  0  
[2023/03/19 19:40:35 822] tts        485  get audio|use local  
[2023/03/19 19:40:35 822] tts        527  0  nil  1  
[2023/03/19 19:40:35 823] tts        657  TTS_MSG_GETAUDIO  0  
[2023/03/19 19:40:35 823] tts        485  get audio|use local  
[2023/03/19 19:40:35 823] tts        527  0  nil  1  
[2023/03/19 19:40:35 823] tts        657  TTS_MSG_GETAUDIO  0  
[2023/03/19 19:40:35 824] tts        485  get audio|use local  
[2023/03/19 19:40:35 824] tts        527  0  nil  1  
[2023/03/19 19:40:35 824] tts        657  TTS_MSG_GETAUDIO  0  
[2023/03/19 19:40:35 824] tts        485  get audio|use local  
[2023/03/19 19:40:35 824] tts        527  0  nil  1  
[2023/03/19 19:40:35 825] tts        657  TTS_MSG_GETAUDIO  0  
[2023/03/19 19:40:35 825] tts        485  get audio|use local  
[2023/03/19 19:40:35 825] tts        527  0  nil  1  
[2023/03/19 19:40:35 826] tts        657  TTS_MSG_GETAUDIO  0  
[2023/03/19 19:40:35 826] tts        485  get audio|use local  
[2023/03/19 19:40:35 826] tts        527  0  nil  1  
[2023/03/19 19:40:35 827] tts        657  TTS_MSG_GETAUDIO  0  
[2023/03/19 19:40:35 827] tts        485  get audio|use local  
[2023/03/19 19:40:35 827] tts        527  0  nil  1  
[2023/03/19 19:40:35 827] tts        657  TTS_MSG_GETAUDIO  0  
[2023/03/19 19:40:35 828] tts        485  get audio|use local  
[2023/03/19 19:40:35 828] tts        527  0  nil  1  
[2023/03/19 19:40:35 828] tts        657  TTS_MSG_GETAUDIO  0  
[2023/03/19 19:40:35 828] tts        485  get audio|use local  
[2023/03/19 19:40:35 829] tts        527  0  nil  1  
[2023/03/19 19:40:35 829] tts        657  TTS_MSG_GETAUDIO  0  
[2023/03/19 19:40:35 829] tts        485  get audio|use local  
[2023/03/19 19:40:35 829] tts        527  0  nil  1  
[2023/03/19 19:40:35 830] tts        657  TTS_MSG_GETAUDIO  0  
[2023/03/19 19:40:35 830] tts        485  get audio|use local  
[2023/03/19 19:40:35 830] tts        527  0  nil  1  
[2023/03/19 19:40:35 831] tts        657  TTS_MSG_GETAUDIO  0  
[2023/03/19 19:40:35 831] tts        485  get audio|use local  
[2023/03/19 19:40:35 831] tts        527  0  nil  1  
[2023/03/19 19:40:35 831] tts        657  TTS_MSG_GETAUDIO  0  
[2023/03/19 19:40:35 831] tts        485  get audio|use local  
[2023/03/19 19:40:35 832] tts        527  0  nil  1  
[2023/03/19 19:40:35 832] tts        657  TTS_MSG_GETAUDIO  0  
[2023/03/19 19:40:35 832] tts        485  get audio|use local  
[2023/03/19 19:40:35 832] tts        527  0  nil  1  
[2023/03/19 19:40:35 833] tts        657  TTS_MSG_GETAUDIO  0  
[2023/03/19 19:40:35 833] tts        485  get audio|use local  
[2023/03/19 19:40:35 833] tts        527  0  nil  1  
[2023/03/19 19:40:35 834] tts        657  TTS_MSG_GETAUDIO  0  
[2023/03/19 19:40:35 834] tts        485  get audio|use local  
[2023/03/19 19:40:35 834] tts        527  0  nil  1  
[2023/03/19 19:40:35 835] tts        657  TTS_MSG_GETAUDIO  0  
[2023/03/19 19:40:35 835] tts        485  get audio|use local  
[2023/03/19 19:40:35 835] tts        527  0  nil  1  
[2023/03/19 19:40:35 836] tts        657  TTS_MSG_GETAUDIO  0  
[2023/03/19 19:40:35 836] tts        485  get audio|use local  
[2023/03/19 19:40:35 836] tts        527  0  nil  1  
[2023/03/19 19:40:35 837] tts        657  TTS_MSG_GETAUDIO  0  
[2023/03/19 19:40:35 837] tts        485  get audio|use local  
[2023/03/19 19:40:35 837] tts        527  0  nil  1  
[2023/03/19 19:40:35 838] tts        657  TTS_MSG_GETAUDIO  0  
[2023/03/19 19:40:35 838] tts        485  get audio|use local  
[2023/03/19 19:40:35 838] tts        527  0  nil  1  
[2023/03/19 19:40:35 839] tts        657  TTS_MSG_GETAUDIO  0  
[2023/03/19 19:40:35 839] tts        485  get audio|use local  
[2023/03/19 19:40:35 840] tts        527  0  nil  1  
[2023/03/19 19:40:35 843] tts        657  TTS_MSG_GETAUDIO  0  
[2023/03/19 19:40:35 844] tts        485  get audio|use local  
[2023/03/19 19:40:35 844] tts        498  local audiolen:  2008  ,ced:  25  
[2023/03/19 19:40:35 844] tts        527  0  udata(8007ed88) 1  
[2023/03/19 19:40:35 846] tts        657  TTS_MSG_GETAUDIO  0  
[2023/03/19 19:40:35 846] tts        485  get audio|use local  
[2023/03/19 19:40:35 846] tts        498  local audiolen:  1984  ,ced:  25  
[2023/03/19 19:40:35 846] tts        527  0  udata(8007cce8) 1  
[2023/03/19 19:40:35 847] tts        657  TTS_MSG_GETAUDIO  0  
[2023/03/19 19:40:35 847] tts        485  get audio|use local  
[2023/03/19 19:40:35 847] tts        498  local audiolen:  1978  ,ced:  25  
[2023/03/19 19:40:35 847] tts        527  0  udata(8007cd38) 1  
[2023/03/19 19:40:35 849] tts        657  TTS_MSG_GETAUDIO  0  
[2023/03/19 19:40:35 849] tts        485  get audio|use local  
[2023/03/19 19:40:35 849] tts        498  local audiolen:  2046  ,ced:  25  
[2023/03/19 19:40:35 850] tts        527  0  udata(8007ce88) 1  
[2023/03/19 19:40:35 853] tts        657  TTS_MSG_GETAUDIO  0  
[2023/03/19 19:40:35 853] tts        485  get audio|use local  
[2023/03/19 19:40:35 853] tts        498  local audiolen:  2014  ,ced:  25  
[2023/03/19 19:40:35 853] tts        527  0  udata(8007d088) 1  
[2023/03/19 19:40:35 855] tts        657  TTS_MSG_GETAUDIO  0  
[2023/03/19 19:40:35 856] tts        485  get audio|use local  
[2023/03/19 19:40:35 856] tts        498  local audiolen:  1976  ,ced:  25  
[2023/03/19 19:40:35 856] tts        527  0  udata(8007d1d8) 1  
[2023/03/19 19:40:35 858] tts        657  TTS_MSG_GETAUDIO  0  
[2023/03/19 19:40:35 858] tts        485  get audio|use local  
[2023/03/19 19:40:35 859] tts        498  local audiolen:  1998  ,ced:  25  
[2023/03/19 19:40:35 859] tts        527  0  udata(8007d5e8) 1  
[2023/03/19 19:40:35 861] tts        657  TTS_MSG_GETAUDIO  0  
[2023/03/19 19:40:35 862] tts        485  get audio|use local  
[2023/03/19 19:40:35 862] tts        498  local audiolen:  2032  ,ced:  25  
[2023/03/19 19:40:35 862] tts        527  0  udata(8007e128) 1  
[2023/03/19 19:40:35 865] tts        657  TTS_MSG_GETAUDIO  0  
[2023/03/19 19:40:35 865] tts        485  get audio|use local  
[2023/03/19 19:40:35 865] tts        498  local audiolen:  2038  ,ced:  25  
[2023/03/19 19:40:35 865] tts        527  0  udata(8007d638) 1  
[2023/03/19 19:40:35 868] tts        657  TTS_MSG_GETAUDIO  0  
[2023/03/19 19:40:35 868] tts        485  get audio|use local  
[2023/03/19 19:40:35 868] tts        498  local audiolen:  1966  ,ced:  25  
[2023/03/19 19:40:35 868] tts        527  0  udata(8007d788) 1  
[2023/03/19 19:40:35 871] tts        657  TTS_MSG_GETAUDIO  0  
[2023/03/19 19:40:35 871] tts        485  get audio|use local  
[2023/03/19 19:40:35 871] tts        498  local audiolen:  2034  ,ced:  25  
[2023/03/19 19:40:35 872] tts        527  0  udata(8007d9d8) 1  
[2023/03/19 19:40:35 875] tts        657  TTS_MSG_GETAUDIO  0  
[2023/03/19 19:40:35 876] tts        485  get audio|use local  
[2023/03/19 19:40:35 876] tts        498  local audiolen:  2016  ,ced:  25  
[2023/03/19 19:40:35 876] tts        527  0  udata(800874d8) 1  
[2023/03/19 19:40:35 878] tts        301  0  0  
[2023/03/19 19:40:35 879] tts        312  TTS_LOCAL_CB_END,  2  
[2023/03/19 19:40:35 879] tts        657  TTS_MSG_GETAUDIO  0  
[2023/03/19 19:40:35 879] tts        485  get audio|use local  
[2023/03/19 19:40:35 880] tts        498  local audiolen:  1934  ,ced:  25  
[2023/03/19 19:40:35 880] tts        527  0  udata(800227a8) 1  
[2023/03/19 19:40:35 880] tts        657  TTS_MSG_GETAUDIO  0  
[2023/03/19 19:40:35 881] tts        485  get audio|use local  
[2023/03/19 19:40:35 881] tts        498  local audiolen:  2034  ,ced:  25  
[2023/03/19 19:40:35 881] tts        527  0  udata(800879c8) 1  
[2023/03/19 19:40:35 881] tts        657  TTS_MSG_GETAUDIO  0  
[2023/03/19 19:40:35 882] tts        485  get audio|use local  
[2023/03/19 19:40:35 882] tts        498  local audiolen:  2038  ,ced:  25  
[2023/03/19 19:40:35 882] tts        527  0  udata(80087a18) 1  
[2023/03/19 19:40:35 883] tts        657  TTS_MSG_GETAUDIO  0  
[2023/03/19 19:40:35 884] tts        485  get audio|use local  
[2023/03/19 19:40:35 884] tts        498  local audiolen:  1950  ,ced:  25  
[2023/03/19 19:40:35 884] tts        527  0  udata(80087a68) 1  
[2023/03/19 19:40:35 884] tts        657  TTS_MSG_GETAUDIO  0  
[2023/03/19 19:40:35 885] tts        485  get audio|use local  
[2023/03/19 19:40:35 885] tts        498  local audiolen:  1982  ,ced:  25  
[2023/03/19 19:40:35 885] tts        527  0  udata(80087ab8) 1  
[2023/03/19 19:40:35 886] tts        657  TTS_MSG_GETAUDIO  0  
[2023/03/19 19:40:35 886] tts        485  get audio|use local  
[2023/03/19 19:40:35 886] tts        498  local audiolen:  2010  ,ced:  25  
[2023/03/19 19:40:35 886] tts        527  0  udata(80087b08) 1  
[2023/03/19 19:40:35 887] tts        657  TTS_MSG_GETAUDIO  0  
[2023/03/19 19:40:35 887] tts        485  get audio|use local  
[2023/03/19 19:40:35 887] tts        498  local audiolen:  1964  ,ced:  25  
[2023/03/19 19:40:35 887] tts        527  0  udata(80087b58) 1  
[2023/03/19 19:40:35 888] tts        657  TTS_MSG_GETAUDIO  0  
[2023/03/19 19:40:35 888] tts        485  get audio|use local  
[2023/03/19 19:40:35 888] tts        498  local audiolen:  1986  ,ced:  25  
[2023/03/19 19:40:35 888] tts        527  0  udata(80022008) 1  
[2023/03/19 19:40:35 889] tts        657  TTS_MSG_GETAUDIO  0  
[2023/03/19 19:40:35 889] tts        485  get audio|use local  
[2023/03/19 19:40:35 889] tts        498  local audiolen:  1948  ,ced:  25  
[2023/03/19 19:40:35 889] tts        527  0  udata(80022058) 1  
[2023/03/19 19:40:35 890] tts        657  TTS_MSG_GETAUDIO  0  
[2023/03/19 19:40:35 890] tts        485  get audio|use local  
[2023/03/19 19:40:35 890] tts        498  local audiolen:  2042  ,ced:  25  
[2023/03/19 19:40:35 890] tts        527  0  udata(800220a8) 1  
[2023/03/19 19:40:35 891] tts        657  TTS_MSG_GETAUDIO  0  
[2023/03/19 19:40:35 891] tts        485  get audio|use local  
[2023/03/19 19:40:35 891] tts        498  local audiolen:  1964  ,ced:  25  
[2023/03/19 19:40:35 891] tts        527  0  udata(800220f8) 1  
[2023/03/19 19:40:35 892] tts        657  TTS_MSG_GETAUDIO  0  
[2023/03/19 19:40:35 892] tts        485  get audio|use local  
[2023/03/19 19:40:35 892] tts        498  local audiolen:  2042  ,ced:  25  
[2023/03/19 19:40:35 892] tts        527  0  udata(80022148) 1  
[2023/03/19 19:40:35 893] tts        657  TTS_MSG_GETAUDIO  0  
[2023/03/19 19:40:35 893] tts        485  get audio|use local  
[2023/03/19 19:40:35 893] tts        498  local audiolen:  1884  ,ced:  25  
[2023/03/19 19:40:35 893] tts        527  0  udata(80022198) 1  
[2023/03/19 19:40:35 894] tts        657  TTS_MSG_GETAUDIO  0  
[2023/03/19 19:40:35 894] tts        485  get audio|use local  
[2023/03/19 19:40:35 894] tts        498  local audiolen:  1996  ,ced:  25  
[2023/03/19 19:40:35 894] tts        527  0  udata(800221e8) 1  
[2023/03/19 19:40:35 894] tts        657  TTS_MSG_GETAUDIO  0  
[2023/03/19 19:40:35 894] tts        485  get audio|use local  
[2023/03/19 19:40:35 895] tts        498  local audiolen:  1946  ,ced:  25  
[2023/03/19 19:40:35 895] tts        527  0  udata(80022238) 1  
[2023/03/19 19:40:35 895] tts        657  TTS_MSG_GETAUDIO  0  
[2023/03/19 19:40:35 896] tts        485  get audio|use local  
[2023/03/19 19:40:35 896] tts        498  local audiolen:  1966  ,ced:  25  
[2023/03/19 19:40:35 896] tts        527  0  udata(80022288) 1  
[2023/03/19 19:40:35 896] tts        657  TTS_MSG_GETAUDIO  0  
[2023/03/19 19:40:35 896] tts        485  get audio|use local  
[2023/03/19 19:40:35 897] tts        498  local audiolen:  1896  ,ced:  25  
[2023/03/19 19:40:35 897] tts        527  0  udata(800222d8) 1  
[2023/03/19 19:40:35 897] tts        657  TTS_MSG_GETAUDIO  0  
[2023/03/19 19:40:35 897] tts        485  get audio|use local  
[2023/03/19 19:40:35 897] tts        498  local audiolen:  2010  ,ced:  25  
[2023/03/19 19:40:35 897] tts        527  0  udata(80022328) 1  
[2023/03/19 19:40:35 898] tts        657  TTS_MSG_GETAUDIO  0  
[2023/03/19 19:40:35 898] tts        485  get audio|use local  
[2023/03/19 19:40:35 898] tts        498  local audiolen:  1782  ,ced:  25  
[2023/03/19 19:40:35 898] tts        527  0  udata(80022378) 2  
[2023/03/19 19:40:35 900] tts        660  TTS_MSG_SSE  
[2023/03/19 19:40:35 901] tts        585  sse|use local  
[2023/03/19 19:40:35 902] tts        603  tts exit  
