============================================================
Time  2023/04/07 16:59:14 645 
============================================================
[2023/04/07 16:59:14 645] tts        676  SYS_MSG_REGCB param0 =  msp_status_cb  param1 =  func(70014a30) 
[2023/04/07 16:59:14 648] config     43   use general cloud  
[2023/04/07 16:59:14 653] tts_cloud  1417 SYS_MSG_REGCB_CLOUD param0 =   msp_status_cb  param1 =  func(70014a30) 
[2023/04/07 16:59:14 654] tts        647  TTS_MSG_SSB  
[2023/04/07 16:59:14 654] tts        375  params =  engine_type = local,voice_name=xiaoyan, text_encoding = UTF8, tts_res_path = fo|res/tts/xiaoyan.jet;fo|res/tts/common.jet, sample_rate = 16000, speed = 50, volume = 50, pitch = 50, rdn = 2  
[2023/04/07 16:59:14 654] tts        412  ssb|use local  
[2023/04/07 16:59:14 654] tts        349  local_session_begin  
[2023/04/07 16:59:14 657] tts        654  TTS_MSG_SYN  0  
[2023/04/07 16:59:14 657] tts        451  synth|use local  
[2023/04/07 16:59:14 659] tts        657  TTS_MSG_GETAUDIO  0  
[2023/04/07 16:59:14 659] tts        485  get audio|use local  
[2023/04/07 16:59:14 659] tts        527  0  nil  1  
[2023/04/07 16:59:14 660] tts        657  TTS_MSG_GETAUDIO  0  
[2023/04/07 16:59:14 660] tts        485  get audio|use local  
[2023/04/07 16:59:14 660] tts        527  0  nil  1  
[2023/04/07 16:59:14 661] tts        657  TTS_MSG_GETAUDIO  0  
[2023/04/07 16:59:14 661] tts        485  get audio|use local  
[2023/04/07 16:59:14 662] tts        527  0  nil  1  
[2023/04/07 16:59:14 663] tts        657  TTS_MSG_GETAUDIO  0  
[2023/04/07 16:59:14 663] tts        485  get audio|use local  
[2023/04/07 16:59:14 663] tts        527  0  nil  1  
[2023/04/07 16:59:14 664] tts        657  TTS_MSG_GETAUDIO  0  
[2023/04/07 16:59:14 664] tts        485  get audio|use local  
[2023/04/07 16:59:14 664] tts        527  0  nil  1  
[2023/04/07 16:59:14 666] tts        657  TTS_MSG_GETAUDIO  0  
[2023/04/07 16:59:14 666] tts        485  get audio|use local  
[2023/04/07 16:59:14 666] tts        527  0  nil  1  
[2023/04/07 16:59:14 667] tts        657  TTS_MSG_GETAUDIO  0  
[2023/04/07 16:59:14 667] tts        485  get audio|use local  
[2023/04/07 16:59:14 667] tts        527  0  nil  1  
[2023/04/07 16:59:14 668] tts        657  TTS_MSG_GETAUDIO  0  
[2023/04/07 16:59:14 669] tts        485  get audio|use local  
[2023/04/07 16:59:14 669] tts        527  0  nil  1  
[2023/04/07 16:59:14 669] tts        657  TTS_MSG_GETAUDIO  0  
[2023/04/07 16:59:14 670] tts        485  get audio|use local  
[2023/04/07 16:59:14 670] tts        527  0  nil  1  
[2023/04/07 16:59:14 670] tts        657  TTS_MSG_GETAUDIO  0  
[2023/04/07 16:59:14 670] tts        485  get audio|use local  
[2023/04/07 16:59:14 671] tts        527  0  nil  1  
[2023/04/07 16:59:14 672] tts        657  TTS_MSG_GETAUDIO  0  
[2023/04/07 16:59:14 672] tts        485  get audio|use local  
[2023/04/07 16:59:14 672] tts        527  0  nil  1  
[2023/04/07 16:59:14 673] tts        657  TTS_MSG_GETAUDIO  0  
[2023/04/07 16:59:14 674] tts        485  get audio|use local  
[2023/04/07 16:59:14 674] tts        527  0  nil  1  
[2023/04/07 16:59:14 675] tts        657  TTS_MSG_GETAUDIO  0  
[2023/04/07 16:59:14 675] tts        485  get audio|use local  
[2023/04/07 16:59:14 675] tts        527  0  nil  1  
[2023/04/07 16:59:14 676] tts        657  TTS_MSG_GETAUDIO  0  
[2023/04/07 16:59:14 676] tts        485  get audio|use local  
[2023/04/07 16:59:14 676] tts        527  0  nil  1  
[2023/04/07 16:59:14 677] tts        657  TTS_MSG_GETAUDIO  0  
[2023/04/07 16:59:14 678] tts        485  get audio|use local  
[2023/04/07 16:59:14 678] tts        527  0  nil  1  
[2023/04/07 16:59:14 679] tts        657  TTS_MSG_GETAUDIO  0  
[2023/04/07 16:59:14 679] tts        485  get audio|use local  
[2023/04/07 16:59:14 679] tts        527  0  nil  1  
[2023/04/07 16:59:14 680] tts        657  TTS_MSG_GETAUDIO  0  
[2023/04/07 16:59:14 680] tts        485  get audio|use local  
[2023/04/07 16:59:14 680] tts        527  0  nil  1  
[2023/04/07 16:59:14 681] tts        657  TTS_MSG_GETAUDIO  0  
[2023/04/07 16:59:14 681] tts        485  get audio|use local  
[2023/04/07 16:59:14 681] tts        527  0  nil  1  
[2023/04/07 16:59:14 682] tts        657  TTS_MSG_GETAUDIO  0  
[2023/04/07 16:59:14 682] tts        485  get audio|use local  
[2023/04/07 16:59:14 682] tts        527  0  nil  1  
[2023/04/07 16:59:14 683] tts        657  TTS_MSG_GETAUDIO  0  
[2023/04/07 16:59:14 683] tts        485  get audio|use local  
[2023/04/07 16:59:14 683] tts        527  0  nil  1  
[2023/04/07 16:59:14 684] tts        657  TTS_MSG_GETAUDIO  0  
[2023/04/07 16:59:14 684] tts        485  get audio|use local  
[2023/04/07 16:59:14 685] tts        527  0  nil  1  
[2023/04/07 16:59:14 686] tts        657  TTS_MSG_GETAUDIO  0  
[2023/04/07 16:59:14 686] tts        485  get audio|use local  
[2023/04/07 16:59:14 686] tts        527  0  nil  1  
[2023/04/07 16:59:14 687] tts        657  TTS_MSG_GETAUDIO  0  
[2023/04/07 16:59:14 687] tts        485  get audio|use local  
[2023/04/07 16:59:14 687] tts        527  0  nil  1  
[2023/04/07 16:59:14 688] tts        657  TTS_MSG_GETAUDIO  0  
[2023/04/07 16:59:14 688] tts        485  get audio|use local  
[2023/04/07 16:59:14 688] tts        527  0  nil  1  
[2023/04/07 16:59:14 689] tts        657  TTS_MSG_GETAUDIO  0  
[2023/04/07 16:59:14 689] tts        485  get audio|use local  
[2023/04/07 16:59:14 689] tts        527  0  nil  1  
[2023/04/07 16:59:14 692] tts        657  TTS_MSG_GETAUDIO  0  
[2023/04/07 16:59:14 693] tts        485  get audio|use local  
[2023/04/07 16:59:14 693] tts        527  0  nil  1  
[2023/04/07 16:59:14 693] tts        657  TTS_MSG_GETAUDIO  0  
[2023/04/07 16:59:14 693] tts        485  get audio|use local  
[2023/04/07 16:59:14 694] tts        527  0  nil  1  
[2023/04/07 16:59:14 694] tts        657  TTS_MSG_GETAUDIO  0  
[2023/04/07 16:59:14 694] tts        485  get audio|use local  
[2023/04/07 16:59:14 694] tts        527  0  nil  1  
[2023/04/07 16:59:14 695] tts        657  TTS_MSG_GETAUDIO  0  
[2023/04/07 16:59:14 695] tts        485  get audio|use local  
[2023/04/07 16:59:14 695] tts        527  0  nil  1  
[2023/04/07 16:59:14 696] tts        657  TTS_MSG_GETAUDIO  0  
[2023/04/07 16:59:14 696] tts        485  get audio|use local  
[2023/04/07 16:59:14 696] tts        527  0  nil  1  
[2023/04/07 16:59:14 698] tts        657  TTS_MSG_GETAUDIO  0  
[2023/04/07 16:59:14 698] tts        485  get audio|use local  
[2023/04/07 16:59:14 699] tts        527  0  nil  1  
[2023/04/07 16:59:14 699] tts        657  TTS_MSG_GETAUDIO  0  
[2023/04/07 16:59:14 700] tts        485  get audio|use local  
[2023/04/07 16:59:14 700] tts        527  0  nil  1  
[2023/04/07 16:59:14 701] tts        657  TTS_MSG_GETAUDIO  0  
[2023/04/07 16:59:14 701] tts        485  get audio|use local  
[2023/04/07 16:59:14 701] tts        527  0  nil  1  
[2023/04/07 16:59:14 702] tts        657  TTS_MSG_GETAUDIO  0  
[2023/04/07 16:59:14 702] tts        485  get audio|use local  
[2023/04/07 16:59:14 702] tts        527  0  nil  1  
[2023/04/07 16:59:14 703] tts        657  TTS_MSG_GETAUDIO  0  
[2023/04/07 16:59:14 703] tts        485  get audio|use local  
[2023/04/07 16:59:14 703] tts        527  0  nil  1  
[2023/04/07 16:59:14 704] tts        657  TTS_MSG_GETAUDIO  0  
[2023/04/07 16:59:14 704] tts        485  get audio|use local  
[2023/04/07 16:59:14 704] tts        527  0  nil  1  
[2023/04/07 16:59:14 705] tts        657  TTS_MSG_GETAUDIO  0  
[2023/04/07 16:59:14 705] tts        485  get audio|use local  
[2023/04/07 16:59:14 705] tts        527  0  nil  1  
[2023/04/07 16:59:14 707] tts        657  TTS_MSG_GETAUDIO  0  
[2023/04/07 16:59:14 707] tts        485  get audio|use local  
[2023/04/07 16:59:14 707] tts        527  0  nil  1  
[2023/04/07 16:59:14 708] tts        657  TTS_MSG_GETAUDIO  0  
[2023/04/07 16:59:14 708] tts        485  get audio|use local  
[2023/04/07 16:59:14 708] tts        527  0  nil  1  
[2023/04/07 16:59:14 709] tts        657  TTS_MSG_GETAUDIO  0  
[2023/04/07 16:59:14 709] tts        485  get audio|use local  
[2023/04/07 16:59:14 709] tts        527  0  nil  1  
[2023/04/07 16:59:14 710] tts        657  TTS_MSG_GETAUDIO  0  
[2023/04/07 16:59:14 710] tts        485  get audio|use local  
[2023/04/07 16:59:14 710] tts        527  0  nil  1  
[2023/04/07 16:59:14 711] tts        657  TTS_MSG_GETAUDIO  0  
[2023/04/07 16:59:14 711] tts        485  get audio|use local  
[2023/04/07 16:59:14 711] tts        527  0  nil  1  
[2023/04/07 16:59:14 712] tts        657  TTS_MSG_GETAUDIO  0  
[2023/04/07 16:59:14 712] tts        485  get audio|use local  
[2023/04/07 16:59:14 713] tts        527  0  nil  1  
[2023/04/07 16:59:14 719] tts        657  TTS_MSG_GETAUDIO  0  
[2023/04/07 16:59:14 719] tts        485  get audio|use local  
[2023/04/07 16:59:14 719] tts        527  0  nil  1  
[2023/04/07 16:59:14 720] tts        657  TTS_MSG_GETAUDIO  0  
[2023/04/07 16:59:14 720] tts        485  get audio|use local  
[2023/04/07 16:59:14 720] tts        527  0  nil  1  
[2023/04/07 16:59:14 724] tts        657  TTS_MSG_GETAUDIO  0  
[2023/04/07 16:59:14 724] tts        485  get audio|use local  
[2023/04/07 16:59:14 724] tts        527  0  nil  1  
[2023/04/07 16:59:14 725] tts        657  TTS_MSG_GETAUDIO  0  
[2023/04/07 16:59:14 725] tts        485  get audio|use local  
[2023/04/07 16:59:14 726] tts        527  0  nil  1  
[2023/04/07 16:59:14 726] tts        657  TTS_MSG_GETAUDIO  0  
[2023/04/07 16:59:14 727] tts        485  get audio|use local  
[2023/04/07 16:59:14 727] tts        527  0  nil  1  
[2023/04/07 16:59:14 729] tts        657  TTS_MSG_GETAUDIO  0  
[2023/04/07 16:59:14 729] tts        485  get audio|use local  
[2023/04/07 16:59:14 729] tts        527  0  nil  1  
[2023/04/07 16:59:14 731] tts        657  TTS_MSG_GETAUDIO  0  
[2023/04/07 16:59:14 731] tts        485  get audio|use local  
[2023/04/07 16:59:14 731] tts        527  0  nil  1  
[2023/04/07 16:59:14 732] tts        657  TTS_MSG_GETAUDIO  0  
[2023/04/07 16:59:14 732] tts        485  get audio|use local  
[2023/04/07 16:59:14 733] tts        527  0  nil  1  
[2023/04/07 16:59:14 734] tts        299  TTS_LOCAL_CB_BEGIN  
[2023/04/07 16:59:14 742] tts        657  TTS_MSG_GETAUDIO  0  
[2023/04/07 16:59:14 746] tts        485  get audio|use local  
[2023/04/07 16:59:14 747] tts        527  0  nil  1  
[2023/04/07 16:59:14 748] tts        657  TTS_MSG_GETAUDIO  0  
[2023/04/07 16:59:14 748] tts        485  get audio|use local  
[2023/04/07 16:59:14 748] tts        527  0  nil  1  
[2023/04/07 16:59:14 752] tts        657  TTS_MSG_GETAUDIO  0  
[2023/04/07 16:59:14 752] tts        485  get audio|use local  
[2023/04/07 16:59:14 752] tts        527  0  nil  1  
[2023/04/07 16:59:14 753] tts        657  TTS_MSG_GETAUDIO  0  
[2023/04/07 16:59:14 753] tts        485  get audio|use local  
[2023/04/07 16:59:14 753] tts        527  0  nil  1  
[2023/04/07 16:59:14 754] tts        657  TTS_MSG_GETAUDIO  0  
[2023/04/07 16:59:14 754] tts        485  get audio|use local  
[2023/04/07 16:59:14 754] tts        527  0  nil  1  
[2023/04/07 16:59:14 755] tts        657  TTS_MSG_GETAUDIO  0  
[2023/04/07 16:59:14 755] tts        485  get audio|use local  
[2023/04/07 16:59:14 756] tts        527  0  nil  1  
[2023/04/07 16:59:14 756] tts        657  TTS_MSG_GETAUDIO  0  
[2023/04/07 16:59:14 756] tts        485  get audio|use local  
[2023/04/07 16:59:14 756] tts        527  0  nil  1  
[2023/04/07 16:59:14 757] tts        657  TTS_MSG_GETAUDIO  0  
[2023/04/07 16:59:14 757] tts        485  get audio|use local  
[2023/04/07 16:59:14 757] tts        527  0  nil  1  
[2023/04/07 16:59:14 758] tts        657  TTS_MSG_GETAUDIO  0  
[2023/04/07 16:59:14 758] tts        485  get audio|use local  
[2023/04/07 16:59:14 758] tts        527  0  nil  1  
[2023/04/07 16:59:14 759] tts        657  TTS_MSG_GETAUDIO  0  
[2023/04/07 16:59:14 759] tts        485  get audio|use local  
[2023/04/07 16:59:14 759] tts        527  0  nil  1  
[2023/04/07 16:59:14 760] tts        657  TTS_MSG_GETAUDIO  0  
[2023/04/07 16:59:14 760] tts        485  get audio|use local  
[2023/04/07 16:59:14 760] tts        527  0  nil  1  
[2023/04/07 16:59:14 760] tts        657  TTS_MSG_GETAUDIO  0  
[2023/04/07 16:59:14 761] tts        485  get audio|use local  
[2023/04/07 16:59:14 761] tts        527  0  nil  1  
[2023/04/07 16:59:14 761] tts        657  TTS_MSG_GETAUDIO  0  
[2023/04/07 16:59:14 761] tts        485  get audio|use local  
[2023/04/07 16:59:14 762] tts        527  0  nil  1  
[2023/04/07 16:59:14 762] tts        657  TTS_MSG_GETAUDIO  0  
[2023/04/07 16:59:14 762] tts        485  get audio|use local  
[2023/04/07 16:59:14 762] tts        527  0  nil  1  
[2023/04/07 16:59:14 764] tts        657  TTS_MSG_GETAUDIO  0  
[2023/04/07 16:59:14 764] tts        485  get audio|use local  
[2023/04/07 16:59:14 764] tts        527  0  nil  1  
[2023/04/07 16:59:14 765] tts        657  TTS_MSG_GETAUDIO  0  
[2023/04/07 16:59:14 765] tts        485  get audio|use local  
[2023/04/07 16:59:14 765] tts        527  0  nil  1  
[2023/04/07 16:59:14 766] tts        657  TTS_MSG_GETAUDIO  0  
[2023/04/07 16:59:14 766] tts        485  get audio|use local  
[2023/04/07 16:59:14 766] tts        527  0  nil  1  
[2023/04/07 16:59:14 767] tts        657  TTS_MSG_GETAUDIO  0  
[2023/04/07 16:59:14 767] tts        485  get audio|use local  
[2023/04/07 16:59:14 767] tts        527  0  nil  1  
[2023/04/07 16:59:14 768] tts        657  TTS_MSG_GETAUDIO  0  
[2023/04/07 16:59:14 768] tts        485  get audio|use local  
[2023/04/07 16:59:14 768] tts        527  0  nil  1  
[2023/04/07 16:59:14 771] tts        657  TTS_MSG_GETAUDIO  0  
[2023/04/07 16:59:14 771] tts        485  get audio|use local  
[2023/04/07 16:59:14 771] tts        527  0  nil  1  
[2023/04/07 16:59:14 772] tts        657  TTS_MSG_GETAUDIO  0  
[2023/04/07 16:59:14 773] tts        485  get audio|use local  
[2023/04/07 16:59:14 773] tts        527  0  nil  1  
[2023/04/07 16:59:14 774] tts        657  TTS_MSG_GETAUDIO  0  
[2023/04/07 16:59:14 774] tts        485  get audio|use local  
[2023/04/07 16:59:14 774] tts        527  0  nil  1  
[2023/04/07 16:59:14 775] tts        657  TTS_MSG_GETAUDIO  0  
[2023/04/07 16:59:14 775] tts        485  get audio|use local  
[2023/04/07 16:59:14 775] tts        527  0  nil  1  
[2023/04/07 16:59:14 776] tts        657  TTS_MSG_GETAUDIO  0  
[2023/04/07 16:59:14 776] tts        485  get audio|use local  
[2023/04/07 16:59:14 776] tts        527  0  nil  1  
[2023/04/07 16:59:14 777] tts        657  TTS_MSG_GETAUDIO  0  
[2023/04/07 16:59:14 777] tts        485  get audio|use local  
[2023/04/07 16:59:14 777] tts        527  0  nil  1  
[2023/04/07 16:59:14 778] tts        657  TTS_MSG_GETAUDIO  0  
[2023/04/07 16:59:14 778] tts        485  get audio|use local  
[2023/04/07 16:59:14 778] tts        527  0  nil  1  
[2023/04/07 16:59:14 780] tts        657  TTS_MSG_GETAUDIO  0  
[2023/04/07 16:59:14 780] tts        485  get audio|use local  
[2023/04/07 16:59:14 780] tts        527  0  nil  1  
[2023/04/07 16:59:14 781] tts        657  TTS_MSG_GETAUDIO  0  
[2023/04/07 16:59:14 781] tts        485  get audio|use local  
[2023/04/07 16:59:14 781] tts        527  0  nil  1  
[2023/04/07 16:59:14 781] tts        657  TTS_MSG_GETAUDIO  0  
[2023/04/07 16:59:14 781] tts        485  get audio|use local  
[2023/04/07 16:59:14 782] tts        527  0  nil  1  
[2023/04/07 16:59:14 782] tts        657  TTS_MSG_GETAUDIO  0  
[2023/04/07 16:59:14 782] tts        485  get audio|use local  
[2023/04/07 16:59:14 782] tts        527  0  nil  1  
[2023/04/07 16:59:14 783] tts        657  TTS_MSG_GETAUDIO  0  
[2023/04/07 16:59:14 783] tts        485  get audio|use local  
[2023/04/07 16:59:14 784] tts        527  0  nil  1  
[2023/04/07 16:59:14 785] tts        657  TTS_MSG_GETAUDIO  0  
[2023/04/07 16:59:14 785] tts        485  get audio|use local  
[2023/04/07 16:59:14 785] tts        527  0  nil  1  
[2023/04/07 16:59:14 786] tts        657  TTS_MSG_GETAUDIO  0  
[2023/04/07 16:59:14 786] tts        485  get audio|use local  
[2023/04/07 16:59:14 786] tts        527  0  nil  1  
[2023/04/07 16:59:14 787] tts        657  TTS_MSG_GETAUDIO  0  
[2023/04/07 16:59:14 787] tts        485  get audio|use local  
[2023/04/07 16:59:14 787] tts        527  0  nil  1  
[2023/04/07 16:59:14 788] tts        657  TTS_MSG_GETAUDIO  0  
[2023/04/07 16:59:14 788] tts        485  get audio|use local  
[2023/04/07 16:59:14 788] tts        527  0  nil  1  
[2023/04/07 16:59:14 789] tts        657  TTS_MSG_GETAUDIO  0  
[2023/04/07 16:59:14 789] tts        485  get audio|use local  
[2023/04/07 16:59:14 789] tts        527  0  nil  1  
[2023/04/07 16:59:14 790] tts        657  TTS_MSG_GETAUDIO  0  
[2023/04/07 16:59:14 790] tts        485  get audio|use local  
[2023/04/07 16:59:14 790] tts        527  0  nil  1  
[2023/04/07 16:59:14 790] tts        657  TTS_MSG_GETAUDIO  0  
[2023/04/07 16:59:14 791] tts        485  get audio|use local  
[2023/04/07 16:59:14 791] tts        527  0  nil  1  
[2023/04/07 16:59:14 791] tts        657  TTS_MSG_GETAUDIO  0  
[2023/04/07 16:59:14 791] tts        485  get audio|use local  
[2023/04/07 16:59:14 792] tts        527  0  nil  1  
[2023/04/07 16:59:14 792] tts        657  TTS_MSG_GETAUDIO  0  
[2023/04/07 16:59:14 792] tts        485  get audio|use local  
[2023/04/07 16:59:14 792] tts        527  0  nil  1  
[2023/04/07 16:59:14 793] tts        657  TTS_MSG_GETAUDIO  0  
[2023/04/07 16:59:14 793] tts        485  get audio|use local  
[2023/04/07 16:59:14 793] tts        527  0  nil  1  
[2023/04/07 16:59:14 797] tts        657  TTS_MSG_GETAUDIO  0  
[2023/04/07 16:59:14 797] tts        485  get audio|use local  
[2023/04/07 16:59:14 797] tts        527  0  nil  1  
[2023/04/07 16:59:14 798] tts        657  TTS_MSG_GETAUDIO  0  
[2023/04/07 16:59:14 799] tts        485  get audio|use local  
[2023/04/07 16:59:14 800] tts        527  0  nil  1  
[2023/04/07 16:59:14 801] tts        657  TTS_MSG_GETAUDIO  0  
[2023/04/07 16:59:14 801] tts        485  get audio|use local  
[2023/04/07 16:59:14 801] tts        527  0  nil  1  
[2023/04/07 16:59:14 802] tts        657  TTS_MSG_GETAUDIO  0  
[2023/04/07 16:59:14 803] tts        485  get audio|use local  
[2023/04/07 16:59:14 803] tts        527  0  nil  1  
[2023/04/07 16:59:14 804] tts        657  TTS_MSG_GETAUDIO  0  
[2023/04/07 16:59:14 804] tts        485  get audio|use local  
[2023/04/07 16:59:14 805] tts        527  0  nil  1  
[2023/04/07 16:59:14 807] tts        657  TTS_MSG_GETAUDIO  0  
[2023/04/07 16:59:14 807] tts        485  get audio|use local  
[2023/04/07 16:59:14 807] tts        527  0  nil  1  
[2023/04/07 16:59:14 808] tts        657  TTS_MSG_GETAUDIO  0  
[2023/04/07 16:59:14 808] tts        485  get audio|use local  
[2023/04/07 16:59:14 808] tts        527  0  nil  1  
[2023/04/07 16:59:14 809] tts        657  TTS_MSG_GETAUDIO  0  
[2023/04/07 16:59:14 809] tts        485  get audio|use local  
[2023/04/07 16:59:14 809] tts        527  0  nil  1  
[2023/04/07 16:59:14 811] tts        657  TTS_MSG_GETAUDIO  0  
[2023/04/07 16:59:14 811] tts        485  get audio|use local  
[2023/04/07 16:59:14 812] tts        527  0  nil  1  
[2023/04/07 16:59:14 813] tts        657  TTS_MSG_GETAUDIO  0  
[2023/04/07 16:59:14 813] tts        485  get audio|use local  
[2023/04/07 16:59:14 813] tts        527  0  nil  1  
[2023/04/07 16:59:14 814] tts        657  TTS_MSG_GETAUDIO  0  
[2023/04/07 16:59:14 814] tts        485  get audio|use local  
[2023/04/07 16:59:14 814] tts        527  0  nil  1  
[2023/04/07 16:59:14 815] tts        657  TTS_MSG_GETAUDIO  0  
[2023/04/07 16:59:14 815] tts        485  get audio|use local  
[2023/04/07 16:59:14 815] tts        527  0  nil  1  
[2023/04/07 16:59:14 818] tts        657  TTS_MSG_GETAUDIO  0  
[2023/04/07 16:59:14 818] tts        485  get audio|use local  
[2023/04/07 16:59:14 818] tts        527  0  nil  1  
[2023/04/07 16:59:14 819] tts        657  TTS_MSG_GETAUDIO  0  
[2023/04/07 16:59:14 819] tts        485  get audio|use local  
[2023/04/07 16:59:14 819] tts        527  0  nil  1  
[2023/04/07 16:59:14 834] tts        657  TTS_MSG_GETAUDIO  0  
[2023/04/07 16:59:14 834] tts        485  get audio|use local  
[2023/04/07 16:59:14 834] tts        527  0  nil  1  
[2023/04/07 16:59:14 836] tts        657  TTS_MSG_GETAUDIO  0  
[2023/04/07 16:59:14 836] tts        485  get audio|use local  
[2023/04/07 16:59:14 836] tts        527  0  nil  1  
[2023/04/07 16:59:14 845] tts        657  TTS_MSG_GETAUDIO  0  
[2023/04/07 16:59:14 845] tts        485  get audio|use local  
[2023/04/07 16:59:14 845] tts        527  0  nil  1  
[2023/04/07 16:59:14 845] tts        657  TTS_MSG_GETAUDIO  0  
[2023/04/07 16:59:14 846] tts        485  get audio|use local  
[2023/04/07 16:59:14 846] tts        527  0  nil  1  
[2023/04/07 16:59:14 847] tts        657  TTS_MSG_GETAUDIO  0  
[2023/04/07 16:59:14 847] tts        485  get audio|use local  
[2023/04/07 16:59:14 848] tts        527  0  nil  1  
[2023/04/07 16:59:14 849] tts        657  TTS_MSG_GETAUDIO  0  
[2023/04/07 16:59:14 849] tts        485  get audio|use local  
[2023/04/07 16:59:14 849] tts        527  0  nil  1  
[2023/04/07 16:59:14 851] tts        657  TTS_MSG_GETAUDIO  0  
[2023/04/07 16:59:14 851] tts        485  get audio|use local  
[2023/04/07 16:59:14 851] tts        527  0  nil  1  
[2023/04/07 16:59:14 854] tts        657  TTS_MSG_GETAUDIO  0  
[2023/04/07 16:59:14 854] tts        485  get audio|use local  
[2023/04/07 16:59:14 854] tts        527  0  nil  1  
[2023/04/07 16:59:14 858] tts        657  TTS_MSG_GETAUDIO  0  
[2023/04/07 16:59:14 859] tts        485  get audio|use local  
[2023/04/07 16:59:14 859] tts        527  0  nil  1  
[2023/04/07 16:59:14 860] tts        657  TTS_MSG_GETAUDIO  0  
[2023/04/07 16:59:14 860] tts        485  get audio|use local  
[2023/04/07 16:59:14 860] tts        527  0  nil  1  
[2023/04/07 16:59:14 861] tts        657  TTS_MSG_GETAUDIO  0  
[2023/04/07 16:59:14 861] tts        485  get audio|use local  
[2023/04/07 16:59:14 862] tts        527  0  nil  1  
[2023/04/07 16:59:14 863] tts        657  TTS_MSG_GETAUDIO  0  
[2023/04/07 16:59:14 863] tts        485  get audio|use local  
[2023/04/07 16:59:14 863] tts        527  0  nil  1  
[2023/04/07 16:59:14 864] tts        657  TTS_MSG_GETAUDIO  0  
[2023/04/07 16:59:14 864] tts        485  get audio|use local  
[2023/04/07 16:59:14 864] tts        527  0  nil  1  
[2023/04/07 16:59:14 865] tts        657  TTS_MSG_GETAUDIO  0  
[2023/04/07 16:59:14 865] tts        485  get audio|use local  
[2023/04/07 16:59:14 865] tts        527  0  nil  1  
[2023/04/07 16:59:14 866] tts        657  TTS_MSG_GETAUDIO  0  
[2023/04/07 16:59:14 866] tts        485  get audio|use local  
[2023/04/07 16:59:14 866] tts        527  0  nil  1  
[2023/04/07 16:59:14 867] tts        657  TTS_MSG_GETAUDIO  0  
[2023/04/07 16:59:14 867] tts        485  get audio|use local  
[2023/04/07 16:59:14 867] tts        527  0  nil  1  
[2023/04/07 16:59:14 868] tts        657  TTS_MSG_GETAUDIO  0  
[2023/04/07 16:59:14 868] tts        485  get audio|use local  
[2023/04/07 16:59:14 868] tts        527  0  nil  1  
[2023/04/07 16:59:14 869] tts        657  TTS_MSG_GETAUDIO  0  
[2023/04/07 16:59:14 869] tts        485  get audio|use local  
[2023/04/07 16:59:14 869] tts        527  0  nil  1  
[2023/04/07 16:59:14 869] tts        657  TTS_MSG_GETAUDIO  0  
[2023/04/07 16:59:14 869] tts        485  get audio|use local  
[2023/04/07 16:59:14 869] tts        527  0  nil  1  
[2023/04/07 16:59:14 870] tts        657  TTS_MSG_GETAUDIO  0  
[2023/04/07 16:59:14 870] tts        485  get audio|use local  
[2023/04/07 16:59:14 870] tts        527  0  nil  1  
[2023/04/07 16:59:14 871] tts        657  TTS_MSG_GETAUDIO  0  
[2023/04/07 16:59:14 871] tts        485  get audio|use local  
[2023/04/07 16:59:14 871] tts        527  0  nil  1  
[2023/04/07 16:59:14 872] tts        657  TTS_MSG_GETAUDIO  0  
[2023/04/07 16:59:14 872] tts        485  get audio|use local  
[2023/04/07 16:59:14 872] tts        527  0  nil  1  
[2023/04/07 16:59:14 873] tts        657  TTS_MSG_GETAUDIO  0  
[2023/04/07 16:59:14 873] tts        485  get audio|use local  
[2023/04/07 16:59:14 873] tts        527  0  nil  1  
[2023/04/07 16:59:14 874] tts        657  TTS_MSG_GETAUDIO  0  
[2023/04/07 16:59:14 874] tts        485  get audio|use local  
[2023/04/07 16:59:14 874] tts        527  0  nil  1  
[2023/04/07 16:59:14 875] tts        657  TTS_MSG_GETAUDIO  0  
[2023/04/07 16:59:14 875] tts        485  get audio|use local  
[2023/04/07 16:59:14 875] tts        527  0  nil  1  
[2023/04/07 16:59:14 875] tts        657  TTS_MSG_GETAUDIO  0  
[2023/04/07 16:59:14 875] tts        485  get audio|use local  
[2023/04/07 16:59:14 875] tts        527  0  nil  1  
[2023/04/07 16:59:14 876] tts        657  TTS_MSG_GETAUDIO  0  
[2023/04/07 16:59:14 876] tts        485  get audio|use local  
[2023/04/07 16:59:14 876] tts        527  0  nil  1  
[2023/04/07 16:59:14 877] tts        657  TTS_MSG_GETAUDIO  0  
[2023/04/07 16:59:14 877] tts        485  get audio|use local  
[2023/04/07 16:59:14 877] tts        527  0  nil  1  
[2023/04/07 16:59:14 878] tts        657  TTS_MSG_GETAUDIO  0  
[2023/04/07 16:59:14 878] tts        485  get audio|use local  
[2023/04/07 16:59:14 878] tts        527  0  nil  1  
[2023/04/07 16:59:14 879] tts        657  TTS_MSG_GETAUDIO  0  
[2023/04/07 16:59:14 879] tts        485  get audio|use local  
[2023/04/07 16:59:14 879] tts        527  0  nil  1  
[2023/04/07 16:59:14 880] tts        657  TTS_MSG_GETAUDIO  0  
[2023/04/07 16:59:14 880] tts        485  get audio|use local  
[2023/04/07 16:59:14 880] tts        527  0  nil  1  
[2023/04/07 16:59:14 880] tts        657  TTS_MSG_GETAUDIO  0  
[2023/04/07 16:59:14 881] tts        485  get audio|use local  
[2023/04/07 16:59:14 881] tts        527  0  nil  1  
[2023/04/07 16:59:14 881] tts        657  TTS_MSG_GETAUDIO  0  
[2023/04/07 16:59:14 881] tts        485  get audio|use local  
[2023/04/07 16:59:14 881] tts        527  0  nil  1  
[2023/04/07 16:59:14 883] tts        657  TTS_MSG_GETAUDIO  0  
[2023/04/07 16:59:14 883] tts        485  get audio|use local  
[2023/04/07 16:59:14 883] tts        527  0  nil  1  
[2023/04/07 16:59:14 883] tts        657  TTS_MSG_GETAUDIO  0  
[2023/04/07 16:59:14 883] tts        485  get audio|use local  
[2023/04/07 16:59:14 884] tts        527  0  nil  1  
[2023/04/07 16:59:14 884] tts        657  TTS_MSG_GETAUDIO  0  
[2023/04/07 16:59:14 884] tts        485  get audio|use local  
[2023/04/07 16:59:14 884] tts        527  0  nil  1  
[2023/04/07 16:59:14 885] tts        657  TTS_MSG_GETAUDIO  0  
[2023/04/07 16:59:14 885] tts        485  get audio|use local  
[2023/04/07 16:59:14 885] tts        527  0  nil  1  
[2023/04/07 16:59:14 886] tts        657  TTS_MSG_GETAUDIO  0  
[2023/04/07 16:59:14 886] tts        485  get audio|use local  
[2023/04/07 16:59:14 886] tts        527  0  nil  1  
[2023/04/07 16:59:14 887] tts        657  TTS_MSG_GETAUDIO  0  
[2023/04/07 16:59:14 887] tts        485  get audio|use local  
[2023/04/07 16:59:14 887] tts        527  0  nil  1  
[2023/04/07 16:59:14 888] tts        657  TTS_MSG_GETAUDIO  0  
[2023/04/07 16:59:14 888] tts        485  get audio|use local  
[2023/04/07 16:59:14 888] tts        527  0  nil  1  
[2023/04/07 16:59:14 889] tts        657  TTS_MSG_GETAUDIO  0  
[2023/04/07 16:59:14 889] tts        485  get audio|use local  
[2023/04/07 16:59:14 889] tts        527  0  nil  1  
[2023/04/07 16:59:14 889] tts        657  TTS_MSG_GETAUDIO  0  
[2023/04/07 16:59:14 889] tts        485  get audio|use local  
[2023/04/07 16:59:14 890] tts        527  0  nil  1  
[2023/04/07 16:59:14 890] tts        657  TTS_MSG_GETAUDIO  0  
[2023/04/07 16:59:14 891] tts        485  get audio|use local  
[2023/04/07 16:59:14 891] tts        527  0  nil  1  
[2023/04/07 16:59:14 892] tts        657  TTS_MSG_GETAUDIO  0  
[2023/04/07 16:59:14 892] tts        485  get audio|use local  
[2023/04/07 16:59:14 892] tts        527  0  nil  1  
[2023/04/07 16:59:14 893] tts        657  TTS_MSG_GETAUDIO  0  
[2023/04/07 16:59:14 893] tts        485  get audio|use local  
[2023/04/07 16:59:14 894] tts        527  0  nil  1  
[2023/04/07 16:59:14 894] tts        657  TTS_MSG_GETAUDIO  0  
[2023/04/07 16:59:14 894] tts        485  get audio|use local  
[2023/04/07 16:59:14 894] tts        527  0  nil  1  
[2023/04/07 16:59:14 895] tts        657  TTS_MSG_GETAUDIO  0  
[2023/04/07 16:59:14 895] tts        485  get audio|use local  
[2023/04/07 16:59:14 895] tts        527  0  nil  1  
[2023/04/07 16:59:14 896] tts        657  TTS_MSG_GETAUDIO  0  
[2023/04/07 16:59:14 896] tts        485  get audio|use local  
[2023/04/07 16:59:14 896] tts        527  0  nil  1  
[2023/04/07 16:59:14 897] tts        657  TTS_MSG_GETAUDIO  0  
[2023/04/07 16:59:14 897] tts        485  get audio|use local  
[2023/04/07 16:59:14 897] tts        527  0  nil  1  
[2023/04/07 16:59:14 898] tts        657  TTS_MSG_GETAUDIO  0  
[2023/04/07 16:59:14 898] tts        485  get audio|use local  
[2023/04/07 16:59:14 898] tts        527  0  nil  1  
[2023/04/07 16:59:14 899] tts        657  TTS_MSG_GETAUDIO  0  
[2023/04/07 16:59:14 899] tts        485  get audio|use local  
[2023/04/07 16:59:14 899] tts        527  0  nil  1  
[2023/04/07 16:59:14 900] tts        657  TTS_MSG_GETAUDIO  0  
[2023/04/07 16:59:14 900] tts        485  get audio|use local  
[2023/04/07 16:59:14 900] tts        527  0  nil  1  
[2023/04/07 16:59:14 901] tts        657  TTS_MSG_GETAUDIO  0  
[2023/04/07 16:59:14 901] tts        485  get audio|use local  
[2023/04/07 16:59:14 901] tts        527  0  nil  1  
[2023/04/07 16:59:14 903] tts        657  TTS_MSG_GETAUDIO  0  
[2023/04/07 16:59:14 903] tts        485  get audio|use local  
[2023/04/07 16:59:14 904] tts        527  0  nil  1  
[2023/04/07 16:59:14 904] tts        657  TTS_MSG_GETAUDIO  0  
[2023/04/07 16:59:14 904] tts        485  get audio|use local  
[2023/04/07 16:59:14 904] tts        527  0  nil  1  
[2023/04/07 16:59:14 905] tts        657  TTS_MSG_GETAUDIO  0  
[2023/04/07 16:59:14 905] tts        485  get audio|use local  
[2023/04/07 16:59:14 905] tts        527  0  nil  1  
[2023/04/07 16:59:14 906] tts        657  TTS_MSG_GETAUDIO  0  
[2023/04/07 16:59:14 906] tts        485  get audio|use local  
[2023/04/07 16:59:14 906] tts        527  0  nil  1  
[2023/04/07 16:59:14 907] tts        657  TTS_MSG_GETAUDIO  0  
[2023/04/07 16:59:14 907] tts        485  get audio|use local  
[2023/04/07 16:59:14 907] tts        527  0  nil  1  
[2023/04/07 16:59:14 910] tts        657  TTS_MSG_GETAUDIO  0  
[2023/04/07 16:59:14 910] tts        485  get audio|use local  
[2023/04/07 16:59:14 911] tts        498  local audiolen:  1910  ,ced:  10  
[2023/04/07 16:59:14 911] tts        527  0  udata(7006a4b8) 1  
[2023/04/07 16:59:14 933] tts        301  0  0  
[2023/04/07 16:59:14 933] tts        312  TTS_LOCAL_CB_END,  2  
[2023/04/07 16:59:14 933] tts        657  TTS_MSG_GETAUDIO  0  
[2023/04/07 16:59:14 933] tts        485  get audio|use local  
[2023/04/07 16:59:14 933] tts        498  local audiolen:  1984  ,ced:  10  
[2023/04/07 16:59:14 933] tts        527  0  udata(70086ef8) 1  
[2023/04/07 16:59:14 934] tts        657  TTS_MSG_GETAUDIO  0  
[2023/04/07 16:59:14 934] tts        485  get audio|use local  
[2023/04/07 16:59:14 934] tts        498  local audiolen:  1908  ,ced:  10  
[2023/04/07 16:59:14 934] tts        527  0  udata(70086f48) 1  
[2023/04/07 16:59:14 935] tts        657  TTS_MSG_GETAUDIO  0  
[2023/04/07 16:59:14 935] tts        485  get audio|use local  
[2023/04/07 16:59:14 935] tts        498  local audiolen:  1986  ,ced:  10  
[2023/04/07 16:59:14 935] tts        527  0  udata(70086f98) 1  
[2023/04/07 16:59:14 936] tts        657  TTS_MSG_GETAUDIO  0  
[2023/04/07 16:59:14 936] tts        485  get audio|use local  
[2023/04/07 16:59:14 936] tts        498  local audiolen:  2048  ,ced:  10  
[2023/04/07 16:59:14 937] tts        527  0  udata(70086fe8) 1  
[2023/04/07 16:59:14 937] tts        657  TTS_MSG_GETAUDIO  0  
[2023/04/07 16:59:14 937] tts        485  get audio|use local  
[2023/04/07 16:59:14 937] tts        498  local audiolen:  2018  ,ced:  10  
[2023/04/07 16:59:14 937] tts        527  0  udata(70087038) 1  
[2023/04/07 16:59:14 938] tts        657  TTS_MSG_GETAUDIO  0  
[2023/04/07 16:59:14 938] tts        485  get audio|use local  
[2023/04/07 16:59:14 938] tts        498  local audiolen:  2016  ,ced:  10  
[2023/04/07 16:59:14 938] tts        527  0  udata(70087088) 1  
[2023/04/07 16:59:14 939] tts        657  TTS_MSG_GETAUDIO  0  
[2023/04/07 16:59:14 939] tts        485  get audio|use local  
[2023/04/07 16:59:14 939] tts        498  local audiolen:  1982  ,ced:  10  
[2023/04/07 16:59:14 939] tts        527  0  udata(700870d8) 1  
[2023/04/07 16:59:14 940] tts        657  TTS_MSG_GETAUDIO  0  
[2023/04/07 16:59:14 940] tts        485  get audio|use local  
[2023/04/07 16:59:14 940] tts        498  local audiolen:  1964  ,ced:  10  
[2023/04/07 16:59:14 941] tts        527  0  udata(70087128) 1  
[2023/04/07 16:59:14 942] tts        657  TTS_MSG_GETAUDIO  0  
[2023/04/07 16:59:14 942] tts        485  get audio|use local  
[2023/04/07 16:59:14 942] tts        498  local audiolen:  2024  ,ced:  10  
[2023/04/07 16:59:14 942] tts        527  0  udata(70087178) 1  
[2023/04/07 16:59:14 943] tts        657  TTS_MSG_GETAUDIO  0  
[2023/04/07 16:59:14 943] tts        485  get audio|use local  
[2023/04/07 16:59:14 943] tts        498  local audiolen:  2036  ,ced:  10  
[2023/04/07 16:59:14 943] tts        527  0  udata(700871c8) 1  
[2023/04/07 16:59:14 943] tts        657  TTS_MSG_GETAUDIO  0  
[2023/04/07 16:59:14 944] tts        485  get audio|use local  
[2023/04/07 16:59:14 944] tts        498  local audiolen:  1984  ,ced:  10  
[2023/04/07 16:59:14 944] tts        527  0  udata(70087218) 1  
[2023/04/07 16:59:14 945] tts        657  TTS_MSG_GETAUDIO  0  
[2023/04/07 16:59:14 945] tts        485  get audio|use local  
[2023/04/07 16:59:14 945] tts        498  local audiolen:  2002  ,ced:  10  
[2023/04/07 16:59:14 945] tts        527  0  udata(70087268) 1  
[2023/04/07 16:59:14 946] tts        657  TTS_MSG_GETAUDIO  0  
[2023/04/07 16:59:14 946] tts        485  get audio|use local  
[2023/04/07 16:59:14 946] tts        498  local audiolen:  1936  ,ced:  10  
[2023/04/07 16:59:14 946] tts        527  0  udata(700872b8) 1  
[2023/04/07 16:59:14 947] tts        657  TTS_MSG_GETAUDIO  0  
[2023/04/07 16:59:14 947] tts        485  get audio|use local  
[2023/04/07 16:59:14 947] tts        498  local audiolen:  2034  ,ced:  10  
[2023/04/07 16:59:14 947] tts        527  0  udata(70087308) 1  
[2023/04/07 16:59:14 948] tts        657  TTS_MSG_GETAUDIO  0  
[2023/04/07 16:59:14 948] tts        485  get audio|use local  
[2023/04/07 16:59:14 948] tts        498  local audiolen:  1900  ,ced:  10  
[2023/04/07 16:59:14 948] tts        527  0  udata(70087358) 1  
[2023/04/07 16:59:14 949] tts        657  TTS_MSG_GETAUDIO  0  
[2023/04/07 16:59:14 949] tts        485  get audio|use local  
[2023/04/07 16:59:14 949] tts        498  local audiolen:  2000  ,ced:  10  
[2023/04/07 16:59:14 949] tts        527  0  udata(700873a8) 1  
[2023/04/07 16:59:14 949] tts        657  TTS_MSG_GETAUDIO  0  
[2023/04/07 16:59:14 950] tts        485  get audio|use local  
[2023/04/07 16:59:14 950] tts        498  local audiolen:  1986  ,ced:  10  
[2023/04/07 16:59:14 950] tts        527  0  udata(700873f8) 1  
[2023/04/07 16:59:14 951] tts        657  TTS_MSG_GETAUDIO  0  
[2023/04/07 16:59:14 951] tts        485  get audio|use local  
[2023/04/07 16:59:14 951] tts        498  local audiolen:  1438  ,ced:  10  
[2023/04/07 16:59:14 951] tts        527  0  udata(70087448) 2  
[2023/04/07 16:59:14 952] tts        660  TTS_MSG_SSE  
[2023/04/07 16:59:14 953] tts        585  sse|use local  
[2023/04/07 16:59:14 954] tts        603  tts exit  
