============================================================
Time  2023/05/06 19:40:53 725 
============================================================
[2023/05/06 19:40:53 725] tts        676  SYS_MSG_REGCB param0 =  msp_status_cb  param1 =  func(7c014a30) 
[2023/05/06 19:40:53 728] config     43   use general cloud  
[2023/05/06 19:40:53 733] tts_cloud  1417 SYS_MSG_REGCB_CLOUD param0 =   msp_status_cb  param1 =  func(7c014a30) 
[2023/05/06 19:40:53 733] tts        647  TTS_MSG_SSB  
[2023/05/06 19:40:53 733] tts        375  params =  engine_type = local,voice_name=xiaoyan, text_encoding = UTF8, tts_res_path = fo|res/tts/xiaoyan.jet;fo|res/tts/common.jet, sample_rate = 16000, speed = 80, volume = 50, pitch = 50, rdn = 2  
[2023/05/06 19:40:53 734] tts        412  ssb|use local  
[2023/05/06 19:40:53 734] tts        349  local_session_begin  
[2023/05/06 19:40:53 736] tts        654  TTS_MSG_SYN  0  
[2023/05/06 19:40:53 736] tts        451  synth|use local  
[2023/05/06 19:40:53 738] tts        657  TTS_MSG_GETAUDIO  0  
[2023/05/06 19:40:53 738] tts        485  get audio|use local  
[2023/05/06 19:40:53 738] tts        527  0  nil  1  
[2023/05/06 19:40:53 738] tts        657  TTS_MSG_GETAUDIO  0  
[2023/05/06 19:40:53 739] tts        485  get audio|use local  
[2023/05/06 19:40:53 739] tts        527  0  nil  1  
[2023/05/06 19:40:53 740] tts        657  TTS_MSG_GETAUDIO  0  
[2023/05/06 19:40:53 740] tts        485  get audio|use local  
[2023/05/06 19:40:53 740] tts        527  0  nil  1  
[2023/05/06 19:40:53 741] tts        657  TTS_MSG_GETAUDIO  0  
[2023/05/06 19:40:53 741] tts        485  get audio|use local  
[2023/05/06 19:40:53 741] tts        527  0  nil  1  
[2023/05/06 19:40:53 742] tts        657  TTS_MSG_GETAUDIO  0  
[2023/05/06 19:40:53 742] tts        485  get audio|use local  
[2023/05/06 19:40:53 742] tts        527  0  nil  1  
[2023/05/06 19:40:53 743] tts        657  TTS_MSG_GETAUDIO  0  
[2023/05/06 19:40:53 743] tts        485  get audio|use local  
[2023/05/06 19:40:53 743] tts        527  0  nil  1  
[2023/05/06 19:40:53 744] tts        657  TTS_MSG_GETAUDIO  0  
[2023/05/06 19:40:53 744] tts        485  get audio|use local  
[2023/05/06 19:40:53 744] tts        527  0  nil  1  
[2023/05/06 19:40:53 745] tts        657  TTS_MSG_GETAUDIO  0  
[2023/05/06 19:40:53 745] tts        485  get audio|use local  
[2023/05/06 19:40:53 745] tts        527  0  nil  1  
[2023/05/06 19:40:53 746] tts        657  TTS_MSG_GETAUDIO  0  
[2023/05/06 19:40:53 746] tts        485  get audio|use local  
[2023/05/06 19:40:53 746] tts        527  0  nil  1  
[2023/05/06 19:40:53 746] tts        657  TTS_MSG_GETAUDIO  0  
[2023/05/06 19:40:53 746] tts        485  get audio|use local  
[2023/05/06 19:40:53 747] tts        527  0  nil  1  
[2023/05/06 19:40:53 747] tts        657  TTS_MSG_GETAUDIO  0  
[2023/05/06 19:40:53 747] tts        485  get audio|use local  
[2023/05/06 19:40:53 747] tts        527  0  nil  1  
[2023/05/06 19:40:53 748] tts        657  TTS_MSG_GETAUDIO  0  
[2023/05/06 19:40:53 748] tts        485  get audio|use local  
[2023/05/06 19:40:53 748] tts        527  0  nil  1  
[2023/05/06 19:40:53 749] tts        657  TTS_MSG_GETAUDIO  0  
[2023/05/06 19:40:53 750] tts        485  get audio|use local  
[2023/05/06 19:40:53 750] tts        527  0  nil  1  
[2023/05/06 19:40:53 751] tts        657  TTS_MSG_GETAUDIO  0  
[2023/05/06 19:40:53 751] tts        485  get audio|use local  
[2023/05/06 19:40:53 751] tts        527  0  nil  1  
[2023/05/06 19:40:53 752] tts        657  TTS_MSG_GETAUDIO  0  
[2023/05/06 19:40:53 752] tts        485  get audio|use local  
[2023/05/06 19:40:53 752] tts        527  0  nil  1  
[2023/05/06 19:40:53 753] tts        657  TTS_MSG_GETAUDIO  0  
[2023/05/06 19:40:53 753] tts        485  get audio|use local  
[2023/05/06 19:40:53 753] tts        527  0  nil  1  
[2023/05/06 19:40:53 754] tts        657  TTS_MSG_GETAUDIO  0  
[2023/05/06 19:40:53 754] tts        485  get audio|use local  
[2023/05/06 19:40:53 754] tts        527  0  nil  1  
[2023/05/06 19:40:53 755] tts        657  TTS_MSG_GETAUDIO  0  
[2023/05/06 19:40:53 755] tts        485  get audio|use local  
[2023/05/06 19:40:53 755] tts        527  0  nil  1  
[2023/05/06 19:40:53 761] tts        657  TTS_MSG_GETAUDIO  0  
[2023/05/06 19:40:53 761] tts        485  get audio|use local  
[2023/05/06 19:40:53 761] tts        527  0  nil  1  
[2023/05/06 19:40:53 762] tts        657  TTS_MSG_GETAUDIO  0  
[2023/05/06 19:40:53 762] tts        485  get audio|use local  
[2023/05/06 19:40:53 763] tts        527  0  nil  1  
[2023/05/06 19:40:53 763] tts        657  TTS_MSG_GETAUDIO  0  
[2023/05/06 19:40:53 763] tts        485  get audio|use local  
[2023/05/06 19:40:53 763] tts        527  0  nil  1  
[2023/05/06 19:40:53 764] tts        657  TTS_MSG_GETAUDIO  0  
[2023/05/06 19:40:53 764] tts        485  get audio|use local  
[2023/05/06 19:40:53 764] tts        527  0  nil  1  
[2023/05/06 19:40:53 765] tts        657  TTS_MSG_GETAUDIO  0  
[2023/05/06 19:40:53 765] tts        485  get audio|use local  
[2023/05/06 19:40:53 765] tts        527  0  nil  1  
[2023/05/06 19:40:53 765] tts        657  TTS_MSG_GETAUDIO  0  
[2023/05/06 19:40:53 765] tts        485  get audio|use local  
[2023/05/06 19:40:53 766] tts        527  0  nil  1  
[2023/05/06 19:40:53 767] tts        657  TTS_MSG_GETAUDIO  0  
[2023/05/06 19:40:53 767] tts        485  get audio|use local  
[2023/05/06 19:40:53 767] tts        527  0  nil  1  
[2023/05/06 19:40:53 768] tts        657  TTS_MSG_GETAUDIO  0  
[2023/05/06 19:40:53 768] tts        485  get audio|use local  
[2023/05/06 19:40:53 768] tts        527  0  nil  1  
[2023/05/06 19:40:53 769] tts        657  TTS_MSG_GETAUDIO  0  
[2023/05/06 19:40:53 769] tts        485  get audio|use local  
[2023/05/06 19:40:53 769] tts        527  0  nil  1  
[2023/05/06 19:40:53 770] tts        657  TTS_MSG_GETAUDIO  0  
[2023/05/06 19:40:53 770] tts        485  get audio|use local  
[2023/05/06 19:40:53 770] tts        527  0  nil  1  
[2023/05/06 19:40:53 771] tts        657  TTS_MSG_GETAUDIO  0  
[2023/05/06 19:40:53 771] tts        485  get audio|use local  
[2023/05/06 19:40:53 771] tts        527  0  nil  1  
[2023/05/06 19:40:53 772] tts        657  TTS_MSG_GETAUDIO  0  
[2023/05/06 19:40:53 772] tts        485  get audio|use local  
[2023/05/06 19:40:53 772] tts        527  0  nil  1  
[2023/05/06 19:40:53 773] tts        657  TTS_MSG_GETAUDIO  0  
[2023/05/06 19:40:53 773] tts        485  get audio|use local  
[2023/05/06 19:40:53 773] tts        527  0  nil  1  
[2023/05/06 19:40:53 774] tts        657  TTS_MSG_GETAUDIO  0  
[2023/05/06 19:40:53 774] tts        485  get audio|use local  
[2023/05/06 19:40:53 774] tts        527  0  nil  1  
[2023/05/06 19:40:53 775] tts        657  TTS_MSG_GETAUDIO  0  
[2023/05/06 19:40:53 775] tts        485  get audio|use local  
[2023/05/06 19:40:53 775] tts        527  0  nil  1  
[2023/05/06 19:40:53 776] tts        657  TTS_MSG_GETAUDIO  0  
[2023/05/06 19:40:53 776] tts        485  get audio|use local  
[2023/05/06 19:40:53 776] tts        527  0  nil  1  
[2023/05/06 19:40:53 777] tts        657  TTS_MSG_GETAUDIO  0  
[2023/05/06 19:40:53 777] tts        485  get audio|use local  
[2023/05/06 19:40:53 777] tts        527  0  nil  1  
[2023/05/06 19:40:53 778] tts        657  TTS_MSG_GETAUDIO  0  
[2023/05/06 19:40:53 778] tts        485  get audio|use local  
[2023/05/06 19:40:53 778] tts        527  0  nil  1  
[2023/05/06 19:40:53 779] tts        657  TTS_MSG_GETAUDIO  0  
[2023/05/06 19:40:53 779] tts        485  get audio|use local  
[2023/05/06 19:40:53 779] tts        527  0  nil  1  
[2023/05/06 19:40:53 780] tts        657  TTS_MSG_GETAUDIO  0  
[2023/05/06 19:40:53 780] tts        485  get audio|use local  
[2023/05/06 19:40:53 781] tts        527  0  nil  1  
[2023/05/06 19:40:53 783] tts        657  TTS_MSG_GETAUDIO  0  
[2023/05/06 19:40:53 783] tts        485  get audio|use local  
[2023/05/06 19:40:53 784] tts        527  0  nil  1  
[2023/05/06 19:40:53 785] tts        657  TTS_MSG_GETAUDIO  0  
[2023/05/06 19:40:53 785] tts        485  get audio|use local  
[2023/05/06 19:40:53 785] tts        527  0  nil  1  
[2023/05/06 19:40:53 786] tts        657  TTS_MSG_GETAUDIO  0  
[2023/05/06 19:40:53 786] tts        485  get audio|use local  
[2023/05/06 19:40:53 786] tts        527  0  nil  1  
[2023/05/06 19:40:53 787] tts        657  TTS_MSG_GETAUDIO  0  
[2023/05/06 19:40:53 788] tts        485  get audio|use local  
[2023/05/06 19:40:53 788] tts        527  0  nil  1  
[2023/05/06 19:40:53 789] tts        657  TTS_MSG_GETAUDIO  0  
[2023/05/06 19:40:53 789] tts        485  get audio|use local  
[2023/05/06 19:40:53 789] tts        527  0  nil  1  
[2023/05/06 19:40:53 791] tts        657  TTS_MSG_GETAUDIO  0  
[2023/05/06 19:40:53 791] tts        485  get audio|use local  
[2023/05/06 19:40:53 791] tts        527  0  nil  1  
[2023/05/06 19:40:53 792] tts        657  TTS_MSG_GETAUDIO  0  
[2023/05/06 19:40:53 792] tts        485  get audio|use local  
[2023/05/06 19:40:53 793] tts        527  0  nil  1  
[2023/05/06 19:40:53 794] tts        657  TTS_MSG_GETAUDIO  0  
[2023/05/06 19:40:53 794] tts        485  get audio|use local  
[2023/05/06 19:40:53 794] tts        527  0  nil  1  
[2023/05/06 19:40:53 794] tts        657  TTS_MSG_GETAUDIO  0  
[2023/05/06 19:40:53 794] tts        485  get audio|use local  
[2023/05/06 19:40:53 795] tts        527  0  nil  1  
[2023/05/06 19:40:53 801] tts        299  TTS_LOCAL_CB_BEGIN  
[2023/05/06 19:40:53 801] tts        657  TTS_MSG_GETAUDIO  0  
[2023/05/06 19:40:53 802] tts        485  get audio|use local  
[2023/05/06 19:40:53 802] tts        527  0  nil  1  
[2023/05/06 19:40:53 807] tts        657  TTS_MSG_GETAUDIO  0  
[2023/05/06 19:40:53 807] tts        485  get audio|use local  
[2023/05/06 19:40:53 807] tts        527  0  nil  1  
[2023/05/06 19:40:53 808] tts        657  TTS_MSG_GETAUDIO  0  
[2023/05/06 19:40:53 808] tts        485  get audio|use local  
[2023/05/06 19:40:53 808] tts        527  0  nil  1  
[2023/05/06 19:40:53 809] tts        657  TTS_MSG_GETAUDIO  0  
[2023/05/06 19:40:53 809] tts        485  get audio|use local  
[2023/05/06 19:40:53 809] tts        527  0  nil  1  
[2023/05/06 19:40:53 810] tts        657  TTS_MSG_GETAUDIO  0  
[2023/05/06 19:40:53 810] tts        485  get audio|use local  
[2023/05/06 19:40:53 810] tts        527  0  nil  1  
[2023/05/06 19:40:53 811] tts        657  TTS_MSG_GETAUDIO  0  
[2023/05/06 19:40:53 811] tts        485  get audio|use local  
[2023/05/06 19:40:53 812] tts        527  0  nil  1  
[2023/05/06 19:40:53 812] tts        657  TTS_MSG_GETAUDIO  0  
[2023/05/06 19:40:53 812] tts        485  get audio|use local  
[2023/05/06 19:40:53 813] tts        527  0  nil  1  
[2023/05/06 19:40:53 813] tts        657  TTS_MSG_GETAUDIO  0  
[2023/05/06 19:40:53 813] tts        485  get audio|use local  
[2023/05/06 19:40:53 814] tts        527  0  nil  1  
[2023/05/06 19:40:53 814] tts        657  TTS_MSG_GETAUDIO  0  
[2023/05/06 19:40:53 815] tts        485  get audio|use local  
[2023/05/06 19:40:53 815] tts        527  0  nil  1  
[2023/05/06 19:40:53 815] tts        657  TTS_MSG_GETAUDIO  0  
[2023/05/06 19:40:53 816] tts        485  get audio|use local  
[2023/05/06 19:40:53 816] tts        527  0  nil  1  
[2023/05/06 19:40:53 816] tts        657  TTS_MSG_GETAUDIO  0  
[2023/05/06 19:40:53 816] tts        485  get audio|use local  
[2023/05/06 19:40:53 817] tts        527  0  nil  1  
[2023/05/06 19:40:53 817] tts        657  TTS_MSG_GETAUDIO  0  
[2023/05/06 19:40:53 817] tts        485  get audio|use local  
[2023/05/06 19:40:53 818] tts        527  0  nil  1  
[2023/05/06 19:40:53 819] tts        657  TTS_MSG_GETAUDIO  0  
[2023/05/06 19:40:53 819] tts        485  get audio|use local  
[2023/05/06 19:40:53 819] tts        527  0  nil  1  
[2023/05/06 19:40:53 819] tts        657  TTS_MSG_GETAUDIO  0  
[2023/05/06 19:40:53 820] tts        485  get audio|use local  
[2023/05/06 19:40:53 820] tts        527  0  nil  1  
[2023/05/06 19:40:53 821] tts        657  TTS_MSG_GETAUDIO  0  
[2023/05/06 19:40:53 821] tts        485  get audio|use local  
[2023/05/06 19:40:53 821] tts        527  0  nil  1  
[2023/05/06 19:40:53 823] tts        657  TTS_MSG_GETAUDIO  0  
[2023/05/06 19:40:53 823] tts        485  get audio|use local  
[2023/05/06 19:40:53 823] tts        527  0  nil  1  
[2023/05/06 19:40:53 824] tts        657  TTS_MSG_GETAUDIO  0  
[2023/05/06 19:40:53 825] tts        485  get audio|use local  
[2023/05/06 19:40:53 825] tts        527  0  nil  1  
[2023/05/06 19:40:53 827] tts        657  TTS_MSG_GETAUDIO  0  
[2023/05/06 19:40:53 827] tts        485  get audio|use local  
[2023/05/06 19:40:53 827] tts        498  local audiolen:  1968  ,ced:  25  
[2023/05/06 19:40:53 827] tts        527  0  udata(7c07cb48) 1  
[2023/05/06 19:40:53 829] tts        657  TTS_MSG_GETAUDIO  0  
[2023/05/06 19:40:53 829] tts        485  get audio|use local  
[2023/05/06 19:40:53 829] tts        498  local audiolen:  1954  ,ced:  25  
[2023/05/06 19:40:53 830] tts        527  0  udata(7c07cd58) 1  
[2023/05/06 19:40:53 832] tts        657  TTS_MSG_GETAUDIO  0  
[2023/05/06 19:40:53 833] tts        485  get audio|use local  
[2023/05/06 19:40:53 833] tts        498  local audiolen:  1922  ,ced:  25  
[2023/05/06 19:40:53 833] tts        527  0  udata(7c07d2a8) 1  
[2023/05/06 19:40:53 836] tts        657  TTS_MSG_GETAUDIO  0  
[2023/05/06 19:40:53 836] tts        485  get audio|use local  
[2023/05/06 19:40:53 836] tts        498  local audiolen:  2002  ,ced:  25  
[2023/05/06 19:40:53 836] tts        527  0  udata(7c07f088) 1  
[2023/05/06 19:40:53 838] tts        657  TTS_MSG_GETAUDIO  0  
[2023/05/06 19:40:53 839] tts        485  get audio|use local  
[2023/05/06 19:40:53 839] tts        498  local audiolen:  1968  ,ced:  25  
[2023/05/06 19:40:53 839] tts        527  0  udata(7c07f3d8) 1  
[2023/05/06 19:40:53 842] tts        657  TTS_MSG_GETAUDIO  0  
[2023/05/06 19:40:53 842] tts        485  get audio|use local  
[2023/05/06 19:40:53 843] tts        498  local audiolen:  2026  ,ced:  25  
[2023/05/06 19:40:53 843] tts        527  0  udata(7c07f728) 1  
[2023/05/06 19:40:53 843] tts        301  0  0  
[2023/05/06 19:40:53 843] tts        312  TTS_LOCAL_CB_END,  2  
[2023/05/06 19:40:53 844] tts        657  TTS_MSG_GETAUDIO  0  
[2023/05/06 19:40:53 844] tts        485  get audio|use local  
[2023/05/06 19:40:53 844] tts        498  local audiolen:  1928  ,ced:  25  
[2023/05/06 19:40:53 844] tts        527  0  udata(7c07f038) 1  
[2023/05/06 19:40:53 845] tts        657  TTS_MSG_GETAUDIO  0  
[2023/05/06 19:40:53 845] tts        485  get audio|use local  
[2023/05/06 19:40:53 845] tts        498  local audiolen:  1958  ,ced:  25  
[2023/05/06 19:40:53 845] tts        527  0  udata(7c07f7c8) 1  
[2023/05/06 19:40:53 845] tts        657  TTS_MSG_GETAUDIO  0  
[2023/05/06 19:40:53 845] tts        485  get audio|use local  
[2023/05/06 19:40:53 846] tts        498  local audiolen:  1994  ,ced:  25  
[2023/05/06 19:40:53 846] tts        527  0  udata(7c07dd98) 1  
[2023/05/06 19:40:53 846] tts        657  TTS_MSG_GETAUDIO  0  
[2023/05/06 19:40:53 846] tts        485  get audio|use local  
[2023/05/06 19:40:53 846] tts        498  local audiolen:  2002  ,ced:  25  
[2023/05/06 19:40:53 847] tts        527  0  udata(7c07dde8) 1  
[2023/05/06 19:40:53 849] tts        657  TTS_MSG_GETAUDIO  0  
[2023/05/06 19:40:53 849] tts        485  get audio|use local  
[2023/05/06 19:40:53 849] tts        498  local audiolen:  2020  ,ced:  25  
[2023/05/06 19:40:53 849] tts        527  0  udata(7c07de38) 1  
[2023/05/06 19:40:53 850] tts        657  TTS_MSG_GETAUDIO  0  
[2023/05/06 19:40:53 850] tts        485  get audio|use local  
[2023/05/06 19:40:53 850] tts        498  local audiolen:  2028  ,ced:  25  
[2023/05/06 19:40:53 852] tts        527  0  udata(7c07de88) 1  
[2023/05/06 19:40:53 852] tts        657  TTS_MSG_GETAUDIO  0  
[2023/05/06 19:40:53 853] tts        485  get audio|use local  
[2023/05/06 19:40:53 853] tts        498  local audiolen:  2040  ,ced:  25  
[2023/05/06 19:40:53 853] tts        527  0  udata(7c07ded8) 1  
[2023/05/06 19:40:53 854] tts        657  TTS_MSG_GETAUDIO  0  
[2023/05/06 19:40:53 854] tts        485  get audio|use local  
[2023/05/06 19:40:53 854] tts        498  local audiolen:  2018  ,ced:  25  
[2023/05/06 19:40:53 854] tts        527  0  udata(7c07df28) 1  
[2023/05/06 19:40:53 854] tts        657  TTS_MSG_GETAUDIO  0  
[2023/05/06 19:40:53 855] tts        485  get audio|use local  
[2023/05/06 19:40:53 855] tts        498  local audiolen:  1974  ,ced:  25  
[2023/05/06 19:40:53 855] tts        527  0  udata(7c07df78) 1  
[2023/05/06 19:40:53 855] tts        657  TTS_MSG_GETAUDIO  0  
[2023/05/06 19:40:53 855] tts        485  get audio|use local  
[2023/05/06 19:40:53 855] tts        498  local audiolen:  1982  ,ced:  25  
[2023/05/06 19:40:53 856] tts        527  0  udata(7c07c7e8) 1  
[2023/05/06 19:40:53 856] tts        657  TTS_MSG_GETAUDIO  0  
[2023/05/06 19:40:53 856] tts        485  get audio|use local  
[2023/05/06 19:40:53 856] tts        498  local audiolen:  1958  ,ced:  25  
[2023/05/06 19:40:53 856] tts        527  0  udata(7c07dfc8) 1  
[2023/05/06 19:40:53 857] tts        657  TTS_MSG_GETAUDIO  0  
[2023/05/06 19:40:53 857] tts        485  get audio|use local  
[2023/05/06 19:40:53 857] tts        498  local audiolen:  1894  ,ced:  25  
[2023/05/06 19:40:53 857] tts        527  0  udata(7c07e018) 1  
[2023/05/06 19:40:53 858] tts        657  TTS_MSG_GETAUDIO  0  
[2023/05/06 19:40:53 858] tts        485  get audio|use local  
[2023/05/06 19:40:53 858] tts        498  local audiolen:  1956  ,ced:  25  
[2023/05/06 19:40:53 858] tts        527  0  udata(7c07e068) 1  
[2023/05/06 19:40:53 859] tts        657  TTS_MSG_GETAUDIO  0  
[2023/05/06 19:40:53 859] tts        485  get audio|use local  
[2023/05/06 19:40:53 859] tts        498  local audiolen:  1960  ,ced:  25  
[2023/05/06 19:40:53 859] tts        527  0  udata(7c07e0b8) 1  
[2023/05/06 19:40:53 859] tts        657  TTS_MSG_GETAUDIO  0  
[2023/05/06 19:40:53 860] tts        485  get audio|use local  
[2023/05/06 19:40:53 860] tts        498  local audiolen:  1300  ,ced:  25  
[2023/05/06 19:40:53 860] tts        527  0  udata(7c07edc8) 2  
[2023/05/06 19:40:53 861] tts        660  TTS_MSG_SSE  
[2023/05/06 19:40:53 862] tts        585  sse|use local  
[2023/05/06 19:40:53 863] tts        603  tts exit  
