============================================================
Time  2023/03/19 19:57:50 464 
============================================================
[2023/03/19 19:57:50 464] tts        676  SYS_MSG_REGCB param0 =  msp_status_cb  param1 =  func(74014a30) 
[2023/03/19 19:57:50 468] config     43   use general cloud  
[2023/03/19 19:57:50 474] tts_cloud  1417 SYS_MSG_REGCB_CLOUD param0 =   msp_status_cb  param1 =  func(74014a30) 
[2023/03/19 19:57:50 475] tts        647  TTS_MSG_SSB  
[2023/03/19 19:57:50 475] tts        375  params =  engine_type = local,voice_name=xiaoyan, text_encoding = UTF8, tts_res_path = fo|res/tts/xiaoyan.jet;fo|res/tts/common.jet, sample_rate = 16000, speed = 50, volume = 50, pitch = 50, rdn = 2  
[2023/03/19 19:57:50 475] tts        412  ssb|use local  
[2023/03/19 19:57:50 476] tts        349  local_session_begin  
[2023/03/19 19:57:50 484] tts        654  TTS_MSG_SYN  0  
[2023/03/19 19:57:50 484] tts        451  synth|use local  
[2023/03/19 19:57:50 486] tts        657  TTS_MSG_GETAUDIO  0  
[2023/03/19 19:57:50 486] tts        485  get audio|use local  
[2023/03/19 19:57:50 486] tts        527  0  nil  1  
[2023/03/19 19:57:50 491] tts        657  TTS_MSG_GETAUDIO  0  
[2023/03/19 19:57:50 491] tts        485  get audio|use local  
[2023/03/19 19:57:50 491] tts        527  0  nil  1  
[2023/03/19 19:57:50 492] tts        657  TTS_MSG_GETAUDIO  0  
[2023/03/19 19:57:50 492] tts        485  get audio|use local  
[2023/03/19 19:57:50 492] tts        527  0  nil  1  
[2023/03/19 19:57:50 496] tts        657  TTS_MSG_GETAUDIO  0  
[2023/03/19 19:57:50 496] tts        485  get audio|use local  
[2023/03/19 19:57:50 497] tts        527  0  nil  1  
[2023/03/19 19:57:50 498] tts        657  TTS_MSG_GETAUDIO  0  
[2023/03/19 19:57:50 498] tts        485  get audio|use local  
[2023/03/19 19:57:50 498] tts        527  0  nil  1  
[2023/03/19 19:57:50 499] tts        657  TTS_MSG_GETAUDIO  0  
[2023/03/19 19:57:50 499] tts        485  get audio|use local  
[2023/03/19 19:57:50 499] tts        527  0  nil  1  
[2023/03/19 19:57:50 500] tts        657  TTS_MSG_GETAUDIO  0  
[2023/03/19 19:57:50 500] tts        485  get audio|use local  
[2023/03/19 19:57:50 502] tts        527  0  nil  1  
[2023/03/19 19:57:50 503] tts        657  TTS_MSG_GETAUDIO  0  
[2023/03/19 19:57:50 503] tts        485  get audio|use local  
[2023/03/19 19:57:50 503] tts        527  0  nil  1  
[2023/03/19 19:57:50 505] tts        657  TTS_MSG_GETAUDIO  0  
[2023/03/19 19:57:50 505] tts        485  get audio|use local  
[2023/03/19 19:57:50 505] tts        527  0  nil  1  
[2023/03/19 19:57:50 506] tts        657  TTS_MSG_GETAUDIO  0  
[2023/03/19 19:57:50 506] tts        485  get audio|use local  
[2023/03/19 19:57:50 506] tts        527  0  nil  1  
[2023/03/19 19:57:50 506] tts        657  TTS_MSG_GETAUDIO  0  
[2023/03/19 19:57:50 506] tts        485  get audio|use local  
[2023/03/19 19:57:50 507] tts        527  0  nil  1  
[2023/03/19 19:57:50 507] tts        657  TTS_MSG_GETAUDIO  0  
[2023/03/19 19:57:50 507] tts        485  get audio|use local  
[2023/03/19 19:57:50 508] tts        527  0  nil  1  
[2023/03/19 19:57:50 508] tts        657  TTS_MSG_GETAUDIO  0  
[2023/03/19 19:57:50 509] tts        485  get audio|use local  
[2023/03/19 19:57:50 509] tts        527  0  nil  1  
[2023/03/19 19:57:50 510] tts        657  TTS_MSG_GETAUDIO  0  
[2023/03/19 19:57:50 510] tts        485  get audio|use local  
[2023/03/19 19:57:50 510] tts        527  0  nil  1  
[2023/03/19 19:57:50 511] tts        657  TTS_MSG_GETAUDIO  0  
[2023/03/19 19:57:50 511] tts        485  get audio|use local  
[2023/03/19 19:57:50 511] tts        527  0  nil  1  
[2023/03/19 19:57:50 512] tts        657  TTS_MSG_GETAUDIO  0  
[2023/03/19 19:57:50 512] tts        485  get audio|use local  
[2023/03/19 19:57:50 512] tts        527  0  nil  1  
[2023/03/19 19:57:50 513] tts        657  TTS_MSG_GETAUDIO  0  
[2023/03/19 19:57:50 513] tts        485  get audio|use local  
[2023/03/19 19:57:50 513] tts        527  0  nil  1  
[2023/03/19 19:57:50 514] tts        657  TTS_MSG_GETAUDIO  0  
[2023/03/19 19:57:50 514] tts        485  get audio|use local  
[2023/03/19 19:57:50 515] tts        527  0  nil  1  
[2023/03/19 19:57:50 516] tts        657  TTS_MSG_GETAUDIO  0  
[2023/03/19 19:57:50 516] tts        485  get audio|use local  
[2023/03/19 19:57:50 516] tts        527  0  nil  1  
[2023/03/19 19:57:50 518] tts        657  TTS_MSG_GETAUDIO  0  
[2023/03/19 19:57:50 518] tts        485  get audio|use local  
[2023/03/19 19:57:50 518] tts        527  0  nil  1  
[2023/03/19 19:57:50 520] tts        657  TTS_MSG_GETAUDIO  0  
[2023/03/19 19:57:50 520] tts        485  get audio|use local  
[2023/03/19 19:57:50 520] tts        527  0  nil  1  
[2023/03/19 19:57:50 521] tts        657  TTS_MSG_GETAUDIO  0  
[2023/03/19 19:57:50 521] tts        485  get audio|use local  
[2023/03/19 19:57:50 521] tts        527  0  nil  1  
[2023/03/19 19:57:50 522] tts        657  TTS_MSG_GETAUDIO  0  
[2023/03/19 19:57:50 522] tts        485  get audio|use local  
[2023/03/19 19:57:50 522] tts        527  0  nil  1  
[2023/03/19 19:57:50 523] tts        657  TTS_MSG_GETAUDIO  0  
[2023/03/19 19:57:50 523] tts        485  get audio|use local  
[2023/03/19 19:57:50 523] tts        527  0  nil  1  
[2023/03/19 19:57:50 526] tts        657  TTS_MSG_GETAUDIO  0  
[2023/03/19 19:57:50 526] tts        485  get audio|use local  
[2023/03/19 19:57:50 526] tts        527  0  nil  1  
[2023/03/19 19:57:50 527] tts        657  TTS_MSG_GETAUDIO  0  
[2023/03/19 19:57:50 527] tts        485  get audio|use local  
[2023/03/19 19:57:50 527] tts        527  0  nil  1  
[2023/03/19 19:57:50 528] tts        657  TTS_MSG_GETAUDIO  0  
[2023/03/19 19:57:50 528] tts        485  get audio|use local  
[2023/03/19 19:57:50 528] tts        527  0  nil  1  
[2023/03/19 19:57:50 529] tts        657  TTS_MSG_GETAUDIO  0  
[2023/03/19 19:57:50 530] tts        485  get audio|use local  
[2023/03/19 19:57:50 530] tts        527  0  nil  1  
[2023/03/19 19:57:50 530] tts        657  TTS_MSG_GETAUDIO  0  
[2023/03/19 19:57:50 531] tts        485  get audio|use local  
[2023/03/19 19:57:50 531] tts        527  0  nil  1  
[2023/03/19 19:57:50 531] tts        657  TTS_MSG_GETAUDIO  0  
[2023/03/19 19:57:50 531] tts        485  get audio|use local  
[2023/03/19 19:57:50 532] tts        527  0  nil  1  
[2023/03/19 19:57:50 532] tts        657  TTS_MSG_GETAUDIO  0  
[2023/03/19 19:57:50 532] tts        485  get audio|use local  
[2023/03/19 19:57:50 532] tts        527  0  nil  1  
[2023/03/19 19:57:50 533] tts        657  TTS_MSG_GETAUDIO  0  
[2023/03/19 19:57:50 533] tts        485  get audio|use local  
[2023/03/19 19:57:50 534] tts        527  0  nil  1  
[2023/03/19 19:57:50 534] tts        657  TTS_MSG_GETAUDIO  0  
[2023/03/19 19:57:50 534] tts        485  get audio|use local  
[2023/03/19 19:57:50 535] tts        527  0  nil  1  
[2023/03/19 19:57:50 535] tts        657  TTS_MSG_GETAUDIO  0  
[2023/03/19 19:57:50 536] tts        485  get audio|use local  
[2023/03/19 19:57:50 536] tts        527  0  nil  1  
[2023/03/19 19:57:50 538] tts        657  TTS_MSG_GETAUDIO  0  
[2023/03/19 19:57:50 539] tts        485  get audio|use local  
[2023/03/19 19:57:50 539] tts        527  0  nil  1  
[2023/03/19 19:57:50 541] tts        657  TTS_MSG_GETAUDIO  0  
[2023/03/19 19:57:50 541] tts        485  get audio|use local  
[2023/03/19 19:57:50 541] tts        527  0  nil  1  
[2023/03/19 19:57:50 546] tts        657  TTS_MSG_GETAUDIO  0  
[2023/03/19 19:57:50 546] tts        485  get audio|use local  
[2023/03/19 19:57:50 546] tts        527  0  nil  1  
[2023/03/19 19:57:50 547] tts        657  TTS_MSG_GETAUDIO  0  
[2023/03/19 19:57:50 547] tts        485  get audio|use local  
[2023/03/19 19:57:50 547] tts        527  0  nil  1  
[2023/03/19 19:57:50 548] tts        657  TTS_MSG_GETAUDIO  0  
[2023/03/19 19:57:50 548] tts        485  get audio|use local  
[2023/03/19 19:57:50 548] tts        527  0  nil  1  
[2023/03/19 19:57:50 550] tts        657  TTS_MSG_GETAUDIO  0  
[2023/03/19 19:57:50 550] tts        485  get audio|use local  
[2023/03/19 19:57:50 550] tts        527  0  nil  1  
[2023/03/19 19:57:50 553] tts        657  TTS_MSG_GETAUDIO  0  
[2023/03/19 19:57:50 553] tts        485  get audio|use local  
[2023/03/19 19:57:50 554] tts        527  0  nil  1  
[2023/03/19 19:57:50 556] tts        657  TTS_MSG_GETAUDIO  0  
[2023/03/19 19:57:50 556] tts        485  get audio|use local  
[2023/03/19 19:57:50 556] tts        527  0  nil  1  
[2023/03/19 19:57:50 557] tts        657  TTS_MSG_GETAUDIO  0  
[2023/03/19 19:57:50 558] tts        485  get audio|use local  
[2023/03/19 19:57:50 558] tts        527  0  nil  1  
[2023/03/19 19:57:50 560] tts        657  TTS_MSG_GETAUDIO  0  
[2023/03/19 19:57:50 560] tts        485  get audio|use local  
[2023/03/19 19:57:50 560] tts        527  0  nil  1  
[2023/03/19 19:57:50 561] tts        657  TTS_MSG_GETAUDIO  0  
[2023/03/19 19:57:50 561] tts        485  get audio|use local  
[2023/03/19 19:57:50 561] tts        527  0  nil  1  
[2023/03/19 19:57:50 562] tts        657  TTS_MSG_GETAUDIO  0  
[2023/03/19 19:57:50 562] tts        485  get audio|use local  
[2023/03/19 19:57:50 562] tts        527  0  nil  1  
[2023/03/19 19:57:50 568] tts        657  TTS_MSG_GETAUDIO  0  
[2023/03/19 19:57:50 568] tts        485  get audio|use local  
[2023/03/19 19:57:50 568] tts        527  0  nil  1  
[2023/03/19 19:57:50 580] tts        657  TTS_MSG_GETAUDIO  0  
[2023/03/19 19:57:50 581] tts        485  get audio|use local  
[2023/03/19 19:57:50 583] tts        527  0  nil  1  
[2023/03/19 19:57:50 585] tts        657  TTS_MSG_GETAUDIO  0  
[2023/03/19 19:57:50 585] tts        485  get audio|use local  
[2023/03/19 19:57:50 585] tts        527  0  nil  1  
[2023/03/19 19:57:50 586] tts        657  TTS_MSG_GETAUDIO  0  
[2023/03/19 19:57:50 586] tts        485  get audio|use local  
[2023/03/19 19:57:50 587] tts        527  0  nil  1  
[2023/03/19 19:57:50 588] tts        657  TTS_MSG_GETAUDIO  0  
[2023/03/19 19:57:50 588] tts        485  get audio|use local  
[2023/03/19 19:57:50 588] tts        527  0  nil  1  
[2023/03/19 19:57:50 589] tts        657  TTS_MSG_GETAUDIO  0  
[2023/03/19 19:57:50 589] tts        485  get audio|use local  
[2023/03/19 19:57:50 589] tts        527  0  nil  1  
[2023/03/19 19:57:50 590] tts        657  TTS_MSG_GETAUDIO  0  
[2023/03/19 19:57:50 590] tts        485  get audio|use local  
[2023/03/19 19:57:50 590] tts        527  0  nil  1  
[2023/03/19 19:57:50 591] tts        657  TTS_MSG_GETAUDIO  0  
[2023/03/19 19:57:50 591] tts        485  get audio|use local  
[2023/03/19 19:57:50 591] tts        527  0  nil  1  
[2023/03/19 19:57:50 592] tts        657  TTS_MSG_GETAUDIO  0  
[2023/03/19 19:57:50 592] tts        485  get audio|use local  
[2023/03/19 19:57:50 592] tts        527  0  nil  1  
[2023/03/19 19:57:50 592] tts        657  TTS_MSG_GETAUDIO  0  
[2023/03/19 19:57:50 592] tts        485  get audio|use local  
[2023/03/19 19:57:50 592] tts        527  0  nil  1  
[2023/03/19 19:57:50 593] tts        657  TTS_MSG_GETAUDIO  0  
[2023/03/19 19:57:50 593] tts        485  get audio|use local  
[2023/03/19 19:57:50 593] tts        527  0  nil  1  
[2023/03/19 19:57:50 594] tts        657  TTS_MSG_GETAUDIO  0  
[2023/03/19 19:57:50 594] tts        485  get audio|use local  
[2023/03/19 19:57:50 594] tts        527  0  nil  1  
[2023/03/19 19:57:50 595] tts        657  TTS_MSG_GETAUDIO  0  
[2023/03/19 19:57:50 595] tts        485  get audio|use local  
[2023/03/19 19:57:50 595] tts        527  0  nil  1  
[2023/03/19 19:57:50 596] tts        657  TTS_MSG_GETAUDIO  0  
[2023/03/19 19:57:50 596] tts        485  get audio|use local  
[2023/03/19 19:57:50 596] tts        527  0  nil  1  
[2023/03/19 19:57:50 597] tts        657  TTS_MSG_GETAUDIO  0  
[2023/03/19 19:57:50 597] tts        485  get audio|use local  
[2023/03/19 19:57:50 597] tts        527  0  nil  1  
[2023/03/19 19:57:50 598] tts        657  TTS_MSG_GETAUDIO  0  
[2023/03/19 19:57:50 598] tts        485  get audio|use local  
[2023/03/19 19:57:50 598] tts        527  0  nil  1  
[2023/03/19 19:57:50 599] tts        657  TTS_MSG_GETAUDIO  0  
[2023/03/19 19:57:50 599] tts        485  get audio|use local  
[2023/03/19 19:57:50 599] tts        527  0  nil  1  
[2023/03/19 19:57:50 600] tts        657  TTS_MSG_GETAUDIO  0  
[2023/03/19 19:57:50 600] tts        485  get audio|use local  
[2023/03/19 19:57:50 600] tts        527  0  nil  1  
[2023/03/19 19:57:50 601] tts        657  TTS_MSG_GETAUDIO  0  
[2023/03/19 19:57:50 601] tts        485  get audio|use local  
[2023/03/19 19:57:50 601] tts        527  0  nil  1  
[2023/03/19 19:57:50 602] tts        657  TTS_MSG_GETAUDIO  0  
[2023/03/19 19:57:50 602] tts        485  get audio|use local  
[2023/03/19 19:57:50 602] tts        527  0  nil  1  
[2023/03/19 19:57:50 603] tts        657  TTS_MSG_GETAUDIO  0  
[2023/03/19 19:57:50 603] tts        485  get audio|use local  
[2023/03/19 19:57:50 603] tts        527  0  nil  1  
[2023/03/19 19:57:50 605] tts        657  TTS_MSG_GETAUDIO  0  
[2023/03/19 19:57:50 605] tts        485  get audio|use local  
[2023/03/19 19:57:50 605] tts        527  0  nil  1  
[2023/03/19 19:57:50 606] tts        657  TTS_MSG_GETAUDIO  0  
[2023/03/19 19:57:50 606] tts        485  get audio|use local  
[2023/03/19 19:57:50 606] tts        527  0  nil  1  
[2023/03/19 19:57:50 606] tts        657  TTS_MSG_GETAUDIO  0  
[2023/03/19 19:57:50 606] tts        485  get audio|use local  
[2023/03/19 19:57:50 607] tts        527  0  nil  1  
[2023/03/19 19:57:50 607] tts        657  TTS_MSG_GETAUDIO  0  
[2023/03/19 19:57:50 607] tts        485  get audio|use local  
[2023/03/19 19:57:50 607] tts        527  0  nil  1  
[2023/03/19 19:57:50 608] tts        657  TTS_MSG_GETAUDIO  0  
[2023/03/19 19:57:50 608] tts        485  get audio|use local  
[2023/03/19 19:57:50 608] tts        527  0  nil  1  
[2023/03/19 19:57:50 609] tts        657  TTS_MSG_GETAUDIO  0  
[2023/03/19 19:57:50 609] tts        485  get audio|use local  
[2023/03/19 19:57:50 609] tts        527  0  nil  1  
[2023/03/19 19:57:50 610] tts        657  TTS_MSG_GETAUDIO  0  
[2023/03/19 19:57:50 611] tts        485  get audio|use local  
[2023/03/19 19:57:50 611] tts        527  0  nil  1  
[2023/03/19 19:57:50 611] tts        657  TTS_MSG_GETAUDIO  0  
[2023/03/19 19:57:50 612] tts        485  get audio|use local  
[2023/03/19 19:57:50 612] tts        527  0  nil  1  
[2023/03/19 19:57:50 612] tts        657  TTS_MSG_GETAUDIO  0  
[2023/03/19 19:57:50 612] tts        485  get audio|use local  
[2023/03/19 19:57:50 612] tts        527  0  nil  1  
[2023/03/19 19:57:50 613] tts        657  TTS_MSG_GETAUDIO  0  
[2023/03/19 19:57:50 613] tts        485  get audio|use local  
[2023/03/19 19:57:50 613] tts        527  0  nil  1  
[2023/03/19 19:57:50 615] tts        657  TTS_MSG_GETAUDIO  0  
[2023/03/19 19:57:50 615] tts        485  get audio|use local  
[2023/03/19 19:57:50 615] tts        527  0  nil  1  
[2023/03/19 19:57:50 616] tts        299  TTS_LOCAL_CB_BEGIN  
[2023/03/19 19:57:50 617] tts        657  TTS_MSG_GETAUDIO  0  
[2023/03/19 19:57:50 617] tts        485  get audio|use local  
[2023/03/19 19:57:50 617] tts        498  local audiolen:  1986  ,ced:  3  
[2023/03/19 19:57:50 617] tts        527  0  udata(74070ba8) 1  
[2023/03/19 19:57:50 618] tts        657  TTS_MSG_GETAUDIO  0  
[2023/03/19 19:57:50 618] tts        485  get audio|use local  
[2023/03/19 19:57:50 618] tts        527  0  nil  1  
[2023/03/19 19:57:50 619] tts        657  TTS_MSG_GETAUDIO  0  
[2023/03/19 19:57:50 620] tts        485  get audio|use local  
[2023/03/19 19:57:50 620] tts        527  0  nil  1  
[2023/03/19 19:57:50 621] tts        657  TTS_MSG_GETAUDIO  0  
[2023/03/19 19:57:50 621] tts        485  get audio|use local  
[2023/03/19 19:57:50 622] tts        498  local audiolen:  2020  ,ced:  3  
[2023/03/19 19:57:50 622] tts        527  0  udata(74070c98) 1  
[2023/03/19 19:57:50 622] tts        657  TTS_MSG_GETAUDIO  0  
[2023/03/19 19:57:50 622] tts        485  get audio|use local  
[2023/03/19 19:57:50 623] tts        527  0  nil  1  
[2023/03/19 19:57:50 624] tts        657  TTS_MSG_GETAUDIO  0  
[2023/03/19 19:57:50 625] tts        485  get audio|use local  
[2023/03/19 19:57:50 625] tts        498  local audiolen:  1976  ,ced:  3  
[2023/03/19 19:57:50 625] tts        527  0  udata(7407d988) 1  
[2023/03/19 19:57:50 630] tts        657  TTS_MSG_GETAUDIO  0  
[2023/03/19 19:57:50 630] tts        485  get audio|use local  
[2023/03/19 19:57:50 630] tts        498  local audiolen:  1958  ,ced:  3  
[2023/03/19 19:57:50 630] tts        527  0  udata(7407de68) 1  
[2023/03/19 19:57:50 635] tts        301  0  0  
[2023/03/19 19:57:50 636] tts        312  TTS_LOCAL_CB_END,  2  
[2023/03/19 19:57:50 637] tts        657  TTS_MSG_GETAUDIO  0  
[2023/03/19 19:57:50 637] tts        485  get audio|use local  
[2023/03/19 19:57:50 637] tts        498  local audiolen:  1942  ,ced:  3  
[2023/03/19 19:57:50 637] tts        527  0  udata(7407e468) 1  
[2023/03/19 19:57:50 638] tts        657  TTS_MSG_GETAUDIO  0  
[2023/03/19 19:57:50 638] tts        485  get audio|use local  
[2023/03/19 19:57:50 638] tts        498  local audiolen:  1900  ,ced:  3  
[2023/03/19 19:57:50 638] tts        527  0  udata(7407d938) 1  
[2023/03/19 19:57:50 639] tts        657  TTS_MSG_GETAUDIO  0  
[2023/03/19 19:57:50 639] tts        485  get audio|use local  
[2023/03/19 19:57:50 640] tts        498  local audiolen:  1920  ,ced:  3  
[2023/03/19 19:57:50 640] tts        527  0  udata(7407d1b8) 1  
[2023/03/19 19:57:50 640] tts        657  TTS_MSG_GETAUDIO  0  
[2023/03/19 19:57:50 641] tts        485  get audio|use local  
[2023/03/19 19:57:50 641] tts        498  local audiolen:  2036  ,ced:  3  
[2023/03/19 19:57:50 641] tts        527  0  udata(7407d208) 1  
[2023/03/19 19:57:50 642] tts        657  TTS_MSG_GETAUDIO  0  
[2023/03/19 19:57:50 642] tts        485  get audio|use local  
[2023/03/19 19:57:50 642] tts        498  local audiolen:  1986  ,ced:  3  
[2023/03/19 19:57:50 642] tts        527  0  udata(7407d258) 1  
[2023/03/19 19:57:50 643] tts        657  TTS_MSG_GETAUDIO  0  
[2023/03/19 19:57:50 643] tts        485  get audio|use local  
[2023/03/19 19:57:50 643] tts        498  local audiolen:  1620  ,ced:  3  
[2023/03/19 19:57:50 643] tts        527  0  udata(7407e4b8) 2  
[2023/03/19 19:57:50 645] tts        660  TTS_MSG_SSE  
[2023/03/19 19:57:50 646] tts        585  sse|use local  
[2023/03/19 19:57:50 649] tts        603  tts exit  
