============================================================
Time  2023/03/19 19:55:33 967 
============================================================
[2023/03/19 19:55:33 967] tts        676  SYS_MSG_REGCB param0 =  msp_status_cb  param1 =  func(58014a30) 
[2023/03/19 19:55:33 970] config     43   use general cloud  
[2023/03/19 19:55:33 975] tts_cloud  1417 SYS_MSG_REGCB_CLOUD param0 =   msp_status_cb  param1 =  func(58014a30) 
[2023/03/19 19:55:33 976] tts        647  TTS_MSG_SSB  
[2023/03/19 19:55:33 976] tts        375  params =  engine_type = local,voice_name=xiaoyan, text_encoding = UTF8, tts_res_path = fo|res/tts/xiaoyan.jet;fo|res/tts/common.jet, sample_rate = 16000, speed = 50, volume = 50, pitch = 50, rdn = 2  
[2023/03/19 19:55:33 976] tts        412  ssb|use local  
[2023/03/19 19:55:33 976] tts        349  local_session_begin  
[2023/03/19 19:55:33 979] tts        654  TTS_MSG_SYN  0  
[2023/03/19 19:55:33 979] tts        451  synth|use local  
[2023/03/19 19:55:33 981] tts        657  TTS_MSG_GETAUDIO  0  
[2023/03/19 19:55:33 981] tts        485  get audio|use local  
[2023/03/19 19:55:33 981] tts        527  0  nil  1  
[2023/03/19 19:55:33 982] tts        657  TTS_MSG_GETAUDIO  0  
[2023/03/19 19:55:33 982] tts        485  get audio|use local  
[2023/03/19 19:55:33 982] tts        527  0  nil  1  
[2023/03/19 19:55:33 983] tts        657  TTS_MSG_GETAUDIO  0  
[2023/03/19 19:55:33 983] tts        485  get audio|use local  
[2023/03/19 19:55:33 983] tts        527  0  nil  1  
[2023/03/19 19:55:33 984] tts        657  TTS_MSG_GETAUDIO  0  
[2023/03/19 19:55:33 984] tts        485  get audio|use local  
[2023/03/19 19:55:33 985] tts        527  0  nil  1  
[2023/03/19 19:55:33 985] tts        657  TTS_MSG_GETAUDIO  0  
[2023/03/19 19:55:33 986] tts        485  get audio|use local  
[2023/03/19 19:55:33 986] tts        527  0  nil  1  
[2023/03/19 19:55:33 986] tts        657  TTS_MSG_GETAUDIO  0  
[2023/03/19 19:55:33 986] tts        485  get audio|use local  
[2023/03/19 19:55:33 986] tts        527  0  nil  1  
[2023/03/19 19:55:33 987] tts        657  TTS_MSG_GETAUDIO  0  
[2023/03/19 19:55:33 988] tts        485  get audio|use local  
[2023/03/19 19:55:33 988] tts        527  0  nil  1  
[2023/03/19 19:55:33 988] tts        657  TTS_MSG_GETAUDIO  0  
[2023/03/19 19:55:33 988] tts        485  get audio|use local  
[2023/03/19 19:55:33 989] tts        527  0  nil  1  
[2023/03/19 19:55:33 989] tts        657  TTS_MSG_GETAUDIO  0  
[2023/03/19 19:55:33 989] tts        485  get audio|use local  
[2023/03/19 19:55:33 990] tts        527  0  nil  1  
[2023/03/19 19:55:33 990] tts        657  TTS_MSG_GETAUDIO  0  
[2023/03/19 19:55:33 991] tts        485  get audio|use local  
[2023/03/19 19:55:33 991] tts        527  0  nil  1  
[2023/03/19 19:55:33 994] tts        657  TTS_MSG_GETAUDIO  0  
[2023/03/19 19:55:33 994] tts        485  get audio|use local  
[2023/03/19 19:55:33 994] tts        527  0  nil  1  
[2023/03/19 19:55:33 995] tts        657  TTS_MSG_GETAUDIO  0  
[2023/03/19 19:55:33 995] tts        485  get audio|use local  
[2023/03/19 19:55:33 995] tts        527  0  nil  1  
[2023/03/19 19:55:33 996] tts        657  TTS_MSG_GETAUDIO  0  
[2023/03/19 19:55:33 996] tts        485  get audio|use local  
[2023/03/19 19:55:33 996] tts        527  0  nil  1  
[2023/03/19 19:55:33 997] tts        657  TTS_MSG_GETAUDIO  0  
[2023/03/19 19:55:33 997] tts        485  get audio|use local  
[2023/03/19 19:55:33 997] tts        527  0  nil  1  
[2023/03/19 19:55:33 998] tts        657  TTS_MSG_GETAUDIO  0  
[2023/03/19 19:55:33 998] tts        485  get audio|use local  
[2023/03/19 19:55:33 998] tts        527  0  nil  1  
[2023/03/19 19:55:33 999] tts        657  TTS_MSG_GETAUDIO  0  
[2023/03/19 19:55:34 000] tts        485  get audio|use local  
[2023/03/19 19:55:34 000] tts        527  0  nil  1  
[2023/03/19 19:55:34 000] tts        657  TTS_MSG_GETAUDIO  0  
[2023/03/19 19:55:34 001] tts        485  get audio|use local  
[2023/03/19 19:55:34 001] tts        527  0  nil  1  
[2023/03/19 19:55:34 002] tts        657  TTS_MSG_GETAUDIO  0  
[2023/03/19 19:55:34 002] tts        485  get audio|use local  
[2023/03/19 19:55:34 002] tts        527  0  nil  1  
[2023/03/19 19:55:34 006] tts        657  TTS_MSG_GETAUDIO  0  
[2023/03/19 19:55:34 006] tts        485  get audio|use local  
[2023/03/19 19:55:34 006] tts        527  0  nil  1  
[2023/03/19 19:55:34 007] tts        657  TTS_MSG_GETAUDIO  0  
[2023/03/19 19:55:34 007] tts        485  get audio|use local  
[2023/03/19 19:55:34 007] tts        527  0  nil  1  
[2023/03/19 19:55:34 008] tts        657  TTS_MSG_GETAUDIO  0  
[2023/03/19 19:55:34 008] tts        485  get audio|use local  
[2023/03/19 19:55:34 008] tts        527  0  nil  1  
[2023/03/19 19:55:34 009] tts        657  TTS_MSG_GETAUDIO  0  
[2023/03/19 19:55:34 009] tts        485  get audio|use local  
[2023/03/19 19:55:34 009] tts        527  0  nil  1  
[2023/03/19 19:55:34 010] tts        657  TTS_MSG_GETAUDIO  0  
[2023/03/19 19:55:34 010] tts        485  get audio|use local  
[2023/03/19 19:55:34 010] tts        527  0  nil  1  
[2023/03/19 19:55:34 011] tts        657  TTS_MSG_GETAUDIO  0  
[2023/03/19 19:55:34 011] tts        485  get audio|use local  
[2023/03/19 19:55:34 012] tts        527  0  nil  1  
[2023/03/19 19:55:34 013] tts        657  TTS_MSG_GETAUDIO  0  
[2023/03/19 19:55:34 013] tts        485  get audio|use local  
[2023/03/19 19:55:34 013] tts        527  0  nil  1  
[2023/03/19 19:55:34 014] tts        657  TTS_MSG_GETAUDIO  0  
[2023/03/19 19:55:34 014] tts        485  get audio|use local  
[2023/03/19 19:55:34 014] tts        527  0  nil  1  
[2023/03/19 19:55:34 015] tts        657  TTS_MSG_GETAUDIO  0  
[2023/03/19 19:55:34 016] tts        485  get audio|use local  
[2023/03/19 19:55:34 016] tts        527  0  nil  1  
[2023/03/19 19:55:34 017] tts        657  TTS_MSG_GETAUDIO  0  
[2023/03/19 19:55:34 017] tts        485  get audio|use local  
[2023/03/19 19:55:34 017] tts        527  0  nil  1  
[2023/03/19 19:55:34 019] tts        657  TTS_MSG_GETAUDIO  0  
[2023/03/19 19:55:34 019] tts        485  get audio|use local  
[2023/03/19 19:55:34 019] tts        527  0  nil  1  
[2023/03/19 19:55:34 020] tts        657  TTS_MSG_GETAUDIO  0  
[2023/03/19 19:55:34 020] tts        485  get audio|use local  
[2023/03/19 19:55:34 020] tts        527  0  nil  1  
[2023/03/19 19:55:34 020] tts        657  TTS_MSG_GETAUDIO  0  
[2023/03/19 19:55:34 021] tts        485  get audio|use local  
[2023/03/19 19:55:34 021] tts        527  0  nil  1  
[2023/03/19 19:55:34 021] tts        657  TTS_MSG_GETAUDIO  0  
[2023/03/19 19:55:34 021] tts        485  get audio|use local  
[2023/03/19 19:55:34 021] tts        527  0  nil  1  
[2023/03/19 19:55:34 022] tts        657  TTS_MSG_GETAUDIO  0  
[2023/03/19 19:55:34 022] tts        485  get audio|use local  
[2023/03/19 19:55:34 022] tts        527  0  nil  1  
[2023/03/19 19:55:34 024] tts        657  TTS_MSG_GETAUDIO  0  
[2023/03/19 19:55:34 024] tts        485  get audio|use local  
[2023/03/19 19:55:34 024] tts        527  0  nil  1  
[2023/03/19 19:55:34 025] tts        657  TTS_MSG_GETAUDIO  0  
[2023/03/19 19:55:34 025] tts        485  get audio|use local  
[2023/03/19 19:55:34 025] tts        527  0  nil  1  
[2023/03/19 19:55:34 026] tts        657  TTS_MSG_GETAUDIO  0  
[2023/03/19 19:55:34 026] tts        485  get audio|use local  
[2023/03/19 19:55:34 026] tts        527  0  nil  1  
[2023/03/19 19:55:34 027] tts        657  TTS_MSG_GETAUDIO  0  
[2023/03/19 19:55:34 027] tts        485  get audio|use local  
[2023/03/19 19:55:34 027] tts        527  0  nil  1  
[2023/03/19 19:55:34 028] tts        657  TTS_MSG_GETAUDIO  0  
[2023/03/19 19:55:34 028] tts        485  get audio|use local  
[2023/03/19 19:55:34 028] tts        527  0  nil  1  
[2023/03/19 19:55:34 029] tts        657  TTS_MSG_GETAUDIO  0  
[2023/03/19 19:55:34 029] tts        485  get audio|use local  
[2023/03/19 19:55:34 029] tts        527  0  nil  1  
[2023/03/19 19:55:34 030] tts        657  TTS_MSG_GETAUDIO  0  
[2023/03/19 19:55:34 030] tts        485  get audio|use local  
[2023/03/19 19:55:34 030] tts        527  0  nil  1  
[2023/03/19 19:55:34 030] tts        657  TTS_MSG_GETAUDIO  0  
[2023/03/19 19:55:34 031] tts        485  get audio|use local  
[2023/03/19 19:55:34 031] tts        527  0  nil  1  
[2023/03/19 19:55:34 031] tts        657  TTS_MSG_GETAUDIO  0  
[2023/03/19 19:55:34 032] tts        485  get audio|use local  
[2023/03/19 19:55:34 032] tts        527  0  nil  1  
[2023/03/19 19:55:34 032] tts        657  TTS_MSG_GETAUDIO  0  
[2023/03/19 19:55:34 032] tts        485  get audio|use local  
[2023/03/19 19:55:34 032] tts        527  0  nil  1  
[2023/03/19 19:55:34 033] tts        657  TTS_MSG_GETAUDIO  0  
[2023/03/19 19:55:34 033] tts        485  get audio|use local  
[2023/03/19 19:55:34 033] tts        527  0  nil  1  
[2023/03/19 19:55:34 034] tts        657  TTS_MSG_GETAUDIO  0  
[2023/03/19 19:55:34 034] tts        485  get audio|use local  
[2023/03/19 19:55:34 034] tts        527  0  nil  1  
[2023/03/19 19:55:34 035] tts        657  TTS_MSG_GETAUDIO  0  
[2023/03/19 19:55:34 035] tts        485  get audio|use local  
[2023/03/19 19:55:34 035] tts        527  0  nil  1  
[2023/03/19 19:55:34 036] tts        657  TTS_MSG_GETAUDIO  0  
[2023/03/19 19:55:34 036] tts        485  get audio|use local  
[2023/03/19 19:55:34 037] tts        527  0  nil  1  
[2023/03/19 19:55:34 037] tts        657  TTS_MSG_GETAUDIO  0  
[2023/03/19 19:55:34 037] tts        485  get audio|use local  
[2023/03/19 19:55:34 037] tts        527  0  nil  1  
[2023/03/19 19:55:34 038] tts        657  TTS_MSG_GETAUDIO  0  
[2023/03/19 19:55:34 038] tts        485  get audio|use local  
[2023/03/19 19:55:34 038] tts        527  0  nil  1  
[2023/03/19 19:55:34 039] tts        657  TTS_MSG_GETAUDIO  0  
[2023/03/19 19:55:34 039] tts        485  get audio|use local  
[2023/03/19 19:55:34 039] tts        527  0  nil  1  
[2023/03/19 19:55:34 040] tts        657  TTS_MSG_GETAUDIO  0  
[2023/03/19 19:55:34 040] tts        485  get audio|use local  
[2023/03/19 19:55:34 040] tts        527  0  nil  1  
[2023/03/19 19:55:34 041] tts        657  TTS_MSG_GETAUDIO  0  
[2023/03/19 19:55:34 041] tts        485  get audio|use local  
[2023/03/19 19:55:34 041] tts        527  0  nil  1  
[2023/03/19 19:55:34 042] tts        657  TTS_MSG_GETAUDIO  0  
[2023/03/19 19:55:34 042] tts        485  get audio|use local  
[2023/03/19 19:55:34 042] tts        527  0  nil  1  
[2023/03/19 19:55:34 043] tts        657  TTS_MSG_GETAUDIO  0  
[2023/03/19 19:55:34 043] tts        485  get audio|use local  
[2023/03/19 19:55:34 043] tts        527  0  nil  1  
[2023/03/19 19:55:34 044] tts        657  TTS_MSG_GETAUDIO  0  
[2023/03/19 19:55:34 044] tts        485  get audio|use local  
[2023/03/19 19:55:34 044] tts        527  0  nil  1  
[2023/03/19 19:55:34 045] tts        657  TTS_MSG_GETAUDIO  0  
[2023/03/19 19:55:34 045] tts        485  get audio|use local  
[2023/03/19 19:55:34 045] tts        527  0  nil  1  
[2023/03/19 19:55:34 046] tts        657  TTS_MSG_GETAUDIO  0  
[2023/03/19 19:55:34 047] tts        485  get audio|use local  
[2023/03/19 19:55:34 047] tts        527  0  nil  1  
[2023/03/19 19:55:34 048] tts        657  TTS_MSG_GETAUDIO  0  
[2023/03/19 19:55:34 048] tts        485  get audio|use local  
[2023/03/19 19:55:34 048] tts        527  0  nil  1  
[2023/03/19 19:55:34 049] tts        657  TTS_MSG_GETAUDIO  0  
[2023/03/19 19:55:34 049] tts        485  get audio|use local  
[2023/03/19 19:55:34 049] tts        527  0  nil  1  
[2023/03/19 19:55:34 051] tts        657  TTS_MSG_GETAUDIO  0  
[2023/03/19 19:55:34 051] tts        485  get audio|use local  
[2023/03/19 19:55:34 051] tts        527  0  nil  1  
[2023/03/19 19:55:34 052] tts        657  TTS_MSG_GETAUDIO  0  
[2023/03/19 19:55:34 053] tts        485  get audio|use local  
[2023/03/19 19:55:34 053] tts        527  0  nil  1  
[2023/03/19 19:55:34 057] tts        657  TTS_MSG_GETAUDIO  0  
[2023/03/19 19:55:34 057] tts        485  get audio|use local  
[2023/03/19 19:55:34 057] tts        527  0  nil  1  
[2023/03/19 19:55:34 057] tts        657  TTS_MSG_GETAUDIO  0  
[2023/03/19 19:55:34 058] tts        485  get audio|use local  
[2023/03/19 19:55:34 058] tts        527  0  nil  1  
[2023/03/19 19:55:34 059] tts        657  TTS_MSG_GETAUDIO  0  
[2023/03/19 19:55:34 059] tts        485  get audio|use local  
[2023/03/19 19:55:34 060] tts        527  0  nil  1  
[2023/03/19 19:55:34 060] tts        657  TTS_MSG_GETAUDIO  0  
[2023/03/19 19:55:34 061] tts        485  get audio|use local  
[2023/03/19 19:55:34 061] tts        527  0  nil  1  
[2023/03/19 19:55:34 062] tts        657  TTS_MSG_GETAUDIO  0  
[2023/03/19 19:55:34 062] tts        485  get audio|use local  
[2023/03/19 19:55:34 062] tts        527  0  nil  1  
[2023/03/19 19:55:34 064] tts        657  TTS_MSG_GETAUDIO  0  
[2023/03/19 19:55:34 064] tts        485  get audio|use local  
[2023/03/19 19:55:34 064] tts        527  0  nil  1  
[2023/03/19 19:55:34 065] tts        657  TTS_MSG_GETAUDIO  0  
[2023/03/19 19:55:34 065] tts        485  get audio|use local  
[2023/03/19 19:55:34 065] tts        527  0  nil  1  
[2023/03/19 19:55:34 066] tts        657  TTS_MSG_GETAUDIO  0  
[2023/03/19 19:55:34 066] tts        485  get audio|use local  
[2023/03/19 19:55:34 067] tts        527  0  nil  1  
[2023/03/19 19:55:34 067] tts        657  TTS_MSG_GETAUDIO  0  
[2023/03/19 19:55:34 068] tts        485  get audio|use local  
[2023/03/19 19:55:34 068] tts        527  0  nil  1  
[2023/03/19 19:55:34 069] tts        299  TTS_LOCAL_CB_BEGIN  
[2023/03/19 19:55:34 070] tts        657  TTS_MSG_GETAUDIO  0  
[2023/03/19 19:55:34 070] tts        485  get audio|use local  
[2023/03/19 19:55:34 070] tts        527  0  nil  1  
[2023/03/19 19:55:34 071] tts        657  TTS_MSG_GETAUDIO  0  
[2023/03/19 19:55:34 071] tts        485  get audio|use local  
[2023/03/19 19:55:34 071] tts        527  0  nil  1  
[2023/03/19 19:55:34 079] tts        657  TTS_MSG_GETAUDIO  0  
[2023/03/19 19:55:34 080] tts        485  get audio|use local  
[2023/03/19 19:55:34 080] tts        527  0  nil  1  
[2023/03/19 19:55:34 081] tts        657  TTS_MSG_GETAUDIO  0  
[2023/03/19 19:55:34 081] tts        485  get audio|use local  
[2023/03/19 19:55:34 081] tts        527  0  nil  1  
[2023/03/19 19:55:34 084] tts        657  TTS_MSG_GETAUDIO  0  
[2023/03/19 19:55:34 086] tts        485  get audio|use local  
[2023/03/19 19:55:34 086] tts        527  0  nil  1  
[2023/03/19 19:55:34 088] tts        657  TTS_MSG_GETAUDIO  0  
[2023/03/19 19:55:34 088] tts        485  get audio|use local  
[2023/03/19 19:55:34 088] tts        527  0  nil  1  
[2023/03/19 19:55:34 089] tts        657  TTS_MSG_GETAUDIO  0  
[2023/03/19 19:55:34 089] tts        485  get audio|use local  
[2023/03/19 19:55:34 089] tts        527  0  nil  1  
[2023/03/19 19:55:34 090] tts        657  TTS_MSG_GETAUDIO  0  
[2023/03/19 19:55:34 091] tts        485  get audio|use local  
[2023/03/19 19:55:34 091] tts        527  0  nil  1  
[2023/03/19 19:55:34 091] tts        657  TTS_MSG_GETAUDIO  0  
[2023/03/19 19:55:34 091] tts        485  get audio|use local  
[2023/03/19 19:55:34 092] tts        527  0  nil  1  
[2023/03/19 19:55:34 092] tts        657  TTS_MSG_GETAUDIO  0  
[2023/03/19 19:55:34 092] tts        485  get audio|use local  
[2023/03/19 19:55:34 092] tts        527  0  nil  1  
[2023/03/19 19:55:34 093] tts        657  TTS_MSG_GETAUDIO  0  
[2023/03/19 19:55:34 093] tts        485  get audio|use local  
[2023/03/19 19:55:34 093] tts        527  0  nil  1  
[2023/03/19 19:55:34 094] tts        657  TTS_MSG_GETAUDIO  0  
[2023/03/19 19:55:34 094] tts        485  get audio|use local  
[2023/03/19 19:55:34 094] tts        527  0  nil  1  
[2023/03/19 19:55:34 095] tts        657  TTS_MSG_GETAUDIO  0  
[2023/03/19 19:55:34 095] tts        485  get audio|use local  
[2023/03/19 19:55:34 095] tts        527  0  nil  1  
[2023/03/19 19:55:34 096] tts        657  TTS_MSG_GETAUDIO  0  
[2023/03/19 19:55:34 096] tts        485  get audio|use local  
[2023/03/19 19:55:34 097] tts        527  0  nil  1  
[2023/03/19 19:55:34 098] tts        657  TTS_MSG_GETAUDIO  0  
[2023/03/19 19:55:34 098] tts        485  get audio|use local  
[2023/03/19 19:55:34 098] tts        527  0  nil  1  
[2023/03/19 19:55:34 098] tts        657  TTS_MSG_GETAUDIO  0  
[2023/03/19 19:55:34 098] tts        485  get audio|use local  
[2023/03/19 19:55:34 099] tts        527  0  nil  1  
[2023/03/19 19:55:34 099] tts        657  TTS_MSG_GETAUDIO  0  
[2023/03/19 19:55:34 099] tts        485  get audio|use local  
[2023/03/19 19:55:34 099] tts        527  0  nil  1  
[2023/03/19 19:55:34 100] tts        657  TTS_MSG_GETAUDIO  0  
[2023/03/19 19:55:34 100] tts        485  get audio|use local  
[2023/03/19 19:55:34 100] tts        527  0  nil  1  
[2023/03/19 19:55:34 101] tts        657  TTS_MSG_GETAUDIO  0  
[2023/03/19 19:55:34 101] tts        485  get audio|use local  
[2023/03/19 19:55:34 101] tts        527  0  nil  1  
[2023/03/19 19:55:34 101] tts        657  TTS_MSG_GETAUDIO  0  
[2023/03/19 19:55:34 102] tts        485  get audio|use local  
[2023/03/19 19:55:34 102] tts        527  0  nil  1  
[2023/03/19 19:55:34 103] tts        657  TTS_MSG_GETAUDIO  0  
[2023/03/19 19:55:34 103] tts        485  get audio|use local  
[2023/03/19 19:55:34 103] tts        527  0  nil  1  
[2023/03/19 19:55:34 103] tts        657  TTS_MSG_GETAUDIO  0  
[2023/03/19 19:55:34 104] tts        485  get audio|use local  
[2023/03/19 19:55:34 104] tts        527  0  nil  1  
[2023/03/19 19:55:34 104] tts        657  TTS_MSG_GETAUDIO  0  
[2023/03/19 19:55:34 104] tts        485  get audio|use local  
[2023/03/19 19:55:34 104] tts        527  0  nil  1  
[2023/03/19 19:55:34 105] tts        657  TTS_MSG_GETAUDIO  0  
[2023/03/19 19:55:34 105] tts        485  get audio|use local  
[2023/03/19 19:55:34 105] tts        527  0  nil  1  
[2023/03/19 19:55:34 106] tts        657  TTS_MSG_GETAUDIO  0  
[2023/03/19 19:55:34 106] tts        485  get audio|use local  
[2023/03/19 19:55:34 106] tts        527  0  nil  1  
[2023/03/19 19:55:34 107] tts        657  TTS_MSG_GETAUDIO  0  
[2023/03/19 19:55:34 107] tts        485  get audio|use local  
[2023/03/19 19:55:34 107] tts        527  0  nil  1  
[2023/03/19 19:55:34 107] tts        657  TTS_MSG_GETAUDIO  0  
[2023/03/19 19:55:34 108] tts        485  get audio|use local  
[2023/03/19 19:55:34 108] tts        527  0  nil  1  
[2023/03/19 19:55:34 108] tts        657  TTS_MSG_GETAUDIO  0  
[2023/03/19 19:55:34 108] tts        485  get audio|use local  
[2023/03/19 19:55:34 108] tts        527  0  nil  1  
[2023/03/19 19:55:34 109] tts        657  TTS_MSG_GETAUDIO  0  
[2023/03/19 19:55:34 109] tts        485  get audio|use local  
[2023/03/19 19:55:34 109] tts        527  0  nil  1  
[2023/03/19 19:55:34 110] tts        657  TTS_MSG_GETAUDIO  0  
[2023/03/19 19:55:34 110] tts        485  get audio|use local  
[2023/03/19 19:55:34 110] tts        527  0  nil  1  
[2023/03/19 19:55:34 111] tts        657  TTS_MSG_GETAUDIO  0  
[2023/03/19 19:55:34 111] tts        485  get audio|use local  
[2023/03/19 19:55:34 111] tts        527  0  nil  1  
[2023/03/19 19:55:34 115] tts        657  TTS_MSG_GETAUDIO  0  
[2023/03/19 19:55:34 115] tts        485  get audio|use local  
[2023/03/19 19:55:34 116] tts        527  0  nil  1  
[2023/03/19 19:55:34 117] tts        657  TTS_MSG_GETAUDIO  0  
[2023/03/19 19:55:34 117] tts        485  get audio|use local  
[2023/03/19 19:55:34 117] tts        527  0  nil  1  
[2023/03/19 19:55:34 118] tts        657  TTS_MSG_GETAUDIO  0  
[2023/03/19 19:55:34 118] tts        485  get audio|use local  
[2023/03/19 19:55:34 118] tts        527  0  nil  1  
[2023/03/19 19:55:34 119] tts        657  TTS_MSG_GETAUDIO  0  
[2023/03/19 19:55:34 119] tts        485  get audio|use local  
[2023/03/19 19:55:34 119] tts        527  0  nil  1  
[2023/03/19 19:55:34 122] tts        657  TTS_MSG_GETAUDIO  0  
[2023/03/19 19:55:34 122] tts        485  get audio|use local  
[2023/03/19 19:55:34 122] tts        527  0  nil  1  
[2023/03/19 19:55:34 123] tts        657  TTS_MSG_GETAUDIO  0  
[2023/03/19 19:55:34 123] tts        485  get audio|use local  
[2023/03/19 19:55:34 123] tts        527  0  nil  1  
[2023/03/19 19:55:34 124] tts        657  TTS_MSG_GETAUDIO  0  
[2023/03/19 19:55:34 124] tts        485  get audio|use local  
[2023/03/19 19:55:34 124] tts        527  0  nil  1  
[2023/03/19 19:55:34 125] tts        657  TTS_MSG_GETAUDIO  0  
[2023/03/19 19:55:34 125] tts        485  get audio|use local  
[2023/03/19 19:55:34 125] tts        527  0  nil  1  
[2023/03/19 19:55:34 126] tts        657  TTS_MSG_GETAUDIO  0  
[2023/03/19 19:55:34 126] tts        485  get audio|use local  
[2023/03/19 19:55:34 126] tts        527  0  nil  1  
[2023/03/19 19:55:34 126] tts        657  TTS_MSG_GETAUDIO  0  
[2023/03/19 19:55:34 126] tts        485  get audio|use local  
[2023/03/19 19:55:34 127] tts        527  0  nil  1  
[2023/03/19 19:55:34 127] tts        657  TTS_MSG_GETAUDIO  0  
[2023/03/19 19:55:34 127] tts        485  get audio|use local  
[2023/03/19 19:55:34 128] tts        527  0  nil  1  
[2023/03/19 19:55:34 128] tts        657  TTS_MSG_GETAUDIO  0  
[2023/03/19 19:55:34 128] tts        485  get audio|use local  
[2023/03/19 19:55:34 128] tts        527  0  nil  1  
[2023/03/19 19:55:34 129] tts        657  TTS_MSG_GETAUDIO  0  
[2023/03/19 19:55:34 130] tts        485  get audio|use local  
[2023/03/19 19:55:34 130] tts        527  0  nil  1  
[2023/03/19 19:55:34 130] tts        657  TTS_MSG_GETAUDIO  0  
[2023/03/19 19:55:34 130] tts        485  get audio|use local  
[2023/03/19 19:55:34 131] tts        527  0  nil  1  
[2023/03/19 19:55:34 131] tts        657  TTS_MSG_GETAUDIO  0  
[2023/03/19 19:55:34 131] tts        485  get audio|use local  
[2023/03/19 19:55:34 131] tts        527  0  nil  1  
[2023/03/19 19:55:34 132] tts        657  TTS_MSG_GETAUDIO  0  
[2023/03/19 19:55:34 132] tts        485  get audio|use local  
[2023/03/19 19:55:34 132] tts        527  0  nil  1  
[2023/03/19 19:55:34 133] tts        657  TTS_MSG_GETAUDIO  0  
[2023/03/19 19:55:34 133] tts        485  get audio|use local  
[2023/03/19 19:55:34 133] tts        527  0  nil  1  
[2023/03/19 19:55:34 134] tts        657  TTS_MSG_GETAUDIO  0  
[2023/03/19 19:55:34 134] tts        485  get audio|use local  
[2023/03/19 19:55:34 134] tts        527  0  nil  1  
[2023/03/19 19:55:34 134] tts        657  TTS_MSG_GETAUDIO  0  
[2023/03/19 19:55:34 134] tts        485  get audio|use local  
[2023/03/19 19:55:34 135] tts        527  0  nil  1  
[2023/03/19 19:55:34 135] tts        657  TTS_MSG_GETAUDIO  0  
[2023/03/19 19:55:34 135] tts        485  get audio|use local  
[2023/03/19 19:55:34 135] tts        527  0  nil  1  
[2023/03/19 19:55:34 136] tts        657  TTS_MSG_GETAUDIO  0  
[2023/03/19 19:55:34 136] tts        485  get audio|use local  
[2023/03/19 19:55:34 136] tts        527  0  nil  1  
[2023/03/19 19:55:34 137] tts        657  TTS_MSG_GETAUDIO  0  
[2023/03/19 19:55:34 137] tts        485  get audio|use local  
[2023/03/19 19:55:34 137] tts        527  0  nil  1  
[2023/03/19 19:55:34 138] tts        657  TTS_MSG_GETAUDIO  0  
[2023/03/19 19:55:34 138] tts        485  get audio|use local  
[2023/03/19 19:55:34 138] tts        527  0  nil  1  
[2023/03/19 19:55:34 139] tts        657  TTS_MSG_GETAUDIO  0  
[2023/03/19 19:55:34 139] tts        485  get audio|use local  
[2023/03/19 19:55:34 139] tts        527  0  nil  1  
[2023/03/19 19:55:34 141] tts        657  TTS_MSG_GETAUDIO  0  
[2023/03/19 19:55:34 141] tts        485  get audio|use local  
[2023/03/19 19:55:34 141] tts        527  0  nil  1  
[2023/03/19 19:55:34 142] tts        657  TTS_MSG_GETAUDIO  0  
[2023/03/19 19:55:34 142] tts        485  get audio|use local  
[2023/03/19 19:55:34 142] tts        527  0  nil  1  
[2023/03/19 19:55:34 143] tts        657  TTS_MSG_GETAUDIO  0  
[2023/03/19 19:55:34 143] tts        485  get audio|use local  
[2023/03/19 19:55:34 143] tts        527  0  nil  1  
[2023/03/19 19:55:34 144] tts        657  TTS_MSG_GETAUDIO  0  
[2023/03/19 19:55:34 144] tts        485  get audio|use local  
[2023/03/19 19:55:34 145] tts        527  0  nil  1  
[2023/03/19 19:55:34 146] tts        657  TTS_MSG_GETAUDIO  0  
[2023/03/19 19:55:34 146] tts        485  get audio|use local  
[2023/03/19 19:55:34 146] tts        527  0  nil  1  
[2023/03/19 19:55:34 147] tts        657  TTS_MSG_GETAUDIO  0  
[2023/03/19 19:55:34 147] tts        485  get audio|use local  
[2023/03/19 19:55:34 147] tts        527  0  nil  1  
[2023/03/19 19:55:34 148] tts        657  TTS_MSG_GETAUDIO  0  
[2023/03/19 19:55:34 148] tts        485  get audio|use local  
[2023/03/19 19:55:34 148] tts        527  0  nil  1  
[2023/03/19 19:55:34 148] tts        657  TTS_MSG_GETAUDIO  0  
[2023/03/19 19:55:34 148] tts        485  get audio|use local  
[2023/03/19 19:55:34 148] tts        527  0  nil  1  
[2023/03/19 19:55:34 149] tts        657  TTS_MSG_GETAUDIO  0  
[2023/03/19 19:55:34 149] tts        485  get audio|use local  
[2023/03/19 19:55:34 149] tts        527  0  nil  1  
[2023/03/19 19:55:34 150] tts        657  TTS_MSG_GETAUDIO  0  
[2023/03/19 19:55:34 150] tts        485  get audio|use local  
[2023/03/19 19:55:34 150] tts        527  0  nil  1  
[2023/03/19 19:55:34 151] tts        657  TTS_MSG_GETAUDIO  0  
[2023/03/19 19:55:34 151] tts        485  get audio|use local  
[2023/03/19 19:55:34 151] tts        527  0  nil  1  
[2023/03/19 19:55:34 151] tts        657  TTS_MSG_GETAUDIO  0  
[2023/03/19 19:55:34 151] tts        485  get audio|use local  
[2023/03/19 19:55:34 152] tts        527  0  nil  1  
[2023/03/19 19:55:34 152] tts        657  TTS_MSG_GETAUDIO  0  
[2023/03/19 19:55:34 152] tts        485  get audio|use local  
[2023/03/19 19:55:34 152] tts        527  0  nil  1  
[2023/03/19 19:55:34 153] tts        657  TTS_MSG_GETAUDIO  0  
[2023/03/19 19:55:34 153] tts        485  get audio|use local  
[2023/03/19 19:55:34 153] tts        527  0  nil  1  
[2023/03/19 19:55:34 154] tts        657  TTS_MSG_GETAUDIO  0  
[2023/03/19 19:55:34 154] tts        485  get audio|use local  
[2023/03/19 19:55:34 154] tts        527  0  nil  1  
[2023/03/19 19:55:34 155] tts        657  TTS_MSG_GETAUDIO  0  
[2023/03/19 19:55:34 156] tts        485  get audio|use local  
[2023/03/19 19:55:34 156] tts        527  0  nil  1  
[2023/03/19 19:55:34 159] tts        657  TTS_MSG_GETAUDIO  0  
[2023/03/19 19:55:34 159] tts        485  get audio|use local  
[2023/03/19 19:55:34 159] tts        527  0  nil  1  
[2023/03/19 19:55:34 160] tts        657  TTS_MSG_GETAUDIO  0  
[2023/03/19 19:55:34 160] tts        485  get audio|use local  
[2023/03/19 19:55:34 160] tts        527  0  nil  1  
[2023/03/19 19:55:34 162] tts        657  TTS_MSG_GETAUDIO  0  
[2023/03/19 19:55:34 162] tts        485  get audio|use local  
[2023/03/19 19:55:34 162] tts        527  0  nil  1  
[2023/03/19 19:55:34 163] tts        657  TTS_MSG_GETAUDIO  0  
[2023/03/19 19:55:34 164] tts        485  get audio|use local  
[2023/03/19 19:55:34 164] tts        527  0  nil  1  
[2023/03/19 19:55:34 165] tts        657  TTS_MSG_GETAUDIO  0  
[2023/03/19 19:55:34 165] tts        485  get audio|use local  
[2023/03/19 19:55:34 165] tts        527  0  nil  1  
[2023/03/19 19:55:34 166] tts        657  TTS_MSG_GETAUDIO  0  
[2023/03/19 19:55:34 166] tts        485  get audio|use local  
[2023/03/19 19:55:34 166] tts        527  0  nil  1  
[2023/03/19 19:55:34 167] tts        657  TTS_MSG_GETAUDIO  0  
[2023/03/19 19:55:34 167] tts        485  get audio|use local  
[2023/03/19 19:55:34 167] tts        527  0  nil  1  
[2023/03/19 19:55:34 168] tts        657  TTS_MSG_GETAUDIO  0  
[2023/03/19 19:55:34 168] tts        485  get audio|use local  
[2023/03/19 19:55:34 168] tts        527  0  nil  1  
[2023/03/19 19:55:34 169] tts        657  TTS_MSG_GETAUDIO  0  
[2023/03/19 19:55:34 169] tts        485  get audio|use local  
[2023/03/19 19:55:34 169] tts        527  0  nil  1  
[2023/03/19 19:55:34 170] tts        657  TTS_MSG_GETAUDIO  0  
[2023/03/19 19:55:34 170] tts        485  get audio|use local  
[2023/03/19 19:55:34 170] tts        527  0  nil  1  
[2023/03/19 19:55:34 171] tts        657  TTS_MSG_GETAUDIO  0  
[2023/03/19 19:55:34 171] tts        485  get audio|use local  
[2023/03/19 19:55:34 171] tts        527  0  nil  1  
[2023/03/19 19:55:34 172] tts        657  TTS_MSG_GETAUDIO  0  
[2023/03/19 19:55:34 172] tts        485  get audio|use local  
[2023/03/19 19:55:34 172] tts        527  0  nil  1  
[2023/03/19 19:55:34 173] tts        657  TTS_MSG_GETAUDIO  0  
[2023/03/19 19:55:34 173] tts        485  get audio|use local  
[2023/03/19 19:55:34 173] tts        527  0  nil  1  
[2023/03/19 19:55:34 174] tts        657  TTS_MSG_GETAUDIO  0  
[2023/03/19 19:55:34 174] tts        485  get audio|use local  
[2023/03/19 19:55:34 174] tts        527  0  nil  1  
[2023/03/19 19:55:34 174] tts        657  TTS_MSG_GETAUDIO  0  
[2023/03/19 19:55:34 174] tts        485  get audio|use local  
[2023/03/19 19:55:34 174] tts        527  0  nil  1  
[2023/03/19 19:55:34 175] tts        657  TTS_MSG_GETAUDIO  0  
[2023/03/19 19:55:34 175] tts        485  get audio|use local  
[2023/03/19 19:55:34 175] tts        527  0  nil  1  
[2023/03/19 19:55:34 176] tts        657  TTS_MSG_GETAUDIO  0  
[2023/03/19 19:55:34 176] tts        485  get audio|use local  
[2023/03/19 19:55:34 176] tts        527  0  nil  1  
[2023/03/19 19:55:34 177] tts        657  TTS_MSG_GETAUDIO  0  
[2023/03/19 19:55:34 177] tts        485  get audio|use local  
[2023/03/19 19:55:34 177] tts        527  0  nil  1  
[2023/03/19 19:55:34 178] tts        657  TTS_MSG_GETAUDIO  0  
[2023/03/19 19:55:34 178] tts        485  get audio|use local  
[2023/03/19 19:55:34 178] tts        527  0  nil  1  
[2023/03/19 19:55:34 179] tts        657  TTS_MSG_GETAUDIO  0  
[2023/03/19 19:55:34 179] tts        485  get audio|use local  
[2023/03/19 19:55:34 179] tts        527  0  nil  1  
[2023/03/19 19:55:34 180] tts        657  TTS_MSG_GETAUDIO  0  
[2023/03/19 19:55:34 180] tts        485  get audio|use local  
[2023/03/19 19:55:34 181] tts        527  0  nil  1  
[2023/03/19 19:55:34 181] tts        657  TTS_MSG_GETAUDIO  0  
[2023/03/19 19:55:34 181] tts        485  get audio|use local  
[2023/03/19 19:55:34 181] tts        527  0  nil  1  
[2023/03/19 19:55:34 182] tts        657  TTS_MSG_GETAUDIO  0  
[2023/03/19 19:55:34 182] tts        485  get audio|use local  
[2023/03/19 19:55:34 182] tts        527  0  nil  1  
[2023/03/19 19:55:34 184] tts        657  TTS_MSG_GETAUDIO  0  
[2023/03/19 19:55:34 184] tts        485  get audio|use local  
[2023/03/19 19:55:34 184] tts        527  0  nil  1  
[2023/03/19 19:55:34 185] tts        657  TTS_MSG_GETAUDIO  0  
[2023/03/19 19:55:34 185] tts        485  get audio|use local  
[2023/03/19 19:55:34 185] tts        527  0  nil  1  
[2023/03/19 19:55:34 186] tts        657  TTS_MSG_GETAUDIO  0  
[2023/03/19 19:55:34 186] tts        485  get audio|use local  
[2023/03/19 19:55:34 186] tts        527  0  nil  1  
[2023/03/19 19:55:34 187] tts        657  TTS_MSG_GETAUDIO  0  
[2023/03/19 19:55:34 187] tts        485  get audio|use local  
[2023/03/19 19:55:34 187] tts        527  0  nil  1  
[2023/03/19 19:55:34 188] tts        657  TTS_MSG_GETAUDIO  0  
[2023/03/19 19:55:34 188] tts        485  get audio|use local  
[2023/03/19 19:55:34 188] tts        527  0  nil  1  
[2023/03/19 19:55:34 189] tts        657  TTS_MSG_GETAUDIO  0  
[2023/03/19 19:55:34 189] tts        485  get audio|use local  
[2023/03/19 19:55:34 189] tts        527  0  nil  1  
[2023/03/19 19:55:34 201] tts        657  TTS_MSG_GETAUDIO  0  
[2023/03/19 19:55:34 201] tts        485  get audio|use local  
[2023/03/19 19:55:34 201] tts        527  0  nil  1  
[2023/03/19 19:55:34 212] tts        657  TTS_MSG_GETAUDIO  0  
[2023/03/19 19:55:34 213] tts        485  get audio|use local  
[2023/03/19 19:55:34 213] tts        527  0  nil  1  
[2023/03/19 19:55:34 220] tts        657  TTS_MSG_GETAUDIO  0  
[2023/03/19 19:55:34 220] tts        485  get audio|use local  
[2023/03/19 19:55:34 220] tts        527  0  nil  1  
[2023/03/19 19:55:34 221] tts        657  TTS_MSG_GETAUDIO  0  
[2023/03/19 19:55:34 221] tts        485  get audio|use local  
[2023/03/19 19:55:34 221] tts        527  0  nil  1  
[2023/03/19 19:55:34 222] tts        657  TTS_MSG_GETAUDIO  0  
[2023/03/19 19:55:34 222] tts        485  get audio|use local  
[2023/03/19 19:55:34 222] tts        527  0  nil  1  
[2023/03/19 19:55:34 223] tts        657  TTS_MSG_GETAUDIO  0  
[2023/03/19 19:55:34 223] tts        485  get audio|use local  
[2023/03/19 19:55:34 223] tts        527  0  nil  1  
[2023/03/19 19:55:34 225] tts        657  TTS_MSG_GETAUDIO  0  
[2023/03/19 19:55:34 225] tts        485  get audio|use local  
[2023/03/19 19:55:34 225] tts        527  0  nil  1  
[2023/03/19 19:55:34 228] tts        657  TTS_MSG_GETAUDIO  0  
[2023/03/19 19:55:34 228] tts        485  get audio|use local  
[2023/03/19 19:55:34 228] tts        527  0  nil  1  
[2023/03/19 19:55:34 229] tts        657  TTS_MSG_GETAUDIO  0  
[2023/03/19 19:55:34 229] tts        485  get audio|use local  
[2023/03/19 19:55:34 229] tts        527  0  nil  1  
[2023/03/19 19:55:34 230] tts        657  TTS_MSG_GETAUDIO  0  
[2023/03/19 19:55:34 230] tts        485  get audio|use local  
[2023/03/19 19:55:34 230] tts        527  0  nil  1  
[2023/03/19 19:55:34 230] tts        657  TTS_MSG_GETAUDIO  0  
[2023/03/19 19:55:34 231] tts        485  get audio|use local  
[2023/03/19 19:55:34 231] tts        527  0  nil  1  
[2023/03/19 19:55:34 238] tts        657  TTS_MSG_GETAUDIO  0  
[2023/03/19 19:55:34 238] tts        485  get audio|use local  
[2023/03/19 19:55:34 238] tts        498  local audiolen:  2042  ,ced:  3  
[2023/03/19 19:55:34 238] tts        527  0  udata(5807f5d8) 1  
[2023/03/19 19:55:34 239] tts        657  TTS_MSG_GETAUDIO  0  
[2023/03/19 19:55:34 239] tts        485  get audio|use local  
[2023/03/19 19:55:34 240] tts        498  local audiolen:  2016  ,ced:  3  
[2023/03/19 19:55:34 240] tts        527  0  udata(5807f6c8) 1  
[2023/03/19 19:55:34 241] tts        657  TTS_MSG_GETAUDIO  0  
[2023/03/19 19:55:34 241] tts        485  get audio|use local  
[2023/03/19 19:55:34 241] tts        498  local audiolen:  2014  ,ced:  3  
[2023/03/19 19:55:34 241] tts        527  0  udata(58087728) 1  
[2023/03/19 19:55:34 248] tts        657  TTS_MSG_GETAUDIO  0  
[2023/03/19 19:55:34 249] tts        485  get audio|use local  
[2023/03/19 19:55:34 249] tts        498  local audiolen:  2028  ,ced:  3  
[2023/03/19 19:55:34 249] tts        527  0  udata(5807c5a8) 1  
[2023/03/19 19:55:34 253] tts        301  0  0  
[2023/03/19 19:55:34 253] tts        312  TTS_LOCAL_CB_END,  2  
[2023/03/19 19:55:34 253] tts        657  TTS_MSG_GETAUDIO  0  
[2023/03/19 19:55:34 253] tts        485  get audio|use local  
[2023/03/19 19:55:34 253] tts        498  local audiolen:  1986  ,ced:  3  
[2023/03/19 19:55:34 253] tts        527  0  udata(5807c948) 1  
[2023/03/19 19:55:34 254] tts        657  TTS_MSG_GETAUDIO  0  
[2023/03/19 19:55:34 254] tts        485  get audio|use local  
[2023/03/19 19:55:34 254] tts        498  local audiolen:  2036  ,ced:  3  
[2023/03/19 19:55:34 254] tts        527  0  udata(5807c998) 1  
[2023/03/19 19:55:34 255] tts        657  TTS_MSG_GETAUDIO  0  
[2023/03/19 19:55:34 255] tts        485  get audio|use local  
[2023/03/19 19:55:34 255] tts        498  local audiolen:  2040  ,ced:  3  
[2023/03/19 19:55:34 255] tts        527  0  udata(5807c9e8) 1  
[2023/03/19 19:55:34 256] tts        657  TTS_MSG_GETAUDIO  0  
[2023/03/19 19:55:34 256] tts        485  get audio|use local  
[2023/03/19 19:55:34 256] tts        498  local audiolen:  2038  ,ced:  3  
[2023/03/19 19:55:34 256] tts        527  0  udata(5807ca38) 1  
[2023/03/19 19:55:34 257] tts        657  TTS_MSG_GETAUDIO  0  
[2023/03/19 19:55:34 257] tts        485  get audio|use local  
[2023/03/19 19:55:34 257] tts        498  local audiolen:  2028  ,ced:  3  
[2023/03/19 19:55:34 258] tts        527  0  udata(5807d758) 1  
[2023/03/19 19:55:34 258] tts        657  TTS_MSG_GETAUDIO  0  
[2023/03/19 19:55:34 258] tts        485  get audio|use local  
[2023/03/19 19:55:34 258] tts        498  local audiolen:  2000  ,ced:  3  
[2023/03/19 19:55:34 258] tts        527  0  udata(5807d7a8) 1  
[2023/03/19 19:55:34 259] tts        657  TTS_MSG_GETAUDIO  0  
[2023/03/19 19:55:34 259] tts        485  get audio|use local  
[2023/03/19 19:55:34 259] tts        498  local audiolen:  1440  ,ced:  3  
[2023/03/19 19:55:34 259] tts        527  0  udata(5807d0a8) 2  
[2023/03/19 19:55:34 260] tts        660  TTS_MSG_SSE  
[2023/03/19 19:55:34 261] tts        585  sse|use local  
[2023/03/19 19:55:34 262] tts        603  tts exit  
