============================================================
Time  2023/03/20 19:16:40 091 
============================================================
[2023/03/20 19:16:40 091] tts        676  SYS_MSG_REGCB param0 =  msp_status_cb  param1 =  func(84014a30) 
[2023/03/20 19:16:40 095] config     43   use general cloud  
[2023/03/20 19:16:40 101] tts_cloud  1417 SYS_MSG_REGCB_CLOUD param0 =   msp_status_cb  param1 =  func(84014a30) 
[2023/03/20 19:16:40 101] tts        647  TTS_MSG_SSB  
[2023/03/20 19:16:40 101] tts        375  params =  engine_type = local,voice_name=xiaoyan, text_encoding = UTF8, tts_res_path = fo|res/tts/xiaoyan.jet;fo|res/tts/common.jet, sample_rate = 16000, speed = 50, volume = 50, pitch = 50, rdn = 2  
[2023/03/20 19:16:40 104] tts        412  ssb|use local  
[2023/03/20 19:16:40 104] tts        349  local_session_begin  
[2023/03/20 19:16:40 118] tts        654  TTS_MSG_SYN  0  
[2023/03/20 19:16:40 118] tts        451  synth|use local  
[2023/03/20 19:16:40 121] tts        657  TTS_MSG_GETAUDIO  0  
[2023/03/20 19:16:40 121] tts        485  get audio|use local  
[2023/03/20 19:16:40 121] tts        527  0  nil  1  
[2023/03/20 19:16:40 125] tts        657  TTS_MSG_GETAUDIO  0  
[2023/03/20 19:16:40 125] tts        485  get audio|use local  
[2023/03/20 19:16:40 127] tts        527  0  nil  1  
[2023/03/20 19:16:40 128] tts        657  TTS_MSG_GETAUDIO  0  
[2023/03/20 19:16:40 128] tts        485  get audio|use local  
[2023/03/20 19:16:40 128] tts        527  0  nil  1  
[2023/03/20 19:16:40 129] tts        657  TTS_MSG_GETAUDIO  0  
[2023/03/20 19:16:40 129] tts        485  get audio|use local  
[2023/03/20 19:16:40 129] tts        527  0  nil  1  
[2023/03/20 19:16:40 130] tts        657  TTS_MSG_GETAUDIO  0  
[2023/03/20 19:16:40 130] tts        485  get audio|use local  
[2023/03/20 19:16:40 130] tts        527  0  nil  1  
[2023/03/20 19:16:40 131] tts        657  TTS_MSG_GETAUDIO  0  
[2023/03/20 19:16:40 131] tts        485  get audio|use local  
[2023/03/20 19:16:40 131] tts        527  0  nil  1  
[2023/03/20 19:16:40 134] tts        657  TTS_MSG_GETAUDIO  0  
[2023/03/20 19:16:40 134] tts        485  get audio|use local  
[2023/03/20 19:16:40 134] tts        527  0  nil  1  
[2023/03/20 19:16:40 135] tts        657  TTS_MSG_GETAUDIO  0  
[2023/03/20 19:16:40 135] tts        485  get audio|use local  
[2023/03/20 19:16:40 135] tts        527  0  nil  1  
[2023/03/20 19:16:40 136] tts        657  TTS_MSG_GETAUDIO  0  
[2023/03/20 19:16:40 136] tts        485  get audio|use local  
[2023/03/20 19:16:40 136] tts        527  0  nil  1  
[2023/03/20 19:16:40 136] tts        657  TTS_MSG_GETAUDIO  0  
[2023/03/20 19:16:40 137] tts        485  get audio|use local  
[2023/03/20 19:16:40 137] tts        527  0  nil  1  
[2023/03/20 19:16:40 137] tts        657  TTS_MSG_GETAUDIO  0  
[2023/03/20 19:16:40 137] tts        485  get audio|use local  
[2023/03/20 19:16:40 137] tts        527  0  nil  1  
[2023/03/20 19:16:40 138] tts        657  TTS_MSG_GETAUDIO  0  
[2023/03/20 19:16:40 138] tts        485  get audio|use local  
[2023/03/20 19:16:40 138] tts        527  0  nil  1  
[2023/03/20 19:16:40 139] tts        657  TTS_MSG_GETAUDIO  0  
[2023/03/20 19:16:40 139] tts        485  get audio|use local  
[2023/03/20 19:16:40 139] tts        527  0  nil  1  
[2023/03/20 19:16:40 140] tts        657  TTS_MSG_GETAUDIO  0  
[2023/03/20 19:16:40 140] tts        485  get audio|use local  
[2023/03/20 19:16:40 140] tts        527  0  nil  1  
[2023/03/20 19:16:40 141] tts        657  TTS_MSG_GETAUDIO  0  
[2023/03/20 19:16:40 141] tts        485  get audio|use local  
[2023/03/20 19:16:40 141] tts        527  0  nil  1  
[2023/03/20 19:16:40 142] tts        657  TTS_MSG_GETAUDIO  0  
[2023/03/20 19:16:40 142] tts        485  get audio|use local  
[2023/03/20 19:16:40 142] tts        527  0  nil  1  
[2023/03/20 19:16:40 143] tts        657  TTS_MSG_GETAUDIO  0  
[2023/03/20 19:16:40 143] tts        485  get audio|use local  
[2023/03/20 19:16:40 143] tts        527  0  nil  1  
[2023/03/20 19:16:40 143] tts        657  TTS_MSG_GETAUDIO  0  
[2023/03/20 19:16:40 144] tts        485  get audio|use local  
[2023/03/20 19:16:40 144] tts        527  0  nil  1  
[2023/03/20 19:16:40 144] tts        657  TTS_MSG_GETAUDIO  0  
[2023/03/20 19:16:40 144] tts        485  get audio|use local  
[2023/03/20 19:16:40 144] tts        527  0  nil  1  
[2023/03/20 19:16:40 145] tts        657  TTS_MSG_GETAUDIO  0  
[2023/03/20 19:16:40 145] tts        485  get audio|use local  
[2023/03/20 19:16:40 145] tts        527  0  nil  1  
[2023/03/20 19:16:40 146] tts        657  TTS_MSG_GETAUDIO  0  
[2023/03/20 19:16:40 146] tts        485  get audio|use local  
[2023/03/20 19:16:40 146] tts        527  0  nil  1  
[2023/03/20 19:16:40 146] tts        657  TTS_MSG_GETAUDIO  0  
[2023/03/20 19:16:40 147] tts        485  get audio|use local  
[2023/03/20 19:16:40 147] tts        527  0  nil  1  
[2023/03/20 19:16:40 147] tts        657  TTS_MSG_GETAUDIO  0  
[2023/03/20 19:16:40 147] tts        485  get audio|use local  
[2023/03/20 19:16:40 147] tts        527  0  nil  1  
[2023/03/20 19:16:40 148] tts        657  TTS_MSG_GETAUDIO  0  
[2023/03/20 19:16:40 148] tts        485  get audio|use local  
[2023/03/20 19:16:40 148] tts        527  0  nil  1  
[2023/03/20 19:16:40 150] tts        657  TTS_MSG_GETAUDIO  0  
[2023/03/20 19:16:40 150] tts        485  get audio|use local  
[2023/03/20 19:16:40 150] tts        527  0  nil  1  
[2023/03/20 19:16:40 151] tts        657  TTS_MSG_GETAUDIO  0  
[2023/03/20 19:16:40 151] tts        485  get audio|use local  
[2023/03/20 19:16:40 151] tts        527  0  nil  1  
[2023/03/20 19:16:40 151] tts        657  TTS_MSG_GETAUDIO  0  
[2023/03/20 19:16:40 151] tts        485  get audio|use local  
[2023/03/20 19:16:40 151] tts        527  0  nil  1  
[2023/03/20 19:16:40 152] tts        657  TTS_MSG_GETAUDIO  0  
[2023/03/20 19:16:40 152] tts        485  get audio|use local  
[2023/03/20 19:16:40 152] tts        527  0  nil  1  
[2023/03/20 19:16:40 153] tts        657  TTS_MSG_GETAUDIO  0  
[2023/03/20 19:16:40 153] tts        485  get audio|use local  
[2023/03/20 19:16:40 153] tts        527  0  nil  1  
[2023/03/20 19:16:40 153] tts        657  TTS_MSG_GETAUDIO  0  
[2023/03/20 19:16:40 153] tts        485  get audio|use local  
[2023/03/20 19:16:40 154] tts        527  0  nil  1  
[2023/03/20 19:16:40 154] tts        657  TTS_MSG_GETAUDIO  0  
[2023/03/20 19:16:40 154] tts        485  get audio|use local  
[2023/03/20 19:16:40 154] tts        527  0  nil  1  
[2023/03/20 19:16:40 155] tts        657  TTS_MSG_GETAUDIO  0  
[2023/03/20 19:16:40 155] tts        485  get audio|use local  
[2023/03/20 19:16:40 155] tts        527  0  nil  1  
[2023/03/20 19:16:40 156] tts        657  TTS_MSG_GETAUDIO  0  
[2023/03/20 19:16:40 156] tts        485  get audio|use local  
[2023/03/20 19:16:40 156] tts        527  0  nil  1  
[2023/03/20 19:16:40 156] tts        657  TTS_MSG_GETAUDIO  0  
[2023/03/20 19:16:40 156] tts        485  get audio|use local  
[2023/03/20 19:16:40 156] tts        527  0  nil  1  
[2023/03/20 19:16:40 157] tts        657  TTS_MSG_GETAUDIO  0  
[2023/03/20 19:16:40 157] tts        485  get audio|use local  
[2023/03/20 19:16:40 157] tts        527  0  nil  1  
[2023/03/20 19:16:40 158] tts        657  TTS_MSG_GETAUDIO  0  
[2023/03/20 19:16:40 158] tts        485  get audio|use local  
[2023/03/20 19:16:40 158] tts        527  0  nil  1  
[2023/03/20 19:16:40 158] tts        657  TTS_MSG_GETAUDIO  0  
[2023/03/20 19:16:40 159] tts        485  get audio|use local  
[2023/03/20 19:16:40 159] tts        527  0  nil  1  
[2023/03/20 19:16:40 159] tts        657  TTS_MSG_GETAUDIO  0  
[2023/03/20 19:16:40 159] tts        485  get audio|use local  
[2023/03/20 19:16:40 159] tts        527  0  nil  1  
[2023/03/20 19:16:40 160] tts        657  TTS_MSG_GETAUDIO  0  
[2023/03/20 19:16:40 160] tts        485  get audio|use local  
[2023/03/20 19:16:40 160] tts        527  0  nil  1  
[2023/03/20 19:16:40 161] tts        657  TTS_MSG_GETAUDIO  0  
[2023/03/20 19:16:40 161] tts        485  get audio|use local  
[2023/03/20 19:16:40 161] tts        527  0  nil  1  
[2023/03/20 19:16:40 161] tts        657  TTS_MSG_GETAUDIO  0  
[2023/03/20 19:16:40 161] tts        485  get audio|use local  
[2023/03/20 19:16:40 161] tts        527  0  nil  1  
[2023/03/20 19:16:40 162] tts        657  TTS_MSG_GETAUDIO  0  
[2023/03/20 19:16:40 162] tts        485  get audio|use local  
[2023/03/20 19:16:40 162] tts        527  0  nil  1  
[2023/03/20 19:16:40 163] tts        657  TTS_MSG_GETAUDIO  0  
[2023/03/20 19:16:40 163] tts        485  get audio|use local  
[2023/03/20 19:16:40 163] tts        527  0  nil  1  
[2023/03/20 19:16:40 163] tts        657  TTS_MSG_GETAUDIO  0  
[2023/03/20 19:16:40 164] tts        485  get audio|use local  
[2023/03/20 19:16:40 164] tts        527  0  nil  1  
[2023/03/20 19:16:40 164] tts        657  TTS_MSG_GETAUDIO  0  
[2023/03/20 19:16:40 164] tts        485  get audio|use local  
[2023/03/20 19:16:40 164] tts        527  0  nil  1  
[2023/03/20 19:16:40 165] tts        657  TTS_MSG_GETAUDIO  0  
[2023/03/20 19:16:40 165] tts        485  get audio|use local  
[2023/03/20 19:16:40 165] tts        527  0  nil  1  
[2023/03/20 19:16:40 166] tts        657  TTS_MSG_GETAUDIO  0  
[2023/03/20 19:16:40 166] tts        485  get audio|use local  
[2023/03/20 19:16:40 166] tts        527  0  nil  1  
[2023/03/20 19:16:40 166] tts        657  TTS_MSG_GETAUDIO  0  
[2023/03/20 19:16:40 166] tts        485  get audio|use local  
[2023/03/20 19:16:40 167] tts        527  0  nil  1  
[2023/03/20 19:16:40 167] tts        657  TTS_MSG_GETAUDIO  0  
[2023/03/20 19:16:40 167] tts        485  get audio|use local  
[2023/03/20 19:16:40 167] tts        527  0  nil  1  
[2023/03/20 19:16:40 168] tts        657  TTS_MSG_GETAUDIO  0  
[2023/03/20 19:16:40 168] tts        485  get audio|use local  
[2023/03/20 19:16:40 168] tts        527  0  nil  1  
[2023/03/20 19:16:40 169] tts        657  TTS_MSG_GETAUDIO  0  
[2023/03/20 19:16:40 169] tts        485  get audio|use local  
[2023/03/20 19:16:40 169] tts        527  0  nil  1  
[2023/03/20 19:16:40 169] tts        657  TTS_MSG_GETAUDIO  0  
[2023/03/20 19:16:40 170] tts        485  get audio|use local  
[2023/03/20 19:16:40 170] tts        527  0  nil  1  
[2023/03/20 19:16:40 170] tts        657  TTS_MSG_GETAUDIO  0  
[2023/03/20 19:16:40 170] tts        485  get audio|use local  
[2023/03/20 19:16:40 171] tts        527  0  nil  1  
[2023/03/20 19:16:40 171] tts        657  TTS_MSG_GETAUDIO  0  
[2023/03/20 19:16:40 171] tts        485  get audio|use local  
[2023/03/20 19:16:40 171] tts        527  0  nil  1  
[2023/03/20 19:16:40 172] tts        657  TTS_MSG_GETAUDIO  0  
[2023/03/20 19:16:40 172] tts        485  get audio|use local  
[2023/03/20 19:16:40 172] tts        527  0  nil  1  
[2023/03/20 19:16:40 173] tts        657  TTS_MSG_GETAUDIO  0  
[2023/03/20 19:16:40 173] tts        485  get audio|use local  
[2023/03/20 19:16:40 173] tts        527  0  nil  1  
[2023/03/20 19:16:40 173] tts        657  TTS_MSG_GETAUDIO  0  
[2023/03/20 19:16:40 173] tts        485  get audio|use local  
[2023/03/20 19:16:40 173] tts        527  0  nil  1  
[2023/03/20 19:16:40 175] tts        657  TTS_MSG_GETAUDIO  0  
[2023/03/20 19:16:40 175] tts        485  get audio|use local  
[2023/03/20 19:16:40 175] tts        527  0  nil  1  
[2023/03/20 19:16:40 176] tts        657  TTS_MSG_GETAUDIO  0  
[2023/03/20 19:16:40 176] tts        485  get audio|use local  
[2023/03/20 19:16:40 176] tts        527  0  nil  1  
[2023/03/20 19:16:40 176] tts        657  TTS_MSG_GETAUDIO  0  
[2023/03/20 19:16:40 177] tts        485  get audio|use local  
[2023/03/20 19:16:40 177] tts        527  0  nil  1  
[2023/03/20 19:16:40 177] tts        657  TTS_MSG_GETAUDIO  0  
[2023/03/20 19:16:40 177] tts        485  get audio|use local  
[2023/03/20 19:16:40 177] tts        527  0  nil  1  
[2023/03/20 19:16:40 178] tts        657  TTS_MSG_GETAUDIO  0  
[2023/03/20 19:16:40 178] tts        485  get audio|use local  
[2023/03/20 19:16:40 178] tts        527  0  nil  1  
[2023/03/20 19:16:40 179] tts        657  TTS_MSG_GETAUDIO  0  
[2023/03/20 19:16:40 179] tts        485  get audio|use local  
[2023/03/20 19:16:40 179] tts        527  0  nil  1  
[2023/03/20 19:16:40 180] tts        657  TTS_MSG_GETAUDIO  0  
[2023/03/20 19:16:40 180] tts        485  get audio|use local  
[2023/03/20 19:16:40 180] tts        527  0  nil  1  
[2023/03/20 19:16:40 180] tts        657  TTS_MSG_GETAUDIO  0  
[2023/03/20 19:16:40 180] tts        485  get audio|use local  
[2023/03/20 19:16:40 180] tts        527  0  nil  1  
[2023/03/20 19:16:40 181] tts        657  TTS_MSG_GETAUDIO  0  
[2023/03/20 19:16:40 181] tts        485  get audio|use local  
[2023/03/20 19:16:40 181] tts        527  0  nil  1  
[2023/03/20 19:16:40 182] tts        657  TTS_MSG_GETAUDIO  0  
[2023/03/20 19:16:40 182] tts        485  get audio|use local  
[2023/03/20 19:16:40 182] tts        527  0  nil  1  
[2023/03/20 19:16:40 182] tts        657  TTS_MSG_GETAUDIO  0  
[2023/03/20 19:16:40 183] tts        485  get audio|use local  
[2023/03/20 19:16:40 183] tts        527  0  nil  1  
[2023/03/20 19:16:40 183] tts        657  TTS_MSG_GETAUDIO  0  
[2023/03/20 19:16:40 183] tts        485  get audio|use local  
[2023/03/20 19:16:40 183] tts        527  0  nil  1  
[2023/03/20 19:16:40 184] tts        657  TTS_MSG_GETAUDIO  0  
[2023/03/20 19:16:40 184] tts        485  get audio|use local  
[2023/03/20 19:16:40 184] tts        527  0  nil  1  
[2023/03/20 19:16:40 185] tts        657  TTS_MSG_GETAUDIO  0  
[2023/03/20 19:16:40 185] tts        485  get audio|use local  
[2023/03/20 19:16:40 185] tts        527  0  nil  1  
[2023/03/20 19:16:40 185] tts        657  TTS_MSG_GETAUDIO  0  
[2023/03/20 19:16:40 185] tts        485  get audio|use local  
[2023/03/20 19:16:40 185] tts        527  0  nil  1  
[2023/03/20 19:16:40 186] tts        657  TTS_MSG_GETAUDIO  0  
[2023/03/20 19:16:40 186] tts        485  get audio|use local  
[2023/03/20 19:16:40 186] tts        527  0  nil  1  
[2023/03/20 19:16:40 187] tts        657  TTS_MSG_GETAUDIO  0  
[2023/03/20 19:16:40 187] tts        485  get audio|use local  
[2023/03/20 19:16:40 187] tts        527  0  nil  1  
[2023/03/20 19:16:40 187] tts        657  TTS_MSG_GETAUDIO  0  
[2023/03/20 19:16:40 188] tts        485  get audio|use local  
[2023/03/20 19:16:40 188] tts        527  0  nil  1  
[2023/03/20 19:16:40 188] tts        657  TTS_MSG_GETAUDIO  0  
[2023/03/20 19:16:40 188] tts        485  get audio|use local  
[2023/03/20 19:16:40 188] tts        527  0  nil  1  
[2023/03/20 19:16:40 189] tts        657  TTS_MSG_GETAUDIO  0  
[2023/03/20 19:16:40 189] tts        485  get audio|use local  
[2023/03/20 19:16:40 189] tts        527  0  nil  1  
[2023/03/20 19:16:40 190] tts        657  TTS_MSG_GETAUDIO  0  
[2023/03/20 19:16:40 190] tts        485  get audio|use local  
[2023/03/20 19:16:40 190] tts        527  0  nil  1  
[2023/03/20 19:16:40 190] tts        657  TTS_MSG_GETAUDIO  0  
[2023/03/20 19:16:40 190] tts        485  get audio|use local  
[2023/03/20 19:16:40 190] tts        527  0  nil  1  
[2023/03/20 19:16:40 191] tts        657  TTS_MSG_GETAUDIO  0  
[2023/03/20 19:16:40 191] tts        485  get audio|use local  
[2023/03/20 19:16:40 191] tts        527  0  nil  1  
[2023/03/20 19:16:40 192] tts        657  TTS_MSG_GETAUDIO  0  
[2023/03/20 19:16:40 192] tts        485  get audio|use local  
[2023/03/20 19:16:40 192] tts        527  0  nil  1  
[2023/03/20 19:16:40 192] tts        657  TTS_MSG_GETAUDIO  0  
[2023/03/20 19:16:40 192] tts        485  get audio|use local  
[2023/03/20 19:16:40 193] tts        527  0  nil  1  
[2023/03/20 19:16:40 193] tts        657  TTS_MSG_GETAUDIO  0  
[2023/03/20 19:16:40 193] tts        485  get audio|use local  
[2023/03/20 19:16:40 193] tts        527  0  nil  1  
[2023/03/20 19:16:40 194] tts        657  TTS_MSG_GETAUDIO  0  
[2023/03/20 19:16:40 194] tts        485  get audio|use local  
[2023/03/20 19:16:40 194] tts        527  0  nil  1  
[2023/03/20 19:16:40 195] tts        657  TTS_MSG_GETAUDIO  0  
[2023/03/20 19:16:40 195] tts        485  get audio|use local  
[2023/03/20 19:16:40 195] tts        527  0  nil  1  
[2023/03/20 19:16:40 195] tts        657  TTS_MSG_GETAUDIO  0  
[2023/03/20 19:16:40 196] tts        485  get audio|use local  
[2023/03/20 19:16:40 196] tts        527  0  nil  1  
[2023/03/20 19:16:40 196] tts        657  TTS_MSG_GETAUDIO  0  
[2023/03/20 19:16:40 196] tts        485  get audio|use local  
[2023/03/20 19:16:40 196] tts        527  0  nil  1  
[2023/03/20 19:16:40 197] tts        657  TTS_MSG_GETAUDIO  0  
[2023/03/20 19:16:40 197] tts        485  get audio|use local  
[2023/03/20 19:16:40 197] tts        527  0  nil  1  
[2023/03/20 19:16:40 198] tts        657  TTS_MSG_GETAUDIO  0  
[2023/03/20 19:16:40 198] tts        485  get audio|use local  
[2023/03/20 19:16:40 198] tts        527  0  nil  1  
[2023/03/20 19:16:40 199] tts        657  TTS_MSG_GETAUDIO  0  
[2023/03/20 19:16:40 199] tts        485  get audio|use local  
[2023/03/20 19:16:40 199] tts        527  0  nil  1  
[2023/03/20 19:16:40 199] tts        657  TTS_MSG_GETAUDIO  0  
[2023/03/20 19:16:40 199] tts        485  get audio|use local  
[2023/03/20 19:16:40 199] tts        527  0  nil  1  
[2023/03/20 19:16:40 200] tts        657  TTS_MSG_GETAUDIO  0  
[2023/03/20 19:16:40 200] tts        485  get audio|use local  
[2023/03/20 19:16:40 200] tts        527  0  nil  1  
[2023/03/20 19:16:40 201] tts        657  TTS_MSG_GETAUDIO  0  
[2023/03/20 19:16:40 201] tts        485  get audio|use local  
[2023/03/20 19:16:40 201] tts        527  0  nil  1  
[2023/03/20 19:16:40 202] tts        657  TTS_MSG_GETAUDIO  0  
[2023/03/20 19:16:40 202] tts        485  get audio|use local  
[2023/03/20 19:16:40 202] tts        527  0  nil  1  
[2023/03/20 19:16:40 202] tts        657  TTS_MSG_GETAUDIO  0  
[2023/03/20 19:16:40 202] tts        485  get audio|use local  
[2023/03/20 19:16:40 202] tts        527  0  nil  1  
[2023/03/20 19:16:40 203] tts        657  TTS_MSG_GETAUDIO  0  
[2023/03/20 19:16:40 203] tts        485  get audio|use local  
[2023/03/20 19:16:40 203] tts        527  0  nil  1  
[2023/03/20 19:16:40 204] tts        657  TTS_MSG_GETAUDIO  0  
[2023/03/20 19:16:40 204] tts        485  get audio|use local  
[2023/03/20 19:16:40 204] tts        527  0  nil  1  
[2023/03/20 19:16:40 204] tts        657  TTS_MSG_GETAUDIO  0  
[2023/03/20 19:16:40 204] tts        485  get audio|use local  
[2023/03/20 19:16:40 205] tts        527  0  nil  1  
[2023/03/20 19:16:40 205] tts        657  TTS_MSG_GETAUDIO  0  
[2023/03/20 19:16:40 205] tts        485  get audio|use local  
[2023/03/20 19:16:40 205] tts        527  0  nil  1  
[2023/03/20 19:16:40 206] tts        657  TTS_MSG_GETAUDIO  0  
[2023/03/20 19:16:40 206] tts        485  get audio|use local  
[2023/03/20 19:16:40 206] tts        527  0  nil  1  
[2023/03/20 19:16:40 207] tts        657  TTS_MSG_GETAUDIO  0  
[2023/03/20 19:16:40 207] tts        485  get audio|use local  
[2023/03/20 19:16:40 207] tts        527  0  nil  1  
[2023/03/20 19:16:40 207] tts        657  TTS_MSG_GETAUDIO  0  
[2023/03/20 19:16:40 207] tts        485  get audio|use local  
[2023/03/20 19:16:40 207] tts        527  0  nil  1  
[2023/03/20 19:16:40 208] tts        657  TTS_MSG_GETAUDIO  0  
[2023/03/20 19:16:40 208] tts        485  get audio|use local  
[2023/03/20 19:16:40 208] tts        527  0  nil  1  
[2023/03/20 19:16:40 209] tts        657  TTS_MSG_GETAUDIO  0  
[2023/03/20 19:16:40 209] tts        485  get audio|use local  
[2023/03/20 19:16:40 209] tts        527  0  nil  1  
[2023/03/20 19:16:40 209] tts        657  TTS_MSG_GETAUDIO  0  
[2023/03/20 19:16:40 209] tts        485  get audio|use local  
[2023/03/20 19:16:40 210] tts        527  0  nil  1  
[2023/03/20 19:16:40 210] tts        657  TTS_MSG_GETAUDIO  0  
[2023/03/20 19:16:40 210] tts        485  get audio|use local  
[2023/03/20 19:16:40 210] tts        527  0  nil  1  
[2023/03/20 19:16:40 211] tts        657  TTS_MSG_GETAUDIO  0  
[2023/03/20 19:16:40 211] tts        485  get audio|use local  
[2023/03/20 19:16:40 211] tts        527  0  nil  1  
[2023/03/20 19:16:40 212] tts        657  TTS_MSG_GETAUDIO  0  
[2023/03/20 19:16:40 212] tts        485  get audio|use local  
[2023/03/20 19:16:40 212] tts        527  0  nil  1  
[2023/03/20 19:16:40 212] tts        657  TTS_MSG_GETAUDIO  0  
[2023/03/20 19:16:40 212] tts        485  get audio|use local  
[2023/03/20 19:16:40 212] tts        527  0  nil  1  
[2023/03/20 19:16:40 213] tts        657  TTS_MSG_GETAUDIO  0  
[2023/03/20 19:16:40 213] tts        485  get audio|use local  
[2023/03/20 19:16:40 213] tts        527  0  nil  1  
[2023/03/20 19:16:40 214] tts        657  TTS_MSG_GETAUDIO  0  
[2023/03/20 19:16:40 214] tts        485  get audio|use local  
[2023/03/20 19:16:40 214] tts        527  0  nil  1  
[2023/03/20 19:16:40 214] tts        657  TTS_MSG_GETAUDIO  0  
[2023/03/20 19:16:40 214] tts        485  get audio|use local  
[2023/03/20 19:16:40 215] tts        527  0  nil  1  
[2023/03/20 19:16:40 215] tts        657  TTS_MSG_GETAUDIO  0  
[2023/03/20 19:16:40 215] tts        485  get audio|use local  
[2023/03/20 19:16:40 215] tts        527  0  nil  1  
[2023/03/20 19:16:40 216] tts        657  TTS_MSG_GETAUDIO  0  
[2023/03/20 19:16:40 216] tts        485  get audio|use local  
[2023/03/20 19:16:40 216] tts        527  0  nil  1  
[2023/03/20 19:16:40 217] tts        657  TTS_MSG_GETAUDIO  0  
[2023/03/20 19:16:40 217] tts        485  get audio|use local  
[2023/03/20 19:16:40 217] tts        527  0  nil  1  
[2023/03/20 19:16:40 217] tts        657  TTS_MSG_GETAUDIO  0  
[2023/03/20 19:16:40 217] tts        485  get audio|use local  
[2023/03/20 19:16:40 217] tts        527  0  nil  1  
[2023/03/20 19:16:40 218] tts        657  TTS_MSG_GETAUDIO  0  
[2023/03/20 19:16:40 218] tts        485  get audio|use local  
[2023/03/20 19:16:40 218] tts        527  0  nil  1  
[2023/03/20 19:16:40 246] tts        657  TTS_MSG_GETAUDIO  0  
[2023/03/20 19:16:40 246] tts        485  get audio|use local  
[2023/03/20 19:16:40 246] tts        527  0  nil  1  
[2023/03/20 19:16:40 255] tts        657  TTS_MSG_GETAUDIO  0  
[2023/03/20 19:16:40 255] tts        485  get audio|use local  
[2023/03/20 19:16:40 255] tts        527  0  nil  1  
[2023/03/20 19:16:40 255] tts        657  TTS_MSG_GETAUDIO  0  
[2023/03/20 19:16:40 256] tts        485  get audio|use local  
[2023/03/20 19:16:40 256] tts        527  0  nil  1  
[2023/03/20 19:16:40 256] tts        657  TTS_MSG_GETAUDIO  0  
[2023/03/20 19:16:40 256] tts        485  get audio|use local  
[2023/03/20 19:16:40 256] tts        527  0  nil  1  
[2023/03/20 19:16:40 259] tts        657  TTS_MSG_GETAUDIO  0  
[2023/03/20 19:16:40 263] tts        485  get audio|use local  
[2023/03/20 19:16:40 263] tts        527  0  nil  1  
[2023/03/20 19:16:40 264] tts        657  TTS_MSG_GETAUDIO  0  
[2023/03/20 19:16:40 265] tts        485  get audio|use local  
[2023/03/20 19:16:40 265] tts        527  0  nil  1  
[2023/03/20 19:16:40 266] tts        657  TTS_MSG_GETAUDIO  0  
[2023/03/20 19:16:40 266] tts        485  get audio|use local  
[2023/03/20 19:16:40 266] tts        527  0  nil  1  
[2023/03/20 19:16:40 267] tts        657  TTS_MSG_GETAUDIO  0  
[2023/03/20 19:16:40 267] tts        485  get audio|use local  
[2023/03/20 19:16:40 267] tts        527  0  nil  1  
[2023/03/20 19:16:40 268] tts        657  TTS_MSG_GETAUDIO  0  
[2023/03/20 19:16:40 268] tts        485  get audio|use local  
[2023/03/20 19:16:40 268] tts        527  0  nil  1  
[2023/03/20 19:16:40 269] tts        657  TTS_MSG_GETAUDIO  0  
[2023/03/20 19:16:40 269] tts        485  get audio|use local  
[2023/03/20 19:16:40 269] tts        527  0  nil  1  
[2023/03/20 19:16:40 270] tts        657  TTS_MSG_GETAUDIO  0  
[2023/03/20 19:16:40 270] tts        485  get audio|use local  
[2023/03/20 19:16:40 270] tts        527  0  nil  1  
[2023/03/20 19:16:40 270] tts        657  TTS_MSG_GETAUDIO  0  
[2023/03/20 19:16:40 271] tts        485  get audio|use local  
[2023/03/20 19:16:40 271] tts        527  0  nil  1  
[2023/03/20 19:16:40 271] tts        657  TTS_MSG_GETAUDIO  0  
[2023/03/20 19:16:40 271] tts        485  get audio|use local  
[2023/03/20 19:16:40 271] tts        527  0  nil  1  
[2023/03/20 19:16:40 272] tts        657  TTS_MSG_GETAUDIO  0  
[2023/03/20 19:16:40 272] tts        485  get audio|use local  
[2023/03/20 19:16:40 272] tts        527  0  nil  1  
[2023/03/20 19:16:40 274] tts        657  TTS_MSG_GETAUDIO  0  
[2023/03/20 19:16:40 274] tts        485  get audio|use local  
[2023/03/20 19:16:40 274] tts        527  0  nil  1  
[2023/03/20 19:16:40 275] tts        657  TTS_MSG_GETAUDIO  0  
[2023/03/20 19:16:40 275] tts        485  get audio|use local  
[2023/03/20 19:16:40 275] tts        527  0  nil  1  
[2023/03/20 19:16:40 276] tts        657  TTS_MSG_GETAUDIO  0  
[2023/03/20 19:16:40 276] tts        485  get audio|use local  
[2023/03/20 19:16:40 276] tts        527  0  nil  1  
[2023/03/20 19:16:40 277] tts        657  TTS_MSG_GETAUDIO  0  
[2023/03/20 19:16:40 277] tts        485  get audio|use local  
[2023/03/20 19:16:40 277] tts        527  0  nil  1  
[2023/03/20 19:16:40 279] tts        657  TTS_MSG_GETAUDIO  0  
[2023/03/20 19:16:40 279] tts        485  get audio|use local  
[2023/03/20 19:16:40 279] tts        527  0  nil  1  
[2023/03/20 19:16:40 280] tts        657  TTS_MSG_GETAUDIO  0  
[2023/03/20 19:16:40 280] tts        485  get audio|use local  
[2023/03/20 19:16:40 280] tts        527  0  nil  1  
[2023/03/20 19:16:40 280] tts        657  TTS_MSG_GETAUDIO  0  
[2023/03/20 19:16:40 281] tts        485  get audio|use local  
[2023/03/20 19:16:40 281] tts        527  0  nil  1  
[2023/03/20 19:16:40 281] tts        657  TTS_MSG_GETAUDIO  0  
[2023/03/20 19:16:40 281] tts        485  get audio|use local  
[2023/03/20 19:16:40 281] tts        527  0  nil  1  
[2023/03/20 19:16:40 282] tts        657  TTS_MSG_GETAUDIO  0  
[2023/03/20 19:16:40 282] tts        485  get audio|use local  
[2023/03/20 19:16:40 282] tts        527  0  nil  1  
[2023/03/20 19:16:40 283] tts        657  TTS_MSG_GETAUDIO  0  
[2023/03/20 19:16:40 283] tts        485  get audio|use local  
[2023/03/20 19:16:40 283] tts        527  0  nil  1  
[2023/03/20 19:16:40 284] tts        657  TTS_MSG_GETAUDIO  0  
[2023/03/20 19:16:40 284] tts        485  get audio|use local  
[2023/03/20 19:16:40 284] tts        527  0  nil  1  
[2023/03/20 19:16:40 284] tts        657  TTS_MSG_GETAUDIO  0  
[2023/03/20 19:16:40 284] tts        485  get audio|use local  
[2023/03/20 19:16:40 284] tts        527  0  nil  1  
[2023/03/20 19:16:40 285] tts        657  TTS_MSG_GETAUDIO  0  
[2023/03/20 19:16:40 285] tts        485  get audio|use local  
[2023/03/20 19:16:40 285] tts        527  0  nil  1  
[2023/03/20 19:16:40 286] tts        657  TTS_MSG_GETAUDIO  0  
[2023/03/20 19:16:40 286] tts        485  get audio|use local  
[2023/03/20 19:16:40 286] tts        527  0  nil  1  
[2023/03/20 19:16:40 287] tts        657  TTS_MSG_GETAUDIO  0  
[2023/03/20 19:16:40 287] tts        485  get audio|use local  
[2023/03/20 19:16:40 287] tts        527  0  nil  1  
[2023/03/20 19:16:40 287] tts        657  TTS_MSG_GETAUDIO  0  
[2023/03/20 19:16:40 288] tts        485  get audio|use local  
[2023/03/20 19:16:40 288] tts        527  0  nil  1  
[2023/03/20 19:16:40 288] tts        657  TTS_MSG_GETAUDIO  0  
[2023/03/20 19:16:40 288] tts        485  get audio|use local  
[2023/03/20 19:16:40 288] tts        527  0  nil  1  
[2023/03/20 19:16:40 289] tts        657  TTS_MSG_GETAUDIO  0  
[2023/03/20 19:16:40 289] tts        485  get audio|use local  
[2023/03/20 19:16:40 289] tts        527  0  nil  1  
[2023/03/20 19:16:40 290] tts        657  TTS_MSG_GETAUDIO  0  
[2023/03/20 19:16:40 290] tts        485  get audio|use local  
[2023/03/20 19:16:40 290] tts        527  0  nil  1  
[2023/03/20 19:16:40 291] tts        657  TTS_MSG_GETAUDIO  0  
[2023/03/20 19:16:40 291] tts        485  get audio|use local  
[2023/03/20 19:16:40 291] tts        527  0  nil  1  
[2023/03/20 19:16:40 292] tts        657  TTS_MSG_GETAUDIO  0  
[2023/03/20 19:16:40 292] tts        485  get audio|use local  
[2023/03/20 19:16:40 292] tts        527  0  nil  1  
[2023/03/20 19:16:40 293] tts        657  TTS_MSG_GETAUDIO  0  
[2023/03/20 19:16:40 293] tts        485  get audio|use local  
[2023/03/20 19:16:40 293] tts        527  0  nil  1  
[2023/03/20 19:16:40 293] tts        657  TTS_MSG_GETAUDIO  0  
[2023/03/20 19:16:40 293] tts        485  get audio|use local  
[2023/03/20 19:16:40 293] tts        527  0  nil  1  
[2023/03/20 19:16:40 297] tts        657  TTS_MSG_GETAUDIO  0  
[2023/03/20 19:16:40 297] tts        485  get audio|use local  
[2023/03/20 19:16:40 297] tts        527  0  nil  1  
[2023/03/20 19:16:40 297] tts        657  TTS_MSG_GETAUDIO  0  
[2023/03/20 19:16:40 298] tts        485  get audio|use local  
[2023/03/20 19:16:40 298] tts        527  0  nil  1  
[2023/03/20 19:16:40 309] tts        657  TTS_MSG_GETAUDIO  0  
[2023/03/20 19:16:40 309] tts        485  get audio|use local  
[2023/03/20 19:16:40 309] tts        527  0  nil  1  
[2023/03/20 19:16:40 309] tts        657  TTS_MSG_GETAUDIO  0  
[2023/03/20 19:16:40 310] tts        485  get audio|use local  
[2023/03/20 19:16:40 310] tts        527  0  nil  1  
[2023/03/20 19:16:40 310] tts        657  TTS_MSG_GETAUDIO  0  
[2023/03/20 19:16:40 310] tts        485  get audio|use local  
[2023/03/20 19:16:40 311] tts        527  0  nil  1  
[2023/03/20 19:16:40 311] tts        657  TTS_MSG_GETAUDIO  0  
[2023/03/20 19:16:40 311] tts        485  get audio|use local  
[2023/03/20 19:16:40 311] tts        527  0  nil  1  
[2023/03/20 19:16:40 312] tts        299  TTS_LOCAL_CB_BEGIN  
[2023/03/20 19:16:40 313] tts        657  TTS_MSG_GETAUDIO  0  
[2023/03/20 19:16:40 313] tts        485  get audio|use local  
[2023/03/20 19:16:40 313] tts        527  0  nil  1  
[2023/03/20 19:16:40 313] tts        657  TTS_MSG_GETAUDIO  0  
[2023/03/20 19:16:40 314] tts        485  get audio|use local  
[2023/03/20 19:16:40 314] tts        527  0  nil  1  
[2023/03/20 19:16:40 314] tts        657  TTS_MSG_GETAUDIO  0  
[2023/03/20 19:16:40 314] tts        485  get audio|use local  
[2023/03/20 19:16:40 314] tts        527  0  nil  1  
[2023/03/20 19:16:40 315] tts        657  TTS_MSG_GETAUDIO  0  
[2023/03/20 19:16:40 315] tts        485  get audio|use local  
[2023/03/20 19:16:40 315] tts        527  0  nil  1  
[2023/03/20 19:16:40 316] tts        657  TTS_MSG_GETAUDIO  0  
[2023/03/20 19:16:40 316] tts        485  get audio|use local  
[2023/03/20 19:16:40 316] tts        527  0  nil  1  
[2023/03/20 19:16:40 317] tts        657  TTS_MSG_GETAUDIO  0  
[2023/03/20 19:16:40 317] tts        485  get audio|use local  
[2023/03/20 19:16:40 317] tts        527  0  nil  1  
[2023/03/20 19:16:40 318] tts        657  TTS_MSG_GETAUDIO  0  
[2023/03/20 19:16:40 318] tts        485  get audio|use local  
[2023/03/20 19:16:40 318] tts        527  0  nil  1  
[2023/03/20 19:16:40 318] tts        657  TTS_MSG_GETAUDIO  0  
[2023/03/20 19:16:40 319] tts        485  get audio|use local  
[2023/03/20 19:16:40 319] tts        527  0  nil  1  
[2023/03/20 19:16:40 335] tts        657  TTS_MSG_GETAUDIO  0  
[2023/03/20 19:16:40 335] tts        485  get audio|use local  
[2023/03/20 19:16:40 335] tts        527  0  nil  1  
[2023/03/20 19:16:40 336] tts        657  TTS_MSG_GETAUDIO  0  
[2023/03/20 19:16:40 337] tts        485  get audio|use local  
[2023/03/20 19:16:40 337] tts        527  0  nil  1  
[2023/03/20 19:16:40 338] tts        657  TTS_MSG_GETAUDIO  0  
[2023/03/20 19:16:40 338] tts        485  get audio|use local  
[2023/03/20 19:16:40 338] tts        527  0  nil  1  
[2023/03/20 19:16:40 339] tts        657  TTS_MSG_GETAUDIO  0  
[2023/03/20 19:16:40 339] tts        485  get audio|use local  
[2023/03/20 19:16:40 339] tts        527  0  nil  1  
[2023/03/20 19:16:40 340] tts        657  TTS_MSG_GETAUDIO  0  
[2023/03/20 19:16:40 340] tts        485  get audio|use local  
[2023/03/20 19:16:40 340] tts        527  0  nil  1  
[2023/03/20 19:16:40 340] tts        657  TTS_MSG_GETAUDIO  0  
[2023/03/20 19:16:40 341] tts        485  get audio|use local  
[2023/03/20 19:16:40 341] tts        527  0  nil  1  
[2023/03/20 19:16:40 341] tts        657  TTS_MSG_GETAUDIO  0  
[2023/03/20 19:16:40 341] tts        485  get audio|use local  
[2023/03/20 19:16:40 341] tts        527  0  nil  1  
[2023/03/20 19:16:40 342] tts        657  TTS_MSG_GETAUDIO  0  
[2023/03/20 19:16:40 342] tts        485  get audio|use local  
[2023/03/20 19:16:40 342] tts        527  0  nil  1  
[2023/03/20 19:16:40 343] tts        657  TTS_MSG_GETAUDIO  0  
[2023/03/20 19:16:40 343] tts        485  get audio|use local  
[2023/03/20 19:16:40 343] tts        527  0  nil  1  
[2023/03/20 19:16:40 344] tts        657  TTS_MSG_GETAUDIO  0  
[2023/03/20 19:16:40 344] tts        485  get audio|use local  
[2023/03/20 19:16:40 344] tts        527  0  nil  1  
[2023/03/20 19:16:40 344] tts        657  TTS_MSG_GETAUDIO  0  
[2023/03/20 19:16:40 344] tts        485  get audio|use local  
[2023/03/20 19:16:40 345] tts        527  0  nil  1  
[2023/03/20 19:16:40 345] tts        657  TTS_MSG_GETAUDIO  0  
[2023/03/20 19:16:40 345] tts        485  get audio|use local  
[2023/03/20 19:16:40 345] tts        527  0  nil  1  
[2023/03/20 19:16:40 346] tts        657  TTS_MSG_GETAUDIO  0  
[2023/03/20 19:16:40 346] tts        485  get audio|use local  
[2023/03/20 19:16:40 346] tts        527  0  nil  1  
[2023/03/20 19:16:40 347] tts        657  TTS_MSG_GETAUDIO  0  
[2023/03/20 19:16:40 347] tts        485  get audio|use local  
[2023/03/20 19:16:40 347] tts        527  0  nil  1  
[2023/03/20 19:16:40 347] tts        657  TTS_MSG_GETAUDIO  0  
[2023/03/20 19:16:40 348] tts        485  get audio|use local  
[2023/03/20 19:16:40 348] tts        527  0  nil  1  
[2023/03/20 19:16:40 348] tts        657  TTS_MSG_GETAUDIO  0  
[2023/03/20 19:16:40 348] tts        485  get audio|use local  
[2023/03/20 19:16:40 348] tts        527  0  nil  1  
[2023/03/20 19:16:40 349] tts        657  TTS_MSG_GETAUDIO  0  
[2023/03/20 19:16:40 349] tts        485  get audio|use local  
[2023/03/20 19:16:40 349] tts        527  0  nil  1  
[2023/03/20 19:16:40 350] tts        657  TTS_MSG_GETAUDIO  0  
[2023/03/20 19:16:40 350] tts        485  get audio|use local  
[2023/03/20 19:16:40 350] tts        527  0  nil  1  
[2023/03/20 19:16:40 350] tts        657  TTS_MSG_GETAUDIO  0  
[2023/03/20 19:16:40 350] tts        485  get audio|use local  
[2023/03/20 19:16:40 351] tts        527  0  nil  1  
[2023/03/20 19:16:40 351] tts        657  TTS_MSG_GETAUDIO  0  
[2023/03/20 19:16:40 351] tts        485  get audio|use local  
[2023/03/20 19:16:40 351] tts        527  0  nil  1  
[2023/03/20 19:16:40 352] tts        657  TTS_MSG_GETAUDIO  0  
[2023/03/20 19:16:40 352] tts        485  get audio|use local  
[2023/03/20 19:16:40 352] tts        527  0  nil  1  
[2023/03/20 19:16:40 352] tts        657  TTS_MSG_GETAUDIO  0  
[2023/03/20 19:16:40 353] tts        485  get audio|use local  
[2023/03/20 19:16:40 353] tts        527  0  nil  1  
[2023/03/20 19:16:40 367] tts        657  TTS_MSG_GETAUDIO  0  
[2023/03/20 19:16:40 367] tts        485  get audio|use local  
[2023/03/20 19:16:40 367] tts        527  0  nil  1  
[2023/03/20 19:16:40 367] tts        657  TTS_MSG_GETAUDIO  0  
[2023/03/20 19:16:40 368] tts        485  get audio|use local  
[2023/03/20 19:16:40 368] tts        527  0  nil  1  
[2023/03/20 19:16:40 368] tts        657  TTS_MSG_GETAUDIO  0  
[2023/03/20 19:16:40 368] tts        485  get audio|use local  
[2023/03/20 19:16:40 368] tts        527  0  nil  1  
[2023/03/20 19:16:40 369] tts        657  TTS_MSG_GETAUDIO  0  
[2023/03/20 19:16:40 369] tts        485  get audio|use local  
[2023/03/20 19:16:40 369] tts        527  0  nil  1  
[2023/03/20 19:16:40 370] tts        657  TTS_MSG_GETAUDIO  0  
[2023/03/20 19:16:40 370] tts        485  get audio|use local  
[2023/03/20 19:16:40 370] tts        527  0  nil  1  
[2023/03/20 19:16:40 371] tts        657  TTS_MSG_GETAUDIO  0  
[2023/03/20 19:16:40 371] tts        485  get audio|use local  
[2023/03/20 19:16:40 371] tts        527  0  nil  1  
[2023/03/20 19:16:40 372] tts        657  TTS_MSG_GETAUDIO  0  
[2023/03/20 19:16:40 372] tts        485  get audio|use local  
[2023/03/20 19:16:40 372] tts        527  0  nil  1  
[2023/03/20 19:16:40 372] tts        657  TTS_MSG_GETAUDIO  0  
[2023/03/20 19:16:40 373] tts        485  get audio|use local  
[2023/03/20 19:16:40 373] tts        527  0  nil  1  
[2023/03/20 19:16:40 373] tts        657  TTS_MSG_GETAUDIO  0  
[2023/03/20 19:16:40 373] tts        485  get audio|use local  
[2023/03/20 19:16:40 373] tts        527  0  nil  1  
[2023/03/20 19:16:40 375] tts        657  TTS_MSG_GETAUDIO  0  
[2023/03/20 19:16:40 375] tts        485  get audio|use local  
[2023/03/20 19:16:40 375] tts        527  0  nil  1  
[2023/03/20 19:16:40 376] tts        657  TTS_MSG_GETAUDIO  0  
[2023/03/20 19:16:40 376] tts        485  get audio|use local  
[2023/03/20 19:16:40 376] tts        527  0  nil  1  
[2023/03/20 19:16:40 377] tts        657  TTS_MSG_GETAUDIO  0  
[2023/03/20 19:16:40 377] tts        485  get audio|use local  
[2023/03/20 19:16:40 377] tts        527  0  nil  1  
[2023/03/20 19:16:40 378] tts        657  TTS_MSG_GETAUDIO  0  
[2023/03/20 19:16:40 378] tts        485  get audio|use local  
[2023/03/20 19:16:40 378] tts        527  0  nil  1  
[2023/03/20 19:16:40 379] tts        657  TTS_MSG_GETAUDIO  0  
[2023/03/20 19:16:40 379] tts        485  get audio|use local  
[2023/03/20 19:16:40 380] tts        527  0  nil  1  
[2023/03/20 19:16:40 380] tts        657  TTS_MSG_GETAUDIO  0  
[2023/03/20 19:16:40 380] tts        485  get audio|use local  
[2023/03/20 19:16:40 380] tts        527  0  nil  1  
[2023/03/20 19:16:40 381] tts        657  TTS_MSG_GETAUDIO  0  
[2023/03/20 19:16:40 381] tts        485  get audio|use local  
[2023/03/20 19:16:40 381] tts        527  0  nil  1  
[2023/03/20 19:16:40 382] tts        657  TTS_MSG_GETAUDIO  0  
[2023/03/20 19:16:40 382] tts        485  get audio|use local  
[2023/03/20 19:16:40 382] tts        527  0  nil  1  
[2023/03/20 19:16:40 383] tts        657  TTS_MSG_GETAUDIO  0  
[2023/03/20 19:16:40 383] tts        485  get audio|use local  
[2023/03/20 19:16:40 383] tts        527  0  nil  1  
[2023/03/20 19:16:40 384] tts        657  TTS_MSG_GETAUDIO  0  
[2023/03/20 19:16:40 384] tts        485  get audio|use local  
[2023/03/20 19:16:40 384] tts        527  0  nil  1  
[2023/03/20 19:16:40 385] tts        657  TTS_MSG_GETAUDIO  0  
[2023/03/20 19:16:40 385] tts        485  get audio|use local  
[2023/03/20 19:16:40 385] tts        527  0  nil  1  
[2023/03/20 19:16:40 386] tts        657  TTS_MSG_GETAUDIO  0  
[2023/03/20 19:16:40 386] tts        485  get audio|use local  
[2023/03/20 19:16:40 386] tts        527  0  nil  1  
[2023/03/20 19:16:40 386] tts        657  TTS_MSG_GETAUDIO  0  
[2023/03/20 19:16:40 386] tts        485  get audio|use local  
[2023/03/20 19:16:40 387] tts        527  0  nil  1  
[2023/03/20 19:16:40 387] tts        657  TTS_MSG_GETAUDIO  0  
[2023/03/20 19:16:40 387] tts        485  get audio|use local  
[2023/03/20 19:16:40 388] tts        527  0  nil  1  
[2023/03/20 19:16:40 388] tts        657  TTS_MSG_GETAUDIO  0  
[2023/03/20 19:16:40 388] tts        485  get audio|use local  
[2023/03/20 19:16:40 388] tts        527  0  nil  1  
[2023/03/20 19:16:40 389] tts        657  TTS_MSG_GETAUDIO  0  
[2023/03/20 19:16:40 389] tts        485  get audio|use local  
[2023/03/20 19:16:40 389] tts        527  0  nil  1  
[2023/03/20 19:16:40 390] tts        657  TTS_MSG_GETAUDIO  0  
[2023/03/20 19:16:40 390] tts        485  get audio|use local  
[2023/03/20 19:16:40 390] tts        527  0  nil  1  
[2023/03/20 19:16:40 391] tts        657  TTS_MSG_GETAUDIO  0  
[2023/03/20 19:16:40 391] tts        485  get audio|use local  
[2023/03/20 19:16:40 391] tts        527  0  nil  1  
[2023/03/20 19:16:40 391] tts        657  TTS_MSG_GETAUDIO  0  
[2023/03/20 19:16:40 391] tts        485  get audio|use local  
[2023/03/20 19:16:40 392] tts        527  0  nil  1  
[2023/03/20 19:16:40 392] tts        657  TTS_MSG_GETAUDIO  0  
[2023/03/20 19:16:40 392] tts        485  get audio|use local  
[2023/03/20 19:16:40 392] tts        527  0  nil  1  
[2023/03/20 19:16:40 393] tts        657  TTS_MSG_GETAUDIO  0  
[2023/03/20 19:16:40 393] tts        485  get audio|use local  
[2023/03/20 19:16:40 393] tts        527  0  nil  1  
[2023/03/20 19:16:40 394] tts        657  TTS_MSG_GETAUDIO  0  
[2023/03/20 19:16:40 394] tts        485  get audio|use local  
[2023/03/20 19:16:40 394] tts        527  0  nil  1  
[2023/03/20 19:16:40 395] tts        657  TTS_MSG_GETAUDIO  0  
[2023/03/20 19:16:40 395] tts        485  get audio|use local  
[2023/03/20 19:16:40 395] tts        527  0  nil  1  
[2023/03/20 19:16:40 396] tts        657  TTS_MSG_GETAUDIO  0  
[2023/03/20 19:16:40 396] tts        485  get audio|use local  
[2023/03/20 19:16:40 396] tts        527  0  nil  1  
[2023/03/20 19:16:40 399] tts        657  TTS_MSG_GETAUDIO  0  
[2023/03/20 19:16:40 399] tts        485  get audio|use local  
[2023/03/20 19:16:40 399] tts        527  0  nil  1  
[2023/03/20 19:16:40 400] tts        657  TTS_MSG_GETAUDIO  0  
[2023/03/20 19:16:40 400] tts        485  get audio|use local  
[2023/03/20 19:16:40 400] tts        527  0  nil  1  
[2023/03/20 19:16:40 401] tts        657  TTS_MSG_GETAUDIO  0  
[2023/03/20 19:16:40 401] tts        485  get audio|use local  
[2023/03/20 19:16:40 401] tts        527  0  nil  1  
[2023/03/20 19:16:40 401] tts        657  TTS_MSG_GETAUDIO  0  
[2023/03/20 19:16:40 401] tts        485  get audio|use local  
[2023/03/20 19:16:40 402] tts        527  0  nil  1  
[2023/03/20 19:16:40 402] tts        657  TTS_MSG_GETAUDIO  0  
[2023/03/20 19:16:40 402] tts        485  get audio|use local  
[2023/03/20 19:16:40 402] tts        527  0  nil  1  
[2023/03/20 19:16:40 403] tts        657  TTS_MSG_GETAUDIO  0  
[2023/03/20 19:16:40 403] tts        485  get audio|use local  
[2023/03/20 19:16:40 403] tts        527  0  nil  1  
[2023/03/20 19:16:40 404] tts        657  TTS_MSG_GETAUDIO  0  
[2023/03/20 19:16:40 404] tts        485  get audio|use local  
[2023/03/20 19:16:40 404] tts        527  0  nil  1  
[2023/03/20 19:16:40 405] tts        657  TTS_MSG_GETAUDIO  0  
[2023/03/20 19:16:40 405] tts        485  get audio|use local  
[2023/03/20 19:16:40 405] tts        527  0  nil  1  
[2023/03/20 19:16:40 406] tts        657  TTS_MSG_GETAUDIO  0  
[2023/03/20 19:16:40 406] tts        485  get audio|use local  
[2023/03/20 19:16:40 406] tts        527  0  nil  1  
[2023/03/20 19:16:40 407] tts        657  TTS_MSG_GETAUDIO  0  
[2023/03/20 19:16:40 411] tts        485  get audio|use local  
[2023/03/20 19:16:40 411] tts        527  0  nil  1  
[2023/03/20 19:16:40 412] tts        657  TTS_MSG_GETAUDIO  0  
[2023/03/20 19:16:40 412] tts        485  get audio|use local  
[2023/03/20 19:16:40 412] tts        527  0  nil  1  
[2023/03/20 19:16:40 414] tts        657  TTS_MSG_GETAUDIO  0  
[2023/03/20 19:16:40 414] tts        485  get audio|use local  
[2023/03/20 19:16:40 414] tts        527  0  nil  1  
[2023/03/20 19:16:40 415] tts        657  TTS_MSG_GETAUDIO  0  
[2023/03/20 19:16:40 415] tts        485  get audio|use local  
[2023/03/20 19:16:40 415] tts        527  0  nil  1  
[2023/03/20 19:16:40 416] tts        657  TTS_MSG_GETAUDIO  0  
[2023/03/20 19:16:40 416] tts        485  get audio|use local  
[2023/03/20 19:16:40 416] tts        527  0  nil  1  
[2023/03/20 19:16:40 416] tts        657  TTS_MSG_GETAUDIO  0  
[2023/03/20 19:16:40 416] tts        485  get audio|use local  
[2023/03/20 19:16:40 417] tts        527  0  nil  1  
[2023/03/20 19:16:40 417] tts        657  TTS_MSG_GETAUDIO  0  
[2023/03/20 19:16:40 417] tts        485  get audio|use local  
[2023/03/20 19:16:40 417] tts        527  0  nil  1  
[2023/03/20 19:16:40 424] tts        657  TTS_MSG_GETAUDIO  0  
[2023/03/20 19:16:40 424] tts        485  get audio|use local  
[2023/03/20 19:16:40 424] tts        527  0  nil  1  
[2023/03/20 19:16:40 425] tts        657  TTS_MSG_GETAUDIO  0  
[2023/03/20 19:16:40 425] tts        485  get audio|use local  
[2023/03/20 19:16:40 425] tts        527  0  nil  1  
[2023/03/20 19:16:40 425] tts        657  TTS_MSG_GETAUDIO  0  
[2023/03/20 19:16:40 425] tts        485  get audio|use local  
[2023/03/20 19:16:40 425] tts        527  0  nil  1  
[2023/03/20 19:16:40 426] tts        657  TTS_MSG_GETAUDIO  0  
[2023/03/20 19:16:40 426] tts        485  get audio|use local  
[2023/03/20 19:16:40 426] tts        527  0  nil  1  
[2023/03/20 19:16:40 427] tts        657  TTS_MSG_GETAUDIO  0  
[2023/03/20 19:16:40 427] tts        485  get audio|use local  
[2023/03/20 19:16:40 427] tts        527  0  nil  1  
[2023/03/20 19:16:40 430] tts        657  TTS_MSG_GETAUDIO  0  
[2023/03/20 19:16:40 432] tts        485  get audio|use local  
[2023/03/20 19:16:40 445] tts        527  0  nil  1  
[2023/03/20 19:16:40 459] tts        657  TTS_MSG_GETAUDIO  0  
[2023/03/20 19:16:40 459] tts        485  get audio|use local  
[2023/03/20 19:16:40 459] tts        527  0  nil  1  
[2023/03/20 19:16:40 467] tts        657  TTS_MSG_GETAUDIO  0  
[2023/03/20 19:16:40 467] tts        485  get audio|use local  
[2023/03/20 19:16:40 467] tts        527  0  nil  1  
[2023/03/20 19:16:40 470] tts        657  TTS_MSG_GETAUDIO  0  
[2023/03/20 19:16:40 470] tts        485  get audio|use local  
[2023/03/20 19:16:40 470] tts        527  0  nil  1  
[2023/03/20 19:16:40 471] tts        657  TTS_MSG_GETAUDIO  0  
[2023/03/20 19:16:40 471] tts        485  get audio|use local  
[2023/03/20 19:16:40 471] tts        527  0  nil  1  
[2023/03/20 19:16:40 472] tts        657  TTS_MSG_GETAUDIO  0  
[2023/03/20 19:16:40 472] tts        485  get audio|use local  
[2023/03/20 19:16:40 472] tts        527  0  nil  1  
[2023/03/20 19:16:40 473] tts        657  TTS_MSG_GETAUDIO  0  
[2023/03/20 19:16:40 473] tts        485  get audio|use local  
[2023/03/20 19:16:40 473] tts        527  0  nil  1  
[2023/03/20 19:16:40 473] tts        657  TTS_MSG_GETAUDIO  0  
[2023/03/20 19:16:40 474] tts        485  get audio|use local  
[2023/03/20 19:16:40 474] tts        527  0  nil  1  
[2023/03/20 19:16:40 474] tts        657  TTS_MSG_GETAUDIO  0  
[2023/03/20 19:16:40 474] tts        485  get audio|use local  
[2023/03/20 19:16:40 475] tts        527  0  nil  1  
[2023/03/20 19:16:40 475] tts        657  TTS_MSG_GETAUDIO  0  
[2023/03/20 19:16:40 475] tts        485  get audio|use local  
[2023/03/20 19:16:40 475] tts        527  0  nil  1  
[2023/03/20 19:16:40 476] tts        657  TTS_MSG_GETAUDIO  0  
[2023/03/20 19:16:40 476] tts        485  get audio|use local  
[2023/03/20 19:16:40 476] tts        527  0  nil  1  
[2023/03/20 19:16:40 477] tts        657  TTS_MSG_GETAUDIO  0  
[2023/03/20 19:16:40 477] tts        485  get audio|use local  
[2023/03/20 19:16:40 477] tts        527  0  nil  1  
[2023/03/20 19:16:40 497] tts        657  TTS_MSG_GETAUDIO  0  
[2023/03/20 19:16:40 497] tts        485  get audio|use local  
[2023/03/20 19:16:40 497] tts        527  0  nil  1  
[2023/03/20 19:16:40 498] tts        657  TTS_MSG_GETAUDIO  0  
[2023/03/20 19:16:40 498] tts        485  get audio|use local  
[2023/03/20 19:16:40 498] tts        527  0  nil  1  
[2023/03/20 19:16:40 499] tts        657  TTS_MSG_GETAUDIO  0  
[2023/03/20 19:16:40 499] tts        485  get audio|use local  
[2023/03/20 19:16:40 499] tts        527  0  nil  1  
[2023/03/20 19:16:40 503] tts        657  TTS_MSG_GETAUDIO  0  
[2023/03/20 19:16:40 503] tts        485  get audio|use local  
[2023/03/20 19:16:40 503] tts        527  0  nil  1  
[2023/03/20 19:16:40 510] tts        657  TTS_MSG_GETAUDIO  0  
[2023/03/20 19:16:40 510] tts        485  get audio|use local  
[2023/03/20 19:16:40 510] tts        527  0  nil  1  
[2023/03/20 19:16:40 512] tts        657  TTS_MSG_GETAUDIO  0  
[2023/03/20 19:16:40 512] tts        485  get audio|use local  
[2023/03/20 19:16:40 512] tts        527  0  nil  1  
[2023/03/20 19:16:40 514] tts        657  TTS_MSG_GETAUDIO  0  
[2023/03/20 19:16:40 514] tts        485  get audio|use local  
[2023/03/20 19:16:40 514] tts        527  0  nil  1  
[2023/03/20 19:16:40 516] tts        657  TTS_MSG_GETAUDIO  0  
[2023/03/20 19:16:40 516] tts        485  get audio|use local  
[2023/03/20 19:16:40 516] tts        527  0  nil  1  
[2023/03/20 19:16:40 518] tts        657  TTS_MSG_GETAUDIO  0  
[2023/03/20 19:16:40 518] tts        485  get audio|use local  
[2023/03/20 19:16:40 518] tts        527  0  nil  1  
[2023/03/20 19:16:40 520] tts        657  TTS_MSG_GETAUDIO  0  
[2023/03/20 19:16:40 520] tts        485  get audio|use local  
[2023/03/20 19:16:40 520] tts        527  0  nil  1  
[2023/03/20 19:16:40 522] tts        657  TTS_MSG_GETAUDIO  0  
[2023/03/20 19:16:40 522] tts        485  get audio|use local  
[2023/03/20 19:16:40 522] tts        527  0  nil  1  
[2023/03/20 19:16:40 524] tts        657  TTS_MSG_GETAUDIO  0  
[2023/03/20 19:16:40 524] tts        485  get audio|use local  
[2023/03/20 19:16:40 524] tts        527  0  nil  1  
[2023/03/20 19:16:40 526] tts        657  TTS_MSG_GETAUDIO  0  
[2023/03/20 19:16:40 526] tts        485  get audio|use local  
[2023/03/20 19:16:40 526] tts        527  0  nil  1  
[2023/03/20 19:16:40 528] tts        657  TTS_MSG_GETAUDIO  0  
[2023/03/20 19:16:40 529] tts        485  get audio|use local  
[2023/03/20 19:16:40 529] tts        527  0  nil  1  
[2023/03/20 19:16:40 529] tts        657  TTS_MSG_GETAUDIO  0  
[2023/03/20 19:16:40 529] tts        485  get audio|use local  
[2023/03/20 19:16:40 529] tts        527  0  nil  1  
[2023/03/20 19:16:40 530] tts        657  TTS_MSG_GETAUDIO  0  
[2023/03/20 19:16:40 530] tts        485  get audio|use local  
[2023/03/20 19:16:40 530] tts        527  0  nil  1  
[2023/03/20 19:16:40 531] tts        657  TTS_MSG_GETAUDIO  0  
[2023/03/20 19:16:40 531] tts        485  get audio|use local  
[2023/03/20 19:16:40 531] tts        527  0  nil  1  
[2023/03/20 19:16:40 536] tts        657  TTS_MSG_GETAUDIO  0  
[2023/03/20 19:16:40 536] tts        485  get audio|use local  
[2023/03/20 19:16:40 536] tts        527  0  nil  1  
[2023/03/20 19:16:40 537] tts        657  TTS_MSG_GETAUDIO  0  
[2023/03/20 19:16:40 537] tts        485  get audio|use local  
[2023/03/20 19:16:40 537] tts        527  0  nil  1  
[2023/03/20 19:16:40 537] tts        657  TTS_MSG_GETAUDIO  0  
[2023/03/20 19:16:40 537] tts        485  get audio|use local  
[2023/03/20 19:16:40 537] tts        527  0  nil  1  
[2023/03/20 19:16:40 538] tts        657  TTS_MSG_GETAUDIO  0  
[2023/03/20 19:16:40 538] tts        485  get audio|use local  
[2023/03/20 19:16:40 538] tts        527  0  nil  1  
[2023/03/20 19:16:40 539] tts        657  TTS_MSG_GETAUDIO  0  
[2023/03/20 19:16:40 539] tts        485  get audio|use local  
[2023/03/20 19:16:40 539] tts        527  0  nil  1  
[2023/03/20 19:16:40 540] tts        657  TTS_MSG_GETAUDIO  0  
[2023/03/20 19:16:40 540] tts        485  get audio|use local  
[2023/03/20 19:16:40 540] tts        527  0  nil  1  
[2023/03/20 19:16:40 540] tts        657  TTS_MSG_GETAUDIO  0  
[2023/03/20 19:16:40 541] tts        485  get audio|use local  
[2023/03/20 19:16:40 541] tts        527  0  nil  1  
[2023/03/20 19:16:40 541] tts        657  TTS_MSG_GETAUDIO  0  
[2023/03/20 19:16:40 541] tts        485  get audio|use local  
[2023/03/20 19:16:40 541] tts        527  0  nil  1  
[2023/03/20 19:16:40 542] tts        657  TTS_MSG_GETAUDIO  0  
[2023/03/20 19:16:40 542] tts        485  get audio|use local  
[2023/03/20 19:16:40 542] tts        527  0  nil  1  
[2023/03/20 19:16:40 543] tts        657  TTS_MSG_GETAUDIO  0  
[2023/03/20 19:16:40 543] tts        485  get audio|use local  
[2023/03/20 19:16:40 543] tts        527  0  nil  1  
[2023/03/20 19:16:40 544] tts        657  TTS_MSG_GETAUDIO  0  
[2023/03/20 19:16:40 544] tts        485  get audio|use local  
[2023/03/20 19:16:40 544] tts        527  0  nil  1  
[2023/03/20 19:16:40 545] tts        657  TTS_MSG_GETAUDIO  0  
[2023/03/20 19:16:40 545] tts        485  get audio|use local  
[2023/03/20 19:16:40 545] tts        527  0  nil  1  
[2023/03/20 19:16:40 545] tts        657  TTS_MSG_GETAUDIO  0  
[2023/03/20 19:16:40 545] tts        485  get audio|use local  
[2023/03/20 19:16:40 546] tts        527  0  nil  1  
[2023/03/20 19:16:40 546] tts        657  TTS_MSG_GETAUDIO  0  
[2023/03/20 19:16:40 546] tts        485  get audio|use local  
[2023/03/20 19:16:40 546] tts        527  0  nil  1  
[2023/03/20 19:16:40 547] tts        657  TTS_MSG_GETAUDIO  0  
[2023/03/20 19:16:40 547] tts        485  get audio|use local  
[2023/03/20 19:16:40 547] tts        527  0  nil  1  
[2023/03/20 19:16:40 548] tts        657  TTS_MSG_GETAUDIO  0  
[2023/03/20 19:16:40 548] tts        485  get audio|use local  
[2023/03/20 19:16:40 548] tts        527  0  nil  1  
[2023/03/20 19:16:40 548] tts        657  TTS_MSG_GETAUDIO  0  
[2023/03/20 19:16:40 549] tts        485  get audio|use local  
[2023/03/20 19:16:40 549] tts        527  0  nil  1  
[2023/03/20 19:16:40 549] tts        657  TTS_MSG_GETAUDIO  0  
[2023/03/20 19:16:40 549] tts        485  get audio|use local  
[2023/03/20 19:16:40 549] tts        527  0  nil  1  
[2023/03/20 19:16:40 550] tts        657  TTS_MSG_GETAUDIO  0  
[2023/03/20 19:16:40 550] tts        485  get audio|use local  
[2023/03/20 19:16:40 550] tts        527  0  nil  1  
[2023/03/20 19:16:40 551] tts        657  TTS_MSG_GETAUDIO  0  
[2023/03/20 19:16:40 551] tts        485  get audio|use local  
[2023/03/20 19:16:40 551] tts        527  0  nil  1  
[2023/03/20 19:16:40 551] tts        657  TTS_MSG_GETAUDIO  0  
[2023/03/20 19:16:40 552] tts        485  get audio|use local  
[2023/03/20 19:16:40 552] tts        527  0  nil  1  
[2023/03/20 19:16:40 552] tts        657  TTS_MSG_GETAUDIO  0  
[2023/03/20 19:16:40 552] tts        485  get audio|use local  
[2023/03/20 19:16:40 552] tts        527  0  nil  1  
[2023/03/20 19:16:40 553] tts        657  TTS_MSG_GETAUDIO  0  
[2023/03/20 19:16:40 553] tts        485  get audio|use local  
[2023/03/20 19:16:40 553] tts        527  0  nil  1  
[2023/03/20 19:16:40 554] tts        657  TTS_MSG_GETAUDIO  0  
[2023/03/20 19:16:40 554] tts        485  get audio|use local  
[2023/03/20 19:16:40 554] tts        527  0  nil  1  
[2023/03/20 19:16:40 554] tts        657  TTS_MSG_GETAUDIO  0  
[2023/03/20 19:16:40 554] tts        485  get audio|use local  
[2023/03/20 19:16:40 555] tts        527  0  nil  1  
[2023/03/20 19:16:40 555] tts        657  TTS_MSG_GETAUDIO  0  
[2023/03/20 19:16:40 555] tts        485  get audio|use local  
[2023/03/20 19:16:40 555] tts        527  0  nil  1  
[2023/03/20 19:16:40 556] tts        657  TTS_MSG_GETAUDIO  0  
[2023/03/20 19:16:40 556] tts        485  get audio|use local  
[2023/03/20 19:16:40 556] tts        527  0  nil  1  
[2023/03/20 19:16:40 556] tts        657  TTS_MSG_GETAUDIO  0  
[2023/03/20 19:16:40 557] tts        485  get audio|use local  
[2023/03/20 19:16:40 557] tts        527  0  nil  1  
[2023/03/20 19:16:40 557] tts        657  TTS_MSG_GETAUDIO  0  
[2023/03/20 19:16:40 557] tts        485  get audio|use local  
[2023/03/20 19:16:40 557] tts        527  0  nil  1  
[2023/03/20 19:16:40 558] tts        657  TTS_MSG_GETAUDIO  0  
[2023/03/20 19:16:40 558] tts        485  get audio|use local  
[2023/03/20 19:16:40 558] tts        527  0  nil  1  
[2023/03/20 19:16:40 559] tts        657  TTS_MSG_GETAUDIO  0  
[2023/03/20 19:16:40 559] tts        485  get audio|use local  
[2023/03/20 19:16:40 559] tts        527  0  nil  1  
[2023/03/20 19:16:40 560] tts        657  TTS_MSG_GETAUDIO  0  
[2023/03/20 19:16:40 560] tts        485  get audio|use local  
[2023/03/20 19:16:40 560] tts        527  0  nil  1  
[2023/03/20 19:16:40 561] tts        657  TTS_MSG_GETAUDIO  0  
[2023/03/20 19:16:40 561] tts        485  get audio|use local  
[2023/03/20 19:16:40 562] tts        527  0  nil  1  
[2023/03/20 19:16:40 563] tts        657  TTS_MSG_GETAUDIO  0  
[2023/03/20 19:16:40 564] tts        485  get audio|use local  
[2023/03/20 19:16:40 564] tts        527  0  nil  1  
[2023/03/20 19:16:40 568] tts        657  TTS_MSG_GETAUDIO  0  
[2023/03/20 19:16:40 568] tts        485  get audio|use local  
[2023/03/20 19:16:40 568] tts        527  0  nil  1  
[2023/03/20 19:16:40 569] tts        657  TTS_MSG_GETAUDIO  0  
[2023/03/20 19:16:40 570] tts        485  get audio|use local  
[2023/03/20 19:16:40 570] tts        527  0  nil  1  
[2023/03/20 19:16:40 570] tts        657  TTS_MSG_GETAUDIO  0  
[2023/03/20 19:16:40 570] tts        485  get audio|use local  
[2023/03/20 19:16:40 571] tts        527  0  nil  1  
[2023/03/20 19:16:40 571] tts        657  TTS_MSG_GETAUDIO  0  
[2023/03/20 19:16:40 571] tts        485  get audio|use local  
[2023/03/20 19:16:40 571] tts        527  0  nil  1  
[2023/03/20 19:16:40 572] tts        657  TTS_MSG_GETAUDIO  0  
[2023/03/20 19:16:40 572] tts        485  get audio|use local  
[2023/03/20 19:16:40 572] tts        527  0  nil  1  
[2023/03/20 19:16:40 573] tts        657  TTS_MSG_GETAUDIO  0  
[2023/03/20 19:16:40 573] tts        485  get audio|use local  
[2023/03/20 19:16:40 573] tts        527  0  nil  1  
[2023/03/20 19:16:40 574] tts        657  TTS_MSG_GETAUDIO  0  
[2023/03/20 19:16:40 574] tts        485  get audio|use local  
[2023/03/20 19:16:40 574] tts        527  0  nil  1  
[2023/03/20 19:16:40 574] tts        657  TTS_MSG_GETAUDIO  0  
[2023/03/20 19:16:40 575] tts        485  get audio|use local  
[2023/03/20 19:16:40 575] tts        527  0  nil  1  
[2023/03/20 19:16:40 575] tts        657  TTS_MSG_GETAUDIO  0  
[2023/03/20 19:16:40 575] tts        485  get audio|use local  
[2023/03/20 19:16:40 575] tts        527  0  nil  1  
[2023/03/20 19:16:40 576] tts        657  TTS_MSG_GETAUDIO  0  
[2023/03/20 19:16:40 576] tts        485  get audio|use local  
[2023/03/20 19:16:40 576] tts        527  0  nil  1  
[2023/03/20 19:16:40 577] tts        657  TTS_MSG_GETAUDIO  0  
[2023/03/20 19:16:40 577] tts        485  get audio|use local  
[2023/03/20 19:16:40 577] tts        527  0  nil  1  
[2023/03/20 19:16:40 578] tts        657  TTS_MSG_GETAUDIO  0  
[2023/03/20 19:16:40 578] tts        485  get audio|use local  
[2023/03/20 19:16:40 578] tts        527  0  nil  1  
[2023/03/20 19:16:40 578] tts        657  TTS_MSG_GETAUDIO  0  
[2023/03/20 19:16:40 579] tts        485  get audio|use local  
[2023/03/20 19:16:40 579] tts        527  0  nil  1  
[2023/03/20 19:16:40 579] tts        657  TTS_MSG_GETAUDIO  0  
[2023/03/20 19:16:40 579] tts        485  get audio|use local  
[2023/03/20 19:16:40 579] tts        527  0  nil  1  
[2023/03/20 19:16:40 580] tts        657  TTS_MSG_GETAUDIO  0  
[2023/03/20 19:16:40 580] tts        485  get audio|use local  
[2023/03/20 19:16:40 580] tts        527  0  nil  1  
[2023/03/20 19:16:40 581] tts        657  TTS_MSG_GETAUDIO  0  
[2023/03/20 19:16:40 581] tts        485  get audio|use local  
[2023/03/20 19:16:40 581] tts        527  0  nil  1  
[2023/03/20 19:16:40 582] tts        657  TTS_MSG_GETAUDIO  0  
[2023/03/20 19:16:40 582] tts        485  get audio|use local  
[2023/03/20 19:16:40 582] tts        527  0  nil  1  
[2023/03/20 19:16:40 582] tts        657  TTS_MSG_GETAUDIO  0  
[2023/03/20 19:16:40 583] tts        485  get audio|use local  
[2023/03/20 19:16:40 583] tts        527  0  nil  1  
[2023/03/20 19:16:40 583] tts        657  TTS_MSG_GETAUDIO  0  
[2023/03/20 19:16:40 583] tts        485  get audio|use local  
[2023/03/20 19:16:40 583] tts        527  0  nil  1  
[2023/03/20 19:16:40 588] tts        657  TTS_MSG_GETAUDIO  0  
[2023/03/20 19:16:40 589] tts        485  get audio|use local  
[2023/03/20 19:16:40 589] tts        498  local audiolen:  2042  ,ced:  10  
[2023/03/20 19:16:40 591] tts        527  0  udata(84087e68) 1  
[2023/03/20 19:16:40 592] tts        657  TTS_MSG_GETAUDIO  0  
[2023/03/20 19:16:40 592] tts        485  get audio|use local  
[2023/03/20 19:16:40 592] tts        498  local audiolen:  2016  ,ced:  10  
[2023/03/20 19:16:40 592] tts        527  0  udata(8407ed38) 1  
[2023/03/20 19:16:40 594] tts        657  TTS_MSG_GETAUDIO  0  
[2023/03/20 19:16:40 594] tts        485  get audio|use local  
[2023/03/20 19:16:40 594] tts        498  local audiolen:  2014  ,ced:  10  
[2023/03/20 19:16:40 594] tts        527  0  udata(8407ed88) 1  
[2023/03/20 19:16:40 597] tts        657  TTS_MSG_GETAUDIO  0  
[2023/03/20 19:16:40 597] tts        485  get audio|use local  
[2023/03/20 19:16:40 597] tts        527  0  nil  1  
[2023/03/20 19:16:40 599] tts        657  TTS_MSG_GETAUDIO  0  
[2023/03/20 19:16:40 599] tts        485  get audio|use local  
[2023/03/20 19:16:40 599] tts        527  0  nil  1  
[2023/03/20 19:16:40 601] tts        657  TTS_MSG_GETAUDIO  0  
[2023/03/20 19:16:40 601] tts        485  get audio|use local  
[2023/03/20 19:16:40 601] tts        527  0  nil  1  
[2023/03/20 19:16:40 606] tts        657  TTS_MSG_GETAUDIO  0  
[2023/03/20 19:16:40 606] tts        485  get audio|use local  
[2023/03/20 19:16:40 606] tts        527  0  nil  1  
[2023/03/20 19:16:40 608] tts        657  TTS_MSG_GETAUDIO  0  
[2023/03/20 19:16:40 608] tts        485  get audio|use local  
[2023/03/20 19:16:40 608] tts        527  0  nil  1  
[2023/03/20 19:16:40 610] tts        657  TTS_MSG_GETAUDIO  0  
[2023/03/20 19:16:40 610] tts        485  get audio|use local  
[2023/03/20 19:16:40 610] tts        527  0  nil  1  
[2023/03/20 19:16:40 612] tts        657  TTS_MSG_GETAUDIO  0  
[2023/03/20 19:16:40 612] tts        485  get audio|use local  
[2023/03/20 19:16:40 612] tts        527  0  nil  1  
[2023/03/20 19:16:40 614] tts        657  TTS_MSG_GETAUDIO  0  
[2023/03/20 19:16:40 614] tts        485  get audio|use local  
[2023/03/20 19:16:40 614] tts        527  0  nil  1  
[2023/03/20 19:16:40 616] tts        657  TTS_MSG_GETAUDIO  0  
[2023/03/20 19:16:40 616] tts        485  get audio|use local  
[2023/03/20 19:16:40 616] tts        527  0  nil  1  
[2023/03/20 19:16:40 618] tts        657  TTS_MSG_GETAUDIO  0  
[2023/03/20 19:16:40 618] tts        485  get audio|use local  
[2023/03/20 19:16:40 618] tts        527  0  nil  1  
[2023/03/20 19:16:40 620] tts        657  TTS_MSG_GETAUDIO  0  
[2023/03/20 19:16:40 620] tts        485  get audio|use local  
[2023/03/20 19:16:40 620] tts        527  0  nil  1  
[2023/03/20 19:16:40 622] tts        657  TTS_MSG_GETAUDIO  0  
[2023/03/20 19:16:40 622] tts        485  get audio|use local  
[2023/03/20 19:16:40 622] tts        527  0  nil  1  
[2023/03/20 19:16:40 624] tts        657  TTS_MSG_GETAUDIO  0  
[2023/03/20 19:16:40 624] tts        485  get audio|use local  
[2023/03/20 19:16:40 624] tts        527  0  nil  1  
[2023/03/20 19:16:40 626] tts        657  TTS_MSG_GETAUDIO  0  
[2023/03/20 19:16:40 626] tts        485  get audio|use local  
[2023/03/20 19:16:40 626] tts        527  0  nil  1  
[2023/03/20 19:16:40 627] tts        657  TTS_MSG_GETAUDIO  0  
[2023/03/20 19:16:40 628] tts        485  get audio|use local  
[2023/03/20 19:16:40 628] tts        527  0  nil  1  
[2023/03/20 19:16:40 630] tts        657  TTS_MSG_GETAUDIO  0  
[2023/03/20 19:16:40 630] tts        485  get audio|use local  
[2023/03/20 19:16:40 630] tts        527  0  nil  1  
[2023/03/20 19:16:40 632] tts        657  TTS_MSG_GETAUDIO  0  
[2023/03/20 19:16:40 632] tts        485  get audio|use local  
[2023/03/20 19:16:40 632] tts        527  0  nil  1  
[2023/03/20 19:16:40 634] tts        657  TTS_MSG_GETAUDIO  0  
[2023/03/20 19:16:40 634] tts        485  get audio|use local  
[2023/03/20 19:16:40 635] tts        527  0  nil  1  
[2023/03/20 19:16:40 636] tts        657  TTS_MSG_GETAUDIO  0  
[2023/03/20 19:16:40 636] tts        485  get audio|use local  
[2023/03/20 19:16:40 636] tts        527  0  nil  1  
[2023/03/20 19:16:40 638] tts        657  TTS_MSG_GETAUDIO  0  
[2023/03/20 19:16:40 638] tts        485  get audio|use local  
[2023/03/20 19:16:40 638] tts        527  0  nil  1  
[2023/03/20 19:16:40 640] tts        657  TTS_MSG_GETAUDIO  0  
[2023/03/20 19:16:40 640] tts        485  get audio|use local  
[2023/03/20 19:16:40 641] tts        498  local audiolen:  1986  ,ced:  10  
[2023/03/20 19:16:40 641] tts        527  0  udata(8407ef58) 1  
[2023/03/20 19:16:40 645] tts        657  TTS_MSG_GETAUDIO  0  
[2023/03/20 19:16:40 645] tts        485  get audio|use local  
[2023/03/20 19:16:40 646] tts        498  local audiolen:  2016  ,ced:  10  
[2023/03/20 19:16:40 646] tts        527  0  udata(8407d318) 1  
[2023/03/20 19:16:40 647] tts        657  TTS_MSG_GETAUDIO  0  
[2023/03/20 19:16:40 647] tts        485  get audio|use local  
[2023/03/20 19:16:40 647] tts        498  local audiolen:  2026  ,ced:  10  
[2023/03/20 19:16:40 647] tts        527  0  udata(8407d368) 1  
[2023/03/20 19:16:40 649] tts        657  TTS_MSG_GETAUDIO  0  
[2023/03/20 19:16:40 649] tts        485  get audio|use local  
[2023/03/20 19:16:40 649] tts        498  local audiolen:  2046  ,ced:  10  
[2023/03/20 19:16:40 649] tts        527  0  udata(8407d4b8) 1  
[2023/03/20 19:16:40 652] tts        657  TTS_MSG_GETAUDIO  0  
[2023/03/20 19:16:40 652] tts        485  get audio|use local  
[2023/03/20 19:16:40 652] tts        498  local audiolen:  1992  ,ced:  10  
[2023/03/20 19:16:40 652] tts        527  0  udata(8407c688) 1  
[2023/03/20 19:16:40 653] tts        657  TTS_MSG_GETAUDIO  0  
[2023/03/20 19:16:40 653] tts        485  get audio|use local  
[2023/03/20 19:16:40 653] tts        498  local audiolen:  1990  ,ced:  10  
[2023/03/20 19:16:40 653] tts        527  0  udata(8407c6d8) 1  
[2023/03/20 19:16:40 654] tts        657  TTS_MSG_GETAUDIO  0  
[2023/03/20 19:16:40 654] tts        485  get audio|use local  
[2023/03/20 19:16:40 654] tts        498  local audiolen:  2002  ,ced:  10  
[2023/03/20 19:16:40 655] tts        527  0  udata(8407c728) 1  
[2023/03/20 19:16:40 655] tts        657  TTS_MSG_GETAUDIO  0  
[2023/03/20 19:16:40 655] tts        485  get audio|use local  
[2023/03/20 19:16:40 655] tts        498  local audiolen:  2030  ,ced:  10  
[2023/03/20 19:16:40 656] tts        527  0  udata(8407c778) 1  
[2023/03/20 19:16:40 656] tts        657  TTS_MSG_GETAUDIO  0  
[2023/03/20 19:16:40 657] tts        485  get audio|use local  
[2023/03/20 19:16:40 657] tts        527  0  nil  1  
[2023/03/20 19:16:40 657] tts        657  TTS_MSG_GETAUDIO  0  
[2023/03/20 19:16:40 658] tts        485  get audio|use local  
[2023/03/20 19:16:40 658] tts        527  0  nil  1  
[2023/03/20 19:16:40 659] tts        657  TTS_MSG_GETAUDIO  0  
[2023/03/20 19:16:40 659] tts        485  get audio|use local  
[2023/03/20 19:16:40 659] tts        527  0  nil  1  
[2023/03/20 19:16:40 660] tts        657  TTS_MSG_GETAUDIO  0  
[2023/03/20 19:16:40 660] tts        485  get audio|use local  
[2023/03/20 19:16:40 660] tts        527  0  nil  1  
[2023/03/20 19:16:40 672] tts        657  TTS_MSG_GETAUDIO  0  
[2023/03/20 19:16:40 672] tts        485  get audio|use local  
[2023/03/20 19:16:40 672] tts        498  local audiolen:  1970  ,ced:  10  
[2023/03/20 19:16:40 673] tts        527  0  udata(84087c28) 1  
[2023/03/20 19:16:40 673] tts        657  TTS_MSG_GETAUDIO  0  
[2023/03/20 19:16:40 673] tts        485  get audio|use local  
[2023/03/20 19:16:40 674] tts        498  local audiolen:  1996  ,ced:  10  
[2023/03/20 19:16:40 674] tts        527  0  udata(84087c78) 1  
[2023/03/20 19:16:40 675] tts        657  TTS_MSG_GETAUDIO  0  
[2023/03/20 19:16:40 675] tts        485  get audio|use local  
[2023/03/20 19:16:40 675] tts        498  local audiolen:  1906  ,ced:  10  
[2023/03/20 19:16:40 675] tts        527  0  udata(84087cc8) 1  
[2023/03/20 19:16:40 677] tts        657  TTS_MSG_GETAUDIO  0  
[2023/03/20 19:16:40 677] tts        485  get audio|use local  
[2023/03/20 19:16:40 677] tts        498  local audiolen:  1872  ,ced:  10  
[2023/03/20 19:16:40 677] tts        527  0  udata(84087e18) 1  
[2023/03/20 19:16:40 678] tts        657  TTS_MSG_GETAUDIO  0  
[2023/03/20 19:16:40 678] tts        485  get audio|use local  
[2023/03/20 19:16:40 679] tts        498  local audiolen:  1880  ,ced:  10  
[2023/03/20 19:16:40 679] tts        527  0  udata(84022778) 1  
[2023/03/20 19:16:40 680] tts        301  0  0  
[2023/03/20 19:16:40 680] tts        312  TTS_LOCAL_CB_END,  2  
[2023/03/20 19:16:40 681] tts        657  TTS_MSG_GETAUDIO  0  
[2023/03/20 19:16:40 681] tts        485  get audio|use local  
[2023/03/20 19:16:40 681] tts        498  local audiolen:  1898  ,ced:  10  
[2023/03/20 19:16:40 681] tts        527  0  udata(84022968) 1  
[2023/03/20 19:16:40 682] tts        657  TTS_MSG_GETAUDIO  0  
[2023/03/20 19:16:40 682] tts        485  get audio|use local  
[2023/03/20 19:16:40 682] tts        498  local audiolen:  1916  ,ced:  10  
[2023/03/20 19:16:40 682] tts        527  0  udata(840229b8) 1  
[2023/03/20 19:16:40 683] tts        657  TTS_MSG_GETAUDIO  0  
[2023/03/20 19:16:40 683] tts        485  get audio|use local  
[2023/03/20 19:16:40 683] tts        498  local audiolen:  2012  ,ced:  10  
[2023/03/20 19:16:40 683] tts        527  0  udata(84022a08) 1  
[2023/03/20 19:16:40 684] tts        657  TTS_MSG_GETAUDIO  0  
[2023/03/20 19:16:40 684] tts        485  get audio|use local  
[2023/03/20 19:16:40 684] tts        498  local audiolen:  958  ,ced:  10  
[2023/03/20 19:16:40 684] tts        527  0  udata(84022e28) 2  
[2023/03/20 19:16:40 687] tts        660  TTS_MSG_SSE  
[2023/03/20 19:16:40 688] tts        585  sse|use local  
[2023/03/20 19:16:40 692] tts        603  tts exit  
