============================================================
Time  2023/03/19 19:44:30 121 
============================================================
[2023/03/19 19:44:30 122] tts        676  SYS_MSG_REGCB param0 =  msp_status_cb  param1 =  func(7c014a30) 
[2023/03/19 19:44:30 125] config     43   use general cloud  
[2023/03/19 19:44:30 132] tts_cloud  1417 SYS_MSG_REGCB_CLOUD param0 =   msp_status_cb  param1 =  func(7c014a30) 
[2023/03/19 19:44:30 132] tts        647  TTS_MSG_SSB  
[2023/03/19 19:44:30 133] tts        375  params =  engine_type = local,voice_name=xiaoyan, text_encoding = UTF8, tts_res_path = fo|res/tts/xiaoyan.jet;fo|res/tts/common.jet, sample_rate = 16000, speed = 50, volume = 50, pitch = 50, rdn = 2  
[2023/03/19 19:44:30 133] tts        412  ssb|use local  
[2023/03/19 19:44:30 133] tts        349  local_session_begin  
[2023/03/19 19:44:30 152] tts        654  TTS_MSG_SYN  0  
[2023/03/19 19:44:30 152] tts        451  synth|use local  
[2023/03/19 19:44:30 157] tts        657  TTS_MSG_GETAUDIO  0  
[2023/03/19 19:44:30 157] tts        485  get audio|use local  
[2023/03/19 19:44:30 157] tts        527  0  nil  1  
[2023/03/19 19:44:30 159] tts        657  TTS_MSG_GETAUDIO  0  
[2023/03/19 19:44:30 159] tts        485  get audio|use local  
[2023/03/19 19:44:30 159] tts        527  0  nil  1  
[2023/03/19 19:44:30 167] tts        657  TTS_MSG_GETAUDIO  0  
[2023/03/19 19:44:30 167] tts        485  get audio|use local  
[2023/03/19 19:44:30 167] tts        527  0  nil  1  
[2023/03/19 19:44:30 168] tts        657  TTS_MSG_GETAUDIO  0  
[2023/03/19 19:44:30 169] tts        485  get audio|use local  
[2023/03/19 19:44:30 169] tts        527  0  nil  1  
[2023/03/19 19:44:30 169] tts        657  TTS_MSG_GETAUDIO  0  
[2023/03/19 19:44:30 169] tts        485  get audio|use local  
[2023/03/19 19:44:30 170] tts        527  0  nil  1  
[2023/03/19 19:44:30 170] tts        657  TTS_MSG_GETAUDIO  0  
[2023/03/19 19:44:30 170] tts        485  get audio|use local  
[2023/03/19 19:44:30 170] tts        527  0  nil  1  
[2023/03/19 19:44:30 172] tts        657  TTS_MSG_GETAUDIO  0  
[2023/03/19 19:44:30 172] tts        485  get audio|use local  
[2023/03/19 19:44:30 172] tts        527  0  nil  1  
[2023/03/19 19:44:30 178] tts        657  TTS_MSG_GETAUDIO  0  
[2023/03/19 19:44:30 178] tts        485  get audio|use local  
[2023/03/19 19:44:30 178] tts        527  0  nil  1  
[2023/03/19 19:44:30 208] tts        657  TTS_MSG_GETAUDIO  0  
[2023/03/19 19:44:30 208] tts        485  get audio|use local  
[2023/03/19 19:44:30 208] tts        527  0  nil  1  
[2023/03/19 19:44:30 211] tts        657  TTS_MSG_GETAUDIO  0  
[2023/03/19 19:44:30 211] tts        485  get audio|use local  
[2023/03/19 19:44:30 211] tts        527  0  nil  1  
[2023/03/19 19:44:30 212] tts        657  TTS_MSG_GETAUDIO  0  
[2023/03/19 19:44:30 212] tts        485  get audio|use local  
[2023/03/19 19:44:30 212] tts        527  0  nil  1  
[2023/03/19 19:44:30 213] tts        657  TTS_MSG_GETAUDIO  0  
[2023/03/19 19:44:30 213] tts        485  get audio|use local  
[2023/03/19 19:44:30 213] tts        527  0  nil  1  
[2023/03/19 19:44:30 218] tts        657  TTS_MSG_GETAUDIO  0  
[2023/03/19 19:44:30 219] tts        485  get audio|use local  
[2023/03/19 19:44:30 219] tts        527  0  nil  1  
[2023/03/19 19:44:30 222] tts        657  TTS_MSG_GETAUDIO  0  
[2023/03/19 19:44:30 222] tts        485  get audio|use local  
[2023/03/19 19:44:30 223] tts        527  0  nil  1  
[2023/03/19 19:44:30 225] tts        657  TTS_MSG_GETAUDIO  0  
[2023/03/19 19:44:30 225] tts        485  get audio|use local  
[2023/03/19 19:44:30 225] tts        527  0  nil  1  
[2023/03/19 19:44:30 228] tts        657  TTS_MSG_GETAUDIO  0  
[2023/03/19 19:44:30 228] tts        485  get audio|use local  
[2023/03/19 19:44:30 229] tts        527  0  nil  1  
[2023/03/19 19:44:30 231] tts        657  TTS_MSG_GETAUDIO  0  
[2023/03/19 19:44:30 231] tts        485  get audio|use local  
[2023/03/19 19:44:30 231] tts        527  0  nil  1  
[2023/03/19 19:44:30 235] tts        657  TTS_MSG_GETAUDIO  0  
[2023/03/19 19:44:30 235] tts        485  get audio|use local  
[2023/03/19 19:44:30 241] tts        527  0  nil  1  
[2023/03/19 19:44:30 242] tts        657  TTS_MSG_GETAUDIO  0  
[2023/03/19 19:44:30 242] tts        485  get audio|use local  
[2023/03/19 19:44:30 242] tts        527  0  nil  1  
[2023/03/19 19:44:30 242] tts        657  TTS_MSG_GETAUDIO  0  
[2023/03/19 19:44:30 243] tts        485  get audio|use local  
[2023/03/19 19:44:30 243] tts        527  0  nil  1  
[2023/03/19 19:44:30 244] tts        657  TTS_MSG_GETAUDIO  0  
[2023/03/19 19:44:30 244] tts        485  get audio|use local  
[2023/03/19 19:44:30 244] tts        527  0  nil  1  
[2023/03/19 19:44:30 245] tts        657  TTS_MSG_GETAUDIO  0  
[2023/03/19 19:44:30 245] tts        485  get audio|use local  
[2023/03/19 19:44:30 245] tts        527  0  nil  1  
[2023/03/19 19:44:30 251] tts        657  TTS_MSG_GETAUDIO  0  
[2023/03/19 19:44:30 252] tts        485  get audio|use local  
[2023/03/19 19:44:30 252] tts        527  0  nil  1  
[2023/03/19 19:44:30 253] tts        657  TTS_MSG_GETAUDIO  0  
[2023/03/19 19:44:30 253] tts        485  get audio|use local  
[2023/03/19 19:44:30 253] tts        527  0  nil  1  
[2023/03/19 19:44:30 271] tts        657  TTS_MSG_GETAUDIO  0  
[2023/03/19 19:44:30 271] tts        485  get audio|use local  
[2023/03/19 19:44:30 271] tts        527  0  nil  1  
[2023/03/19 19:44:30 278] tts        657  TTS_MSG_GETAUDIO  0  
[2023/03/19 19:44:30 278] tts        485  get audio|use local  
[2023/03/19 19:44:30 278] tts        527  0  nil  1  
[2023/03/19 19:44:30 279] tts        657  TTS_MSG_GETAUDIO  0  
[2023/03/19 19:44:30 279] tts        485  get audio|use local  
[2023/03/19 19:44:30 279] tts        527  0  nil  1  
[2023/03/19 19:44:30 282] tts        657  TTS_MSG_GETAUDIO  0  
[2023/03/19 19:44:30 282] tts        485  get audio|use local  
[2023/03/19 19:44:30 282] tts        527  0  nil  1  
[2023/03/19 19:44:30 283] tts        657  TTS_MSG_GETAUDIO  0  
[2023/03/19 19:44:30 283] tts        485  get audio|use local  
[2023/03/19 19:44:30 284] tts        527  0  nil  1  
[2023/03/19 19:44:30 288] tts        657  TTS_MSG_GETAUDIO  0  
[2023/03/19 19:44:30 288] tts        485  get audio|use local  
[2023/03/19 19:44:30 288] tts        527  0  nil  1  
[2023/03/19 19:44:30 289] tts        657  TTS_MSG_GETAUDIO  0  
[2023/03/19 19:44:30 289] tts        485  get audio|use local  
[2023/03/19 19:44:30 289] tts        527  0  nil  1  
[2023/03/19 19:44:30 295] tts        657  TTS_MSG_GETAUDIO  0  
[2023/03/19 19:44:30 297] tts        485  get audio|use local  
[2023/03/19 19:44:30 297] tts        527  0  nil  1  
[2023/03/19 19:44:30 299] tts        657  TTS_MSG_GETAUDIO  0  
[2023/03/19 19:44:30 299] tts        485  get audio|use local  
[2023/03/19 19:44:30 299] tts        527  0  nil  1  
[2023/03/19 19:44:30 300] tts        657  TTS_MSG_GETAUDIO  0  
[2023/03/19 19:44:30 300] tts        485  get audio|use local  
[2023/03/19 19:44:30 300] tts        527  0  nil  1  
[2023/03/19 19:44:30 301] tts        657  TTS_MSG_GETAUDIO  0  
[2023/03/19 19:44:30 301] tts        485  get audio|use local  
[2023/03/19 19:44:30 301] tts        527  0  nil  1  
[2023/03/19 19:44:30 302] tts        657  TTS_MSG_GETAUDIO  0  
[2023/03/19 19:44:30 302] tts        485  get audio|use local  
[2023/03/19 19:44:30 303] tts        527  0  nil  1  
[2023/03/19 19:44:30 313] tts        657  TTS_MSG_GETAUDIO  0  
[2023/03/19 19:44:30 313] tts        485  get audio|use local  
[2023/03/19 19:44:30 314] tts        527  0  nil  1  
[2023/03/19 19:44:30 320] tts        657  TTS_MSG_GETAUDIO  0  
[2023/03/19 19:44:30 320] tts        485  get audio|use local  
[2023/03/19 19:44:30 320] tts        527  0  nil  1  
[2023/03/19 19:44:30 321] tts        657  TTS_MSG_GETAUDIO  0  
[2023/03/19 19:44:30 321] tts        485  get audio|use local  
[2023/03/19 19:44:30 321] tts        527  0  nil  1  
[2023/03/19 19:44:30 323] tts        657  TTS_MSG_GETAUDIO  0  
[2023/03/19 19:44:30 325] tts        485  get audio|use local  
[2023/03/19 19:44:30 326] tts        527  0  nil  1  
[2023/03/19 19:44:30 327] tts        657  TTS_MSG_GETAUDIO  0  
[2023/03/19 19:44:30 328] tts        485  get audio|use local  
[2023/03/19 19:44:30 328] tts        527  0  nil  1  
[2023/03/19 19:44:30 337] tts        657  TTS_MSG_GETAUDIO  0  
[2023/03/19 19:44:30 339] tts        485  get audio|use local  
[2023/03/19 19:44:30 341] tts        527  0  nil  1  
[2023/03/19 19:44:30 342] tts        657  TTS_MSG_GETAUDIO  0  
[2023/03/19 19:44:30 342] tts        485  get audio|use local  
[2023/03/19 19:44:30 342] tts        527  0  nil  1  
[2023/03/19 19:44:30 345] tts        657  TTS_MSG_GETAUDIO  0  
[2023/03/19 19:44:30 346] tts        485  get audio|use local  
[2023/03/19 19:44:30 346] tts        527  0  nil  1  
[2023/03/19 19:44:30 351] tts        657  TTS_MSG_GETAUDIO  0  
[2023/03/19 19:44:30 351] tts        485  get audio|use local  
[2023/03/19 19:44:30 351] tts        527  0  nil  1  
[2023/03/19 19:44:30 353] tts        657  TTS_MSG_GETAUDIO  0  
[2023/03/19 19:44:30 353] tts        485  get audio|use local  
[2023/03/19 19:44:30 353] tts        527  0  nil  1  
[2023/03/19 19:44:30 354] tts        657  TTS_MSG_GETAUDIO  0  
[2023/03/19 19:44:30 354] tts        485  get audio|use local  
[2023/03/19 19:44:30 354] tts        527  0  nil  1  
[2023/03/19 19:44:30 364] tts        657  TTS_MSG_GETAUDIO  0  
[2023/03/19 19:44:30 364] tts        485  get audio|use local  
[2023/03/19 19:44:30 364] tts        527  0  nil  1  
[2023/03/19 19:44:30 366] tts        657  TTS_MSG_GETAUDIO  0  
[2023/03/19 19:44:30 367] tts        485  get audio|use local  
[2023/03/19 19:44:30 367] tts        527  0  nil  1  
[2023/03/19 19:44:30 367] tts        657  TTS_MSG_GETAUDIO  0  
[2023/03/19 19:44:30 367] tts        485  get audio|use local  
[2023/03/19 19:44:30 368] tts        527  0  nil  1  
[2023/03/19 19:44:30 373] tts        657  TTS_MSG_GETAUDIO  0  
[2023/03/19 19:44:30 373] tts        485  get audio|use local  
[2023/03/19 19:44:30 373] tts        527  0  nil  1  
[2023/03/19 19:44:30 374] tts        299  TTS_LOCAL_CB_BEGIN  
[2023/03/19 19:44:30 374] tts        657  TTS_MSG_GETAUDIO  0  
[2023/03/19 19:44:30 374] tts        485  get audio|use local  
[2023/03/19 19:44:30 374] tts        527  0  nil  1  
[2023/03/19 19:44:30 376] tts        657  TTS_MSG_GETAUDIO  0  
[2023/03/19 19:44:30 377] tts        485  get audio|use local  
[2023/03/19 19:44:30 377] tts        527  0  nil  1  
[2023/03/19 19:44:30 378] tts        657  TTS_MSG_GETAUDIO  0  
[2023/03/19 19:44:30 378] tts        485  get audio|use local  
[2023/03/19 19:44:30 378] tts        527  0  nil  1  
[2023/03/19 19:44:30 379] tts        657  TTS_MSG_GETAUDIO  0  
[2023/03/19 19:44:30 379] tts        485  get audio|use local  
[2023/03/19 19:44:30 379] tts        527  0  nil  1  
[2023/03/19 19:44:30 381] tts        657  TTS_MSG_GETAUDIO  0  
[2023/03/19 19:44:30 381] tts        485  get audio|use local  
[2023/03/19 19:44:30 381] tts        527  0  nil  1  
[2023/03/19 19:44:30 382] tts        657  TTS_MSG_GETAUDIO  0  
[2023/03/19 19:44:30 382] tts        485  get audio|use local  
[2023/03/19 19:44:30 382] tts        527  0  nil  1  
[2023/03/19 19:44:30 384] tts        657  TTS_MSG_GETAUDIO  0  
[2023/03/19 19:44:30 384] tts        485  get audio|use local  
[2023/03/19 19:44:30 384] tts        527  0  nil  1  
[2023/03/19 19:44:30 385] tts        657  TTS_MSG_GETAUDIO  0  
[2023/03/19 19:44:30 385] tts        485  get audio|use local  
[2023/03/19 19:44:30 385] tts        527  0  nil  1  
[2023/03/19 19:44:30 386] tts        657  TTS_MSG_GETAUDIO  0  
[2023/03/19 19:44:30 386] tts        485  get audio|use local  
[2023/03/19 19:44:30 386] tts        527  0  nil  1  
[2023/03/19 19:44:30 387] tts        657  TTS_MSG_GETAUDIO  0  
[2023/03/19 19:44:30 387] tts        485  get audio|use local  
[2023/03/19 19:44:30 387] tts        527  0  nil  1  
[2023/03/19 19:44:30 390] tts        657  TTS_MSG_GETAUDIO  0  
[2023/03/19 19:44:30 390] tts        485  get audio|use local  
[2023/03/19 19:44:30 390] tts        527  0  nil  1  
[2023/03/19 19:44:30 391] tts        657  TTS_MSG_GETAUDIO  0  
[2023/03/19 19:44:30 391] tts        485  get audio|use local  
[2023/03/19 19:44:30 392] tts        527  0  nil  1  
[2023/03/19 19:44:30 392] tts        657  TTS_MSG_GETAUDIO  0  
[2023/03/19 19:44:30 392] tts        485  get audio|use local  
[2023/03/19 19:44:30 393] tts        527  0  nil  1  
[2023/03/19 19:44:30 393] tts        657  TTS_MSG_GETAUDIO  0  
[2023/03/19 19:44:30 393] tts        485  get audio|use local  
[2023/03/19 19:44:30 393] tts        527  0  nil  1  
[2023/03/19 19:44:30 397] tts        657  TTS_MSG_GETAUDIO  0  
[2023/03/19 19:44:30 397] tts        485  get audio|use local  
[2023/03/19 19:44:30 397] tts        527  0  nil  1  
[2023/03/19 19:44:30 398] tts        657  TTS_MSG_GETAUDIO  0  
[2023/03/19 19:44:30 398] tts        485  get audio|use local  
[2023/03/19 19:44:30 398] tts        527  0  nil  1  
[2023/03/19 19:44:30 399] tts        657  TTS_MSG_GETAUDIO  0  
[2023/03/19 19:44:30 399] tts        485  get audio|use local  
[2023/03/19 19:44:30 399] tts        527  0  nil  1  
[2023/03/19 19:44:30 407] tts        657  TTS_MSG_GETAUDIO  0  
[2023/03/19 19:44:30 407] tts        485  get audio|use local  
[2023/03/19 19:44:30 407] tts        527  0  nil  1  
[2023/03/19 19:44:30 408] tts        657  TTS_MSG_GETAUDIO  0  
[2023/03/19 19:44:30 408] tts        485  get audio|use local  
[2023/03/19 19:44:30 408] tts        527  0  nil  1  
[2023/03/19 19:44:30 410] tts        657  TTS_MSG_GETAUDIO  0  
[2023/03/19 19:44:30 410] tts        485  get audio|use local  
[2023/03/19 19:44:30 410] tts        527  0  nil  1  
[2023/03/19 19:44:30 415] tts        657  TTS_MSG_GETAUDIO  0  
[2023/03/19 19:44:30 415] tts        485  get audio|use local  
[2023/03/19 19:44:30 415] tts        527  0  nil  1  
[2023/03/19 19:44:30 422] tts        657  TTS_MSG_GETAUDIO  0  
[2023/03/19 19:44:30 422] tts        485  get audio|use local  
[2023/03/19 19:44:30 422] tts        527  0  nil  1  
[2023/03/19 19:44:30 423] tts        657  TTS_MSG_GETAUDIO  0  
[2023/03/19 19:44:30 423] tts        485  get audio|use local  
[2023/03/19 19:44:30 423] tts        527  0  nil  1  
[2023/03/19 19:44:30 424] tts        657  TTS_MSG_GETAUDIO  0  
[2023/03/19 19:44:30 424] tts        485  get audio|use local  
[2023/03/19 19:44:30 424] tts        527  0  nil  1  
[2023/03/19 19:44:30 425] tts        657  TTS_MSG_GETAUDIO  0  
[2023/03/19 19:44:30 425] tts        485  get audio|use local  
[2023/03/19 19:44:30 425] tts        527  0  nil  1  
[2023/03/19 19:44:30 426] tts        657  TTS_MSG_GETAUDIO  0  
[2023/03/19 19:44:30 426] tts        485  get audio|use local  
[2023/03/19 19:44:30 426] tts        527  0  nil  1  
[2023/03/19 19:44:30 427] tts        657  TTS_MSG_GETAUDIO  0  
[2023/03/19 19:44:30 427] tts        485  get audio|use local  
[2023/03/19 19:44:30 427] tts        527  0  nil  1  
[2023/03/19 19:44:30 428] tts        657  TTS_MSG_GETAUDIO  0  
[2023/03/19 19:44:30 428] tts        485  get audio|use local  
[2023/03/19 19:44:30 429] tts        527  0  nil  1  
[2023/03/19 19:44:30 429] tts        657  TTS_MSG_GETAUDIO  0  
[2023/03/19 19:44:30 429] tts        485  get audio|use local  
[2023/03/19 19:44:30 430] tts        527  0  nil  1  
[2023/03/19 19:44:30 430] tts        657  TTS_MSG_GETAUDIO  0  
[2023/03/19 19:44:30 430] tts        485  get audio|use local  
[2023/03/19 19:44:30 430] tts        527  0  nil  1  
[2023/03/19 19:44:30 431] tts        657  TTS_MSG_GETAUDIO  0  
[2023/03/19 19:44:30 431] tts        485  get audio|use local  
[2023/03/19 19:44:30 431] tts        527  0  nil  1  
[2023/03/19 19:44:30 446] tts        657  TTS_MSG_GETAUDIO  0  
[2023/03/19 19:44:30 446] tts        485  get audio|use local  
[2023/03/19 19:44:30 446] tts        527  0  nil  1  
[2023/03/19 19:44:30 447] tts        657  TTS_MSG_GETAUDIO  0  
[2023/03/19 19:44:30 447] tts        485  get audio|use local  
[2023/03/19 19:44:30 447] tts        527  0  nil  1  
[2023/03/19 19:44:30 456] tts        657  TTS_MSG_GETAUDIO  0  
[2023/03/19 19:44:30 456] tts        485  get audio|use local  
[2023/03/19 19:44:30 456] tts        527  0  nil  1  
[2023/03/19 19:44:30 457] tts        657  TTS_MSG_GETAUDIO  0  
[2023/03/19 19:44:30 457] tts        485  get audio|use local  
[2023/03/19 19:44:30 457] tts        527  0  nil  1  
[2023/03/19 19:44:30 457] tts        657  TTS_MSG_GETAUDIO  0  
[2023/03/19 19:44:30 458] tts        485  get audio|use local  
[2023/03/19 19:44:30 458] tts        527  0  nil  1  
[2023/03/19 19:44:30 472] tts        657  TTS_MSG_GETAUDIO  0  
[2023/03/19 19:44:30 472] tts        485  get audio|use local  
[2023/03/19 19:44:30 472] tts        527  0  nil  1  
[2023/03/19 19:44:30 473] tts        657  TTS_MSG_GETAUDIO  0  
[2023/03/19 19:44:30 473] tts        485  get audio|use local  
[2023/03/19 19:44:30 473] tts        527  0  nil  1  
[2023/03/19 19:44:30 474] tts        657  TTS_MSG_GETAUDIO  0  
[2023/03/19 19:44:30 474] tts        485  get audio|use local  
[2023/03/19 19:44:30 474] tts        527  0  nil  1  
[2023/03/19 19:44:30 474] tts        657  TTS_MSG_GETAUDIO  0  
[2023/03/19 19:44:30 475] tts        485  get audio|use local  
[2023/03/19 19:44:30 475] tts        527  0  nil  1  
[2023/03/19 19:44:30 475] tts        657  TTS_MSG_GETAUDIO  0  
[2023/03/19 19:44:30 476] tts        485  get audio|use local  
[2023/03/19 19:44:30 476] tts        527  0  nil  1  
[2023/03/19 19:44:30 476] tts        657  TTS_MSG_GETAUDIO  0  
[2023/03/19 19:44:30 476] tts        485  get audio|use local  
[2023/03/19 19:44:30 476] tts        527  0  nil  1  
[2023/03/19 19:44:30 477] tts        657  TTS_MSG_GETAUDIO  0  
[2023/03/19 19:44:30 477] tts        485  get audio|use local  
[2023/03/19 19:44:30 477] tts        527  0  nil  1  
[2023/03/19 19:44:30 480] tts        657  TTS_MSG_GETAUDIO  0  
[2023/03/19 19:44:30 480] tts        485  get audio|use local  
[2023/03/19 19:44:30 480] tts        527  0  nil  1  
[2023/03/19 19:44:30 481] tts        657  TTS_MSG_GETAUDIO  0  
[2023/03/19 19:44:30 481] tts        485  get audio|use local  
[2023/03/19 19:44:30 481] tts        527  0  nil  1  
[2023/03/19 19:44:30 494] tts        657  TTS_MSG_GETAUDIO  0  
[2023/03/19 19:44:30 494] tts        485  get audio|use local  
[2023/03/19 19:44:30 494] tts        527  0  nil  1  
[2023/03/19 19:44:30 495] tts        657  TTS_MSG_GETAUDIO  0  
[2023/03/19 19:44:30 495] tts        485  get audio|use local  
[2023/03/19 19:44:30 496] tts        527  0  nil  1  
[2023/03/19 19:44:30 497] tts        657  TTS_MSG_GETAUDIO  0  
[2023/03/19 19:44:30 497] tts        485  get audio|use local  
[2023/03/19 19:44:30 497] tts        527  0  nil  1  
[2023/03/19 19:44:30 498] tts        657  TTS_MSG_GETAUDIO  0  
[2023/03/19 19:44:30 498] tts        485  get audio|use local  
[2023/03/19 19:44:30 498] tts        527  0  nil  1  
[2023/03/19 19:44:30 507] tts        657  TTS_MSG_GETAUDIO  0  
[2023/03/19 19:44:30 507] tts        485  get audio|use local  
[2023/03/19 19:44:30 507] tts        527  0  nil  1  
[2023/03/19 19:44:30 508] tts        657  TTS_MSG_GETAUDIO  0  
[2023/03/19 19:44:30 508] tts        485  get audio|use local  
[2023/03/19 19:44:30 508] tts        527  0  nil  1  
[2023/03/19 19:44:30 512] tts        657  TTS_MSG_GETAUDIO  0  
[2023/03/19 19:44:30 512] tts        485  get audio|use local  
[2023/03/19 19:44:30 512] tts        527  0  nil  1  
[2023/03/19 19:44:30 513] tts        657  TTS_MSG_GETAUDIO  0  
[2023/03/19 19:44:30 513] tts        485  get audio|use local  
[2023/03/19 19:44:30 513] tts        527  0  nil  1  
[2023/03/19 19:44:30 514] tts        657  TTS_MSG_GETAUDIO  0  
[2023/03/19 19:44:30 514] tts        485  get audio|use local  
[2023/03/19 19:44:30 514] tts        527  0  nil  1  
[2023/03/19 19:44:30 515] tts        657  TTS_MSG_GETAUDIO  0  
[2023/03/19 19:44:30 515] tts        485  get audio|use local  
[2023/03/19 19:44:30 515] tts        527  0  nil  1  
[2023/03/19 19:44:30 516] tts        657  TTS_MSG_GETAUDIO  0  
[2023/03/19 19:44:30 516] tts        485  get audio|use local  
[2023/03/19 19:44:30 516] tts        527  0  nil  1  
[2023/03/19 19:44:30 517] tts        657  TTS_MSG_GETAUDIO  0  
[2023/03/19 19:44:30 517] tts        485  get audio|use local  
[2023/03/19 19:44:30 517] tts        527  0  nil  1  
[2023/03/19 19:44:30 518] tts        657  TTS_MSG_GETAUDIO  0  
[2023/03/19 19:44:30 518] tts        485  get audio|use local  
[2023/03/19 19:44:30 518] tts        527  0  nil  1  
[2023/03/19 19:44:30 519] tts        657  TTS_MSG_GETAUDIO  0  
[2023/03/19 19:44:30 519] tts        485  get audio|use local  
[2023/03/19 19:44:30 519] tts        527  0  nil  1  
[2023/03/19 19:44:30 520] tts        657  TTS_MSG_GETAUDIO  0  
[2023/03/19 19:44:30 520] tts        485  get audio|use local  
[2023/03/19 19:44:30 520] tts        527  0  nil  1  
[2023/03/19 19:44:30 523] tts        657  TTS_MSG_GETAUDIO  0  
[2023/03/19 19:44:30 523] tts        485  get audio|use local  
[2023/03/19 19:44:30 523] tts        527  0  nil  1  
[2023/03/19 19:44:30 524] tts        657  TTS_MSG_GETAUDIO  0  
[2023/03/19 19:44:30 524] tts        485  get audio|use local  
[2023/03/19 19:44:30 524] tts        527  0  nil  1  
[2023/03/19 19:44:30 524] tts        657  TTS_MSG_GETAUDIO  0  
[2023/03/19 19:44:30 525] tts        485  get audio|use local  
[2023/03/19 19:44:30 525] tts        527  0  nil  1  
[2023/03/19 19:44:30 525] tts        657  TTS_MSG_GETAUDIO  0  
[2023/03/19 19:44:30 525] tts        485  get audio|use local  
[2023/03/19 19:44:30 526] tts        527  0  nil  1  
[2023/03/19 19:44:30 533] tts        657  TTS_MSG_GETAUDIO  0  
[2023/03/19 19:44:30 533] tts        485  get audio|use local  
[2023/03/19 19:44:30 534] tts        498  local audiolen:  2042  ,ced:  25  
[2023/03/19 19:44:30 534] tts        527  0  udata(7c07eb38) 1  
[2023/03/19 19:44:30 549] tts        657  TTS_MSG_GETAUDIO  0  
[2023/03/19 19:44:30 549] tts        485  get audio|use local  
[2023/03/19 19:44:30 549] tts        498  local audiolen:  2038  ,ced:  25  
[2023/03/19 19:44:30 549] tts        527  0  udata(7c071098) 1  
[2023/03/19 19:44:30 554] tts        657  TTS_MSG_GETAUDIO  0  
[2023/03/19 19:44:30 554] tts        485  get audio|use local  
[2023/03/19 19:44:30 554] tts        498  local audiolen:  1946  ,ced:  25  
[2023/03/19 19:44:30 554] tts        527  0  udata(7c087958) 1  
[2023/03/19 19:44:30 558] tts        657  TTS_MSG_GETAUDIO  0  
[2023/03/19 19:44:30 558] tts        485  get audio|use local  
[2023/03/19 19:44:30 558] tts        498  local audiolen:  1916  ,ced:  25  
[2023/03/19 19:44:30 558] tts        527  0  udata(7c07d348) 1  
[2023/03/19 19:44:30 569] tts        657  TTS_MSG_GETAUDIO  0  
[2023/03/19 19:44:30 569] tts        485  get audio|use local  
[2023/03/19 19:44:30 569] tts        498  local audiolen:  2020  ,ced:  25  
[2023/03/19 19:44:30 570] tts        527  0  udata(7c07d538) 1  
[2023/03/19 19:44:30 572] tts        657  TTS_MSG_GETAUDIO  0  
[2023/03/19 19:44:30 572] tts        485  get audio|use local  
[2023/03/19 19:44:30 572] tts        498  local audiolen:  2016  ,ced:  25  
[2023/03/19 19:44:30 572] tts        527  0  udata(7c07c528) 1  
[2023/03/19 19:44:30 575] tts        657  TTS_MSG_GETAUDIO  0  
[2023/03/19 19:44:30 575] tts        485  get audio|use local  
[2023/03/19 19:44:30 576] tts        498  local audiolen:  1982  ,ced:  25  
[2023/03/19 19:44:30 576] tts        527  0  udata(7c07c888) 1  
[2023/03/19 19:44:30 576] tts        657  TTS_MSG_GETAUDIO  0  
[2023/03/19 19:44:30 577] tts        485  get audio|use local  
[2023/03/19 19:44:30 577] tts        498  local audiolen:  1996  ,ced:  25  
[2023/03/19 19:44:30 577] tts        527  0  udata(7c07c8d8) 1  
[2023/03/19 19:44:30 580] tts        657  TTS_MSG_GETAUDIO  0  
[2023/03/19 19:44:30 580] tts        485  get audio|use local  
[2023/03/19 19:44:30 581] tts        498  local audiolen:  1996  ,ced:  25  
[2023/03/19 19:44:30 581] tts        527  0  udata(7c087208) 1  
[2023/03/19 19:44:30 584] tts        657  TTS_MSG_GETAUDIO  0  
[2023/03/19 19:44:30 584] tts        485  get audio|use local  
[2023/03/19 19:44:30 584] tts        498  local audiolen:  2020  ,ced:  25  
[2023/03/19 19:44:30 584] tts        527  0  udata(7c087358) 1  
[2023/03/19 19:44:30 592] tts        657  TTS_MSG_GETAUDIO  0  
[2023/03/19 19:44:30 592] tts        485  get audio|use local  
[2023/03/19 19:44:30 592] tts        498  local audiolen:  1922  ,ced:  25  
[2023/03/19 19:44:30 592] tts        527  0  udata(7c0873a8) 1  
[2023/03/19 19:44:30 595] tts        657  TTS_MSG_GETAUDIO  0  
[2023/03/19 19:44:30 596] tts        485  get audio|use local  
[2023/03/19 19:44:30 596] tts        498  local audiolen:  2030  ,ced:  25  
[2023/03/19 19:44:30 596] tts        527  0  udata(7c0875f8) 1  
[2023/03/19 19:44:30 599] tts        657  TTS_MSG_GETAUDIO  0  
[2023/03/19 19:44:30 599] tts        485  get audio|use local  
[2023/03/19 19:44:30 599] tts        498  local audiolen:  2042  ,ced:  25  
[2023/03/19 19:44:30 599] tts        527  0  udata(7c087748) 1  
[2023/03/19 19:44:30 601] tts        657  TTS_MSG_GETAUDIO  0  
[2023/03/19 19:44:30 601] tts        485  get audio|use local  
[2023/03/19 19:44:30 601] tts        498  local audiolen:  1954  ,ced:  25  
[2023/03/19 19:44:30 602] tts        527  0  udata(7c087898) 1  
[2023/03/19 19:44:30 605] tts        657  TTS_MSG_GETAUDIO  0  
[2023/03/19 19:44:30 605] tts        485  get audio|use local  
[2023/03/19 19:44:30 605] tts        498  local audiolen:  2026  ,ced:  25  
[2023/03/19 19:44:30 605] tts        527  0  udata(7c022008) 1  
[2023/03/19 19:44:30 609] tts        657  TTS_MSG_GETAUDIO  0  
[2023/03/19 19:44:30 609] tts        485  get audio|use local  
[2023/03/19 19:44:30 609] tts        498  local audiolen:  1974  ,ced:  25  
[2023/03/19 19:44:30 609] tts        527  0  udata(7c022258) 1  
[2023/03/19 19:44:30 621] tts        657  TTS_MSG_GETAUDIO  0  
[2023/03/19 19:44:30 621] tts        485  get audio|use local  
[2023/03/19 19:44:30 622] tts        498  local audiolen:  1918  ,ced:  25  
[2023/03/19 19:44:30 622] tts        527  0  udata(7c0224a8) 1  
[2023/03/19 19:44:30 625] tts        301  0  0  
[2023/03/19 19:44:30 625] tts        312  TTS_LOCAL_CB_END,  2  
[2023/03/19 19:44:30 626] tts        657  TTS_MSG_GETAUDIO  0  
[2023/03/19 19:44:30 626] tts        485  get audio|use local  
[2023/03/19 19:44:30 626] tts        498  local audiolen:  1928  ,ced:  25  
[2023/03/19 19:44:30 626] tts        527  0  udata(7c022748) 1  
[2023/03/19 19:44:30 627] tts        657  TTS_MSG_GETAUDIO  0  
[2023/03/19 19:44:30 627] tts        485  get audio|use local  
[2023/03/19 19:44:30 627] tts        498  local audiolen:  1948  ,ced:  25  
[2023/03/19 19:44:30 627] tts        527  0  udata(7c022978) 1  
[2023/03/19 19:44:30 628] tts        657  TTS_MSG_GETAUDIO  0  
[2023/03/19 19:44:30 628] tts        485  get audio|use local  
[2023/03/19 19:44:30 628] tts        498  local audiolen:  2026  ,ced:  25  
[2023/03/19 19:44:30 628] tts        527  0  udata(7c0229c8) 1  
[2023/03/19 19:44:30 629] tts        657  TTS_MSG_GETAUDIO  0  
[2023/03/19 19:44:30 629] tts        485  get audio|use local  
[2023/03/19 19:44:30 629] tts        498  local audiolen:  1986  ,ced:  25  
[2023/03/19 19:44:30 629] tts        527  0  udata(7c022a18) 1  
[2023/03/19 19:44:30 630] tts        657  TTS_MSG_GETAUDIO  0  
[2023/03/19 19:44:30 630] tts        485  get audio|use local  
[2023/03/19 19:44:30 630] tts        498  local audiolen:  1972  ,ced:  25  
[2023/03/19 19:44:30 631] tts        527  0  udata(7c022a68) 1  
[2023/03/19 19:44:30 631] tts        657  TTS_MSG_GETAUDIO  0  
[2023/03/19 19:44:30 631] tts        485  get audio|use local  
[2023/03/19 19:44:30 632] tts        498  local audiolen:  2006  ,ced:  25  
[2023/03/19 19:44:30 632] tts        527  0  udata(7c022ab8) 1  
[2023/03/19 19:44:30 633] tts        657  TTS_MSG_GETAUDIO  0  
[2023/03/19 19:44:30 633] tts        485  get audio|use local  
[2023/03/19 19:44:30 633] tts        498  local audiolen:  2024  ,ced:  25  
[2023/03/19 19:44:30 633] tts        527  0  udata(7c022b08) 1  
[2023/03/19 19:44:30 634] tts        657  TTS_MSG_GETAUDIO  0  
[2023/03/19 19:44:30 634] tts        485  get audio|use local  
[2023/03/19 19:44:30 634] tts        498  local audiolen:  1916  ,ced:  25  
[2023/03/19 19:44:30 634] tts        527  0  udata(7c022b58) 1  
[2023/03/19 19:44:30 637] tts        657  TTS_MSG_GETAUDIO  0  
[2023/03/19 19:44:30 637] tts        485  get audio|use local  
[2023/03/19 19:44:30 637] tts        498  local audiolen:  2028  ,ced:  25  
[2023/03/19 19:44:30 638] tts        527  0  udata(7c022ba8) 1  
[2023/03/19 19:44:30 638] tts        657  TTS_MSG_GETAUDIO  0  
[2023/03/19 19:44:30 638] tts        485  get audio|use local  
[2023/03/19 19:44:30 638] tts        498  local audiolen:  2030  ,ced:  25  
[2023/03/19 19:44:30 639] tts        527  0  udata(7c022bf8) 1  
[2023/03/19 19:44:30 639] tts        657  TTS_MSG_GETAUDIO  0  
[2023/03/19 19:44:30 639] tts        485  get audio|use local  
[2023/03/19 19:44:30 640] tts        498  local audiolen:  1914  ,ced:  25  
[2023/03/19 19:44:30 640] tts        527  0  udata(7c022c48) 1  
[2023/03/19 19:44:30 648] tts        657  TTS_MSG_GETAUDIO  0  
[2023/03/19 19:44:30 648] tts        485  get audio|use local  
[2023/03/19 19:44:30 648] tts        498  local audiolen:  1954  ,ced:  25  
[2023/03/19 19:44:30 648] tts        527  0  udata(7c022c98) 1  
[2023/03/19 19:44:30 649] tts        657  TTS_MSG_GETAUDIO  0  
[2023/03/19 19:44:30 650] tts        485  get audio|use local  
[2023/03/19 19:44:30 650] tts        498  local audiolen:  1958  ,ced:  25  
[2023/03/19 19:44:30 650] tts        527  0  udata(7c022ce8) 1  
[2023/03/19 19:44:30 651] tts        657  TTS_MSG_GETAUDIO  0  
[2023/03/19 19:44:30 651] tts        485  get audio|use local  
[2023/03/19 19:44:30 651] tts        498  local audiolen:  1960  ,ced:  25  
[2023/03/19 19:44:30 651] tts        527  0  udata(7c022d38) 1  
[2023/03/19 19:44:30 652] tts        657  TTS_MSG_GETAUDIO  0  
[2023/03/19 19:44:30 653] tts        485  get audio|use local  
[2023/03/19 19:44:30 653] tts        498  local audiolen:  2008  ,ced:  25  
[2023/03/19 19:44:30 653] tts        527  0  udata(7c022d88) 1  
[2023/03/19 19:44:30 654] tts        657  TTS_MSG_GETAUDIO  0  
[2023/03/19 19:44:30 654] tts        485  get audio|use local  
[2023/03/19 19:44:30 654] tts        498  local audiolen:  768  ,ced:  25  
[2023/03/19 19:44:30 654] tts        527  0  udata(7c023258) 2  
[2023/03/19 19:44:30 655] tts        660  TTS_MSG_SSE  
[2023/03/19 19:44:30 656] tts        585  sse|use local  
[2023/03/19 19:44:30 661] tts        603  tts exit  
