============================================================
Time  2023/03/19 20:12:28 811 
============================================================
[2023/03/19 20:12:28 812] tts        676  SYS_MSG_REGCB param0 =  msp_status_cb  param1 =  func(84014a30) 
[2023/03/19 20:12:28 814] config     43   use general cloud  
[2023/03/19 20:12:28 820] tts_cloud  1417 SYS_MSG_REGCB_CLOUD param0 =   msp_status_cb  param1 =  func(84014a30) 
[2023/03/19 20:12:28 820] tts        647  TTS_MSG_SSB  
[2023/03/19 20:12:28 821] tts        375  params =  engine_type = local,voice_name=xiaoyan, text_encoding = UTF8, tts_res_path = fo|res/tts/xiaoyan.jet;fo|res/tts/common.jet, sample_rate = 16000, speed = 50, volume = 50, pitch = 50, rdn = 2  
[2023/03/19 20:12:28 821] tts        412  ssb|use local  
[2023/03/19 20:12:28 821] tts        349  local_session_begin  
[2023/03/19 20:12:28 824] tts        654  TTS_MSG_SYN  0  
[2023/03/19 20:12:28 824] tts        451  synth|use local  
[2023/03/19 20:12:28 825] tts        657  TTS_MSG_GETAUDIO  0  
[2023/03/19 20:12:28 825] tts        485  get audio|use local  
[2023/03/19 20:12:28 826] tts        527  0  nil  1  
[2023/03/19 20:12:28 826] tts        657  TTS_MSG_GETAUDIO  0  
[2023/03/19 20:12:28 826] tts        485  get audio|use local  
[2023/03/19 20:12:28 826] tts        527  0  nil  1  
[2023/03/19 20:12:28 828] tts        657  TTS_MSG_GETAUDIO  0  
[2023/03/19 20:12:28 828] tts        485  get audio|use local  
[2023/03/19 20:12:28 828] tts        527  0  nil  1  
[2023/03/19 20:12:28 829] tts        657  TTS_MSG_GETAUDIO  0  
[2023/03/19 20:12:28 829] tts        485  get audio|use local  
[2023/03/19 20:12:28 829] tts        527  0  nil  1  
[2023/03/19 20:12:28 830] tts        657  TTS_MSG_GETAUDIO  0  
[2023/03/19 20:12:28 830] tts        485  get audio|use local  
[2023/03/19 20:12:28 830] tts        527  0  nil  1  
[2023/03/19 20:12:28 831] tts        657  TTS_MSG_GETAUDIO  0  
[2023/03/19 20:12:28 831] tts        485  get audio|use local  
[2023/03/19 20:12:28 831] tts        527  0  nil  1  
[2023/03/19 20:12:28 832] tts        657  TTS_MSG_GETAUDIO  0  
[2023/03/19 20:12:28 832] tts        485  get audio|use local  
[2023/03/19 20:12:28 832] tts        527  0  nil  1  
[2023/03/19 20:12:28 833] tts        657  TTS_MSG_GETAUDIO  0  
[2023/03/19 20:12:28 833] tts        485  get audio|use local  
[2023/03/19 20:12:28 833] tts        527  0  nil  1  
[2023/03/19 20:12:28 834] tts        657  TTS_MSG_GETAUDIO  0  
[2023/03/19 20:12:28 834] tts        485  get audio|use local  
[2023/03/19 20:12:28 834] tts        527  0  nil  1  
[2023/03/19 20:12:28 834] tts        657  TTS_MSG_GETAUDIO  0  
[2023/03/19 20:12:28 835] tts        485  get audio|use local  
[2023/03/19 20:12:28 835] tts        527  0  nil  1  
[2023/03/19 20:12:28 836] tts        657  TTS_MSG_GETAUDIO  0  
[2023/03/19 20:12:28 836] tts        485  get audio|use local  
[2023/03/19 20:12:28 837] tts        527  0  nil  1  
[2023/03/19 20:12:28 838] tts        657  TTS_MSG_GETAUDIO  0  
[2023/03/19 20:12:28 838] tts        485  get audio|use local  
[2023/03/19 20:12:28 838] tts        527  0  nil  1  
[2023/03/19 20:12:28 839] tts        657  TTS_MSG_GETAUDIO  0  
[2023/03/19 20:12:28 839] tts        485  get audio|use local  
[2023/03/19 20:12:28 839] tts        527  0  nil  1  
[2023/03/19 20:12:28 840] tts        657  TTS_MSG_GETAUDIO  0  
[2023/03/19 20:12:28 841] tts        485  get audio|use local  
[2023/03/19 20:12:28 841] tts        527  0  nil  1  
[2023/03/19 20:12:28 842] tts        657  TTS_MSG_GETAUDIO  0  
[2023/03/19 20:12:28 842] tts        485  get audio|use local  
[2023/03/19 20:12:28 842] tts        527  0  nil  1  
[2023/03/19 20:12:28 843] tts        657  TTS_MSG_GETAUDIO  0  
[2023/03/19 20:12:28 843] tts        485  get audio|use local  
[2023/03/19 20:12:28 843] tts        527  0  nil  1  
[2023/03/19 20:12:28 844] tts        657  TTS_MSG_GETAUDIO  0  
[2023/03/19 20:12:28 844] tts        485  get audio|use local  
[2023/03/19 20:12:28 844] tts        527  0  nil  1  
[2023/03/19 20:12:28 845] tts        657  TTS_MSG_GETAUDIO  0  
[2023/03/19 20:12:28 845] tts        485  get audio|use local  
[2023/03/19 20:12:28 845] tts        527  0  nil  1  
[2023/03/19 20:12:28 846] tts        657  TTS_MSG_GETAUDIO  0  
[2023/03/19 20:12:28 846] tts        485  get audio|use local  
[2023/03/19 20:12:28 846] tts        527  0  nil  1  
[2023/03/19 20:12:28 847] tts        657  TTS_MSG_GETAUDIO  0  
[2023/03/19 20:12:28 847] tts        485  get audio|use local  
[2023/03/19 20:12:28 847] tts        527  0  nil  1  
[2023/03/19 20:12:28 848] tts        657  TTS_MSG_GETAUDIO  0  
[2023/03/19 20:12:28 848] tts        485  get audio|use local  
[2023/03/19 20:12:28 848] tts        527  0  nil  1  
[2023/03/19 20:12:28 849] tts        657  TTS_MSG_GETAUDIO  0  
[2023/03/19 20:12:28 849] tts        485  get audio|use local  
[2023/03/19 20:12:28 849] tts        527  0  nil  1  
[2023/03/19 20:12:28 850] tts        657  TTS_MSG_GETAUDIO  0  
[2023/03/19 20:12:28 850] tts        485  get audio|use local  
[2023/03/19 20:12:28 850] tts        527  0  nil  1  
[2023/03/19 20:12:28 851] tts        657  TTS_MSG_GETAUDIO  0  
[2023/03/19 20:12:28 851] tts        485  get audio|use local  
[2023/03/19 20:12:28 851] tts        527  0  nil  1  
[2023/03/19 20:12:28 852] tts        657  TTS_MSG_GETAUDIO  0  
[2023/03/19 20:12:28 852] tts        485  get audio|use local  
[2023/03/19 20:12:28 852] tts        527  0  nil  1  
[2023/03/19 20:12:28 855] tts        657  TTS_MSG_GETAUDIO  0  
[2023/03/19 20:12:28 855] tts        485  get audio|use local  
[2023/03/19 20:12:28 855] tts        527  0  nil  1  
[2023/03/19 20:12:28 857] tts        657  TTS_MSG_GETAUDIO  0  
[2023/03/19 20:12:28 857] tts        485  get audio|use local  
[2023/03/19 20:12:28 857] tts        527  0  nil  1  
[2023/03/19 20:12:28 858] tts        657  TTS_MSG_GETAUDIO  0  
[2023/03/19 20:12:28 858] tts        485  get audio|use local  
[2023/03/19 20:12:28 858] tts        527  0  nil  1  
[2023/03/19 20:12:28 859] tts        657  TTS_MSG_GETAUDIO  0  
[2023/03/19 20:12:28 859] tts        485  get audio|use local  
[2023/03/19 20:12:28 859] tts        527  0  nil  1  
[2023/03/19 20:12:28 860] tts        657  TTS_MSG_GETAUDIO  0  
[2023/03/19 20:12:28 860] tts        485  get audio|use local  
[2023/03/19 20:12:28 860] tts        527  0  nil  1  
[2023/03/19 20:12:28 861] tts        657  TTS_MSG_GETAUDIO  0  
[2023/03/19 20:12:28 861] tts        485  get audio|use local  
[2023/03/19 20:12:28 861] tts        527  0  nil  1  
[2023/03/19 20:12:28 862] tts        657  TTS_MSG_GETAUDIO  0  
[2023/03/19 20:12:28 862] tts        485  get audio|use local  
[2023/03/19 20:12:28 862] tts        527  0  nil  1  
[2023/03/19 20:12:28 863] tts        657  TTS_MSG_GETAUDIO  0  
[2023/03/19 20:12:28 863] tts        485  get audio|use local  
[2023/03/19 20:12:28 863] tts        527  0  nil  1  
[2023/03/19 20:12:28 864] tts        657  TTS_MSG_GETAUDIO  0  
[2023/03/19 20:12:28 864] tts        485  get audio|use local  
[2023/03/19 20:12:28 864] tts        527  0  nil  1  
[2023/03/19 20:12:28 865] tts        657  TTS_MSG_GETAUDIO  0  
[2023/03/19 20:12:28 865] tts        485  get audio|use local  
[2023/03/19 20:12:28 865] tts        527  0  nil  1  
[2023/03/19 20:12:28 867] tts        657  TTS_MSG_GETAUDIO  0  
[2023/03/19 20:12:28 867] tts        485  get audio|use local  
[2023/03/19 20:12:28 867] tts        527  0  nil  1  
[2023/03/19 20:12:28 868] tts        657  TTS_MSG_GETAUDIO  0  
[2023/03/19 20:12:28 869] tts        485  get audio|use local  
[2023/03/19 20:12:28 869] tts        527  0  nil  1  
[2023/03/19 20:12:28 870] tts        657  TTS_MSG_GETAUDIO  0  
[2023/03/19 20:12:28 870] tts        485  get audio|use local  
[2023/03/19 20:12:28 870] tts        527  0  nil  1  
[2023/03/19 20:12:28 871] tts        657  TTS_MSG_GETAUDIO  0  
[2023/03/19 20:12:28 871] tts        485  get audio|use local  
[2023/03/19 20:12:28 872] tts        527  0  nil  1  
[2023/03/19 20:12:28 873] tts        657  TTS_MSG_GETAUDIO  0  
[2023/03/19 20:12:28 873] tts        485  get audio|use local  
[2023/03/19 20:12:28 873] tts        527  0  nil  1  
[2023/03/19 20:12:28 874] tts        657  TTS_MSG_GETAUDIO  0  
[2023/03/19 20:12:28 874] tts        485  get audio|use local  
[2023/03/19 20:12:28 874] tts        527  0  nil  1  
[2023/03/19 20:12:28 876] tts        657  TTS_MSG_GETAUDIO  0  
[2023/03/19 20:12:28 876] tts        485  get audio|use local  
[2023/03/19 20:12:28 876] tts        527  0  nil  1  
[2023/03/19 20:12:28 876] tts        299  TTS_LOCAL_CB_BEGIN  
[2023/03/19 20:12:28 877] tts        657  TTS_MSG_GETAUDIO  0  
[2023/03/19 20:12:28 877] tts        485  get audio|use local  
[2023/03/19 20:12:28 877] tts        527  0  nil  1  
[2023/03/19 20:12:28 878] tts        657  TTS_MSG_GETAUDIO  0  
[2023/03/19 20:12:28 878] tts        485  get audio|use local  
[2023/03/19 20:12:28 878] tts        527  0  nil  1  
[2023/03/19 20:12:28 879] tts        657  TTS_MSG_GETAUDIO  0  
[2023/03/19 20:12:28 879] tts        485  get audio|use local  
[2023/03/19 20:12:28 879] tts        527  0  nil  1  
[2023/03/19 20:12:28 880] tts        657  TTS_MSG_GETAUDIO  0  
[2023/03/19 20:12:28 881] tts        485  get audio|use local  
[2023/03/19 20:12:28 881] tts        527  0  nil  1  
[2023/03/19 20:12:28 889] tts        657  TTS_MSG_GETAUDIO  0  
[2023/03/19 20:12:28 889] tts        485  get audio|use local  
[2023/03/19 20:12:28 889] tts        527  0  nil  1  
[2023/03/19 20:12:28 893] tts        657  TTS_MSG_GETAUDIO  0  
[2023/03/19 20:12:28 893] tts        485  get audio|use local  
[2023/03/19 20:12:28 895] tts        527  0  nil  1  
[2023/03/19 20:12:28 900] tts        657  TTS_MSG_GETAUDIO  0  
[2023/03/19 20:12:28 900] tts        485  get audio|use local  
[2023/03/19 20:12:28 900] tts        498  local audiolen:  2042  ,ced:  6  
[2023/03/19 20:12:28 900] tts        527  0  udata(8406a4b8) 1  
[2023/03/19 20:12:28 902] tts        657  TTS_MSG_GETAUDIO  0  
[2023/03/19 20:12:28 902] tts        485  get audio|use local  
[2023/03/19 20:12:28 903] tts        498  local audiolen:  2016  ,ced:  6  
[2023/03/19 20:12:28 903] tts        527  0  udata(8407c678) 1  
[2023/03/19 20:12:28 905] tts        657  TTS_MSG_GETAUDIO  0  
[2023/03/19 20:12:28 905] tts        485  get audio|use local  
[2023/03/19 20:12:28 905] tts        498  local audiolen:  1956  ,ced:  6  
[2023/03/19 20:12:28 905] tts        527  0  udata(8407c9c8) 1  
[2023/03/19 20:12:28 906] tts        301  0  0  
[2023/03/19 20:12:28 906] tts        312  TTS_LOCAL_CB_END,  2  
[2023/03/19 20:12:28 907] tts        657  TTS_MSG_GETAUDIO  0  
[2023/03/19 20:12:28 907] tts        485  get audio|use local  
[2023/03/19 20:12:28 907] tts        498  local audiolen:  2048  ,ced:  6  
[2023/03/19 20:12:28 907] tts        527  0  udata(8407d6d8) 1  
[2023/03/19 20:12:28 908] tts        657  TTS_MSG_GETAUDIO  0  
[2023/03/19 20:12:28 908] tts        485  get audio|use local  
[2023/03/19 20:12:28 908] tts        498  local audiolen:  2020  ,ced:  6  
[2023/03/19 20:12:28 908] tts        527  0  udata(8407d728) 1  
[2023/03/19 20:12:28 909] tts        657  TTS_MSG_GETAUDIO  0  
[2023/03/19 20:12:28 909] tts        485  get audio|use local  
[2023/03/19 20:12:28 909] tts        498  local audiolen:  1994  ,ced:  6  
[2023/03/19 20:12:28 909] tts        527  0  udata(8407d778) 1  
[2023/03/19 20:12:28 913] tts        657  TTS_MSG_GETAUDIO  0  
[2023/03/19 20:12:28 913] tts        485  get audio|use local  
[2023/03/19 20:12:28 913] tts        498  local audiolen:  1950  ,ced:  6  
[2023/03/19 20:12:28 913] tts        527  0  udata(8407f468) 1  
[2023/03/19 20:12:28 914] tts        657  TTS_MSG_GETAUDIO  0  
[2023/03/19 20:12:28 914] tts        485  get audio|use local  
[2023/03/19 20:12:28 915] tts        498  local audiolen:  1874  ,ced:  6  
[2023/03/19 20:12:28 915] tts        527  0  udata(8407d7c8) 1  
[2023/03/19 20:12:28 915] tts        657  TTS_MSG_GETAUDIO  0  
[2023/03/19 20:12:28 916] tts        485  get audio|use local  
[2023/03/19 20:12:28 916] tts        498  local audiolen:  1888  ,ced:  6  
[2023/03/19 20:12:28 918] tts        527  0  udata(8407d818) 1  
[2023/03/19 20:12:28 918] tts        657  TTS_MSG_GETAUDIO  0  
[2023/03/19 20:12:28 918] tts        485  get audio|use local  
[2023/03/19 20:12:28 919] tts        498  local audiolen:  1886  ,ced:  6  
[2023/03/19 20:12:28 919] tts        527  0  udata(8407d868) 1  
[2023/03/19 20:12:28 919] tts        657  TTS_MSG_GETAUDIO  0  
[2023/03/19 20:12:28 919] tts        485  get audio|use local  
[2023/03/19 20:12:28 920] tts        498  local audiolen:  1992  ,ced:  6  
[2023/03/19 20:12:28 920] tts        527  0  udata(8407d8b8) 1  
[2023/03/19 20:12:28 920] tts        657  TTS_MSG_GETAUDIO  0  
[2023/03/19 20:12:28 920] tts        485  get audio|use local  
[2023/03/19 20:12:28 920] tts        498  local audiolen:  288  ,ced:  6  
[2023/03/19 20:12:28 921] tts        527  0  udata(8407da38) 2  
[2023/03/19 20:12:28 921] tts        660  TTS_MSG_SSE  
[2023/03/19 20:12:28 923] tts        585  sse|use local  
[2023/03/19 20:12:28 925] tts        603  tts exit  
