============================================================
Time  2023/05/06 19:34:00 397 
============================================================
[2023/05/06 19:34:00 397] tts        676  SYS_MSG_REGCB param0 =  msp_status_cb  param1 =  func(78014a30) 
[2023/05/06 19:34:00 400] config     43   use general cloud  
[2023/05/06 19:34:00 405] tts_cloud  1417 SYS_MSG_REGCB_CLOUD param0 =   msp_status_cb  param1 =  func(78014a30) 
[2023/05/06 19:34:00 405] tts        647  TTS_MSG_SSB  
[2023/05/06 19:34:00 405] tts        375  params =  engine_type = local,voice_name=xiaoyan, text_encoding = UTF8, tts_res_path = fo|res/tts/xiaoyan.jet;fo|res/tts/common.jet, sample_rate = 16000, speed = 80, volume = 50, pitch = 50, rdn = 2  
[2023/05/06 19:34:00 406] tts        412  ssb|use local  
[2023/05/06 19:34:00 406] tts        349  local_session_begin  
[2023/05/06 19:34:00 408] tts        654  TTS_MSG_SYN  0  
[2023/05/06 19:34:00 408] tts        451  synth|use local  
[2023/05/06 19:34:00 410] tts        657  TTS_MSG_GETAUDIO  0  
[2023/05/06 19:34:00 410] tts        485  get audio|use local  
[2023/05/06 19:34:00 410] tts        527  0  nil  1  
[2023/05/06 19:34:00 411] tts        657  TTS_MSG_GETAUDIO  0  
[2023/05/06 19:34:00 411] tts        485  get audio|use local  
[2023/05/06 19:34:00 411] tts        527  0  nil  1  
[2023/05/06 19:34:00 412] tts        657  TTS_MSG_GETAUDIO  0  
[2023/05/06 19:34:00 413] tts        485  get audio|use local  
[2023/05/06 19:34:00 413] tts        527  0  nil  1  
[2023/05/06 19:34:00 414] tts        657  TTS_MSG_GETAUDIO  0  
[2023/05/06 19:34:00 414] tts        485  get audio|use local  
[2023/05/06 19:34:00 414] tts        527  0  nil  1  
[2023/05/06 19:34:00 414] tts        657  TTS_MSG_GETAUDIO  0  
[2023/05/06 19:34:00 414] tts        485  get audio|use local  
[2023/05/06 19:34:00 415] tts        527  0  nil  1  
[2023/05/06 19:34:00 415] tts        657  TTS_MSG_GETAUDIO  0  
[2023/05/06 19:34:00 416] tts        485  get audio|use local  
[2023/05/06 19:34:00 416] tts        527  0  nil  1  
[2023/05/06 19:34:00 416] tts        657  TTS_MSG_GETAUDIO  0  
[2023/05/06 19:34:00 416] tts        485  get audio|use local  
[2023/05/06 19:34:00 417] tts        527  0  nil  1  
[2023/05/06 19:34:00 417] tts        657  TTS_MSG_GETAUDIO  0  
[2023/05/06 19:34:00 417] tts        485  get audio|use local  
[2023/05/06 19:34:00 417] tts        527  0  nil  1  
[2023/05/06 19:34:00 418] tts        657  TTS_MSG_GETAUDIO  0  
[2023/05/06 19:34:00 418] tts        485  get audio|use local  
[2023/05/06 19:34:00 418] tts        527  0  nil  1  
[2023/05/06 19:34:00 419] tts        657  TTS_MSG_GETAUDIO  0  
[2023/05/06 19:34:00 419] tts        485  get audio|use local  
[2023/05/06 19:34:00 419] tts        527  0  nil  1  
[2023/05/06 19:34:00 420] tts        657  TTS_MSG_GETAUDIO  0  
[2023/05/06 19:34:00 420] tts        485  get audio|use local  
[2023/05/06 19:34:00 420] tts        527  0  nil  1  
[2023/05/06 19:34:00 421] tts        657  TTS_MSG_GETAUDIO  0  
[2023/05/06 19:34:00 422] tts        485  get audio|use local  
[2023/05/06 19:34:00 422] tts        527  0  nil  1  
[2023/05/06 19:34:00 423] tts        657  TTS_MSG_GETAUDIO  0  
[2023/05/06 19:34:00 423] tts        485  get audio|use local  
[2023/05/06 19:34:00 423] tts        527  0  nil  1  
[2023/05/06 19:34:00 424] tts        657  TTS_MSG_GETAUDIO  0  
[2023/05/06 19:34:00 424] tts        485  get audio|use local  
[2023/05/06 19:34:00 424] tts        527  0  nil  1  
[2023/05/06 19:34:00 425] tts        657  TTS_MSG_GETAUDIO  0  
[2023/05/06 19:34:00 425] tts        485  get audio|use local  
[2023/05/06 19:34:00 425] tts        527  0  nil  1  
[2023/05/06 19:34:00 426] tts        657  TTS_MSG_GETAUDIO  0  
[2023/05/06 19:34:00 426] tts        485  get audio|use local  
[2023/05/06 19:34:00 426] tts        527  0  nil  1  
[2023/05/06 19:34:00 426] tts        657  TTS_MSG_GETAUDIO  0  
[2023/05/06 19:34:00 426] tts        485  get audio|use local  
[2023/05/06 19:34:00 427] tts        527  0  nil  1  
[2023/05/06 19:34:00 427] tts        657  TTS_MSG_GETAUDIO  0  
[2023/05/06 19:34:00 427] tts        485  get audio|use local  
[2023/05/06 19:34:00 428] tts        527  0  nil  1  
[2023/05/06 19:34:00 428] tts        657  TTS_MSG_GETAUDIO  0  
[2023/05/06 19:34:00 428] tts        485  get audio|use local  
[2023/05/06 19:34:00 429] tts        527  0  nil  1  
[2023/05/06 19:34:00 429] tts        657  TTS_MSG_GETAUDIO  0  
[2023/05/06 19:34:00 429] tts        485  get audio|use local  
[2023/05/06 19:34:00 429] tts        527  0  nil  1  
[2023/05/06 19:34:00 430] tts        657  TTS_MSG_GETAUDIO  0  
[2023/05/06 19:34:00 430] tts        485  get audio|use local  
[2023/05/06 19:34:00 430] tts        527  0  nil  1  
[2023/05/06 19:34:00 431] tts        657  TTS_MSG_GETAUDIO  0  
[2023/05/06 19:34:00 431] tts        485  get audio|use local  
[2023/05/06 19:34:00 431] tts        527  0  nil  1  
[2023/05/06 19:34:00 432] tts        657  TTS_MSG_GETAUDIO  0  
[2023/05/06 19:34:00 432] tts        485  get audio|use local  
[2023/05/06 19:34:00 432] tts        527  0  nil  1  
[2023/05/06 19:34:00 433] tts        657  TTS_MSG_GETAUDIO  0  
[2023/05/06 19:34:00 433] tts        485  get audio|use local  
[2023/05/06 19:34:00 433] tts        527  0  nil  1  
[2023/05/06 19:34:00 434] tts        657  TTS_MSG_GETAUDIO  0  
[2023/05/06 19:34:00 434] tts        485  get audio|use local  
[2023/05/06 19:34:00 434] tts        527  0  nil  1  
[2023/05/06 19:34:00 435] tts        657  TTS_MSG_GETAUDIO  0  
[2023/05/06 19:34:00 435] tts        485  get audio|use local  
[2023/05/06 19:34:00 435] tts        527  0  nil  1  
[2023/05/06 19:34:00 438] tts        657  TTS_MSG_GETAUDIO  0  
[2023/05/06 19:34:00 438] tts        485  get audio|use local  
[2023/05/06 19:34:00 438] tts        527  0  nil  1  
[2023/05/06 19:34:00 439] tts        657  TTS_MSG_GETAUDIO  0  
[2023/05/06 19:34:00 439] tts        485  get audio|use local  
[2023/05/06 19:34:00 439] tts        527  0  nil  1  
[2023/05/06 19:34:00 439] tts        657  TTS_MSG_GETAUDIO  0  
[2023/05/06 19:34:00 440] tts        485  get audio|use local  
[2023/05/06 19:34:00 440] tts        527  0  nil  1  
[2023/05/06 19:34:00 440] tts        657  TTS_MSG_GETAUDIO  0  
[2023/05/06 19:34:00 440] tts        485  get audio|use local  
[2023/05/06 19:34:00 441] tts        527  0  nil  1  
[2023/05/06 19:34:00 441] tts        657  TTS_MSG_GETAUDIO  0  
[2023/05/06 19:34:00 441] tts        485  get audio|use local  
[2023/05/06 19:34:00 441] tts        527  0  nil  1  
[2023/05/06 19:34:00 442] tts        657  TTS_MSG_GETAUDIO  0  
[2023/05/06 19:34:00 442] tts        485  get audio|use local  
[2023/05/06 19:34:00 442] tts        527  0  nil  1  
[2023/05/06 19:34:00 443] tts        657  TTS_MSG_GETAUDIO  0  
[2023/05/06 19:34:00 443] tts        485  get audio|use local  
[2023/05/06 19:34:00 443] tts        527  0  nil  1  
[2023/05/06 19:34:00 443] tts        657  TTS_MSG_GETAUDIO  0  
[2023/05/06 19:34:00 443] tts        485  get audio|use local  
[2023/05/06 19:34:00 443] tts        527  0  nil  1  
[2023/05/06 19:34:00 444] tts        657  TTS_MSG_GETAUDIO  0  
[2023/05/06 19:34:00 444] tts        485  get audio|use local  
[2023/05/06 19:34:00 444] tts        527  0  nil  1  
[2023/05/06 19:34:00 445] tts        657  TTS_MSG_GETAUDIO  0  
[2023/05/06 19:34:00 445] tts        485  get audio|use local  
[2023/05/06 19:34:00 445] tts        527  0  nil  1  
[2023/05/06 19:34:00 447] tts        657  TTS_MSG_GETAUDIO  0  
[2023/05/06 19:34:00 447] tts        485  get audio|use local  
[2023/05/06 19:34:00 447] tts        527  0  nil  1  
[2023/05/06 19:34:00 448] tts        657  TTS_MSG_GETAUDIO  0  
[2023/05/06 19:34:00 448] tts        485  get audio|use local  
[2023/05/06 19:34:00 448] tts        527  0  nil  1  
[2023/05/06 19:34:00 448] tts        657  TTS_MSG_GETAUDIO  0  
[2023/05/06 19:34:00 448] tts        485  get audio|use local  
[2023/05/06 19:34:00 449] tts        527  0  nil  1  
[2023/05/06 19:34:00 449] tts        657  TTS_MSG_GETAUDIO  0  
[2023/05/06 19:34:00 449] tts        485  get audio|use local  
[2023/05/06 19:34:00 449] tts        527  0  nil  1  
[2023/05/06 19:34:00 450] tts        657  TTS_MSG_GETAUDIO  0  
[2023/05/06 19:34:00 450] tts        485  get audio|use local  
[2023/05/06 19:34:00 450] tts        527  0  nil  1  
[2023/05/06 19:34:00 451] tts        657  TTS_MSG_GETAUDIO  0  
[2023/05/06 19:34:00 451] tts        485  get audio|use local  
[2023/05/06 19:34:00 451] tts        527  0  nil  1  
[2023/05/06 19:34:00 451] tts        657  TTS_MSG_GETAUDIO  0  
[2023/05/06 19:34:00 451] tts        485  get audio|use local  
[2023/05/06 19:34:00 451] tts        527  0  nil  1  
[2023/05/06 19:34:00 452] tts        657  TTS_MSG_GETAUDIO  0  
[2023/05/06 19:34:00 452] tts        485  get audio|use local  
[2023/05/06 19:34:00 452] tts        527  0  nil  1  
[2023/05/06 19:34:00 453] tts        657  TTS_MSG_GETAUDIO  0  
[2023/05/06 19:34:00 453] tts        485  get audio|use local  
[2023/05/06 19:34:00 453] tts        527  0  nil  1  
[2023/05/06 19:34:00 453] tts        657  TTS_MSG_GETAUDIO  0  
[2023/05/06 19:34:00 454] tts        485  get audio|use local  
[2023/05/06 19:34:00 454] tts        527  0  nil  1  
[2023/05/06 19:34:00 455] tts        657  TTS_MSG_GETAUDIO  0  
[2023/05/06 19:34:00 455] tts        485  get audio|use local  
[2023/05/06 19:34:00 455] tts        527  0  nil  1  
[2023/05/06 19:34:00 456] tts        657  TTS_MSG_GETAUDIO  0  
[2023/05/06 19:34:00 456] tts        485  get audio|use local  
[2023/05/06 19:34:00 456] tts        527  0  nil  1  
[2023/05/06 19:34:00 457] tts        657  TTS_MSG_GETAUDIO  0  
[2023/05/06 19:34:00 457] tts        485  get audio|use local  
[2023/05/06 19:34:00 457] tts        527  0  nil  1  
[2023/05/06 19:34:00 458] tts        657  TTS_MSG_GETAUDIO  0  
[2023/05/06 19:34:00 459] tts        485  get audio|use local  
[2023/05/06 19:34:00 459] tts        527  0  nil  1  
[2023/05/06 19:34:00 462] tts        657  TTS_MSG_GETAUDIO  0  
[2023/05/06 19:34:00 462] tts        485  get audio|use local  
[2023/05/06 19:34:00 462] tts        527  0  nil  1  
[2023/05/06 19:34:00 463] tts        657  TTS_MSG_GETAUDIO  0  
[2023/05/06 19:34:00 464] tts        485  get audio|use local  
[2023/05/06 19:34:00 464] tts        527  0  nil  1  
[2023/05/06 19:34:00 465] tts        657  TTS_MSG_GETAUDIO  0  
[2023/05/06 19:34:00 465] tts        485  get audio|use local  
[2023/05/06 19:34:00 465] tts        527  0  nil  1  
[2023/05/06 19:34:00 466] tts        657  TTS_MSG_GETAUDIO  0  
[2023/05/06 19:34:00 466] tts        485  get audio|use local  
[2023/05/06 19:34:00 466] tts        527  0  nil  1  
[2023/05/06 19:34:00 467] tts        657  TTS_MSG_GETAUDIO  0  
[2023/05/06 19:34:00 467] tts        485  get audio|use local  
[2023/05/06 19:34:00 467] tts        527  0  nil  1  
[2023/05/06 19:34:00 467] tts        657  TTS_MSG_GETAUDIO  0  
[2023/05/06 19:34:00 467] tts        485  get audio|use local  
[2023/05/06 19:34:00 468] tts        527  0  nil  1  
[2023/05/06 19:34:00 469] tts        657  TTS_MSG_GETAUDIO  0  
[2023/05/06 19:34:00 469] tts        485  get audio|use local  
[2023/05/06 19:34:00 469] tts        527  0  nil  1  
[2023/05/06 19:34:00 470] tts        657  TTS_MSG_GETAUDIO  0  
[2023/05/06 19:34:00 470] tts        485  get audio|use local  
[2023/05/06 19:34:00 470] tts        527  0  nil  1  
[2023/05/06 19:34:00 471] tts        657  TTS_MSG_GETAUDIO  0  
[2023/05/06 19:34:00 471] tts        485  get audio|use local  
[2023/05/06 19:34:00 471] tts        527  0  nil  1  
[2023/05/06 19:34:00 472] tts        657  TTS_MSG_GETAUDIO  0  
[2023/05/06 19:34:00 473] tts        485  get audio|use local  
[2023/05/06 19:34:00 473] tts        527  0  nil  1  
[2023/05/06 19:34:00 474] tts        657  TTS_MSG_GETAUDIO  0  
[2023/05/06 19:34:00 474] tts        485  get audio|use local  
[2023/05/06 19:34:00 474] tts        527  0  nil  1  
[2023/05/06 19:34:00 475] tts        657  TTS_MSG_GETAUDIO  0  
[2023/05/06 19:34:00 476] tts        485  get audio|use local  
[2023/05/06 19:34:00 476] tts        527  0  nil  1  
[2023/05/06 19:34:00 477] tts        657  TTS_MSG_GETAUDIO  0  
[2023/05/06 19:34:00 477] tts        485  get audio|use local  
[2023/05/06 19:34:00 477] tts        527  0  nil  1  
[2023/05/06 19:34:00 481] tts        299  TTS_LOCAL_CB_BEGIN  
[2023/05/06 19:34:00 481] tts        657  TTS_MSG_GETAUDIO  0  
[2023/05/06 19:34:00 481] tts        485  get audio|use local  
[2023/05/06 19:34:00 481] tts        527  0  nil  1  
[2023/05/06 19:34:00 482] tts        657  TTS_MSG_GETAUDIO  0  
[2023/05/06 19:34:00 482] tts        485  get audio|use local  
[2023/05/06 19:34:00 482] tts        527  0  nil  1  
[2023/05/06 19:34:00 483] tts        657  TTS_MSG_GETAUDIO  0  
[2023/05/06 19:34:00 484] tts        485  get audio|use local  
[2023/05/06 19:34:00 484] tts        527  0  nil  1  
[2023/05/06 19:34:00 485] tts        657  TTS_MSG_GETAUDIO  0  
[2023/05/06 19:34:00 485] tts        485  get audio|use local  
[2023/05/06 19:34:00 485] tts        527  0  nil  1  
[2023/05/06 19:34:00 485] tts        657  TTS_MSG_GETAUDIO  0  
[2023/05/06 19:34:00 486] tts        485  get audio|use local  
[2023/05/06 19:34:00 486] tts        527  0  nil  1  
[2023/05/06 19:34:00 486] tts        657  TTS_MSG_GETAUDIO  0  
[2023/05/06 19:34:00 487] tts        485  get audio|use local  
[2023/05/06 19:34:00 487] tts        527  0  nil  1  
[2023/05/06 19:34:00 489] tts        657  TTS_MSG_GETAUDIO  0  
[2023/05/06 19:34:00 489] tts        485  get audio|use local  
[2023/05/06 19:34:00 489] tts        527  0  nil  1  
[2023/05/06 19:34:00 490] tts        657  TTS_MSG_GETAUDIO  0  
[2023/05/06 19:34:00 490] tts        485  get audio|use local  
[2023/05/06 19:34:00 490] tts        527  0  nil  1  
[2023/05/06 19:34:00 491] tts        657  TTS_MSG_GETAUDIO  0  
[2023/05/06 19:34:00 492] tts        485  get audio|use local  
[2023/05/06 19:34:00 492] tts        527  0  nil  1  
[2023/05/06 19:34:00 493] tts        657  TTS_MSG_GETAUDIO  0  
[2023/05/06 19:34:00 494] tts        485  get audio|use local  
[2023/05/06 19:34:00 494] tts        527  0  nil  1  
[2023/05/06 19:34:00 495] tts        657  TTS_MSG_GETAUDIO  0  
[2023/05/06 19:34:00 495] tts        485  get audio|use local  
[2023/05/06 19:34:00 495] tts        527  0  nil  1  
[2023/05/06 19:34:00 499] tts        657  TTS_MSG_GETAUDIO  0  
[2023/05/06 19:34:00 499] tts        485  get audio|use local  
[2023/05/06 19:34:00 499] tts        527  0  nil  1  
[2023/05/06 19:34:00 499] tts        657  TTS_MSG_GETAUDIO  0  
[2023/05/06 19:34:00 500] tts        485  get audio|use local  
[2023/05/06 19:34:00 500] tts        527  0  nil  1  
[2023/05/06 19:34:00 501] tts        657  TTS_MSG_GETAUDIO  0  
[2023/05/06 19:34:00 501] tts        485  get audio|use local  
[2023/05/06 19:34:00 501] tts        527  0  nil  1  
[2023/05/06 19:34:00 501] tts        657  TTS_MSG_GETAUDIO  0  
[2023/05/06 19:34:00 501] tts        485  get audio|use local  
[2023/05/06 19:34:00 502] tts        527  0  nil  1  
[2023/05/06 19:34:00 502] tts        657  TTS_MSG_GETAUDIO  0  
[2023/05/06 19:34:00 502] tts        485  get audio|use local  
[2023/05/06 19:34:00 502] tts        527  0  nil  1  
[2023/05/06 19:34:00 503] tts        657  TTS_MSG_GETAUDIO  0  
[2023/05/06 19:34:00 503] tts        485  get audio|use local  
[2023/05/06 19:34:00 503] tts        527  0  nil  1  
[2023/05/06 19:34:00 504] tts        657  TTS_MSG_GETAUDIO  0  
[2023/05/06 19:34:00 504] tts        485  get audio|use local  
[2023/05/06 19:34:00 504] tts        527  0  nil  1  
[2023/05/06 19:34:00 504] tts        657  TTS_MSG_GETAUDIO  0  
[2023/05/06 19:34:00 504] tts        485  get audio|use local  
[2023/05/06 19:34:00 505] tts        527  0  nil  1  
[2023/05/06 19:34:00 505] tts        657  TTS_MSG_GETAUDIO  0  
[2023/05/06 19:34:00 505] tts        485  get audio|use local  
[2023/05/06 19:34:00 505] tts        527  0  nil  1  
[2023/05/06 19:34:00 506] tts        657  TTS_MSG_GETAUDIO  0  
[2023/05/06 19:34:00 506] tts        485  get audio|use local  
[2023/05/06 19:34:00 506] tts        527  0  nil  1  
[2023/05/06 19:34:00 507] tts        657  TTS_MSG_GETAUDIO  0  
[2023/05/06 19:34:00 507] tts        485  get audio|use local  
[2023/05/06 19:34:00 507] tts        527  0  nil  1  
[2023/05/06 19:34:00 508] tts        657  TTS_MSG_GETAUDIO  0  
[2023/05/06 19:34:00 508] tts        485  get audio|use local  
[2023/05/06 19:34:00 508] tts        527  0  nil  1  
[2023/05/06 19:34:00 509] tts        657  TTS_MSG_GETAUDIO  0  
[2023/05/06 19:34:00 509] tts        485  get audio|use local  
[2023/05/06 19:34:00 509] tts        527  0  nil  1  
[2023/05/06 19:34:00 509] tts        657  TTS_MSG_GETAUDIO  0  
[2023/05/06 19:34:00 509] tts        485  get audio|use local  
[2023/05/06 19:34:00 510] tts        527  0  nil  1  
[2023/05/06 19:34:00 510] tts        657  TTS_MSG_GETAUDIO  0  
[2023/05/06 19:34:00 510] tts        485  get audio|use local  
[2023/05/06 19:34:00 510] tts        527  0  nil  1  
[2023/05/06 19:34:00 511] tts        657  TTS_MSG_GETAUDIO  0  
[2023/05/06 19:34:00 511] tts        485  get audio|use local  
[2023/05/06 19:34:00 511] tts        527  0  nil  1  
[2023/05/06 19:34:00 512] tts        657  TTS_MSG_GETAUDIO  0  
[2023/05/06 19:34:00 512] tts        485  get audio|use local  
[2023/05/06 19:34:00 512] tts        527  0  nil  1  
[2023/05/06 19:34:00 513] tts        657  TTS_MSG_GETAUDIO  0  
[2023/05/06 19:34:00 513] tts        485  get audio|use local  
[2023/05/06 19:34:00 513] tts        527  0  nil  1  
[2023/05/06 19:34:00 514] tts        657  TTS_MSG_GETAUDIO  0  
[2023/05/06 19:34:00 514] tts        485  get audio|use local  
[2023/05/06 19:34:00 514] tts        527  0  nil  1  
[2023/05/06 19:34:00 514] tts        657  TTS_MSG_GETAUDIO  0  
[2023/05/06 19:34:00 515] tts        485  get audio|use local  
[2023/05/06 19:34:00 515] tts        527  0  nil  1  
[2023/05/06 19:34:00 516] tts        657  TTS_MSG_GETAUDIO  0  
[2023/05/06 19:34:00 516] tts        485  get audio|use local  
[2023/05/06 19:34:00 516] tts        527  0  nil  1  
[2023/05/06 19:34:00 517] tts        657  TTS_MSG_GETAUDIO  0  
[2023/05/06 19:34:00 520] tts        485  get audio|use local  
[2023/05/06 19:34:00 520] tts        527  0  nil  1  
[2023/05/06 19:34:00 521] tts        657  TTS_MSG_GETAUDIO  0  
[2023/05/06 19:34:00 521] tts        485  get audio|use local  
[2023/05/06 19:34:00 521] tts        527  0  nil  1  
[2023/05/06 19:34:00 521] tts        657  TTS_MSG_GETAUDIO  0  
[2023/05/06 19:34:00 522] tts        485  get audio|use local  
[2023/05/06 19:34:00 522] tts        527  0  nil  1  
[2023/05/06 19:34:00 523] tts        657  TTS_MSG_GETAUDIO  0  
[2023/05/06 19:34:00 523] tts        485  get audio|use local  
[2023/05/06 19:34:00 523] tts        527  0  nil  1  
[2023/05/06 19:34:00 523] tts        657  TTS_MSG_GETAUDIO  0  
[2023/05/06 19:34:00 524] tts        485  get audio|use local  
[2023/05/06 19:34:00 524] tts        527  0  nil  1  
[2023/05/06 19:34:00 524] tts        657  TTS_MSG_GETAUDIO  0  
[2023/05/06 19:34:00 524] tts        485  get audio|use local  
[2023/05/06 19:34:00 524] tts        527  0  nil  1  
[2023/05/06 19:34:00 525] tts        657  TTS_MSG_GETAUDIO  0  
[2023/05/06 19:34:00 525] tts        485  get audio|use local  
[2023/05/06 19:34:00 525] tts        527  0  nil  1  
[2023/05/06 19:34:00 526] tts        657  TTS_MSG_GETAUDIO  0  
[2023/05/06 19:34:00 526] tts        485  get audio|use local  
[2023/05/06 19:34:00 526] tts        527  0  nil  1  
[2023/05/06 19:34:00 528] tts        657  TTS_MSG_GETAUDIO  0  
[2023/05/06 19:34:00 528] tts        485  get audio|use local  
[2023/05/06 19:34:00 528] tts        527  0  nil  1  
[2023/05/06 19:34:00 528] tts        657  TTS_MSG_GETAUDIO  0  
[2023/05/06 19:34:00 528] tts        485  get audio|use local  
[2023/05/06 19:34:00 529] tts        527  0  nil  1  
[2023/05/06 19:34:00 529] tts        657  TTS_MSG_GETAUDIO  0  
[2023/05/06 19:34:00 529] tts        485  get audio|use local  
[2023/05/06 19:34:00 529] tts        527  0  nil  1  
[2023/05/06 19:34:00 530] tts        657  TTS_MSG_GETAUDIO  0  
[2023/05/06 19:34:00 530] tts        485  get audio|use local  
[2023/05/06 19:34:00 530] tts        527  0  nil  1  
[2023/05/06 19:34:00 531] tts        657  TTS_MSG_GETAUDIO  0  
[2023/05/06 19:34:00 531] tts        485  get audio|use local  
[2023/05/06 19:34:00 531] tts        527  0  nil  1  
[2023/05/06 19:34:00 531] tts        657  TTS_MSG_GETAUDIO  0  
[2023/05/06 19:34:00 532] tts        485  get audio|use local  
[2023/05/06 19:34:00 532] tts        527  0  nil  1  
[2023/05/06 19:34:00 532] tts        657  TTS_MSG_GETAUDIO  0  
[2023/05/06 19:34:00 532] tts        485  get audio|use local  
[2023/05/06 19:34:00 532] tts        527  0  nil  1  
[2023/05/06 19:34:00 533] tts        657  TTS_MSG_GETAUDIO  0  
[2023/05/06 19:34:00 533] tts        485  get audio|use local  
[2023/05/06 19:34:00 533] tts        527  0  nil  1  
[2023/05/06 19:34:00 535] tts        657  TTS_MSG_GETAUDIO  0  
[2023/05/06 19:34:00 535] tts        485  get audio|use local  
[2023/05/06 19:34:00 535] tts        527  0  nil  1  
[2023/05/06 19:34:00 535] tts        657  TTS_MSG_GETAUDIO  0  
[2023/05/06 19:34:00 536] tts        485  get audio|use local  
[2023/05/06 19:34:00 536] tts        527  0  nil  1  
[2023/05/06 19:34:00 536] tts        657  TTS_MSG_GETAUDIO  0  
[2023/05/06 19:34:00 536] tts        485  get audio|use local  
[2023/05/06 19:34:00 536] tts        527  0  nil  1  
[2023/05/06 19:34:00 537] tts        657  TTS_MSG_GETAUDIO  0  
[2023/05/06 19:34:00 537] tts        485  get audio|use local  
[2023/05/06 19:34:00 537] tts        527  0  nil  1  
[2023/05/06 19:34:00 538] tts        657  TTS_MSG_GETAUDIO  0  
[2023/05/06 19:34:00 538] tts        485  get audio|use local  
[2023/05/06 19:34:00 538] tts        527  0  nil  1  
[2023/05/06 19:34:00 538] tts        657  TTS_MSG_GETAUDIO  0  
[2023/05/06 19:34:00 539] tts        485  get audio|use local  
[2023/05/06 19:34:00 539] tts        527  0  nil  1  
[2023/05/06 19:34:00 539] tts        657  TTS_MSG_GETAUDIO  0  
[2023/05/06 19:34:00 539] tts        485  get audio|use local  
[2023/05/06 19:34:00 539] tts        527  0  nil  1  
[2023/05/06 19:34:00 540] tts        657  TTS_MSG_GETAUDIO  0  
[2023/05/06 19:34:00 540] tts        485  get audio|use local  
[2023/05/06 19:34:00 540] tts        527  0  nil  1  
[2023/05/06 19:34:00 541] tts        657  TTS_MSG_GETAUDIO  0  
[2023/05/06 19:34:00 541] tts        485  get audio|use local  
[2023/05/06 19:34:00 541] tts        527  0  nil  1  
[2023/05/06 19:34:00 542] tts        657  TTS_MSG_GETAUDIO  0  
[2023/05/06 19:34:00 542] tts        485  get audio|use local  
[2023/05/06 19:34:00 542] tts        527  0  nil  1  
[2023/05/06 19:34:00 547] tts        657  TTS_MSG_GETAUDIO  0  
[2023/05/06 19:34:00 547] tts        485  get audio|use local  
[2023/05/06 19:34:00 547] tts        527  0  nil  1  
[2023/05/06 19:34:00 549] tts        657  TTS_MSG_GETAUDIO  0  
[2023/05/06 19:34:00 549] tts        485  get audio|use local  
[2023/05/06 19:34:00 549] tts        527  0  nil  1  
[2023/05/06 19:34:00 549] tts        657  TTS_MSG_GETAUDIO  0  
[2023/05/06 19:34:00 550] tts        485  get audio|use local  
[2023/05/06 19:34:00 550] tts        527  0  nil  1  
[2023/05/06 19:34:00 551] tts        657  TTS_MSG_GETAUDIO  0  
[2023/05/06 19:34:00 551] tts        485  get audio|use local  
[2023/05/06 19:34:00 551] tts        527  0  nil  1  
[2023/05/06 19:34:00 551] tts        657  TTS_MSG_GETAUDIO  0  
[2023/05/06 19:34:00 552] tts        485  get audio|use local  
[2023/05/06 19:34:00 552] tts        527  0  nil  1  
[2023/05/06 19:34:00 552] tts        657  TTS_MSG_GETAUDIO  0  
[2023/05/06 19:34:00 552] tts        485  get audio|use local  
[2023/05/06 19:34:00 553] tts        527  0  nil  1  
[2023/05/06 19:34:00 555] tts        657  TTS_MSG_GETAUDIO  0  
[2023/05/06 19:34:00 555] tts        485  get audio|use local  
[2023/05/06 19:34:00 557] tts        527  0  nil  1  
[2023/05/06 19:34:00 557] tts        657  TTS_MSG_GETAUDIO  0  
[2023/05/06 19:34:00 558] tts        485  get audio|use local  
[2023/05/06 19:34:00 558] tts        527  0  nil  1  
[2023/05/06 19:34:00 558] tts        657  TTS_MSG_GETAUDIO  0  
[2023/05/06 19:34:00 558] tts        485  get audio|use local  
[2023/05/06 19:34:00 558] tts        527  0  nil  1  
[2023/05/06 19:34:00 559] tts        657  TTS_MSG_GETAUDIO  0  
[2023/05/06 19:34:00 559] tts        485  get audio|use local  
[2023/05/06 19:34:00 559] tts        527  0  nil  1  
[2023/05/06 19:34:00 560] tts        657  TTS_MSG_GETAUDIO  0  
[2023/05/06 19:34:00 560] tts        485  get audio|use local  
[2023/05/06 19:34:00 560] tts        527  0  nil  1  
[2023/05/06 19:34:00 560] tts        657  TTS_MSG_GETAUDIO  0  
[2023/05/06 19:34:00 561] tts        485  get audio|use local  
[2023/05/06 19:34:00 561] tts        527  0  nil  1  
[2023/05/06 19:34:00 561] tts        657  TTS_MSG_GETAUDIO  0  
[2023/05/06 19:34:00 561] tts        485  get audio|use local  
[2023/05/06 19:34:00 561] tts        527  0  nil  1  
[2023/05/06 19:34:00 562] tts        657  TTS_MSG_GETAUDIO  0  
[2023/05/06 19:34:00 562] tts        485  get audio|use local  
[2023/05/06 19:34:00 562] tts        527  0  nil  1  
[2023/05/06 19:34:00 563] tts        657  TTS_MSG_GETAUDIO  0  
[2023/05/06 19:34:00 563] tts        485  get audio|use local  
[2023/05/06 19:34:00 563] tts        527  0  nil  1  
[2023/05/06 19:34:00 564] tts        657  TTS_MSG_GETAUDIO  0  
[2023/05/06 19:34:00 564] tts        485  get audio|use local  
[2023/05/06 19:34:00 564] tts        527  0  nil  1  
[2023/05/06 19:34:00 565] tts        657  TTS_MSG_GETAUDIO  0  
[2023/05/06 19:34:00 565] tts        485  get audio|use local  
[2023/05/06 19:34:00 565] tts        527  0  nil  1  
[2023/05/06 19:34:00 565] tts        657  TTS_MSG_GETAUDIO  0  
[2023/05/06 19:34:00 565] tts        485  get audio|use local  
[2023/05/06 19:34:00 566] tts        527  0  nil  1  
[2023/05/06 19:34:00 566] tts        657  TTS_MSG_GETAUDIO  0  
[2023/05/06 19:34:00 566] tts        485  get audio|use local  
[2023/05/06 19:34:00 567] tts        527  0  nil  1  
[2023/05/06 19:34:00 568] tts        657  TTS_MSG_GETAUDIO  0  
[2023/05/06 19:34:00 568] tts        485  get audio|use local  
[2023/05/06 19:34:00 568] tts        527  0  nil  1  
[2023/05/06 19:34:00 568] tts        657  TTS_MSG_GETAUDIO  0  
[2023/05/06 19:34:00 569] tts        485  get audio|use local  
[2023/05/06 19:34:00 569] tts        527  0  nil  1  
[2023/05/06 19:34:00 570] tts        657  TTS_MSG_GETAUDIO  0  
[2023/05/06 19:34:00 570] tts        485  get audio|use local  
[2023/05/06 19:34:00 570] tts        527  0  nil  1  
[2023/05/06 19:34:00 571] tts        657  TTS_MSG_GETAUDIO  0  
[2023/05/06 19:34:00 571] tts        485  get audio|use local  
[2023/05/06 19:34:00 571] tts        527  0  nil  1  
[2023/05/06 19:34:00 572] tts        657  TTS_MSG_GETAUDIO  0  
[2023/05/06 19:34:00 572] tts        485  get audio|use local  
[2023/05/06 19:34:00 572] tts        527  0  nil  1  
[2023/05/06 19:34:00 573] tts        657  TTS_MSG_GETAUDIO  0  
[2023/05/06 19:34:00 573] tts        485  get audio|use local  
[2023/05/06 19:34:00 573] tts        527  0  nil  1  
[2023/05/06 19:34:00 574] tts        657  TTS_MSG_GETAUDIO  0  
[2023/05/06 19:34:00 574] tts        485  get audio|use local  
[2023/05/06 19:34:00 574] tts        527  0  nil  1  
[2023/05/06 19:34:00 611] tts        657  TTS_MSG_GETAUDIO  0  
[2023/05/06 19:34:00 611] tts        485  get audio|use local  
[2023/05/06 19:34:00 612] tts        527  0  nil  1  
[2023/05/06 19:34:00 612] tts        657  TTS_MSG_GETAUDIO  0  
[2023/05/06 19:34:00 612] tts        485  get audio|use local  
[2023/05/06 19:34:00 612] tts        527  0  nil  1  
[2023/05/06 19:34:00 613] tts        657  TTS_MSG_GETAUDIO  0  
[2023/05/06 19:34:00 613] tts        485  get audio|use local  
[2023/05/06 19:34:00 613] tts        527  0  nil  1  
[2023/05/06 19:34:00 614] tts        657  TTS_MSG_GETAUDIO  0  
[2023/05/06 19:34:00 614] tts        485  get audio|use local  
[2023/05/06 19:34:00 614] tts        527  0  nil  1  
[2023/05/06 19:34:00 615] tts        657  TTS_MSG_GETAUDIO  0  
[2023/05/06 19:34:00 615] tts        485  get audio|use local  
[2023/05/06 19:34:00 615] tts        527  0  nil  1  
[2023/05/06 19:34:00 616] tts        657  TTS_MSG_GETAUDIO  0  
[2023/05/06 19:34:00 616] tts        485  get audio|use local  
[2023/05/06 19:34:00 616] tts        527  0  nil  1  
[2023/05/06 19:34:00 616] tts        657  TTS_MSG_GETAUDIO  0  
[2023/05/06 19:34:00 616] tts        485  get audio|use local  
[2023/05/06 19:34:00 617] tts        527  0  nil  1  
[2023/05/06 19:34:00 617] tts        657  TTS_MSG_GETAUDIO  0  
[2023/05/06 19:34:00 617] tts        485  get audio|use local  
[2023/05/06 19:34:00 617] tts        527  0  nil  1  
[2023/05/06 19:34:00 618] tts        657  TTS_MSG_GETAUDIO  0  
[2023/05/06 19:34:00 618] tts        485  get audio|use local  
[2023/05/06 19:34:00 618] tts        527  0  nil  1  
[2023/05/06 19:34:00 619] tts        657  TTS_MSG_GETAUDIO  0  
[2023/05/06 19:34:00 619] tts        485  get audio|use local  
[2023/05/06 19:34:00 619] tts        527  0  nil  1  
[2023/05/06 19:34:00 619] tts        657  TTS_MSG_GETAUDIO  0  
[2023/05/06 19:34:00 620] tts        485  get audio|use local  
[2023/05/06 19:34:00 620] tts        527  0  nil  1  
[2023/05/06 19:34:00 620] tts        657  TTS_MSG_GETAUDIO  0  
[2023/05/06 19:34:00 620] tts        485  get audio|use local  
[2023/05/06 19:34:00 620] tts        527  0  nil  1  
[2023/05/06 19:34:00 621] tts        657  TTS_MSG_GETAUDIO  0  
[2023/05/06 19:34:00 621] tts        485  get audio|use local  
[2023/05/06 19:34:00 621] tts        527  0  nil  1  
[2023/05/06 19:34:00 622] tts        657  TTS_MSG_GETAUDIO  0  
[2023/05/06 19:34:00 622] tts        485  get audio|use local  
[2023/05/06 19:34:00 622] tts        527  0  nil  1  
[2023/05/06 19:34:00 623] tts        657  TTS_MSG_GETAUDIO  0  
[2023/05/06 19:34:00 623] tts        485  get audio|use local  
[2023/05/06 19:34:00 623] tts        527  0  nil  1  
[2023/05/06 19:34:00 623] tts        657  TTS_MSG_GETAUDIO  0  
[2023/05/06 19:34:00 623] tts        485  get audio|use local  
[2023/05/06 19:34:00 624] tts        527  0  nil  1  
[2023/05/06 19:34:00 624] tts        657  TTS_MSG_GETAUDIO  0  
[2023/05/06 19:34:00 624] tts        485  get audio|use local  
[2023/05/06 19:34:00 624] tts        527  0  nil  1  
[2023/05/06 19:34:00 634] tts        657  TTS_MSG_GETAUDIO  0  
[2023/05/06 19:34:00 634] tts        485  get audio|use local  
[2023/05/06 19:34:00 634] tts        527  0  nil  1  
[2023/05/06 19:34:00 634] tts        657  TTS_MSG_GETAUDIO  0  
[2023/05/06 19:34:00 635] tts        485  get audio|use local  
[2023/05/06 19:34:00 635] tts        527  0  nil  1  
[2023/05/06 19:34:00 635] tts        657  TTS_MSG_GETAUDIO  0  
[2023/05/06 19:34:00 635] tts        485  get audio|use local  
[2023/05/06 19:34:00 635] tts        527  0  nil  1  
[2023/05/06 19:34:00 636] tts        657  TTS_MSG_GETAUDIO  0  
[2023/05/06 19:34:00 636] tts        485  get audio|use local  
[2023/05/06 19:34:00 636] tts        527  0  nil  1  
[2023/05/06 19:34:00 637] tts        657  TTS_MSG_GETAUDIO  0  
[2023/05/06 19:34:00 637] tts        485  get audio|use local  
[2023/05/06 19:34:00 637] tts        527  0  nil  1  
[2023/05/06 19:34:00 638] tts        657  TTS_MSG_GETAUDIO  0  
[2023/05/06 19:34:00 638] tts        485  get audio|use local  
[2023/05/06 19:34:00 638] tts        527  0  nil  1  
[2023/05/06 19:34:00 638] tts        657  TTS_MSG_GETAUDIO  0  
[2023/05/06 19:34:00 638] tts        485  get audio|use local  
[2023/05/06 19:34:00 639] tts        527  0  nil  1  
[2023/05/06 19:34:00 639] tts        657  TTS_MSG_GETAUDIO  0  
[2023/05/06 19:34:00 639] tts        485  get audio|use local  
[2023/05/06 19:34:00 639] tts        527  0  nil  1  
[2023/05/06 19:34:00 640] tts        657  TTS_MSG_GETAUDIO  0  
[2023/05/06 19:34:00 640] tts        485  get audio|use local  
[2023/05/06 19:34:00 640] tts        527  0  nil  1  
[2023/05/06 19:34:00 646] tts        657  TTS_MSG_GETAUDIO  0  
[2023/05/06 19:34:00 646] tts        485  get audio|use local  
[2023/05/06 19:34:00 646] tts        527  0  nil  1  
[2023/05/06 19:34:00 647] tts        657  TTS_MSG_GETAUDIO  0  
[2023/05/06 19:34:00 647] tts        485  get audio|use local  
[2023/05/06 19:34:00 647] tts        527  0  nil  1  
[2023/05/06 19:34:00 648] tts        657  TTS_MSG_GETAUDIO  0  
[2023/05/06 19:34:00 648] tts        485  get audio|use local  
[2023/05/06 19:34:00 648] tts        527  0  nil  1  
[2023/05/06 19:34:00 649] tts        657  TTS_MSG_GETAUDIO  0  
[2023/05/06 19:34:00 649] tts        485  get audio|use local  
[2023/05/06 19:34:00 649] tts        527  0  nil  1  
[2023/05/06 19:34:00 650] tts        657  TTS_MSG_GETAUDIO  0  
[2023/05/06 19:34:00 650] tts        485  get audio|use local  
[2023/05/06 19:34:00 650] tts        527  0  nil  1  
[2023/05/06 19:34:00 650] tts        657  TTS_MSG_GETAUDIO  0  
[2023/05/06 19:34:00 651] tts        485  get audio|use local  
[2023/05/06 19:34:00 651] tts        527  0  nil  1  
[2023/05/06 19:34:00 651] tts        657  TTS_MSG_GETAUDIO  0  
[2023/05/06 19:34:00 651] tts        485  get audio|use local  
[2023/05/06 19:34:00 651] tts        527  0  nil  1  
[2023/05/06 19:34:00 652] tts        657  TTS_MSG_GETAUDIO  0  
[2023/05/06 19:34:00 652] tts        485  get audio|use local  
[2023/05/06 19:34:00 652] tts        527  0  nil  1  
[2023/05/06 19:34:00 653] tts        657  TTS_MSG_GETAUDIO  0  
[2023/05/06 19:34:00 653] tts        485  get audio|use local  
[2023/05/06 19:34:00 653] tts        527  0  nil  1  
[2023/05/06 19:34:00 654] tts        657  TTS_MSG_GETAUDIO  0  
[2023/05/06 19:34:00 654] tts        485  get audio|use local  
[2023/05/06 19:34:00 654] tts        527  0  nil  1  
[2023/05/06 19:34:00 655] tts        657  TTS_MSG_GETAUDIO  0  
[2023/05/06 19:34:00 655] tts        485  get audio|use local  
[2023/05/06 19:34:00 655] tts        527  0  nil  1  
[2023/05/06 19:34:00 655] tts        657  TTS_MSG_GETAUDIO  0  
[2023/05/06 19:34:00 656] tts        485  get audio|use local  
[2023/05/06 19:34:00 656] tts        527  0  nil  1  
[2023/05/06 19:34:00 656] tts        657  TTS_MSG_GETAUDIO  0  
[2023/05/06 19:34:00 656] tts        485  get audio|use local  
[2023/05/06 19:34:00 656] tts        527  0  nil  1  
[2023/05/06 19:34:00 657] tts        657  TTS_MSG_GETAUDIO  0  
[2023/05/06 19:34:00 657] tts        485  get audio|use local  
[2023/05/06 19:34:00 657] tts        527  0  nil  1  
[2023/05/06 19:34:00 658] tts        657  TTS_MSG_GETAUDIO  0  
[2023/05/06 19:34:00 658] tts        485  get audio|use local  
[2023/05/06 19:34:00 658] tts        527  0  nil  1  
[2023/05/06 19:34:00 659] tts        657  TTS_MSG_GETAUDIO  0  
[2023/05/06 19:34:00 659] tts        485  get audio|use local  
[2023/05/06 19:34:00 659] tts        527  0  nil  1  
[2023/05/06 19:34:00 660] tts        657  TTS_MSG_GETAUDIO  0  
[2023/05/06 19:34:00 660] tts        485  get audio|use local  
[2023/05/06 19:34:00 660] tts        527  0  nil  1  
[2023/05/06 19:34:00 660] tts        657  TTS_MSG_GETAUDIO  0  
[2023/05/06 19:34:00 661] tts        485  get audio|use local  
[2023/05/06 19:34:00 661] tts        527  0  nil  1  
[2023/05/06 19:34:00 661] tts        657  TTS_MSG_GETAUDIO  0  
[2023/05/06 19:34:00 661] tts        485  get audio|use local  
[2023/05/06 19:34:00 662] tts        527  0  nil  1  
[2023/05/06 19:34:00 662] tts        657  TTS_MSG_GETAUDIO  0  
[2023/05/06 19:34:00 662] tts        485  get audio|use local  
[2023/05/06 19:34:00 662] tts        527  0  nil  1  
[2023/05/06 19:34:00 663] tts        657  TTS_MSG_GETAUDIO  0  
[2023/05/06 19:34:00 663] tts        485  get audio|use local  
[2023/05/06 19:34:00 663] tts        527  0  nil  1  
[2023/05/06 19:34:00 664] tts        657  TTS_MSG_GETAUDIO  0  
[2023/05/06 19:34:00 664] tts        485  get audio|use local  
[2023/05/06 19:34:00 664] tts        527  0  nil  1  
[2023/05/06 19:34:00 665] tts        657  TTS_MSG_GETAUDIO  0  
[2023/05/06 19:34:00 665] tts        485  get audio|use local  
[2023/05/06 19:34:00 665] tts        527  0  nil  1  
[2023/05/06 19:34:00 666] tts        657  TTS_MSG_GETAUDIO  0  
[2023/05/06 19:34:00 666] tts        485  get audio|use local  
[2023/05/06 19:34:00 666] tts        527  0  nil  1  
[2023/05/06 19:34:00 666] tts        657  TTS_MSG_GETAUDIO  0  
[2023/05/06 19:34:00 666] tts        485  get audio|use local  
[2023/05/06 19:34:00 667] tts        527  0  nil  1  
[2023/05/06 19:34:00 667] tts        657  TTS_MSG_GETAUDIO  0  
[2023/05/06 19:34:00 667] tts        485  get audio|use local  
[2023/05/06 19:34:00 667] tts        527  0  nil  1  
[2023/05/06 19:34:00 668] tts        657  TTS_MSG_GETAUDIO  0  
[2023/05/06 19:34:00 668] tts        485  get audio|use local  
[2023/05/06 19:34:00 668] tts        527  0  nil  1  
[2023/05/06 19:34:00 669] tts        657  TTS_MSG_GETAUDIO  0  
[2023/05/06 19:34:00 669] tts        485  get audio|use local  
[2023/05/06 19:34:00 669] tts        527  0  nil  1  
[2023/05/06 19:34:00 670] tts        657  TTS_MSG_GETAUDIO  0  
[2023/05/06 19:34:00 670] tts        485  get audio|use local  
[2023/05/06 19:34:00 670] tts        527  0  nil  1  
[2023/05/06 19:34:00 671] tts        657  TTS_MSG_GETAUDIO  0  
[2023/05/06 19:34:00 671] tts        485  get audio|use local  
[2023/05/06 19:34:00 671] tts        527  0  nil  1  
[2023/05/06 19:34:00 671] tts        657  TTS_MSG_GETAUDIO  0  
[2023/05/06 19:34:00 671] tts        485  get audio|use local  
[2023/05/06 19:34:00 672] tts        527  0  nil  1  
[2023/05/06 19:34:00 672] tts        657  TTS_MSG_GETAUDIO  0  
[2023/05/06 19:34:00 672] tts        485  get audio|use local  
[2023/05/06 19:34:00 672] tts        527  0  nil  1  
[2023/05/06 19:34:00 673] tts        657  TTS_MSG_GETAUDIO  0  
[2023/05/06 19:34:00 673] tts        485  get audio|use local  
[2023/05/06 19:34:00 673] tts        527  0  nil  1  
[2023/05/06 19:34:00 674] tts        657  TTS_MSG_GETAUDIO  0  
[2023/05/06 19:34:00 674] tts        485  get audio|use local  
[2023/05/06 19:34:00 674] tts        527  0  nil  1  
[2023/05/06 19:34:00 675] tts        657  TTS_MSG_GETAUDIO  0  
[2023/05/06 19:34:00 675] tts        485  get audio|use local  
[2023/05/06 19:34:00 675] tts        527  0  nil  1  
[2023/05/06 19:34:00 676] tts        657  TTS_MSG_GETAUDIO  0  
[2023/05/06 19:34:00 676] tts        485  get audio|use local  
[2023/05/06 19:34:00 676] tts        527  0  nil  1  
[2023/05/06 19:34:00 692] tts        657  TTS_MSG_GETAUDIO  0  
[2023/05/06 19:34:00 692] tts        485  get audio|use local  
[2023/05/06 19:34:00 692] tts        498  local audiolen:  2024  ,ced:  43  
[2023/05/06 19:34:00 693] tts        527  0  udata(7806a4b8) 1  
[2023/05/06 19:34:00 694] tts        657  TTS_MSG_GETAUDIO  0  
[2023/05/06 19:34:00 694] tts        485  get audio|use local  
[2023/05/06 19:34:00 694] tts        498  local audiolen:  2016  ,ced:  43  
[2023/05/06 19:34:00 694] tts        527  0  udata(78087768) 1  
[2023/05/06 19:34:00 695] tts        657  TTS_MSG_GETAUDIO  0  
[2023/05/06 19:34:00 695] tts        485  get audio|use local  
[2023/05/06 19:34:00 695] tts        498  local audiolen:  1956  ,ced:  43  
[2023/05/06 19:34:00 696] tts        527  0  udata(780877b8) 1  
[2023/05/06 19:34:00 697] tts        657  TTS_MSG_GETAUDIO  0  
[2023/05/06 19:34:00 697] tts        485  get audio|use local  
[2023/05/06 19:34:00 697] tts        498  local audiolen:  1934  ,ced:  43  
[2023/05/06 19:34:00 697] tts        527  0  udata(78087668) 1  
[2023/05/06 19:34:00 706] tts        657  TTS_MSG_GETAUDIO  0  
[2023/05/06 19:34:00 707] tts        485  get audio|use local  
[2023/05/06 19:34:00 707] tts        498  local audiolen:  1888  ,ced:  43  
[2023/05/06 19:34:00 707] tts        527  0  udata(7807c638) 1  
[2023/05/06 19:34:00 708] tts        657  TTS_MSG_GETAUDIO  0  
[2023/05/06 19:34:00 708] tts        485  get audio|use local  
[2023/05/06 19:34:00 708] tts        498  local audiolen:  2030  ,ced:  43  
[2023/05/06 19:34:00 708] tts        527  0  udata(7807c688) 1  
[2023/05/06 19:34:00 708] tts        657  TTS_MSG_GETAUDIO  0  
[2023/05/06 19:34:00 709] tts        485  get audio|use local  
[2023/05/06 19:34:00 709] tts        498  local audiolen:  2044  ,ced:  43  
[2023/05/06 19:34:00 709] tts        527  0  udata(7807c6d8) 1  
[2023/05/06 19:34:00 709] tts        657  TTS_MSG_GETAUDIO  0  
[2023/05/06 19:34:00 710] tts        485  get audio|use local  
[2023/05/06 19:34:00 710] tts        498  local audiolen:  2048  ,ced:  43  
[2023/05/06 19:34:00 710] tts        527  0  udata(7807c728) 1  
[2023/05/06 19:34:00 711] tts        657  TTS_MSG_GETAUDIO  0  
[2023/05/06 19:34:00 712] tts        485  get audio|use local  
[2023/05/06 19:34:00 712] tts        498  local audiolen:  2030  ,ced:  43  
[2023/05/06 19:34:00 712] tts        527  0  udata(7807c878) 1  
[2023/05/06 19:34:00 712] tts        657  TTS_MSG_GETAUDIO  0  
[2023/05/06 19:34:00 713] tts        485  get audio|use local  
[2023/05/06 19:34:00 713] tts        498  local audiolen:  1958  ,ced:  43  
[2023/05/06 19:34:00 713] tts        527  0  udata(7807c8c8) 1  
[2023/05/06 19:34:00 713] tts        657  TTS_MSG_GETAUDIO  0  
[2023/05/06 19:34:00 714] tts        485  get audio|use local  
[2023/05/06 19:34:00 714] tts        498  local audiolen:  1952  ,ced:  43  
[2023/05/06 19:34:00 714] tts        527  0  udata(78086ec8) 1  
[2023/05/06 19:34:00 714] tts        657  TTS_MSG_GETAUDIO  0  
[2023/05/06 19:34:00 715] tts        485  get audio|use local  
[2023/05/06 19:34:00 715] tts        498  local audiolen:  1950  ,ced:  43  
[2023/05/06 19:34:00 715] tts        527  0  udata(78086f18) 1  
[2023/05/06 19:34:00 715] tts        657  TTS_MSG_GETAUDIO  0  
[2023/05/06 19:34:00 715] tts        485  get audio|use local  
[2023/05/06 19:34:00 716] tts        498  local audiolen:  1924  ,ced:  43  
[2023/05/06 19:34:00 716] tts        527  0  udata(78086f68) 1  
[2023/05/06 19:34:00 717] tts        657  TTS_MSG_GETAUDIO  0  
[2023/05/06 19:34:00 717] tts        485  get audio|use local  
[2023/05/06 19:34:00 717] tts        498  local audiolen:  1930  ,ced:  43  
[2023/05/06 19:34:00 718] tts        527  0  udata(78086fb8) 1  
[2023/05/06 19:34:00 719] tts        657  TTS_MSG_GETAUDIO  0  
[2023/05/06 19:34:00 720] tts        485  get audio|use local  
[2023/05/06 19:34:00 720] tts        498  local audiolen:  2040  ,ced:  43  
[2023/05/06 19:34:00 720] tts        527  0  udata(78087208) 1  
[2023/05/06 19:34:00 720] tts        657  TTS_MSG_GETAUDIO  0  
[2023/05/06 19:34:00 721] tts        485  get audio|use local  
[2023/05/06 19:34:00 721] tts        498  local audiolen:  1970  ,ced:  43  
[2023/05/06 19:34:00 721] tts        527  0  udata(78087258) 1  
[2023/05/06 19:34:00 723] tts        657  TTS_MSG_GETAUDIO  0  
[2023/05/06 19:34:00 723] tts        485  get audio|use local  
[2023/05/06 19:34:00 723] tts        498  local audiolen:  1990  ,ced:  43  
[2023/05/06 19:34:00 723] tts        527  0  udata(780872a8) 1  
[2023/05/06 19:34:00 726] tts        657  TTS_MSG_GETAUDIO  0  
[2023/05/06 19:34:00 726] tts        485  get audio|use local  
[2023/05/06 19:34:00 726] tts        498  local audiolen:  1994  ,ced:  43  
[2023/05/06 19:34:00 726] tts        527  0  udata(780875f8) 1  
[2023/05/06 19:34:00 727] tts        657  TTS_MSG_GETAUDIO  0  
[2023/05/06 19:34:00 727] tts        485  get audio|use local  
[2023/05/06 19:34:00 727] tts        498  local audiolen:  2040  ,ced:  43  
[2023/05/06 19:34:00 727] tts        527  0  udata(78022818) 1  
[2023/05/06 19:34:00 728] tts        657  TTS_MSG_GETAUDIO  0  
[2023/05/06 19:34:00 728] tts        485  get audio|use local  
[2023/05/06 19:34:00 728] tts        498  local audiolen:  1982  ,ced:  43  
[2023/05/06 19:34:00 728] tts        527  0  udata(78022868) 1  
[2023/05/06 19:34:00 729] tts        657  TTS_MSG_GETAUDIO  0  
[2023/05/06 19:34:00 729] tts        485  get audio|use local  
[2023/05/06 19:34:00 729] tts        498  local audiolen:  2038  ,ced:  43  
[2023/05/06 19:34:00 729] tts        527  0  udata(780228b8) 1  
[2023/05/06 19:34:00 730] tts        657  TTS_MSG_GETAUDIO  0  
[2023/05/06 19:34:00 730] tts        485  get audio|use local  
[2023/05/06 19:34:00 730] tts        498  local audiolen:  1942  ,ced:  43  
[2023/05/06 19:34:00 730] tts        527  0  udata(780227b8) 1  
[2023/05/06 19:34:00 731] tts        657  TTS_MSG_GETAUDIO  0  
[2023/05/06 19:34:00 731] tts        485  get audio|use local  
[2023/05/06 19:34:00 731] tts        498  local audiolen:  1898  ,ced:  43  
[2023/05/06 19:34:00 731] tts        527  0  udata(78022908) 1  
[2023/05/06 19:34:00 734] tts        657  TTS_MSG_GETAUDIO  0  
[2023/05/06 19:34:00 734] tts        485  get audio|use local  
[2023/05/06 19:34:00 734] tts        498  local audiolen:  1954  ,ced:  43  
[2023/05/06 19:34:00 734] tts        527  0  udata(78022008) 1  
[2023/05/06 19:34:00 738] tts        657  TTS_MSG_GETAUDIO  0  
[2023/05/06 19:34:00 738] tts        485  get audio|use local  
[2023/05/06 19:34:00 738] tts        498  local audiolen:  2022  ,ced:  43  
[2023/05/06 19:34:00 739] tts        527  0  udata(78022558) 1  
[2023/05/06 19:34:00 739] tts        657  TTS_MSG_GETAUDIO  0  
[2023/05/06 19:34:00 739] tts        485  get audio|use local  
[2023/05/06 19:34:00 739] tts        498  local audiolen:  1956  ,ced:  43  
[2023/05/06 19:34:00 740] tts        527  0  udata(780225a8) 1  
[2023/05/06 19:34:00 740] tts        657  TTS_MSG_GETAUDIO  0  
[2023/05/06 19:34:00 740] tts        485  get audio|use local  
[2023/05/06 19:34:00 740] tts        498  local audiolen:  2024  ,ced:  43  
[2023/05/06 19:34:00 740] tts        527  0  udata(780225f8) 1  
[2023/05/06 19:34:00 741] tts        657  TTS_MSG_GETAUDIO  0  
[2023/05/06 19:34:00 741] tts        485  get audio|use local  
[2023/05/06 19:34:00 741] tts        498  local audiolen:  1946  ,ced:  43  
[2023/05/06 19:34:00 742] tts        527  0  udata(78022648) 1  
[2023/05/06 19:34:00 743] tts        657  TTS_MSG_GETAUDIO  0  
[2023/05/06 19:34:00 743] tts        485  get audio|use local  
[2023/05/06 19:34:00 743] tts        498  local audiolen:  1918  ,ced:  43  
[2023/05/06 19:34:00 743] tts        527  0  udata(78022698) 1  
[2023/05/06 19:34:00 746] tts        657  TTS_MSG_GETAUDIO  0  
[2023/05/06 19:34:00 746] tts        485  get audio|use local  
[2023/05/06 19:34:00 746] tts        498  local audiolen:  2036  ,ced:  43  
[2023/05/06 19:34:00 747] tts        527  0  udata(78022958) 1  
[2023/05/06 19:34:00 747] tts        657  TTS_MSG_GETAUDIO  0  
[2023/05/06 19:34:00 747] tts        485  get audio|use local  
[2023/05/06 19:34:00 747] tts        498  local audiolen:  2010  ,ced:  43  
[2023/05/06 19:34:00 747] tts        527  0  udata(780229a8) 1  
[2023/05/06 19:34:00 748] tts        657  TTS_MSG_GETAUDIO  0  
[2023/05/06 19:34:00 748] tts        485  get audio|use local  
[2023/05/06 19:34:00 748] tts        498  local audiolen:  2016  ,ced:  43  
[2023/05/06 19:34:00 748] tts        527  0  udata(780229f8) 1  
[2023/05/06 19:34:00 749] tts        657  TTS_MSG_GETAUDIO  0  
[2023/05/06 19:34:00 749] tts        485  get audio|use local  
[2023/05/06 19:34:00 749] tts        498  local audiolen:  1872  ,ced:  43  
[2023/05/06 19:34:00 749] tts        527  0  udata(78022a48) 1  
[2023/05/06 19:34:00 750] tts        657  TTS_MSG_GETAUDIO  0  
[2023/05/06 19:34:00 750] tts        485  get audio|use local  
[2023/05/06 19:34:00 750] tts        527  0  nil  1  
[2023/05/06 19:34:00 751] tts        657  TTS_MSG_GETAUDIO  0  
[2023/05/06 19:34:00 751] tts        485  get audio|use local  
[2023/05/06 19:34:00 751] tts        527  0  nil  1  
[2023/05/06 19:34:00 752] tts        657  TTS_MSG_GETAUDIO  0  
[2023/05/06 19:34:00 752] tts        485  get audio|use local  
[2023/05/06 19:34:00 752] tts        527  0  nil  1  
[2023/05/06 19:34:00 752] tts        657  TTS_MSG_GETAUDIO  0  
[2023/05/06 19:34:00 753] tts        485  get audio|use local  
[2023/05/06 19:34:00 753] tts        527  0  nil  1  
[2023/05/06 19:34:00 753] tts        657  TTS_MSG_GETAUDIO  0  
[2023/05/06 19:34:00 753] tts        485  get audio|use local  
[2023/05/06 19:34:00 753] tts        527  0  nil  1  
[2023/05/06 19:34:00 754] tts        657  TTS_MSG_GETAUDIO  0  
[2023/05/06 19:34:00 754] tts        485  get audio|use local  
[2023/05/06 19:34:00 754] tts        527  0  nil  1  
[2023/05/06 19:34:00 755] tts        657  TTS_MSG_GETAUDIO  0  
[2023/05/06 19:34:00 755] tts        485  get audio|use local  
[2023/05/06 19:34:00 755] tts        527  0  nil  1  
[2023/05/06 19:34:00 757] tts        657  TTS_MSG_GETAUDIO  0  
[2023/05/06 19:34:00 758] tts        485  get audio|use local  
[2023/05/06 19:34:00 759] tts        527  0  nil  1  
[2023/05/06 19:34:00 762] tts        301  0  0  
[2023/05/06 19:34:00 763] tts        312  TTS_LOCAL_CB_END,  2  
[2023/05/06 19:34:00 763] tts        657  TTS_MSG_GETAUDIO  0  
[2023/05/06 19:34:00 763] tts        485  get audio|use local  
[2023/05/06 19:34:00 763] tts        498  local audiolen:  1974  ,ced:  43  
[2023/05/06 19:34:00 763] tts        527  0  udata(78070d98) 1  
[2023/05/06 19:34:00 764] tts        657  TTS_MSG_GETAUDIO  0  
[2023/05/06 19:34:00 764] tts        485  get audio|use local  
[2023/05/06 19:34:00 764] tts        498  local audiolen:  2040  ,ced:  43  
[2023/05/06 19:34:00 764] tts        527  0  udata(78023bb8) 1  
[2023/05/06 19:34:00 765] tts        657  TTS_MSG_GETAUDIO  0  
[2023/05/06 19:34:00 765] tts        485  get audio|use local  
[2023/05/06 19:34:00 765] tts        498  local audiolen:  1972  ,ced:  43  
[2023/05/06 19:34:00 765] tts        527  0  udata(78023c08) 1  
[2023/05/06 19:34:00 766] tts        657  TTS_MSG_GETAUDIO  0  
[2023/05/06 19:34:00 766] tts        485  get audio|use local  
[2023/05/06 19:34:00 766] tts        498  local audiolen:  2038  ,ced:  43  
[2023/05/06 19:34:00 766] tts        527  0  udata(78023c58) 1  
[2023/05/06 19:34:00 767] tts        657  TTS_MSG_GETAUDIO  0  
[2023/05/06 19:34:00 767] tts        485  get audio|use local  
[2023/05/06 19:34:00 767] tts        498  local audiolen:  192  ,ced:  43  
[2023/05/06 19:34:00 767] tts        527  0  udata(78023478) 2  
[2023/05/06 19:34:00 768] tts        660  TTS_MSG_SSE  
[2023/05/06 19:34:00 769] tts        585  sse|use local  
[2023/05/06 19:34:00 773] tts        603  tts exit  
[2023/05/06 19:34:00 774] tts        667  SYS_MSG_UNLOAD  
