============================================================
Time  2023/03/20 19:17:37 303 
============================================================
[2023/03/20 19:17:37 304] tts        676  SYS_MSG_REGCB param0 =  msp_status_cb  param1 =  func(94014a30) 
[2023/03/20 19:17:37 309] config     43   use general cloud  
[2023/03/20 19:17:37 315] tts_cloud  1417 SYS_MSG_REGCB_CLOUD param0 =   msp_status_cb  param1 =  func(94014a30) 
[2023/03/20 19:17:37 316] tts        647  TTS_MSG_SSB  
[2023/03/20 19:17:37 316] tts        375  params =  engine_type = local,voice_name=xiaoyan, text_encoding = UTF8, tts_res_path = fo|res/tts/xiaoyan.jet;fo|res/tts/common.jet, sample_rate = 16000, speed = 50, volume = 50, pitch = 50, rdn = 2  
[2023/03/20 19:17:37 316] tts        412  ssb|use local  
[2023/03/20 19:17:37 316] tts        349  local_session_begin  
[2023/03/20 19:17:37 330] tts        654  TTS_MSG_SYN  0  
[2023/03/20 19:17:37 330] tts        451  synth|use local  
[2023/03/20 19:17:37 331] tts        657  TTS_MSG_GETAUDIO  0  
[2023/03/20 19:17:37 331] tts        485  get audio|use local  
[2023/03/20 19:17:37 331] tts        527  0  nil  1  
[2023/03/20 19:17:37 332] tts        657  TTS_MSG_GETAUDIO  0  
[2023/03/20 19:17:37 332] tts        485  get audio|use local  
[2023/03/20 19:17:37 332] tts        527  0  nil  1  
[2023/03/20 19:17:37 333] tts        657  TTS_MSG_GETAUDIO  0  
[2023/03/20 19:17:37 333] tts        485  get audio|use local  
[2023/03/20 19:17:37 333] tts        527  0  nil  1  
[2023/03/20 19:17:37 334] tts        657  TTS_MSG_GETAUDIO  0  
[2023/03/20 19:17:37 334] tts        485  get audio|use local  
[2023/03/20 19:17:37 334] tts        527  0  nil  1  
[2023/03/20 19:17:37 335] tts        657  TTS_MSG_GETAUDIO  0  
[2023/03/20 19:17:37 335] tts        485  get audio|use local  
[2023/03/20 19:17:37 335] tts        527  0  nil  1  
[2023/03/20 19:17:37 335] tts        657  TTS_MSG_GETAUDIO  0  
[2023/03/20 19:17:37 336] tts        485  get audio|use local  
[2023/03/20 19:17:37 336] tts        527  0  nil  1  
[2023/03/20 19:17:37 336] tts        657  TTS_MSG_GETAUDIO  0  
[2023/03/20 19:17:37 336] tts        485  get audio|use local  
[2023/03/20 19:17:37 336] tts        527  0  nil  1  
[2023/03/20 19:17:37 337] tts        657  TTS_MSG_GETAUDIO  0  
[2023/03/20 19:17:37 337] tts        485  get audio|use local  
[2023/03/20 19:17:37 337] tts        527  0  nil  1  
[2023/03/20 19:17:37 338] tts        657  TTS_MSG_GETAUDIO  0  
[2023/03/20 19:17:37 338] tts        485  get audio|use local  
[2023/03/20 19:17:37 338] tts        527  0  nil  1  
[2023/03/20 19:17:37 339] tts        657  TTS_MSG_GETAUDIO  0  
[2023/03/20 19:17:37 339] tts        485  get audio|use local  
[2023/03/20 19:17:37 339] tts        527  0  nil  1  
[2023/03/20 19:17:37 340] tts        657  TTS_MSG_GETAUDIO  0  
[2023/03/20 19:17:37 340] tts        485  get audio|use local  
[2023/03/20 19:17:37 340] tts        527  0  nil  1  
[2023/03/20 19:17:37 341] tts        657  TTS_MSG_GETAUDIO  0  
[2023/03/20 19:17:37 341] tts        485  get audio|use local  
[2023/03/20 19:17:37 341] tts        527  0  nil  1  
[2023/03/20 19:17:37 342] tts        657  TTS_MSG_GETAUDIO  0  
[2023/03/20 19:17:37 342] tts        485  get audio|use local  
[2023/03/20 19:17:37 342] tts        527  0  nil  1  
[2023/03/20 19:17:37 343] tts        657  TTS_MSG_GETAUDIO  0  
[2023/03/20 19:17:37 343] tts        485  get audio|use local  
[2023/03/20 19:17:37 343] tts        527  0  nil  1  
[2023/03/20 19:17:37 344] tts        657  TTS_MSG_GETAUDIO  0  
[2023/03/20 19:17:37 344] tts        485  get audio|use local  
[2023/03/20 19:17:37 344] tts        527  0  nil  1  
[2023/03/20 19:17:37 345] tts        657  TTS_MSG_GETAUDIO  0  
[2023/03/20 19:17:37 345] tts        485  get audio|use local  
[2023/03/20 19:17:37 345] tts        527  0  nil  1  
[2023/03/20 19:17:37 345] tts        657  TTS_MSG_GETAUDIO  0  
[2023/03/20 19:17:37 345] tts        485  get audio|use local  
[2023/03/20 19:17:37 345] tts        527  0  nil  1  
[2023/03/20 19:17:37 347] tts        657  TTS_MSG_GETAUDIO  0  
[2023/03/20 19:17:37 347] tts        485  get audio|use local  
[2023/03/20 19:17:37 347] tts        527  0  nil  1  
[2023/03/20 19:17:37 349] tts        657  TTS_MSG_GETAUDIO  0  
[2023/03/20 19:17:37 349] tts        485  get audio|use local  
[2023/03/20 19:17:37 349] tts        527  0  nil  1  
[2023/03/20 19:17:37 350] tts        657  TTS_MSG_GETAUDIO  0  
[2023/03/20 19:17:37 351] tts        485  get audio|use local  
[2023/03/20 19:17:37 351] tts        527  0  nil  1  
[2023/03/20 19:17:37 352] tts        657  TTS_MSG_GETAUDIO  0  
[2023/03/20 19:17:37 352] tts        485  get audio|use local  
[2023/03/20 19:17:37 352] tts        527  0  nil  1  
[2023/03/20 19:17:37 353] tts        657  TTS_MSG_GETAUDIO  0  
[2023/03/20 19:17:37 353] tts        485  get audio|use local  
[2023/03/20 19:17:37 353] tts        527  0  nil  1  
[2023/03/20 19:17:37 354] tts        657  TTS_MSG_GETAUDIO  0  
[2023/03/20 19:17:37 354] tts        485  get audio|use local  
[2023/03/20 19:17:37 354] tts        527  0  nil  1  
[2023/03/20 19:17:37 355] tts        657  TTS_MSG_GETAUDIO  0  
[2023/03/20 19:17:37 355] tts        485  get audio|use local  
[2023/03/20 19:17:37 355] tts        527  0  nil  1  
[2023/03/20 19:17:37 356] tts        657  TTS_MSG_GETAUDIO  0  
[2023/03/20 19:17:37 356] tts        485  get audio|use local  
[2023/03/20 19:17:37 356] tts        527  0  nil  1  
[2023/03/20 19:17:37 357] tts        657  TTS_MSG_GETAUDIO  0  
[2023/03/20 19:17:37 357] tts        485  get audio|use local  
[2023/03/20 19:17:37 357] tts        527  0  nil  1  
[2023/03/20 19:17:37 358] tts        657  TTS_MSG_GETAUDIO  0  
[2023/03/20 19:17:37 358] tts        485  get audio|use local  
[2023/03/20 19:17:37 358] tts        527  0  nil  1  
[2023/03/20 19:17:37 359] tts        657  TTS_MSG_GETAUDIO  0  
[2023/03/20 19:17:37 359] tts        485  get audio|use local  
[2023/03/20 19:17:37 359] tts        527  0  nil  1  
[2023/03/20 19:17:37 360] tts        657  TTS_MSG_GETAUDIO  0  
[2023/03/20 19:17:37 360] tts        485  get audio|use local  
[2023/03/20 19:17:37 360] tts        527  0  nil  1  
[2023/03/20 19:17:37 360] tts        657  TTS_MSG_GETAUDIO  0  
[2023/03/20 19:17:37 361] tts        485  get audio|use local  
[2023/03/20 19:17:37 361] tts        527  0  nil  1  
[2023/03/20 19:17:37 362] tts        657  TTS_MSG_GETAUDIO  0  
[2023/03/20 19:17:37 362] tts        485  get audio|use local  
[2023/03/20 19:17:37 362] tts        527  0  nil  1  
[2023/03/20 19:17:37 363] tts        657  TTS_MSG_GETAUDIO  0  
[2023/03/20 19:17:37 363] tts        485  get audio|use local  
[2023/03/20 19:17:37 363] tts        527  0  nil  1  
[2023/03/20 19:17:37 364] tts        657  TTS_MSG_GETAUDIO  0  
[2023/03/20 19:17:37 364] tts        485  get audio|use local  
[2023/03/20 19:17:37 364] tts        527  0  nil  1  
[2023/03/20 19:17:37 365] tts        657  TTS_MSG_GETAUDIO  0  
[2023/03/20 19:17:37 365] tts        485  get audio|use local  
[2023/03/20 19:17:37 365] tts        527  0  nil  1  
[2023/03/20 19:17:37 371] tts        657  TTS_MSG_GETAUDIO  0  
[2023/03/20 19:17:37 371] tts        485  get audio|use local  
[2023/03/20 19:17:37 371] tts        527  0  nil  1  
[2023/03/20 19:17:37 377] tts        657  TTS_MSG_GETAUDIO  0  
[2023/03/20 19:17:37 377] tts        485  get audio|use local  
[2023/03/20 19:17:37 378] tts        527  0  nil  1  
[2023/03/20 19:17:37 380] tts        657  TTS_MSG_GETAUDIO  0  
[2023/03/20 19:17:37 380] tts        485  get audio|use local  
[2023/03/20 19:17:37 380] tts        527  0  nil  1  
[2023/03/20 19:17:37 381] tts        657  TTS_MSG_GETAUDIO  0  
[2023/03/20 19:17:37 382] tts        485  get audio|use local  
[2023/03/20 19:17:37 382] tts        527  0  nil  1  
[2023/03/20 19:17:37 382] tts        657  TTS_MSG_GETAUDIO  0  
[2023/03/20 19:17:37 382] tts        485  get audio|use local  
[2023/03/20 19:17:37 383] tts        527  0  nil  1  
[2023/03/20 19:17:37 383] tts        657  TTS_MSG_GETAUDIO  0  
[2023/03/20 19:17:37 383] tts        485  get audio|use local  
[2023/03/20 19:17:37 383] tts        527  0  nil  1  
[2023/03/20 19:17:37 384] tts        657  TTS_MSG_GETAUDIO  0  
[2023/03/20 19:17:37 384] tts        485  get audio|use local  
[2023/03/20 19:17:37 384] tts        527  0  nil  1  
[2023/03/20 19:17:37 385] tts        657  TTS_MSG_GETAUDIO  0  
[2023/03/20 19:17:37 385] tts        485  get audio|use local  
[2023/03/20 19:17:37 385] tts        527  0  nil  1  
[2023/03/20 19:17:37 386] tts        657  TTS_MSG_GETAUDIO  0  
[2023/03/20 19:17:37 386] tts        485  get audio|use local  
[2023/03/20 19:17:37 386] tts        527  0  nil  1  
[2023/03/20 19:17:37 387] tts        657  TTS_MSG_GETAUDIO  0  
[2023/03/20 19:17:37 387] tts        485  get audio|use local  
[2023/03/20 19:17:37 387] tts        527  0  nil  1  
[2023/03/20 19:17:37 388] tts        657  TTS_MSG_GETAUDIO  0  
[2023/03/20 19:17:37 388] tts        485  get audio|use local  
[2023/03/20 19:17:37 388] tts        527  0  nil  1  
[2023/03/20 19:17:37 389] tts        657  TTS_MSG_GETAUDIO  0  
[2023/03/20 19:17:37 389] tts        485  get audio|use local  
[2023/03/20 19:17:37 389] tts        527  0  nil  1  
[2023/03/20 19:17:37 390] tts        657  TTS_MSG_GETAUDIO  0  
[2023/03/20 19:17:37 390] tts        485  get audio|use local  
[2023/03/20 19:17:37 390] tts        527  0  nil  1  
[2023/03/20 19:17:37 391] tts        657  TTS_MSG_GETAUDIO  0  
[2023/03/20 19:17:37 391] tts        485  get audio|use local  
[2023/03/20 19:17:37 391] tts        527  0  nil  1  
[2023/03/20 19:17:37 392] tts        657  TTS_MSG_GETAUDIO  0  
[2023/03/20 19:17:37 392] tts        485  get audio|use local  
[2023/03/20 19:17:37 392] tts        527  0  nil  1  
[2023/03/20 19:17:37 393] tts        657  TTS_MSG_GETAUDIO  0  
[2023/03/20 19:17:37 393] tts        485  get audio|use local  
[2023/03/20 19:17:37 393] tts        527  0  nil  1  
[2023/03/20 19:17:37 394] tts        657  TTS_MSG_GETAUDIO  0  
[2023/03/20 19:17:37 394] tts        485  get audio|use local  
[2023/03/20 19:17:37 394] tts        527  0  nil  1  
[2023/03/20 19:17:37 395] tts        657  TTS_MSG_GETAUDIO  0  
[2023/03/20 19:17:37 395] tts        485  get audio|use local  
[2023/03/20 19:17:37 395] tts        527  0  nil  1  
[2023/03/20 19:17:37 396] tts        657  TTS_MSG_GETAUDIO  0  
[2023/03/20 19:17:37 396] tts        485  get audio|use local  
[2023/03/20 19:17:37 396] tts        527  0  nil  1  
[2023/03/20 19:17:37 397] tts        657  TTS_MSG_GETAUDIO  0  
[2023/03/20 19:17:37 397] tts        485  get audio|use local  
[2023/03/20 19:17:37 397] tts        527  0  nil  1  
[2023/03/20 19:17:37 398] tts        657  TTS_MSG_GETAUDIO  0  
[2023/03/20 19:17:37 398] tts        485  get audio|use local  
[2023/03/20 19:17:37 398] tts        527  0  nil  1  
[2023/03/20 19:17:37 399] tts        657  TTS_MSG_GETAUDIO  0  
[2023/03/20 19:17:37 399] tts        485  get audio|use local  
[2023/03/20 19:17:37 399] tts        527  0  nil  1  
[2023/03/20 19:17:37 400] tts        657  TTS_MSG_GETAUDIO  0  
[2023/03/20 19:17:37 400] tts        485  get audio|use local  
[2023/03/20 19:17:37 400] tts        527  0  nil  1  
[2023/03/20 19:17:37 401] tts        657  TTS_MSG_GETAUDIO  0  
[2023/03/20 19:17:37 401] tts        485  get audio|use local  
[2023/03/20 19:17:37 401] tts        527  0  nil  1  
[2023/03/20 19:17:37 401] tts        657  TTS_MSG_GETAUDIO  0  
[2023/03/20 19:17:37 402] tts        485  get audio|use local  
[2023/03/20 19:17:37 402] tts        527  0  nil  1  
[2023/03/20 19:17:37 403] tts        657  TTS_MSG_GETAUDIO  0  
[2023/03/20 19:17:37 403] tts        485  get audio|use local  
[2023/03/20 19:17:37 403] tts        527  0  nil  1  
[2023/03/20 19:17:37 404] tts        657  TTS_MSG_GETAUDIO  0  
[2023/03/20 19:17:37 404] tts        485  get audio|use local  
[2023/03/20 19:17:37 404] tts        527  0  nil  1  
[2023/03/20 19:17:37 405] tts        657  TTS_MSG_GETAUDIO  0  
[2023/03/20 19:17:37 405] tts        485  get audio|use local  
[2023/03/20 19:17:37 405] tts        527  0  nil  1  
[2023/03/20 19:17:37 406] tts        657  TTS_MSG_GETAUDIO  0  
[2023/03/20 19:17:37 406] tts        485  get audio|use local  
[2023/03/20 19:17:37 406] tts        527  0  nil  1  
[2023/03/20 19:17:37 407] tts        657  TTS_MSG_GETAUDIO  0  
[2023/03/20 19:17:37 407] tts        485  get audio|use local  
[2023/03/20 19:17:37 407] tts        527  0  nil  1  
[2023/03/20 19:17:37 408] tts        657  TTS_MSG_GETAUDIO  0  
[2023/03/20 19:17:37 408] tts        485  get audio|use local  
[2023/03/20 19:17:37 408] tts        527  0  nil  1  
[2023/03/20 19:17:37 409] tts        657  TTS_MSG_GETAUDIO  0  
[2023/03/20 19:17:37 409] tts        485  get audio|use local  
[2023/03/20 19:17:37 409] tts        527  0  nil  1  
[2023/03/20 19:17:37 410] tts        657  TTS_MSG_GETAUDIO  0  
[2023/03/20 19:17:37 410] tts        485  get audio|use local  
[2023/03/20 19:17:37 410] tts        527  0  nil  1  
[2023/03/20 19:17:37 411] tts        657  TTS_MSG_GETAUDIO  0  
[2023/03/20 19:17:37 411] tts        485  get audio|use local  
[2023/03/20 19:17:37 411] tts        527  0  nil  1  
[2023/03/20 19:17:37 412] tts        657  TTS_MSG_GETAUDIO  0  
[2023/03/20 19:17:37 412] tts        485  get audio|use local  
[2023/03/20 19:17:37 412] tts        527  0  nil  1  
[2023/03/20 19:17:37 413] tts        657  TTS_MSG_GETAUDIO  0  
[2023/03/20 19:17:37 413] tts        485  get audio|use local  
[2023/03/20 19:17:37 413] tts        527  0  nil  1  
[2023/03/20 19:17:37 413] tts        657  TTS_MSG_GETAUDIO  0  
[2023/03/20 19:17:37 414] tts        485  get audio|use local  
[2023/03/20 19:17:37 414] tts        527  0  nil  1  
[2023/03/20 19:17:37 414] tts        657  TTS_MSG_GETAUDIO  0  
[2023/03/20 19:17:37 415] tts        485  get audio|use local  
[2023/03/20 19:17:37 415] tts        527  0  nil  1  
[2023/03/20 19:17:37 415] tts        657  TTS_MSG_GETAUDIO  0  
[2023/03/20 19:17:37 416] tts        485  get audio|use local  
[2023/03/20 19:17:37 416] tts        527  0  nil  1  
[2023/03/20 19:17:37 417] tts        657  TTS_MSG_GETAUDIO  0  
[2023/03/20 19:17:37 417] tts        485  get audio|use local  
[2023/03/20 19:17:37 417] tts        527  0  nil  1  
[2023/03/20 19:17:37 420] tts        657  TTS_MSG_GETAUDIO  0  
[2023/03/20 19:17:37 421] tts        485  get audio|use local  
[2023/03/20 19:17:37 421] tts        527  0  nil  1  
[2023/03/20 19:17:37 421] tts        657  TTS_MSG_GETAUDIO  0  
[2023/03/20 19:17:37 422] tts        485  get audio|use local  
[2023/03/20 19:17:37 422] tts        527  0  nil  1  
[2023/03/20 19:17:37 442] tts        657  TTS_MSG_GETAUDIO  0  
[2023/03/20 19:17:37 443] tts        485  get audio|use local  
[2023/03/20 19:17:37 447] tts        527  0  nil  1  
[2023/03/20 19:17:37 448] tts        657  TTS_MSG_GETAUDIO  0  
[2023/03/20 19:17:37 448] tts        485  get audio|use local  
[2023/03/20 19:17:37 448] tts        527  0  nil  1  
[2023/03/20 19:17:37 448] tts        657  TTS_MSG_GETAUDIO  0  
[2023/03/20 19:17:37 449] tts        485  get audio|use local  
[2023/03/20 19:17:37 449] tts        527  0  nil  1  
[2023/03/20 19:17:37 449] tts        657  TTS_MSG_GETAUDIO  0  
[2023/03/20 19:17:37 449] tts        485  get audio|use local  
[2023/03/20 19:17:37 450] tts        527  0  nil  1  
[2023/03/20 19:17:37 452] tts        657  TTS_MSG_GETAUDIO  0  
[2023/03/20 19:17:37 452] tts        485  get audio|use local  
[2023/03/20 19:17:37 452] tts        527  0  nil  1  
[2023/03/20 19:17:37 453] tts        657  TTS_MSG_GETAUDIO  0  
[2023/03/20 19:17:37 453] tts        485  get audio|use local  
[2023/03/20 19:17:37 453] tts        527  0  nil  1  
[2023/03/20 19:17:37 454] tts        657  TTS_MSG_GETAUDIO  0  
[2023/03/20 19:17:37 454] tts        485  get audio|use local  
[2023/03/20 19:17:37 454] tts        527  0  nil  1  
[2023/03/20 19:17:37 455] tts        657  TTS_MSG_GETAUDIO  0  
[2023/03/20 19:17:37 455] tts        485  get audio|use local  
[2023/03/20 19:17:37 455] tts        527  0  nil  1  
[2023/03/20 19:17:37 456] tts        657  TTS_MSG_GETAUDIO  0  
[2023/03/20 19:17:37 456] tts        485  get audio|use local  
[2023/03/20 19:17:37 456] tts        527  0  nil  1  
[2023/03/20 19:17:37 466] tts        657  TTS_MSG_GETAUDIO  0  
[2023/03/20 19:17:37 466] tts        485  get audio|use local  
[2023/03/20 19:17:37 466] tts        527  0  nil  1  
[2023/03/20 19:17:37 467] tts        657  TTS_MSG_GETAUDIO  0  
[2023/03/20 19:17:37 467] tts        485  get audio|use local  
[2023/03/20 19:17:37 467] tts        527  0  nil  1  
[2023/03/20 19:17:37 468] tts        657  TTS_MSG_GETAUDIO  0  
[2023/03/20 19:17:37 468] tts        485  get audio|use local  
[2023/03/20 19:17:37 469] tts        527  0  nil  1  
[2023/03/20 19:17:37 469] tts        657  TTS_MSG_GETAUDIO  0  
[2023/03/20 19:17:37 469] tts        485  get audio|use local  
[2023/03/20 19:17:37 470] tts        527  0  nil  1  
[2023/03/20 19:17:37 475] tts        657  TTS_MSG_GETAUDIO  0  
[2023/03/20 19:17:37 475] tts        485  get audio|use local  
[2023/03/20 19:17:37 475] tts        527  0  nil  1  
[2023/03/20 19:17:37 476] tts        657  TTS_MSG_GETAUDIO  0  
[2023/03/20 19:17:37 476] tts        485  get audio|use local  
[2023/03/20 19:17:37 476] tts        527  0  nil  1  
[2023/03/20 19:17:37 477] tts        657  TTS_MSG_GETAUDIO  0  
[2023/03/20 19:17:37 477] tts        485  get audio|use local  
[2023/03/20 19:17:37 477] tts        527  0  nil  1  
[2023/03/20 19:17:37 477] tts        657  TTS_MSG_GETAUDIO  0  
[2023/03/20 19:17:37 478] tts        485  get audio|use local  
[2023/03/20 19:17:37 478] tts        527  0  nil  1  
[2023/03/20 19:17:37 479] tts        657  TTS_MSG_GETAUDIO  0  
[2023/03/20 19:17:37 479] tts        485  get audio|use local  
[2023/03/20 19:17:37 479] tts        527  0  nil  1  
[2023/03/20 19:17:37 480] tts        657  TTS_MSG_GETAUDIO  0  
[2023/03/20 19:17:37 480] tts        485  get audio|use local  
[2023/03/20 19:17:37 480] tts        527  0  nil  1  
[2023/03/20 19:17:37 489] tts        657  TTS_MSG_GETAUDIO  0  
[2023/03/20 19:17:37 489] tts        485  get audio|use local  
[2023/03/20 19:17:37 489] tts        527  0  nil  1  
[2023/03/20 19:17:37 490] tts        657  TTS_MSG_GETAUDIO  0  
[2023/03/20 19:17:37 490] tts        485  get audio|use local  
[2023/03/20 19:17:37 490] tts        527  0  nil  1  
[2023/03/20 19:17:37 491] tts        657  TTS_MSG_GETAUDIO  0  
[2023/03/20 19:17:37 491] tts        485  get audio|use local  
[2023/03/20 19:17:37 491] tts        527  0  nil  1  
[2023/03/20 19:17:37 495] tts        657  TTS_MSG_GETAUDIO  0  
[2023/03/20 19:17:37 495] tts        485  get audio|use local  
[2023/03/20 19:17:37 495] tts        527  0  nil  1  
[2023/03/20 19:17:37 496] tts        657  TTS_MSG_GETAUDIO  0  
[2023/03/20 19:17:37 496] tts        485  get audio|use local  
[2023/03/20 19:17:37 496] tts        527  0  nil  1  
[2023/03/20 19:17:37 496] tts        657  TTS_MSG_GETAUDIO  0  
[2023/03/20 19:17:37 496] tts        485  get audio|use local  
[2023/03/20 19:17:37 496] tts        527  0  nil  1  
[2023/03/20 19:17:37 497] tts        657  TTS_MSG_GETAUDIO  0  
[2023/03/20 19:17:37 497] tts        485  get audio|use local  
[2023/03/20 19:17:37 497] tts        527  0  nil  1  
[2023/03/20 19:17:37 498] tts        657  TTS_MSG_GETAUDIO  0  
[2023/03/20 19:17:37 498] tts        485  get audio|use local  
[2023/03/20 19:17:37 498] tts        527  0  nil  1  
[2023/03/20 19:17:37 499] tts        657  TTS_MSG_GETAUDIO  0  
[2023/03/20 19:17:37 499] tts        485  get audio|use local  
[2023/03/20 19:17:37 499] tts        527  0  nil  1  
[2023/03/20 19:17:37 510] tts        657  TTS_MSG_GETAUDIO  0  
[2023/03/20 19:17:37 510] tts        485  get audio|use local  
[2023/03/20 19:17:37 511] tts        527  0  nil  1  
[2023/03/20 19:17:37 511] tts        657  TTS_MSG_GETAUDIO  0  
[2023/03/20 19:17:37 511] tts        485  get audio|use local  
[2023/03/20 19:17:37 511] tts        527  0  nil  1  
[2023/03/20 19:17:37 512] tts        657  TTS_MSG_GETAUDIO  0  
[2023/03/20 19:17:37 512] tts        485  get audio|use local  
[2023/03/20 19:17:37 512] tts        527  0  nil  1  
[2023/03/20 19:17:37 513] tts        657  TTS_MSG_GETAUDIO  0  
[2023/03/20 19:17:37 513] tts        485  get audio|use local  
[2023/03/20 19:17:37 513] tts        527  0  nil  1  
[2023/03/20 19:17:37 514] tts        657  TTS_MSG_GETAUDIO  0  
[2023/03/20 19:17:37 514] tts        485  get audio|use local  
[2023/03/20 19:17:37 514] tts        527  0  nil  1  
[2023/03/20 19:17:37 514] tts        657  TTS_MSG_GETAUDIO  0  
[2023/03/20 19:17:37 514] tts        485  get audio|use local  
[2023/03/20 19:17:37 515] tts        527  0  nil  1  
[2023/03/20 19:17:37 515] tts        657  TTS_MSG_GETAUDIO  0  
[2023/03/20 19:17:37 515] tts        485  get audio|use local  
[2023/03/20 19:17:37 515] tts        527  0  nil  1  
[2023/03/20 19:17:37 516] tts        657  TTS_MSG_GETAUDIO  0  
[2023/03/20 19:17:37 516] tts        485  get audio|use local  
[2023/03/20 19:17:37 516] tts        527  0  nil  1  
[2023/03/20 19:17:37 517] tts        657  TTS_MSG_GETAUDIO  0  
[2023/03/20 19:17:37 517] tts        485  get audio|use local  
[2023/03/20 19:17:37 517] tts        527  0  nil  1  
[2023/03/20 19:17:37 517] tts        657  TTS_MSG_GETAUDIO  0  
[2023/03/20 19:17:37 517] tts        485  get audio|use local  
[2023/03/20 19:17:37 518] tts        527  0  nil  1  
[2023/03/20 19:17:37 518] tts        657  TTS_MSG_GETAUDIO  0  
[2023/03/20 19:17:37 518] tts        485  get audio|use local  
[2023/03/20 19:17:37 518] tts        527  0  nil  1  
[2023/03/20 19:17:37 520] tts        657  TTS_MSG_GETAUDIO  0  
[2023/03/20 19:17:37 520] tts        485  get audio|use local  
[2023/03/20 19:17:37 520] tts        527  0  nil  1  
[2023/03/20 19:17:37 521] tts        657  TTS_MSG_GETAUDIO  0  
[2023/03/20 19:17:37 521] tts        485  get audio|use local  
[2023/03/20 19:17:37 521] tts        527  0  nil  1  
[2023/03/20 19:17:37 522] tts        299  TTS_LOCAL_CB_BEGIN  
[2023/03/20 19:17:37 522] tts        657  TTS_MSG_GETAUDIO  0  
[2023/03/20 19:17:37 522] tts        485  get audio|use local  
[2023/03/20 19:17:37 522] tts        527  0  nil  1  
[2023/03/20 19:17:37 523] tts        657  TTS_MSG_GETAUDIO  0  
[2023/03/20 19:17:37 523] tts        485  get audio|use local  
[2023/03/20 19:17:37 523] tts        527  0  nil  1  
[2023/03/20 19:17:37 524] tts        657  TTS_MSG_GETAUDIO  0  
[2023/03/20 19:17:37 524] tts        485  get audio|use local  
[2023/03/20 19:17:37 524] tts        527  0  nil  1  
[2023/03/20 19:17:37 525] tts        657  TTS_MSG_GETAUDIO  0  
[2023/03/20 19:17:37 525] tts        485  get audio|use local  
[2023/03/20 19:17:37 525] tts        527  0  nil  1  
[2023/03/20 19:17:37 525] tts        657  TTS_MSG_GETAUDIO  0  
[2023/03/20 19:17:37 525] tts        485  get audio|use local  
[2023/03/20 19:17:37 526] tts        527  0  nil  1  
[2023/03/20 19:17:37 526] tts        657  TTS_MSG_GETAUDIO  0  
[2023/03/20 19:17:37 526] tts        485  get audio|use local  
[2023/03/20 19:17:37 526] tts        527  0  nil  1  
[2023/03/20 19:17:37 527] tts        657  TTS_MSG_GETAUDIO  0  
[2023/03/20 19:17:37 527] tts        485  get audio|use local  
[2023/03/20 19:17:37 527] tts        527  0  nil  1  
[2023/03/20 19:17:37 528] tts        657  TTS_MSG_GETAUDIO  0  
[2023/03/20 19:17:37 528] tts        485  get audio|use local  
[2023/03/20 19:17:37 528] tts        527  0  nil  1  
[2023/03/20 19:17:37 529] tts        657  TTS_MSG_GETAUDIO  0  
[2023/03/20 19:17:37 529] tts        485  get audio|use local  
[2023/03/20 19:17:37 529] tts        527  0  nil  1  
[2023/03/20 19:17:37 530] tts        657  TTS_MSG_GETAUDIO  0  
[2023/03/20 19:17:37 530] tts        485  get audio|use local  
[2023/03/20 19:17:37 530] tts        527  0  nil  1  
[2023/03/20 19:17:37 535] tts        657  TTS_MSG_GETAUDIO  0  
[2023/03/20 19:17:37 535] tts        485  get audio|use local  
[2023/03/20 19:17:37 535] tts        527  0  nil  1  
[2023/03/20 19:17:37 537] tts        657  TTS_MSG_GETAUDIO  0  
[2023/03/20 19:17:37 537] tts        485  get audio|use local  
[2023/03/20 19:17:37 537] tts        527  0  nil  1  
[2023/03/20 19:17:37 539] tts        657  TTS_MSG_GETAUDIO  0  
[2023/03/20 19:17:37 539] tts        485  get audio|use local  
[2023/03/20 19:17:37 539] tts        527  0  nil  1  
[2023/03/20 19:17:37 541] tts        657  TTS_MSG_GETAUDIO  0  
[2023/03/20 19:17:37 541] tts        485  get audio|use local  
[2023/03/20 19:17:37 541] tts        527  0  nil  1  
[2023/03/20 19:17:37 543] tts        657  TTS_MSG_GETAUDIO  0  
[2023/03/20 19:17:37 544] tts        485  get audio|use local  
[2023/03/20 19:17:37 544] tts        527  0  nil  1  
[2023/03/20 19:17:37 545] tts        657  TTS_MSG_GETAUDIO  0  
[2023/03/20 19:17:37 546] tts        485  get audio|use local  
[2023/03/20 19:17:37 546] tts        527  0  nil  1  
[2023/03/20 19:17:37 547] tts        657  TTS_MSG_GETAUDIO  0  
[2023/03/20 19:17:37 548] tts        485  get audio|use local  
[2023/03/20 19:17:37 548] tts        527  0  nil  1  
[2023/03/20 19:17:37 549] tts        657  TTS_MSG_GETAUDIO  0  
[2023/03/20 19:17:37 550] tts        485  get audio|use local  
[2023/03/20 19:17:37 550] tts        527  0  nil  1  
[2023/03/20 19:17:37 562] tts        657  TTS_MSG_GETAUDIO  0  
[2023/03/20 19:17:37 563] tts        485  get audio|use local  
[2023/03/20 19:17:37 563] tts        527  0  nil  1  
[2023/03/20 19:17:37 565] tts        657  TTS_MSG_GETAUDIO  0  
[2023/03/20 19:17:37 565] tts        485  get audio|use local  
[2023/03/20 19:17:37 565] tts        527  0  nil  1  
[2023/03/20 19:17:37 567] tts        657  TTS_MSG_GETAUDIO  0  
[2023/03/20 19:17:37 567] tts        485  get audio|use local  
[2023/03/20 19:17:37 580] tts        527  0  nil  1  
[2023/03/20 19:17:37 581] tts        657  TTS_MSG_GETAUDIO  0  
[2023/03/20 19:17:37 581] tts        485  get audio|use local  
[2023/03/20 19:17:37 581] tts        527  0  nil  1  
[2023/03/20 19:17:37 583] tts        657  TTS_MSG_GETAUDIO  0  
[2023/03/20 19:17:37 583] tts        485  get audio|use local  
[2023/03/20 19:17:37 583] tts        527  0  nil  1  
[2023/03/20 19:17:37 599] tts        657  TTS_MSG_GETAUDIO  0  
[2023/03/20 19:17:37 599] tts        485  get audio|use local  
[2023/03/20 19:17:37 599] tts        527  0  nil  1  
[2023/03/20 19:17:37 600] tts        657  TTS_MSG_GETAUDIO  0  
[2023/03/20 19:17:37 600] tts        485  get audio|use local  
[2023/03/20 19:17:37 600] tts        527  0  nil  1  
[2023/03/20 19:17:37 601] tts        657  TTS_MSG_GETAUDIO  0  
[2023/03/20 19:17:37 601] tts        485  get audio|use local  
[2023/03/20 19:17:37 601] tts        527  0  nil  1  
[2023/03/20 19:17:37 602] tts        657  TTS_MSG_GETAUDIO  0  
[2023/03/20 19:17:37 602] tts        485  get audio|use local  
[2023/03/20 19:17:37 602] tts        527  0  nil  1  
[2023/03/20 19:17:37 603] tts        657  TTS_MSG_GETAUDIO  0  
[2023/03/20 19:17:37 603] tts        485  get audio|use local  
[2023/03/20 19:17:37 603] tts        527  0  nil  1  
[2023/03/20 19:17:37 604] tts        657  TTS_MSG_GETAUDIO  0  
[2023/03/20 19:17:37 604] tts        485  get audio|use local  
[2023/03/20 19:17:37 604] tts        527  0  nil  1  
[2023/03/20 19:17:37 615] tts        657  TTS_MSG_GETAUDIO  0  
[2023/03/20 19:17:37 615] tts        485  get audio|use local  
[2023/03/20 19:17:37 616] tts        527  0  nil  1  
[2023/03/20 19:17:37 616] tts        657  TTS_MSG_GETAUDIO  0  
[2023/03/20 19:17:37 616] tts        485  get audio|use local  
[2023/03/20 19:17:37 617] tts        527  0  nil  1  
[2023/03/20 19:17:37 617] tts        657  TTS_MSG_GETAUDIO  0  
[2023/03/20 19:17:37 618] tts        485  get audio|use local  
[2023/03/20 19:17:37 618] tts        527  0  nil  1  
[2023/03/20 19:17:37 618] tts        657  TTS_MSG_GETAUDIO  0  
[2023/03/20 19:17:37 619] tts        485  get audio|use local  
[2023/03/20 19:17:37 619] tts        527  0  nil  1  
[2023/03/20 19:17:37 619] tts        657  TTS_MSG_GETAUDIO  0  
[2023/03/20 19:17:37 620] tts        485  get audio|use local  
[2023/03/20 19:17:37 620] tts        527  0  nil  1  
[2023/03/20 19:17:37 620] tts        657  TTS_MSG_GETAUDIO  0  
[2023/03/20 19:17:37 621] tts        485  get audio|use local  
[2023/03/20 19:17:37 621] tts        527  0  nil  1  
[2023/03/20 19:17:37 621] tts        657  TTS_MSG_GETAUDIO  0  
[2023/03/20 19:17:37 622] tts        485  get audio|use local  
[2023/03/20 19:17:37 622] tts        527  0  nil  1  
[2023/03/20 19:17:37 625] tts        657  TTS_MSG_GETAUDIO  0  
[2023/03/20 19:17:37 625] tts        485  get audio|use local  
[2023/03/20 19:17:37 625] tts        527  0  nil  1  
[2023/03/20 19:17:37 626] tts        657  TTS_MSG_GETAUDIO  0  
[2023/03/20 19:17:37 626] tts        485  get audio|use local  
[2023/03/20 19:17:37 626] tts        527  0  nil  1  
[2023/03/20 19:17:37 627] tts        657  TTS_MSG_GETAUDIO  0  
[2023/03/20 19:17:37 627] tts        485  get audio|use local  
[2023/03/20 19:17:37 627] tts        527  0  nil  1  
[2023/03/20 19:17:37 640] tts        657  TTS_MSG_GETAUDIO  0  
[2023/03/20 19:17:37 640] tts        485  get audio|use local  
[2023/03/20 19:17:37 640] tts        527  0  nil  1  
[2023/03/20 19:17:37 641] tts        657  TTS_MSG_GETAUDIO  0  
[2023/03/20 19:17:37 641] tts        485  get audio|use local  
[2023/03/20 19:17:37 641] tts        527  0  nil  1  
[2023/03/20 19:17:37 642] tts        657  TTS_MSG_GETAUDIO  0  
[2023/03/20 19:17:37 642] tts        485  get audio|use local  
[2023/03/20 19:17:37 642] tts        527  0  nil  1  
[2023/03/20 19:17:37 643] tts        657  TTS_MSG_GETAUDIO  0  
[2023/03/20 19:17:37 643] tts        485  get audio|use local  
[2023/03/20 19:17:37 643] tts        527  0  nil  1  
[2023/03/20 19:17:37 644] tts        657  TTS_MSG_GETAUDIO  0  
[2023/03/20 19:17:37 644] tts        485  get audio|use local  
[2023/03/20 19:17:37 644] tts        527  0  nil  1  
[2023/03/20 19:17:37 645] tts        657  TTS_MSG_GETAUDIO  0  
[2023/03/20 19:17:37 645] tts        485  get audio|use local  
[2023/03/20 19:17:37 645] tts        527  0  nil  1  
[2023/03/20 19:17:37 646] tts        657  TTS_MSG_GETAUDIO  0  
[2023/03/20 19:17:37 646] tts        485  get audio|use local  
[2023/03/20 19:17:37 647] tts        527  0  nil  1  
[2023/03/20 19:17:37 648] tts        657  TTS_MSG_GETAUDIO  0  
[2023/03/20 19:17:37 648] tts        485  get audio|use local  
[2023/03/20 19:17:37 648] tts        527  0  nil  1  
[2023/03/20 19:17:37 649] tts        657  TTS_MSG_GETAUDIO  0  
[2023/03/20 19:17:37 649] tts        485  get audio|use local  
[2023/03/20 19:17:37 649] tts        527  0  nil  1  
[2023/03/20 19:17:37 658] tts        657  TTS_MSG_GETAUDIO  0  
[2023/03/20 19:17:37 658] tts        485  get audio|use local  
[2023/03/20 19:17:37 658] tts        527  0  nil  1  
[2023/03/20 19:17:37 659] tts        657  TTS_MSG_GETAUDIO  0  
[2023/03/20 19:17:37 659] tts        485  get audio|use local  
[2023/03/20 19:17:37 659] tts        527  0  nil  1  
[2023/03/20 19:17:37 660] tts        657  TTS_MSG_GETAUDIO  0  
[2023/03/20 19:17:37 660] tts        485  get audio|use local  
[2023/03/20 19:17:37 660] tts        527  0  nil  1  
[2023/03/20 19:17:37 661] tts        657  TTS_MSG_GETAUDIO  0  
[2023/03/20 19:17:37 661] tts        485  get audio|use local  
[2023/03/20 19:17:37 661] tts        527  0  nil  1  
[2023/03/20 19:17:37 663] tts        657  TTS_MSG_GETAUDIO  0  
[2023/03/20 19:17:37 663] tts        485  get audio|use local  
[2023/03/20 19:17:37 663] tts        527  0  nil  1  
[2023/03/20 19:17:37 665] tts        657  TTS_MSG_GETAUDIO  0  
[2023/03/20 19:17:37 665] tts        485  get audio|use local  
[2023/03/20 19:17:37 666] tts        527  0  nil  1  
[2023/03/20 19:17:37 667] tts        657  TTS_MSG_GETAUDIO  0  
[2023/03/20 19:17:37 667] tts        485  get audio|use local  
[2023/03/20 19:17:37 667] tts        527  0  nil  1  
[2023/03/20 19:17:37 668] tts        657  TTS_MSG_GETAUDIO  0  
[2023/03/20 19:17:37 668] tts        485  get audio|use local  
[2023/03/20 19:17:37 668] tts        527  0  nil  1  
[2023/03/20 19:17:37 669] tts        657  TTS_MSG_GETAUDIO  0  
[2023/03/20 19:17:37 669] tts        485  get audio|use local  
[2023/03/20 19:17:37 669] tts        527  0  nil  1  
[2023/03/20 19:17:37 670] tts        657  TTS_MSG_GETAUDIO  0  
[2023/03/20 19:17:37 670] tts        485  get audio|use local  
[2023/03/20 19:17:37 670] tts        527  0  nil  1  
[2023/03/20 19:17:37 673] tts        657  TTS_MSG_GETAUDIO  0  
[2023/03/20 19:17:37 673] tts        485  get audio|use local  
[2023/03/20 19:17:37 673] tts        527  0  nil  1  
[2023/03/20 19:17:37 674] tts        657  TTS_MSG_GETAUDIO  0  
[2023/03/20 19:17:37 674] tts        485  get audio|use local  
[2023/03/20 19:17:37 674] tts        527  0  nil  1  
[2023/03/20 19:17:37 675] tts        657  TTS_MSG_GETAUDIO  0  
[2023/03/20 19:17:37 675] tts        485  get audio|use local  
[2023/03/20 19:17:37 675] tts        527  0  nil  1  
[2023/03/20 19:17:37 676] tts        657  TTS_MSG_GETAUDIO  0  
[2023/03/20 19:17:37 676] tts        485  get audio|use local  
[2023/03/20 19:17:37 676] tts        527  0  nil  1  
[2023/03/20 19:17:37 677] tts        657  TTS_MSG_GETAUDIO  0  
[2023/03/20 19:17:37 677] tts        485  get audio|use local  
[2023/03/20 19:17:37 677] tts        527  0  nil  1  
[2023/03/20 19:17:37 677] tts        657  TTS_MSG_GETAUDIO  0  
[2023/03/20 19:17:37 677] tts        485  get audio|use local  
[2023/03/20 19:17:37 678] tts        527  0  nil  1  
[2023/03/20 19:17:37 681] tts        657  TTS_MSG_GETAUDIO  0  
[2023/03/20 19:17:37 681] tts        485  get audio|use local  
[2023/03/20 19:17:37 681] tts        527  0  nil  1  
[2023/03/20 19:17:37 682] tts        657  TTS_MSG_GETAUDIO  0  
[2023/03/20 19:17:37 682] tts        485  get audio|use local  
[2023/03/20 19:17:37 683] tts        527  0  nil  1  
[2023/03/20 19:17:37 684] tts        657  TTS_MSG_GETAUDIO  0  
[2023/03/20 19:17:37 684] tts        485  get audio|use local  
[2023/03/20 19:17:37 684] tts        527  0  nil  1  
[2023/03/20 19:17:37 685] tts        657  TTS_MSG_GETAUDIO  0  
[2023/03/20 19:17:37 685] tts        485  get audio|use local  
[2023/03/20 19:17:37 685] tts        527  0  nil  1  
[2023/03/20 19:17:37 687] tts        657  TTS_MSG_GETAUDIO  0  
[2023/03/20 19:17:37 687] tts        485  get audio|use local  
[2023/03/20 19:17:37 687] tts        527  0  nil  1  
[2023/03/20 19:17:37 689] tts        657  TTS_MSG_GETAUDIO  0  
[2023/03/20 19:17:37 689] tts        485  get audio|use local  
[2023/03/20 19:17:37 689] tts        527  0  nil  1  
[2023/03/20 19:17:37 696] tts        657  TTS_MSG_GETAUDIO  0  
[2023/03/20 19:17:37 708] tts        485  get audio|use local  
[2023/03/20 19:17:37 708] tts        527  0  nil  1  
[2023/03/20 19:17:37 711] tts        657  TTS_MSG_GETAUDIO  0  
[2023/03/20 19:17:37 711] tts        485  get audio|use local  
[2023/03/20 19:17:37 711] tts        498  local audiolen:  2042  ,ced:  10  
[2023/03/20 19:17:37 711] tts        527  0  udata(9407edf8) 1  
[2023/03/20 19:17:37 715] tts        657  TTS_MSG_GETAUDIO  0  
[2023/03/20 19:17:37 715] tts        485  get audio|use local  
[2023/03/20 19:17:37 715] tts        498  local audiolen:  2016  ,ced:  10  
[2023/03/20 19:17:37 715] tts        527  0  udata(9407ee48) 1  
[2023/03/20 19:17:37 718] tts        657  TTS_MSG_GETAUDIO  0  
[2023/03/20 19:17:37 718] tts        485  get audio|use local  
[2023/03/20 19:17:37 718] tts        527  0  nil  1  
[2023/03/20 19:17:37 722] tts        657  TTS_MSG_GETAUDIO  0  
[2023/03/20 19:17:37 722] tts        485  get audio|use local  
[2023/03/20 19:17:37 722] tts        527  0  nil  1  
[2023/03/20 19:17:37 724] tts        657  TTS_MSG_GETAUDIO  0  
[2023/03/20 19:17:37 724] tts        485  get audio|use local  
[2023/03/20 19:17:37 724] tts        527  0  nil  1  
[2023/03/20 19:17:37 726] tts        657  TTS_MSG_GETAUDIO  0  
[2023/03/20 19:17:37 726] tts        485  get audio|use local  
[2023/03/20 19:17:37 726] tts        527  0  nil  1  
[2023/03/20 19:17:37 727] tts        657  TTS_MSG_GETAUDIO  0  
[2023/03/20 19:17:37 728] tts        485  get audio|use local  
[2023/03/20 19:17:37 728] tts        527  0  nil  1  
[2023/03/20 19:17:37 729] tts        657  TTS_MSG_GETAUDIO  0  
[2023/03/20 19:17:37 729] tts        485  get audio|use local  
[2023/03/20 19:17:37 730] tts        527  0  nil  1  
[2023/03/20 19:17:37 731] tts        657  TTS_MSG_GETAUDIO  0  
[2023/03/20 19:17:37 731] tts        485  get audio|use local  
[2023/03/20 19:17:37 731] tts        527  0  nil  1  
[2023/03/20 19:17:37 732] tts        657  TTS_MSG_GETAUDIO  0  
[2023/03/20 19:17:37 732] tts        485  get audio|use local  
[2023/03/20 19:17:37 733] tts        527  0  nil  1  
[2023/03/20 19:17:37 734] tts        657  TTS_MSG_GETAUDIO  0  
[2023/03/20 19:17:37 734] tts        485  get audio|use local  
[2023/03/20 19:17:37 734] tts        527  0  nil  1  
[2023/03/20 19:17:37 736] tts        657  TTS_MSG_GETAUDIO  0  
[2023/03/20 19:17:37 737] tts        485  get audio|use local  
[2023/03/20 19:17:37 737] tts        527  0  nil  1  
[2023/03/20 19:17:37 737] tts        657  TTS_MSG_GETAUDIO  0  
[2023/03/20 19:17:37 738] tts        485  get audio|use local  
[2023/03/20 19:17:37 738] tts        527  0  nil  1  
[2023/03/20 19:17:37 740] tts        657  TTS_MSG_GETAUDIO  0  
[2023/03/20 19:17:37 740] tts        485  get audio|use local  
[2023/03/20 19:17:37 740] tts        527  0  nil  1  
[2023/03/20 19:17:37 742] tts        657  TTS_MSG_GETAUDIO  0  
[2023/03/20 19:17:37 742] tts        485  get audio|use local  
[2023/03/20 19:17:37 742] tts        527  0  nil  1  
[2023/03/20 19:17:37 744] tts        657  TTS_MSG_GETAUDIO  0  
[2023/03/20 19:17:37 744] tts        485  get audio|use local  
[2023/03/20 19:17:37 744] tts        527  0  nil  1  
[2023/03/20 19:17:37 746] tts        657  TTS_MSG_GETAUDIO  0  
[2023/03/20 19:17:37 746] tts        485  get audio|use local  
[2023/03/20 19:17:37 749] tts        527  0  nil  1  
[2023/03/20 19:17:37 758] tts        657  TTS_MSG_GETAUDIO  0  
[2023/03/20 19:17:37 758] tts        485  get audio|use local  
[2023/03/20 19:17:37 759] tts        498  local audiolen:  2032  ,ced:  10  
[2023/03/20 19:17:37 759] tts        527  0  udata(9407d548) 1  
[2023/03/20 19:17:37 759] tts        657  TTS_MSG_GETAUDIO  0  
[2023/03/20 19:17:37 760] tts        485  get audio|use local  
[2023/03/20 19:17:37 760] tts        498  local audiolen:  2030  ,ced:  10  
[2023/03/20 19:17:37 760] tts        527  0  udata(9407d598) 1  
[2023/03/20 19:17:37 762] tts        657  TTS_MSG_GETAUDIO  0  
[2023/03/20 19:17:37 762] tts        485  get audio|use local  
[2023/03/20 19:17:37 762] tts        498  local audiolen:  1926  ,ced:  10  
[2023/03/20 19:17:37 762] tts        527  0  udata(9407d5e8) 1  
[2023/03/20 19:17:37 763] tts        657  TTS_MSG_GETAUDIO  0  
[2023/03/20 19:17:37 763] tts        485  get audio|use local  
[2023/03/20 19:17:37 763] tts        498  local audiolen:  2022  ,ced:  10  
[2023/03/20 19:17:37 764] tts        527  0  udata(9407d638) 1  
[2023/03/20 19:17:37 766] tts        657  TTS_MSG_GETAUDIO  0  
[2023/03/20 19:17:37 766] tts        485  get audio|use local  
[2023/03/20 19:17:37 766] tts        498  local audiolen:  1984  ,ced:  10  
[2023/03/20 19:17:37 766] tts        527  0  udata(94087b98) 1  
[2023/03/20 19:17:37 767] tts        657  TTS_MSG_GETAUDIO  0  
[2023/03/20 19:17:37 767] tts        485  get audio|use local  
[2023/03/20 19:17:37 767] tts        498  local audiolen:  2008  ,ced:  10  
[2023/03/20 19:17:37 767] tts        527  0  udata(94087be8) 1  
[2023/03/20 19:17:37 768] tts        657  TTS_MSG_GETAUDIO  0  
[2023/03/20 19:17:37 768] tts        485  get audio|use local  
[2023/03/20 19:17:37 768] tts        498  local audiolen:  1958  ,ced:  10  
[2023/03/20 19:17:37 768] tts        527  0  udata(94087c38) 1  
[2023/03/20 19:17:37 769] tts        657  TTS_MSG_GETAUDIO  0  
[2023/03/20 19:17:37 769] tts        485  get audio|use local  
[2023/03/20 19:17:37 769] tts        498  local audiolen:  2036  ,ced:  10  
[2023/03/20 19:17:37 769] tts        527  0  udata(94087c88) 1  
[2023/03/20 19:17:37 770] tts        657  TTS_MSG_GETAUDIO  0  
[2023/03/20 19:17:37 770] tts        485  get audio|use local  
[2023/03/20 19:17:37 770] tts        498  local audiolen:  1950  ,ced:  10  
[2023/03/20 19:17:37 770] tts        527  0  udata(94087a48) 1  
[2023/03/20 19:17:37 771] tts        657  TTS_MSG_GETAUDIO  0  
[2023/03/20 19:17:37 771] tts        485  get audio|use local  
[2023/03/20 19:17:37 771] tts        527  0  nil  1  
[2023/03/20 19:17:37 772] tts        657  TTS_MSG_GETAUDIO  0  
[2023/03/20 19:17:37 772] tts        485  get audio|use local  
[2023/03/20 19:17:37 772] tts        527  0  nil  1  
[2023/03/20 19:17:37 773] tts        657  TTS_MSG_GETAUDIO  0  
[2023/03/20 19:17:37 773] tts        485  get audio|use local  
[2023/03/20 19:17:37 773] tts        527  0  nil  1  
[2023/03/20 19:17:37 774] tts        657  TTS_MSG_GETAUDIO  0  
[2023/03/20 19:17:37 774] tts        485  get audio|use local  
[2023/03/20 19:17:37 774] tts        527  0  nil  1  
[2023/03/20 19:17:37 775] tts        657  TTS_MSG_GETAUDIO  0  
[2023/03/20 19:17:37 775] tts        485  get audio|use local  
[2023/03/20 19:17:37 775] tts        527  0  nil  1  
[2023/03/20 19:17:37 776] tts        657  TTS_MSG_GETAUDIO  0  
[2023/03/20 19:17:37 776] tts        485  get audio|use local  
[2023/03/20 19:17:37 776] tts        527  0  nil  1  
[2023/03/20 19:17:37 777] tts        657  TTS_MSG_GETAUDIO  0  
[2023/03/20 19:17:37 777] tts        485  get audio|use local  
[2023/03/20 19:17:37 777] tts        527  0  nil  1  
[2023/03/20 19:17:37 777] tts        657  TTS_MSG_GETAUDIO  0  
[2023/03/20 19:17:37 778] tts        485  get audio|use local  
[2023/03/20 19:17:37 778] tts        527  0  nil  1  
[2023/03/20 19:17:37 788] tts        657  TTS_MSG_GETAUDIO  0  
[2023/03/20 19:17:37 788] tts        485  get audio|use local  
[2023/03/20 19:17:37 788] tts        498  local audiolen:  1986  ,ced:  10  
[2023/03/20 19:17:37 788] tts        527  0  udata(9407c998) 1  
[2023/03/20 19:17:37 791] tts        301  0  0  
[2023/03/20 19:17:37 791] tts        312  TTS_LOCAL_CB_END,  2  
[2023/03/20 19:17:37 791] tts        657  TTS_MSG_GETAUDIO  0  
[2023/03/20 19:17:37 791] tts        485  get audio|use local  
[2023/03/20 19:17:37 791] tts        498  local audiolen:  2014  ,ced:  10  
[2023/03/20 19:17:37 792] tts        527  0  udata(9407cb38) 1  
[2023/03/20 19:17:37 792] tts        657  TTS_MSG_GETAUDIO  0  
[2023/03/20 19:17:37 792] tts        485  get audio|use local  
[2023/03/20 19:17:37 793] tts        498  local audiolen:  1964  ,ced:  10  
[2023/03/20 19:17:37 793] tts        527  0  udata(9407cb88) 1  
[2023/03/20 19:17:37 794] tts        657  TTS_MSG_GETAUDIO  0  
[2023/03/20 19:17:37 794] tts        485  get audio|use local  
[2023/03/20 19:17:37 794] tts        498  local audiolen:  1876  ,ced:  10  
[2023/03/20 19:17:37 794] tts        527  0  udata(940873e8) 1  
[2023/03/20 19:17:37 795] tts        657  TTS_MSG_GETAUDIO  0  
[2023/03/20 19:17:37 795] tts        485  get audio|use local  
[2023/03/20 19:17:37 795] tts        498  local audiolen:  1904  ,ced:  10  
[2023/03/20 19:17:37 795] tts        527  0  udata(94087438) 1  
[2023/03/20 19:17:37 796] tts        657  TTS_MSG_GETAUDIO  0  
[2023/03/20 19:17:37 796] tts        485  get audio|use local  
[2023/03/20 19:17:37 796] tts        498  local audiolen:  1968  ,ced:  10  
[2023/03/20 19:17:37 796] tts        527  0  udata(94087488) 1  
[2023/03/20 19:17:37 797] tts        657  TTS_MSG_GETAUDIO  0  
[2023/03/20 19:17:37 797] tts        485  get audio|use local  
[2023/03/20 19:17:37 797] tts        498  local audiolen:  2046  ,ced:  10  
[2023/03/20 19:17:37 798] tts        527  0  udata(940874d8) 1  
[2023/03/20 19:17:37 798] tts        657  TTS_MSG_GETAUDIO  0  
[2023/03/20 19:17:37 799] tts        485  get audio|use local  
[2023/03/20 19:17:37 799] tts        498  local audiolen:  1056  ,ced:  10  
[2023/03/20 19:17:37 799] tts        527  0  udata(94087958) 2  
[2023/03/20 19:17:37 801] tts        660  TTS_MSG_SSE  
[2023/03/20 19:17:37 802] tts        585  sse|use local  
[2023/03/20 19:17:37 816] tts        603  tts exit  
[2023/03/20 19:17:37 817] tts        667  SYS_MSG_UNLOAD  
