============================================================
Time  2023/03/19 19:49:12 561 
============================================================
[2023/03/19 19:49:12 561] tts        676  SYS_MSG_REGCB param0 =  msp_status_cb  param1 =  func(8c014a30) 
[2023/03/19 19:49:12 564] config     43   use general cloud  
[2023/03/19 19:49:12 580] tts_cloud  1417 SYS_MSG_REGCB_CLOUD param0 =   msp_status_cb  param1 =  func(8c014a30) 
[2023/03/19 19:49:12 580] tts        647  TTS_MSG_SSB  
[2023/03/19 19:49:12 580] tts        375  params =  engine_type = local,voice_name=xiaoyan, text_encoding = UTF8, tts_res_path = fo|res/tts/xiaoyan.jet;fo|res/tts/common.jet, sample_rate = 16000, speed = 50, volume = 50, pitch = 50, rdn = 2  
[2023/03/19 19:49:12 581] tts        412  ssb|use local  
[2023/03/19 19:49:12 581] tts        349  local_session_begin  
[2023/03/19 19:49:12 609] tts        654  TTS_MSG_SYN  0  
[2023/03/19 19:49:12 609] tts        451  synth|use local  
[2023/03/19 19:49:12 612] tts        657  TTS_MSG_GETAUDIO  0  
[2023/03/19 19:49:12 612] tts        485  get audio|use local  
[2023/03/19 19:49:12 612] tts        527  0  nil  1  
[2023/03/19 19:49:12 613] tts        657  TTS_MSG_GETAUDIO  0  
[2023/03/19 19:49:12 613] tts        485  get audio|use local  
[2023/03/19 19:49:12 613] tts        527  0  nil  1  
[2023/03/19 19:49:12 615] tts        657  TTS_MSG_GETAUDIO  0  
[2023/03/19 19:49:12 615] tts        485  get audio|use local  
[2023/03/19 19:49:12 615] tts        527  0  nil  1  
[2023/03/19 19:49:12 616] tts        657  TTS_MSG_GETAUDIO  0  
[2023/03/19 19:49:12 616] tts        485  get audio|use local  
[2023/03/19 19:49:12 616] tts        527  0  nil  1  
[2023/03/19 19:49:12 618] tts        657  TTS_MSG_GETAUDIO  0  
[2023/03/19 19:49:12 618] tts        485  get audio|use local  
[2023/03/19 19:49:12 618] tts        527  0  nil  1  
[2023/03/19 19:49:12 619] tts        657  TTS_MSG_GETAUDIO  0  
[2023/03/19 19:49:12 619] tts        485  get audio|use local  
[2023/03/19 19:49:12 619] tts        527  0  nil  1  
[2023/03/19 19:49:12 620] tts        657  TTS_MSG_GETAUDIO  0  
[2023/03/19 19:49:12 620] tts        485  get audio|use local  
[2023/03/19 19:49:12 620] tts        527  0  nil  1  
[2023/03/19 19:49:12 621] tts        657  TTS_MSG_GETAUDIO  0  
[2023/03/19 19:49:12 621] tts        485  get audio|use local  
[2023/03/19 19:49:12 621] tts        527  0  nil  1  
[2023/03/19 19:49:12 622] tts        657  TTS_MSG_GETAUDIO  0  
[2023/03/19 19:49:12 622] tts        485  get audio|use local  
[2023/03/19 19:49:12 623] tts        527  0  nil  1  
[2023/03/19 19:49:12 635] tts        657  TTS_MSG_GETAUDIO  0  
[2023/03/19 19:49:12 635] tts        485  get audio|use local  
[2023/03/19 19:49:12 635] tts        527  0  nil  1  
[2023/03/19 19:49:12 636] tts        657  TTS_MSG_GETAUDIO  0  
[2023/03/19 19:49:12 636] tts        485  get audio|use local  
[2023/03/19 19:49:12 636] tts        527  0  nil  1  
[2023/03/19 19:49:12 637] tts        657  TTS_MSG_GETAUDIO  0  
[2023/03/19 19:49:12 637] tts        485  get audio|use local  
[2023/03/19 19:49:12 637] tts        527  0  nil  1  
[2023/03/19 19:49:12 638] tts        657  TTS_MSG_GETAUDIO  0  
[2023/03/19 19:49:12 638] tts        485  get audio|use local  
[2023/03/19 19:49:12 638] tts        527  0  nil  1  
[2023/03/19 19:49:12 652] tts        657  TTS_MSG_GETAUDIO  0  
[2023/03/19 19:49:12 652] tts        485  get audio|use local  
[2023/03/19 19:49:12 652] tts        527  0  nil  1  
[2023/03/19 19:49:12 653] tts        657  TTS_MSG_GETAUDIO  0  
[2023/03/19 19:49:12 653] tts        485  get audio|use local  
[2023/03/19 19:49:12 653] tts        527  0  nil  1  
[2023/03/19 19:49:12 656] tts        657  TTS_MSG_GETAUDIO  0  
[2023/03/19 19:49:12 656] tts        485  get audio|use local  
[2023/03/19 19:49:12 657] tts        527  0  nil  1  
[2023/03/19 19:49:12 657] tts        657  TTS_MSG_GETAUDIO  0  
[2023/03/19 19:49:12 657] tts        485  get audio|use local  
[2023/03/19 19:49:12 658] tts        527  0  nil  1  
[2023/03/19 19:49:12 659] tts        657  TTS_MSG_GETAUDIO  0  
[2023/03/19 19:49:12 659] tts        485  get audio|use local  
[2023/03/19 19:49:12 659] tts        527  0  nil  1  
[2023/03/19 19:49:12 661] tts        657  TTS_MSG_GETAUDIO  0  
[2023/03/19 19:49:12 661] tts        485  get audio|use local  
[2023/03/19 19:49:12 661] tts        527  0  nil  1  
[2023/03/19 19:49:12 663] tts        657  TTS_MSG_GETAUDIO  0  
[2023/03/19 19:49:12 663] tts        485  get audio|use local  
[2023/03/19 19:49:12 663] tts        527  0  nil  1  
[2023/03/19 19:49:12 664] tts        657  TTS_MSG_GETAUDIO  0  
[2023/03/19 19:49:12 664] tts        485  get audio|use local  
[2023/03/19 19:49:12 665] tts        527  0  nil  1  
[2023/03/19 19:49:12 673] tts        657  TTS_MSG_GETAUDIO  0  
[2023/03/19 19:49:12 673] tts        485  get audio|use local  
[2023/03/19 19:49:12 674] tts        527  0  nil  1  
[2023/03/19 19:49:12 674] tts        657  TTS_MSG_GETAUDIO  0  
[2023/03/19 19:49:12 674] tts        485  get audio|use local  
[2023/03/19 19:49:12 675] tts        527  0  nil  1  
[2023/03/19 19:49:12 678] tts        657  TTS_MSG_GETAUDIO  0  
[2023/03/19 19:49:12 678] tts        485  get audio|use local  
[2023/03/19 19:49:12 678] tts        527  0  nil  1  
[2023/03/19 19:49:12 678] tts        657  TTS_MSG_GETAUDIO  0  
[2023/03/19 19:49:12 679] tts        485  get audio|use local  
[2023/03/19 19:49:12 679] tts        527  0  nil  1  
[2023/03/19 19:49:12 680] tts        657  TTS_MSG_GETAUDIO  0  
[2023/03/19 19:49:12 680] tts        485  get audio|use local  
[2023/03/19 19:49:12 680] tts        527  0  nil  1  
[2023/03/19 19:49:12 682] tts        657  TTS_MSG_GETAUDIO  0  
[2023/03/19 19:49:12 682] tts        485  get audio|use local  
[2023/03/19 19:49:12 682] tts        527  0  nil  1  
[2023/03/19 19:49:12 688] tts        657  TTS_MSG_GETAUDIO  0  
[2023/03/19 19:49:12 688] tts        485  get audio|use local  
[2023/03/19 19:49:12 688] tts        527  0  nil  1  
[2023/03/19 19:49:12 689] tts        657  TTS_MSG_GETAUDIO  0  
[2023/03/19 19:49:12 689] tts        485  get audio|use local  
[2023/03/19 19:49:12 689] tts        527  0  nil  1  
[2023/03/19 19:49:12 690] tts        657  TTS_MSG_GETAUDIO  0  
[2023/03/19 19:49:12 690] tts        485  get audio|use local  
[2023/03/19 19:49:12 690] tts        527  0  nil  1  
[2023/03/19 19:49:12 691] tts        657  TTS_MSG_GETAUDIO  0  
[2023/03/19 19:49:12 691] tts        485  get audio|use local  
[2023/03/19 19:49:12 691] tts        527  0  nil  1  
[2023/03/19 19:49:12 692] tts        657  TTS_MSG_GETAUDIO  0  
[2023/03/19 19:49:12 694] tts        485  get audio|use local  
[2023/03/19 19:49:12 694] tts        527  0  nil  1  
[2023/03/19 19:49:12 695] tts        657  TTS_MSG_GETAUDIO  0  
[2023/03/19 19:49:12 695] tts        485  get audio|use local  
[2023/03/19 19:49:12 695] tts        527  0  nil  1  
[2023/03/19 19:49:12 696] tts        657  TTS_MSG_GETAUDIO  0  
[2023/03/19 19:49:12 696] tts        485  get audio|use local  
[2023/03/19 19:49:12 697] tts        527  0  nil  1  
[2023/03/19 19:49:12 697] tts        657  TTS_MSG_GETAUDIO  0  
[2023/03/19 19:49:12 698] tts        485  get audio|use local  
[2023/03/19 19:49:12 698] tts        527  0  nil  1  
[2023/03/19 19:49:12 698] tts        657  TTS_MSG_GETAUDIO  0  
[2023/03/19 19:49:12 699] tts        485  get audio|use local  
[2023/03/19 19:49:12 699] tts        527  0  nil  1  
[2023/03/19 19:49:12 699] tts        657  TTS_MSG_GETAUDIO  0  
[2023/03/19 19:49:12 700] tts        485  get audio|use local  
[2023/03/19 19:49:12 700] tts        527  0  nil  1  
[2023/03/19 19:49:12 701] tts        657  TTS_MSG_GETAUDIO  0  
[2023/03/19 19:49:12 701] tts        485  get audio|use local  
[2023/03/19 19:49:12 701] tts        527  0  nil  1  
[2023/03/19 19:49:12 701] tts        657  TTS_MSG_GETAUDIO  0  
[2023/03/19 19:49:12 707] tts        485  get audio|use local  
[2023/03/19 19:49:12 708] tts        527  0  nil  1  
[2023/03/19 19:49:12 709] tts        657  TTS_MSG_GETAUDIO  0  
[2023/03/19 19:49:12 709] tts        485  get audio|use local  
[2023/03/19 19:49:12 709] tts        527  0  nil  1  
[2023/03/19 19:49:12 712] tts        657  TTS_MSG_GETAUDIO  0  
[2023/03/19 19:49:12 712] tts        485  get audio|use local  
[2023/03/19 19:49:12 712] tts        527  0  nil  1  
[2023/03/19 19:49:12 721] tts        657  TTS_MSG_GETAUDIO  0  
[2023/03/19 19:49:12 721] tts        485  get audio|use local  
[2023/03/19 19:49:12 721] tts        527  0  nil  1  
[2023/03/19 19:49:12 722] tts        657  TTS_MSG_GETAUDIO  0  
[2023/03/19 19:49:12 722] tts        485  get audio|use local  
[2023/03/19 19:49:12 723] tts        527  0  nil  1  
[2023/03/19 19:49:12 723] tts        657  TTS_MSG_GETAUDIO  0  
[2023/03/19 19:49:12 724] tts        485  get audio|use local  
[2023/03/19 19:49:12 724] tts        527  0  nil  1  
[2023/03/19 19:49:12 725] tts        657  TTS_MSG_GETAUDIO  0  
[2023/03/19 19:49:12 725] tts        485  get audio|use local  
[2023/03/19 19:49:12 725] tts        527  0  nil  1  
[2023/03/19 19:49:12 730] tts        657  TTS_MSG_GETAUDIO  0  
[2023/03/19 19:49:12 730] tts        485  get audio|use local  
[2023/03/19 19:49:12 737] tts        527  0  nil  1  
[2023/03/19 19:49:12 738] tts        657  TTS_MSG_GETAUDIO  0  
[2023/03/19 19:49:12 738] tts        485  get audio|use local  
[2023/03/19 19:49:12 739] tts        527  0  nil  1  
[2023/03/19 19:49:12 740] tts        657  TTS_MSG_GETAUDIO  0  
[2023/03/19 19:49:12 740] tts        485  get audio|use local  
[2023/03/19 19:49:12 740] tts        527  0  nil  1  
[2023/03/19 19:49:12 743] tts        657  TTS_MSG_GETAUDIO  0  
[2023/03/19 19:49:12 743] tts        485  get audio|use local  
[2023/03/19 19:49:12 743] tts        527  0  nil  1  
[2023/03/19 19:49:12 747] tts        657  TTS_MSG_GETAUDIO  0  
[2023/03/19 19:49:12 747] tts        485  get audio|use local  
[2023/03/19 19:49:12 747] tts        527  0  nil  1  
[2023/03/19 19:49:12 748] tts        657  TTS_MSG_GETAUDIO  0  
[2023/03/19 19:49:12 748] tts        485  get audio|use local  
[2023/03/19 19:49:12 748] tts        527  0  nil  1  
[2023/03/19 19:49:12 753] tts        657  TTS_MSG_GETAUDIO  0  
[2023/03/19 19:49:12 753] tts        485  get audio|use local  
[2023/03/19 19:49:12 753] tts        527  0  nil  1  
[2023/03/19 19:49:12 758] tts        657  TTS_MSG_GETAUDIO  0  
[2023/03/19 19:49:12 758] tts        485  get audio|use local  
[2023/03/19 19:49:12 758] tts        527  0  nil  1  
[2023/03/19 19:49:12 761] tts        657  TTS_MSG_GETAUDIO  0  
[2023/03/19 19:49:12 761] tts        485  get audio|use local  
[2023/03/19 19:49:12 761] tts        527  0  nil  1  
[2023/03/19 19:49:12 763] tts        657  TTS_MSG_GETAUDIO  0  
[2023/03/19 19:49:12 763] tts        485  get audio|use local  
[2023/03/19 19:49:12 763] tts        527  0  nil  1  
[2023/03/19 19:49:12 765] tts        299  TTS_LOCAL_CB_BEGIN  
[2023/03/19 19:49:12 765] tts        657  TTS_MSG_GETAUDIO  0  
[2023/03/19 19:49:12 765] tts        485  get audio|use local  
[2023/03/19 19:49:12 766] tts        527  0  nil  1  
[2023/03/19 19:49:12 766] tts        657  TTS_MSG_GETAUDIO  0  
[2023/03/19 19:49:12 767] tts        485  get audio|use local  
[2023/03/19 19:49:12 767] tts        527  0  nil  1  
[2023/03/19 19:49:12 769] tts        657  TTS_MSG_GETAUDIO  0  
[2023/03/19 19:49:12 769] tts        485  get audio|use local  
[2023/03/19 19:49:12 769] tts        527  0  nil  1  
[2023/03/19 19:49:12 770] tts        657  TTS_MSG_GETAUDIO  0  
[2023/03/19 19:49:12 771] tts        485  get audio|use local  
[2023/03/19 19:49:12 771] tts        527  0  nil  1  
[2023/03/19 19:49:12 777] tts        657  TTS_MSG_GETAUDIO  0  
[2023/03/19 19:49:12 778] tts        485  get audio|use local  
[2023/03/19 19:49:12 778] tts        527  0  nil  1  
[2023/03/19 19:49:12 783] tts        657  TTS_MSG_GETAUDIO  0  
[2023/03/19 19:49:12 783] tts        485  get audio|use local  
[2023/03/19 19:49:12 783] tts        527  0  nil  1  
[2023/03/19 19:49:12 784] tts        657  TTS_MSG_GETAUDIO  0  
[2023/03/19 19:49:12 784] tts        485  get audio|use local  
[2023/03/19 19:49:12 784] tts        527  0  nil  1  
[2023/03/19 19:49:12 785] tts        657  TTS_MSG_GETAUDIO  0  
[2023/03/19 19:49:12 785] tts        485  get audio|use local  
[2023/03/19 19:49:12 785] tts        527  0  nil  1  
[2023/03/19 19:49:12 787] tts        657  TTS_MSG_GETAUDIO  0  
[2023/03/19 19:49:12 787] tts        485  get audio|use local  
[2023/03/19 19:49:12 787] tts        527  0  nil  1  
[2023/03/19 19:49:12 789] tts        657  TTS_MSG_GETAUDIO  0  
[2023/03/19 19:49:12 789] tts        485  get audio|use local  
[2023/03/19 19:49:12 789] tts        527  0  nil  1  
[2023/03/19 19:49:12 789] tts        657  TTS_MSG_GETAUDIO  0  
[2023/03/19 19:49:12 789] tts        485  get audio|use local  
[2023/03/19 19:49:12 790] tts        527  0  nil  1  
[2023/03/19 19:49:12 791] tts        657  TTS_MSG_GETAUDIO  0  
[2023/03/19 19:49:12 791] tts        485  get audio|use local  
[2023/03/19 19:49:12 791] tts        527  0  nil  1  
[2023/03/19 19:49:12 791] tts        657  TTS_MSG_GETAUDIO  0  
[2023/03/19 19:49:12 792] tts        485  get audio|use local  
[2023/03/19 19:49:12 792] tts        527  0  nil  1  
[2023/03/19 19:49:12 792] tts        657  TTS_MSG_GETAUDIO  0  
[2023/03/19 19:49:12 793] tts        485  get audio|use local  
[2023/03/19 19:49:12 793] tts        527  0  nil  1  
[2023/03/19 19:49:12 794] tts        657  TTS_MSG_GETAUDIO  0  
[2023/03/19 19:49:12 794] tts        485  get audio|use local  
[2023/03/19 19:49:12 794] tts        527  0  nil  1  
[2023/03/19 19:49:12 795] tts        657  TTS_MSG_GETAUDIO  0  
[2023/03/19 19:49:12 795] tts        485  get audio|use local  
[2023/03/19 19:49:12 796] tts        527  0  nil  1  
[2023/03/19 19:49:12 801] tts        657  TTS_MSG_GETAUDIO  0  
[2023/03/19 19:49:12 801] tts        485  get audio|use local  
[2023/03/19 19:49:12 801] tts        527  0  nil  1  
[2023/03/19 19:49:12 802] tts        657  TTS_MSG_GETAUDIO  0  
[2023/03/19 19:49:12 802] tts        485  get audio|use local  
[2023/03/19 19:49:12 802] tts        527  0  nil  1  
[2023/03/19 19:49:12 804] tts        657  TTS_MSG_GETAUDIO  0  
[2023/03/19 19:49:12 804] tts        485  get audio|use local  
[2023/03/19 19:49:12 804] tts        527  0  nil  1  
[2023/03/19 19:49:12 806] tts        657  TTS_MSG_GETAUDIO  0  
[2023/03/19 19:49:12 806] tts        485  get audio|use local  
[2023/03/19 19:49:12 806] tts        527  0  nil  1  
[2023/03/19 19:49:12 819] tts        657  TTS_MSG_GETAUDIO  0  
[2023/03/19 19:49:12 820] tts        485  get audio|use local  
[2023/03/19 19:49:12 820] tts        527  0  nil  1  
[2023/03/19 19:49:12 820] tts        657  TTS_MSG_GETAUDIO  0  
[2023/03/19 19:49:12 821] tts        485  get audio|use local  
[2023/03/19 19:49:12 821] tts        527  0  nil  1  
[2023/03/19 19:49:12 823] tts        657  TTS_MSG_GETAUDIO  0  
[2023/03/19 19:49:12 823] tts        485  get audio|use local  
[2023/03/19 19:49:12 823] tts        527  0  nil  1  
[2023/03/19 19:49:12 824] tts        657  TTS_MSG_GETAUDIO  0  
[2023/03/19 19:49:12 824] tts        485  get audio|use local  
[2023/03/19 19:49:12 824] tts        527  0  nil  1  
[2023/03/19 19:49:12 825] tts        657  TTS_MSG_GETAUDIO  0  
[2023/03/19 19:49:12 826] tts        485  get audio|use local  
[2023/03/19 19:49:12 826] tts        527  0  nil  1  
[2023/03/19 19:49:12 826] tts        657  TTS_MSG_GETAUDIO  0  
[2023/03/19 19:49:12 827] tts        485  get audio|use local  
[2023/03/19 19:49:12 827] tts        527  0  nil  1  
[2023/03/19 19:49:12 828] tts        657  TTS_MSG_GETAUDIO  0  
[2023/03/19 19:49:12 828] tts        485  get audio|use local  
[2023/03/19 19:49:12 828] tts        527  0  nil  1  
[2023/03/19 19:49:12 829] tts        657  TTS_MSG_GETAUDIO  0  
[2023/03/19 19:49:12 829] tts        485  get audio|use local  
[2023/03/19 19:49:12 829] tts        527  0  nil  1  
[2023/03/19 19:49:12 830] tts        657  TTS_MSG_GETAUDIO  0  
[2023/03/19 19:49:12 830] tts        485  get audio|use local  
[2023/03/19 19:49:12 831] tts        527  0  nil  1  
[2023/03/19 19:49:12 832] tts        657  TTS_MSG_GETAUDIO  0  
[2023/03/19 19:49:12 832] tts        485  get audio|use local  
[2023/03/19 19:49:12 833] tts        527  0  nil  1  
[2023/03/19 19:49:12 834] tts        657  TTS_MSG_GETAUDIO  0  
[2023/03/19 19:49:12 834] tts        485  get audio|use local  
[2023/03/19 19:49:12 835] tts        527  0  nil  1  
[2023/03/19 19:49:12 835] tts        657  TTS_MSG_GETAUDIO  0  
[2023/03/19 19:49:12 836] tts        485  get audio|use local  
[2023/03/19 19:49:12 836] tts        527  0  nil  1  
[2023/03/19 19:49:12 837] tts        657  TTS_MSG_GETAUDIO  0  
[2023/03/19 19:49:12 837] tts        485  get audio|use local  
[2023/03/19 19:49:12 837] tts        527  0  nil  1  
[2023/03/19 19:49:12 838] tts        657  TTS_MSG_GETAUDIO  0  
[2023/03/19 19:49:12 838] tts        485  get audio|use local  
[2023/03/19 19:49:12 838] tts        527  0  nil  1  
[2023/03/19 19:49:12 839] tts        657  TTS_MSG_GETAUDIO  0  
[2023/03/19 19:49:12 839] tts        485  get audio|use local  
[2023/03/19 19:49:12 839] tts        527  0  nil  1  
[2023/03/19 19:49:12 844] tts        657  TTS_MSG_GETAUDIO  0  
[2023/03/19 19:49:12 844] tts        485  get audio|use local  
[2023/03/19 19:49:12 845] tts        527  0  nil  1  
[2023/03/19 19:49:12 846] tts        657  TTS_MSG_GETAUDIO  0  
[2023/03/19 19:49:12 846] tts        485  get audio|use local  
[2023/03/19 19:49:12 846] tts        527  0  nil  1  
[2023/03/19 19:49:12 847] tts        657  TTS_MSG_GETAUDIO  0  
[2023/03/19 19:49:12 847] tts        485  get audio|use local  
[2023/03/19 19:49:12 847] tts        527  0  nil  1  
[2023/03/19 19:49:12 848] tts        657  TTS_MSG_GETAUDIO  0  
[2023/03/19 19:49:12 848] tts        485  get audio|use local  
[2023/03/19 19:49:12 848] tts        527  0  nil  1  
[2023/03/19 19:49:12 849] tts        657  TTS_MSG_GETAUDIO  0  
[2023/03/19 19:49:12 849] tts        485  get audio|use local  
[2023/03/19 19:49:12 849] tts        527  0  nil  1  
[2023/03/19 19:49:12 850] tts        657  TTS_MSG_GETAUDIO  0  
[2023/03/19 19:49:12 850] tts        485  get audio|use local  
[2023/03/19 19:49:12 850] tts        527  0  nil  1  
[2023/03/19 19:49:12 851] tts        657  TTS_MSG_GETAUDIO  0  
[2023/03/19 19:49:12 851] tts        485  get audio|use local  
[2023/03/19 19:49:12 851] tts        527  0  nil  1  
[2023/03/19 19:49:12 861] tts        657  TTS_MSG_GETAUDIO  0  
[2023/03/19 19:49:12 862] tts        485  get audio|use local  
[2023/03/19 19:49:12 862] tts        527  0  nil  1  
[2023/03/19 19:49:12 862] tts        657  TTS_MSG_GETAUDIO  0  
[2023/03/19 19:49:12 862] tts        485  get audio|use local  
[2023/03/19 19:49:12 863] tts        527  0  nil  1  
[2023/03/19 19:49:12 863] tts        657  TTS_MSG_GETAUDIO  0  
[2023/03/19 19:49:12 863] tts        485  get audio|use local  
[2023/03/19 19:49:12 863] tts        527  0  nil  1  
[2023/03/19 19:49:12 864] tts        657  TTS_MSG_GETAUDIO  0  
[2023/03/19 19:49:12 864] tts        485  get audio|use local  
[2023/03/19 19:49:12 864] tts        527  0  nil  1  
[2023/03/19 19:49:12 865] tts        657  TTS_MSG_GETAUDIO  0  
[2023/03/19 19:49:12 865] tts        485  get audio|use local  
[2023/03/19 19:49:12 865] tts        527  0  nil  1  
[2023/03/19 19:49:12 866] tts        657  TTS_MSG_GETAUDIO  0  
[2023/03/19 19:49:12 866] tts        485  get audio|use local  
[2023/03/19 19:49:12 866] tts        527  0  nil  1  
[2023/03/19 19:49:12 867] tts        657  TTS_MSG_GETAUDIO  0  
[2023/03/19 19:49:12 867] tts        485  get audio|use local  
[2023/03/19 19:49:12 867] tts        527  0  nil  1  
[2023/03/19 19:49:12 869] tts        657  TTS_MSG_GETAUDIO  0  
[2023/03/19 19:49:12 869] tts        485  get audio|use local  
[2023/03/19 19:49:12 870] tts        527  0  nil  1  
[2023/03/19 19:49:12 870] tts        657  TTS_MSG_GETAUDIO  0  
[2023/03/19 19:49:12 871] tts        485  get audio|use local  
[2023/03/19 19:49:12 871] tts        527  0  nil  1  
[2023/03/19 19:49:12 871] tts        657  TTS_MSG_GETAUDIO  0  
[2023/03/19 19:49:12 871] tts        485  get audio|use local  
[2023/03/19 19:49:12 872] tts        527  0  nil  1  
[2023/03/19 19:49:12 872] tts        657  TTS_MSG_GETAUDIO  0  
[2023/03/19 19:49:12 872] tts        485  get audio|use local  
[2023/03/19 19:49:12 872] tts        527  0  nil  1  
[2023/03/19 19:49:12 873] tts        657  TTS_MSG_GETAUDIO  0  
[2023/03/19 19:49:12 873] tts        485  get audio|use local  
[2023/03/19 19:49:12 873] tts        527  0  nil  1  
[2023/03/19 19:49:12 874] tts        657  TTS_MSG_GETAUDIO  0  
[2023/03/19 19:49:12 874] tts        485  get audio|use local  
[2023/03/19 19:49:12 874] tts        527  0  nil  1  
[2023/03/19 19:49:12 875] tts        657  TTS_MSG_GETAUDIO  0  
[2023/03/19 19:49:12 875] tts        485  get audio|use local  
[2023/03/19 19:49:12 875] tts        527  0  nil  1  
[2023/03/19 19:49:12 878] tts        657  TTS_MSG_GETAUDIO  0  
[2023/03/19 19:49:12 878] tts        485  get audio|use local  
[2023/03/19 19:49:12 878] tts        527  0  nil  1  
[2023/03/19 19:49:12 879] tts        657  TTS_MSG_GETAUDIO  0  
[2023/03/19 19:49:12 879] tts        485  get audio|use local  
[2023/03/19 19:49:12 879] tts        527  0  nil  1  
[2023/03/19 19:49:12 880] tts        657  TTS_MSG_GETAUDIO  0  
[2023/03/19 19:49:12 880] tts        485  get audio|use local  
[2023/03/19 19:49:12 880] tts        527  0  nil  1  
[2023/03/19 19:49:12 881] tts        657  TTS_MSG_GETAUDIO  0  
[2023/03/19 19:49:12 881] tts        485  get audio|use local  
[2023/03/19 19:49:12 881] tts        527  0  nil  1  
[2023/03/19 19:49:12 882] tts        657  TTS_MSG_GETAUDIO  0  
[2023/03/19 19:49:12 882] tts        485  get audio|use local  
[2023/03/19 19:49:12 882] tts        527  0  nil  1  
[2023/03/19 19:49:12 883] tts        657  TTS_MSG_GETAUDIO  0  
[2023/03/19 19:49:12 883] tts        485  get audio|use local  
[2023/03/19 19:49:12 883] tts        527  0  nil  1  
[2023/03/19 19:49:12 884] tts        657  TTS_MSG_GETAUDIO  0  
[2023/03/19 19:49:12 884] tts        485  get audio|use local  
[2023/03/19 19:49:12 884] tts        527  0  nil  1  
[2023/03/19 19:49:12 885] tts        657  TTS_MSG_GETAUDIO  0  
[2023/03/19 19:49:12 885] tts        485  get audio|use local  
[2023/03/19 19:49:12 885] tts        527  0  nil  1  
[2023/03/19 19:49:12 886] tts        657  TTS_MSG_GETAUDIO  0  
[2023/03/19 19:49:12 886] tts        485  get audio|use local  
[2023/03/19 19:49:12 886] tts        527  0  nil  1  
[2023/03/19 19:49:12 886] tts        657  TTS_MSG_GETAUDIO  0  
[2023/03/19 19:49:12 887] tts        485  get audio|use local  
[2023/03/19 19:49:12 887] tts        527  0  nil  1  
[2023/03/19 19:49:12 887] tts        657  TTS_MSG_GETAUDIO  0  
[2023/03/19 19:49:12 888] tts        485  get audio|use local  
[2023/03/19 19:49:12 888] tts        527  0  nil  1  
[2023/03/19 19:49:12 888] tts        657  TTS_MSG_GETAUDIO  0  
[2023/03/19 19:49:12 889] tts        485  get audio|use local  
[2023/03/19 19:49:12 889] tts        527  0  nil  1  
[2023/03/19 19:49:12 889] tts        657  TTS_MSG_GETAUDIO  0  
[2023/03/19 19:49:12 889] tts        485  get audio|use local  
[2023/03/19 19:49:12 890] tts        527  0  nil  1  
[2023/03/19 19:49:12 893] tts        657  TTS_MSG_GETAUDIO  0  
[2023/03/19 19:49:12 893] tts        485  get audio|use local  
[2023/03/19 19:49:12 893] tts        527  0  nil  1  
[2023/03/19 19:49:12 894] tts        657  TTS_MSG_GETAUDIO  0  
[2023/03/19 19:49:12 894] tts        485  get audio|use local  
[2023/03/19 19:49:12 894] tts        527  0  nil  1  
[2023/03/19 19:49:12 895] tts        657  TTS_MSG_GETAUDIO  0  
[2023/03/19 19:49:12 895] tts        485  get audio|use local  
[2023/03/19 19:49:12 896] tts        527  0  nil  1  
[2023/03/19 19:49:12 896] tts        657  TTS_MSG_GETAUDIO  0  
[2023/03/19 19:49:12 896] tts        485  get audio|use local  
[2023/03/19 19:49:12 897] tts        527  0  nil  1  
[2023/03/19 19:49:12 897] tts        657  TTS_MSG_GETAUDIO  0  
[2023/03/19 19:49:12 897] tts        485  get audio|use local  
[2023/03/19 19:49:12 897] tts        527  0  nil  1  
[2023/03/19 19:49:12 898] tts        657  TTS_MSG_GETAUDIO  0  
[2023/03/19 19:49:12 898] tts        485  get audio|use local  
[2023/03/19 19:49:12 898] tts        527  0  nil  1  
[2023/03/19 19:49:12 899] tts        657  TTS_MSG_GETAUDIO  0  
[2023/03/19 19:49:12 899] tts        485  get audio|use local  
[2023/03/19 19:49:12 899] tts        527  0  nil  1  
[2023/03/19 19:49:12 900] tts        657  TTS_MSG_GETAUDIO  0  
[2023/03/19 19:49:12 900] tts        485  get audio|use local  
[2023/03/19 19:49:12 900] tts        527  0  nil  1  
[2023/03/19 19:49:12 901] tts        657  TTS_MSG_GETAUDIO  0  
[2023/03/19 19:49:12 901] tts        485  get audio|use local  
[2023/03/19 19:49:12 901] tts        527  0  nil  1  
[2023/03/19 19:49:12 902] tts        657  TTS_MSG_GETAUDIO  0  
[2023/03/19 19:49:12 902] tts        485  get audio|use local  
[2023/03/19 19:49:12 902] tts        527  0  nil  1  
[2023/03/19 19:49:12 903] tts        657  TTS_MSG_GETAUDIO  0  
[2023/03/19 19:49:12 903] tts        485  get audio|use local  
[2023/03/19 19:49:12 903] tts        527  0  nil  1  
[2023/03/19 19:49:12 904] tts        657  TTS_MSG_GETAUDIO  0  
[2023/03/19 19:49:12 904] tts        485  get audio|use local  
[2023/03/19 19:49:12 904] tts        527  0  nil  1  
[2023/03/19 19:49:12 904] tts        657  TTS_MSG_GETAUDIO  0  
[2023/03/19 19:49:12 905] tts        485  get audio|use local  
[2023/03/19 19:49:12 905] tts        527  0  nil  1  
[2023/03/19 19:49:12 905] tts        657  TTS_MSG_GETAUDIO  0  
[2023/03/19 19:49:12 905] tts        485  get audio|use local  
[2023/03/19 19:49:12 906] tts        527  0  nil  1  
[2023/03/19 19:49:12 906] tts        657  TTS_MSG_GETAUDIO  0  
[2023/03/19 19:49:12 906] tts        485  get audio|use local  
[2023/03/19 19:49:12 906] tts        527  0  nil  1  
[2023/03/19 19:49:12 907] tts        657  TTS_MSG_GETAUDIO  0  
[2023/03/19 19:49:12 907] tts        485  get audio|use local  
[2023/03/19 19:49:12 907] tts        527  0  nil  1  
[2023/03/19 19:49:12 908] tts        657  TTS_MSG_GETAUDIO  0  
[2023/03/19 19:49:12 908] tts        485  get audio|use local  
[2023/03/19 19:49:12 908] tts        527  0  nil  1  
[2023/03/19 19:49:12 909] tts        657  TTS_MSG_GETAUDIO  0  
[2023/03/19 19:49:12 909] tts        485  get audio|use local  
[2023/03/19 19:49:12 909] tts        527  0  nil  1  
[2023/03/19 19:49:12 910] tts        657  TTS_MSG_GETAUDIO  0  
[2023/03/19 19:49:12 910] tts        485  get audio|use local  
[2023/03/19 19:49:12 910] tts        527  0  nil  1  
[2023/03/19 19:49:12 911] tts        657  TTS_MSG_GETAUDIO  0  
[2023/03/19 19:49:12 911] tts        485  get audio|use local  
[2023/03/19 19:49:12 911] tts        527  0  nil  1  
[2023/03/19 19:49:12 912] tts        657  TTS_MSG_GETAUDIO  0  
[2023/03/19 19:49:12 912] tts        485  get audio|use local  
[2023/03/19 19:49:12 912] tts        527  0  nil  1  
[2023/03/19 19:49:12 913] tts        657  TTS_MSG_GETAUDIO  0  
[2023/03/19 19:49:12 913] tts        485  get audio|use local  
[2023/03/19 19:49:12 913] tts        527  0  nil  1  
[2023/03/19 19:49:12 913] tts        657  TTS_MSG_GETAUDIO  0  
[2023/03/19 19:49:12 914] tts        485  get audio|use local  
[2023/03/19 19:49:12 914] tts        527  0  nil  1  
[2023/03/19 19:49:12 914] tts        657  TTS_MSG_GETAUDIO  0  
[2023/03/19 19:49:12 914] tts        485  get audio|use local  
[2023/03/19 19:49:12 915] tts        527  0  nil  1  
[2023/03/19 19:49:12 915] tts        657  TTS_MSG_GETAUDIO  0  
[2023/03/19 19:49:12 915] tts        485  get audio|use local  
[2023/03/19 19:49:12 915] tts        527  0  nil  1  
[2023/03/19 19:49:12 916] tts        657  TTS_MSG_GETAUDIO  0  
[2023/03/19 19:49:12 916] tts        485  get audio|use local  
[2023/03/19 19:49:12 917] tts        527  0  nil  1  
[2023/03/19 19:49:12 918] tts        657  TTS_MSG_GETAUDIO  0  
[2023/03/19 19:49:12 918] tts        485  get audio|use local  
[2023/03/19 19:49:12 918] tts        498  local audiolen:  2042  ,ced:  3  
[2023/03/19 19:49:12 918] tts        527  0  udata(8c0872c8) 1  
[2023/03/19 19:49:12 919] tts        657  TTS_MSG_GETAUDIO  0  
[2023/03/19 19:49:12 919] tts        485  get audio|use local  
[2023/03/19 19:49:12 919] tts        527  0  nil  1  
[2023/03/19 19:49:12 920] tts        657  TTS_MSG_GETAUDIO  0  
[2023/03/19 19:49:12 920] tts        485  get audio|use local  
[2023/03/19 19:49:12 920] tts        527  0  nil  1  
[2023/03/19 19:49:12 921] tts        657  TTS_MSG_GETAUDIO  0  
[2023/03/19 19:49:12 921] tts        485  get audio|use local  
[2023/03/19 19:49:12 921] tts        527  0  nil  1  
[2023/03/19 19:49:12 922] tts        657  TTS_MSG_GETAUDIO  0  
[2023/03/19 19:49:12 922] tts        485  get audio|use local  
[2023/03/19 19:49:12 922] tts        527  0  nil  1  
[2023/03/19 19:49:12 923] tts        657  TTS_MSG_GETAUDIO  0  
[2023/03/19 19:49:12 923] tts        485  get audio|use local  
[2023/03/19 19:49:12 923] tts        527  0  nil  1  
[2023/03/19 19:49:12 924] tts        657  TTS_MSG_GETAUDIO  0  
[2023/03/19 19:49:12 924] tts        485  get audio|use local  
[2023/03/19 19:49:12 924] tts        527  0  nil  1  
[2023/03/19 19:49:12 925] tts        657  TTS_MSG_GETAUDIO  0  
[2023/03/19 19:49:12 925] tts        485  get audio|use local  
[2023/03/19 19:49:12 925] tts        527  0  nil  1  
[2023/03/19 19:49:12 926] tts        657  TTS_MSG_GETAUDIO  0  
[2023/03/19 19:49:12 926] tts        485  get audio|use local  
[2023/03/19 19:49:12 926] tts        527  0  nil  1  
[2023/03/19 19:49:12 926] tts        657  TTS_MSG_GETAUDIO  0  
[2023/03/19 19:49:12 927] tts        485  get audio|use local  
[2023/03/19 19:49:12 927] tts        527  0  nil  1  
[2023/03/19 19:49:12 931] tts        657  TTS_MSG_GETAUDIO  0  
[2023/03/19 19:49:12 931] tts        485  get audio|use local  
[2023/03/19 19:49:12 931] tts        527  0  nil  1  
[2023/03/19 19:49:12 932] tts        657  TTS_MSG_GETAUDIO  0  
[2023/03/19 19:49:12 932] tts        485  get audio|use local  
[2023/03/19 19:49:12 932] tts        527  0  nil  1  
[2023/03/19 19:49:12 932] tts        657  TTS_MSG_GETAUDIO  0  
[2023/03/19 19:49:12 932] tts        485  get audio|use local  
[2023/03/19 19:49:12 933] tts        527  0  nil  1  
[2023/03/19 19:49:12 933] tts        657  TTS_MSG_GETAUDIO  0  
[2023/03/19 19:49:12 933] tts        485  get audio|use local  
[2023/03/19 19:49:12 933] tts        527  0  nil  1  
[2023/03/19 19:49:12 934] tts        657  TTS_MSG_GETAUDIO  0  
[2023/03/19 19:49:12 934] tts        485  get audio|use local  
[2023/03/19 19:49:12 934] tts        527  0  nil  1  
[2023/03/19 19:49:12 935] tts        657  TTS_MSG_GETAUDIO  0  
[2023/03/19 19:49:12 935] tts        485  get audio|use local  
[2023/03/19 19:49:12 935] tts        527  0  nil  1  
[2023/03/19 19:49:12 938] tts        657  TTS_MSG_GETAUDIO  0  
[2023/03/19 19:49:12 939] tts        485  get audio|use local  
[2023/03/19 19:49:12 939] tts        498  local audiolen:  1916  ,ced:  3  
[2023/03/19 19:49:12 940] tts        527  0  udata(8c06a7b8) 1  
[2023/03/19 19:49:12 943] tts        657  TTS_MSG_GETAUDIO  0  
[2023/03/19 19:49:12 944] tts        485  get audio|use local  
[2023/03/19 19:49:12 944] tts        498  local audiolen:  2028  ,ced:  3  
[2023/03/19 19:49:12 944] tts        527  0  udata(8c087528) 1  
[2023/03/19 19:49:12 946] tts        657  TTS_MSG_GETAUDIO  0  
[2023/03/19 19:49:12 946] tts        485  get audio|use local  
[2023/03/19 19:49:12 946] tts        498  local audiolen:  1968  ,ced:  3  
[2023/03/19 19:49:12 946] tts        527  0  udata(8c087578) 1  
[2023/03/19 19:49:12 947] tts        657  TTS_MSG_GETAUDIO  0  
[2023/03/19 19:49:12 947] tts        485  get audio|use local  
[2023/03/19 19:49:12 947] tts        527  0  nil  1  
[2023/03/19 19:49:12 948] tts        657  TTS_MSG_GETAUDIO  0  
[2023/03/19 19:49:12 949] tts        485  get audio|use local  
[2023/03/19 19:49:12 958] tts        527  0  nil  1  
[2023/03/19 19:49:12 970] tts        301  0  0  
[2023/03/19 19:49:12 970] tts        312  TTS_LOCAL_CB_END,  2  
[2023/03/19 19:49:12 970] tts        657  TTS_MSG_GETAUDIO  0  
[2023/03/19 19:49:12 971] tts        485  get audio|use local  
[2023/03/19 19:49:12 971] tts        498  local audiolen:  1940  ,ced:  3  
[2023/03/19 19:49:12 975] tts        527  0  udata(8c07d998) 1  
[2023/03/19 19:49:12 984] tts        657  TTS_MSG_GETAUDIO  0  
[2023/03/19 19:49:12 984] tts        485  get audio|use local  
[2023/03/19 19:49:12 984] tts        498  local audiolen:  1976  ,ced:  3  
[2023/03/19 19:49:12 984] tts        527  0  udata(8c07d1e8) 1  
[2023/03/19 19:49:12 985] tts        657  TTS_MSG_GETAUDIO  0  
[2023/03/19 19:49:12 985] tts        485  get audio|use local  
[2023/03/19 19:49:12 985] tts        498  local audiolen:  1954  ,ced:  3  
[2023/03/19 19:49:12 985] tts        527  0  udata(8c07d238) 1  
[2023/03/19 19:49:12 986] tts        657  TTS_MSG_GETAUDIO  0  
[2023/03/19 19:49:12 986] tts        485  get audio|use local  
[2023/03/19 19:49:12 986] tts        498  local audiolen:  2048  ,ced:  3  
[2023/03/19 19:49:12 986] tts        527  0  udata(8c07d288) 1  
[2023/03/19 19:49:12 987] tts        657  TTS_MSG_GETAUDIO  0  
[2023/03/19 19:49:12 987] tts        485  get audio|use local  
[2023/03/19 19:49:12 987] tts        498  local audiolen:  2046  ,ced:  3  
[2023/03/19 19:49:12 987] tts        527  0  udata(8c07d2d8) 1  
[2023/03/19 19:49:12 992] tts        657  TTS_MSG_GETAUDIO  0  
[2023/03/19 19:49:12 992] tts        485  get audio|use local  
[2023/03/19 19:49:12 992] tts        498  local audiolen:  768  ,ced:  3  
[2023/03/19 19:49:12 992] tts        527  0  udata(8c07d638) 2  
[2023/03/19 19:49:12 993] tts        660  TTS_MSG_SSE  
[2023/03/19 19:49:12 994] tts        585  sse|use local  
[2023/03/19 19:49:12 996] tts        603  tts exit  
