============================================================
Time  2023/03/19 19:33:18 201 
============================================================
[2023/03/19 19:33:18 201] lgi        644  SYS_MSG_LOAD  
[2023/03/19 19:33:18 203] lgi        666  SYS_MSG_REGCB  msp_status_cb  func(78053070) 
[2023/03/19 19:33:18 204] lgi        292  LGI_MSG_INIT  
[2023/03/19 19:33:18 204] lgi        299  lgi  lgi_  268436457  1562576071  
[2023/03/19 19:33:18 204] lgi        332  lgi params:  appid = 881b3d56, work_dir = .  
[2023/03/19 19:33:18 204] lgi        346  auth_time_str=  2023/03/19 19:33:18  
[2023/03/19 19:33:18 204] lgi        352  auth_appid=  881b3d56  
[2023/03/19 19:33:18 204] lgi        363  token:  nil  
[2023/03/19 19:33:18 204] lgi        436  msc cver : 5.0.38.1195  
[2023/03/19 19:33:18 205] lgi        479  ns_enable=  1  
[2023/03/19 19:33:18 205] lgi        491  prot_ver=1  
[2023/03/19 19:33:18 205] lgi        502  prot_type=tcp  
[2023/03/19 19:33:18 205] lgi        653  SYS_MSG_UNLOAD  go bg!  
============================================================
Time  2023/03/19 19:40:35 557 
============================================================
[2023/03/19 19:40:35 557] lgi        644  SYS_MSG_LOAD  
[2023/03/19 19:40:35 560] lgi        666  SYS_MSG_REGCB  msp_status_cb  func(78053070) 
[2023/03/19 19:40:35 560] lgi        292  LGI_MSG_INIT  
[2023/03/19 19:40:35 561] lgi        299  lgi  lgi_  268436457  1562576071  
[2023/03/19 19:40:35 561] lgi        332  lgi params:  appid = 881b3d56, work_dir = .  
[2023/03/19 19:40:35 561] lgi        346  auth_time_str=  2023/03/19 19:40:35  
[2023/03/19 19:40:35 561] lgi        352  auth_appid=  881b3d56  
[2023/03/19 19:40:35 561] lgi        363  token:  nil  
[2023/03/19 19:40:35 561] lgi        436  msc cver : 5.0.38.1195  
[2023/03/19 19:40:35 561] lgi        479  ns_enable=  1  
[2023/03/19 19:40:35 562] lgi        491  prot_ver=1  
[2023/03/19 19:40:35 562] lgi        502  prot_type=tcp  
[2023/03/19 19:40:35 562] lgi        653  SYS_MSG_UNLOAD  go bg!  
============================================================
Time  2023/03/19 19:42:05 391 
============================================================
[2023/03/19 19:42:05 391] lgi        644  SYS_MSG_LOAD  
[2023/03/19 19:42:05 394] lgi        666  SYS_MSG_REGCB  msp_status_cb  func(68053070) 
[2023/03/19 19:42:05 394] lgi        292  LGI_MSG_INIT  
[2023/03/19 19:42:05 395] lgi        299  lgi  lgi_  268436457  1562576071  
[2023/03/19 19:42:05 395] lgi        332  lgi params:  appid = 881b3d56, work_dir = .  
[2023/03/19 19:42:05 395] lgi        346  auth_time_str=  2023/03/19 19:42:05  
[2023/03/19 19:42:05 395] lgi        352  auth_appid=  881b3d56  
[2023/03/19 19:42:05 395] lgi        363  token:  nil  
[2023/03/19 19:42:05 395] lgi        436  msc cver : 5.0.38.1195  
[2023/03/19 19:42:05 396] lgi        479  ns_enable=  1  
[2023/03/19 19:42:05 396] lgi        491  prot_ver=1  
[2023/03/19 19:42:05 396] lgi        502  prot_type=tcp  
[2023/03/19 19:42:05 396] lgi        653  SYS_MSG_UNLOAD  go bg!  
============================================================
Time  2023/03/19 19:44:30 103 
============================================================
[2023/03/19 19:44:30 103] lgi        644  SYS_MSG_LOAD  
[2023/03/19 19:44:30 114] lgi        666  SYS_MSG_REGCB  msp_status_cb  func(78013850) 
[2023/03/19 19:44:30 114] lgi        292  LGI_MSG_INIT  
[2023/03/19 19:44:30 114] lgi        299  lgi  lgi_  268436457  1562576071  
[2023/03/19 19:44:30 115] lgi        332  lgi params:  appid = 881b3d56, work_dir = .  
[2023/03/19 19:44:30 115] lgi        346  auth_time_str=  2023/03/19 19:44:30  
[2023/03/19 19:44:30 115] lgi        352  auth_appid=  881b3d56  
[2023/03/19 19:44:30 115] lgi        363  token:  nil  
[2023/03/19 19:44:30 115] lgi        436  msc cver : 5.0.38.1195  
[2023/03/19 19:44:30 115] lgi        479  ns_enable=  1  
[2023/03/19 19:44:30 115] lgi        491  prot_ver=1  
[2023/03/19 19:44:30 116] lgi        502  prot_type=tcp  
[2023/03/19 19:44:30 116] lgi        653  SYS_MSG_UNLOAD  go bg!  
============================================================
Time  2023/03/19 19:45:24 207 
============================================================
[2023/03/19 19:45:24 207] lgi        644  SYS_MSG_LOAD  
[2023/03/19 19:45:24 209] lgi        666  SYS_MSG_REGCB  msp_status_cb  func(58013640) 
[2023/03/19 19:45:24 210] lgi        292  LGI_MSG_INIT  
[2023/03/19 19:45:24 210] lgi        299  lgi  lgi_  268436457  1562576071  
[2023/03/19 19:45:24 210] lgi        332  lgi params:  appid = 881b3d56, work_dir = .  
[2023/03/19 19:45:24 210] lgi        346  auth_time_str=  2023/03/19 19:45:24  
[2023/03/19 19:45:24 210] lgi        352  auth_appid=  881b3d56  
[2023/03/19 19:45:24 210] lgi        363  token:  nil  
[2023/03/19 19:45:24 210] lgi        436  msc cver : 5.0.38.1195  
[2023/03/19 19:45:24 211] lgi        479  ns_enable=  1  
[2023/03/19 19:45:24 211] lgi        491  prot_ver=1  
[2023/03/19 19:45:24 211] lgi        502  prot_type=tcp  
[2023/03/19 19:45:24 211] lgi        653  SYS_MSG_UNLOAD  go bg!  
============================================================
Time  2023/03/19 19:47:49 634 
============================================================
[2023/03/19 19:47:49 634] lgi        644  SYS_MSG_LOAD  
[2023/03/19 19:47:49 638] lgi        666  SYS_MSG_REGCB  msp_status_cb  func(84052ee0) 
[2023/03/19 19:47:49 639] lgi        292  LGI_MSG_INIT  
[2023/03/19 19:47:49 639] lgi        299  lgi  lgi_  268436457  1562576071  
[2023/03/19 19:47:49 639] lgi        332  lgi params:  appid = 881b3d56, work_dir = .  
[2023/03/19 19:47:49 640] lgi        346  auth_time_str=  2023/03/19 19:47:49  
[2023/03/19 19:47:49 640] lgi        352  auth_appid=  881b3d56  
[2023/03/19 19:47:49 640] lgi        363  token:  nil  
[2023/03/19 19:47:49 640] lgi        436  msc cver : 5.0.38.1195  
[2023/03/19 19:47:49 640] lgi        479  ns_enable=  1  
[2023/03/19 19:47:49 641] lgi        491  prot_ver=1  
[2023/03/19 19:47:49 641] lgi        502  prot_type=tcp  
[2023/03/19 19:47:49 642] lgi        653  SYS_MSG_UNLOAD  go bg!  
============================================================
Time  2023/03/19 19:49:12 521 
============================================================
[2023/03/19 19:49:12 521] lgi        644  SYS_MSG_LOAD  
[2023/03/19 19:49:12 545] lgi        666  SYS_MSG_REGCB  msp_status_cb  func(90013850) 
[2023/03/19 19:49:12 546] lgi        292  LGI_MSG_INIT  
[2023/03/19 19:49:12 549] lgi        299  lgi  lgi_  268436457  1562576071  
[2023/03/19 19:49:12 549] lgi        332  lgi params:  appid = 881b3d56, work_dir = .  
[2023/03/19 19:49:12 549] lgi        346  auth_time_str=  2023/03/19 19:49:12  
[2023/03/19 19:49:12 549] lgi        352  auth_appid=  881b3d56  
[2023/03/19 19:49:12 550] lgi        363  token:  nil  
[2023/03/19 19:49:12 550] lgi        436  msc cver : 5.0.38.1195  
[2023/03/19 19:49:12 550] lgi        479  ns_enable=  1  
[2023/03/19 19:49:12 550] lgi        491  prot_ver=1  
[2023/03/19 19:49:12 550] lgi        502  prot_type=tcp  
[2023/03/19 19:49:12 555] lgi        653  SYS_MSG_UNLOAD  go bg!  
============================================================
Time  2023/03/19 19:52:21 319 
============================================================
[2023/03/19 19:52:21 319] lgi        644  SYS_MSG_LOAD  
[2023/03/19 19:52:21 324] lgi        666  SYS_MSG_REGCB  msp_status_cb  func(7c053070) 
[2023/03/19 19:52:21 324] lgi        292  LGI_MSG_INIT  
[2023/03/19 19:52:21 324] lgi        299  lgi  lgi_  268436457  1562576071  
[2023/03/19 19:52:21 325] lgi        332  lgi params:  appid = 881b3d56, work_dir = .  
[2023/03/19 19:52:21 325] lgi        346  auth_time_str=  2023/03/19 19:52:21  
[2023/03/19 19:52:21 325] lgi        352  auth_appid=  881b3d56  
[2023/03/19 19:52:21 325] lgi        363  token:  nil  
[2023/03/19 19:52:21 325] lgi        436  msc cver : 5.0.38.1195  
[2023/03/19 19:52:21 325] lgi        479  ns_enable=  1  
[2023/03/19 19:52:21 325] lgi        491  prot_ver=1  
[2023/03/19 19:52:21 326] lgi        502  prot_type=tcp  
[2023/03/19 19:52:21 326] lgi        653  SYS_MSG_UNLOAD  go bg!  
============================================================
Time  2023/03/19 19:53:31 420 
============================================================
[2023/03/19 19:53:31 421] lgi        644  SYS_MSG_LOAD  
[2023/03/19 19:53:31 423] lgi        666  SYS_MSG_REGCB  msp_status_cb  func(54053070) 
[2023/03/19 19:53:31 423] lgi        292  LGI_MSG_INIT  
[2023/03/19 19:53:31 423] lgi        299  lgi  lgi_  268436457  1562576071  
[2023/03/19 19:53:31 424] lgi        332  lgi params:  appid = 881b3d56, work_dir = .  
[2023/03/19 19:53:31 424] lgi        346  auth_time_str=  2023/03/19 19:53:31  
[2023/03/19 19:53:31 424] lgi        352  auth_appid=  881b3d56  
[2023/03/19 19:53:31 424] lgi        363  token:  nil  
[2023/03/19 19:53:31 424] lgi        436  msc cver : 5.0.38.1195  
[2023/03/19 19:53:31 424] lgi        479  ns_enable=  1  
[2023/03/19 19:53:31 424] lgi        491  prot_ver=1  
[2023/03/19 19:53:31 425] lgi        502  prot_type=tcp  
[2023/03/19 19:53:31 425] lgi        653  SYS_MSG_UNLOAD  go bg!  
============================================================
Time  2023/03/19 19:55:33 957 
============================================================
[2023/03/19 19:55:33 957] lgi        644  SYS_MSG_LOAD  
[2023/03/19 19:55:33 961] lgi        666  SYS_MSG_REGCB  msp_status_cb  func(5c053070) 
[2023/03/19 19:55:33 961] lgi        292  LGI_MSG_INIT  
[2023/03/19 19:55:33 961] lgi        299  lgi  lgi_  268436457  1562576071  
[2023/03/19 19:55:33 961] lgi        332  lgi params:  appid = 881b3d56, work_dir = .  
[2023/03/19 19:55:33 961] lgi        346  auth_time_str=  2023/03/19 19:55:33  
[2023/03/19 19:55:33 962] lgi        352  auth_appid=  881b3d56  
[2023/03/19 19:55:33 962] lgi        363  token:  nil  
[2023/03/19 19:55:33 962] lgi        436  msc cver : 5.0.38.1195  
[2023/03/19 19:55:33 962] lgi        479  ns_enable=  1  
[2023/03/19 19:55:33 962] lgi        491  prot_ver=1  
[2023/03/19 19:55:33 962] lgi        502  prot_type=tcp  
[2023/03/19 19:55:33 963] lgi        653  SYS_MSG_UNLOAD  go bg!  
============================================================
Time  2023/03/19 19:56:29 499 
============================================================
[2023/03/19 19:56:29 499] lgi        644  SYS_MSG_LOAD  
[2023/03/19 19:56:29 503] lgi        666  SYS_MSG_REGCB  msp_status_cb  func(84052f00) 
[2023/03/19 19:56:29 504] lgi        292  LGI_MSG_INIT  
[2023/03/19 19:56:29 504] lgi        299  lgi  lgi_  268436457  1562576071  
[2023/03/19 19:56:29 505] lgi        332  lgi params:  appid = 881b3d56, work_dir = .  
[2023/03/19 19:56:29 505] lgi        346  auth_time_str=  2023/03/19 19:56:29  
[2023/03/19 19:56:29 505] lgi        352  auth_appid=  881b3d56  
[2023/03/19 19:56:29 505] lgi        363  token:  nil  
[2023/03/19 19:56:29 505] lgi        436  msc cver : 5.0.38.1195  
[2023/03/19 19:56:29 506] lgi        479  ns_enable=  1  
[2023/03/19 19:56:29 506] lgi        491  prot_ver=1  
[2023/03/19 19:56:29 506] lgi        502  prot_type=tcp  
[2023/03/19 19:56:29 507] lgi        653  SYS_MSG_UNLOAD  go bg!  
============================================================
Time  2023/03/19 19:57:14 196 
============================================================
[2023/03/19 19:57:14 196] lgi        644  SYS_MSG_LOAD  
[2023/03/19 19:57:14 198] lgi        666  SYS_MSG_REGCB  msp_status_cb  func(94013640) 
[2023/03/19 19:57:14 198] lgi        292  LGI_MSG_INIT  
[2023/03/19 19:57:14 199] lgi        299  lgi  lgi_  268436457  1562576071  
[2023/03/19 19:57:14 199] lgi        332  lgi params:  appid = 881b3d56, work_dir = .  
[2023/03/19 19:57:14 199] lgi        346  auth_time_str=  2023/03/19 19:57:14  
[2023/03/19 19:57:14 199] lgi        352  auth_appid=  881b3d56  
[2023/03/19 19:57:14 200] lgi        363  token:  nil  
[2023/03/19 19:57:14 200] lgi        436  msc cver : 5.0.38.1195  
[2023/03/19 19:57:14 200] lgi        479  ns_enable=  1  
[2023/03/19 19:57:14 200] lgi        491  prot_ver=1  
[2023/03/19 19:57:14 200] lgi        502  prot_type=tcp  
[2023/03/19 19:57:14 201] lgi        653  SYS_MSG_UNLOAD  go bg!  
============================================================
Time  2023/03/19 19:57:50 454 
============================================================
[2023/03/19 19:57:50 454] lgi        644  SYS_MSG_LOAD  
[2023/03/19 19:57:50 456] lgi        666  SYS_MSG_REGCB  msp_status_cb  func(68013850) 
[2023/03/19 19:57:50 457] lgi        292  LGI_MSG_INIT  
[2023/03/19 19:57:50 457] lgi        299  lgi  lgi_  268436457  1562576071  
[2023/03/19 19:57:50 457] lgi        332  lgi params:  appid = 881b3d56, work_dir = .  
[2023/03/19 19:57:50 457] lgi        346  auth_time_str=  2023/03/19 19:57:50  
[2023/03/19 19:57:50 458] lgi        352  auth_appid=  881b3d56  
[2023/03/19 19:57:50 458] lgi        363  token:  nil  
[2023/03/19 19:57:50 458] lgi        436  msc cver : 5.0.38.1195  
[2023/03/19 19:57:50 458] lgi        479  ns_enable=  1  
[2023/03/19 19:57:50 458] lgi        491  prot_ver=1  
[2023/03/19 19:57:50 458] lgi        502  prot_type=tcp  
[2023/03/19 19:57:50 459] lgi        653  SYS_MSG_UNLOAD  go bg!  
============================================================
Time  2023/03/19 20:00:11 692 
============================================================
[2023/03/19 20:00:11 692] lgi        644  SYS_MSG_LOAD  
[2023/03/19 20:00:11 695] lgi        666  SYS_MSG_REGCB  msp_status_cb  func(68053070) 
[2023/03/19 20:00:11 696] lgi        292  LGI_MSG_INIT  
[2023/03/19 20:00:11 696] lgi        299  lgi  lgi_  268436457  1562576071  
[2023/03/19 20:00:11 696] lgi        332  lgi params:  appid = 881b3d56, work_dir = .  
[2023/03/19 20:00:11 696] lgi        346  auth_time_str=  2023/03/19 20:00:11  
[2023/03/19 20:00:11 697] lgi        352  auth_appid=  881b3d56  
[2023/03/19 20:00:11 697] lgi        363  token:  nil  
[2023/03/19 20:00:11 697] lgi        436  msc cver : 5.0.38.1195  
[2023/03/19 20:00:11 697] lgi        479  ns_enable=  1  
[2023/03/19 20:00:11 697] lgi        491  prot_ver=1  
[2023/03/19 20:00:11 697] lgi        502  prot_type=tcp  
[2023/03/19 20:00:11 698] lgi        653  SYS_MSG_UNLOAD  go bg!  
============================================================
Time  2023/03/19 20:00:51 172 
============================================================
[2023/03/19 20:00:51 172] lgi        644  SYS_MSG_LOAD  
[2023/03/19 20:00:51 174] lgi        666  SYS_MSG_REGCB  msp_status_cb  func(7c053070) 
[2023/03/19 20:00:51 175] lgi        292  LGI_MSG_INIT  
[2023/03/19 20:00:51 175] lgi        299  lgi  lgi_  268436457  1562576071  
[2023/03/19 20:00:51 176] lgi        332  lgi params:  appid = 881b3d56, work_dir = .  
[2023/03/19 20:00:51 176] lgi        346  auth_time_str=  2023/03/19 20:00:51  
[2023/03/19 20:00:51 176] lgi        352  auth_appid=  881b3d56  
[2023/03/19 20:00:51 176] lgi        363  token:  nil  
[2023/03/19 20:00:51 176] lgi        436  msc cver : 5.0.38.1195  
[2023/03/19 20:00:51 176] lgi        479  ns_enable=  1  
[2023/03/19 20:00:51 176] lgi        491  prot_ver=1  
[2023/03/19 20:00:51 177] lgi        502  prot_type=tcp  
[2023/03/19 20:00:51 177] lgi        653  SYS_MSG_UNLOAD  go bg!  
============================================================
Time  2023/03/19 20:01:32 103 
============================================================
[2023/03/19 20:01:32 103] lgi        644  SYS_MSG_LOAD  
[2023/03/19 20:01:32 105] lgi        666  SYS_MSG_REGCB  msp_status_cb  func(78053280) 
[2023/03/19 20:01:32 106] lgi        292  LGI_MSG_INIT  
[2023/03/19 20:01:32 106] lgi        299  lgi  lgi_  268436457  1562576071  
[2023/03/19 20:01:32 106] lgi        332  lgi params:  appid = 881b3d56, work_dir = .  
[2023/03/19 20:01:32 106] lgi        346  auth_time_str=  2023/03/19 20:01:32  
[2023/03/19 20:01:32 106] lgi        352  auth_appid=  881b3d56  
[2023/03/19 20:01:32 106] lgi        363  token:  nil  
[2023/03/19 20:01:32 106] lgi        436  msc cver : 5.0.38.1195  
[2023/03/19 20:01:32 106] lgi        479  ns_enable=  1  
[2023/03/19 20:01:32 107] lgi        491  prot_ver=1  
[2023/03/19 20:01:32 107] lgi        502  prot_type=tcp  
[2023/03/19 20:01:32 107] lgi        653  SYS_MSG_UNLOAD  go bg!  
============================================================
Time  2023/03/19 20:02:12 164 
============================================================
[2023/03/19 20:02:12 164] lgi        644  SYS_MSG_LOAD  
[2023/03/19 20:02:12 166] lgi        666  SYS_MSG_REGCB  msp_status_cb  func(64053070) 
[2023/03/19 20:02:12 167] lgi        292  LGI_MSG_INIT  
[2023/03/19 20:02:12 167] lgi        299  lgi  lgi_  268436457  1562576071  
[2023/03/19 20:02:12 167] lgi        332  lgi params:  appid = 881b3d56, work_dir = .  
[2023/03/19 20:02:12 167] lgi        346  auth_time_str=  2023/03/19 20:02:12  
[2023/03/19 20:02:12 167] lgi        352  auth_appid=  881b3d56  
[2023/03/19 20:02:12 168] lgi        363  token:  nil  
[2023/03/19 20:02:12 168] lgi        436  msc cver : 5.0.38.1195  
[2023/03/19 20:02:12 168] lgi        479  ns_enable=  1  
[2023/03/19 20:02:12 168] lgi        491  prot_ver=1  
[2023/03/19 20:02:12 168] lgi        502  prot_type=tcp  
[2023/03/19 20:02:12 169] lgi        653  SYS_MSG_UNLOAD  go bg!  
============================================================
Time  2023/03/19 20:03:27 117 
============================================================
[2023/03/19 20:03:27 117] lgi        644  SYS_MSG_LOAD  
[2023/03/19 20:03:27 119] lgi        666  SYS_MSG_REGCB  msp_status_cb  func(90013640) 
[2023/03/19 20:03:27 119] lgi        292  LGI_MSG_INIT  
[2023/03/19 20:03:27 120] lgi        299  lgi  lgi_  268436457  1562576071  
[2023/03/19 20:03:27 120] lgi        332  lgi params:  appid = 881b3d56, work_dir = .  
[2023/03/19 20:03:27 120] lgi        346  auth_time_str=  2023/03/19 20:03:27  
[2023/03/19 20:03:27 120] lgi        352  auth_appid=  881b3d56  
[2023/03/19 20:03:27 120] lgi        363  token:  nil  
[2023/03/19 20:03:27 120] lgi        436  msc cver : 5.0.38.1195  
[2023/03/19 20:03:27 120] lgi        479  ns_enable=  1  
[2023/03/19 20:03:27 120] lgi        491  prot_ver=1  
[2023/03/19 20:03:27 121] lgi        502  prot_type=tcp  
[2023/03/19 20:03:27 121] lgi        653  SYS_MSG_UNLOAD  go bg!  
============================================================
Time  2023/03/19 20:05:57 302 
============================================================
[2023/03/19 20:05:57 302] lgi        644  SYS_MSG_LOAD  
[2023/03/19 20:05:57 310] lgi        666  SYS_MSG_REGCB  msp_status_cb  func(8c052ee0) 
[2023/03/19 20:05:57 311] lgi        292  LGI_MSG_INIT  
[2023/03/19 20:05:57 311] lgi        299  lgi  lgi_  268436457  1562576071  
[2023/03/19 20:05:57 311] lgi        332  lgi params:  appid = 881b3d56, work_dir = .  
[2023/03/19 20:05:57 311] lgi        346  auth_time_str=  2023/03/19 20:05:57  
[2023/03/19 20:05:57 312] lgi        352  auth_appid=  881b3d56  
[2023/03/19 20:05:57 312] lgi        363  token:  nil  
[2023/03/19 20:05:57 312] lgi        436  msc cver : 5.0.38.1195  
[2023/03/19 20:05:57 312] lgi        479  ns_enable=  1  
[2023/03/19 20:05:57 312] lgi        491  prot_ver=1  
[2023/03/19 20:05:57 312] lgi        502  prot_type=tcp  
[2023/03/19 20:05:57 315] lgi        653  SYS_MSG_UNLOAD  go bg!  
============================================================
Time  2023/03/19 20:06:40 760 
============================================================
[2023/03/19 20:06:40 760] lgi        644  SYS_MSG_LOAD  
[2023/03/19 20:06:40 762] lgi        666  SYS_MSG_REGCB  msp_status_cb  func(88053070) 
[2023/03/19 20:06:40 763] lgi        292  LGI_MSG_INIT  
[2023/03/19 20:06:40 763] lgi        299  lgi  lgi_  268436457  1562576071  
[2023/03/19 20:06:40 763] lgi        332  lgi params:  appid = 881b3d56, work_dir = .  
[2023/03/19 20:06:40 763] lgi        346  auth_time_str=  2023/03/19 20:06:40  
[2023/03/19 20:06:40 763] lgi        352  auth_appid=  881b3d56  
[2023/03/19 20:06:40 764] lgi        363  token:  nil  
[2023/03/19 20:06:40 764] lgi        436  msc cver : 5.0.38.1195  
[2023/03/19 20:06:40 764] lgi        479  ns_enable=  1  
[2023/03/19 20:06:40 764] lgi        491  prot_ver=1  
[2023/03/19 20:06:40 764] lgi        502  prot_type=tcp  
[2023/03/19 20:06:40 764] lgi        653  SYS_MSG_UNLOAD  go bg!  
============================================================
Time  2023/03/19 20:07:28 829 
============================================================
[2023/03/19 20:07:28 829] lgi        644  SYS_MSG_LOAD  
[2023/03/19 20:07:28 832] lgi        666  SYS_MSG_REGCB  msp_status_cb  func(70053070) 
[2023/03/19 20:07:28 832] lgi        292  LGI_MSG_INIT  
[2023/03/19 20:07:28 832] lgi        299  lgi  lgi_  268436457  1562576071  
[2023/03/19 20:07:28 833] lgi        332  lgi params:  appid = 881b3d56, work_dir = .  
[2023/03/19 20:07:28 833] lgi        346  auth_time_str=  2023/03/19 20:07:28  
[2023/03/19 20:07:28 833] lgi        352  auth_appid=  881b3d56  
[2023/03/19 20:07:28 833] lgi        363  token:  nil  
[2023/03/19 20:07:28 833] lgi        436  msc cver : 5.0.38.1195  
[2023/03/19 20:07:28 833] lgi        479  ns_enable=  1  
[2023/03/19 20:07:28 833] lgi        491  prot_ver=1  
[2023/03/19 20:07:28 833] lgi        502  prot_type=tcp  
[2023/03/19 20:07:28 834] lgi        653  SYS_MSG_UNLOAD  go bg!  
============================================================
Time  2023/03/19 20:08:43 946 
============================================================
[2023/03/19 20:08:43 946] lgi        644  SYS_MSG_LOAD  
[2023/03/19 20:08:43 949] lgi        666  SYS_MSG_REGCB  msp_status_cb  func(5c053070) 
[2023/03/19 20:08:43 950] lgi        292  LGI_MSG_INIT  
[2023/03/19 20:08:43 950] lgi        299  lgi  lgi_  268436457  1562576071  
[2023/03/19 20:08:43 950] lgi        332  lgi params:  appid = 881b3d56, work_dir = .  
[2023/03/19 20:08:43 951] lgi        346  auth_time_str=  2023/03/19 20:08:43  
[2023/03/19 20:08:43 951] lgi        352  auth_appid=  881b3d56  
[2023/03/19 20:08:43 951] lgi        363  token:  nil  
[2023/03/19 20:08:43 951] lgi        436  msc cver : 5.0.38.1195  
[2023/03/19 20:08:43 951] lgi        479  ns_enable=  1  
[2023/03/19 20:08:43 951] lgi        491  prot_ver=1  
[2023/03/19 20:08:43 951] lgi        502  prot_type=tcp  
[2023/03/19 20:08:43 952] lgi        653  SYS_MSG_UNLOAD  go bg!  
============================================================
Time  2023/03/19 20:10:47 932 
============================================================
[2023/03/19 20:10:47 932] lgi        644  SYS_MSG_LOAD  
[2023/03/19 20:10:47 934] lgi        666  SYS_MSG_REGCB  msp_status_cb  func(8c013640) 
[2023/03/19 20:10:47 934] lgi        292  LGI_MSG_INIT  
[2023/03/19 20:10:47 935] lgi        299  lgi  lgi_  268436457  1562576071  
[2023/03/19 20:10:47 935] lgi        332  lgi params:  appid = 881b3d56, work_dir = .  
[2023/03/19 20:10:47 935] lgi        346  auth_time_str=  2023/03/19 20:10:47  
[2023/03/19 20:10:47 935] lgi        352  auth_appid=  881b3d56  
[2023/03/19 20:10:47 935] lgi        363  token:  nil  
[2023/03/19 20:10:47 935] lgi        436  msc cver : 5.0.38.1195  
[2023/03/19 20:10:47 935] lgi        479  ns_enable=  1  
[2023/03/19 20:10:47 935] lgi        491  prot_ver=1  
[2023/03/19 20:10:47 936] lgi        502  prot_type=tcp  
[2023/03/19 20:10:47 936] lgi        653  SYS_MSG_UNLOAD  go bg!  
============================================================
Time  2023/03/19 20:11:35 701 
============================================================
[2023/03/19 20:11:35 701] lgi        644  SYS_MSG_LOAD  
[2023/03/19 20:11:35 703] lgi        666  SYS_MSG_REGCB  msp_status_cb  func(78013640) 
[2023/03/19 20:11:35 703] lgi        292  LGI_MSG_INIT  
[2023/03/19 20:11:35 703] lgi        299  lgi  lgi_  268436457  1562576071  
[2023/03/19 20:11:35 703] lgi        332  lgi params:  appid = 881b3d56, work_dir = .  
[2023/03/19 20:11:35 703] lgi        346  auth_time_str=  2023/03/19 20:11:35  
[2023/03/19 20:11:35 704] lgi        352  auth_appid=  881b3d56  
[2023/03/19 20:11:35 704] lgi        363  token:  nil  
[2023/03/19 20:11:35 704] lgi        436  msc cver : 5.0.38.1195  
[2023/03/19 20:11:35 704] lgi        479  ns_enable=  1  
[2023/03/19 20:11:35 704] lgi        491  prot_ver=1  
[2023/03/19 20:11:35 704] lgi        502  prot_type=tcp  
[2023/03/19 20:11:35 705] lgi        653  SYS_MSG_UNLOAD  go bg!  
============================================================
Time  2023/03/19 20:12:28 803 
============================================================
[2023/03/19 20:12:28 803] lgi        644  SYS_MSG_LOAD  
[2023/03/19 20:12:28 806] lgi        666  SYS_MSG_REGCB  msp_status_cb  func(88053070) 
[2023/03/19 20:12:28 806] lgi        292  LGI_MSG_INIT  
[2023/03/19 20:12:28 806] lgi        299  lgi  lgi_  268436457  1562576071  
[2023/03/19 20:12:28 806] lgi        332  lgi params:  appid = 881b3d56, work_dir = .  
[2023/03/19 20:12:28 807] lgi        346  auth_time_str=  2023/03/19 20:12:28  
[2023/03/19 20:12:28 807] lgi        352  auth_appid=  881b3d56  
[2023/03/19 20:12:28 807] lgi        363  token:  nil  
[2023/03/19 20:12:28 807] lgi        436  msc cver : 5.0.38.1195  
[2023/03/19 20:12:28 807] lgi        479  ns_enable=  1  
[2023/03/19 20:12:28 807] lgi        491  prot_ver=1  
[2023/03/19 20:12:28 807] lgi        502  prot_type=tcp  
[2023/03/19 20:12:28 808] lgi        653  SYS_MSG_UNLOAD  go bg!  
============================================================
Time  2023/03/19 20:13:09 246 
============================================================
[2023/03/19 20:13:09 246] lgi        644  SYS_MSG_LOAD  
[2023/03/19 20:13:09 249] lgi        666  SYS_MSG_REGCB  msp_status_cb  func(78053070) 
[2023/03/19 20:13:09 249] lgi        292  LGI_MSG_INIT  
[2023/03/19 20:13:09 249] lgi        299  lgi  lgi_  268436457  1562576071  
[2023/03/19 20:13:09 250] lgi        332  lgi params:  appid = 881b3d56, work_dir = .  
[2023/03/19 20:13:09 250] lgi        346  auth_time_str=  2023/03/19 20:13:09  
[2023/03/19 20:13:09 250] lgi        352  auth_appid=  881b3d56  
[2023/03/19 20:13:09 250] lgi        363  token:  nil  
[2023/03/19 20:13:09 250] lgi        436  msc cver : 5.0.38.1195  
[2023/03/19 20:13:09 250] lgi        479  ns_enable=  1  
[2023/03/19 20:13:09 250] lgi        491  prot_ver=1  
[2023/03/19 20:13:09 250] lgi        502  prot_type=tcp  
[2023/03/19 20:13:09 251] lgi        653  SYS_MSG_UNLOAD  go bg!  
============================================================
Time  2023/03/19 20:14:01 249 
============================================================
[2023/03/19 20:14:01 249] lgi        644  SYS_MSG_LOAD  
[2023/03/19 20:14:01 252] lgi        666  SYS_MSG_REGCB  msp_status_cb  func(8c053070) 
[2023/03/19 20:14:01 253] lgi        292  LGI_MSG_INIT  
[2023/03/19 20:14:01 253] lgi        299  lgi  lgi_  268436457  1562576071  
[2023/03/19 20:14:01 253] lgi        332  lgi params:  appid = 881b3d56, work_dir = .  
[2023/03/19 20:14:01 253] lgi        346  auth_time_str=  2023/03/19 20:14:01  
[2023/03/19 20:14:01 253] lgi        352  auth_appid=  881b3d56  
[2023/03/19 20:14:01 253] lgi        363  token:  nil  
[2023/03/19 20:14:01 253] lgi        436  msc cver : 5.0.38.1195  
[2023/03/19 20:14:01 254] lgi        479  ns_enable=  1  
[2023/03/19 20:14:01 254] lgi        491  prot_ver=1  
[2023/03/19 20:14:01 254] lgi        502  prot_type=tcp  
[2023/03/19 20:14:01 254] lgi        653  SYS_MSG_UNLOAD  go bg!  
============================================================
Time  2023/03/19 20:14:43 192 
============================================================
[2023/03/19 20:14:43 192] lgi        644  SYS_MSG_LOAD  
[2023/03/19 20:14:43 194] lgi        666  SYS_MSG_REGCB  msp_status_cb  func(68013640) 
[2023/03/19 20:14:43 194] lgi        292  LGI_MSG_INIT  
[2023/03/19 20:14:43 194] lgi        299  lgi  lgi_  268436457  1562576071  
[2023/03/19 20:14:43 194] lgi        332  lgi params:  appid = 881b3d56, work_dir = .  
[2023/03/19 20:14:43 195] lgi        346  auth_time_str=  2023/03/19 20:14:43  
[2023/03/19 20:14:43 195] lgi        352  auth_appid=  881b3d56  
[2023/03/19 20:14:43 195] lgi        363  token:  nil  
[2023/03/19 20:14:43 195] lgi        436  msc cver : 5.0.38.1195  
[2023/03/19 20:14:43 195] lgi        479  ns_enable=  1  
[2023/03/19 20:14:43 195] lgi        491  prot_ver=1  
[2023/03/19 20:14:43 195] lgi        502  prot_type=tcp  
[2023/03/19 20:14:43 196] lgi        653  SYS_MSG_UNLOAD  go bg!  
============================================================
Time  2023/03/19 20:15:33 383 
============================================================
[2023/03/19 20:15:33 383] lgi        644  SYS_MSG_LOAD  
[2023/03/19 20:15:33 385] lgi        666  SYS_MSG_REGCB  msp_status_cb  func(78053070) 
[2023/03/19 20:15:33 385] lgi        292  LGI_MSG_INIT  
[2023/03/19 20:15:33 385] lgi        299  lgi  lgi_  268436457  1562576071  
[2023/03/19 20:15:33 386] lgi        332  lgi params:  appid = 881b3d56, work_dir = .  
[2023/03/19 20:15:33 386] lgi        346  auth_time_str=  2023/03/19 20:15:33  
[2023/03/19 20:15:33 386] lgi        352  auth_appid=  881b3d56  
[2023/03/19 20:15:33 386] lgi        363  token:  nil  
[2023/03/19 20:15:33 386] lgi        436  msc cver : 5.0.38.1195  
[2023/03/19 20:15:33 386] lgi        479  ns_enable=  1  
[2023/03/19 20:15:33 386] lgi        491  prot_ver=1  
[2023/03/19 20:15:33 386] lgi        502  prot_type=tcp  
[2023/03/19 20:15:33 387] lgi        653  SYS_MSG_UNLOAD  go bg!  
============================================================
Time  2023/03/19 20:16:53 069 
============================================================
[2023/03/19 20:16:53 069] lgi        644  SYS_MSG_LOAD  
[2023/03/19 20:16:53 071] lgi        666  SYS_MSG_REGCB  msp_status_cb  func(64013640) 
[2023/03/19 20:16:53 072] lgi        292  LGI_MSG_INIT  
[2023/03/19 20:16:53 072] lgi        299  lgi  lgi_  268436457  1562576071  
[2023/03/19 20:16:53 072] lgi        332  lgi params:  appid = 881b3d56, work_dir = .  
[2023/03/19 20:16:53 072] lgi        346  auth_time_str=  2023/03/19 20:16:53  
[2023/03/19 20:16:53 072] lgi        352  auth_appid=  881b3d56  
[2023/03/19 20:16:53 072] lgi        363  token:  nil  
[2023/03/19 20:16:53 072] lgi        436  msc cver : 5.0.38.1195  
[2023/03/19 20:16:53 073] lgi        479  ns_enable=  1  
[2023/03/19 20:16:53 073] lgi        491  prot_ver=1  
[2023/03/19 20:16:53 073] lgi        502  prot_type=tcp  
[2023/03/19 20:16:53 073] lgi        653  SYS_MSG_UNLOAD  go bg!  
============================================================
Time  2023/03/19 20:17:56 842 
============================================================
[2023/03/19 20:17:56 842] lgi        644  SYS_MSG_LOAD  
[2023/03/19 20:17:56 844] lgi        666  SYS_MSG_REGCB  msp_status_cb  func(70053070) 
[2023/03/19 20:17:56 845] lgi        292  LGI_MSG_INIT  
[2023/03/19 20:17:56 845] lgi        299  lgi  lgi_  268436457  1562576071  
[2023/03/19 20:17:56 845] lgi        332  lgi params:  appid = 881b3d56, work_dir = .  
[2023/03/19 20:17:56 845] lgi        346  auth_time_str=  2023/03/19 20:17:56  
[2023/03/19 20:17:56 846] lgi        352  auth_appid=  881b3d56  
[2023/03/19 20:17:56 846] lgi        363  token:  nil  
[2023/03/19 20:17:56 846] lgi        436  msc cver : 5.0.38.1195  
[2023/03/19 20:17:56 846] lgi        479  ns_enable=  1  
[2023/03/19 20:17:56 846] lgi        491  prot_ver=1  
[2023/03/19 20:17:56 846] lgi        502  prot_type=tcp  
[2023/03/19 20:17:56 847] lgi        653  SYS_MSG_UNLOAD  go bg!  
============================================================
Time  2023/03/19 20:19:36 702 
============================================================
[2023/03/19 20:19:36 702] lgi        644  SYS_MSG_LOAD  
[2023/03/19 20:19:36 710] lgi        666  SYS_MSG_REGCB  msp_status_cb  func(8c052ee0) 
[2023/03/19 20:19:36 710] lgi        292  LGI_MSG_INIT  
[2023/03/19 20:19:36 715] lgi        299  lgi  lgi_  268436457  1562576071  
[2023/03/19 20:19:36 715] lgi        332  lgi params:  appid = 881b3d56, work_dir = .  
[2023/03/19 20:19:36 715] lgi        346  auth_time_str=  2023/03/19 20:19:36  
[2023/03/19 20:19:36 715] lgi        352  auth_appid=  881b3d56  
[2023/03/19 20:19:36 715] lgi        363  token:  nil  
[2023/03/19 20:19:36 716] lgi        436  msc cver : 5.0.38.1195  
[2023/03/19 20:19:36 716] lgi        479  ns_enable=  1  
[2023/03/19 20:19:36 716] lgi        491  prot_ver=1  
[2023/03/19 20:19:36 716] lgi        502  prot_type=tcp  
[2023/03/19 20:19:36 717] lgi        653  SYS_MSG_UNLOAD  go bg!  
============================================================
Time  2023/03/19 20:20:34 780 
============================================================
[2023/03/19 20:20:34 781] lgi        644  SYS_MSG_LOAD  
[2023/03/19 20:20:34 790] lgi        666  SYS_MSG_REGCB  msp_status_cb  func(8c013810) 
[2023/03/19 20:20:34 791] lgi        292  LGI_MSG_INIT  
[2023/03/19 20:20:34 791] lgi        299  lgi  lgi_  268436457  1562576071  
[2023/03/19 20:20:34 791] lgi        332  lgi params:  appid = 881b3d56, work_dir = .  
[2023/03/19 20:20:34 792] lgi        346  auth_time_str=  2023/03/19 20:20:34  
[2023/03/19 20:20:34 792] lgi        352  auth_appid=  881b3d56  
[2023/03/19 20:20:34 792] lgi        363  token:  nil  
[2023/03/19 20:20:34 793] lgi        436  msc cver : 5.0.38.1195  
[2023/03/19 20:20:34 793] lgi        479  ns_enable=  1  
[2023/03/19 20:20:34 793] lgi        491  prot_ver=1  
[2023/03/19 20:20:34 793] lgi        502  prot_type=tcp  
[2023/03/19 20:20:34 794] lgi        653  SYS_MSG_UNLOAD  go bg!  
============================================================
Time  2023/03/19 20:21:30 527 
============================================================
[2023/03/19 20:21:30 527] lgi        644  SYS_MSG_LOAD  
[2023/03/19 20:21:30 542] lgi        666  SYS_MSG_REGCB  msp_status_cb  func(88052ee0) 
[2023/03/19 20:21:30 543] lgi        292  LGI_MSG_INIT  
[2023/03/19 20:21:30 543] lgi        299  lgi  lgi_  268436457  1562576071  
[2023/03/19 20:21:30 544] lgi        332  lgi params:  appid = 881b3d56, work_dir = .  
[2023/03/19 20:21:30 544] lgi        346  auth_time_str=  2023/03/19 20:21:30  
[2023/03/19 20:21:30 544] lgi        352  auth_appid=  881b3d56  
[2023/03/19 20:21:30 544] lgi        363  token:  nil  
[2023/03/19 20:21:30 545] lgi        436  msc cver : 5.0.38.1195  
[2023/03/19 20:21:30 545] lgi        479  ns_enable=  1  
[2023/03/19 20:21:30 545] lgi        491  prot_ver=1  
[2023/03/19 20:21:30 546] lgi        502  prot_type=tcp  
[2023/03/19 20:21:30 546] lgi        653  SYS_MSG_UNLOAD  go bg!  
============================================================
Time  2023/03/19 20:22:07 689 
============================================================
[2023/03/19 20:22:07 691] lgi        644  SYS_MSG_LOAD  
[2023/03/19 20:22:07 694] lgi        666  SYS_MSG_REGCB  msp_status_cb  func(54013640) 
[2023/03/19 20:22:07 694] lgi        292  LGI_MSG_INIT  
[2023/03/19 20:22:07 694] lgi        299  lgi  lgi_  268436457  1562576071  
[2023/03/19 20:22:07 694] lgi        332  lgi params:  appid = 881b3d56, work_dir = .  
[2023/03/19 20:22:07 695] lgi        346  auth_time_str=  2023/03/19 20:22:07  
[2023/03/19 20:22:07 695] lgi        352  auth_appid=  881b3d56  
[2023/03/19 20:22:07 695] lgi        363  token:  nil  
[2023/03/19 20:22:07 695] lgi        436  msc cver : 5.0.38.1195  
[2023/03/19 20:22:07 695] lgi        479  ns_enable=  1  
[2023/03/19 20:22:07 695] lgi        491  prot_ver=1  
[2023/03/19 20:22:07 695] lgi        502  prot_type=tcp  
[2023/03/19 20:22:07 707] lgi        653  SYS_MSG_UNLOAD  go bg!  
============================================================
Time  2023/03/19 20:22:49 954 
============================================================
[2023/03/19 20:22:49 954] lgi        644  SYS_MSG_LOAD  
[2023/03/19 20:22:49 970] lgi        666  SYS_MSG_REGCB  msp_status_cb  func(88053070) 
[2023/03/19 20:22:49 971] lgi        292  LGI_MSG_INIT  
[2023/03/19 20:22:49 971] lgi        299  lgi  lgi_  268436457  1562576071  
[2023/03/19 20:22:49 971] lgi        332  lgi params:  appid = 881b3d56, work_dir = .  
[2023/03/19 20:22:49 971] lgi        346  auth_time_str=  2023/03/19 20:22:49  
[2023/03/19 20:22:49 972] lgi        352  auth_appid=  881b3d56  
[2023/03/19 20:22:49 972] lgi        363  token:  nil  
[2023/03/19 20:22:49 972] lgi        436  msc cver : 5.0.38.1195  
[2023/03/19 20:22:49 972] lgi        479  ns_enable=  1  
[2023/03/19 20:22:49 972] lgi        491  prot_ver=1  
[2023/03/19 20:22:49 972] lgi        502  prot_type=tcp  
[2023/03/19 20:22:49 973] lgi        653  SYS_MSG_UNLOAD  go bg!  
============================================================
Time  2023/03/19 20:23:30 504 
============================================================
[2023/03/19 20:23:30 505] lgi        644  SYS_MSG_LOAD  
[2023/03/19 20:23:30 508] lgi        666  SYS_MSG_REGCB  msp_status_cb  func(60053070) 
[2023/03/19 20:23:30 509] lgi        292  LGI_MSG_INIT  
[2023/03/19 20:23:30 509] lgi        299  lgi  lgi_  268436457  1562576071  
[2023/03/19 20:23:30 509] lgi        332  lgi params:  appid = 881b3d56, work_dir = .  
[2023/03/19 20:23:30 510] lgi        346  auth_time_str=  2023/03/19 20:23:30  
[2023/03/19 20:23:30 510] lgi        352  auth_appid=  881b3d56  
[2023/03/19 20:23:30 510] lgi        363  token:  nil  
[2023/03/19 20:23:30 510] lgi        436  msc cver : 5.0.38.1195  
[2023/03/19 20:23:30 510] lgi        479  ns_enable=  1  
[2023/03/19 20:23:30 510] lgi        491  prot_ver=1  
[2023/03/19 20:23:30 510] lgi        502  prot_type=tcp  
[2023/03/19 20:23:30 511] lgi        653  SYS_MSG_UNLOAD  go bg!  
============================================================
Time  2023/03/19 20:24:12 852 
============================================================
[2023/03/19 20:24:12 853] lgi        644  SYS_MSG_LOAD  
[2023/03/19 20:24:12 857] lgi        666  SYS_MSG_REGCB  msp_status_cb  func(88013850) 
[2023/03/19 20:24:12 859] lgi        292  LGI_MSG_INIT  
[2023/03/19 20:24:12 859] lgi        299  lgi  lgi_  268436457  1562576071  
[2023/03/19 20:24:12 860] lgi        332  lgi params:  appid = 881b3d56, work_dir = .  
[2023/03/19 20:24:12 861] lgi        346  auth_time_str=  2023/03/19 20:24:12  
[2023/03/19 20:24:12 861] lgi        352  auth_appid=  881b3d56  
[2023/03/19 20:24:12 861] lgi        363  token:  nil  
[2023/03/19 20:24:12 861] lgi        436  msc cver : 5.0.38.1195  
[2023/03/19 20:24:12 861] lgi        479  ns_enable=  1  
[2023/03/19 20:24:12 861] lgi        491  prot_ver=1  
[2023/03/19 20:24:12 861] lgi        502  prot_type=tcp  
[2023/03/19 20:24:12 862] lgi        653  SYS_MSG_UNLOAD  go bg!  
============================================================
Time  2023/03/19 20:24:56 099 
============================================================
[2023/03/19 20:24:56 099] lgi        644  SYS_MSG_LOAD  
[2023/03/19 20:24:56 101] lgi        666  SYS_MSG_REGCB  msp_status_cb  func(80053070) 
[2023/03/19 20:24:56 101] lgi        292  LGI_MSG_INIT  
[2023/03/19 20:24:56 101] lgi        299  lgi  lgi_  268436457  1562576071  
[2023/03/19 20:24:56 102] lgi        332  lgi params:  appid = 881b3d56, work_dir = .  
[2023/03/19 20:24:56 102] lgi        346  auth_time_str=  2023/03/19 20:24:56  
[2023/03/19 20:24:56 102] lgi        352  auth_appid=  881b3d56  
[2023/03/19 20:24:56 102] lgi        363  token:  nil  
[2023/03/19 20:24:56 102] lgi        436  msc cver : 5.0.38.1195  
[2023/03/19 20:24:56 102] lgi        479  ns_enable=  1  
[2023/03/19 20:24:56 102] lgi        491  prot_ver=1  
[2023/03/19 20:24:56 102] lgi        502  prot_type=tcp  
[2023/03/19 20:24:56 103] lgi        653  SYS_MSG_UNLOAD  go bg!  
============================================================
Time  2023/03/19 20:25:42 691 
============================================================
[2023/03/19 20:25:42 691] lgi        644  SYS_MSG_LOAD  
[2023/03/19 20:25:42 692] lgi        666  SYS_MSG_REGCB  msp_status_cb  func(8c053070) 
[2023/03/19 20:25:42 693] lgi        292  LGI_MSG_INIT  
[2023/03/19 20:25:42 693] lgi        299  lgi  lgi_  268436457  1562576071  
[2023/03/19 20:25:42 693] lgi        332  lgi params:  appid = 881b3d56, work_dir = .  
[2023/03/19 20:25:42 693] lgi        346  auth_time_str=  2023/03/19 20:25:42  
[2023/03/19 20:25:42 693] lgi        352  auth_appid=  881b3d56  
[2023/03/19 20:25:42 694] lgi        363  token:  nil  
[2023/03/19 20:25:42 694] lgi        436  msc cver : 5.0.38.1195  
[2023/03/19 20:25:42 694] lgi        479  ns_enable=  1  
[2023/03/19 20:25:42 694] lgi        491  prot_ver=1  
[2023/03/19 20:25:42 694] lgi        502  prot_type=tcp  
[2023/03/19 20:25:42 694] lgi        653  SYS_MSG_UNLOAD  go bg!  
============================================================
Time  2023/03/19 20:26:26 310 
============================================================
[2023/03/19 20:26:26 310] lgi        644  SYS_MSG_LOAD  
[2023/03/19 20:26:26 312] lgi        666  SYS_MSG_REGCB  msp_status_cb  func(94013640) 
[2023/03/19 20:26:26 312] lgi        292  LGI_MSG_INIT  
[2023/03/19 20:26:26 312] lgi        299  lgi  lgi_  268436457  1562576071  
[2023/03/19 20:26:26 313] lgi        332  lgi params:  appid = 881b3d56, work_dir = .  
[2023/03/19 20:26:26 313] lgi        346  auth_time_str=  2023/03/19 20:26:26  
[2023/03/19 20:26:26 313] lgi        352  auth_appid=  881b3d56  
[2023/03/19 20:26:26 313] lgi        363  token:  nil  
[2023/03/19 20:26:26 313] lgi        436  msc cver : 5.0.38.1195  
[2023/03/19 20:26:26 313] lgi        479  ns_enable=  1  
[2023/03/19 20:26:26 313] lgi        491  prot_ver=1  
[2023/03/19 20:26:26 313] lgi        502  prot_type=tcp  
[2023/03/19 20:26:26 314] lgi        653  SYS_MSG_UNLOAD  go bg!  
============================================================
Time  2023/03/19 20:27:14 809 
============================================================
[2023/03/19 20:27:14 809] lgi        644  SYS_MSG_LOAD  
[2023/03/19 20:27:14 811] lgi        666  SYS_MSG_REGCB  msp_status_cb  func(68013640) 
[2023/03/19 20:27:14 812] lgi        292  LGI_MSG_INIT  
[2023/03/19 20:27:14 812] lgi        299  lgi  lgi_  268436457  1562576071  
[2023/03/19 20:27:14 812] lgi        332  lgi params:  appid = 881b3d56, work_dir = .  
[2023/03/19 20:27:14 812] lgi        346  auth_time_str=  2023/03/19 20:27:14  
[2023/03/19 20:27:14 812] lgi        352  auth_appid=  881b3d56  
[2023/03/19 20:27:14 812] lgi        363  token:  nil  
[2023/03/19 20:27:14 812] lgi        436  msc cver : 5.0.38.1195  
[2023/03/19 20:27:14 812] lgi        479  ns_enable=  1  
[2023/03/19 20:27:14 813] lgi        491  prot_ver=1  
[2023/03/19 20:27:14 813] lgi        502  prot_type=tcp  
[2023/03/19 20:27:14 813] lgi        653  SYS_MSG_UNLOAD  go bg!  
============================================================
Time  2023/03/19 20:28:18 810 
============================================================
[2023/03/19 20:28:18 810] lgi        644  SYS_MSG_LOAD  
[2023/03/19 20:28:18 812] lgi        666  SYS_MSG_REGCB  msp_status_cb  func(84013640) 
[2023/03/19 20:28:18 813] lgi        292  LGI_MSG_INIT  
[2023/03/19 20:28:18 813] lgi        299  lgi  lgi_  268436457  1562576071  
[2023/03/19 20:28:18 813] lgi        332  lgi params:  appid = 881b3d56, work_dir = .  
[2023/03/19 20:28:18 813] lgi        346  auth_time_str=  2023/03/19 20:28:18  
[2023/03/19 20:28:18 814] lgi        352  auth_appid=  881b3d56  
[2023/03/19 20:28:18 814] lgi        363  token:  nil  
[2023/03/19 20:28:18 814] lgi        436  msc cver : 5.0.38.1195  
[2023/03/19 20:28:18 814] lgi        479  ns_enable=  1  
[2023/03/19 20:28:18 814] lgi        491  prot_ver=1  
[2023/03/19 20:28:18 814] lgi        502  prot_type=tcp  
[2023/03/19 20:28:18 815] lgi        653  SYS_MSG_UNLOAD  go bg!  
============================================================
Time  2023/03/20 19:12:57 033 
============================================================
[2023/03/20 19:12:57 033] lgi        644  SYS_MSG_LOAD  
[2023/03/20 19:12:57 330] lgi        666  SYS_MSG_REGCB  msp_status_cb  func(90013850) 
[2023/03/20 19:12:57 333] lgi        292  LGI_MSG_INIT  
[2023/03/20 19:12:57 333] lgi        299  lgi  lgi_  268436457  1562576071  
[2023/03/20 19:12:57 335] lgi        332  lgi params:  appid = 881b3d56, work_dir = .  
[2023/03/20 19:12:57 336] lgi        346  auth_time_str=  2023/03/20 19:12:57  
[2023/03/20 19:12:57 336] lgi        352  auth_appid=  881b3d56  
[2023/03/20 19:12:57 337] lgi        363  token:  nil  
[2023/03/20 19:12:57 337] lgi        436  msc cver : 5.0.38.1195  
[2023/03/20 19:12:57 338] lgi        479  ns_enable=  1  
[2023/03/20 19:12:57 338] lgi        491  prot_ver=1  
[2023/03/20 19:12:57 339] lgi        502  prot_type=tcp  
[2023/03/20 19:12:57 341] lgi        653  SYS_MSG_UNLOAD  go bg!  
============================================================
Time  2023/03/20 19:16:40 035 
============================================================
[2023/03/20 19:16:40 036] lgi        644  SYS_MSG_LOAD  
[2023/03/20 19:16:40 080] lgi        666  SYS_MSG_REGCB  msp_status_cb  func(78052ee0) 
[2023/03/20 19:16:40 081] lgi        292  LGI_MSG_INIT  
[2023/03/20 19:16:40 082] lgi        299  lgi  lgi_  268436457  1562576071  
[2023/03/20 19:16:40 083] lgi        332  lgi params:  appid = 881b3d56, work_dir = .  
[2023/03/20 19:16:40 083] lgi        346  auth_time_str=  2023/03/20 19:16:40  
[2023/03/20 19:16:40 083] lgi        352  auth_appid=  881b3d56  
[2023/03/20 19:16:40 083] lgi        363  token:  nil  
[2023/03/20 19:16:40 084] lgi        436  msc cver : 5.0.38.1195  
[2023/03/20 19:16:40 084] lgi        479  ns_enable=  1  
[2023/03/20 19:16:40 084] lgi        491  prot_ver=1  
[2023/03/20 19:16:40 084] lgi        502  prot_type=tcp  
[2023/03/20 19:16:40 087] lgi        653  SYS_MSG_UNLOAD  go bg!  
============================================================
Time  2023/03/20 19:17:37 291 
============================================================
[2023/03/20 19:17:37 291] lgi        644  SYS_MSG_LOAD  
[2023/03/20 19:17:37 296] lgi        666  SYS_MSG_REGCB  msp_status_cb  func(88052ee0) 
[2023/03/20 19:17:37 297] lgi        292  LGI_MSG_INIT  
[2023/03/20 19:17:37 297] lgi        299  lgi  lgi_  268436457  1562576071  
[2023/03/20 19:17:37 297] lgi        332  lgi params:  appid = 881b3d56, work_dir = .  
[2023/03/20 19:17:37 297] lgi        346  auth_time_str=  2023/03/20 19:17:37  
[2023/03/20 19:17:37 297] lgi        352  auth_appid=  881b3d56  
[2023/03/20 19:17:37 297] lgi        363  token:  nil  
[2023/03/20 19:17:37 298] lgi        436  msc cver : 5.0.38.1195  
[2023/03/20 19:17:37 298] lgi        479  ns_enable=  1  
[2023/03/20 19:17:37 298] lgi        491  prot_ver=1  
[2023/03/20 19:17:37 298] lgi        502  prot_type=tcp  
[2023/03/20 19:17:37 299] lgi        653  SYS_MSG_UNLOAD  go bg!  
============================================================
Time  2023/03/20 19:18:27 409 
============================================================
[2023/03/20 19:18:27 409] lgi        644  SYS_MSG_LOAD  
[2023/03/20 19:18:27 421] lgi        666  SYS_MSG_REGCB  msp_status_cb  func(64052ee0) 
[2023/03/20 19:18:27 439] lgi        292  LGI_MSG_INIT  
[2023/03/20 19:18:27 440] lgi        299  lgi  lgi_  268436457  1562576071  
[2023/03/20 19:18:27 445] lgi        332  lgi params:  appid = 881b3d56, work_dir = .  
[2023/03/20 19:18:27 446] lgi        346  auth_time_str=  2023/03/20 19:18:27  
[2023/03/20 19:18:27 446] lgi        352  auth_appid=  881b3d56  
[2023/03/20 19:18:27 446] lgi        363  token:  nil  
[2023/03/20 19:18:27 446] lgi        436  msc cver : 5.0.38.1195  
[2023/03/20 19:18:27 446] lgi        479  ns_enable=  1  
[2023/03/20 19:18:27 446] lgi        491  prot_ver=1  
[2023/03/20 19:18:27 447] lgi        502  prot_type=tcp  
[2023/03/20 19:18:27 453] lgi        653  SYS_MSG_UNLOAD  go bg!  
============================================================
Time  2023/03/20 19:21:56 149 
============================================================
[2023/03/20 19:21:56 149] lgi        644  SYS_MSG_LOAD  
[2023/03/20 19:21:56 154] lgi        666  SYS_MSG_REGCB  msp_status_cb  func(74052ee0) 
[2023/03/20 19:21:56 157] lgi        292  LGI_MSG_INIT  
[2023/03/20 19:21:56 158] lgi        299  lgi  lgi_  268436457  1562576071  
[2023/03/20 19:21:56 159] lgi        332  lgi params:  appid = 881b3d56, work_dir = .  
[2023/03/20 19:21:56 160] lgi        346  auth_time_str=  2023/03/20 19:21:56  
[2023/03/20 19:21:56 160] lgi        352  auth_appid=  881b3d56  
[2023/03/20 19:21:56 161] lgi        363  token:  nil  
[2023/03/20 19:21:56 161] lgi        436  msc cver : 5.0.38.1195  
[2023/03/20 19:21:56 162] lgi        479  ns_enable=  1  
[2023/03/20 19:21:56 163] lgi        491  prot_ver=1  
[2023/03/20 19:21:56 163] lgi        502  prot_type=tcp  
[2023/03/20 19:21:56 165] lgi        653  SYS_MSG_UNLOAD  go bg!  
============================================================
Time  2023/03/20 19:22:07 492 
============================================================
[2023/03/20 19:22:07 492] lgi        644  SYS_MSG_LOAD  
[2023/03/20 19:22:07 497] lgi        666  SYS_MSG_REGCB  msp_status_cb  func(70052ee0) 
[2023/03/20 19:22:07 500] lgi        292  LGI_MSG_INIT  
[2023/03/20 19:22:07 500] lgi        299  lgi  lgi_  268436457  1562576071  
[2023/03/20 19:22:07 502] lgi        332  lgi params:  appid = 881b3d56, work_dir = .  
[2023/03/20 19:22:07 502] lgi        346  auth_time_str=  2023/03/20 19:22:07  
[2023/03/20 19:22:07 503] lgi        352  auth_appid=  881b3d56  
[2023/03/20 19:22:07 503] lgi        363  token:  nil  
[2023/03/20 19:22:07 504] lgi        436  msc cver : 5.0.38.1195  
[2023/03/20 19:22:07 505] lgi        479  ns_enable=  1  
[2023/03/20 19:22:07 505] lgi        491  prot_ver=1  
[2023/03/20 19:22:07 506] lgi        502  prot_type=tcp  
[2023/03/20 19:22:07 508] lgi        653  SYS_MSG_UNLOAD  go bg!  
============================================================
Time  2023/03/20 19:23:01 736 
============================================================
[2023/03/20 19:23:01 736] lgi        644  SYS_MSG_LOAD  
[2023/03/20 19:23:01 738] lgi        666  SYS_MSG_REGCB  msp_status_cb  func(88052ee0) 
[2023/03/20 19:23:01 739] lgi        292  LGI_MSG_INIT  
[2023/03/20 19:23:01 739] lgi        299  lgi  lgi_  268436457  1562576071  
[2023/03/20 19:23:01 739] lgi        332  lgi params:  appid = 881b3d56, work_dir = .  
[2023/03/20 19:23:01 740] lgi        346  auth_time_str=  2023/03/20 19:23:01  
[2023/03/20 19:23:01 740] lgi        352  auth_appid=  881b3d56  
[2023/03/20 19:23:01 740] lgi        363  token:  nil  
[2023/03/20 19:23:01 740] lgi        436  msc cver : 5.0.38.1195  
[2023/03/20 19:23:01 740] lgi        479  ns_enable=  1  
[2023/03/20 19:23:01 740] lgi        491  prot_ver=1  
[2023/03/20 19:23:01 740] lgi        502  prot_type=tcp  
[2023/03/20 19:23:01 744] lgi        653  SYS_MSG_UNLOAD  go bg!  
============================================================
Time  2023/03/20 19:24:01 109 
============================================================
[2023/03/20 19:24:01 110] lgi        644  SYS_MSG_LOAD  
[2023/03/20 19:24:01 178] lgi        666  SYS_MSG_REGCB  msp_status_cb  func(6c052ee0) 
[2023/03/20 19:24:01 179] lgi        292  LGI_MSG_INIT  
[2023/03/20 19:24:01 179] lgi        299  lgi  lgi_  268436457  1562576071  
[2023/03/20 19:24:01 179] lgi        332  lgi params:  appid = 881b3d56, work_dir = .  
[2023/03/20 19:24:01 180] lgi        346  auth_time_str=  2023/03/20 19:24:01  
[2023/03/20 19:24:01 180] lgi        352  auth_appid=  881b3d56  
[2023/03/20 19:24:01 180] lgi        363  token:  nil  
[2023/03/20 19:24:01 180] lgi        436  msc cver : 5.0.38.1195  
[2023/03/20 19:24:01 180] lgi        479  ns_enable=  1  
[2023/03/20 19:24:01 180] lgi        491  prot_ver=1  
[2023/03/20 19:24:01 180] lgi        502  prot_type=tcp  
[2023/03/20 19:24:01 181] lgi        653  SYS_MSG_UNLOAD  go bg!  
============================================================
Time  2023/03/20 19:25:28 086 
============================================================
[2023/03/20 19:25:28 086] lgi        644  SYS_MSG_LOAD  
[2023/03/20 19:25:28 103] lgi        666  SYS_MSG_REGCB  msp_status_cb  func(78052ee0) 
[2023/03/20 19:25:28 111] lgi        292  LGI_MSG_INIT  
[2023/03/20 19:25:28 112] lgi        299  lgi  lgi_  268436457  1562576071  
[2023/03/20 19:25:28 113] lgi        332  lgi params:  appid = 881b3d56, work_dir = .  
[2023/03/20 19:25:28 114] lgi        346  auth_time_str=  2023/03/20 19:25:28  
[2023/03/20 19:25:28 115] lgi        352  auth_appid=  881b3d56  
[2023/03/20 19:25:28 117] lgi        363  token:  nil  
[2023/03/20 19:25:28 117] lgi        436  msc cver : 5.0.38.1195  
[2023/03/20 19:25:28 129] lgi        479  ns_enable=  1  
[2023/03/20 19:25:28 130] lgi        491  prot_ver=1  
[2023/03/20 19:25:28 131] lgi        502  prot_type=tcp  
[2023/03/20 19:25:28 136] lgi        653  SYS_MSG_UNLOAD  go bg!  
============================================================
Time  2023/04/07 16:59:14 634 
============================================================
[2023/04/07 16:59:14 635] lgi        644  SYS_MSG_LOAD  
[2023/04/07 16:59:14 639] lgi        666  SYS_MSG_REGCB  msp_status_cb  func(64053070) 
[2023/04/07 16:59:14 639] lgi        292  LGI_MSG_INIT  
[2023/04/07 16:59:14 639] lgi        299  lgi  lgi_  268436457  1562576071  
[2023/04/07 16:59:14 640] lgi        332  lgi params:  appid = 881b3d56, work_dir = .  
[2023/04/07 16:59:14 640] lgi        346  auth_time_str=  2023/04/07 16:59:14  
[2023/04/07 16:59:14 640] lgi        352  auth_appid=  881b3d56  
[2023/04/07 16:59:14 640] lgi        363  token:  nil  
[2023/04/07 16:59:14 640] lgi        436  msc cver : 5.0.38.1195  
[2023/04/07 16:59:14 640] lgi        479  ns_enable=  1  
[2023/04/07 16:59:14 640] lgi        491  prot_ver=1  
[2023/04/07 16:59:14 640] lgi        502  prot_type=tcp  
[2023/04/07 16:59:14 641] lgi        653  SYS_MSG_UNLOAD  go bg!  
============================================================
Time  2023/05/06 19:34:00 389 
============================================================
[2023/05/06 19:34:00 389] lgi        644  SYS_MSG_LOAD  
[2023/05/06 19:34:00 391] lgi        666  SYS_MSG_REGCB  msp_status_cb  func(7c053070) 
[2023/05/06 19:34:00 392] lgi        292  LGI_MSG_INIT  
[2023/05/06 19:34:00 392] lgi        299  lgi  lgi_  268436457  1562576071  
[2023/05/06 19:34:00 392] lgi        332  lgi params:  appid = 881b3d56, work_dir = .  
[2023/05/06 19:34:00 392] lgi        346  auth_time_str=  2023/05/06 19:34:00  
[2023/05/06 19:34:00 392] lgi        352  auth_appid=  881b3d56  
[2023/05/06 19:34:00 392] lgi        363  token:  nil  
[2023/05/06 19:34:00 393] lgi        436  msc cver : 5.0.38.1195  
[2023/05/06 19:34:00 393] lgi        479  ns_enable=  1  
[2023/05/06 19:34:00 393] lgi        491  prot_ver=1  
[2023/05/06 19:34:00 393] lgi        502  prot_type=tcp  
[2023/05/06 19:34:00 393] lgi        653  SYS_MSG_UNLOAD  go bg!  
============================================================
Time  2023/05/06 19:35:13 155 
============================================================
[2023/05/06 19:35:13 155] lgi        644  SYS_MSG_LOAD  
[2023/05/06 19:35:13 157] lgi        666  SYS_MSG_REGCB  msp_status_cb  func(5c013640) 
[2023/05/06 19:35:13 158] lgi        292  LGI_MSG_INIT  
[2023/05/06 19:35:13 158] lgi        299  lgi  lgi_  268436457  1562576071  
[2023/05/06 19:35:13 158] lgi        332  lgi params:  appid = 881b3d56, work_dir = .  
[2023/05/06 19:35:13 158] lgi        346  auth_time_str=  2023/05/06 19:35:13  
[2023/05/06 19:35:13 158] lgi        352  auth_appid=  881b3d56  
[2023/05/06 19:35:13 158] lgi        363  token:  nil  
[2023/05/06 19:35:13 159] lgi        436  msc cver : 5.0.38.1195  
[2023/05/06 19:35:13 159] lgi        479  ns_enable=  1  
[2023/05/06 19:35:13 159] lgi        491  prot_ver=1  
[2023/05/06 19:35:13 159] lgi        502  prot_type=tcp  
[2023/05/06 19:35:13 159] lgi        653  SYS_MSG_UNLOAD  go bg!  
============================================================
Time  2023/05/06 19:37:07 209 
============================================================
[2023/05/06 19:37:07 209] lgi        644  SYS_MSG_LOAD  
[2023/05/06 19:37:07 211] lgi        666  SYS_MSG_REGCB  msp_status_cb  func(8c053070) 
[2023/05/06 19:37:07 211] lgi        292  LGI_MSG_INIT  
[2023/05/06 19:37:07 211] lgi        299  lgi  lgi_  268436457  1562576071  
[2023/05/06 19:37:07 211] lgi        332  lgi params:  appid = 881b3d56, work_dir = .  
[2023/05/06 19:37:07 211] lgi        346  auth_time_str=  2023/05/06 19:37:07  
[2023/05/06 19:37:07 212] lgi        352  auth_appid=  881b3d56  
[2023/05/06 19:37:07 212] lgi        363  token:  nil  
[2023/05/06 19:37:07 212] lgi        436  msc cver : 5.0.38.1195  
[2023/05/06 19:37:07 212] lgi        479  ns_enable=  1  
[2023/05/06 19:37:07 212] lgi        491  prot_ver=1  
[2023/05/06 19:37:07 212] lgi        502  prot_type=tcp  
[2023/05/06 19:37:07 213] lgi        653  SYS_MSG_UNLOAD  go bg!  
============================================================
Time  2023/05/06 19:38:23 009 
============================================================
[2023/05/06 19:38:23 009] lgi        644  SYS_MSG_LOAD  
[2023/05/06 19:38:23 011] lgi        666  SYS_MSG_REGCB  msp_status_cb  func(58053070) 
[2023/05/06 19:38:23 011] lgi        292  LGI_MSG_INIT  
[2023/05/06 19:38:23 011] lgi        299  lgi  lgi_  268436457  1562576071  
[2023/05/06 19:38:23 011] lgi        332  lgi params:  appid = 881b3d56, work_dir = .  
[2023/05/06 19:38:23 012] lgi        346  auth_time_str=  2023/05/06 19:38:23  
[2023/05/06 19:38:23 012] lgi        352  auth_appid=  881b3d56  
[2023/05/06 19:38:23 012] lgi        363  token:  nil  
[2023/05/06 19:38:23 012] lgi        436  msc cver : 5.0.38.1195  
[2023/05/06 19:38:23 012] lgi        479  ns_enable=  1  
[2023/05/06 19:38:23 012] lgi        491  prot_ver=1  
[2023/05/06 19:38:23 012] lgi        502  prot_type=tcp  
[2023/05/06 19:38:23 013] lgi        653  SYS_MSG_UNLOAD  go bg!  
============================================================
Time  2023/05/06 19:39:54 977 
============================================================
[2023/05/06 19:39:54 977] lgi        644  SYS_MSG_LOAD  
[2023/05/06 19:39:54 979] lgi        666  SYS_MSG_REGCB  msp_status_cb  func(7c013640) 
[2023/05/06 19:39:54 980] lgi        292  LGI_MSG_INIT  
[2023/05/06 19:39:54 980] lgi        299  lgi  lgi_  268436457  1562576071  
[2023/05/06 19:39:54 980] lgi        332  lgi params:  appid = 881b3d56, work_dir = .  
[2023/05/06 19:39:54 980] lgi        346  auth_time_str=  2023/05/06 19:39:54  
[2023/05/06 19:39:54 980] lgi        352  auth_appid=  881b3d56  
[2023/05/06 19:39:54 980] lgi        363  token:  nil  
[2023/05/06 19:39:54 980] lgi        436  msc cver : 5.0.38.1195  
[2023/05/06 19:39:54 981] lgi        479  ns_enable=  1  
[2023/05/06 19:39:54 981] lgi        491  prot_ver=1  
[2023/05/06 19:39:54 981] lgi        502  prot_type=tcp  
[2023/05/06 19:39:54 981] lgi        653  SYS_MSG_UNLOAD  go bg!  
============================================================
Time  2023/05/06 19:40:53 715 
============================================================
[2023/05/06 19:40:53 715] lgi        644  SYS_MSG_LOAD  
[2023/05/06 19:40:53 717] lgi        666  SYS_MSG_REGCB  msp_status_cb  func(70053070) 
[2023/05/06 19:40:53 717] lgi        292  LGI_MSG_INIT  
[2023/05/06 19:40:53 717] lgi        299  lgi  lgi_  268436457  1562576071  
[2023/05/06 19:40:53 718] lgi        332  lgi params:  appid = 881b3d56, work_dir = .  
[2023/05/06 19:40:53 718] lgi        346  auth_time_str=  2023/05/06 19:40:53  
[2023/05/06 19:40:53 718] lgi        352  auth_appid=  881b3d56  
[2023/05/06 19:40:53 718] lgi        363  token:  nil  
[2023/05/06 19:40:53 718] lgi        436  msc cver : 5.0.38.1195  
[2023/05/06 19:40:53 718] lgi        479  ns_enable=  1  
[2023/05/06 19:40:53 718] lgi        491  prot_ver=1  
[2023/05/06 19:40:53 718] lgi        502  prot_type=tcp  
[2023/05/06 19:40:53 719] lgi        653  SYS_MSG_UNLOAD  go bg!  
============================================================
Time  2023/05/06 19:42:36 993 
============================================================
[2023/05/06 19:42:36 993] lgi        644  SYS_MSG_LOAD  
[2023/05/06 19:42:36 995] lgi        666  SYS_MSG_REGCB  msp_status_cb  func(98013640) 
[2023/05/06 19:42:36 995] lgi        292  LGI_MSG_INIT  
[2023/05/06 19:42:36 995] lgi        299  lgi  lgi_  268436457  1562576071  
[2023/05/06 19:42:36 996] lgi        332  lgi params:  appid = 881b3d56, work_dir = .  
[2023/05/06 19:42:36 996] lgi        346  auth_time_str=  2023/05/06 19:42:36  
[2023/05/06 19:42:36 996] lgi        352  auth_appid=  881b3d56  
[2023/05/06 19:42:36 996] lgi        363  token:  nil  
[2023/05/06 19:42:36 996] lgi        436  msc cver : 5.0.38.1195  
[2023/05/06 19:42:36 996] lgi        479  ns_enable=  1  
[2023/05/06 19:42:36 996] lgi        491  prot_ver=1  
[2023/05/06 19:42:36 996] lgi        502  prot_type=tcp  
[2023/05/06 19:42:36 997] lgi        653  SYS_MSG_UNLOAD  go bg!  
============================================================
Time  2023/05/06 19:44:36 008 
============================================================
[2023/05/06 19:44:36 008] lgi        644  SYS_MSG_LOAD  
[2023/05/06 19:44:36 010] lgi        666  SYS_MSG_REGCB  msp_status_cb  func(90053070) 
[2023/05/06 19:44:36 011] lgi        292  LGI_MSG_INIT  
[2023/05/06 19:44:36 011] lgi        299  lgi  lgi_  268436457  1562576071  
[2023/05/06 19:44:36 011] lgi        332  lgi params:  appid = 881b3d56, work_dir = .  
[2023/05/06 19:44:36 011] lgi        346  auth_time_str=  2023/05/06 19:44:36  
[2023/05/06 19:44:36 011] lgi        352  auth_appid=  881b3d56  
[2023/05/06 19:44:36 011] lgi        363  token:  nil  
[2023/05/06 19:44:36 011] lgi        436  msc cver : 5.0.38.1195  
[2023/05/06 19:44:36 012] lgi        479  ns_enable=  1  
[2023/05/06 19:44:36 012] lgi        491  prot_ver=1  
[2023/05/06 19:44:36 012] lgi        502  prot_type=tcp  
[2023/05/06 19:44:36 012] lgi        653  SYS_MSG_UNLOAD  go bg!  
============================================================
Time  2023/05/06 19:46:43 854 
============================================================
[2023/05/06 19:46:43 854] lgi        644  SYS_MSG_LOAD  
[2023/05/06 19:46:43 856] lgi        666  SYS_MSG_REGCB  msp_status_cb  func(80013640) 
[2023/05/06 19:46:43 857] lgi        292  LGI_MSG_INIT  
[2023/05/06 19:46:43 857] lgi        299  lgi  lgi_  268436457  1562576071  
[2023/05/06 19:46:43 857] lgi        332  lgi params:  appid = 881b3d56, work_dir = .  
[2023/05/06 19:46:43 857] lgi        346  auth_time_str=  2023/05/06 19:46:43  
[2023/05/06 19:46:43 857] lgi        352  auth_appid=  881b3d56  
[2023/05/06 19:46:43 857] lgi        363  token:  nil  
[2023/05/06 19:46:43 858] lgi        436  msc cver : 5.0.38.1195  
[2023/05/06 19:46:43 858] lgi        479  ns_enable=  1  
[2023/05/06 19:46:43 858] lgi        491  prot_ver=1  
[2023/05/06 19:46:43 858] lgi        502  prot_type=tcp  
[2023/05/06 19:46:43 858] lgi        653  SYS_MSG_UNLOAD  go bg!  
============================================================
Time  2023/05/06 19:48:02 300 
============================================================
[2023/05/06 19:48:02 300] lgi        644  SYS_MSG_LOAD  
[2023/05/06 19:48:02 302] lgi        666  SYS_MSG_REGCB  msp_status_cb  func(64013640) 
[2023/05/06 19:48:02 302] lgi        292  LGI_MSG_INIT  
[2023/05/06 19:48:02 303] lgi        299  lgi  lgi_  268436457  1562576071  
[2023/05/06 19:48:02 303] lgi        332  lgi params:  appid = 881b3d56, work_dir = .  
[2023/05/06 19:48:02 303] lgi        346  auth_time_str=  2023/05/06 19:48:02  
[2023/05/06 19:48:02 303] lgi        352  auth_appid=  881b3d56  
[2023/05/06 19:48:02 303] lgi        363  token:  nil  
[2023/05/06 19:48:02 303] lgi        436  msc cver : 5.0.38.1195  
[2023/05/06 19:48:02 303] lgi        479  ns_enable=  1  
[2023/05/06 19:48:02 303] lgi        491  prot_ver=1  
[2023/05/06 19:48:02 304] lgi        502  prot_type=tcp  
[2023/05/06 19:48:02 304] lgi        653  SYS_MSG_UNLOAD  go bg!  
============================================================
Time  2023/05/06 19:49:25 757 
============================================================
[2023/05/06 19:49:25 757] lgi        644  SYS_MSG_LOAD  
[2023/05/06 19:49:25 759] lgi        666  SYS_MSG_REGCB  msp_status_cb  func(88013640) 
[2023/05/06 19:49:25 760] lgi        292  LGI_MSG_INIT  
[2023/05/06 19:49:25 760] lgi        299  lgi  lgi_  268436457  1562576071  
[2023/05/06 19:49:25 760] lgi        332  lgi params:  appid = 881b3d56, work_dir = .  
[2023/05/06 19:49:25 760] lgi        346  auth_time_str=  2023/05/06 19:49:25  
[2023/05/06 19:49:25 760] lgi        352  auth_appid=  881b3d56  
[2023/05/06 19:49:25 760] lgi        363  token:  nil  
[2023/05/06 19:49:25 761] lgi        436  msc cver : 5.0.38.1195  
[2023/05/06 19:49:25 761] lgi        479  ns_enable=  1  
[2023/05/06 19:49:25 761] lgi        491  prot_ver=1  
[2023/05/06 19:49:25 761] lgi        502  prot_type=tcp  
[2023/05/06 19:49:25 761] lgi        653  SYS_MSG_UNLOAD  go bg!  
============================================================
Time  2023/05/06 19:50:26 394 
============================================================
[2023/05/06 19:50:26 394] lgi        644  SYS_MSG_LOAD  
[2023/05/06 19:50:26 396] lgi        666  SYS_MSG_REGCB  msp_status_cb  func(58053070) 
[2023/05/06 19:50:26 397] lgi        292  LGI_MSG_INIT  
[2023/05/06 19:50:26 397] lgi        299  lgi  lgi_  268436457  1562576071  
[2023/05/06 19:50:26 397] lgi        332  lgi params:  appid = 881b3d56, work_dir = .  
[2023/05/06 19:50:26 397] lgi        346  auth_time_str=  2023/05/06 19:50:26  
[2023/05/06 19:50:26 398] lgi        352  auth_appid=  881b3d56  
[2023/05/06 19:50:26 398] lgi        363  token:  nil  
[2023/05/06 19:50:26 398] lgi        436  msc cver : 5.0.38.1195  
[2023/05/06 19:50:26 398] lgi        479  ns_enable=  1  
[2023/05/06 19:50:26 398] lgi        491  prot_ver=1  
[2023/05/06 19:50:26 398] lgi        502  prot_type=tcp  
[2023/05/06 19:50:26 399] lgi        653  SYS_MSG_UNLOAD  go bg!  
============================================================
Time  2023/05/06 19:51:20 892 
============================================================
[2023/05/06 19:51:20 892] lgi        644  SYS_MSG_LOAD  
[2023/05/06 19:51:20 894] lgi        666  SYS_MSG_REGCB  msp_status_cb  func(64013640) 
[2023/05/06 19:51:20 894] lgi        292  LGI_MSG_INIT  
[2023/05/06 19:51:20 894] lgi        299  lgi  lgi_  268436457  1562576071  
[2023/05/06 19:51:20 895] lgi        332  lgi params:  appid = 881b3d56, work_dir = .  
[2023/05/06 19:51:20 895] lgi        346  auth_time_str=  2023/05/06 19:51:20  
[2023/05/06 19:51:20 895] lgi        352  auth_appid=  881b3d56  
[2023/05/06 19:51:20 895] lgi        363  token:  nil  
[2023/05/06 19:51:20 895] lgi        436  msc cver : 5.0.38.1195  
[2023/05/06 19:51:20 895] lgi        479  ns_enable=  1  
[2023/05/06 19:51:20 895] lgi        491  prot_ver=1  
[2023/05/06 19:51:20 895] lgi        502  prot_type=tcp  
[2023/05/06 19:51:20 896] lgi        653  SYS_MSG_UNLOAD  go bg!  
============================================================
Time  2023/05/06 19:55:53 120 
============================================================
[2023/05/06 19:55:53 120] lgi        644  SYS_MSG_LOAD  
[2023/05/06 19:55:53 122] lgi        666  SYS_MSG_REGCB  msp_status_cb  func(58053070) 
[2023/05/06 19:55:53 122] lgi        292  LGI_MSG_INIT  
[2023/05/06 19:55:53 122] lgi        299  lgi  lgi_  268436457  1562576071  
[2023/05/06 19:55:53 123] lgi        332  lgi params:  appid = 881b3d56, work_dir = .  
[2023/05/06 19:55:53 123] lgi        346  auth_time_str=  2023/05/06 19:55:53  
[2023/05/06 19:55:53 123] lgi        352  auth_appid=  881b3d56  
[2023/05/06 19:55:53 123] lgi        363  token:  nil  
[2023/05/06 19:55:53 123] lgi        436  msc cver : 5.0.38.1195  
[2023/05/06 19:55:53 123] lgi        479  ns_enable=  1  
[2023/05/06 19:55:53 123] lgi        491  prot_ver=1  
[2023/05/06 19:55:53 123] lgi        502  prot_type=tcp  
[2023/05/06 19:55:53 124] lgi        653  SYS_MSG_UNLOAD  go bg!  
============================================================
Time  2023/05/06 20:04:32 340 
============================================================
[2023/05/06 20:04:32 340] lgi        644  SYS_MSG_LOAD  
[2023/05/06 20:04:32 342] lgi        666  SYS_MSG_REGCB  msp_status_cb  func(58053070) 
[2023/05/06 20:04:32 343] lgi        292  LGI_MSG_INIT  
[2023/05/06 20:04:32 343] lgi        299  lgi  lgi_  268436457  1562576071  
[2023/05/06 20:04:32 343] lgi        332  lgi params:  appid = 881b3d56, work_dir = .  
[2023/05/06 20:04:32 343] lgi        346  auth_time_str=  2023/05/06 20:04:32  
[2023/05/06 20:04:32 343] lgi        352  auth_appid=  881b3d56  
[2023/05/06 20:04:32 343] lgi        363  token:  nil  
[2023/05/06 20:04:32 343] lgi        436  msc cver : 5.0.38.1195  
[2023/05/06 20:04:32 343] lgi        479  ns_enable=  1  
[2023/05/06 20:04:32 344] lgi        491  prot_ver=1  
[2023/05/06 20:04:32 344] lgi        502  prot_type=tcp  
[2023/05/06 20:04:32 344] lgi        653  SYS_MSG_UNLOAD  go bg!  
============================================================
Time  2023/05/06 20:05:31 112 
============================================================
[2023/05/06 20:05:31 112] lgi        644  SYS_MSG_LOAD  
[2023/05/06 20:05:31 114] lgi        666  SYS_MSG_REGCB  msp_status_cb  func(8c013640) 
[2023/05/06 20:05:31 114] lgi        292  LGI_MSG_INIT  
[2023/05/06 20:05:31 114] lgi        299  lgi  lgi_  268436457  1562576071  
[2023/05/06 20:05:31 115] lgi        332  lgi params:  appid = 881b3d56, work_dir = .  
[2023/05/06 20:05:31 115] lgi        346  auth_time_str=  2023/05/06 20:05:31  
[2023/05/06 20:05:31 115] lgi        352  auth_appid=  881b3d56  
[2023/05/06 20:05:31 115] lgi        363  token:  nil  
[2023/05/06 20:05:31 115] lgi        436  msc cver : 5.0.38.1195  
[2023/05/06 20:05:31 115] lgi        479  ns_enable=  1  
[2023/05/06 20:05:31 115] lgi        491  prot_ver=1  
[2023/05/06 20:05:31 115] lgi        502  prot_type=tcp  
[2023/05/06 20:05:31 116] lgi        653  SYS_MSG_UNLOAD  go bg!  
============================================================
Time  2023/05/06 20:06:59 107 
============================================================
[2023/05/06 20:06:59 108] lgi        644  SYS_MSG_LOAD  
[2023/05/06 20:06:59 110] lgi        666  SYS_MSG_REGCB  msp_status_cb  func(98053070) 
[2023/05/06 20:06:59 110] lgi        292  LGI_MSG_INIT  
[2023/05/06 20:06:59 110] lgi        299  lgi  lgi_  268436457  1562576071  
[2023/05/06 20:06:59 110] lgi        332  lgi params:  appid = 881b3d56, work_dir = .  
[2023/05/06 20:06:59 110] lgi        346  auth_time_str=  2023/05/06 20:06:59  
[2023/05/06 20:06:59 111] lgi        352  auth_appid=  881b3d56  
[2023/05/06 20:06:59 111] lgi        363  token:  nil  
[2023/05/06 20:06:59 111] lgi        436  msc cver : 5.0.38.1195  
[2023/05/06 20:06:59 111] lgi        479  ns_enable=  1  
[2023/05/06 20:06:59 111] lgi        491  prot_ver=1  
[2023/05/06 20:06:59 111] lgi        502  prot_type=tcp  
[2023/05/06 20:06:59 112] lgi        653  SYS_MSG_UNLOAD  go bg!  
============================================================
Time  2023/05/06 20:07:30 768 
============================================================
[2023/05/06 20:07:30 768] lgi        644  SYS_MSG_LOAD  
[2023/05/06 20:07:30 770] lgi        666  SYS_MSG_REGCB  msp_status_cb  func(80053070) 
[2023/05/06 20:07:30 770] lgi        292  LGI_MSG_INIT  
[2023/05/06 20:07:30 770] lgi        299  lgi  lgi_  268436457  1562576071  
[2023/05/06 20:07:30 771] lgi        332  lgi params:  appid = 881b3d56, work_dir = .  
[2023/05/06 20:07:30 771] lgi        346  auth_time_str=  2023/05/06 20:07:30  
[2023/05/06 20:07:30 771] lgi        352  auth_appid=  881b3d56  
[2023/05/06 20:07:30 771] lgi        363  token:  nil  
[2023/05/06 20:07:30 771] lgi        436  msc cver : 5.0.38.1195  
[2023/05/06 20:07:30 771] lgi        479  ns_enable=  1  
[2023/05/06 20:07:30 771] lgi        491  prot_ver=1  
[2023/05/06 20:07:30 771] lgi        502  prot_type=tcp  
[2023/05/06 20:07:30 772] lgi        653  SYS_MSG_UNLOAD  go bg!  
============================================================
Time  2023/05/06 20:08:05 801 
============================================================
[2023/05/06 20:08:05 801] lgi        644  SYS_MSG_LOAD  
[2023/05/06 20:08:05 803] lgi        666  SYS_MSG_REGCB  msp_status_cb  func(80053070) 
[2023/05/06 20:08:05 804] lgi        292  LGI_MSG_INIT  
[2023/05/06 20:08:05 804] lgi        299  lgi  lgi_  268436457  1562576071  
[2023/05/06 20:08:05 804] lgi        332  lgi params:  appid = 881b3d56, work_dir = .  
[2023/05/06 20:08:05 804] lgi        346  auth_time_str=  2023/05/06 20:08:05  
[2023/05/06 20:08:05 804] lgi        352  auth_appid=  881b3d56  
[2023/05/06 20:08:05 804] lgi        363  token:  nil  
[2023/05/06 20:08:05 804] lgi        436  msc cver : 5.0.38.1195  
[2023/05/06 20:08:05 804] lgi        479  ns_enable=  1  
[2023/05/06 20:08:05 805] lgi        491  prot_ver=1  
[2023/05/06 20:08:05 805] lgi        502  prot_type=tcp  
[2023/05/06 20:08:05 805] lgi        653  SYS_MSG_UNLOAD  go bg!  
============================================================
Time  2023/05/06 20:08:46 986 
============================================================
[2023/05/06 20:08:46 986] lgi        644  SYS_MSG_LOAD  
[2023/05/06 20:08:46 988] lgi        666  SYS_MSG_REGCB  msp_status_cb  func(8c053070) 
[2023/05/06 20:08:46 989] lgi        292  LGI_MSG_INIT  
[2023/05/06 20:08:46 989] lgi        299  lgi  lgi_  268436457  1562576071  
[2023/05/06 20:08:46 989] lgi        332  lgi params:  appid = 881b3d56, work_dir = .  
[2023/05/06 20:08:46 989] lgi        346  auth_time_str=  2023/05/06 20:08:46  
[2023/05/06 20:08:46 990] lgi        352  auth_appid=  881b3d56  
[2023/05/06 20:08:46 990] lgi        363  token:  nil  
[2023/05/06 20:08:46 990] lgi        436  msc cver : 5.0.38.1195  
[2023/05/06 20:08:46 990] lgi        479  ns_enable=  1  
[2023/05/06 20:08:46 990] lgi        491  prot_ver=1  
[2023/05/06 20:08:46 990] lgi        502  prot_type=tcp  
[2023/05/06 20:08:46 991] lgi        653  SYS_MSG_UNLOAD  go bg!  
============================================================
Time  2023/05/06 20:09:19 547 
============================================================
[2023/05/06 20:09:19 547] lgi        644  SYS_MSG_LOAD  
[2023/05/06 20:09:19 549] lgi        666  SYS_MSG_REGCB  msp_status_cb  func(88013850) 
[2023/05/06 20:09:19 549] lgi        292  LGI_MSG_INIT  
[2023/05/06 20:09:19 550] lgi        299  lgi  lgi_  268436457  1562576071  
[2023/05/06 20:09:19 550] lgi        332  lgi params:  appid = 881b3d56, work_dir = .  
[2023/05/06 20:09:19 550] lgi        346  auth_time_str=  2023/05/06 20:09:19  
[2023/05/06 20:09:19 550] lgi        352  auth_appid=  881b3d56  
[2023/05/06 20:09:19 550] lgi        363  token:  nil  
[2023/05/06 20:09:19 550] lgi        436  msc cver : 5.0.38.1195  
[2023/05/06 20:09:19 550] lgi        479  ns_enable=  1  
[2023/05/06 20:09:19 550] lgi        491  prot_ver=1  
[2023/05/06 20:09:19 551] lgi        502  prot_type=tcp  
[2023/05/06 20:09:19 551] lgi        653  SYS_MSG_UNLOAD  go bg!  
============================================================
Time  2023/05/06 20:09:49 273 
============================================================
[2023/05/06 20:09:49 273] lgi        644  SYS_MSG_LOAD  
[2023/05/06 20:09:49 275] lgi        666  SYS_MSG_REGCB  msp_status_cb  func(74052f10) 
[2023/05/06 20:09:49 276] lgi        292  LGI_MSG_INIT  
[2023/05/06 20:09:49 276] lgi        299  lgi  lgi_  268436457  1562576071  
[2023/05/06 20:09:49 276] lgi        332  lgi params:  appid = 881b3d56, work_dir = .  
[2023/05/06 20:09:49 276] lgi        346  auth_time_str=  2023/05/06 20:09:49  
[2023/05/06 20:09:49 276] lgi        352  auth_appid=  881b3d56  
[2023/05/06 20:09:49 276] lgi        363  token:  nil  
[2023/05/06 20:09:49 276] lgi        436  msc cver : 5.0.38.1195  
[2023/05/06 20:09:49 277] lgi        479  ns_enable=  1  
[2023/05/06 20:09:49 277] lgi        491  prot_ver=1  
[2023/05/06 20:09:49 277] lgi        502  prot_type=tcp  
[2023/05/06 20:09:49 277] lgi        653  SYS_MSG_UNLOAD  go bg!  
============================================================
Time  2023/05/06 20:10:23 013 
============================================================
[2023/05/06 20:10:23 013] lgi        644  SYS_MSG_LOAD  
[2023/05/06 20:10:23 015] lgi        666  SYS_MSG_REGCB  msp_status_cb  func(60053070) 
[2023/05/06 20:10:23 015] lgi        292  LGI_MSG_INIT  
[2023/05/06 20:10:23 016] lgi        299  lgi  lgi_  268436457  1562576071  
[2023/05/06 20:10:23 016] lgi        332  lgi params:  appid = 881b3d56, work_dir = .  
[2023/05/06 20:10:23 016] lgi        346  auth_time_str=  2023/05/06 20:10:23  
[2023/05/06 20:10:23 016] lgi        352  auth_appid=  881b3d56  
[2023/05/06 20:10:23 016] lgi        363  token:  nil  
[2023/05/06 20:10:23 016] lgi        436  msc cver : 5.0.38.1195  
[2023/05/06 20:10:23 016] lgi        479  ns_enable=  1  
[2023/05/06 20:10:23 016] lgi        491  prot_ver=1  
[2023/05/06 20:10:23 017] lgi        502  prot_type=tcp  
[2023/05/06 20:10:23 017] lgi        653  SYS_MSG_UNLOAD  go bg!  
============================================================
Time  2023/05/06 20:10:53 745 
============================================================
[2023/05/06 20:10:53 745] lgi        644  SYS_MSG_LOAD  
[2023/05/06 20:10:53 747] lgi        666  SYS_MSG_REGCB  msp_status_cb  func(70053070) 
[2023/05/06 20:10:53 748] lgi        292  LGI_MSG_INIT  
[2023/05/06 20:10:53 748] lgi        299  lgi  lgi_  268436457  1562576071  
[2023/05/06 20:10:53 748] lgi        332  lgi params:  appid = 881b3d56, work_dir = .  
[2023/05/06 20:10:53 748] lgi        346  auth_time_str=  2023/05/06 20:10:53  
[2023/05/06 20:10:53 748] lgi        352  auth_appid=  881b3d56  
[2023/05/06 20:10:53 749] lgi        363  token:  nil  
[2023/05/06 20:10:53 749] lgi        436  msc cver : 5.0.38.1195  
[2023/05/06 20:10:53 749] lgi        479  ns_enable=  1  
[2023/05/06 20:10:53 749] lgi        491  prot_ver=1  
[2023/05/06 20:10:53 749] lgi        502  prot_type=tcp  
[2023/05/06 20:10:53 750] lgi        653  SYS_MSG_UNLOAD  go bg!  
============================================================
Time  2023/05/06 20:11:23 969 
============================================================
[2023/05/06 20:11:23 969] lgi        644  SYS_MSG_LOAD  
[2023/05/06 20:11:23 971] lgi        666  SYS_MSG_REGCB  msp_status_cb  func(7c013600) 
[2023/05/06 20:11:23 972] lgi        292  LGI_MSG_INIT  
[2023/05/06 20:11:23 972] lgi        299  lgi  lgi_  268436457  1562576071  
[2023/05/06 20:11:23 972] lgi        332  lgi params:  appid = 881b3d56, work_dir = .  
[2023/05/06 20:11:23 972] lgi        346  auth_time_str=  2023/05/06 20:11:23  
[2023/05/06 20:11:23 972] lgi        352  auth_appid=  881b3d56  
[2023/05/06 20:11:23 972] lgi        363  token:  nil  
[2023/05/06 20:11:23 972] lgi        436  msc cver : 5.0.38.1195  
[2023/05/06 20:11:23 972] lgi        479  ns_enable=  1  
[2023/05/06 20:11:23 973] lgi        491  prot_ver=1  
[2023/05/06 20:11:23 973] lgi        502  prot_type=tcp  
[2023/05/06 20:11:23 973] lgi        653  SYS_MSG_UNLOAD  go bg!  
